[rospy.client][INFO] 2025-08-19 14:24:01,757: init_node, name[/rosapi], pid[3261]
[xmlrpc][INFO] 2025-08-19 14:24:01,759: XML-RPC server binding to 127.0.0.1:0
[xmlrpc][INFO] 2025-08-19 14:24:01,761: Started XML-RPC server [http://localhost:36233/]
[rospy.init][INFO] 2025-08-19 14:24:01,762: ROS Slave URI: [http://localhost:36233/]
[rospy.impl.masterslave][INFO] 2025-08-19 14:24:01,763: _ready: http://localhost:36233/
[rospy.registration][INFO] 2025-08-19 14:24:01,766: Registering with master node http://localhost:11311
[xmlrpc][INFO] 2025-08-19 14:24:01,766: xml rpc node: starting XML-RPC server
[rospy.init][INFO] 2025-08-19 14:24:01,864: registered with master
[rospy.rosout][INFO] 2025-08-19 14:24:01,865: initializing /rosout core topic
[rospy.rosout][INFO] 2025-08-19 14:24:01,878: connected to core topic /rosout
[rospy.simtime][INFO] 2025-08-19 14:24:01,882: /use_sim_time is not set, will not subscribe to simulated time [/clock] topic
[rosout][INFO] 2025-08-19 14:24:01,997: Rosapi started
[rospy.internal][INFO] 2025-08-19 14:24:02,163: topic[/rosout] adding connection to [/rosout], count 0
[rospy.core][INFO] 2025-08-19 14:27:10,110: signal_shutdown [signal-2]
[rospy.internal][INFO] 2025-08-19 14:27:10,154: topic[/rosout] removing connection to /rosout
[rospy.impl.masterslave][INFO] 2025-08-19 14:27:10,154: signal-2
[rospy.core][INFO] 2025-08-19 14:27:10,712: signal_shutdown [atexit]
[rospy.client][INFO] 2025-08-19 14:32:46,303: init_node, name[/rosapi], pid[3722]
[xmlrpc][INFO] 2025-08-19 14:32:46,305: XML-RPC server binding to 0.0.0.0:0
[xmlrpc][INFO] 2025-08-19 14:32:46,306: Started XML-RPC server [http://10.176.33.207:43015/]
[rospy.impl.masterslave][INFO] 2025-08-19 14:32:46,308: _ready: http://10.176.33.207:43015/
[rospy.init][INFO] 2025-08-19 14:32:46,307: ROS Slave URI: [http://10.176.33.207:43015/]
[xmlrpc][INFO] 2025-08-19 14:32:46,311: xml rpc node: starting XML-RPC server
[rospy.registration][INFO] 2025-08-19 14:32:46,310: Registering with master node http://localhost:11311/
[rospy.init][INFO] 2025-08-19 14:32:46,411: registered with master
[rospy.rosout][INFO] 2025-08-19 14:32:46,412: initializing /rosout core topic
[rospy.rosout][INFO] 2025-08-19 14:32:46,430: connected to core topic /rosout
[rospy.simtime][INFO] 2025-08-19 14:32:46,435: /use_sim_time is not set, will not subscribe to simulated time [/clock] topic
[rosout][INFO] 2025-08-19 14:32:46,564: Rosapi started
[rospy.internal][INFO] 2025-08-19 14:32:46,731: topic[/rosout] adding connection to [/rosout], count 0
[rospy.client][INFO] 2025-08-19 14:33:02,736: init_node, name[/rosapi], pid[3800]
[xmlrpc][INFO] 2025-08-19 14:33:02,737: XML-RPC server binding to 127.0.0.1:0
[xmlrpc][INFO] 2025-08-19 14:33:02,739: Started XML-RPC server [http://localhost:37947/]
[rospy.init][INFO] 2025-08-19 14:33:02,740: ROS Slave URI: [http://localhost:37947/]
[rospy.impl.masterslave][INFO] 2025-08-19 14:33:02,741: _ready: http://localhost:37947/
[rospy.registration][INFO] 2025-08-19 14:33:02,744: Registering with master node http://localhost:11311
[xmlrpc][INFO] 2025-08-19 14:33:02,744: xml rpc node: starting XML-RPC server
[rospy.init][INFO] 2025-08-19 14:33:02,842: registered with master
[rospy.rosout][INFO] 2025-08-19 14:33:02,843: initializing /rosout core topic
[rospy.rosout][INFO] 2025-08-19 14:33:02,884: connected to core topic /rosout
[rospy.simtime][INFO] 2025-08-19 14:33:02,889: /use_sim_time is not set, will not subscribe to simulated time [/clock] topic
[rospy.impl.masterslave][INFO] 2025-08-19 14:33:02,897: external shutdown request from [/master]: [/rosapi] Reason: new node registered with same name
[rospy.core][INFO] 2025-08-19 14:33:02,898: signal_shutdown [external shutdown request from [/master]: [[/rosapi] Reason: new node registered with same name]]
[rospy.internal][INFO] 2025-08-19 14:33:02,900: topic[/rosout] removing connection to /rosout
[rosout][INFO] 2025-08-19 14:33:03,027: Rosapi started
[rospy.core][INFO] 2025-08-19 14:33:03,086: signal_shutdown [atexit]
[rospy.internal][INFO] 2025-08-19 14:33:03,108: topic[/rosout] adding connection to [/rosout], count 0
