[rospy.client][INFO] 2025-08-11 14:57:22,405: init_node, name[/kelpie], pid[1879]
[xmlrpc][INFO] 2025-08-11 14:57:22,407: XML-RPC server binding to 127.0.0.1:0
[xmlrpc][INFO] 2025-08-11 14:57:22,409: Started XML-RPC server [http://localhost:36777/]
[rospy.init][INFO] 2025-08-11 14:57:22,409: ROS Slave URI: [http://localhost:36777/]
[rospy.impl.masterslave][INFO] 2025-08-11 14:57:22,410: _ready: http://localhost:36777/
[rospy.registration][INFO] 2025-08-11 14:57:22,413: Registering with master node http://localhost:11311
[xmlrpc][INFO] 2025-08-11 14:57:22,413: xml rpc node: starting XML-RPC server
[rospy.init][INFO] 2025-08-11 14:57:22,511: registered with master
[rospy.rosout][INFO] 2025-08-11 14:57:22,511: initializing /rosout core topic
[rospy.rosout][INFO] 2025-08-11 14:57:22,523: connected to core topic /rosout
[rospy.simtime][INFO] 2025-08-11 14:57:22,526: /use_sim_time is not set, will not subscribe to simulated time [/clock] topic
[rosout][INFO] 2025-08-11 14:57:22,562: Creating input listener...
[rosout][INFO] 2025-08-11 14:57:22,574: Input listener successfully initialised... Robot will now receive commands via Joy messages
[rosout][INFO] 2025-08-11 14:57:22,581: Summary of current gait parameters:
[rosout][INFO] 2025-08-11 14:57:22,587: overlap time: 0.04
[rosout][INFO] 2025-08-11 14:57:22,592: swing time: 0.07
[rosout][INFO] 2025-08-11 14:57:22,599: z clearance: 0.08
[rosout][INFO] 2025-08-11 14:57:22,608: back leg x shift: 0.00
[rosout][INFO] 2025-08-11 14:57:22,620: front leg x shift: 0.05
[rosout][INFO] 2025-08-11 14:57:22,627: Manual robot control active. Currently not accepting external commands
[rospy.internal][INFO] 2025-08-11 14:57:22,872: topic[/rosout] adding connection to [/rosout], count 0
[rospy.internal][INFO] 2025-08-11 14:57:23,203: topic[/kelpie/battery/voltage] adding connection to [http://localhost:37463/], count 0
[rospy.internal][INFO] 2025-08-11 14:57:23,209: topic[/kelpie/leg_control/currents] adding connection to [http://localhost:37463/], count 0
[rospy.internal][INFO] 2025-08-11 14:57:23,267: topic[/kelpie/imu] adding connection to [http://localhost:37463/], count 0
[rospy.internal][INFO] 2025-08-11 14:57:23,377: topic[/kelpie/leg_control/joint_states] adding connection to [/hardware], count 0
[rospy.internal][INFO] 2025-08-11 14:57:23,451: topic[/kelpie/command_input] adding connection to [http://localhost:37463/], count 0
[rospy.internal][INFO] 2025-08-11 14:57:34,332: topic[/kelpie/leg_control/currents] removing connection to http://localhost:37463/
[rospy.internal][INFO] 2025-08-11 14:57:34,333: topic[/kelpie/imu] removing connection to http://localhost:37463/
[rospy.internal][INFO] 2025-08-11 14:57:34,334: topic[/kelpie/battery/voltage] removing connection to http://localhost:37463/
[rospy.internal][INFO] 2025-08-11 14:57:34,335: topic[/kelpie/command_input] removing connection to http://localhost:37463/
[rospy.internal][INFO] 2025-08-11 14:57:34,615: topic[/kelpie/leg_control/joint_states] removing connection to /hardware
[rospy.core][INFO] 2025-08-11 14:57:49,337: signal_shutdown [signal-15]
[rospy.internal][INFO] 2025-08-11 14:57:49,344: topic[/rosout] removing connection to /rosout
[rospy.impl.masterslave][INFO] 2025-08-11 14:57:49,345: signal-15
