[rosmaster.main][INFO] 2025-08-11 14:57:20,687: initialization complete, waiting for shutdown
[rosmaster.main][INFO] 2025-08-11 14:57:20,687: Starting ROS Master Node
[xmlrpc][INFO] 2025-08-11 14:57:20,689: XML-RPC server binding to 127.0.0.1:11311
[xmlrpc][INFO] 2025-08-11 14:57:20,689: Started XML-RPC server [http://localhost:11311/]
[rosmaster.master][INFO] 2025-08-11 14:57:20,690: Master initialized: port[11311], uri[http://localhost:11311/]
[xmlrpc][INFO] 2025-08-11 14:57:20,690: xml rpc node: starting XML-RPC server
[rosmaster.master][INFO] 2025-08-11 14:57:20,712: +PARAM [/run_id] by /roslaunch
[rosmaster.master][INFO] 2025-08-11 14:57:20,715: +PARAM [/roslaunch/uris/host_localhost__38315] by /roslaunch
[rosmaster.master][INFO] 2025-08-11 14:57:20,850: +PARAM [/rosversion] by /roslaunch
[rosmaster.master][INFO] 2025-08-11 14:57:20,850: +PARAM [/rosdistro] by /roslaunch
[rosmaster.master][INFO] 2025-08-11 14:57:20,851: +PARAM [/rosbridge_websocket/authenticate] by /roslaunch
[rosmaster.master][INFO] 2025-08-11 14:57:20,851: +PARAM [/rosbridge_websocket/port] by /roslaunch
[rosmaster.master][INFO] 2025-08-11 14:57:20,851: +PARAM [/rosbridge_websocket/address] by /roslaunch
[rosmaster.master][INFO] 2025-08-11 14:57:20,851: +PARAM [/rosbridge_websocket/retry_startup_delay] by /roslaunch
[rosmaster.master][INFO] 2025-08-11 14:57:20,852: +PARAM [/rosbridge_websocket/fragment_timeout] by /roslaunch
[rosmaster.master][INFO] 2025-08-11 14:57:20,852: +PARAM [/rosbridge_websocket/delay_between_messages] by /roslaunch
[rosmaster.master][INFO] 2025-08-11 14:57:20,852: +PARAM [/rosbridge_websocket/max_message_size] by /roslaunch
[rosmaster.master][INFO] 2025-08-11 14:57:20,852: +PARAM [/rosbridge_websocket/unregister_timeout] by /roslaunch
[rosmaster.master][INFO] 2025-08-11 14:57:20,852: +PARAM [/rosbridge_websocket/use_compression] by /roslaunch
[rosmaster.master][INFO] 2025-08-11 14:57:20,853: +PARAM [/rosbridge_websocket/websocket_ping_interval] by /roslaunch
[rosmaster.master][INFO] 2025-08-11 14:57:20,853: +PARAM [/rosbridge_websocket/websocket_ping_timeout] by /roslaunch
[rosmaster.master][INFO] 2025-08-11 14:57:20,853: +PARAM [/rosbridge_websocket/websocket_external_port] by /roslaunch
[rosmaster.master][INFO] 2025-08-11 14:57:20,853: +PARAM [/rosbridge_websocket/topics_glob] by /roslaunch
[rosmaster.master][INFO] 2025-08-11 14:57:20,854: +PARAM [/rosbridge_websocket/services_glob] by /roslaunch
[rosmaster.master][INFO] 2025-08-11 14:57:20,854: +PARAM [/rosbridge_websocket/params_glob] by /roslaunch
[rosmaster.master][INFO] 2025-08-11 14:57:20,854: +PARAM [/rosbridge_websocket/bson_only_mode] by /roslaunch
[rosmaster.master][INFO] 2025-08-11 14:57:20,854: +PARAM [/rosapi/topics_glob] by /roslaunch
[rosmaster.master][INFO] 2025-08-11 14:57:20,855: +PARAM [/rosapi/services_glob] by /roslaunch
[rosmaster.master][INFO] 2025-08-11 14:57:20,855: +PARAM [/rosapi/params_glob] by /roslaunch
[rosmaster.master][INFO] 2025-08-11 14:57:20,861: +SERVICE [/rosout/get_loggers] /rosout http://localhost:46567/
[rosmaster.master][INFO] 2025-08-11 14:57:20,864: +SERVICE [/rosout/set_logger_level] /rosout http://localhost:46567/
[rosmaster.master][INFO] 2025-08-11 14:57:20,870: +PUB [/rosout_agg] /rosout http://localhost:46567/
[rosmaster.master][INFO] 2025-08-11 14:57:20,882: +SUB [/rosout] /rosout http://localhost:46567/
[rosmaster.master][INFO] 2025-08-11 14:57:22,521: +PUB [/rosout] /kelpie http://localhost:36777/
[rosmaster.master][INFO] 2025-08-11 14:57:22,523: +PUB [/rosout] /rosapi http://localhost:34497/
[rosmaster.master][INFO] 2025-08-11 14:57:22,529: +SERVICE [/kelpie/get_loggers] /kelpie http://localhost:36777/
[rosmaster.master][INFO] 2025-08-11 14:57:22,531: +SERVICE [/rosapi/get_loggers] /rosapi http://localhost:34497/
[rosmaster.master][INFO] 2025-08-11 14:57:22,533: +SERVICE [/kelpie/set_logger_level] /kelpie http://localhost:36777/
[rosmaster.master][INFO] 2025-08-11 14:57:22,534: +SERVICE [/rosapi/set_logger_level] /rosapi http://localhost:34497/
[rosmaster.master][INFO] 2025-08-11 14:57:22,539: +SUB [/kelpie/imu] /kelpie http://localhost:36777/
[rosmaster.master][INFO] 2025-08-11 14:57:22,546: +SUB [/kelpie/leg_control/currents] /kelpie http://localhost:36777/
[rosmaster.master][INFO] 2025-08-11 14:57:22,547: +SERVICE [/rosapi/topics] /rosapi http://localhost:34497/
[rosmaster.master][INFO] 2025-08-11 14:57:22,551: +SERVICE [/rosapi/topics_for_type] /rosapi http://localhost:34497/
[rosmaster.master][INFO] 2025-08-11 14:57:22,554: +SUB [/kelpie/battery/voltage] /kelpie http://localhost:36777/
[rosmaster.master][INFO] 2025-08-11 14:57:22,555: +SERVICE [/rosapi/services] /rosapi http://localhost:34497/
[rosmaster.master][INFO] 2025-08-11 14:57:22,559: +PUB [/kelpie/leg_control/joint_states] /kelpie http://localhost:36777/
[rosmaster.master][INFO] 2025-08-11 14:57:22,560: +SERVICE [/rosapi/services_for_type] /rosapi http://localhost:34497/
[rosmaster.master][INFO] 2025-08-11 14:57:22,563: +SERVICE [/rosapi/nodes] /rosapi http://localhost:34497/
[rosmaster.master][INFO] 2025-08-11 14:57:22,564: +CACHEDPARAM [/rosout_disable_topics_generation] by /kelpie
[rosmaster.master][INFO] 2025-08-11 14:57:22,567: +SERVICE [/rosapi/node_details] /rosapi http://localhost:34497/
[rosmaster.master][INFO] 2025-08-11 14:57:22,571: +SERVICE [/rosapi/action_servers] /rosapi http://localhost:34497/
[rosmaster.master][INFO] 2025-08-11 14:57:22,572: +SUB [/kelpie/command_input] /kelpie http://localhost:36777/
[rosmaster.master][INFO] 2025-08-11 14:57:22,575: +SERVICE [/rosapi/topic_type] /rosapi http://localhost:34497/
[rosmaster.master][INFO] 2025-08-11 14:57:22,579: +CACHEDPARAM [/rosout_disable_topics_generation] by /kelpie
[rosmaster.master][INFO] 2025-08-11 14:57:22,580: +SERVICE [/rosapi/service_type] /rosapi http://localhost:34497/
[rosmaster.master][INFO] 2025-08-11 14:57:22,583: +SERVICE [/rosapi/publishers] /rosapi http://localhost:34497/
[rosmaster.master][INFO] 2025-08-11 14:57:22,584: +CACHEDPARAM [/rosout_disable_topics_generation] by /kelpie
[rosmaster.master][INFO] 2025-08-11 14:57:22,587: +SERVICE [/rosapi/subscribers] /rosapi http://localhost:34497/
[rosmaster.master][INFO] 2025-08-11 14:57:22,589: +CACHEDPARAM [/rosout_disable_topics_generation] by /kelpie
[rosmaster.master][INFO] 2025-08-11 14:57:22,591: +SERVICE [/rosapi/service_providers] /rosapi http://localhost:34497/
[rosmaster.master][INFO] 2025-08-11 14:57:22,593: publisherUpdate[/rosout] -> http://localhost:46567/ ['http://localhost:36777/']
[rosmaster.master][INFO] 2025-08-11 14:57:22,595: +CACHEDPARAM [/rosout_disable_topics_generation] by /kelpie
[rosmaster.master][INFO] 2025-08-11 14:57:22,597: +SERVICE [/rosapi/service_node] /rosapi http://localhost:34497/
[rosmaster.master][INFO] 2025-08-11 14:57:22,603: +SERVICE [/rosapi/service_host] /rosapi http://localhost:34497/
[rosmaster.master][INFO] 2025-08-11 14:57:22,605: +CACHEDPARAM [/rosout_disable_topics_generation] by /kelpie
[rosmaster.master][INFO] 2025-08-11 14:57:22,608: +SERVICE [/rosapi/message_details] /rosapi http://localhost:34497/
[rosmaster.master][INFO] 2025-08-11 14:57:22,610: publisherUpdate[/rosout] -> http://localhost:46567/ ['http://localhost:36777/']: sec=0.02, result=[1, '', 0]
[rosmaster.master][INFO] 2025-08-11 14:57:22,612: +CACHEDPARAM [/rosout_disable_topics_generation] by /kelpie
[rosmaster.master][INFO] 2025-08-11 14:57:22,612: publisherUpdate[/rosout] -> http://localhost:46567/ ['http://localhost:36777/', 'http://localhost:34497/']
[rosmaster.master][INFO] 2025-08-11 14:57:22,618: +SERVICE [/rosapi/service_request_details] /rosapi http://localhost:34497/
[rosmaster.master][INFO] 2025-08-11 14:57:22,621: publisherUpdate[/rosout] -> http://localhost:46567/ ['http://localhost:36777/', 'http://localhost:34497/']: sec=0.00, result=[1, '', 0]
[rosmaster.master][INFO] 2025-08-11 14:57:22,623: +SERVICE [/rosapi/service_response_details] /rosapi http://localhost:34497/
[rosmaster.master][INFO] 2025-08-11 14:57:22,624: +CACHEDPARAM [/rosout_disable_topics_generation] by /kelpie
[rosmaster.master][INFO] 2025-08-11 14:57:22,627: +SERVICE [/rosapi/set_param] /rosapi http://localhost:34497/
[rosmaster.master][INFO] 2025-08-11 14:57:22,629: +CACHEDPARAM [/rosout_disable_topics_generation] by /kelpie
[rosmaster.master][INFO] 2025-08-11 14:57:22,630: +SERVICE [/rosapi/get_param] /rosapi http://localhost:34497/
[rosmaster.master][INFO] 2025-08-11 14:57:22,633: +SERVICE [/rosapi/has_param] /rosapi http://localhost:34497/
[rosmaster.master][INFO] 2025-08-11 14:57:22,636: +SERVICE [/rosapi/search_param] /rosapi http://localhost:34497/
[rosmaster.master][INFO] 2025-08-11 14:57:22,640: +SERVICE [/rosapi/delete_param] /rosapi http://localhost:34497/
[rosmaster.master][INFO] 2025-08-11 14:57:22,643: +SERVICE [/rosapi/get_param_names] /rosapi http://localhost:34497/
[rosmaster.master][INFO] 2025-08-11 14:57:22,647: +SERVICE [/rosapi/get_time] /rosapi http://localhost:34497/
[rosmaster.master][INFO] 2025-08-11 14:57:22,650: +SERVICE [/rosapi/topics_and_raw_types] /rosapi http://localhost:34497/
[rosmaster.master][INFO] 2025-08-11 14:57:22,653: +CACHEDPARAM [/rosout_disable_topics_generation] by /rosapi
[rosmaster.master][INFO] 2025-08-11 14:57:22,836: +CACHEDPARAM [/rosout/omit_topics] by /rosout
[rosmaster.master][INFO] 2025-08-11 14:57:23,066: +PUB [/kelpie/leg_control/currents] /hardware http://localhost:37463/
[rosmaster.master][INFO] 2025-08-11 14:57:23,069: +PUB [/kelpie/battery/voltage] /hardware http://localhost:37463/
[rosmaster.master][INFO] 2025-08-11 14:57:23,072: +PUB [/kelpie/imu] /hardware http://localhost:37463/
[rosmaster.master][INFO] 2025-08-11 14:57:23,097: publisherUpdate[/kelpie/leg_control/currents] -> http://localhost:36777/ ['http://localhost:37463/']
[rosmaster.master][INFO] 2025-08-11 14:57:23,124: publisherUpdate[/kelpie/leg_control/currents] -> http://localhost:36777/ ['http://localhost:37463/']: sec=0.03, result=[1, '', 0]
[rosmaster.master][INFO] 2025-08-11 14:57:23,124: publisherUpdate[/kelpie/battery/voltage] -> http://localhost:36777/ ['http://localhost:37463/']
[rosmaster.master][INFO] 2025-08-11 14:57:23,135: publisherUpdate[/kelpie/battery/voltage] -> http://localhost:36777/ ['http://localhost:37463/']: sec=0.01, result=[1, '', 0]
[rosmaster.master][INFO] 2025-08-11 14:57:23,136: publisherUpdate[/kelpie/imu] -> http://localhost:36777/ ['http://localhost:37463/']
[rosmaster.master][INFO] 2025-08-11 14:57:23,151: +PUB [/rosout] /rosbridge_websocket http://localhost:41975/
[rosmaster.master][INFO] 2025-08-11 14:57:23,156: +PUB [/rosout] /hardware http://localhost:37463/
[rosmaster.master][INFO] 2025-08-11 14:57:23,157: publisherUpdate[/kelpie/imu] -> http://localhost:36777/ ['http://localhost:37463/']: sec=0.02, result=[1, '', 0]
[rosmaster.master][INFO] 2025-08-11 14:57:23,158: publisherUpdate[/rosout] -> http://localhost:46567/ ['http://localhost:36777/', 'http://localhost:34497/', 'http://localhost:41975/']
[rosmaster.master][INFO] 2025-08-11 14:57:23,160: +SERVICE [/rosbridge_websocket/get_loggers] /rosbridge_websocket http://localhost:41975/
[rosmaster.master][INFO] 2025-08-11 14:57:23,165: +SERVICE [/rosbridge_websocket/set_logger_level] /rosbridge_websocket http://localhost:41975/
[rosmaster.master][INFO] 2025-08-11 14:57:23,166: publisherUpdate[/rosout] -> http://localhost:46567/ ['http://localhost:36777/', 'http://localhost:34497/', 'http://localhost:41975/']: sec=0.01, result=[1, '', 0]
[rosmaster.master][INFO] 2025-08-11 14:57:23,168: +SERVICE [/hardware/get_loggers] /hardware http://localhost:37463/
[rosmaster.master][INFO] 2025-08-11 14:57:23,170: publisherUpdate[/rosout] -> http://localhost:46567/ ['http://localhost:36777/', 'http://localhost:34497/', 'http://localhost:41975/', 'http://localhost:37463/']
[rosmaster.master][INFO] 2025-08-11 14:57:23,173: +SERVICE [/hardware/set_logger_level] /hardware http://localhost:37463/
[rosmaster.master][INFO] 2025-08-11 14:57:23,176: publisherUpdate[/rosout] -> http://localhost:46567/ ['http://localhost:36777/', 'http://localhost:34497/', 'http://localhost:41975/', 'http://localhost:37463/']: sec=0.00, result=[1, '', 0]
[rosmaster.master][INFO] 2025-08-11 14:57:23,207: +PUB [/client_count] /rosbridge_websocket http://localhost:41975/
[rosmaster.master][INFO] 2025-08-11 14:57:23,211: +PUB [/connected_clients] /rosbridge_websocket http://localhost:41975/
[rosmaster.master][INFO] 2025-08-11 14:57:23,220: +PARAM [/rosbridge_websocket/actual_port] by /rosbridge_websocket
[rosmaster.master][INFO] 2025-08-11 14:57:23,227: +CACHEDPARAM [/rosout_disable_topics_generation] by /rosbridge_websocket
[rosmaster.master][INFO] 2025-08-11 14:57:23,239: +SUB [/kelpie/leg_control/joint_states] /hardware http://localhost:37463/
[rosmaster.master][INFO] 2025-08-11 14:57:23,246: +SUB [/joy] /hardware http://localhost:37463/
[rosmaster.master][INFO] 2025-08-11 14:57:23,249: +PUB [/kelpie/command_input] /hardware http://localhost:37463/
[rosmaster.master][INFO] 2025-08-11 14:57:23,277: publisherUpdate[/kelpie/command_input] -> http://localhost:36777/ ['http://localhost:37463/']
[rosmaster.master][INFO] 2025-08-11 14:57:23,287: publisherUpdate[/kelpie/command_input] -> http://localhost:36777/ ['http://localhost:37463/']: sec=0.01, result=[1, '', 0]
[rosmaster.master][INFO] 2025-08-11 14:57:34,302: -SUB [/kelpie/leg_control/joint_states] /hardware http://localhost:37463/
[rosmaster.master][INFO] 2025-08-11 14:57:34,302: -SUB [/joy] /hardware http://localhost:37463/
[rosmaster.master][INFO] 2025-08-11 14:57:34,303: -PUB [/kelpie/leg_control/currents] /hardware http://localhost:37463/
[rosmaster.master][INFO] 2025-08-11 14:57:34,307: publisherUpdate[/kelpie/leg_control/currents] -> http://localhost:36777/ []
[rosmaster.master][INFO] 2025-08-11 14:57:34,307: -PUB [/rosout] /rosapi http://localhost:34497/
[rosmaster.master][INFO] 2025-08-11 14:57:34,308: -SERVICE [/rosapi/get_loggers] /rosapi rosrpc://localhost:35959
[rosmaster.master][INFO] 2025-08-11 14:57:34,309: -SERVICE [/rosapi/set_logger_level] /rosapi rosrpc://localhost:35959
[rosmaster.master][INFO] 2025-08-11 14:57:34,309: -SERVICE [/rosapi/topics] /rosapi rosrpc://localhost:35959
[rosmaster.master][INFO] 2025-08-11 14:57:34,310: -SERVICE [/rosapi/topics_for_type] /rosapi rosrpc://localhost:35959
[rosmaster.master][INFO] 2025-08-11 14:57:34,310: -SERVICE [/rosapi/services] /rosapi rosrpc://localhost:35959
[rosmaster.master][INFO] 2025-08-11 14:57:34,310: -SERVICE [/rosapi/services_for_type] /rosapi rosrpc://localhost:35959
[rosmaster.master][INFO] 2025-08-11 14:57:34,313: publisherUpdate[/kelpie/leg_control/currents] -> http://localhost:36777/ []: sec=0.01, result=[1, '', 0]
[rosmaster.master][INFO] 2025-08-11 14:57:34,313: -PUB [/rosout] /rosbridge_websocket http://localhost:41975/
[rosmaster.master][INFO] 2025-08-11 14:57:34,313: publisherUpdate[/rosout] -> http://localhost:46567/ ['http://localhost:36777/', 'http://localhost:41975/', 'http://localhost:37463/']
[rosmaster.master][INFO] 2025-08-11 14:57:34,314: -PUB [/kelpie/battery/voltage] /hardware http://localhost:37463/
[rosmaster.master][INFO] 2025-08-11 14:57:34,315: -SERVICE [/rosapi/nodes] /rosapi rosrpc://localhost:35959
[rosmaster.master][INFO] 2025-08-11 14:57:34,315: -PUB [/client_count] /rosbridge_websocket http://localhost:41975/
[rosmaster.master][INFO] 2025-08-11 14:57:34,316: -PUB [/kelpie/imu] /hardware http://localhost:37463/
[rosmaster.master][INFO] 2025-08-11 14:57:34,316: -SERVICE [/rosapi/node_details] /rosapi rosrpc://localhost:35959
[rosmaster.master][INFO] 2025-08-11 14:57:34,317: -PUB [/connected_clients] /rosbridge_websocket http://localhost:41975/
[rosmaster.master][INFO] 2025-08-11 14:57:34,318: publisherUpdate[/rosout] -> http://localhost:46567/ ['http://localhost:36777/', 'http://localhost:41975/', 'http://localhost:37463/']: sec=0.00, result=[1, '', 0]
[rosmaster.master][INFO] 2025-08-11 14:57:34,318: -PUB [/rosout] /hardware http://localhost:37463/
[rosmaster.master][INFO] 2025-08-11 14:57:34,318: publisherUpdate[/rosout] -> http://localhost:46567/ ['http://localhost:36777/', 'http://localhost:37463/']
[rosmaster.master][INFO] 2025-08-11 14:57:34,319: -SERVICE [/rosapi/action_servers] /rosapi rosrpc://localhost:35959
[rosmaster.master][INFO] 2025-08-11 14:57:34,320: -SERVICE [/rosbridge_websocket/get_loggers] /rosbridge_websocket rosrpc://localhost:36029
[rosmaster.master][INFO] 2025-08-11 14:57:34,321: publisherUpdate[/rosout] -> http://localhost:46567/ ['http://localhost:36777/', 'http://localhost:37463/']: sec=0.00, result=[1, '', 0]
[rosmaster.master][INFO] 2025-08-11 14:57:34,321: -PUB [/kelpie/command_input] /hardware http://localhost:37463/
[rosmaster.master][INFO] 2025-08-11 14:57:34,321: publisherUpdate[/kelpie/battery/voltage] -> http://localhost:36777/ []
[rosmaster.master][INFO] 2025-08-11 14:57:34,322: -SERVICE [/rosapi/topic_type] /rosapi rosrpc://localhost:35959
[rosmaster.master][INFO] 2025-08-11 14:57:34,323: -SERVICE [/rosbridge_websocket/set_logger_level] /rosbridge_websocket rosrpc://localhost:36029
[rosmaster.master][INFO] 2025-08-11 14:57:34,324: -SERVICE [/hardware/get_loggers] /hardware rosrpc://localhost:40729
[rosmaster.master][INFO] 2025-08-11 14:57:34,324: -SERVICE [/rosapi/service_type] /rosapi rosrpc://localhost:35959
[rosmaster.master][INFO] 2025-08-11 14:57:34,325: -SERVICE [/hardware/set_logger_level] /hardware rosrpc://localhost:40729
[rosmaster.master][INFO] 2025-08-11 14:57:34,326: -SERVICE [/rosapi/publishers] /rosapi rosrpc://localhost:35959
[rosmaster.master][INFO] 2025-08-11 14:57:34,327: -SERVICE [/rosapi/subscribers] /rosapi rosrpc://localhost:35959
[rosmaster.master][INFO] 2025-08-11 14:57:34,328: -SERVICE [/rosapi/service_providers] /rosapi rosrpc://localhost:35959
[rosmaster.master][INFO] 2025-08-11 14:57:34,328: -SERVICE [/rosapi/service_node] /rosapi rosrpc://localhost:35959
[rosmaster.master][INFO] 2025-08-11 14:57:34,329: -SERVICE [/rosapi/service_host] /rosapi rosrpc://localhost:35959
[rosmaster.master][INFO] 2025-08-11 14:57:34,329: -SERVICE [/rosapi/message_details] /rosapi rosrpc://localhost:35959
[rosmaster.master][INFO] 2025-08-11 14:57:34,330: -SERVICE [/rosapi/service_request_details] /rosapi rosrpc://localhost:35959
[rosmaster.master][INFO] 2025-08-11 14:57:34,330: -SERVICE [/rosapi/service_response_details] /rosapi rosrpc://localhost:35959
[rosmaster.master][INFO] 2025-08-11 14:57:34,331: -SERVICE [/rosapi/set_param] /rosapi rosrpc://localhost:35959
[rosmaster.master][INFO] 2025-08-11 14:57:34,331: -SERVICE [/rosapi/get_param] /rosapi rosrpc://localhost:35959
[rosmaster.master][INFO] 2025-08-11 14:57:34,332: -SERVICE [/rosapi/has_param] /rosapi rosrpc://localhost:35959
[rosmaster.master][INFO] 2025-08-11 14:57:34,332: -SERVICE [/rosapi/search_param] /rosapi rosrpc://localhost:35959
[rosmaster.master][INFO] 2025-08-11 14:57:34,333: -SERVICE [/rosapi/delete_param] /rosapi rosrpc://localhost:35959
[rosmaster.master][INFO] 2025-08-11 14:57:34,333: -SERVICE [/rosapi/get_param_names] /rosapi rosrpc://localhost:35959
[rosmaster.master][INFO] 2025-08-11 14:57:34,335: publisherUpdate[/kelpie/battery/voltage] -> http://localhost:36777/ []: sec=0.01, result=[1, '', 0]
[rosmaster.master][INFO] 2025-08-11 14:57:34,335: -SERVICE [/rosapi/get_time] /rosapi rosrpc://localhost:35959
[rosmaster.master][INFO] 2025-08-11 14:57:34,336: publisherUpdate[/kelpie/imu] -> http://localhost:36777/ []
[rosmaster.master][INFO] 2025-08-11 14:57:34,336: -SERVICE [/rosapi/topics_and_raw_types] /rosapi rosrpc://localhost:35959
[rosmaster.master][INFO] 2025-08-11 14:57:34,339: publisherUpdate[/rosout] -> http://localhost:46567/ ['http://localhost:36777/']
[rosmaster.master][INFO] 2025-08-11 14:57:34,340: publisherUpdate[/kelpie/imu] -> http://localhost:36777/ []: sec=0.00, result=[1, '', 0]
[rosmaster.master][INFO] 2025-08-11 14:57:34,341: publisherUpdate[/kelpie/command_input] -> http://localhost:36777/ []
[rosmaster.master][INFO] 2025-08-11 14:57:34,342: publisherUpdate[/rosout] -> http://localhost:46567/ ['http://localhost:36777/']: sec=0.00, result=[1, '', 0]
[rosmaster.master][INFO] 2025-08-11 14:57:34,347: publisherUpdate[/kelpie/command_input] -> http://localhost:36777/ []: sec=0.01, result=[1, '', 0]
[rosmaster.master][INFO] 2025-08-11 14:57:49,340: -SUB [/kelpie/imu] /kelpie http://localhost:36777/
[rosmaster.master][INFO] 2025-08-11 14:57:49,340: -SUB [/kelpie/leg_control/currents] /kelpie http://localhost:36777/
[rosmaster.master][INFO] 2025-08-11 14:57:49,340: -SUB [/kelpie/battery/voltage] /kelpie http://localhost:36777/
[rosmaster.master][INFO] 2025-08-11 14:57:49,340: -SUB [/kelpie/command_input] /kelpie http://localhost:36777/
[rosmaster.master][INFO] 2025-08-11 14:57:49,341: -PUB [/rosout] /kelpie http://localhost:36777/
[rosmaster.master][INFO] 2025-08-11 14:57:49,341: -PUB [/kelpie/leg_control/joint_states] /kelpie http://localhost:36777/
[rosmaster.master][INFO] 2025-08-11 14:57:49,341: -SERVICE [/kelpie/get_loggers] /kelpie rosrpc://localhost:35257
[rosmaster.master][INFO] 2025-08-11 14:57:49,341: -SERVICE [/kelpie/set_logger_level] /kelpie rosrpc://localhost:35257
[rosmaster.master][INFO] 2025-08-11 14:57:49,364: publisherUpdate[/rosout] -> http://localhost:46567/ []
[rosmaster.master][INFO] 2025-08-11 14:57:49,366: publisherUpdate[/rosout] -> http://localhost:46567/ []: sec=0.00, result=[1, '', 0]
[rosmaster.master][INFO] 2025-08-11 14:57:51,470: -PUB [/rosout_agg] /rosout http://localhost:46567/
[rosmaster.master][INFO] 2025-08-11 14:57:51,471: -SUB [/rosout] /rosout http://localhost:46567/
[rosmaster.master][INFO] 2025-08-11 14:57:51,472: -SERVICE [/rosout/get_loggers] /rosout rosrpc://localhost:35237
[rosmaster.master][INFO] 2025-08-11 14:57:51,474: -SERVICE [/rosout/set_logger_level] /rosout rosrpc://localhost:35237
[rosmaster.master][INFO] 2025-08-11 14:57:51,475: -CACHEDPARAM [/rosout/omit_topics] by /rosout
[rosmaster.main][INFO] 2025-08-11 14:57:51,550: keyboard interrupt, will exit
[rosmaster.main][INFO] 2025-08-11 14:57:51,551: stopping master...
[rospy.core][INFO] 2025-08-11 14:57:51,551: signal_shutdown [atexit]
