[rosmaster.main][INFO] 2025-08-11 13:02:58,491: initialization complete, waiting for shutdown
[rosmaster.main][INFO] 2025-08-11 13:02:58,491: Starting ROS Master Node
[xmlrpc][INFO] 2025-08-11 13:02:58,494: XML-RPC server binding to 127.0.0.1:11311
[xmlrpc][INFO] 2025-08-11 13:02:58,495: Started XML-RPC server [http://localhost:11311/]
[rosmaster.master][INFO] 2025-08-11 13:02:58,495: Master initialized: port[11311], uri[http://localhost:11311/]
[xmlrpc][INFO] 2025-08-11 13:02:58,495: xml rpc node: starting XML-RPC server
[rosmaster.master][INFO] 2025-08-11 13:02:58,615: +PARAM [/run_id] by /roslaunch
[rosmaster.master][INFO] 2025-08-11 13:02:58,619: +PARAM [/roslaunch/uris/host_localhost__37555] by /roslaunch
[rosmaster.master][INFO] 2025-08-11 13:02:58,756: +PARAM [/rosversion] by /roslaunch
[rosmaster.master][INFO] 2025-08-11 13:02:58,756: +PARAM [/rosdistro] by /roslaunch
[rosmaster.master][INFO] 2025-08-11 13:02:58,757: +PARAM [/rosbridge_websocket/authenticate] by /roslaunch
[rosmaster.master][INFO] 2025-08-11 13:02:58,757: +PARAM [/rosbridge_websocket/port] by /roslaunch
[rosmaster.master][INFO] 2025-08-11 13:02:58,757: +PARAM [/rosbridge_websocket/address] by /roslaunch
[rosmaster.master][INFO] 2025-08-11 13:02:58,757: +PARAM [/rosbridge_websocket/retry_startup_delay] by /roslaunch
[rosmaster.master][INFO] 2025-08-11 13:02:58,758: +PARAM [/rosbridge_websocket/fragment_timeout] by /roslaunch
[rosmaster.master][INFO] 2025-08-11 13:02:58,758: +PARAM [/rosbridge_websocket/delay_between_messages] by /roslaunch
[rosmaster.master][INFO] 2025-08-11 13:02:58,758: +PARAM [/rosbridge_websocket/max_message_size] by /roslaunch
[rosmaster.master][INFO] 2025-08-11 13:02:58,758: +PARAM [/rosbridge_websocket/unregister_timeout] by /roslaunch
[rosmaster.master][INFO] 2025-08-11 13:02:58,758: +PARAM [/rosbridge_websocket/use_compression] by /roslaunch
[rosmaster.master][INFO] 2025-08-11 13:02:58,759: +PARAM [/rosbridge_websocket/websocket_ping_interval] by /roslaunch
[rosmaster.master][INFO] 2025-08-11 13:02:58,759: +PARAM [/rosbridge_websocket/websocket_ping_timeout] by /roslaunch
[rosmaster.master][INFO] 2025-08-11 13:02:58,759: +PARAM [/rosbridge_websocket/websocket_external_port] by /roslaunch
[rosmaster.master][INFO] 2025-08-11 13:02:58,759: +PARAM [/rosbridge_websocket/topics_glob] by /roslaunch
[rosmaster.master][INFO] 2025-08-11 13:02:58,760: +PARAM [/rosbridge_websocket/services_glob] by /roslaunch
[rosmaster.master][INFO] 2025-08-11 13:02:58,760: +PARAM [/rosbridge_websocket/params_glob] by /roslaunch
[rosmaster.master][INFO] 2025-08-11 13:02:58,761: +PARAM [/rosbridge_websocket/bson_only_mode] by /roslaunch
[rosmaster.master][INFO] 2025-08-11 13:02:58,761: +PARAM [/rosapi/topics_glob] by /roslaunch
[rosmaster.master][INFO] 2025-08-11 13:02:58,762: +PARAM [/rosapi/services_glob] by /roslaunch
[rosmaster.master][INFO] 2025-08-11 13:02:58,763: +PARAM [/rosapi/params_glob] by /roslaunch
[rosmaster.master][INFO] 2025-08-11 13:02:58,763: +PARAM [/JOYSTICK/autorepeat_rate] by /roslaunch
[rosmaster.master][INFO] 2025-08-11 13:02:58,763: +PARAM [/JOYSTICK/joy_node/dev] by /roslaunch
[rosmaster.master][INFO] 2025-08-11 13:02:58,765: +SERVICE [/rosout/get_loggers] /rosout http://localhost:45909/
[rosmaster.master][INFO] 2025-08-11 13:02:58,766: +SERVICE [/rosout/set_logger_level] /rosout http://localhost:45909/
[rosmaster.master][INFO] 2025-08-11 13:02:58,772: +PUB [/rosout_agg] /rosout http://localhost:45909/
[rosmaster.master][INFO] 2025-08-11 13:02:58,785: +SUB [/rosout] /rosout http://localhost:45909/
[rosmaster.master][INFO] 2025-08-11 13:02:58,969: +PUB [/rosout] /JOYSTICK http://localhost:39721/
[rosmaster.master][INFO] 2025-08-11 13:02:58,972: +SERVICE [/JOYSTICK/get_loggers] /JOYSTICK http://localhost:39721/
[rosmaster.master][INFO] 2025-08-11 13:02:58,974: +SERVICE [/JOYSTICK/set_logger_level] /JOYSTICK http://localhost:39721/
[rosmaster.master][INFO] 2025-08-11 13:02:58,979: +PUB [/diagnostics] /JOYSTICK http://localhost:39721/
[rosmaster.master][INFO] 2025-08-11 13:02:58,982: +CACHEDPARAM [/JOYSTICK/diagnostic_period] by /JOYSTICK
[rosmaster.master][INFO] 2025-08-11 13:02:58,987: +PUB [/joy] /JOYSTICK http://localhost:39721/
[rosmaster.master][INFO] 2025-08-11 13:02:58,993: publisherUpdate[/rosout] -> http://localhost:45909/ ['http://localhost:39721/']
[rosmaster.master][INFO] 2025-08-11 13:02:59,009: publisherUpdate[/rosout] -> http://localhost:45909/ ['http://localhost:39721/']: sec=0.01, result=[1, '', 0]
[rosmaster.master][INFO] 2025-08-11 13:02:59,010: +SUB [/joy/set_feedback] /JOYSTICK http://localhost:39721/
[rosmaster.master][INFO] 2025-08-11 13:02:59,082: +CACHEDPARAM [/rosout_disable_topics_generation] by /JOYSTICK
[rosmaster.master][INFO] 2025-08-11 13:03:00,262: +PUB [/rosout] /rosapi http://localhost:34101/
[rosmaster.master][INFO] 2025-08-11 13:03:00,276: +SERVICE [/rosapi/get_loggers] /rosapi http://localhost:34101/
[rosmaster.master][INFO] 2025-08-11 13:03:00,281: +SERVICE [/rosapi/set_logger_level] /rosapi http://localhost:34101/
[rosmaster.master][INFO] 2025-08-11 13:03:00,296: +SERVICE [/rosapi/topics] /rosapi http://localhost:34101/
[rosmaster.master][INFO] 2025-08-11 13:03:00,297: publisherUpdate[/rosout] -> http://localhost:45909/ ['http://localhost:39721/', 'http://localhost:34101/']
[rosmaster.master][INFO] 2025-08-11 13:03:00,301: +SERVICE [/rosapi/topics_for_type] /rosapi http://localhost:34101/
[rosmaster.master][INFO] 2025-08-11 13:03:00,303: publisherUpdate[/rosout] -> http://localhost:45909/ ['http://localhost:39721/', 'http://localhost:34101/']: sec=0.01, result=[1, '', 0]
[rosmaster.master][INFO] 2025-08-11 13:03:00,305: +SERVICE [/rosapi/services] /rosapi http://localhost:34101/
[rosmaster.master][INFO] 2025-08-11 13:03:00,308: +SERVICE [/rosapi/services_for_type] /rosapi http://localhost:34101/
[rosmaster.master][INFO] 2025-08-11 13:03:00,311: +SERVICE [/rosapi/nodes] /rosapi http://localhost:34101/
[rosmaster.master][INFO] 2025-08-11 13:03:00,315: +SERVICE [/rosapi/node_details] /rosapi http://localhost:34101/
[rosmaster.master][INFO] 2025-08-11 13:03:00,318: +SERVICE [/rosapi/action_servers] /rosapi http://localhost:34101/
[rosmaster.master][INFO] 2025-08-11 13:03:00,322: +SERVICE [/rosapi/topic_type] /rosapi http://localhost:34101/
[rosmaster.master][INFO] 2025-08-11 13:03:00,325: +SERVICE [/rosapi/service_type] /rosapi http://localhost:34101/
[rosmaster.master][INFO] 2025-08-11 13:03:00,328: +SERVICE [/rosapi/publishers] /rosapi http://localhost:34101/
[rosmaster.master][INFO] 2025-08-11 13:03:00,333: +SERVICE [/rosapi/subscribers] /rosapi http://localhost:34101/
[rosmaster.master][INFO] 2025-08-11 13:03:00,337: +SERVICE [/rosapi/service_providers] /rosapi http://localhost:34101/
[rosmaster.master][INFO] 2025-08-11 13:03:00,345: +SERVICE [/rosapi/service_node] /rosapi http://localhost:34101/
[rosmaster.master][INFO] 2025-08-11 13:03:00,349: +SERVICE [/rosapi/service_host] /rosapi http://localhost:34101/
[rosmaster.master][INFO] 2025-08-11 13:03:00,351: +SERVICE [/rosapi/message_details] /rosapi http://localhost:34101/
[rosmaster.master][INFO] 2025-08-11 13:03:00,355: +SERVICE [/rosapi/service_request_details] /rosapi http://localhost:34101/
[rosmaster.master][INFO] 2025-08-11 13:03:00,358: +SERVICE [/rosapi/service_response_details] /rosapi http://localhost:34101/
[rosmaster.master][INFO] 2025-08-11 13:03:00,361: +SERVICE [/rosapi/set_param] /rosapi http://localhost:34101/
[rosmaster.master][INFO] 2025-08-11 13:03:00,365: +SERVICE [/rosapi/get_param] /rosapi http://localhost:34101/
[rosmaster.master][INFO] 2025-08-11 13:03:00,368: +SERVICE [/rosapi/has_param] /rosapi http://localhost:34101/
[rosmaster.master][INFO] 2025-08-11 13:03:00,371: +SERVICE [/rosapi/search_param] /rosapi http://localhost:34101/
[rosmaster.master][INFO] 2025-08-11 13:03:00,375: +SERVICE [/rosapi/delete_param] /rosapi http://localhost:34101/
[rosmaster.master][INFO] 2025-08-11 13:03:00,378: +SERVICE [/rosapi/get_param_names] /rosapi http://localhost:34101/
[rosmaster.master][INFO] 2025-08-11 13:03:00,381: +SERVICE [/rosapi/get_time] /rosapi http://localhost:34101/
[rosmaster.master][INFO] 2025-08-11 13:03:00,385: +SERVICE [/rosapi/topics_and_raw_types] /rosapi http://localhost:34101/
[rosmaster.master][INFO] 2025-08-11 13:03:00,388: +CACHEDPARAM [/rosout_disable_topics_generation] by /rosapi
[rosmaster.master][INFO] 2025-08-11 13:03:00,508: +CACHEDPARAM [/rosout/omit_topics] by /rosout
[rosmaster.master][INFO] 2025-08-11 13:03:00,987: +PUB [/rosout] /rosbridge_websocket http://localhost:40045/
[rosmaster.master][INFO] 2025-08-11 13:03:00,996: +SERVICE [/rosbridge_websocket/get_loggers] /rosbridge_websocket http://localhost:40045/
[rosmaster.master][INFO] 2025-08-11 13:03:00,998: +SERVICE [/rosbridge_websocket/set_logger_level] /rosbridge_websocket http://localhost:40045/
[rosmaster.master][INFO] 2025-08-11 13:03:01,003: publisherUpdate[/rosout] -> http://localhost:45909/ ['http://localhost:39721/', 'http://localhost:34101/', 'http://localhost:40045/']
[rosmaster.master][INFO] 2025-08-11 13:03:01,008: publisherUpdate[/rosout] -> http://localhost:45909/ ['http://localhost:39721/', 'http://localhost:34101/', 'http://localhost:40045/']: sec=0.00, result=[1, '', 0]
[rosmaster.master][INFO] 2025-08-11 13:03:01,037: +PUB [/client_count] /rosbridge_websocket http://localhost:40045/
[rosmaster.master][INFO] 2025-08-11 13:03:01,040: +PUB [/connected_clients] /rosbridge_websocket http://localhost:40045/
[rosmaster.master][INFO] 2025-08-11 13:03:01,049: +PARAM [/rosbridge_websocket/actual_port] by /rosbridge_websocket
[rosmaster.master][INFO] 2025-08-11 13:03:01,056: +CACHEDPARAM [/rosout_disable_topics_generation] by /rosbridge_websocket
[rosmaster.master][INFO] 2025-08-11 13:04:07,074: -PUB [/rosout] /rosapi http://localhost:34101/
[rosmaster.master][INFO] 2025-08-11 13:04:07,075: -PUB [/rosout] /rosbridge_websocket http://localhost:40045/
[rosmaster.master][INFO] 2025-08-11 13:04:07,076: -SERVICE [/rosapi/get_loggers] /rosapi rosrpc://localhost:40597
[rosmaster.master][INFO] 2025-08-11 13:04:07,076: -PUB [/client_count] /rosbridge_websocket http://localhost:40045/
[rosmaster.master][INFO] 2025-08-11 13:04:07,077: -SERVICE [/rosapi/set_logger_level] /rosapi rosrpc://localhost:40597
[rosmaster.master][INFO] 2025-08-11 13:04:07,077: -PUB [/connected_clients] /rosbridge_websocket http://localhost:40045/
[rosmaster.master][INFO] 2025-08-11 13:04:07,077: -SERVICE [/rosapi/topics] /rosapi rosrpc://localhost:40597
[rosmaster.master][INFO] 2025-08-11 13:04:07,077: -SERVICE [/rosbridge_websocket/get_loggers] /rosbridge_websocket rosrpc://localhost:35491
[rosmaster.master][INFO] 2025-08-11 13:04:07,078: -SERVICE [/rosapi/topics_for_type] /rosapi rosrpc://localhost:40597
[rosmaster.master][INFO] 2025-08-11 13:04:07,078: -SERVICE [/rosbridge_websocket/set_logger_level] /rosbridge_websocket rosrpc://localhost:35491
[rosmaster.master][INFO] 2025-08-11 13:04:07,079: -SERVICE [/rosapi/services] /rosapi rosrpc://localhost:40597
[rosmaster.master][INFO] 2025-08-11 13:04:07,079: -SERVICE [/rosapi/services_for_type] /rosapi rosrpc://localhost:40597
[rosmaster.master][INFO] 2025-08-11 13:04:07,080: -SERVICE [/rosapi/nodes] /rosapi rosrpc://localhost:40597
[rosmaster.master][INFO] 2025-08-11 13:04:07,080: -SERVICE [/rosapi/node_details] /rosapi rosrpc://localhost:40597
[rosmaster.master][INFO] 2025-08-11 13:04:07,081: -SERVICE [/rosapi/action_servers] /rosapi rosrpc://localhost:40597
[rosmaster.master][INFO] 2025-08-11 13:04:07,081: -SERVICE [/rosapi/topic_type] /rosapi rosrpc://localhost:40597
[rosmaster.master][INFO] 2025-08-11 13:04:07,081: -SERVICE [/rosapi/service_type] /rosapi rosrpc://localhost:40597
[rosmaster.master][INFO] 2025-08-11 13:04:07,082: -SERVICE [/rosapi/publishers] /rosapi rosrpc://localhost:40597
[rosmaster.master][INFO] 2025-08-11 13:04:07,082: -SERVICE [/rosapi/subscribers] /rosapi rosrpc://localhost:40597
[rosmaster.master][INFO] 2025-08-11 13:04:07,082: -SERVICE [/rosapi/service_providers] /rosapi rosrpc://localhost:40597
[rosmaster.master][INFO] 2025-08-11 13:04:07,083: -SERVICE [/rosapi/service_node] /rosapi rosrpc://localhost:40597
[rosmaster.master][INFO] 2025-08-11 13:04:07,083: -SERVICE [/rosapi/service_host] /rosapi rosrpc://localhost:40597
[rosmaster.master][INFO] 2025-08-11 13:04:07,083: -SERVICE [/rosapi/message_details] /rosapi rosrpc://localhost:40597
[rosmaster.master][INFO] 2025-08-11 13:04:07,084: -SERVICE [/rosapi/service_request_details] /rosapi rosrpc://localhost:40597
[rosmaster.master][INFO] 2025-08-11 13:04:07,084: -SERVICE [/rosapi/service_response_details] /rosapi rosrpc://localhost:40597
[rosmaster.master][INFO] 2025-08-11 13:04:07,084: -SERVICE [/rosapi/set_param] /rosapi rosrpc://localhost:40597
[rosmaster.master][INFO] 2025-08-11 13:04:07,084: -SERVICE [/rosapi/get_param] /rosapi rosrpc://localhost:40597
[rosmaster.master][INFO] 2025-08-11 13:04:07,085: -SERVICE [/rosapi/has_param] /rosapi rosrpc://localhost:40597
[rosmaster.master][INFO] 2025-08-11 13:04:07,085: -SERVICE [/rosapi/search_param] /rosapi rosrpc://localhost:40597
[rosmaster.master][INFO] 2025-08-11 13:04:07,085: -SERVICE [/rosapi/delete_param] /rosapi rosrpc://localhost:40597
[rosmaster.master][INFO] 2025-08-11 13:04:07,085: -SERVICE [/rosapi/get_param_names] /rosapi rosrpc://localhost:40597
[rosmaster.master][INFO] 2025-08-11 13:04:07,085: -SERVICE [/rosapi/get_time] /rosapi rosrpc://localhost:40597
[rosmaster.master][INFO] 2025-08-11 13:04:07,086: -SERVICE [/rosapi/topics_and_raw_types] /rosapi rosrpc://localhost:40597
[rosmaster.master][INFO] 2025-08-11 13:04:07,119: publisherUpdate[/rosout] -> http://localhost:45909/ ['http://localhost:39721/', 'http://localhost:40045/']
[rosmaster.master][INFO] 2025-08-11 13:04:07,121: publisherUpdate[/rosout] -> http://localhost:45909/ ['http://localhost:39721/', 'http://localhost:40045/']: sec=0.00, result=[1, '', 0]
[rosmaster.master][INFO] 2025-08-11 13:04:07,121: publisherUpdate[/rosout] -> http://localhost:45909/ ['http://localhost:39721/']
[rosmaster.master][INFO] 2025-08-11 13:04:07,123: publisherUpdate[/rosout] -> http://localhost:45909/ ['http://localhost:39721/']: sec=0.00, result=[1, '', 0]
[rosmaster.master][INFO] 2025-08-11 13:04:07,227: -PUB [/rosout] /JOYSTICK http://localhost:39721/
[rosmaster.master][INFO] 2025-08-11 13:04:07,229: -PUB [/diagnostics] /JOYSTICK http://localhost:39721/
[rosmaster.master][INFO] 2025-08-11 13:04:07,230: -PUB [/joy] /JOYSTICK http://localhost:39721/
[rosmaster.master][INFO] 2025-08-11 13:04:07,232: -SUB [/joy/set_feedback] /JOYSTICK http://localhost:39721/
[rosmaster.master][INFO] 2025-08-11 13:04:07,233: -SERVICE [/JOYSTICK/get_loggers] /JOYSTICK rosrpc://localhost:37751
[rosmaster.master][INFO] 2025-08-11 13:04:07,234: -SERVICE [/JOYSTICK/set_logger_level] /JOYSTICK rosrpc://localhost:37751
[rosmaster.master][INFO] 2025-08-11 13:04:07,236: -CACHEDPARAM [/JOYSTICK/diagnostic_period] by /JOYSTICK
[rosmaster.master][INFO] 2025-08-11 13:04:07,237: -CACHEDPARAM [/rosout_disable_topics_generation] by /JOYSTICK
[rosmaster.master][INFO] 2025-08-11 13:04:07,320: publisherUpdate[/rosout] -> http://localhost:45909/ []
[rosmaster.master][INFO] 2025-08-11 13:04:07,322: publisherUpdate[/rosout] -> http://localhost:45909/ []: sec=0.00, result=[1, '', 0]
[rosmaster.master][INFO] 2025-08-11 13:04:08,224: -PUB [/rosout_agg] /rosout http://localhost:45909/
[rosmaster.master][INFO] 2025-08-11 13:04:08,225: -SUB [/rosout] /rosout http://localhost:45909/
[rosmaster.master][INFO] 2025-08-11 13:04:08,226: -SERVICE [/rosout/get_loggers] /rosout rosrpc://localhost:47623
[rosmaster.master][INFO] 2025-08-11 13:04:08,227: -SERVICE [/rosout/set_logger_level] /rosout rosrpc://localhost:47623
[rosmaster.master][INFO] 2025-08-11 13:04:08,229: -CACHEDPARAM [/rosout/omit_topics] by /rosout
[rosmaster.main][INFO] 2025-08-11 13:04:08,276: keyboard interrupt, will exit
[rosmaster.main][INFO] 2025-08-11 13:04:08,277: stopping master...
[rospy.core][INFO] 2025-08-11 13:04:08,277: signal_shutdown [atexit]
