[rospy.client][INFO] 2025-09-09 11:37:36,338: init_node, name[/hardware], pid[2270]
[xmlrpc][INFO] 2025-09-09 11:37:36,339: XML-RPC server binding to 0.0.0.0:0
[xmlrpc][INFO] 2025-09-09 11:37:36,340: Started XML-RPC server [http://10.237.54.207:36007/]
[rospy.init][INFO] 2025-09-09 11:37:36,340: ROS Slave URI: [http://10.237.54.207:36007/]
[rospy.impl.masterslave][INFO] 2025-09-09 11:37:36,341: _ready: http://10.237.54.207:36007/
[rospy.registration][INFO] 2025-09-09 11:37:36,343: Registering with master node http://localhost:11311/
[xmlrpc][INFO] 2025-09-09 11:37:36,343: xml rpc node: starting XML-RPC server
[rospy.registration][INFO] 2025-09-09 11:37:36,343: Registering publisher topic [/kelpie/leg_control/currents] type [kelpie/joint_states] with master
[rospy.registration][INFO] 2025-09-09 11:37:36,358: Registering publisher topic [/kelpie/battery/voltage] type [kelpie/vec_3d_float32] with master
[rospy.registration][INFO] 2025-09-09 11:37:36,361: Registering publisher topic [/kelpie/imu] type [kelpie/imu] with master
[rospy.init][INFO] 2025-09-09 11:37:36,441: registered with master
[rospy.rosout][INFO] 2025-09-09 11:37:36,442: initializing /rosout core topic
[rospy.rosout][INFO] 2025-09-09 11:37:36,445: connected to core topic /rosout
[rospy.simtime][INFO] 2025-09-09 11:37:36,447: /use_sim_time is not set, will not subscribe to simulated time [/clock] topic
[rospy.internal][INFO] 2025-09-09 11:37:36,547: topic[/joy] adding connection to [http://10.237.54.207:41415/], count 0
[rospy.internal][INFO] 2025-09-09 11:37:36,564: topic[/kelpie/battery/voltage] adding connection to [/kelpie], count 0
[rospy.internal][INFO] 2025-09-09 11:37:36,585: topic[/kelpie/leg_control/currents] adding connection to [/kelpie], count 0
[rospy.internal][INFO] 2025-09-09 11:37:36,587: topic[/kelpie/leg_control/joint_states] adding connection to [http://10.237.54.207:39039/], count 0
[rospy.internal][INFO] 2025-09-09 11:37:36,641: topic[/kelpie/imu] adding connection to [/kelpie], count 0
[rospy.internal][INFO] 2025-09-09 11:37:36,720: topic[/rosout] adding connection to [/rosout], count 0
[rospy.internal][INFO] 2025-09-09 11:37:36,770: topic[/kelpie/command_input] adding connection to [/kelpie], count 0
[rosout][ERROR] 2025-09-09 11:37:42,846: bad callback: <bound method ServoSubscriber.callback of <kelpie_hardware_interface.servo.servo_subscriber.ServoSubscriber object at 0xffffb2826640>>
Traceback (most recent call last):
  File "/opt/ros/noetic/lib/python3/dist-packages/rospy/topics.py", line 750, in _invoke_callback
    cb(msg)
  File "/home/kelpie2/Kelpie/kelpie_ws/src/kelpie_hardware_interface/src/kelpie_hardware_interface/servo/servo_subscriber.py", line 17, in callback
    self.servo_interface.set_actuator_postions(joint_angles)
  File "/home/kelpie2/Kelpie/kelpie_ws/src/kelpie_hardware_interface/src/kelpie_hardware_interface/servo/Interface.py", line 92, in set_actuator_postions
    possible_joint_angles = self.impose_physical_limits(joint_angles)
  File "/home/kelpie2/Kelpie/kelpie_ws/src/kelpie_hardware_interface/src/kelpie_hardware_interface/servo/Interface.py", line 191, in impose_physical_limits
    print(upper, self._workspace_boundary_LUT[round(upper)]) if i == 0 else 0
KeyError: -37.0

[rosout][ERROR] 2025-09-09 11:37:43,678: bad callback: <bound method ServoSubscriber.callback of <kelpie_hardware_interface.servo.servo_subscriber.ServoSubscriber object at 0xffffb2826640>>
Traceback (most recent call last):
  File "/opt/ros/noetic/lib/python3/dist-packages/rospy/topics.py", line 750, in _invoke_callback
    cb(msg)
  File "/home/kelpie2/Kelpie/kelpie_ws/src/kelpie_hardware_interface/src/kelpie_hardware_interface/servo/servo_subscriber.py", line 17, in callback
    self.servo_interface.set_actuator_postions(joint_angles)
  File "/home/kelpie2/Kelpie/kelpie_ws/src/kelpie_hardware_interface/src/kelpie_hardware_interface/servo/Interface.py", line 92, in set_actuator_postions
    possible_joint_angles = self.impose_physical_limits(joint_angles)
  File "/home/kelpie2/Kelpie/kelpie_ws/src/kelpie_hardware_interface/src/kelpie_hardware_interface/servo/Interface.py", line 191, in impose_physical_limits
    print(upper, self._workspace_boundary_LUT[round(upper)]) if i == 0 else 0
KeyError: -15.0

[rospy.core][INFO] 2025-09-09 11:38:03,651: signal_shutdown [signal-2]
[rospy.internal][INFO] 2025-09-09 11:38:03,696: topic[/kelpie/leg_control/currents] removing connection to /kelpie
[rospy.internal][INFO] 2025-09-09 11:38:03,697: topic[/kelpie/battery/voltage] removing connection to /kelpie
[rospy.internal][INFO] 2025-09-09 11:38:03,698: topic[/kelpie/imu] removing connection to /kelpie
[rospy.internal][INFO] 2025-09-09 11:38:03,703: topic[/rosout] removing connection to /rosout
[rospy.internal][INFO] 2025-09-09 11:38:03,704: topic[/kelpie/command_input] removing connection to /kelpie
[rospy.internal][INFO] 2025-09-09 11:38:03,705: topic[/kelpie/leg_control/joint_states] removing connection to http://10.237.54.207:39039/
[rospy.internal][INFO] 2025-09-09 11:38:03,706: topic[/joy] removing connection to http://10.237.54.207:41415/
[rospy.impl.masterslave][INFO] 2025-09-09 11:38:03,711: signal-2
[rospy.core][INFO] 2025-09-09 11:38:18,680: signal_shutdown [signal-15]
[rospy.client][INFO] 2025-09-09 11:42:29,720: init_node, name[/hardware], pid[2509]
[xmlrpc][INFO] 2025-09-09 11:42:29,722: XML-RPC server binding to 0.0.0.0:0
[xmlrpc][INFO] 2025-09-09 11:42:29,722: Started XML-RPC server [http://10.237.54.207:33335/]
[rospy.init][INFO] 2025-09-09 11:42:29,723: ROS Slave URI: [http://10.237.54.207:33335/]
[rospy.impl.masterslave][INFO] 2025-09-09 11:42:29,723: _ready: http://10.237.54.207:33335/
[rospy.registration][INFO] 2025-09-09 11:42:29,725: Registering with master node http://localhost:11311/
[xmlrpc][INFO] 2025-09-09 11:42:29,726: xml rpc node: starting XML-RPC server
[rospy.registration][INFO] 2025-09-09 11:42:29,726: Registering publisher topic [/kelpie/leg_control/currents] type [kelpie/joint_states] with master
[rospy.registration][INFO] 2025-09-09 11:42:29,740: Registering publisher topic [/kelpie/battery/voltage] type [kelpie/vec_3d_float32] with master
[rospy.registration][INFO] 2025-09-09 11:42:29,743: Registering publisher topic [/kelpie/imu] type [kelpie/imu] with master
[rospy.init][INFO] 2025-09-09 11:42:29,824: registered with master
[rospy.rosout][INFO] 2025-09-09 11:42:29,824: initializing /rosout core topic
[rospy.rosout][INFO] 2025-09-09 11:42:29,828: connected to core topic /rosout
[rospy.simtime][INFO] 2025-09-09 11:42:29,830: /use_sim_time is not set, will not subscribe to simulated time [/clock] topic
[rospy.internal][INFO] 2025-09-09 11:42:29,927: topic[/joy] adding connection to [http://10.237.54.207:35011/], count 0
[rospy.internal][INFO] 2025-09-09 11:42:29,948: topic[/kelpie/leg_control/joint_states] adding connection to [http://10.237.54.207:32989/], count 0
[rospy.internal][INFO] 2025-09-09 11:42:29,949: topic[/kelpie/battery/voltage] adding connection to [/kelpie], count 0
[rospy.internal][INFO] 2025-09-09 11:42:29,951: topic[/kelpie/leg_control/currents] adding connection to [/kelpie], count 0
[rospy.internal][INFO] 2025-09-09 11:42:30,019: topic[/kelpie/imu] adding connection to [/kelpie], count 0
[rospy.internal][INFO] 2025-09-09 11:42:30,020: topic[/rosout] adding connection to [/rosout], count 0
[rospy.internal][INFO] 2025-09-09 11:42:30,148: topic[/kelpie/command_input] adding connection to [/kelpie], count 0
[rospy.core][INFO] 2025-09-09 11:42:33,240: signal_shutdown [signal-2]
[rospy.internal][INFO] 2025-09-09 11:42:33,260: topic[/kelpie/leg_control/currents] removing connection to /kelpie
[rospy.internal][INFO] 2025-09-09 11:42:33,261: topic[/kelpie/battery/voltage] removing connection to /kelpie
[rospy.internal][INFO] 2025-09-09 11:42:33,262: topic[/kelpie/imu] removing connection to /kelpie
[rospy.internal][INFO] 2025-09-09 11:42:33,263: topic[/rosout] removing connection to /rosout
[rospy.internal][INFO] 2025-09-09 11:42:33,264: topic[/kelpie/command_input] removing connection to /kelpie
[rospy.internal][INFO] 2025-09-09 11:42:33,265: topic[/kelpie/leg_control/joint_states] removing connection to http://10.237.54.207:32989/
[rospy.internal][INFO] 2025-09-09 11:42:33,267: topic[/joy] removing connection to http://10.237.54.207:35011/
[rospy.impl.masterslave][INFO] 2025-09-09 11:42:33,268: signal-2
[rospy.core][INFO] 2025-09-09 11:42:48,273: signal_shutdown [signal-15]
[rospy.client][INFO] 2025-09-09 11:48:41,044: init_node, name[/hardware], pid[2845]
[xmlrpc][INFO] 2025-09-09 11:48:41,045: XML-RPC server binding to 0.0.0.0:0
[xmlrpc][INFO] 2025-09-09 11:48:41,045: Started XML-RPC server [http://10.237.54.207:43991/]
[rospy.init][INFO] 2025-09-09 11:48:41,046: ROS Slave URI: [http://10.237.54.207:43991/]
[rospy.impl.masterslave][INFO] 2025-09-09 11:48:41,046: _ready: http://10.237.54.207:43991/
[rospy.registration][INFO] 2025-09-09 11:48:41,048: Registering with master node http://localhost:11311/
[xmlrpc][INFO] 2025-09-09 11:48:41,048: xml rpc node: starting XML-RPC server
[rospy.registration][INFO] 2025-09-09 11:48:41,048: Registering publisher topic [/kelpie/leg_control/currents] type [kelpie/joint_states] with master
[rospy.registration][INFO] 2025-09-09 11:48:41,061: Registering publisher topic [/kelpie/battery/voltage] type [kelpie/vec_3d_float32] with master
[rospy.registration][INFO] 2025-09-09 11:48:41,064: Registering publisher topic [/kelpie/imu] type [kelpie/imu] with master
[rospy.init][INFO] 2025-09-09 11:48:41,147: registered with master
[rospy.rosout][INFO] 2025-09-09 11:48:41,147: initializing /rosout core topic
[rospy.rosout][INFO] 2025-09-09 11:48:41,151: connected to core topic /rosout
[rospy.simtime][INFO] 2025-09-09 11:48:41,155: /use_sim_time is not set, will not subscribe to simulated time [/clock] topic
[rospy.internal][INFO] 2025-09-09 11:48:41,238: topic[/joy] adding connection to [http://10.237.54.207:46545/], count 0
[rospy.internal][INFO] 2025-09-09 11:48:41,256: topic[/kelpie/leg_control/joint_states] adding connection to [http://10.237.54.207:35479/], count 0
[rospy.internal][INFO] 2025-09-09 11:48:41,319: topic[/kelpie/leg_control/currents] adding connection to [/kelpie], count 0
[rospy.internal][INFO] 2025-09-09 11:48:41,377: topic[/kelpie/battery/voltage] adding connection to [/kelpie], count 0
[rospy.internal][INFO] 2025-09-09 11:48:41,422: topic[/kelpie/imu] adding connection to [/kelpie], count 0
[rospy.internal][INFO] 2025-09-09 11:48:41,424: topic[/rosout] adding connection to [/rosout], count 0
[rospy.internal][INFO] 2025-09-09 11:48:41,535: topic[/kelpie/command_input] adding connection to [/kelpie], count 0
[rosout][ERROR] 2025-09-09 11:48:52,852: bad callback: <bound method ServoSubscriber.callback of <kelpie_hardware_interface.servo.servo_subscriber.ServoSubscriber object at 0xffff8e9a55b0>>
Traceback (most recent call last):
  File "/opt/ros/noetic/lib/python3/dist-packages/rospy/topics.py", line 750, in _invoke_callback
    cb(msg)
  File "/home/kelpie2/Kelpie/kelpie_ws/src/kelpie_hardware_interface/src/kelpie_hardware_interface/servo/servo_subscriber.py", line 17, in callback
    self.servo_interface.set_actuator_postions(joint_angles)
  File "/home/kelpie2/Kelpie/kelpie_ws/src/kelpie_hardware_interface/src/kelpie_hardware_interface/servo/Interface.py", line 92, in set_actuator_postions
    possible_joint_angles = self.impose_physical_limits(joint_angles)
  File "/home/kelpie2/Kelpie/kelpie_ws/src/kelpie_hardware_interface/src/kelpie_hardware_interface/servo/Interface.py", line 191, in impose_physical_limits
    print(upper, self._workspace_boundary_LUT[round(upper)]) if i == 0 else 0
KeyError: -3.0

[rosout][ERROR] 2025-09-09 11:48:57,638: bad callback: <bound method ServoSubscriber.callback of <kelpie_hardware_interface.servo.servo_subscriber.ServoSubscriber object at 0xffff8e9a55b0>>
Traceback (most recent call last):
  File "/opt/ros/noetic/lib/python3/dist-packages/rospy/topics.py", line 750, in _invoke_callback
    cb(msg)
  File "/home/kelpie2/Kelpie/kelpie_ws/src/kelpie_hardware_interface/src/kelpie_hardware_interface/servo/servo_subscriber.py", line 17, in callback
    self.servo_interface.set_actuator_postions(joint_angles)
  File "/home/kelpie2/Kelpie/kelpie_ws/src/kelpie_hardware_interface/src/kelpie_hardware_interface/servo/Interface.py", line 92, in set_actuator_postions
    possible_joint_angles = self.impose_physical_limits(joint_angles)
  File "/home/kelpie2/Kelpie/kelpie_ws/src/kelpie_hardware_interface/src/kelpie_hardware_interface/servo/Interface.py", line 191, in impose_physical_limits
    print(upper, self._workspace_boundary_LUT[round(upper)]) if i == 0 else 0
KeyError: -20.0

[rospy.core][INFO] 2025-09-09 11:49:20,320: signal_shutdown [signal-2]
[rospy.internal][INFO] 2025-09-09 11:49:20,342: topic[/kelpie/leg_control/currents] removing connection to /kelpie
[rospy.internal][INFO] 2025-09-09 11:49:20,343: topic[/kelpie/battery/voltage] removing connection to /kelpie
[rospy.internal][INFO] 2025-09-09 11:49:20,344: topic[/kelpie/imu] removing connection to /kelpie
[rospy.internal][INFO] 2025-09-09 11:49:20,345: topic[/rosout] removing connection to /rosout
[rospy.internal][INFO] 2025-09-09 11:49:20,346: topic[/kelpie/command_input] removing connection to /kelpie
[rospy.internal][INFO] 2025-09-09 11:49:20,346: topic[/kelpie/leg_control/joint_states] removing connection to http://10.237.54.207:35479/
[rospy.internal][INFO] 2025-09-09 11:49:20,347: topic[/joy] removing connection to http://10.237.54.207:46545/
[rospy.impl.masterslave][INFO] 2025-09-09 11:49:20,349: signal-2
[rospy.core][INFO] 2025-09-09 11:49:35,363: signal_shutdown [signal-15]
[rospy.client][INFO] 2025-09-09 11:57:42,617: init_node, name[/hardware], pid[2959]
[xmlrpc][INFO] 2025-09-09 11:57:42,618: XML-RPC server binding to 0.0.0.0:0
[xmlrpc][INFO] 2025-09-09 11:57:42,619: Started XML-RPC server [http://10.237.54.207:39987/]
[rospy.init][INFO] 2025-09-09 11:57:42,620: ROS Slave URI: [http://10.237.54.207:39987/]
[rospy.impl.masterslave][INFO] 2025-09-09 11:57:42,620: _ready: http://10.237.54.207:39987/
[rospy.registration][INFO] 2025-09-09 11:57:42,622: Registering with master node http://localhost:11311/
[xmlrpc][INFO] 2025-09-09 11:57:42,622: xml rpc node: starting XML-RPC server
[rospy.registration][INFO] 2025-09-09 11:57:42,622: Registering publisher topic [/kelpie/leg_control/currents] type [kelpie/joint_states] with master
[rospy.registration][INFO] 2025-09-09 11:57:42,638: Registering publisher topic [/kelpie/battery/voltage] type [kelpie/vec_3d_float32] with master
[rospy.registration][INFO] 2025-09-09 11:57:42,641: Registering publisher topic [/kelpie/imu] type [kelpie/imu] with master
[rospy.init][INFO] 2025-09-09 11:57:42,720: registered with master
[rospy.rosout][INFO] 2025-09-09 11:57:42,721: initializing /rosout core topic
[rospy.rosout][INFO] 2025-09-09 11:57:42,724: connected to core topic /rosout
[rospy.simtime][INFO] 2025-09-09 11:57:42,728: /use_sim_time is not set, will not subscribe to simulated time [/clock] topic
[rospy.internal][INFO] 2025-09-09 11:57:42,804: topic[/kelpie/leg_control/currents] adding connection to [/kelpie], count 0
[rospy.internal][INFO] 2025-09-09 11:57:42,818: topic[/kelpie/battery/voltage] adding connection to [/kelpie], count 0
[rospy.internal][INFO] 2025-09-09 11:57:42,819: topic[/kelpie/leg_control/joint_states] adding connection to [http://10.237.54.207:33233/], count 0
[rospy.internal][INFO] 2025-09-09 11:57:42,825: topic[/joy] adding connection to [http://10.237.54.207:45855/], count 0
[rospy.internal][INFO] 2025-09-09 11:57:42,827: topic[/kelpie/imu] adding connection to [/kelpie], count 0
[rospy.internal][INFO] 2025-09-09 11:57:42,937: topic[/rosout] adding connection to [/rosout], count 0
[rospy.internal][INFO] 2025-09-09 11:57:43,061: topic[/kelpie/command_input] adding connection to [/kelpie], count 0
[rosout][ERROR] 2025-09-09 11:57:51,415: bad callback: <bound method ServoSubscriber.callback of <kelpie_hardware_interface.servo.servo_subscriber.ServoSubscriber object at 0xffffb21ccf70>>
Traceback (most recent call last):
  File "/opt/ros/noetic/lib/python3/dist-packages/rospy/topics.py", line 750, in _invoke_callback
    cb(msg)
  File "/home/kelpie2/Kelpie/kelpie_ws/src/kelpie_hardware_interface/src/kelpie_hardware_interface/servo/servo_subscriber.py", line 17, in callback
    self.servo_interface.set_actuator_postions(joint_angles)
  File "/home/kelpie2/Kelpie/kelpie_ws/src/kelpie_hardware_interface/src/kelpie_hardware_interface/servo/Interface.py", line 92, in set_actuator_postions
    possible_joint_angles = self.impose_physical_limits(joint_angles)
  File "/home/kelpie2/Kelpie/kelpie_ws/src/kelpie_hardware_interface/src/kelpie_hardware_interface/servo/Interface.py", line 191, in impose_physical_limits
    print(upper, self._workspace_boundary_LUT[round(upper)]) if i == 0 else 0
KeyError: -19.0

[rosout][ERROR] 2025-09-09 11:58:03,888: bad callback: <bound method ServoSubscriber.callback of <kelpie_hardware_interface.servo.servo_subscriber.ServoSubscriber object at 0xffffb21ccf70>>
Traceback (most recent call last):
  File "/opt/ros/noetic/lib/python3/dist-packages/rospy/topics.py", line 750, in _invoke_callback
    cb(msg)
  File "/home/kelpie2/Kelpie/kelpie_ws/src/kelpie_hardware_interface/src/kelpie_hardware_interface/servo/servo_subscriber.py", line 17, in callback
    self.servo_interface.set_actuator_postions(joint_angles)
  File "/home/kelpie2/Kelpie/kelpie_ws/src/kelpie_hardware_interface/src/kelpie_hardware_interface/servo/Interface.py", line 92, in set_actuator_postions
    possible_joint_angles = self.impose_physical_limits(joint_angles)
  File "/home/kelpie2/Kelpie/kelpie_ws/src/kelpie_hardware_interface/src/kelpie_hardware_interface/servo/Interface.py", line 191, in impose_physical_limits
    print(upper, self._workspace_boundary_LUT[round(upper)]) if i == 0 else 0
KeyError: -18.0

[rospy.core][INFO] 2025-09-09 11:58:11,835: signal_shutdown [signal-2]
[rospy.internal][INFO] 2025-09-09 11:58:11,865: topic[/kelpie/leg_control/currents] removing connection to /kelpie
[rospy.internal][INFO] 2025-09-09 11:58:11,865: topic[/kelpie/battery/voltage] removing connection to /kelpie
[rospy.internal][INFO] 2025-09-09 11:58:11,866: topic[/kelpie/imu] removing connection to /kelpie
[rospy.internal][INFO] 2025-09-09 11:58:11,868: topic[/rosout] removing connection to /rosout
[rospy.internal][INFO] 2025-09-09 11:58:11,869: topic[/kelpie/command_input] removing connection to /kelpie
[rospy.internal][INFO] 2025-09-09 11:58:11,889: topic[/kelpie/leg_control/joint_states] removing connection to http://10.237.54.207:33233/
[rospy.internal][INFO] 2025-09-09 11:58:11,889: topic[/kelpie/leg_control/joint_states] removing connection to http://10.237.54.207:33233/
[rospy.internal][INFO] 2025-09-09 11:58:11,890: topic[/joy] removing connection to http://10.237.54.207:45855/
[rospy.impl.masterslave][INFO] 2025-09-09 11:58:11,891: signal-2
[rospy.core][INFO] 2025-09-09 11:58:26,862: signal_shutdown [signal-15]
[rospy.client][INFO] 2025-09-09 11:58:43,799: init_node, name[/hardware], pid[3053]
[xmlrpc][INFO] 2025-09-09 11:58:43,800: XML-RPC server binding to 0.0.0.0:0
[xmlrpc][INFO] 2025-09-09 11:58:43,801: Started XML-RPC server [http://10.237.54.207:40639/]
[rospy.impl.masterslave][INFO] 2025-09-09 11:58:43,802: _ready: http://10.237.54.207:40639/
[rospy.init][INFO] 2025-09-09 11:58:43,802: ROS Slave URI: [http://10.237.54.207:40639/]
[rospy.registration][INFO] 2025-09-09 11:58:43,805: Registering with master node http://localhost:11311/
[rospy.registration][INFO] 2025-09-09 11:58:43,805: Registering publisher topic [/kelpie/leg_control/currents] type [kelpie/joint_states] with master
[xmlrpc][INFO] 2025-09-09 11:58:43,806: xml rpc node: starting XML-RPC server
[rospy.registration][INFO] 2025-09-09 11:58:43,821: Registering publisher topic [/kelpie/battery/voltage] type [kelpie/vec_3d_float32] with master
[rospy.registration][INFO] 2025-09-09 11:58:43,823: Registering publisher topic [/kelpie/imu] type [kelpie/imu] with master
[rospy.init][INFO] 2025-09-09 11:58:43,903: registered with master
[rospy.rosout][INFO] 2025-09-09 11:58:43,904: initializing /rosout core topic
[rospy.rosout][INFO] 2025-09-09 11:58:43,907: connected to core topic /rosout
[rospy.simtime][INFO] 2025-09-09 11:58:43,910: /use_sim_time is not set, will not subscribe to simulated time [/clock] topic
[rospy.internal][INFO] 2025-09-09 11:58:43,988: topic[/joy] adding connection to [http://10.237.54.207:45973/], count 0
[rospy.internal][INFO] 2025-09-09 11:58:44,012: topic[/kelpie/leg_control/joint_states] adding connection to [http://10.237.54.207:38059/], count 0
[rospy.internal][INFO] 2025-09-09 11:58:44,091: topic[/kelpie/leg_control/currents] adding connection to [/kelpie], count 0
[rospy.internal][INFO] 2025-09-09 11:58:44,113: topic[/kelpie/battery/voltage] adding connection to [/kelpie], count 0
[rospy.internal][INFO] 2025-09-09 11:58:44,114: topic[/kelpie/imu] adding connection to [/kelpie], count 0
[rospy.internal][INFO] 2025-09-09 11:58:44,144: topic[/rosout] adding connection to [/rosout], count 0
[rospy.internal][INFO] 2025-09-09 11:58:44,231: topic[/kelpie/command_input] adding connection to [/kelpie], count 0
[rosout][ERROR] 2025-09-09 11:58:45,147: bad callback: <bound method ServoSubscriber.callback of <kelpie_hardware_interface.servo.servo_subscriber.ServoSubscriber object at 0xffff7e56d5b0>>
Traceback (most recent call last):
  File "/opt/ros/noetic/lib/python3/dist-packages/rospy/topics.py", line 750, in _invoke_callback
    cb(msg)
  File "/home/kelpie2/Kelpie/kelpie_ws/src/kelpie_hardware_interface/src/kelpie_hardware_interface/servo/servo_subscriber.py", line 17, in callback
    self.servo_interface.set_actuator_postions(joint_angles)
  File "/home/kelpie2/Kelpie/kelpie_ws/src/kelpie_hardware_interface/src/kelpie_hardware_interface/servo/Interface.py", line 92, in set_actuator_postions
    possible_joint_angles = self.impose_physical_limits(joint_angles)
  File "/home/kelpie2/Kelpie/kelpie_ws/src/kelpie_hardware_interface/src/kelpie_hardware_interface/servo/Interface.py", line 191, in impose_physical_limits
    print(upper, self._workspace_boundary_LUT[round(upper)]) if i == 0 else 0
KeyError: -20.0

[rospy.core][INFO] 2025-09-09 11:58:53,392: signal_shutdown [signal-2]
[rospy.internal][INFO] 2025-09-09 11:58:53,410: topic[/kelpie/leg_control/currents] removing connection to /kelpie
[rospy.internal][INFO] 2025-09-09 11:58:53,411: topic[/kelpie/battery/voltage] removing connection to /kelpie
[rospy.internal][INFO] 2025-09-09 11:58:53,411: topic[/kelpie/imu] removing connection to /kelpie
[rospy.internal][INFO] 2025-09-09 11:58:53,413: topic[/rosout] removing connection to /rosout
[rospy.internal][INFO] 2025-09-09 11:58:53,414: topic[/kelpie/command_input] removing connection to /kelpie
[rospy.internal][INFO] 2025-09-09 11:58:53,417: topic[/kelpie/leg_control/joint_states] removing connection to http://10.237.54.207:38059/
[rospy.internal][INFO] 2025-09-09 11:58:53,417: topic[/kelpie/leg_control/joint_states] removing connection to http://10.237.54.207:38059/
[rospy.internal][INFO] 2025-09-09 11:58:53,418: topic[/joy] removing connection to http://10.237.54.207:45973/
[rospy.impl.masterslave][INFO] 2025-09-09 11:58:53,419: signal-2
[rospy.core][INFO] 2025-09-09 11:59:08,423: signal_shutdown [signal-15]
