

1755071651.722483728  Node Startup
1755071654.146530628 INFO /rosapi [rosapi_node:202(<module>)] [topics: /rosout] Rosapi started
1755071654.226174831 INFO /kelpie [main_driver.py:99(KelpieDriver.run)] [topics: /kelpie/battery/voltage, /rosout, /kelpie/command_input, /kelpie/leg_control/currents, /kelpie/imu, /kelpie/leg_control/joint_states] Manual robot control active. Currently not accepting external commands
1755071655.118751287 INFO /rosbridge_websocket [rosbridge_websocket:312(<module>)] [topics: /connected_clients, /rosout, /client_count] Rosbridge WebSocket server started at ws://0.0.0.0:9090
1755071675.192785764 INFO /right_cam/right_cam_image_view [/tmp/binarydeb/ros-noetic-image-view-1.17.0/src/nodelets/image_nodelet.cpp:163(ImageNodelet::onInit)] [topics: /rosout, /right_cam/right_cam_image_view/parameter_descriptions, /right_cam/right_cam_image_view/parameter_updates] Using transport "raw"
1755071675.382727581 INFO /right_cam/right_cam_stream [/tmp/binarydeb/ros-noetic-video-stream-opencv-1.1.6/src/video_stream.cpp:380(VideoStreamNodelet::configCallback)] [topics: /rosout, /right_cam/right_cam_stream/parameter_descriptions, /right_cam/right_cam_stream/parameter_updates] Camera name: right_cam
1755071675.382867357 INFO /right_cam/right_cam_stream [/tmp/binarydeb/ros-noetic-video-stream-opencv-1.1.6/src/video_stream.cpp:381(VideoStreamNodelet::configCallback)] [topics: /rosout, /right_cam/right_cam_stream/parameter_descriptions, /right_cam/right_cam_stream/parameter_updates] Provided camera_info_url: ''
1755071675.382924893 INFO /right_cam/right_cam_stream [/tmp/binarydeb/ros-noetic-video-stream-opencv-1.1.6/src/video_stream.cpp:382(VideoStreamNodelet::configCallback)] [topics: /rosout, /right_cam/right_cam_stream/parameter_descriptions, /right_cam/right_cam_stream/parameter_updates] Publishing with frame_id: webcam
1755071675.383004170 INFO /right_cam/right_cam_stream [/tmp/binarydeb/ros-noetic-video-stream-opencv-1.1.6/src/video_stream.cpp:383(VideoStreamNodelet::configCallback)] [topics: /rosout, /right_cam/right_cam_stream/parameter_descriptions, /right_cam/right_cam_stream/parameter_updates] Setting camera FPS to: 30
1755071675.383210927 INFO /right_cam/right_cam_stream [/tmp/binarydeb/ros-noetic-video-stream-opencv-1.1.6/src/video_stream.cpp:384(VideoStreamNodelet::configCallback)] [topics: /rosout, /right_cam/right_cam_stream/parameter_descriptions, /right_cam/right_cam_stream/parameter_updates] Throttling to fps: 30
1755071675.383373721 INFO /right_cam/right_cam_stream [/tmp/binarydeb/ros-noetic-video-stream-opencv-1.1.6/src/video_stream.cpp:385(VideoStreamNodelet::configCallback)] [topics: /rosout, /right_cam/right_cam_stream/parameter_descriptions, /right_cam/right_cam_stream/parameter_updates] Setting buffer size for capturing frames to: 1
1755071675.383532293 INFO /right_cam/right_cam_stream [/tmp/binarydeb/ros-noetic-video-stream-opencv-1.1.6/src/video_stream.cpp:386(VideoStreamNodelet::configCallback)] [topics: /rosout, /right_cam/right_cam_stream/parameter_descriptions, /right_cam/right_cam_stream/parameter_updates] Flip horizontal image is: false
1755071675.383673310 INFO /right_cam/right_cam_stream [/tmp/binarydeb/ros-noetic-video-stream-opencv-1.1.6/src/video_stream.cpp:387(VideoStreamNodelet::configCallback)] [topics: /rosout, /right_cam/right_cam_stream/parameter_descriptions, /right_cam/right_cam_stream/parameter_updates] Flip vertical image is: false
1755071675.383813234 INFO /right_cam/right_cam_stream [/tmp/binarydeb/ros-noetic-video-stream-opencv-1.1.6/src/video_stream.cpp:388(VideoStreamNodelet::configCallback)] [topics: /rosout, /right_cam/right_cam_stream/parameter_descriptions, /right_cam/right_cam_stream/parameter_updates] Video start frame is: 0
1755071675.384009527 INFO /right_cam/right_cam_stream [/tmp/binarydeb/ros-noetic-video-stream-opencv-1.1.6/src/video_stream.cpp:389(VideoStreamNodelet::configCallback)] [topics: /rosout, /right_cam/right_cam_stream/parameter_descriptions, /right_cam/right_cam_stream/parameter_updates] Video stop frame is: -1
1755071682.484051465 INFO /rosbridge_websocket [autobahn_websocket.py:195(RosbridgeWebSocket.onOpen)] [topics: /connected_clients, /rosout, /client_count] Client connected.  1 clients total.
1755071683.414689540 INFO /rosbridge_websocket [protocol.py:403(RosbridgeProtocol.log)] [topics: /connected_clients, /kelpie/leg_control/joint_states, /rosout, /client_count] [Client 0] Subscribed to /kelpie/leg_control/joint_states
1755071683.429709196 INFO /rosbridge_websocket [protocol.py:403(RosbridgeProtocol.log)] [topics: /kelpie/leg_control/currents, /rosout, /client_count, /connected_clients, /kelpie/leg_control/joint_states] [Client 0] Subscribed to /kelpie/leg_control/currents
1755071683.455229759 INFO /rosbridge_websocket [protocol.py:403(RosbridgeProtocol.log)] [topics: /kelpie/leg_control/currents, /kelpie/battery/voltage, /rosout, /client_count, /connected_clients, /kelpie/leg_control/joint_states] [Client 0] Subscribed to /kelpie/battery/voltage
1755071683.478246212 INFO /rosbridge_websocket [protocol.py:403(RosbridgeProtocol.log)] [topics: /kelpie/leg_control/currents, /kelpie/battery/voltage, /rosout, /client_count, /connected_clients, /kelpie/leg_control/joint_states, /kelpie/imu] [Client 0] Subscribed to /kelpie/imu
1755071684.066431522 INFO /rosbridge_websocket [autobahn_websocket.py:255(RosbridgeWebSocket.onClose)] [topics: /kelpie/leg_control/currents, /kelpie/battery/voltage, /rosout, /client_count, /connected_clients, /kelpie/leg_control/joint_states, /kelpie/imu] Client disconnected. 0 clients total.
1755071684.104571819 INFO /rosbridge_websocket [autobahn_websocket.py:195(RosbridgeWebSocket.onOpen)] [topics: /connected_clients, /rosout, /client_count] Client connected.  1 clients total.
1755071684.181441545 INFO /rosbridge_websocket [protocol.py:403(RosbridgeProtocol.log)] [topics: /connected_clients, /rosout, /raspicam_node/image/compressed, /client_count] [Client 1] Subscribed to /raspicam_node/image/compressed
1755071685.285823583 INFO /rosbridge_websocket [autobahn_websocket.py:255(RosbridgeWebSocket.onClose)] [topics: /connected_clients, /rosout, /raspicam_node/image/compressed, /client_count] Client disconnected. 0 clients total.
1755071685.328891277 INFO /rosbridge_websocket [autobahn_websocket.py:195(RosbridgeWebSocket.onOpen)] [topics: /connected_clients, /rosout, /client_count] Client connected.  1 clients total.
1755071685.352262496 INFO /rosbridge_websocket [protocol.py:403(RosbridgeProtocol.log)] [topics: /connected_clients, /kelpie/leg_control/joint_states, /rosout, /client_count] [Client 2] Subscribed to /kelpie/leg_control/joint_states
1755071685.367810010 INFO /rosbridge_websocket [protocol.py:403(RosbridgeProtocol.log)] [topics: /kelpie/leg_control/currents, /rosout, /client_count, /connected_clients, /kelpie/leg_control/joint_states] [Client 2] Subscribed to /kelpie/leg_control/currents
1755071685.387475967 INFO /rosbridge_websocket [protocol.py:403(RosbridgeProtocol.log)] [topics: /kelpie/leg_control/currents, /kelpie/battery/voltage, /rosout, /client_count, /connected_clients, /kelpie/leg_control/joint_states] [Client 2] Subscribed to /kelpie/battery/voltage
1755071685.410201787 INFO /rosbridge_websocket [protocol.py:403(RosbridgeProtocol.log)] [topics: /kelpie/leg_control/currents, /kelpie/battery/voltage, /rosout, /client_count, /connected_clients, /kelpie/leg_control/joint_states, /kelpie/imu] [Client 2] Subscribed to /kelpie/imu
1755071691.130498647 INFO /rosbridge_websocket [autobahn_websocket.py:255(RosbridgeWebSocket.onClose)] [topics: /kelpie/leg_control/currents, /kelpie/battery/voltage, /rosout, /client_count, /connected_clients, /kelpie/leg_control/joint_states, /kelpie/imu] Client disconnected. 0 clients total.
1755071691.219580888 INFO /rosbridge_websocket [autobahn_websocket.py:195(RosbridgeWebSocket.onOpen)] [topics: /connected_clients, /rosout, /client_count] Client connected.  1 clients total.
1755071691.242081165 INFO /rosbridge_websocket [protocol.py:403(RosbridgeProtocol.log)] [topics: /connected_clients, /rosout, /raspicam_node/image/compressed, /client_count] [Client 3] Subscribed to /raspicam_node/image/compressed
1755071701.355662822 INFO /rosbridge_websocket [autobahn_websocket.py:255(RosbridgeWebSocket.onClose)] [topics: /connected_clients, /rosout, /raspicam_node/image/compressed, /client_count] Client disconnected. 0 clients total.
1755071701.370829105 INFO /rosbridge_websocket [autobahn_websocket.py:195(RosbridgeWebSocket.onOpen)] [topics: /connected_clients, /rosout, /client_count] Client connected.  1 clients total.
1755071709.856826543 INFO /rosbridge_websocket [autobahn_websocket.py:255(RosbridgeWebSocket.onClose)] [topics: /connected_clients, /kelpie/command_input, /rosout, /client_count] Client disconnected. 0 clients total.
1755071709.873852729 INFO /rosbridge_websocket [autobahn_websocket.py:195(RosbridgeWebSocket.onOpen)] [topics: /connected_clients, /kelpie/command_input, /rosout, /client_count] Client connected.  1 clients total.
1755071709.900601863 INFO /rosbridge_websocket [protocol.py:403(RosbridgeProtocol.log)] [topics: /rosout, /client_count, /connected_clients, /kelpie/command_input, /kelpie/leg_control/joint_states] [Client 5] Subscribed to /kelpie/leg_control/joint_states
1755071709.917246818 INFO /rosbridge_websocket [protocol.py:403(RosbridgeProtocol.log)] [topics: /kelpie/leg_control/currents, /rosout, /client_count, /connected_clients, /kelpie/command_input, /kelpie/leg_control/joint_states] [Client 5] Subscribed to /kelpie/leg_control/currents
1755071709.934646129 INFO /rosbridge_websocket [protocol.py:403(RosbridgeProtocol.log)] [topics: /kelpie/leg_control/currents, /kelpie/battery/voltage, /rosout, /client_count, /connected_clients, /kelpie/command_input, /kelpie/leg_control/joint_states] [Client 5] Subscribed to /kelpie/battery/voltage
1755071709.953687191 INFO /rosbridge_websocket [protocol.py:403(RosbridgeProtocol.log)] [topics: /client_count, /connected_clients, /kelpie/command_input, /kelpie/leg_control/currents, /kelpie/imu, /kelpie/battery/voltage, /rosout, /kelpie/leg_control/joint_states] [Client 5] Subscribed to /kelpie/imu
1755071949.326521396 INFO /rosbridge_websocket [autobahn_websocket.py:255(RosbridgeWebSocket.onClose)] [topics: /kelpie/leg_control/currents, /kelpie/battery/voltage, /rosout, /client_count, /connected_clients, /kelpie/leg_control/joint_states, /kelpie/imu] Client disconnected. 0 clients total.
1755071949.360530853 INFO /rosbridge_websocket [autobahn_websocket.py:195(RosbridgeWebSocket.onOpen)] [topics: /connected_clients, /rosout, /client_count] Client connected.  1 clients total.
1755071950.312356948 INFO /rosbridge_websocket [autobahn_websocket.py:255(RosbridgeWebSocket.onClose)] [topics: /connected_clients, /rosout, /client_count] Client disconnected. 0 clients total.
1755071950.401022911 INFO /rosbridge_websocket [autobahn_websocket.py:195(RosbridgeWebSocket.onOpen)] [topics: /connected_clients, /rosout, /client_count] Client connected.  1 clients total.
1755071950.436935186 INFO /rosbridge_websocket [protocol.py:403(RosbridgeProtocol.log)] [topics: /connected_clients, /rosout, /raspicam_node/image/compressed, /client_count] [Client 7] Subscribed to /raspicam_node/image/compressed
1755071952.639880180 INFO /rosbridge_websocket [autobahn_websocket.py:255(RosbridgeWebSocket.onClose)] [topics: /connected_clients, /rosout, /raspicam_node/image/compressed, /client_count] Client disconnected. 0 clients total.
1755071952.651687145 INFO /rosbridge_websocket [autobahn_websocket.py:195(RosbridgeWebSocket.onOpen)] [topics: /connected_clients, /rosout, /client_count] Client connected.  1 clients total.
1755071959.192641258 INFO /rosbridge_websocket [autobahn_websocket.py:255(RosbridgeWebSocket.onClose)] [topics: /connected_clients, /kelpie/command_input, /rosout, /client_count] Client disconnected. 0 clients total.
1755071959.201284408 INFO /rosbridge_websocket [autobahn_websocket.py:195(RosbridgeWebSocket.onOpen)] [topics: /connected_clients, /kelpie/command_input, /rosout, /client_count] Client connected.  1 clients total.
1755071959.225532054 INFO /rosbridge_websocket [protocol.py:403(RosbridgeProtocol.log)] [topics: /rosout, /client_count, /connected_clients, /kelpie/command_input, /kelpie/leg_control/joint_states] [Client 9] Subscribed to /kelpie/leg_control/joint_states
1755071959.241487979 INFO /rosbridge_websocket [protocol.py:403(RosbridgeProtocol.log)] [topics: /kelpie/leg_control/currents, /rosout, /client_count, /connected_clients, /kelpie/command_input, /kelpie/leg_control/joint_states] [Client 9] Subscribed to /kelpie/leg_control/currents
1755071959.261367559 INFO /rosbridge_websocket [protocol.py:403(RosbridgeProtocol.log)] [topics: /kelpie/leg_control/currents, /kelpie/battery/voltage, /rosout, /client_count, /connected_clients, /kelpie/command_input, /kelpie/leg_control/joint_states] [Client 9] Subscribed to /kelpie/battery/voltage
1755071959.282270669 INFO /rosbridge_websocket [protocol.py:403(RosbridgeProtocol.log)] [topics: /client_count, /connected_clients, /kelpie/command_input, /kelpie/leg_control/currents, /kelpie/imu, /kelpie/battery/voltage, /rosout, /kelpie/leg_control/joint_states] [Client 9] Subscribed to /kelpie/imu
