[rospy.client][INFO] 2025-08-13 17:31:11,896: init_node, name[/hardware], pid[2903]
[xmlrpc][INFO] 2025-08-13 17:31:11,898: XML-RPC server binding to 127.0.0.1:0
[xmlrpc][INFO] 2025-08-13 17:31:11,901: Started XML-RPC server [http://localhost:42135/]
[rospy.init][INFO] 2025-08-13 17:31:11,902: ROS Slave URI: [http://localhost:42135/]
[rospy.impl.masterslave][INFO] 2025-08-13 17:31:11,903: _ready: http://localhost:42135/
[rospy.registration][INFO] 2025-08-13 17:31:11,910: Registering with master node http://localhost:11311
[xmlrpc][INFO] 2025-08-13 17:31:11,910: xml rpc node: starting XML-RPC server
[rospy.registration][INFO] 2025-08-13 17:31:11,911: Registering publisher topic [/kelpie/leg_control/currents] type [kelpie/joint_states] with master
[rospy.registration][INFO] 2025-08-13 17:31:11,936: Registering publisher topic [/kelpie/battery/voltage] type [kelpie/vec_3d_float32] with master
[rospy.registration][INFO] 2025-08-13 17:31:11,942: Registering publisher topic [/kelpie/imu] type [kelpie/imu] with master
[rospy.init][INFO] 2025-08-13 17:31:12,004: registered with master
[rospy.rosout][INFO] 2025-08-13 17:31:12,006: initializing /rosout core topic
[rospy.rosout][INFO] 2025-08-13 17:31:12,012: connected to core topic /rosout
[rospy.simtime][INFO] 2025-08-13 17:31:12,016: /use_sim_time is not set, will not subscribe to simulated time [/clock] topic
[rospy.internal][INFO] 2025-08-13 17:31:12,173: topic[/kelpie/leg_control/joint_states] adding connection to [http://localhost:40985/], count 0
[rospy.internal][INFO] 2025-08-13 17:31:12,224: topic[/kelpie/battery/voltage] adding connection to [/kelpie], count 0
[rospy.internal][INFO] 2025-08-13 17:31:12,234: topic[/rosout] adding connection to [/rosout], count 0
[rospy.internal][INFO] 2025-08-13 17:31:12,273: topic[/kelpie/leg_control/currents] adding connection to [/kelpie], count 0
[rospy.internal][INFO] 2025-08-13 17:31:12,280: topic[/kelpie/imu] adding connection to [/kelpie], count 0
[rospy.internal][INFO] 2025-08-13 17:31:12,388: topic[/kelpie/command_input] adding connection to [/kelpie], count 0
[rospy.core][INFO] 2025-08-13 17:31:48,930: signal_shutdown [signal-2]
[rospy.internal][INFO] 2025-08-13 17:31:48,948: topic[/kelpie/leg_control/currents] removing connection to /kelpie
[rospy.internal][INFO] 2025-08-13 17:31:48,949: topic[/kelpie/battery/voltage] removing connection to /kelpie
[rospy.internal][INFO] 2025-08-13 17:31:48,951: topic[/kelpie/imu] removing connection to /kelpie
[rospy.internal][INFO] 2025-08-13 17:31:48,952: topic[/rosout] removing connection to /rosout
[rospy.internal][INFO] 2025-08-13 17:31:48,953: topic[/kelpie/command_input] removing connection to /kelpie
[rospy.internal][INFO] 2025-08-13 17:31:48,954: topic[/kelpie/leg_control/joint_states] removing connection to http://localhost:40985/
[rospy.impl.masterslave][INFO] 2025-08-13 17:31:48,955: signal-2
[rospy.core][INFO] 2025-08-13 17:32:03,967: signal_shutdown [signal-15]
