[rospy.client][INFO] 2025-08-13 17:31:11,486: init_node, name[/kelpie], pid[2900]
[xmlrpc][INFO] 2025-08-13 17:31:11,489: XML-RPC server binding to 127.0.0.1:0
[xmlrpc][INFO] 2025-08-13 17:31:11,491: Started XML-RPC server [http://localhost:40985/]
[rospy.init][INFO] 2025-08-13 17:31:11,491: ROS Slave URI: [http://localhost:40985/]
[rospy.impl.masterslave][INFO] 2025-08-13 17:31:11,492: _ready: http://localhost:40985/
[rospy.registration][INFO] 2025-08-13 17:31:11,495: Registering with master node http://localhost:11311
[xmlrpc][INFO] 2025-08-13 17:31:11,496: xml rpc node: starting XML-RPC server
[rospy.init][INFO] 2025-08-13 17:31:11,593: registered with master
[rospy.rosout][INFO] 2025-08-13 17:31:11,594: initializing /rosout core topic
[rospy.rosout][INFO] 2025-08-13 17:31:11,605: connected to core topic /rosout
[rospy.simtime][INFO] 2025-08-13 17:31:11,608: /use_sim_time is not set, will not subscribe to simulated time [/clock] topic
[rosout][INFO] 2025-08-13 17:31:11,641: Creating input listener...
[rosout][INFO] 2025-08-13 17:31:11,660: Input listener successfully initialised... Robot will now receive commands via Joy messages
[rosout][INFO] 2025-08-13 17:31:11,665: Summary of current gait parameters:
[rosout][INFO] 2025-08-13 17:31:11,671: overlap time: 0.04
[rosout][INFO] 2025-08-13 17:31:11,678: swing time: 0.07
[rosout][INFO] 2025-08-13 17:31:11,684: z clearance: 0.08
[rosout][INFO] 2025-08-13 17:31:11,688: back leg x shift: 0.00
[rosout][INFO] 2025-08-13 17:31:11,692: front leg x shift: 0.05
[rosout][INFO] 2025-08-13 17:31:11,696: Manual robot control active. Currently not accepting external commands
[rospy.internal][INFO] 2025-08-13 17:31:11,882: topic[/rosout] adding connection to [/rosout], count 0
[rospy.internal][INFO] 2025-08-13 17:31:12,058: topic[/kelpie/battery/voltage] adding connection to [http://localhost:42135/], count 0
[rospy.internal][INFO] 2025-08-13 17:31:12,064: topic[/kelpie/leg_control/currents] adding connection to [http://localhost:42135/], count 0
[rospy.internal][INFO] 2025-08-13 17:31:12,106: topic[/kelpie/imu] adding connection to [http://localhost:42135/], count 0
[rospy.internal][INFO] 2025-08-13 17:31:12,276: topic[/kelpie/leg_control/joint_states] adding connection to [/hardware], count 0
[rospy.internal][INFO] 2025-08-13 17:31:12,325: topic[/kelpie/command_input] adding connection to [http://localhost:42135/], count 0
[rospy.internal][INFO] 2025-08-13 17:31:48,949: topic[/kelpie/leg_control/currents] removing connection to http://localhost:42135/
[rospy.internal][INFO] 2025-08-13 17:31:48,951: topic[/kelpie/battery/voltage] removing connection to http://localhost:42135/
[rospy.internal][INFO] 2025-08-13 17:31:48,953: topic[/kelpie/imu] removing connection to http://localhost:42135/
[rospy.internal][INFO] 2025-08-13 17:31:48,954: topic[/kelpie/command_input] removing connection to http://localhost:42135/
[rospy.internal][INFO] 2025-08-13 17:31:49,291: topic[/kelpie/leg_control/joint_states] removing connection to /hardware
[rospy.core][INFO] 2025-08-13 17:32:03,966: signal_shutdown [signal-15]
[rospy.internal][INFO] 2025-08-13 17:32:03,974: topic[/rosout] removing connection to /rosout
[rospy.impl.masterslave][INFO] 2025-08-13 17:32:03,974: signal-15
