[rosmaster.main][INFO] 2025-08-11 11:15:35,969: initialization complete, waiting for shutdown
[rosmaster.main][INFO] 2025-08-11 11:15:35,969: Starting ROS Master Node
[xmlrpc][INFO] 2025-08-11 11:15:35,971: XML-RPC server binding to 127.0.0.1:11311
[xmlrpc][INFO] 2025-08-11 11:15:35,971: Started XML-RPC server [http://localhost:11311/]
[rosmaster.master][INFO] 2025-08-11 11:15:35,972: Master initialized: port[11311], uri[http://localhost:11311/]
[xmlrpc][INFO] 2025-08-11 11:15:35,972: xml rpc node: starting XML-RPC server
[rosmaster.master][INFO] 2025-08-11 11:15:36,002: +PARAM [/run_id] by /roslaunch
[rosmaster.master][INFO] 2025-08-11 11:15:36,006: +PARAM [/roslaunch/uris/host_localhost__41975] by /roslaunch
[rosmaster.master][INFO] 2025-08-11 11:15:36,126: +PARAM [/rosversion] by /roslaunch
[rosmaster.master][INFO] 2025-08-11 11:15:36,126: +PARAM [/rosdistro] by /roslaunch
[rosmaster.master][INFO] 2025-08-11 11:15:36,127: +PARAM [/rosbridge_websocket/authenticate] by /roslaunch
[rosmaster.master][INFO] 2025-08-11 11:15:36,127: +PARAM [/rosbridge_websocket/port] by /roslaunch
[rosmaster.master][INFO] 2025-08-11 11:15:36,127: +PARAM [/rosbridge_websocket/address] by /roslaunch
[rosmaster.master][INFO] 2025-08-11 11:15:36,128: +PARAM [/rosbridge_websocket/retry_startup_delay] by /roslaunch
[rosmaster.master][INFO] 2025-08-11 11:15:36,128: +PARAM [/rosbridge_websocket/fragment_timeout] by /roslaunch
[rosmaster.master][INFO] 2025-08-11 11:15:36,128: +PARAM [/rosbridge_websocket/delay_between_messages] by /roslaunch
[rosmaster.master][INFO] 2025-08-11 11:15:36,128: +PARAM [/rosbridge_websocket/max_message_size] by /roslaunch
[rosmaster.master][INFO] 2025-08-11 11:15:36,129: +PARAM [/rosbridge_websocket/unregister_timeout] by /roslaunch
[rosmaster.master][INFO] 2025-08-11 11:15:36,129: +PARAM [/rosbridge_websocket/use_compression] by /roslaunch
[rosmaster.master][INFO] 2025-08-11 11:15:36,129: +PARAM [/rosbridge_websocket/websocket_ping_interval] by /roslaunch
[rosmaster.master][INFO] 2025-08-11 11:15:36,130: +PARAM [/rosbridge_websocket/websocket_ping_timeout] by /roslaunch
[rosmaster.master][INFO] 2025-08-11 11:15:36,130: +PARAM [/rosbridge_websocket/websocket_external_port] by /roslaunch
[rosmaster.master][INFO] 2025-08-11 11:15:36,130: +PARAM [/rosbridge_websocket/topics_glob] by /roslaunch
[rosmaster.master][INFO] 2025-08-11 11:15:36,131: +PARAM [/rosbridge_websocket/services_glob] by /roslaunch
[rosmaster.master][INFO] 2025-08-11 11:15:36,131: +PARAM [/rosbridge_websocket/params_glob] by /roslaunch
[rosmaster.master][INFO] 2025-08-11 11:15:36,131: +PARAM [/rosbridge_websocket/bson_only_mode] by /roslaunch
[rosmaster.master][INFO] 2025-08-11 11:15:36,131: +PARAM [/rosapi/topics_glob] by /roslaunch
[rosmaster.master][INFO] 2025-08-11 11:15:36,132: +PARAM [/rosapi/services_glob] by /roslaunch
[rosmaster.master][INFO] 2025-08-11 11:15:36,132: +PARAM [/rosapi/params_glob] by /roslaunch
[rosmaster.master][INFO] 2025-08-11 11:15:36,304: +SERVICE [/rosout/get_loggers] /rosout http://localhost:40143/
[rosmaster.master][INFO] 2025-08-11 11:15:36,306: +SERVICE [/rosout/set_logger_level] /rosout http://localhost:40143/
[rosmaster.master][INFO] 2025-08-11 11:15:36,311: +PUB [/rosout_agg] /rosout http://localhost:40143/
[rosmaster.master][INFO] 2025-08-11 11:15:36,321: +SUB [/rosout] /rosout http://localhost:40143/
[rosmaster.master][INFO] 2025-08-11 11:15:37,500: +PUB [/rosout] /rosapi http://localhost:37977/
[rosmaster.master][INFO] 2025-08-11 11:15:37,507: +SERVICE [/rosapi/get_loggers] /rosapi http://localhost:37977/
[rosmaster.master][INFO] 2025-08-11 11:15:37,510: +SERVICE [/rosapi/set_logger_level] /rosapi http://localhost:37977/
[rosmaster.master][INFO] 2025-08-11 11:15:37,519: +SERVICE [/rosapi/topics] /rosapi http://localhost:37977/
[rosmaster.master][INFO] 2025-08-11 11:15:37,522: +SERVICE [/rosapi/topics_for_type] /rosapi http://localhost:37977/
[rosmaster.master][INFO] 2025-08-11 11:15:37,525: +SERVICE [/rosapi/services] /rosapi http://localhost:37977/
[rosmaster.master][INFO] 2025-08-11 11:15:37,527: +SERVICE [/rosapi/services_for_type] /rosapi http://localhost:37977/
[rosmaster.master][INFO] 2025-08-11 11:15:37,530: +SERVICE [/rosapi/nodes] /rosapi http://localhost:37977/
[rosmaster.master][INFO] 2025-08-11 11:15:37,533: +SERVICE [/rosapi/node_details] /rosapi http://localhost:37977/
[rosmaster.master][INFO] 2025-08-11 11:15:37,536: +SERVICE [/rosapi/action_servers] /rosapi http://localhost:37977/
[rosmaster.master][INFO] 2025-08-11 11:15:37,539: +SERVICE [/rosapi/topic_type] /rosapi http://localhost:37977/
[rosmaster.master][INFO] 2025-08-11 11:15:37,543: +SERVICE [/rosapi/service_type] /rosapi http://localhost:37977/
[rosmaster.master][INFO] 2025-08-11 11:15:37,546: +SERVICE [/rosapi/publishers] /rosapi http://localhost:37977/
[rosmaster.master][INFO] 2025-08-11 11:15:37,549: +SERVICE [/rosapi/subscribers] /rosapi http://localhost:37977/
[rosmaster.master][INFO] 2025-08-11 11:15:37,552: +SERVICE [/rosapi/service_providers] /rosapi http://localhost:37977/
[rosmaster.master][INFO] 2025-08-11 11:15:37,555: +SERVICE [/rosapi/service_node] /rosapi http://localhost:37977/
[rosmaster.master][INFO] 2025-08-11 11:15:37,558: +SERVICE [/rosapi/service_host] /rosapi http://localhost:37977/
[rosmaster.master][INFO] 2025-08-11 11:15:37,561: +SERVICE [/rosapi/message_details] /rosapi http://localhost:37977/
[rosmaster.master][INFO] 2025-08-11 11:15:37,564: +SERVICE [/rosapi/service_request_details] /rosapi http://localhost:37977/
[rosmaster.master][INFO] 2025-08-11 11:15:37,567: +SERVICE [/rosapi/service_response_details] /rosapi http://localhost:37977/
[rosmaster.master][INFO] 2025-08-11 11:15:37,570: +SERVICE [/rosapi/set_param] /rosapi http://localhost:37977/
[rosmaster.master][INFO] 2025-08-11 11:15:37,573: publisherUpdate[/rosout] -> http://localhost:40143/ ['http://localhost:37977/']
[rosmaster.master][INFO] 2025-08-11 11:15:37,574: +SERVICE [/rosapi/get_param] /rosapi http://localhost:37977/
[rosmaster.master][INFO] 2025-08-11 11:15:37,583: +SERVICE [/rosapi/has_param] /rosapi http://localhost:37977/
[rosmaster.master][INFO] 2025-08-11 11:15:37,587: publisherUpdate[/rosout] -> http://localhost:40143/ ['http://localhost:37977/']: sec=0.01, result=[1, '', 0]
[rosmaster.master][INFO] 2025-08-11 11:15:37,587: +SERVICE [/rosapi/search_param] /rosapi http://localhost:37977/
[rosmaster.master][INFO] 2025-08-11 11:15:37,591: +SERVICE [/rosapi/delete_param] /rosapi http://localhost:37977/
[rosmaster.master][INFO] 2025-08-11 11:15:37,594: +SERVICE [/rosapi/get_param_names] /rosapi http://localhost:37977/
[rosmaster.master][INFO] 2025-08-11 11:15:37,597: +SERVICE [/rosapi/get_time] /rosapi http://localhost:37977/
[rosmaster.master][INFO] 2025-08-11 11:15:37,600: +SERVICE [/rosapi/topics_and_raw_types] /rosapi http://localhost:37977/
[rosmaster.master][INFO] 2025-08-11 11:15:37,603: +CACHEDPARAM [/rosout_disable_topics_generation] by /rosapi
[rosmaster.master][INFO] 2025-08-11 11:15:37,793: +CACHEDPARAM [/rosout/omit_topics] by /rosout
[rosmaster.master][INFO] 2025-08-11 11:15:38,279: +PUB [/rosout] /rosbridge_websocket http://localhost:34757/
[rosmaster.master][INFO] 2025-08-11 11:15:38,288: +SERVICE [/rosbridge_websocket/get_loggers] /rosbridge_websocket http://localhost:34757/
[rosmaster.master][INFO] 2025-08-11 11:15:38,289: publisherUpdate[/rosout] -> http://localhost:40143/ ['http://localhost:37977/', 'http://localhost:34757/']
[rosmaster.master][INFO] 2025-08-11 11:15:38,291: +SERVICE [/rosbridge_websocket/set_logger_level] /rosbridge_websocket http://localhost:34757/
[rosmaster.master][INFO] 2025-08-11 11:15:38,297: publisherUpdate[/rosout] -> http://localhost:40143/ ['http://localhost:37977/', 'http://localhost:34757/']: sec=0.01, result=[1, '', 0]
[rosmaster.master][INFO] 2025-08-11 11:15:38,333: +PUB [/client_count] /rosbridge_websocket http://localhost:34757/
[rosmaster.master][INFO] 2025-08-11 11:15:38,336: +PUB [/connected_clients] /rosbridge_websocket http://localhost:34757/
[rosmaster.master][INFO] 2025-08-11 11:15:38,345: +PARAM [/rosbridge_websocket/actual_port] by /rosbridge_websocket
[rosmaster.master][INFO] 2025-08-11 11:15:38,353: +CACHEDPARAM [/rosout_disable_topics_generation] by /rosbridge_websocket
[rosmaster.master][INFO] 2025-08-11 11:16:23,435: -PUB [/rosout] /rosbridge_websocket http://localhost:34757/
[rosmaster.master][INFO] 2025-08-11 11:16:23,440: -PUB [/rosout] /rosapi http://localhost:37977/
[rosmaster.master][INFO] 2025-08-11 11:16:23,441: -PUB [/client_count] /rosbridge_websocket http://localhost:34757/
[rosmaster.master][INFO] 2025-08-11 11:16:23,441: -SERVICE [/rosapi/get_loggers] /rosapi rosrpc://localhost:36441
[rosmaster.master][INFO] 2025-08-11 11:16:23,442: -PUB [/connected_clients] /rosbridge_websocket http://localhost:34757/
[rosmaster.master][INFO] 2025-08-11 11:16:23,442: -SERVICE [/rosapi/set_logger_level] /rosapi rosrpc://localhost:36441
[rosmaster.master][INFO] 2025-08-11 11:16:23,442: -SERVICE [/rosbridge_websocket/get_loggers] /rosbridge_websocket rosrpc://localhost:44361
[rosmaster.master][INFO] 2025-08-11 11:16:23,443: -SERVICE [/rosapi/topics] /rosapi rosrpc://localhost:36441
[rosmaster.master][INFO] 2025-08-11 11:16:23,443: -SERVICE [/rosbridge_websocket/set_logger_level] /rosbridge_websocket rosrpc://localhost:44361
[rosmaster.master][INFO] 2025-08-11 11:16:23,444: -SERVICE [/rosapi/topics_for_type] /rosapi rosrpc://localhost:36441
[rosmaster.master][INFO] 2025-08-11 11:16:23,444: -SERVICE [/rosapi/services] /rosapi rosrpc://localhost:36441
[rosmaster.master][INFO] 2025-08-11 11:16:23,445: -SERVICE [/rosapi/services_for_type] /rosapi rosrpc://localhost:36441
[rosmaster.master][INFO] 2025-08-11 11:16:23,445: -SERVICE [/rosapi/nodes] /rosapi rosrpc://localhost:36441
[rosmaster.master][INFO] 2025-08-11 11:16:23,446: -SERVICE [/rosapi/node_details] /rosapi rosrpc://localhost:36441
[rosmaster.master][INFO] 2025-08-11 11:16:23,446: -SERVICE [/rosapi/action_servers] /rosapi rosrpc://localhost:36441
[rosmaster.master][INFO] 2025-08-11 11:16:23,446: -SERVICE [/rosapi/topic_type] /rosapi rosrpc://localhost:36441
[rosmaster.master][INFO] 2025-08-11 11:16:23,447: -SERVICE [/rosapi/service_type] /rosapi rosrpc://localhost:36441
[rosmaster.master][INFO] 2025-08-11 11:16:23,447: -SERVICE [/rosapi/publishers] /rosapi rosrpc://localhost:36441
[rosmaster.master][INFO] 2025-08-11 11:16:23,448: -SERVICE [/rosapi/subscribers] /rosapi rosrpc://localhost:36441
[rosmaster.master][INFO] 2025-08-11 11:16:23,448: -SERVICE [/rosapi/service_providers] /rosapi rosrpc://localhost:36441
[rosmaster.master][INFO] 2025-08-11 11:16:23,448: -SERVICE [/rosapi/service_node] /rosapi rosrpc://localhost:36441
[rosmaster.master][INFO] 2025-08-11 11:16:23,449: -SERVICE [/rosapi/service_host] /rosapi rosrpc://localhost:36441
[rosmaster.master][INFO] 2025-08-11 11:16:23,449: -SERVICE [/rosapi/message_details] /rosapi rosrpc://localhost:36441
[rosmaster.master][INFO] 2025-08-11 11:16:23,449: -SERVICE [/rosapi/service_request_details] /rosapi rosrpc://localhost:36441
[rosmaster.master][INFO] 2025-08-11 11:16:23,449: -SERVICE [/rosapi/service_response_details] /rosapi rosrpc://localhost:36441
[rosmaster.master][INFO] 2025-08-11 11:16:23,450: -SERVICE [/rosapi/set_param] /rosapi rosrpc://localhost:36441
[rosmaster.master][INFO] 2025-08-11 11:16:23,450: -SERVICE [/rosapi/get_param] /rosapi rosrpc://localhost:36441
[rosmaster.master][INFO] 2025-08-11 11:16:23,450: -SERVICE [/rosapi/has_param] /rosapi rosrpc://localhost:36441
[rosmaster.master][INFO] 2025-08-11 11:16:23,450: -SERVICE [/rosapi/search_param] /rosapi rosrpc://localhost:36441
[rosmaster.master][INFO] 2025-08-11 11:16:23,450: -SERVICE [/rosapi/delete_param] /rosapi rosrpc://localhost:36441
[rosmaster.master][INFO] 2025-08-11 11:16:23,451: -SERVICE [/rosapi/get_param_names] /rosapi rosrpc://localhost:36441
[rosmaster.master][INFO] 2025-08-11 11:16:23,451: -SERVICE [/rosapi/get_time] /rosapi rosrpc://localhost:36441
[rosmaster.master][INFO] 2025-08-11 11:16:23,451: -SERVICE [/rosapi/topics_and_raw_types] /rosapi rosrpc://localhost:36441
[rosmaster.master][INFO] 2025-08-11 11:16:23,458: publisherUpdate[/rosout] -> http://localhost:40143/ ['http://localhost:37977/']
[rosmaster.master][INFO] 2025-08-11 11:16:23,461: publisherUpdate[/rosout] -> http://localhost:40143/ ['http://localhost:37977/']: sec=0.00, result=[1, '', 0]
[rosmaster.master][INFO] 2025-08-11 11:16:23,461: publisherUpdate[/rosout] -> http://localhost:40143/ []
[rosmaster.master][INFO] 2025-08-11 11:16:23,463: publisherUpdate[/rosout] -> http://localhost:40143/ []: sec=0.00, result=[1, '', 0]
[rosmaster.master][INFO] 2025-08-11 11:16:24,466: -PUB [/rosout_agg] /rosout http://localhost:40143/
[rosmaster.master][INFO] 2025-08-11 11:16:24,469: -SUB [/rosout] /rosout http://localhost:40143/
[rosmaster.master][INFO] 2025-08-11 11:16:24,471: -SERVICE [/rosout/get_loggers] /rosout rosrpc://localhost:42869
[rosmaster.master][INFO] 2025-08-11 11:16:24,472: -SERVICE [/rosout/set_logger_level] /rosout rosrpc://localhost:42869
[rosmaster.master][INFO] 2025-08-11 11:16:24,474: -CACHEDPARAM [/rosout/omit_topics] by /rosout
[rosmaster.main][INFO] 2025-08-11 11:16:24,641: keyboard interrupt, will exit
[rosmaster.main][INFO] 2025-08-11 11:16:24,641: stopping master...
[rospy.core][INFO] 2025-08-11 11:16:24,642: signal_shutdown [atexit]
