[rospy.client][INFO] 2025-08-19 15:11:16,057: init_node, name[/hardware], pid[4577]
[xmlrpc][INFO] 2025-08-19 15:11:16,059: XML-RPC server binding to 127.0.0.1:0
[xmlrpc][INFO] 2025-08-19 15:11:16,060: Started XML-RPC server [http://localhost:36355/]
[rospy.init][INFO] 2025-08-19 15:11:16,060: ROS Slave URI: [http://localhost:36355/]
[rospy.impl.masterslave][INFO] 2025-08-19 15:11:16,060: _ready: http://localhost:36355/
[rospy.registration][INFO] 2025-08-19 15:11:16,062: Registering with master node http://localhost:11311
[xmlrpc][INFO] 2025-08-19 15:11:16,063: xml rpc node: starting XML-RPC server
[rospy.registration][INFO] 2025-08-19 15:11:16,063: Registering publisher topic [/kelpie/leg_control/currents] type [kelpie/joint_states] with master
[rospy.registration][INFO] 2025-08-19 15:11:16,078: Registering publisher topic [/kelpie/battery/voltage] type [kelpie/vec_3d_float32] with master
[rospy.registration][INFO] 2025-08-19 15:11:16,083: Registering publisher topic [/kelpie/imu] type [kelpie/imu] with master
[rospy.init][INFO] 2025-08-19 15:11:16,161: registered with master
[rospy.rosout][INFO] 2025-08-19 15:11:16,161: initializing /rosout core topic
[rospy.rosout][INFO] 2025-08-19 15:11:16,165: connected to core topic /rosout
[rospy.simtime][INFO] 2025-08-19 15:11:16,169: /use_sim_time is not set, will not subscribe to simulated time [/clock] topic
[rospy.internal][INFO] 2025-08-19 15:11:16,267: topic[/kelpie/leg_control/currents] adding connection to [/kelpie], count 0
[rospy.internal][INFO] 2025-08-19 15:11:16,285: topic[/kelpie/imu] adding connection to [/kelpie], count 0
[rospy.internal][INFO] 2025-08-19 15:11:16,286: topic[/joy] adding connection to [http://localhost:46477/], count 0
[rospy.internal][INFO] 2025-08-19 15:11:16,306: topic[/kelpie/battery/voltage] adding connection to [/kelpie], count 0
[rospy.internal][INFO] 2025-08-19 15:11:16,315: topic[/kelpie/leg_control/joint_states] adding connection to [http://localhost:42833/], count 0
[rospy.internal][INFO] 2025-08-19 15:11:16,405: topic[/rosout] adding connection to [/rosout], count 0
[rospy.internal][INFO] 2025-08-19 15:11:16,469: topic[/kelpie/command_input] adding connection to [/kelpie], count 0
[rospy.core][INFO] 2025-08-19 15:11:33,585: signal_shutdown [signal-2]
[rospy.internal][INFO] 2025-08-19 15:11:33,601: topic[/kelpie/leg_control/currents] removing connection to /kelpie
[rospy.internal][INFO] 2025-08-19 15:11:33,602: topic[/kelpie/battery/voltage] removing connection to /kelpie
[rospy.internal][INFO] 2025-08-19 15:11:33,603: topic[/kelpie/imu] removing connection to /kelpie
[rospy.internal][INFO] 2025-08-19 15:11:33,605: topic[/rosout] removing connection to /rosout
[rospy.internal][INFO] 2025-08-19 15:11:33,606: topic[/kelpie/command_input] removing connection to /kelpie
[rospy.internal][INFO] 2025-08-19 15:11:33,607: topic[/kelpie/leg_control/joint_states] removing connection to http://localhost:42833/
[rospy.internal][INFO] 2025-08-19 15:11:33,610: topic[/joy] removing connection to http://localhost:46477/
[rospy.internal][INFO] 2025-08-19 15:11:33,611: topic[/joy] removing connection to http://localhost:46477/
[rospy.impl.masterslave][INFO] 2025-08-19 15:11:33,611: signal-2
[rospy.core][INFO] 2025-08-19 15:11:48,633: signal_shutdown [signal-15]
[rospy.client][INFO] 2025-08-19 15:12:04,731: init_node, name[/hardware], pid[4668]
[xmlrpc][INFO] 2025-08-19 15:12:04,732: XML-RPC server binding to 127.0.0.1:0
[xmlrpc][INFO] 2025-08-19 15:12:04,733: Started XML-RPC server [http://localhost:44079/]
[rospy.init][INFO] 2025-08-19 15:12:04,734: ROS Slave URI: [http://localhost:44079/]
[rospy.impl.masterslave][INFO] 2025-08-19 15:12:04,734: _ready: http://localhost:44079/
[rospy.registration][INFO] 2025-08-19 15:12:04,736: Registering with master node http://localhost:11311
[xmlrpc][INFO] 2025-08-19 15:12:04,736: xml rpc node: starting XML-RPC server
[rospy.registration][INFO] 2025-08-19 15:12:04,737: Registering publisher topic [/kelpie/leg_control/currents] type [kelpie/joint_states] with master
[rospy.registration][INFO] 2025-08-19 15:12:04,752: Registering publisher topic [/kelpie/battery/voltage] type [kelpie/vec_3d_float32] with master
[rospy.registration][INFO] 2025-08-19 15:12:04,754: Registering publisher topic [/kelpie/imu] type [kelpie/imu] with master
[rospy.init][INFO] 2025-08-19 15:12:04,834: registered with master
[rospy.rosout][INFO] 2025-08-19 15:12:04,835: initializing /rosout core topic
[rospy.rosout][INFO] 2025-08-19 15:12:04,838: connected to core topic /rosout
[rospy.simtime][INFO] 2025-08-19 15:12:04,842: /use_sim_time is not set, will not subscribe to simulated time [/clock] topic
[rospy.internal][INFO] 2025-08-19 15:12:04,944: topic[/joy] adding connection to [http://localhost:32769/], count 0
[rospy.internal][INFO] 2025-08-19 15:12:04,977: topic[/kelpie/leg_control/joint_states] adding connection to [http://localhost:43149/], count 0
[rospy.internal][INFO] 2025-08-19 15:12:05,065: topic[/rosout] adding connection to [/rosout], count 0
[rospy.internal][INFO] 2025-08-19 15:12:05,105: topic[/kelpie/imu] adding connection to [/kelpie], count 0
[rospy.internal][INFO] 2025-08-19 15:12:05,110: topic[/kelpie/battery/voltage] adding connection to [/kelpie], count 0
[rospy.internal][INFO] 2025-08-19 15:12:05,138: topic[/kelpie/leg_control/currents] adding connection to [/kelpie], count 0
[rospy.internal][INFO] 2025-08-19 15:12:05,211: topic[/kelpie/command_input] adding connection to [/kelpie], count 0
[rospy.internal][INFO] 2025-08-19 15:12:16,847: topic[/kelpie/leg_control/currents] adding connection to [/rosbridge_websocket], count 1
[rospy.internal][INFO] 2025-08-19 15:12:16,878: topic[/kelpie/battery/voltage] adding connection to [/rosbridge_websocket], count 1
[rospy.internal][INFO] 2025-08-19 15:12:16,891: topic[/kelpie/imu] adding connection to [/rosbridge_websocket], count 1
[rospy.internal][INFO] 2025-08-19 15:12:26,673: topic[/kelpie/leg_control/currents] removing connection to /rosbridge_websocket
[rospy.internal][INFO] 2025-08-19 15:12:26,679: topic[/kelpie/imu] removing connection to /rosbridge_websocket
[rospy.internal][INFO] 2025-08-19 15:12:26,714: topic[/kelpie/leg_control/currents] adding connection to [/rosbridge_websocket], count 1
[rospy.internal][INFO] 2025-08-19 15:12:26,744: topic[/kelpie/battery/voltage] adding connection to [/rosbridge_websocket], count 2
[rospy.internal][INFO] 2025-08-19 15:12:26,746: topic[/kelpie/battery/voltage] removing connection to /rosbridge_websocket
[rospy.internal][INFO] 2025-08-19 15:12:26,753: topic[/kelpie/imu] adding connection to [/rosbridge_websocket], count 1
[rospy.internal][INFO] 2025-08-19 15:12:31,144: topic[/kelpie/leg_control/currents] removing connection to /rosbridge_websocket
[rospy.internal][INFO] 2025-08-19 15:12:31,149: topic[/kelpie/imu] removing connection to /rosbridge_websocket
[rospy.internal][INFO] 2025-08-19 15:12:31,257: topic[/kelpie/leg_control/currents] adding connection to [/rosbridge_websocket], count 1
[rospy.internal][INFO] 2025-08-19 15:12:31,284: topic[/kelpie/battery/voltage] adding connection to [/rosbridge_websocket], count 2
[rospy.internal][INFO] 2025-08-19 15:12:31,285: topic[/kelpie/battery/voltage] removing connection to /rosbridge_websocket
[rospy.internal][INFO] 2025-08-19 15:12:31,296: topic[/kelpie/imu] adding connection to [/rosbridge_websocket], count 1
[rospy.internal][INFO] 2025-08-19 15:12:32,343: topic[/kelpie/leg_control/currents] removing connection to /rosbridge_websocket
[rospy.internal][INFO] 2025-08-19 15:12:32,349: topic[/kelpie/imu] removing connection to /rosbridge_websocket
[rospy.internal][INFO] 2025-08-19 15:12:32,383: topic[/kelpie/leg_control/currents] adding connection to [/rosbridge_websocket], count 1
[rospy.internal][INFO] 2025-08-19 15:12:32,408: topic[/kelpie/battery/voltage] adding connection to [/rosbridge_websocket], count 2
[rospy.internal][INFO] 2025-08-19 15:12:32,409: topic[/kelpie/battery/voltage] removing connection to /rosbridge_websocket
[rospy.internal][INFO] 2025-08-19 15:12:32,426: topic[/kelpie/imu] adding connection to [/rosbridge_websocket], count 1
[rospy.internal][INFO] 2025-08-19 15:12:33,547: topic[/kelpie/leg_control/currents] removing connection to /rosbridge_websocket
[rospy.internal][INFO] 2025-08-19 15:12:33,615: topic[/kelpie/imu] removing connection to /rosbridge_websocket
[rospy.internal][INFO] 2025-08-19 15:12:33,841: topic[/kelpie/leg_control/currents] adding connection to [/rosbridge_websocket], count 1
[rospy.internal][INFO] 2025-08-19 15:12:33,877: topic[/kelpie/battery/voltage] adding connection to [/rosbridge_websocket], count 2
[rospy.internal][INFO] 2025-08-19 15:12:33,878: topic[/kelpie/battery/voltage] removing connection to /rosbridge_websocket
[rospy.internal][INFO] 2025-08-19 15:12:33,892: topic[/kelpie/imu] adding connection to [/rosbridge_websocket], count 1
[rospy.core][INFO] 2025-08-19 15:13:08,904: signal_shutdown [signal-2]
[rospy.internal][INFO] 2025-08-19 15:13:08,918: topic[/kelpie/leg_control/currents] removing connection to /kelpie
[rospy.internal][INFO] 2025-08-19 15:13:08,920: topic[/kelpie/leg_control/currents] removing connection to /rosbridge_websocket
[rospy.internal][INFO] 2025-08-19 15:13:08,921: topic[/kelpie/battery/voltage] removing connection to /kelpie
[rospy.internal][INFO] 2025-08-19 15:13:08,922: topic[/kelpie/battery/voltage] removing connection to /rosbridge_websocket
[rospy.internal][INFO] 2025-08-19 15:13:08,924: topic[/kelpie/imu] removing connection to /kelpie
[rospy.internal][INFO] 2025-08-19 15:13:08,925: topic[/kelpie/imu] removing connection to /rosbridge_websocket
[rospy.internal][INFO] 2025-08-19 15:13:08,926: topic[/rosout] removing connection to /rosout
[rospy.internal][INFO] 2025-08-19 15:13:08,927: topic[/kelpie/command_input] removing connection to /kelpie
[rospy.internal][INFO] 2025-08-19 15:13:08,929: topic[/kelpie/leg_control/joint_states] removing connection to http://localhost:43149/
[rospy.internal][INFO] 2025-08-19 15:13:08,930: topic[/joy] removing connection to http://localhost:32769/
[rospy.impl.masterslave][INFO] 2025-08-19 15:13:08,931: signal-2
[rospy.core][INFO] 2025-08-19 15:13:23,937: signal_shutdown [signal-15]
