[rosmaster.main][INFO] 2025-08-19 15:11:06,550: initialization complete, waiting for shutdown
[rosmaster.main][INFO] 2025-08-19 15:11:06,550: Starting ROS Master Node
[xmlrpc][INFO] 2025-08-19 15:11:06,552: XML-RPC server binding to 0.0.0.0:11311
[xmlrpc][INFO] 2025-08-19 15:11:06,553: Started XML-RPC server [http://10.176.33.207:11311/]
[rosmaster.master][INFO] 2025-08-19 15:11:06,553: Master initialized: port[11311], uri[http://10.176.33.207:11311/]
[xmlrpc][INFO] 2025-08-19 15:11:06,553: xml rpc node: starting XML-RPC server
[rosmaster.master][INFO] 2025-08-19 15:11:06,594: +PARAM [/run_id] by /roslaunch
[rosmaster.master][INFO] 2025-08-19 15:11:06,597: +PARAM [/roslaunch/uris/host_10_176_33_207__35893] by /roslaunch
[rosmaster.master][INFO] 2025-08-19 15:11:06,738: +PARAM [/rosversion] by /roslaunch
[rosmaster.master][INFO] 2025-08-19 15:11:06,738: +PARAM [/rosdistro] by /roslaunch
[rosmaster.master][INFO] 2025-08-19 15:11:06,750: +SERVICE [/rosout/get_loggers] /rosout http://10.176.33.207:38841/
[rosmaster.master][INFO] 2025-08-19 15:11:06,751: +SERVICE [/rosout/set_logger_level] /rosout http://10.176.33.207:38841/
[rosmaster.master][INFO] 2025-08-19 15:11:06,754: +PUB [/rosout_agg] /rosout http://10.176.33.207:38841/
[rosmaster.master][INFO] 2025-08-19 15:11:06,760: +SUB [/rosout] /rosout http://10.176.33.207:38841/
[rosmaster.master][INFO] 2025-08-19 15:11:09,760: +CACHEDPARAM [/rosout_disable_topics_generation] by /rosbridge_websocket
[rosmaster.master][INFO] 2025-08-19 15:11:09,846: +CACHEDPARAM [/rosout_disable_topics_generation] by /rosbridge_websocket
[rosmaster.master][INFO] 2025-08-19 15:11:09,936: +CACHEDPARAM [/rosout_disable_topics_generation] by /rosbridge_websocket
[rosmaster.master][INFO] 2025-08-19 15:11:09,943: +CACHEDPARAM [/rosout_disable_topics_generation] by /rosbridge_websocket
[rosmaster.master][INFO] 2025-08-19 15:11:09,947: +CACHEDPARAM [/rosout_disable_topics_generation] by /rosbridge_websocket
[rosmaster.master][INFO] 2025-08-19 15:11:09,952: +CACHEDPARAM [/rosout_disable_topics_generation] by /rosbridge_websocket
[rosmaster.master][INFO] 2025-08-19 15:11:13,440: +PARAM [/roslaunch/uris/host_localhost__45345] by /roslaunch
[rosmaster.master][INFO] 2025-08-19 15:11:13,453: +PARAM [/rosversion] by /roslaunch
[rosmaster.master][INFO] 2025-08-19 15:11:13,454: +PARAM [/rosdistro] by /roslaunch
[rosmaster.master][INFO] 2025-08-19 15:11:13,454: +PARAM [/rosbridge_websocket/authenticate] by /roslaunch
[rosmaster.master][INFO] 2025-08-19 15:11:13,454: +PARAM [/rosbridge_websocket/port] by /roslaunch
[rosmaster.master][INFO] 2025-08-19 15:11:13,454: +PARAM [/rosbridge_websocket/address] by /roslaunch
[rosmaster.master][INFO] 2025-08-19 15:11:13,455: +PARAM [/rosbridge_websocket/retry_startup_delay] by /roslaunch
[rosmaster.master][INFO] 2025-08-19 15:11:13,455: +PARAM [/rosbridge_websocket/fragment_timeout] by /roslaunch
[rosmaster.master][INFO] 2025-08-19 15:11:13,455: +PARAM [/rosbridge_websocket/delay_between_messages] by /roslaunch
[rosmaster.master][INFO] 2025-08-19 15:11:13,455: +PARAM [/rosbridge_websocket/max_message_size] by /roslaunch
[rosmaster.master][INFO] 2025-08-19 15:11:13,456: +PARAM [/rosbridge_websocket/unregister_timeout] by /roslaunch
[rosmaster.master][INFO] 2025-08-19 15:11:13,456: +PARAM [/rosbridge_websocket/use_compression] by /roslaunch
[rosmaster.master][INFO] 2025-08-19 15:11:13,456: +PARAM [/rosbridge_websocket/websocket_ping_interval] by /roslaunch
[rosmaster.master][INFO] 2025-08-19 15:11:13,456: +PARAM [/rosbridge_websocket/websocket_ping_timeout] by /roslaunch
[rosmaster.master][INFO] 2025-08-19 15:11:13,456: +PARAM [/rosbridge_websocket/websocket_external_port] by /roslaunch
[rosmaster.master][INFO] 2025-08-19 15:11:13,457: +PARAM [/rosbridge_websocket/topics_glob] by /roslaunch
[rosmaster.master][INFO] 2025-08-19 15:11:13,457: +PARAM [/rosbridge_websocket/services_glob] by /roslaunch
[rosmaster.master][INFO] 2025-08-19 15:11:13,457: +PARAM [/rosbridge_websocket/params_glob] by /roslaunch
[rosmaster.master][INFO] 2025-08-19 15:11:13,458: +PARAM [/rosbridge_websocket/bson_only_mode] by /roslaunch
[rosmaster.master][INFO] 2025-08-19 15:11:13,458: +PARAM [/rosapi/topics_glob] by /roslaunch
[rosmaster.master][INFO] 2025-08-19 15:11:13,458: +PARAM [/rosapi/services_glob] by /roslaunch
[rosmaster.master][INFO] 2025-08-19 15:11:13,458: +PARAM [/rosapi/params_glob] by /roslaunch
[rosmaster.master][INFO] 2025-08-19 15:11:13,458: +PARAM [/JOYSTICK/autorepeat_rate] by /roslaunch
[rosmaster.master][INFO] 2025-08-19 15:11:13,459: +PARAM [/JOYSTICK/joy_node/dev] by /roslaunch
[rosmaster.master][INFO] 2025-08-19 15:11:13,850: +PUB [/rosout] /JOYSTICK http://localhost:46477/
[rosmaster.master][INFO] 2025-08-19 15:11:13,852: +SERVICE [/JOYSTICK/get_loggers] /JOYSTICK http://localhost:46477/
[rosmaster.master][INFO] 2025-08-19 15:11:13,854: +SERVICE [/JOYSTICK/set_logger_level] /JOYSTICK http://localhost:46477/
[rosmaster.master][INFO] 2025-08-19 15:11:13,864: +PUB [/diagnostics] /JOYSTICK http://localhost:46477/
[rosmaster.master][INFO] 2025-08-19 15:11:13,865: publisherUpdate[/rosout] -> http://10.176.33.207:38841/ ['http://localhost:46477/']
[rosmaster.master][INFO] 2025-08-19 15:11:13,874: +CACHEDPARAM [/JOYSTICK/diagnostic_period] by /JOYSTICK
[rosmaster.master][INFO] 2025-08-19 15:11:13,877: publisherUpdate[/rosout] -> http://10.176.33.207:38841/ ['http://localhost:46477/']: sec=0.01, result=[1, '', 0]
[rosmaster.master][INFO] 2025-08-19 15:11:13,890: +PUB [/joy] /JOYSTICK http://localhost:46477/
[rosmaster.master][INFO] 2025-08-19 15:11:13,902: +SUB [/joy/set_feedback] /JOYSTICK http://localhost:46477/
[rosmaster.master][INFO] 2025-08-19 15:11:13,946: +CACHEDPARAM [/rosout_disable_topics_generation] by /JOYSTICK
[rosmaster.master][INFO] 2025-08-19 15:11:15,506: +PUB [/rosout] /kelpie http://localhost:42833/
[rosmaster.master][INFO] 2025-08-19 15:11:15,516: +SERVICE [/kelpie/get_loggers] /kelpie http://localhost:42833/
[rosmaster.master][INFO] 2025-08-19 15:11:15,520: +SERVICE [/kelpie/set_logger_level] /kelpie http://localhost:42833/
[rosmaster.master][INFO] 2025-08-19 15:11:15,528: +SUB [/kelpie/imu] /kelpie http://localhost:42833/
[rosmaster.master][INFO] 2025-08-19 15:11:15,535: +SUB [/kelpie/leg_control/currents] /kelpie http://localhost:42833/
[rosmaster.master][INFO] 2025-08-19 15:11:15,542: +SUB [/kelpie/battery/voltage] /kelpie http://localhost:42833/
[rosmaster.master][INFO] 2025-08-19 15:11:15,547: +PUB [/kelpie/leg_control/joint_states] /kelpie http://localhost:42833/
[rosmaster.master][INFO] 2025-08-19 15:11:15,556: +CACHEDPARAM [/rosout_disable_topics_generation] by /kelpie
[rosmaster.master][INFO] 2025-08-19 15:11:15,564: +SUB [/kelpie/command_input] /kelpie http://localhost:42833/
[rosmaster.master][INFO] 2025-08-19 15:11:15,569: +CACHEDPARAM [/rosout_disable_topics_generation] by /kelpie
[rosmaster.master][INFO] 2025-08-19 15:11:15,570: publisherUpdate[/rosout] -> http://10.176.33.207:38841/ ['http://localhost:46477/', 'http://localhost:42833/']
[rosmaster.master][INFO] 2025-08-19 15:11:15,575: publisherUpdate[/rosout] -> http://10.176.33.207:38841/ ['http://localhost:46477/', 'http://localhost:42833/']: sec=0.00, result=[1, '', 0]
[rosmaster.master][INFO] 2025-08-19 15:11:15,582: +CACHEDPARAM [/rosout_disable_topics_generation] by /kelpie
[rosmaster.master][INFO] 2025-08-19 15:11:15,589: +CACHEDPARAM [/rosout_disable_topics_generation] by /kelpie
[rosmaster.master][INFO] 2025-08-19 15:11:15,595: +CACHEDPARAM [/rosout_disable_topics_generation] by /kelpie
[rosmaster.master][INFO] 2025-08-19 15:11:15,599: +CACHEDPARAM [/rosout_disable_topics_generation] by /kelpie
[rosmaster.master][INFO] 2025-08-19 15:11:15,605: +CACHEDPARAM [/rosout_disable_topics_generation] by /kelpie
[rosmaster.master][INFO] 2025-08-19 15:11:15,610: +CACHEDPARAM [/rosout_disable_topics_generation] by /kelpie
[rosmaster.master][INFO] 2025-08-19 15:11:15,615: +CACHEDPARAM [/rosout_disable_topics_generation] by /kelpie
[rosmaster.master][INFO] 2025-08-19 15:11:15,744: +PUB [/rosout] /rosapi http://localhost:34091/
[rosmaster.master][INFO] 2025-08-19 15:11:15,755: +SERVICE [/rosapi/get_loggers] /rosapi http://localhost:34091/
[rosmaster.master][INFO] 2025-08-19 15:11:15,758: +SERVICE [/rosapi/set_logger_level] /rosapi http://localhost:34091/
[rosmaster.master][INFO] 2025-08-19 15:11:15,771: +SERVICE [/rosapi/topics] /rosapi http://localhost:34091/
[rosmaster.master][INFO] 2025-08-19 15:11:15,775: +SERVICE [/rosapi/topics_for_type] /rosapi http://localhost:34091/
[rosmaster.master][INFO] 2025-08-19 15:11:15,776: publisherUpdate[/rosout] -> http://10.176.33.207:38841/ ['http://localhost:46477/', 'http://localhost:42833/', 'http://localhost:34091/']
[rosmaster.master][INFO] 2025-08-19 15:11:15,782: publisherUpdate[/rosout] -> http://10.176.33.207:38841/ ['http://localhost:46477/', 'http://localhost:42833/', 'http://localhost:34091/']: sec=0.01, result=[1, '', 0]
[rosmaster.master][INFO] 2025-08-19 15:11:15,787: +SERVICE [/rosapi/services] /rosapi http://localhost:34091/
[rosmaster.master][INFO] 2025-08-19 15:11:15,791: +SERVICE [/rosapi/services_for_type] /rosapi http://localhost:34091/
[rosmaster.master][INFO] 2025-08-19 15:11:15,794: +SERVICE [/rosapi/nodes] /rosapi http://localhost:34091/
[rosmaster.master][INFO] 2025-08-19 15:11:15,798: +SERVICE [/rosapi/node_details] /rosapi http://localhost:34091/
[rosmaster.master][INFO] 2025-08-19 15:11:15,803: +SERVICE [/rosapi/action_servers] /rosapi http://localhost:34091/
[rosmaster.master][INFO] 2025-08-19 15:11:15,807: +SERVICE [/rosapi/topic_type] /rosapi http://localhost:34091/
[rosmaster.master][INFO] 2025-08-19 15:11:15,811: +SERVICE [/rosapi/service_type] /rosapi http://localhost:34091/
[rosmaster.master][INFO] 2025-08-19 15:11:15,813: +CACHEDPARAM [/rosout/omit_topics] by /rosout
[rosmaster.master][INFO] 2025-08-19 15:11:15,817: +SERVICE [/rosapi/publishers] /rosapi http://localhost:34091/
[rosmaster.master][INFO] 2025-08-19 15:11:15,821: +SERVICE [/rosapi/subscribers] /rosapi http://localhost:34091/
[rosmaster.master][INFO] 2025-08-19 15:11:15,825: +SERVICE [/rosapi/service_providers] /rosapi http://localhost:34091/
[rosmaster.master][INFO] 2025-08-19 15:11:15,828: +SERVICE [/rosapi/service_node] /rosapi http://localhost:34091/
[rosmaster.master][INFO] 2025-08-19 15:11:15,832: +SERVICE [/rosapi/service_host] /rosapi http://localhost:34091/
[rosmaster.master][INFO] 2025-08-19 15:11:15,835: +SERVICE [/rosapi/message_details] /rosapi http://localhost:34091/
[rosmaster.master][INFO] 2025-08-19 15:11:15,839: +SERVICE [/rosapi/service_request_details] /rosapi http://localhost:34091/
[rosmaster.master][INFO] 2025-08-19 15:11:15,842: +SERVICE [/rosapi/service_response_details] /rosapi http://localhost:34091/
[rosmaster.master][INFO] 2025-08-19 15:11:15,846: +SERVICE [/rosapi/set_param] /rosapi http://localhost:34091/
[rosmaster.master][INFO] 2025-08-19 15:11:15,850: +SERVICE [/rosapi/get_param] /rosapi http://localhost:34091/
[rosmaster.master][INFO] 2025-08-19 15:11:15,854: +SERVICE [/rosapi/has_param] /rosapi http://localhost:34091/
[rosmaster.master][INFO] 2025-08-19 15:11:15,857: +SERVICE [/rosapi/search_param] /rosapi http://localhost:34091/
[rosmaster.master][INFO] 2025-08-19 15:11:15,861: +SERVICE [/rosapi/delete_param] /rosapi http://localhost:34091/
[rosmaster.master][INFO] 2025-08-19 15:11:15,865: +SERVICE [/rosapi/get_param_names] /rosapi http://localhost:34091/
[rosmaster.master][INFO] 2025-08-19 15:11:15,868: +SERVICE [/rosapi/get_time] /rosapi http://localhost:34091/
[rosmaster.master][INFO] 2025-08-19 15:11:15,871: +SERVICE [/rosapi/topics_and_raw_types] /rosapi http://localhost:34091/
[rosmaster.master][INFO] 2025-08-19 15:11:15,876: +CACHEDPARAM [/rosout_disable_topics_generation] by /rosapi
[rosmaster.master][INFO] 2025-08-19 15:11:16,004: -SUB [/kelpie/leg_control/joint_states] /hardware http://10.176.33.207:38329/
[rosmaster.master][INFO] 2025-08-19 15:11:16,005: -SUB [/joy] /hardware http://10.176.33.207:38329/
[rosmaster.master][INFO] 2025-08-19 15:11:16,005: -PUB [/kelpie/leg_control/currents] /hardware http://10.176.33.207:38329/
[rosmaster.master][INFO] 2025-08-19 15:11:16,006: -PUB [/kelpie/battery/voltage] /hardware http://10.176.33.207:38329/
[rosmaster.master][INFO] 2025-08-19 15:11:16,006: -PUB [/kelpie/imu] /hardware http://10.176.33.207:38329/
[rosmaster.master][INFO] 2025-08-19 15:11:16,007: -PUB [/rosout] /hardware http://10.176.33.207:38329/
[rosmaster.master][INFO] 2025-08-19 15:11:16,007: -PUB [/kelpie/command_input] /hardware http://10.176.33.207:38329/
[rosmaster.master][INFO] 2025-08-19 15:11:16,007: -SERVICE [/hardware/get_loggers] /hardware rosrpc://10.176.33.207:39215
[rosmaster.master][INFO] 2025-08-19 15:11:16,008: -SERVICE [/hardware/set_logger_level] /hardware rosrpc://10.176.33.207:39215
[rosmaster.master][INFO] 2025-08-19 15:11:16,076: +PUB [/kelpie/leg_control/currents] /hardware http://localhost:36355/
[rosmaster.master][INFO] 2025-08-19 15:11:16,077: publisherUpdate[/kelpie/leg_control/currents] -> http://localhost:42833/ ['http://localhost:36355/']
[rosmaster.master][INFO] 2025-08-19 15:11:16,081: +PUB [/kelpie/battery/voltage] /hardware http://localhost:36355/
[rosmaster.master][INFO] 2025-08-19 15:11:16,085: +PUB [/kelpie/imu] /hardware http://localhost:36355/
[rosmaster.master][INFO] 2025-08-19 15:11:16,105: publisherUpdate[/kelpie/leg_control/currents] -> http://localhost:42833/ ['http://localhost:36355/']: sec=0.03, result=[1, '', 0]
[rosmaster.master][INFO] 2025-08-19 15:11:16,105: publisherUpdate[/kelpie/battery/voltage] -> http://localhost:42833/ ['http://localhost:36355/']
[rosmaster.master][INFO] 2025-08-19 15:11:16,119: publisherUpdate[/kelpie/battery/voltage] -> http://localhost:42833/ ['http://localhost:36355/']: sec=0.01, result=[1, '', 0]
[rosmaster.master][INFO] 2025-08-19 15:11:16,119: publisherUpdate[/kelpie/imu] -> http://localhost:42833/ ['http://localhost:36355/']
[rosmaster.master][INFO] 2025-08-19 15:11:16,126: publisherUpdate[/kelpie/imu] -> http://localhost:42833/ ['http://localhost:36355/']: sec=0.01, result=[1, '', 0]
[rosmaster.master][INFO] 2025-08-19 15:11:16,163: +PUB [/rosout] /hardware http://localhost:36355/
[rosmaster.master][INFO] 2025-08-19 15:11:16,171: +SERVICE [/hardware/get_loggers] /hardware http://localhost:36355/
[rosmaster.master][INFO] 2025-08-19 15:11:16,174: +SERVICE [/hardware/set_logger_level] /hardware http://localhost:36355/
[rosmaster.master][INFO] 2025-08-19 15:11:16,186: publisherUpdate[/rosout] -> http://10.176.33.207:38841/ ['http://localhost:46477/', 'http://localhost:42833/', 'http://localhost:34091/', 'http://localhost:36355/']
[rosmaster.master][INFO] 2025-08-19 15:11:16,188: publisherUpdate[/rosout] -> http://10.176.33.207:38841/ ['http://localhost:46477/', 'http://localhost:42833/', 'http://localhost:34091/', 'http://localhost:36355/']: sec=0.00, result=[1, '', 0]
[rosmaster.master][INFO] 2025-08-19 15:11:16,214: +PUB [/rosout] /rosbridge_websocket http://localhost:37731/
[rosmaster.master][INFO] 2025-08-19 15:11:16,222: +SERVICE [/rosbridge_websocket/get_loggers] /rosbridge_websocket http://localhost:37731/
[rosmaster.master][INFO] 2025-08-19 15:11:16,226: +SERVICE [/rosbridge_websocket/set_logger_level] /rosbridge_websocket http://localhost:37731/
[rosmaster.master][INFO] 2025-08-19 15:11:16,237: -SUB [/kelpie/leg_control/joint_states] /rosbridge_websocket http://10.176.33.207:42585/
[rosmaster.master][INFO] 2025-08-19 15:11:16,237: -SUB [/kelpie/leg_control/currents] /rosbridge_websocket http://10.176.33.207:42585/
[rosmaster.master][INFO] 2025-08-19 15:11:16,238: -SUB [/kelpie/battery/voltage] /rosbridge_websocket http://10.176.33.207:42585/
[rosmaster.master][INFO] 2025-08-19 15:11:16,238: -SUB [/kelpie/imu] /rosbridge_websocket http://10.176.33.207:42585/
[rosmaster.master][INFO] 2025-08-19 15:11:16,239: -PUB [/rosout] /rosbridge_websocket http://10.176.33.207:42585/
[rosmaster.master][INFO] 2025-08-19 15:11:16,239: -PUB [/client_count] /rosbridge_websocket http://10.176.33.207:42585/
[rosmaster.master][INFO] 2025-08-19 15:11:16,239: -PUB [/connected_clients] /rosbridge_websocket http://10.176.33.207:42585/
[rosmaster.master][INFO] 2025-08-19 15:11:16,240: -SERVICE [/rosbridge_websocket/get_loggers] /rosbridge_websocket rosrpc://10.176.33.207:39689
[rosmaster.master][INFO] 2025-08-19 15:11:16,240: -SERVICE [/rosbridge_websocket/set_logger_level] /rosbridge_websocket rosrpc://10.176.33.207:39689
[rosmaster.master][INFO] 2025-08-19 15:11:16,254: +SUB [/kelpie/leg_control/joint_states] /hardware http://localhost:36355/
[rosmaster.master][INFO] 2025-08-19 15:11:16,264: +SUB [/joy] /hardware http://localhost:36355/
[rosmaster.master][INFO] 2025-08-19 15:11:16,268: +PUB [/kelpie/command_input] /hardware http://localhost:36355/
[rosmaster.master][INFO] 2025-08-19 15:11:16,282: +PUB [/client_count] /rosbridge_websocket http://localhost:37731/
[rosmaster.master][INFO] 2025-08-19 15:11:16,285: +PUB [/connected_clients] /rosbridge_websocket http://localhost:37731/
[rosmaster.master][INFO] 2025-08-19 15:11:16,287: publisherUpdate[/rosout] -> http://10.176.33.207:38841/ ['http://localhost:46477/', 'http://localhost:42833/', 'http://localhost:34091/', 'http://localhost:36355/', 'http://localhost:37731/']
[rosmaster.master][INFO] 2025-08-19 15:11:16,290: publisherUpdate[/kelpie/command_input] -> http://localhost:42833/ ['http://localhost:36355/']
[rosmaster.master][INFO] 2025-08-19 15:11:16,292: publisherUpdate[/rosout] -> http://10.176.33.207:38841/ ['http://localhost:46477/', 'http://localhost:42833/', 'http://localhost:34091/', 'http://localhost:36355/', 'http://localhost:37731/']: sec=0.00, result=[1, '', 0]
[rosmaster.master][INFO] 2025-08-19 15:11:16,300: +PARAM [/rosbridge_websocket/actual_port] by /rosbridge_websocket
[rosmaster.master][INFO] 2025-08-19 15:11:16,305: +CACHEDPARAM [/rosout_disable_topics_generation] by /rosbridge_websocket
[rosmaster.master][INFO] 2025-08-19 15:11:16,326: publisherUpdate[/kelpie/command_input] -> http://localhost:42833/ ['http://localhost:36355/']: sec=0.04, result=[1, '', 0]
[rosmaster.master][INFO] 2025-08-19 15:11:21,313: +CACHEDPARAM [/rosout_disable_topics_generation] by /rosbridge_websocket
[rosmaster.master][INFO] 2025-08-19 15:11:21,355: +CACHEDPARAM [/rosout_disable_topics_generation] by /rosbridge_websocket
[rosmaster.master][INFO] 2025-08-19 15:11:21,362: +CACHEDPARAM [/rosout_disable_topics_generation] by /rosbridge_websocket
[rosmaster.master][INFO] 2025-08-19 15:11:21,367: -PUB [/rosout] /rosbridge_websocket http://localhost:37731/
[rosmaster.master][INFO] 2025-08-19 15:11:21,367: -PUB [/client_count] /rosbridge_websocket http://localhost:37731/
[rosmaster.master][INFO] 2025-08-19 15:11:21,368: -PUB [/connected_clients] /rosbridge_websocket http://localhost:37731/
[rosmaster.master][INFO] 2025-08-19 15:11:21,368: -SERVICE [/rosbridge_websocket/get_loggers] /rosbridge_websocket rosrpc://localhost:39431
[rosmaster.master][INFO] 2025-08-19 15:11:21,368: -SERVICE [/rosbridge_websocket/set_logger_level] /rosbridge_websocket rosrpc://localhost:39431
[rosmaster.master][INFO] 2025-08-19 15:11:26,334: +CACHEDPARAM [/rosout_disable_topics_generation] by /rosbridge_websocket
[rosmaster.master][INFO] 2025-08-19 15:11:33,589: -SUB [/kelpie/leg_control/joint_states] /hardware http://localhost:36355/
[rosmaster.master][INFO] 2025-08-19 15:11:33,589: -SUB [/joy] /hardware http://localhost:36355/
[rosmaster.master][INFO] 2025-08-19 15:11:33,590: -PUB [/kelpie/leg_control/currents] /hardware http://localhost:36355/
[rosmaster.master][INFO] 2025-08-19 15:11:33,590: -PUB [/kelpie/battery/voltage] /hardware http://localhost:36355/
[rosmaster.master][INFO] 2025-08-19 15:11:33,590: -PUB [/kelpie/imu] /hardware http://localhost:36355/
[rosmaster.master][INFO] 2025-08-19 15:11:33,595: -PUB [/rosout] /rosapi http://localhost:34091/
[rosmaster.master][INFO] 2025-08-19 15:11:33,596: -PUB [/rosout] /hardware http://localhost:36355/
[rosmaster.master][INFO] 2025-08-19 15:11:33,596: -SERVICE [/rosapi/get_loggers] /rosapi rosrpc://localhost:45915
[rosmaster.master][INFO] 2025-08-19 15:11:33,596: -PUB [/kelpie/command_input] /hardware http://localhost:36355/
[rosmaster.master][INFO] 2025-08-19 15:11:33,596: -SERVICE [/rosapi/set_logger_level] /rosapi rosrpc://localhost:45915
[rosmaster.master][INFO] 2025-08-19 15:11:33,597: -SERVICE [/hardware/get_loggers] /hardware rosrpc://localhost:41155
[rosmaster.master][INFO] 2025-08-19 15:11:33,597: -SERVICE [/rosapi/topics] /rosapi rosrpc://localhost:45915
[rosmaster.master][INFO] 2025-08-19 15:11:33,597: -SERVICE [/hardware/set_logger_level] /hardware rosrpc://localhost:41155
[rosmaster.master][INFO] 2025-08-19 15:11:33,598: -SERVICE [/rosapi/topics_for_type] /rosapi rosrpc://localhost:45915
[rosmaster.master][INFO] 2025-08-19 15:11:33,598: -SERVICE [/rosapi/services] /rosapi rosrpc://localhost:45915
[rosmaster.master][INFO] 2025-08-19 15:11:33,599: -SERVICE [/rosapi/services_for_type] /rosapi rosrpc://localhost:45915
[rosmaster.master][INFO] 2025-08-19 15:11:33,599: -SERVICE [/rosapi/nodes] /rosapi rosrpc://localhost:45915
[rosmaster.master][INFO] 2025-08-19 15:11:33,599: -SERVICE [/rosapi/node_details] /rosapi rosrpc://localhost:45915
[rosmaster.master][INFO] 2025-08-19 15:11:33,600: -SERVICE [/rosapi/action_servers] /rosapi rosrpc://localhost:45915
[rosmaster.master][INFO] 2025-08-19 15:11:33,600: -SERVICE [/rosapi/topic_type] /rosapi rosrpc://localhost:45915
[rosmaster.master][INFO] 2025-08-19 15:11:33,600: -SERVICE [/rosapi/service_type] /rosapi rosrpc://localhost:45915
[rosmaster.master][INFO] 2025-08-19 15:11:33,600: -SERVICE [/rosapi/publishers] /rosapi rosrpc://localhost:45915
[rosmaster.master][INFO] 2025-08-19 15:11:33,601: -SERVICE [/rosapi/subscribers] /rosapi rosrpc://localhost:45915
[rosmaster.master][INFO] 2025-08-19 15:11:33,601: -SERVICE [/rosapi/service_providers] /rosapi rosrpc://localhost:45915
[rosmaster.master][INFO] 2025-08-19 15:11:33,601: -SERVICE [/rosapi/service_node] /rosapi rosrpc://localhost:45915
[rosmaster.master][INFO] 2025-08-19 15:11:33,602: -SERVICE [/rosapi/service_host] /rosapi rosrpc://localhost:45915
[rosmaster.master][INFO] 2025-08-19 15:11:33,603: -SERVICE [/rosapi/message_details] /rosapi rosrpc://localhost:45915
[rosmaster.master][INFO] 2025-08-19 15:11:33,603: -SERVICE [/rosapi/service_request_details] /rosapi rosrpc://localhost:45915
[rosmaster.master][INFO] 2025-08-19 15:11:33,604: -SERVICE [/rosapi/service_response_details] /rosapi rosrpc://localhost:45915
[rosmaster.master][INFO] 2025-08-19 15:11:33,604: publisherUpdate[/kelpie/leg_control/currents] -> http://localhost:42833/ []
[rosmaster.master][INFO] 2025-08-19 15:11:33,604: -SERVICE [/rosapi/set_param] /rosapi rosrpc://localhost:45915
[rosmaster.master][INFO] 2025-08-19 15:11:33,606: -SERVICE [/rosapi/get_param] /rosapi rosrpc://localhost:45915
[rosmaster.master][INFO] 2025-08-19 15:11:33,607: -SERVICE [/rosapi/has_param] /rosapi rosrpc://localhost:45915
[rosmaster.master][INFO] 2025-08-19 15:11:33,608: -SERVICE [/rosapi/search_param] /rosapi rosrpc://localhost:45915
[rosmaster.master][INFO] 2025-08-19 15:11:33,608: -SERVICE [/rosapi/delete_param] /rosapi rosrpc://localhost:45915
[rosmaster.master][INFO] 2025-08-19 15:11:33,610: publisherUpdate[/kelpie/leg_control/currents] -> http://localhost:42833/ []: sec=0.00, result=[1, '', 0]
[rosmaster.master][INFO] 2025-08-19 15:11:33,612: -PUB [/rosout] /JOYSTICK http://localhost:46477/
[rosmaster.master][INFO] 2025-08-19 15:11:33,612: publisherUpdate[/kelpie/battery/voltage] -> http://localhost:42833/ []
[rosmaster.master][INFO] 2025-08-19 15:11:33,612: -SERVICE [/rosapi/get_param_names] /rosapi rosrpc://localhost:45915
[rosmaster.master][INFO] 2025-08-19 15:11:33,615: -PUB [/diagnostics] /JOYSTICK http://localhost:46477/
[rosmaster.master][INFO] 2025-08-19 15:11:33,615: publisherUpdate[/kelpie/battery/voltage] -> http://localhost:42833/ []: sec=0.00, result=[1, '', 0]
[rosmaster.master][INFO] 2025-08-19 15:11:33,616: -SERVICE [/rosapi/get_time] /rosapi rosrpc://localhost:45915
[rosmaster.master][INFO] 2025-08-19 15:11:33,616: publisherUpdate[/kelpie/imu] -> http://localhost:42833/ []
[rosmaster.master][INFO] 2025-08-19 15:11:33,617: -PUB [/joy] /JOYSTICK http://localhost:46477/
[rosmaster.master][INFO] 2025-08-19 15:11:33,619: -SERVICE [/rosapi/topics_and_raw_types] /rosapi rosrpc://localhost:45915
[rosmaster.master][INFO] 2025-08-19 15:11:33,621: -SUB [/joy/set_feedback] /JOYSTICK http://localhost:46477/
[rosmaster.master][INFO] 2025-08-19 15:11:33,621: publisherUpdate[/rosout] -> http://10.176.33.207:38841/ ['http://localhost:46477/', 'http://localhost:42833/', 'http://localhost:36355/']
[rosmaster.master][INFO] 2025-08-19 15:11:33,622: publisherUpdate[/kelpie/imu] -> http://localhost:42833/ []: sec=0.00, result=[1, '', 0]
[rosmaster.master][INFO] 2025-08-19 15:11:33,624: publisherUpdate[/kelpie/command_input] -> http://localhost:42833/ []
[rosmaster.master][INFO] 2025-08-19 15:11:33,623: -SERVICE [/JOYSTICK/get_loggers] /JOYSTICK rosrpc://localhost:54613
[rosmaster.master][INFO] 2025-08-19 15:11:33,626: publisherUpdate[/rosout] -> http://10.176.33.207:38841/ ['http://localhost:46477/', 'http://localhost:42833/', 'http://localhost:36355/']: sec=0.00, result=[1, '', 0]
[rosmaster.master][INFO] 2025-08-19 15:11:33,628: publisherUpdate[/kelpie/command_input] -> http://localhost:42833/ []: sec=0.00, result=[1, '', 0]
[rosmaster.master][INFO] 2025-08-19 15:11:33,629: publisherUpdate[/rosout] -> http://10.176.33.207:38841/ ['http://localhost:46477/', 'http://localhost:42833/']
[rosmaster.master][INFO] 2025-08-19 15:11:33,630: -SERVICE [/JOYSTICK/set_logger_level] /JOYSTICK rosrpc://localhost:54613
[rosmaster.master][INFO] 2025-08-19 15:11:33,632: publisherUpdate[/rosout] -> http://10.176.33.207:38841/ ['http://localhost:46477/', 'http://localhost:42833/']: sec=0.00, result=[1, '', 0]
[rosmaster.master][INFO] 2025-08-19 15:11:33,633: -CACHEDPARAM [/JOYSTICK/diagnostic_period] by /JOYSTICK
[rosmaster.master][INFO] 2025-08-19 15:11:33,633: publisherUpdate[/rosout] -> http://10.176.33.207:38841/ ['http://localhost:42833/']
[rosmaster.master][INFO] 2025-08-19 15:11:33,635: -CACHEDPARAM [/rosout_disable_topics_generation] by /JOYSTICK
[rosmaster.master][INFO] 2025-08-19 15:11:33,637: publisherUpdate[/rosout] -> http://10.176.33.207:38841/ ['http://localhost:42833/']: sec=0.00, result=[1, '', 0]
[rosmaster.master][INFO] 2025-08-19 15:11:48,625: -SUB [/kelpie/imu] /kelpie http://localhost:42833/
[rosmaster.master][INFO] 2025-08-19 15:11:48,626: -SUB [/kelpie/leg_control/currents] /kelpie http://localhost:42833/
[rosmaster.master][INFO] 2025-08-19 15:11:48,626: -SUB [/kelpie/battery/voltage] /kelpie http://localhost:42833/
[rosmaster.master][INFO] 2025-08-19 15:11:48,626: -SUB [/kelpie/command_input] /kelpie http://localhost:42833/
[rosmaster.master][INFO] 2025-08-19 15:11:48,627: -PUB [/rosout] /kelpie http://localhost:42833/
[rosmaster.master][INFO] 2025-08-19 15:11:48,628: -PUB [/kelpie/leg_control/joint_states] /kelpie http://localhost:42833/
[rosmaster.master][INFO] 2025-08-19 15:11:48,629: -SERVICE [/kelpie/get_loggers] /kelpie rosrpc://localhost:35503
[rosmaster.master][INFO] 2025-08-19 15:11:48,630: -SERVICE [/kelpie/set_logger_level] /kelpie rosrpc://localhost:35503
[rosmaster.master][INFO] 2025-08-19 15:11:48,652: publisherUpdate[/rosout] -> http://10.176.33.207:38841/ []
[rosmaster.master][INFO] 2025-08-19 15:11:48,656: publisherUpdate[/rosout] -> http://10.176.33.207:38841/ []: sec=0.00, result=[1, '', 0]
[rosmaster.master][INFO] 2025-08-19 15:12:02,306: +PARAM [/roslaunch/uris/host_localhost__39335] by /roslaunch
[rosmaster.master][INFO] 2025-08-19 15:12:02,319: +PARAM [/rosversion] by /roslaunch
[rosmaster.master][INFO] 2025-08-19 15:12:02,319: +PARAM [/rosdistro] by /roslaunch
[rosmaster.master][INFO] 2025-08-19 15:12:02,320: +PARAM [/rosbridge_websocket/authenticate] by /roslaunch
[rosmaster.master][INFO] 2025-08-19 15:12:02,320: +PARAM [/rosbridge_websocket/port] by /roslaunch
[rosmaster.master][INFO] 2025-08-19 15:12:02,320: +PARAM [/rosbridge_websocket/address] by /roslaunch
[rosmaster.master][INFO] 2025-08-19 15:12:02,321: +PARAM [/rosbridge_websocket/retry_startup_delay] by /roslaunch
[rosmaster.master][INFO] 2025-08-19 15:12:02,321: +PARAM [/rosbridge_websocket/fragment_timeout] by /roslaunch
[rosmaster.master][INFO] 2025-08-19 15:12:02,321: +PARAM [/rosbridge_websocket/delay_between_messages] by /roslaunch
[rosmaster.master][INFO] 2025-08-19 15:12:02,321: +PARAM [/rosbridge_websocket/max_message_size] by /roslaunch
[rosmaster.master][INFO] 2025-08-19 15:12:02,322: +PARAM [/rosbridge_websocket/unregister_timeout] by /roslaunch
[rosmaster.master][INFO] 2025-08-19 15:12:02,322: +PARAM [/rosbridge_websocket/use_compression] by /roslaunch
[rosmaster.master][INFO] 2025-08-19 15:12:02,322: +PARAM [/rosbridge_websocket/websocket_ping_interval] by /roslaunch
[rosmaster.master][INFO] 2025-08-19 15:12:02,323: +PARAM [/rosbridge_websocket/websocket_ping_timeout] by /roslaunch
[rosmaster.master][INFO] 2025-08-19 15:12:02,323: +PARAM [/rosbridge_websocket/websocket_external_port] by /roslaunch
[rosmaster.master][INFO] 2025-08-19 15:12:02,323: +PARAM [/rosbridge_websocket/topics_glob] by /roslaunch
[rosmaster.master][INFO] 2025-08-19 15:12:02,323: +PARAM [/rosbridge_websocket/services_glob] by /roslaunch
[rosmaster.master][INFO] 2025-08-19 15:12:02,324: +PARAM [/rosbridge_websocket/params_glob] by /roslaunch
[rosmaster.master][INFO] 2025-08-19 15:12:02,324: +PARAM [/rosbridge_websocket/bson_only_mode] by /roslaunch
[rosmaster.master][INFO] 2025-08-19 15:12:02,324: +PARAM [/rosapi/topics_glob] by /roslaunch
[rosmaster.master][INFO] 2025-08-19 15:12:02,324: +PARAM [/rosapi/services_glob] by /roslaunch
[rosmaster.master][INFO] 2025-08-19 15:12:02,325: +PARAM [/rosapi/params_glob] by /roslaunch
[rosmaster.master][INFO] 2025-08-19 15:12:02,325: +PARAM [/JOYSTICK/autorepeat_rate] by /roslaunch
[rosmaster.master][INFO] 2025-08-19 15:12:02,325: +PARAM [/JOYSTICK/joy_node/dev] by /roslaunch
[rosmaster.master][INFO] 2025-08-19 15:12:02,665: +PUB [/rosout] /JOYSTICK http://localhost:32769/
[rosmaster.master][INFO] 2025-08-19 15:12:02,668: +SERVICE [/JOYSTICK/get_loggers] /JOYSTICK http://localhost:32769/
[rosmaster.master][INFO] 2025-08-19 15:12:02,670: +SERVICE [/JOYSTICK/set_logger_level] /JOYSTICK http://localhost:32769/
[rosmaster.master][INFO] 2025-08-19 15:12:02,676: +PUB [/diagnostics] /JOYSTICK http://localhost:32769/
[rosmaster.master][INFO] 2025-08-19 15:12:02,679: +CACHEDPARAM [/JOYSTICK/diagnostic_period] by /JOYSTICK
[rosmaster.master][INFO] 2025-08-19 15:12:02,683: publisherUpdate[/rosout] -> http://10.176.33.207:38841/ ['http://localhost:32769/']
[rosmaster.master][INFO] 2025-08-19 15:12:02,687: +PUB [/joy] /JOYSTICK http://localhost:32769/
[rosmaster.master][INFO] 2025-08-19 15:12:02,688: publisherUpdate[/rosout] -> http://10.176.33.207:38841/ ['http://localhost:32769/']: sec=0.00, result=[1, '', 0]
[rosmaster.master][INFO] 2025-08-19 15:12:02,702: +SUB [/joy/set_feedback] /JOYSTICK http://localhost:32769/
[rosmaster.master][INFO] 2025-08-19 15:12:02,758: +CACHEDPARAM [/rosout_disable_topics_generation] by /JOYSTICK
[rosmaster.master][INFO] 2025-08-19 15:12:04,175: +PUB [/rosout] /rosapi http://localhost:43379/
[rosmaster.master][INFO] 2025-08-19 15:12:04,184: +PUB [/rosout] /kelpie http://localhost:43149/
[rosmaster.master][INFO] 2025-08-19 15:12:04,186: +SERVICE [/rosapi/get_loggers] /rosapi http://localhost:43379/
[rosmaster.master][INFO] 2025-08-19 15:12:04,190: +SERVICE [/rosapi/set_logger_level] /rosapi http://localhost:43379/
[rosmaster.master][INFO] 2025-08-19 15:12:04,193: publisherUpdate[/rosout] -> http://10.176.33.207:38841/ ['http://localhost:32769/', 'http://localhost:43379/']
[rosmaster.master][INFO] 2025-08-19 15:12:04,198: +SERVICE [/kelpie/get_loggers] /kelpie http://localhost:43149/
[rosmaster.master][INFO] 2025-08-19 15:12:04,199: publisherUpdate[/rosout] -> http://10.176.33.207:38841/ ['http://localhost:32769/', 'http://localhost:43379/']: sec=0.01, result=[1, '', 0]
[rosmaster.master][INFO] 2025-08-19 15:12:04,201: +SERVICE [/kelpie/set_logger_level] /kelpie http://localhost:43149/
[rosmaster.master][INFO] 2025-08-19 15:12:04,202: publisherUpdate[/rosout] -> http://10.176.33.207:38841/ ['http://localhost:32769/', 'http://localhost:43379/', 'http://localhost:43149/']
[rosmaster.master][INFO] 2025-08-19 15:12:04,207: publisherUpdate[/rosout] -> http://10.176.33.207:38841/ ['http://localhost:32769/', 'http://localhost:43379/', 'http://localhost:43149/']: sec=0.00, result=[1, '', 0]
[rosmaster.master][INFO] 2025-08-19 15:12:04,212: +SERVICE [/rosapi/topics] /rosapi http://localhost:43379/
[rosmaster.master][INFO] 2025-08-19 15:12:04,213: +SUB [/kelpie/imu] /kelpie http://localhost:43149/
[rosmaster.master][INFO] 2025-08-19 15:12:04,215: +SERVICE [/rosapi/topics_for_type] /rosapi http://localhost:43379/
[rosmaster.master][INFO] 2025-08-19 15:12:04,219: +SUB [/kelpie/leg_control/currents] /kelpie http://localhost:43149/
[rosmaster.master][INFO] 2025-08-19 15:12:04,221: +SERVICE [/rosapi/services] /rosapi http://localhost:43379/
[rosmaster.master][INFO] 2025-08-19 15:12:04,225: +SERVICE [/rosapi/services_for_type] /rosapi http://localhost:43379/
[rosmaster.master][INFO] 2025-08-19 15:12:04,226: +SUB [/kelpie/battery/voltage] /kelpie http://localhost:43149/
[rosmaster.master][INFO] 2025-08-19 15:12:04,228: +SERVICE [/rosapi/nodes] /rosapi http://localhost:43379/
[rosmaster.master][INFO] 2025-08-19 15:12:04,230: +PUB [/kelpie/leg_control/joint_states] /kelpie http://localhost:43149/
[rosmaster.master][INFO] 2025-08-19 15:12:04,232: +SERVICE [/rosapi/node_details] /rosapi http://localhost:43379/
[rosmaster.master][INFO] 2025-08-19 15:12:04,235: +CACHEDPARAM [/rosout_disable_topics_generation] by /kelpie
[rosmaster.master][INFO] 2025-08-19 15:12:04,236: +SERVICE [/rosapi/action_servers] /rosapi http://localhost:43379/
[rosmaster.master][INFO] 2025-08-19 15:12:04,240: +SERVICE [/rosapi/topic_type] /rosapi http://localhost:43379/
[rosmaster.master][INFO] 2025-08-19 15:12:04,243: +SERVICE [/rosapi/service_type] /rosapi http://localhost:43379/
[rosmaster.master][INFO] 2025-08-19 15:12:04,244: +SUB [/kelpie/command_input] /kelpie http://localhost:43149/
[rosmaster.master][INFO] 2025-08-19 15:12:04,247: +SERVICE [/rosapi/publishers] /rosapi http://localhost:43379/
[rosmaster.master][INFO] 2025-08-19 15:12:04,249: +CACHEDPARAM [/rosout_disable_topics_generation] by /kelpie
[rosmaster.master][INFO] 2025-08-19 15:12:04,250: +SERVICE [/rosapi/subscribers] /rosapi http://localhost:43379/
[rosmaster.master][INFO] 2025-08-19 15:12:04,253: +CACHEDPARAM [/rosout_disable_topics_generation] by /kelpie
[rosmaster.master][INFO] 2025-08-19 15:12:04,255: +SERVICE [/rosapi/service_providers] /rosapi http://localhost:43379/
[rosmaster.master][INFO] 2025-08-19 15:12:04,258: +CACHEDPARAM [/rosout_disable_topics_generation] by /kelpie
[rosmaster.master][INFO] 2025-08-19 15:12:04,259: +SERVICE [/rosapi/service_node] /rosapi http://localhost:43379/
[rosmaster.master][INFO] 2025-08-19 15:12:04,263: +SERVICE [/rosapi/service_host] /rosapi http://localhost:43379/
[rosmaster.master][INFO] 2025-08-19 15:12:04,264: +CACHEDPARAM [/rosout_disable_topics_generation] by /kelpie
[rosmaster.master][INFO] 2025-08-19 15:12:04,266: +SERVICE [/rosapi/message_details] /rosapi http://localhost:43379/
[rosmaster.master][INFO] 2025-08-19 15:12:04,269: +CACHEDPARAM [/rosout_disable_topics_generation] by /kelpie
[rosmaster.master][INFO] 2025-08-19 15:12:04,270: +SERVICE [/rosapi/service_request_details] /rosapi http://localhost:43379/
[rosmaster.master][INFO] 2025-08-19 15:12:04,276: +CACHEDPARAM [/rosout_disable_topics_generation] by /kelpie
[rosmaster.master][INFO] 2025-08-19 15:12:04,277: +SERVICE [/rosapi/service_response_details] /rosapi http://localhost:43379/
[rosmaster.master][INFO] 2025-08-19 15:12:04,280: +SERVICE [/rosapi/set_param] /rosapi http://localhost:43379/
[rosmaster.master][INFO] 2025-08-19 15:12:04,282: +CACHEDPARAM [/rosout_disable_topics_generation] by /kelpie
[rosmaster.master][INFO] 2025-08-19 15:12:04,285: +SERVICE [/rosapi/get_param] /rosapi http://localhost:43379/
[rosmaster.master][INFO] 2025-08-19 15:12:04,287: +CACHEDPARAM [/rosout_disable_topics_generation] by /kelpie
[rosmaster.master][INFO] 2025-08-19 15:12:04,288: +SERVICE [/rosapi/has_param] /rosapi http://localhost:43379/
[rosmaster.master][INFO] 2025-08-19 15:12:04,292: +SERVICE [/rosapi/search_param] /rosapi http://localhost:43379/
[rosmaster.master][INFO] 2025-08-19 15:12:04,295: +SERVICE [/rosapi/delete_param] /rosapi http://localhost:43379/
[rosmaster.master][INFO] 2025-08-19 15:12:04,298: +SERVICE [/rosapi/get_param_names] /rosapi http://localhost:43379/
[rosmaster.master][INFO] 2025-08-19 15:12:04,301: +SERVICE [/rosapi/get_time] /rosapi http://localhost:43379/
[rosmaster.master][INFO] 2025-08-19 15:12:04,304: +SERVICE [/rosapi/topics_and_raw_types] /rosapi http://localhost:43379/
[rosmaster.master][INFO] 2025-08-19 15:12:04,309: +CACHEDPARAM [/rosout_disable_topics_generation] by /rosapi
[rosmaster.master][INFO] 2025-08-19 15:12:04,750: +PUB [/kelpie/leg_control/currents] /hardware http://localhost:44079/
[rosmaster.master][INFO] 2025-08-19 15:12:04,753: +PUB [/kelpie/battery/voltage] /hardware http://localhost:44079/
[rosmaster.master][INFO] 2025-08-19 15:12:04,756: +PUB [/kelpie/imu] /hardware http://localhost:44079/
[rosmaster.master][INFO] 2025-08-19 15:12:04,804: publisherUpdate[/kelpie/leg_control/currents] -> http://localhost:43149/ ['http://localhost:44079/']
[rosmaster.master][INFO] 2025-08-19 15:12:04,828: publisherUpdate[/kelpie/leg_control/currents] -> http://localhost:43149/ ['http://localhost:44079/']: sec=0.02, result=[1, '', 0]
[rosmaster.master][INFO] 2025-08-19 15:12:04,829: publisherUpdate[/kelpie/battery/voltage] -> http://localhost:43149/ ['http://localhost:44079/']
[rosmaster.master][INFO] 2025-08-19 15:12:04,837: +PUB [/rosout] /hardware http://localhost:44079/
[rosmaster.master][INFO] 2025-08-19 15:12:04,840: publisherUpdate[/kelpie/battery/voltage] -> http://localhost:43149/ ['http://localhost:44079/']: sec=0.01, result=[1, '', 0]
[rosmaster.master][INFO] 2025-08-19 15:12:04,841: publisherUpdate[/kelpie/imu] -> http://localhost:43149/ ['http://localhost:44079/']
[rosmaster.master][INFO] 2025-08-19 15:12:04,845: +SERVICE [/hardware/get_loggers] /hardware http://localhost:44079/
[rosmaster.master][INFO] 2025-08-19 15:12:04,847: publisherUpdate[/kelpie/imu] -> http://localhost:43149/ ['http://localhost:44079/']: sec=0.01, result=[1, '', 0]
[rosmaster.master][INFO] 2025-08-19 15:12:04,848: +PUB [/rosout] /rosbridge_websocket http://localhost:43945/
[rosmaster.master][INFO] 2025-08-19 15:12:04,849: publisherUpdate[/rosout] -> http://10.176.33.207:38841/ ['http://localhost:32769/', 'http://localhost:43379/', 'http://localhost:43149/', 'http://localhost:44079/']
[rosmaster.master][INFO] 2025-08-19 15:12:04,850: +SERVICE [/hardware/set_logger_level] /hardware http://localhost:44079/
[rosmaster.master][INFO] 2025-08-19 15:12:04,853: publisherUpdate[/rosout] -> http://10.176.33.207:38841/ ['http://localhost:32769/', 'http://localhost:43379/', 'http://localhost:43149/', 'http://localhost:44079/']: sec=0.00, result=[1, '', 0]
[rosmaster.master][INFO] 2025-08-19 15:12:04,856: publisherUpdate[/rosout] -> http://10.176.33.207:38841/ ['http://localhost:32769/', 'http://localhost:43379/', 'http://localhost:43149/', 'http://localhost:44079/', 'http://localhost:43945/']
[rosmaster.master][INFO] 2025-08-19 15:12:04,859: publisherUpdate[/rosout] -> http://10.176.33.207:38841/ ['http://localhost:32769/', 'http://localhost:43379/', 'http://localhost:43149/', 'http://localhost:44079/', 'http://localhost:43945/']: sec=0.00, result=[1, '', 0]
[rosmaster.master][INFO] 2025-08-19 15:12:04,861: +SERVICE [/rosbridge_websocket/get_loggers] /rosbridge_websocket http://localhost:43945/
[rosmaster.master][INFO] 2025-08-19 15:12:04,864: +SERVICE [/rosbridge_websocket/set_logger_level] /rosbridge_websocket http://localhost:43945/
[rosmaster.master][INFO] 2025-08-19 15:12:04,907: +PUB [/client_count] /rosbridge_websocket http://localhost:43945/
[rosmaster.master][INFO] 2025-08-19 15:12:04,909: +PUB [/connected_clients] /rosbridge_websocket http://localhost:43945/
[rosmaster.master][INFO] 2025-08-19 15:12:04,920: +PARAM [/rosbridge_websocket/actual_port] by /rosbridge_websocket
[rosmaster.master][INFO] 2025-08-19 15:12:04,927: +SUB [/kelpie/leg_control/joint_states] /hardware http://localhost:44079/
[rosmaster.master][INFO] 2025-08-19 15:12:04,928: +CACHEDPARAM [/rosout_disable_topics_generation] by /rosbridge_websocket
[rosmaster.master][INFO] 2025-08-19 15:12:04,935: +SUB [/joy] /hardware http://localhost:44079/
[rosmaster.master][INFO] 2025-08-19 15:12:04,938: +PUB [/kelpie/command_input] /hardware http://localhost:44079/
[rosmaster.master][INFO] 2025-08-19 15:12:04,960: publisherUpdate[/kelpie/command_input] -> http://localhost:43149/ ['http://localhost:44079/']
[rosmaster.master][INFO] 2025-08-19 15:12:04,969: publisherUpdate[/kelpie/command_input] -> http://localhost:43149/ ['http://localhost:44079/']: sec=0.01, result=[1, '', 0]
[rosmaster.master][INFO] 2025-08-19 15:12:15,900: +CACHEDPARAM [/rosout_disable_topics_generation] by /rosbridge_websocket
[rosmaster.master][INFO] 2025-08-19 15:12:16,812: +SUB [/kelpie/leg_control/joint_states] /rosbridge_websocket http://localhost:43945/
[rosmaster.master][INFO] 2025-08-19 15:12:16,816: +CACHEDPARAM [/rosout_disable_topics_generation] by /rosbridge_websocket
[rosmaster.master][INFO] 2025-08-19 15:12:16,827: +SUB [/kelpie/leg_control/currents] /rosbridge_websocket http://localhost:43945/
[rosmaster.master][INFO] 2025-08-19 15:12:16,832: +CACHEDPARAM [/rosout_disable_topics_generation] by /rosbridge_websocket
[rosmaster.master][INFO] 2025-08-19 15:12:16,849: +SUB [/kelpie/battery/voltage] /rosbridge_websocket http://localhost:43945/
[rosmaster.master][INFO] 2025-08-19 15:12:16,854: +CACHEDPARAM [/rosout_disable_topics_generation] by /rosbridge_websocket
[rosmaster.master][INFO] 2025-08-19 15:12:16,878: +SUB [/kelpie/imu] /rosbridge_websocket http://localhost:43945/
[rosmaster.master][INFO] 2025-08-19 15:12:16,882: +CACHEDPARAM [/rosout_disable_topics_generation] by /rosbridge_websocket
[rosmaster.master][INFO] 2025-08-19 15:12:26,590: +CACHEDPARAM [/rosout_disable_topics_generation] by /rosbridge_websocket
[rosmaster.master][INFO] 2025-08-19 15:12:26,596: -SUB [/kelpie/leg_control/joint_states] /rosbridge_websocket http://localhost:43945/
[rosmaster.master][INFO] 2025-08-19 15:12:26,600: -SUB [/kelpie/leg_control/currents] /rosbridge_websocket http://localhost:43945/
[rosmaster.master][INFO] 2025-08-19 15:12:26,605: -SUB [/kelpie/battery/voltage] /rosbridge_websocket http://localhost:43945/
[rosmaster.master][INFO] 2025-08-19 15:12:26,609: -SUB [/kelpie/imu] /rosbridge_websocket http://localhost:43945/
[rosmaster.master][INFO] 2025-08-19 15:12:26,663: +CACHEDPARAM [/rosout_disable_topics_generation] by /rosbridge_websocket
[rosmaster.master][INFO] 2025-08-19 15:12:26,682: +SUB [/kelpie/leg_control/joint_states] /rosbridge_websocket http://localhost:43945/
[rosmaster.master][INFO] 2025-08-19 15:12:26,686: +CACHEDPARAM [/rosout_disable_topics_generation] by /rosbridge_websocket
[rosmaster.master][INFO] 2025-08-19 15:12:26,697: +SUB [/kelpie/leg_control/currents] /rosbridge_websocket http://localhost:43945/
[rosmaster.master][INFO] 2025-08-19 15:12:26,701: +CACHEDPARAM [/rosout_disable_topics_generation] by /rosbridge_websocket
[rosmaster.master][INFO] 2025-08-19 15:12:26,716: +SUB [/kelpie/battery/voltage] /rosbridge_websocket http://localhost:43945/
[rosmaster.master][INFO] 2025-08-19 15:12:26,721: +CACHEDPARAM [/rosout_disable_topics_generation] by /rosbridge_websocket
[rosmaster.master][INFO] 2025-08-19 15:12:26,735: +SUB [/kelpie/imu] /rosbridge_websocket http://localhost:43945/
[rosmaster.master][INFO] 2025-08-19 15:12:26,740: +CACHEDPARAM [/rosout_disable_topics_generation] by /rosbridge_websocket
[rosmaster.master][INFO] 2025-08-19 15:12:31,068: +CACHEDPARAM [/rosout_disable_topics_generation] by /rosbridge_websocket
[rosmaster.master][INFO] 2025-08-19 15:12:31,073: -SUB [/kelpie/leg_control/joint_states] /rosbridge_websocket http://localhost:43945/
[rosmaster.master][INFO] 2025-08-19 15:12:31,078: -SUB [/kelpie/leg_control/currents] /rosbridge_websocket http://localhost:43945/
[rosmaster.master][INFO] 2025-08-19 15:12:31,083: -SUB [/kelpie/battery/voltage] /rosbridge_websocket http://localhost:43945/
[rosmaster.master][INFO] 2025-08-19 15:12:31,087: -SUB [/kelpie/imu] /rosbridge_websocket http://localhost:43945/
[rosmaster.master][INFO] 2025-08-19 15:12:31,171: +CACHEDPARAM [/rosout_disable_topics_generation] by /rosbridge_websocket
[rosmaster.master][INFO] 2025-08-19 15:12:31,229: +SUB [/kelpie/leg_control/joint_states] /rosbridge_websocket http://localhost:43945/
[rosmaster.master][INFO] 2025-08-19 15:12:31,233: +CACHEDPARAM [/rosout_disable_topics_generation] by /rosbridge_websocket
[rosmaster.master][INFO] 2025-08-19 15:12:31,244: +SUB [/kelpie/leg_control/currents] /rosbridge_websocket http://localhost:43945/
[rosmaster.master][INFO] 2025-08-19 15:12:31,248: +CACHEDPARAM [/rosout_disable_topics_generation] by /rosbridge_websocket
[rosmaster.master][INFO] 2025-08-19 15:12:31,264: +SUB [/kelpie/battery/voltage] /rosbridge_websocket http://localhost:43945/
[rosmaster.master][INFO] 2025-08-19 15:12:31,268: +CACHEDPARAM [/rosout_disable_topics_generation] by /rosbridge_websocket
[rosmaster.master][INFO] 2025-08-19 15:12:31,283: +SUB [/kelpie/imu] /rosbridge_websocket http://localhost:43945/
[rosmaster.master][INFO] 2025-08-19 15:12:31,288: +CACHEDPARAM [/rosout_disable_topics_generation] by /rosbridge_websocket
[rosmaster.master][INFO] 2025-08-19 15:12:32,250: +CACHEDPARAM [/rosout_disable_topics_generation] by /rosbridge_websocket
[rosmaster.master][INFO] 2025-08-19 15:12:32,255: -SUB [/kelpie/leg_control/joint_states] /rosbridge_websocket http://localhost:43945/
[rosmaster.master][INFO] 2025-08-19 15:12:32,259: -SUB [/kelpie/leg_control/currents] /rosbridge_websocket http://localhost:43945/
[rosmaster.master][INFO] 2025-08-19 15:12:32,263: -SUB [/kelpie/battery/voltage] /rosbridge_websocket http://localhost:43945/
[rosmaster.master][INFO] 2025-08-19 15:12:32,267: -SUB [/kelpie/imu] /rosbridge_websocket http://localhost:43945/
[rosmaster.master][INFO] 2025-08-19 15:12:32,312: +CACHEDPARAM [/rosout_disable_topics_generation] by /rosbridge_websocket
[rosmaster.master][INFO] 2025-08-19 15:12:32,354: +SUB [/kelpie/leg_control/joint_states] /rosbridge_websocket http://localhost:43945/
[rosmaster.master][INFO] 2025-08-19 15:12:32,358: +CACHEDPARAM [/rosout_disable_topics_generation] by /rosbridge_websocket
[rosmaster.master][INFO] 2025-08-19 15:12:32,369: +SUB [/kelpie/leg_control/currents] /rosbridge_websocket http://localhost:43945/
[rosmaster.master][INFO] 2025-08-19 15:12:32,374: +CACHEDPARAM [/rosout_disable_topics_generation] by /rosbridge_websocket
[rosmaster.master][INFO] 2025-08-19 15:12:32,389: +SUB [/kelpie/battery/voltage] /rosbridge_websocket http://localhost:43945/
[rosmaster.master][INFO] 2025-08-19 15:12:32,395: +CACHEDPARAM [/rosout_disable_topics_generation] by /rosbridge_websocket
[rosmaster.master][INFO] 2025-08-19 15:12:32,410: +SUB [/kelpie/imu] /rosbridge_websocket http://localhost:43945/
[rosmaster.master][INFO] 2025-08-19 15:12:32,415: +CACHEDPARAM [/rosout_disable_topics_generation] by /rosbridge_websocket
[rosmaster.master][INFO] 2025-08-19 15:12:33,474: +CACHEDPARAM [/rosout_disable_topics_generation] by /rosbridge_websocket
[rosmaster.master][INFO] 2025-08-19 15:12:33,480: -SUB [/kelpie/leg_control/joint_states] /rosbridge_websocket http://localhost:43945/
[rosmaster.master][INFO] 2025-08-19 15:12:33,484: -SUB [/kelpie/leg_control/currents] /rosbridge_websocket http://localhost:43945/
[rosmaster.master][INFO] 2025-08-19 15:12:33,488: -SUB [/kelpie/battery/voltage] /rosbridge_websocket http://localhost:43945/
[rosmaster.master][INFO] 2025-08-19 15:12:33,493: -SUB [/kelpie/imu] /rosbridge_websocket http://localhost:43945/
[rosmaster.master][INFO] 2025-08-19 15:12:33,749: +CACHEDPARAM [/rosout_disable_topics_generation] by /rosbridge_websocket
[rosmaster.master][INFO] 2025-08-19 15:12:33,813: +SUB [/kelpie/leg_control/joint_states] /rosbridge_websocket http://localhost:43945/
[rosmaster.master][INFO] 2025-08-19 15:12:33,818: +CACHEDPARAM [/rosout_disable_topics_generation] by /rosbridge_websocket
[rosmaster.master][INFO] 2025-08-19 15:12:33,829: +SUB [/kelpie/leg_control/currents] /rosbridge_websocket http://localhost:43945/
[rosmaster.master][INFO] 2025-08-19 15:12:33,834: +CACHEDPARAM [/rosout_disable_topics_generation] by /rosbridge_websocket
[rosmaster.master][INFO] 2025-08-19 15:12:33,851: +SUB [/kelpie/battery/voltage] /rosbridge_websocket http://localhost:43945/
[rosmaster.master][INFO] 2025-08-19 15:12:33,856: +CACHEDPARAM [/rosout_disable_topics_generation] by /rosbridge_websocket
[rosmaster.master][INFO] 2025-08-19 15:12:33,875: +SUB [/kelpie/imu] /rosbridge_websocket http://localhost:43945/
[rosmaster.master][INFO] 2025-08-19 15:12:33,880: +CACHEDPARAM [/rosout_disable_topics_generation] by /rosbridge_websocket
[rosmaster.master][INFO] 2025-08-19 15:12:36,533: +CACHEDPARAM [/rosout_disable_topics_generation] by /rosbridge_websocket
[rosmaster.master][INFO] 2025-08-19 15:12:36,589: +CACHEDPARAM [/rosout_disable_topics_generation] by /rosbridge_websocket
[rosmaster.master][INFO] 2025-08-19 15:12:36,593: +CACHEDPARAM [/rosout_disable_topics_generation] by /rosbridge_websocket
[rosmaster.master][INFO] 2025-08-19 15:12:36,597: +CACHEDPARAM [/rosout_disable_topics_generation] by /rosbridge_websocket
[rosmaster.master][INFO] 2025-08-19 15:12:36,601: +CACHEDPARAM [/rosout_disable_topics_generation] by /rosbridge_websocket
[rosmaster.master][INFO] 2025-08-19 15:12:37,568: +CACHEDPARAM [/rosout_disable_topics_generation] by /rosbridge_websocket
[rosmaster.master][INFO] 2025-08-19 15:12:37,619: +CACHEDPARAM [/rosout_disable_topics_generation] by /rosbridge_websocket
[rosmaster.master][INFO] 2025-08-19 15:12:37,718: +CACHEDPARAM [/rosout_disable_topics_generation] by /rosbridge_websocket
[rosmaster.master][INFO] 2025-08-19 15:12:37,723: +CACHEDPARAM [/rosout_disable_topics_generation] by /rosbridge_websocket
[rosmaster.master][INFO] 2025-08-19 15:12:37,727: +CACHEDPARAM [/rosout_disable_topics_generation] by /rosbridge_websocket
[rosmaster.master][INFO] 2025-08-19 15:12:37,732: +CACHEDPARAM [/rosout_disable_topics_generation] by /rosbridge_websocket
[rosmaster.master][INFO] 2025-08-19 15:12:38,765: +CACHEDPARAM [/rosout_disable_topics_generation] by /rosbridge_websocket
[rosmaster.master][INFO] 2025-08-19 15:12:38,801: +CACHEDPARAM [/rosout_disable_topics_generation] by /rosbridge_websocket
[rosmaster.master][INFO] 2025-08-19 15:12:38,847: +CACHEDPARAM [/rosout_disable_topics_generation] by /rosbridge_websocket
[rosmaster.master][INFO] 2025-08-19 15:12:38,852: +CACHEDPARAM [/rosout_disable_topics_generation] by /rosbridge_websocket
[rosmaster.master][INFO] 2025-08-19 15:12:38,856: +CACHEDPARAM [/rosout_disable_topics_generation] by /rosbridge_websocket
[rosmaster.master][INFO] 2025-08-19 15:12:38,861: +CACHEDPARAM [/rosout_disable_topics_generation] by /rosbridge_websocket
[rosmaster.master][INFO] 2025-08-19 15:13:02,007: -PUB [/rosout] /rosapi http://10.176.33.207:40061/
[rosmaster.master][INFO] 2025-08-19 15:13:02,008: -SERVICE [/rosapi/get_loggers] /rosapi rosrpc://10.176.33.207:34937
[rosmaster.master][INFO] 2025-08-19 15:13:02,008: -SERVICE [/rosapi/set_logger_level] /rosapi rosrpc://10.176.33.207:34937
[rosmaster.master][INFO] 2025-08-19 15:13:02,010: -SUB [/kelpie/imu] /kelpie http://10.176.33.207:36343/
[rosmaster.master][INFO] 2025-08-19 15:13:02,011: -SERVICE [/rosapi/topics] /rosapi rosrpc://10.176.33.207:34937
[rosmaster.master][INFO] 2025-08-19 15:13:02,011: -SUB [/kelpie/leg_control/currents] /kelpie http://10.176.33.207:36343/
[rosmaster.master][INFO] 2025-08-19 15:13:02,011: -SERVICE [/rosapi/topics_for_type] /rosapi rosrpc://10.176.33.207:34937
[rosmaster.master][INFO] 2025-08-19 15:13:02,012: -SUB [/kelpie/battery/voltage] /kelpie http://10.176.33.207:36343/
[rosmaster.master][INFO] 2025-08-19 15:13:02,012: -SERVICE [/rosapi/services] /rosapi rosrpc://10.176.33.207:34937
[rosmaster.master][INFO] 2025-08-19 15:13:02,012: -SUB [/kelpie/command_input] /kelpie http://10.176.33.207:36343/
[rosmaster.master][INFO] 2025-08-19 15:13:02,012: -SERVICE [/rosapi/services_for_type] /rosapi rosrpc://10.176.33.207:34937
[rosmaster.master][INFO] 2025-08-19 15:13:02,013: -PUB [/rosout] /kelpie http://10.176.33.207:36343/
[rosmaster.master][INFO] 2025-08-19 15:13:02,013: -SERVICE [/rosapi/nodes] /rosapi rosrpc://10.176.33.207:34937
[rosmaster.master][INFO] 2025-08-19 15:13:02,013: -PUB [/kelpie/leg_control/joint_states] /kelpie http://10.176.33.207:36343/
[rosmaster.master][INFO] 2025-08-19 15:13:02,013: -SERVICE [/rosapi/node_details] /rosapi rosrpc://10.176.33.207:34937
[rosmaster.master][INFO] 2025-08-19 15:13:02,014: -SERVICE [/kelpie/get_loggers] /kelpie rosrpc://10.176.33.207:43949
[rosmaster.master][INFO] 2025-08-19 15:13:02,014: -SERVICE [/rosapi/action_servers] /rosapi rosrpc://10.176.33.207:34937
[rosmaster.master][INFO] 2025-08-19 15:13:02,014: -SERVICE [/kelpie/set_logger_level] /kelpie rosrpc://10.176.33.207:43949
[rosmaster.master][INFO] 2025-08-19 15:13:02,015: -SERVICE [/rosapi/topic_type] /rosapi rosrpc://10.176.33.207:34937
[rosmaster.master][INFO] 2025-08-19 15:13:02,015: -SERVICE [/rosapi/service_type] /rosapi rosrpc://10.176.33.207:34937
[rosmaster.master][INFO] 2025-08-19 15:13:02,015: -SERVICE [/rosapi/publishers] /rosapi rosrpc://10.176.33.207:34937
[rosmaster.master][INFO] 2025-08-19 15:13:02,016: -SERVICE [/rosapi/subscribers] /rosapi rosrpc://10.176.33.207:34937
[rosmaster.master][INFO] 2025-08-19 15:13:02,016: -SERVICE [/rosapi/service_providers] /rosapi rosrpc://10.176.33.207:34937
[rosmaster.master][INFO] 2025-08-19 15:13:02,016: -SERVICE [/rosapi/service_node] /rosapi rosrpc://10.176.33.207:34937
[rosmaster.master][INFO] 2025-08-19 15:13:02,016: -SERVICE [/rosapi/service_host] /rosapi rosrpc://10.176.33.207:34937
[rosmaster.master][INFO] 2025-08-19 15:13:02,016: -SERVICE [/rosapi/message_details] /rosapi rosrpc://10.176.33.207:34937
[rosmaster.master][INFO] 2025-08-19 15:13:02,017: -SERVICE [/rosapi/service_request_details] /rosapi rosrpc://10.176.33.207:34937
[rosmaster.master][INFO] 2025-08-19 15:13:02,017: -SERVICE [/rosapi/service_response_details] /rosapi rosrpc://10.176.33.207:34937
[rosmaster.master][INFO] 2025-08-19 15:13:02,018: -SERVICE [/rosapi/set_param] /rosapi rosrpc://10.176.33.207:34937
[rosmaster.master][INFO] 2025-08-19 15:13:02,018: -SERVICE [/rosapi/get_param] /rosapi rosrpc://10.176.33.207:34937
[rosmaster.master][INFO] 2025-08-19 15:13:02,018: -SERVICE [/rosapi/has_param] /rosapi rosrpc://10.176.33.207:34937
[rosmaster.master][INFO] 2025-08-19 15:13:02,018: -SERVICE [/rosapi/search_param] /rosapi rosrpc://10.176.33.207:34937
[rosmaster.master][INFO] 2025-08-19 15:13:02,018: -SERVICE [/rosapi/delete_param] /rosapi rosrpc://10.176.33.207:34937
[rosmaster.master][INFO] 2025-08-19 15:13:02,018: -SERVICE [/rosapi/get_param_names] /rosapi rosrpc://10.176.33.207:34937
[rosmaster.master][INFO] 2025-08-19 15:13:02,019: -SERVICE [/rosapi/get_time] /rosapi rosrpc://10.176.33.207:34937
[rosmaster.master][INFO] 2025-08-19 15:13:02,019: -SERVICE [/rosapi/topics_and_raw_types] /rosapi rosrpc://10.176.33.207:34937
[rosmaster.master][INFO] 2025-08-19 15:13:02,207: -PUB [/rosout] /JOYSTICK http://10.176.33.207:38747/
[rosmaster.master][INFO] 2025-08-19 15:13:02,208: -PUB [/diagnostics] /JOYSTICK http://10.176.33.207:38747/
[rosmaster.master][INFO] 2025-08-19 15:13:02,209: -PUB [/joy] /JOYSTICK http://10.176.33.207:38747/
[rosmaster.master][INFO] 2025-08-19 15:13:02,211: -SUB [/joy/set_feedback] /JOYSTICK http://10.176.33.207:38747/
[rosmaster.master][INFO] 2025-08-19 15:13:02,212: -SERVICE [/JOYSTICK/get_loggers] /JOYSTICK rosrpc://10.176.33.207:46623
[rosmaster.master][INFO] 2025-08-19 15:13:02,214: -SERVICE [/JOYSTICK/set_logger_level] /JOYSTICK rosrpc://10.176.33.207:46623
[rosmaster.master][INFO] 2025-08-19 15:13:02,215: -CACHEDPARAM [/JOYSTICK/diagnostic_period] by /JOYSTICK
[rosmaster.master][INFO] 2025-08-19 15:13:02,217: -CACHEDPARAM [/rosout_disable_topics_generation] by /JOYSTICK
[rosmaster.master][INFO] 2025-08-19 15:13:05,269: +CACHEDPARAM [/rosout_disable_topics_generation] by /rosbridge_websocket
[rosmaster.master][INFO] 2025-08-19 15:13:05,392: +CACHEDPARAM [/rosout_disable_topics_generation] by /rosbridge_websocket
[rosmaster.master][INFO] 2025-08-19 15:13:05,502: +CACHEDPARAM [/rosout_disable_topics_generation] by /rosbridge_websocket
[rosmaster.master][INFO] 2025-08-19 15:13:05,507: +CACHEDPARAM [/rosout_disable_topics_generation] by /rosbridge_websocket
[rosmaster.master][INFO] 2025-08-19 15:13:05,511: +CACHEDPARAM [/rosout_disable_topics_generation] by /rosbridge_websocket
[rosmaster.master][INFO] 2025-08-19 15:13:05,516: +CACHEDPARAM [/rosout_disable_topics_generation] by /rosbridge_websocket
[rosmaster.master][INFO] 2025-08-19 15:13:08,908: -SUB [/kelpie/leg_control/joint_states] /hardware http://localhost:44079/
[rosmaster.master][INFO] 2025-08-19 15:13:08,912: -SUB [/joy] /hardware http://localhost:44079/
[rosmaster.master][INFO] 2025-08-19 15:13:08,913: -PUB [/kelpie/leg_control/currents] /hardware http://localhost:44079/
[rosmaster.master][INFO] 2025-08-19 15:13:08,913: -PUB [/kelpie/battery/voltage] /hardware http://localhost:44079/
[rosmaster.master][INFO] 2025-08-19 15:13:08,913: -PUB [/kelpie/imu] /hardware http://localhost:44079/
[rosmaster.master][INFO] 2025-08-19 15:13:08,914: -PUB [/rosout] /hardware http://localhost:44079/
[rosmaster.master][INFO] 2025-08-19 15:13:08,914: -PUB [/kelpie/command_input] /hardware http://localhost:44079/
[rosmaster.master][INFO] 2025-08-19 15:13:08,915: -SERVICE [/hardware/get_loggers] /hardware rosrpc://localhost:44325
[rosmaster.master][INFO] 2025-08-19 15:13:08,915: -SERVICE [/hardware/set_logger_level] /hardware rosrpc://localhost:44325
[rosmaster.master][INFO] 2025-08-19 15:13:08,918: -SUB [/kelpie/leg_control/joint_states] /rosbridge_websocket http://localhost:43945/
[rosmaster.master][INFO] 2025-08-19 15:13:08,918: -SUB [/kelpie/leg_control/currents] /rosbridge_websocket http://localhost:43945/
[rosmaster.master][INFO] 2025-08-19 15:13:08,919: -SUB [/kelpie/battery/voltage] /rosbridge_websocket http://localhost:43945/
[rosmaster.master][INFO] 2025-08-19 15:13:08,919: -SUB [/kelpie/imu] /rosbridge_websocket http://localhost:43945/
[rosmaster.master][INFO] 2025-08-19 15:13:08,920: -PUB [/rosout] /rosbridge_websocket http://localhost:43945/
[rosmaster.master][INFO] 2025-08-19 15:13:08,920: -PUB [/client_count] /rosbridge_websocket http://localhost:43945/
[rosmaster.master][INFO] 2025-08-19 15:13:08,920: -PUB [/connected_clients] /rosbridge_websocket http://localhost:43945/
[rosmaster.master][INFO] 2025-08-19 15:13:08,921: -SERVICE [/rosbridge_websocket/get_loggers] /rosbridge_websocket rosrpc://localhost:32981
[rosmaster.master][INFO] 2025-08-19 15:13:08,921: -SERVICE [/rosbridge_websocket/set_logger_level] /rosbridge_websocket rosrpc://localhost:32981
[rosmaster.master][INFO] 2025-08-19 15:13:08,923: -PUB [/rosout] /rosapi http://localhost:43379/
[rosmaster.master][INFO] 2025-08-19 15:13:08,923: -SERVICE [/rosapi/get_loggers] /rosapi rosrpc://localhost:36883
[rosmaster.master][INFO] 2025-08-19 15:13:08,924: -SERVICE [/rosapi/set_logger_level] /rosapi rosrpc://localhost:36883
[rosmaster.master][INFO] 2025-08-19 15:13:08,924: -SERVICE [/rosapi/topics] /rosapi rosrpc://localhost:36883
[rosmaster.master][INFO] 2025-08-19 15:13:08,924: -SERVICE [/rosapi/topics_for_type] /rosapi rosrpc://localhost:36883
[rosmaster.master][INFO] 2025-08-19 15:13:08,925: -SERVICE [/rosapi/services] /rosapi rosrpc://localhost:36883
[rosmaster.master][INFO] 2025-08-19 15:13:08,925: -SERVICE [/rosapi/services_for_type] /rosapi rosrpc://localhost:36883
[rosmaster.master][INFO] 2025-08-19 15:13:08,926: -SERVICE [/rosapi/nodes] /rosapi rosrpc://localhost:36883
[rosmaster.master][INFO] 2025-08-19 15:13:08,926: -SERVICE [/rosapi/node_details] /rosapi rosrpc://localhost:36883
[rosmaster.master][INFO] 2025-08-19 15:13:08,927: -SERVICE [/rosapi/action_servers] /rosapi rosrpc://localhost:36883
[rosmaster.master][INFO] 2025-08-19 15:13:08,927: -SERVICE [/rosapi/topic_type] /rosapi rosrpc://localhost:36883
[rosmaster.master][INFO] 2025-08-19 15:13:08,928: -SERVICE [/rosapi/service_type] /rosapi rosrpc://localhost:36883
[rosmaster.master][INFO] 2025-08-19 15:13:08,928: -SERVICE [/rosapi/publishers] /rosapi rosrpc://localhost:36883
[rosmaster.master][INFO] 2025-08-19 15:13:08,929: -SERVICE [/rosapi/subscribers] /rosapi rosrpc://localhost:36883
[rosmaster.master][INFO] 2025-08-19 15:13:08,929: -SERVICE [/rosapi/service_providers] /rosapi rosrpc://localhost:36883
[rosmaster.master][INFO] 2025-08-19 15:13:08,930: -SERVICE [/rosapi/service_node] /rosapi rosrpc://localhost:36883
[rosmaster.master][INFO] 2025-08-19 15:13:08,930: -SERVICE [/rosapi/service_host] /rosapi rosrpc://localhost:36883
[rosmaster.master][INFO] 2025-08-19 15:13:08,931: -SERVICE [/rosapi/message_details] /rosapi rosrpc://localhost:36883
[rosmaster.master][INFO] 2025-08-19 15:13:08,931: -SERVICE [/rosapi/service_request_details] /rosapi rosrpc://localhost:36883
[rosmaster.master][INFO] 2025-08-19 15:13:08,931: -SERVICE [/rosapi/service_response_details] /rosapi rosrpc://localhost:36883
[rosmaster.master][INFO] 2025-08-19 15:13:08,932: -SERVICE [/rosapi/set_param] /rosapi rosrpc://localhost:36883
[rosmaster.master][INFO] 2025-08-19 15:13:08,932: -SERVICE [/rosapi/get_param] /rosapi rosrpc://localhost:36883
[rosmaster.master][INFO] 2025-08-19 15:13:08,932: -SERVICE [/rosapi/has_param] /rosapi rosrpc://localhost:36883
[rosmaster.master][INFO] 2025-08-19 15:13:08,932: -SERVICE [/rosapi/search_param] /rosapi rosrpc://localhost:36883
[rosmaster.master][INFO] 2025-08-19 15:13:08,932: -SERVICE [/rosapi/delete_param] /rosapi rosrpc://localhost:36883
[rosmaster.master][INFO] 2025-08-19 15:13:08,933: -SERVICE [/rosapi/get_param_names] /rosapi rosrpc://localhost:36883
[rosmaster.master][INFO] 2025-08-19 15:13:08,933: -SERVICE [/rosapi/get_time] /rosapi rosrpc://localhost:36883
[rosmaster.master][INFO] 2025-08-19 15:13:08,933: -SERVICE [/rosapi/topics_and_raw_types] /rosapi rosrpc://localhost:36883
[rosmaster.master][INFO] 2025-08-19 15:13:08,936: -PUB [/rosout] /JOYSTICK http://localhost:32769/
[rosmaster.master][INFO] 2025-08-19 15:13:08,938: -PUB [/diagnostics] /JOYSTICK http://localhost:32769/
[rosmaster.master][INFO] 2025-08-19 15:13:08,939: -PUB [/joy] /JOYSTICK http://localhost:32769/
[rosmaster.master][INFO] 2025-08-19 15:13:08,941: -SUB [/joy/set_feedback] /JOYSTICK http://localhost:32769/
[rosmaster.master][INFO] 2025-08-19 15:13:08,943: -SERVICE [/JOYSTICK/get_loggers] /JOYSTICK rosrpc://localhost:38851
[rosmaster.master][INFO] 2025-08-19 15:13:08,944: -SERVICE [/JOYSTICK/set_logger_level] /JOYSTICK rosrpc://localhost:38851
[rosmaster.master][INFO] 2025-08-19 15:13:08,946: -CACHEDPARAM [/JOYSTICK/diagnostic_period] by /JOYSTICK
[rosmaster.master][INFO] 2025-08-19 15:13:08,947: -CACHEDPARAM [/rosout_disable_topics_generation] by /JOYSTICK
[rosmaster.master][INFO] 2025-08-19 15:13:08,968: publisherUpdate[/kelpie/leg_control/currents] -> http://localhost:43149/ []
[rosmaster.master][INFO] 2025-08-19 15:13:08,970: publisherUpdate[/kelpie/leg_control/currents] -> http://localhost:43149/ []: sec=0.00, result=[1, '', 0]
[rosmaster.master][INFO] 2025-08-19 15:13:08,970: publisherUpdate[/kelpie/leg_control/currents] -> http://localhost:43945/ []
[rosmaster.master][INFO] 2025-08-19 15:13:08,972: publisherUpdate[/kelpie/leg_control/currents] -> http://localhost:43945/ []: sec=0.00, exception=[Errno 111] Connection refused
[rosmaster.threadpool][ERROR] 2025-08-19 15:13:08,976: Traceback (most recent call last):
  File "/opt/ros/noetic/lib/python3/dist-packages/rosmaster/threadpool.py", line 218, in run
    result = cmd(*args)
  File "/opt/ros/noetic/lib/python3/dist-packages/rosmaster/master_api.py", line 210, in publisher_update_task
    ret = xmlrpcapi(api).publisherUpdate('/master', topic, pub_uris)
  File "/usr/lib/python3.8/xmlrpc/client.py", line 1109, in __call__
    return self.__send(self.__name, args)
  File "/usr/lib/python3.8/xmlrpc/client.py", line 1450, in __request
    response = self.__transport.request(
  File "/usr/lib/python3.8/xmlrpc/client.py", line 1153, in request
    return self.single_request(host, handler, request_body, verbose)
  File "/usr/lib/python3.8/xmlrpc/client.py", line 1165, in single_request
    http_conn = self.send_request(host, handler, request_body, verbose)
  File "/usr/lib/python3.8/xmlrpc/client.py", line 1278, in send_request
    self.send_content(connection, request_body)
  File "/usr/lib/python3.8/xmlrpc/client.py", line 1308, in send_content
    connection.endheaders(request_body)
  File "/usr/lib/python3.8/http/client.py", line 1251, in endheaders
    self._send_output(message_body, encode_chunked=encode_chunked)
  File "/usr/lib/python3.8/http/client.py", line 1011, in _send_output
    self.send(msg)
  File "/usr/lib/python3.8/http/client.py", line 951, in send
    self.connect()
  File "/usr/lib/python3.8/http/client.py", line 922, in connect
    self.sock = self._create_connection(
  File "/usr/lib/python3.8/socket.py", line 808, in create_connection
    raise err
  File "/usr/lib/python3.8/socket.py", line 796, in create_connection
    sock.connect(sa)
ConnectionRefusedError: [Errno 111] Connection refused

[rosmaster.master][INFO] 2025-08-19 15:13:08,976: publisherUpdate[/kelpie/battery/voltage] -> http://localhost:43149/ []
[rosmaster.master][INFO] 2025-08-19 15:13:08,978: publisherUpdate[/kelpie/battery/voltage] -> http://localhost:43149/ []: sec=0.00, result=[1, '', 0]
[rosmaster.master][INFO] 2025-08-19 15:13:08,979: publisherUpdate[/kelpie/battery/voltage] -> http://localhost:43945/ []
[rosmaster.master][INFO] 2025-08-19 15:13:08,980: publisherUpdate[/kelpie/battery/voltage] -> http://localhost:43945/ []: sec=0.00, exception=[Errno 111] Connection refused
[rosmaster.threadpool][ERROR] 2025-08-19 15:13:08,981: Traceback (most recent call last):
  File "/opt/ros/noetic/lib/python3/dist-packages/rosmaster/threadpool.py", line 218, in run
    result = cmd(*args)
  File "/opt/ros/noetic/lib/python3/dist-packages/rosmaster/master_api.py", line 210, in publisher_update_task
    ret = xmlrpcapi(api).publisherUpdate('/master', topic, pub_uris)
  File "/usr/lib/python3.8/xmlrpc/client.py", line 1109, in __call__
    return self.__send(self.__name, args)
  File "/usr/lib/python3.8/xmlrpc/client.py", line 1450, in __request
    response = self.__transport.request(
  File "/usr/lib/python3.8/xmlrpc/client.py", line 1153, in request
    return self.single_request(host, handler, request_body, verbose)
  File "/usr/lib/python3.8/xmlrpc/client.py", line 1165, in single_request
    http_conn = self.send_request(host, handler, request_body, verbose)
  File "/usr/lib/python3.8/xmlrpc/client.py", line 1278, in send_request
    self.send_content(connection, request_body)
  File "/usr/lib/python3.8/xmlrpc/client.py", line 1308, in send_content
    connection.endheaders(request_body)
  File "/usr/lib/python3.8/http/client.py", line 1251, in endheaders
    self._send_output(message_body, encode_chunked=encode_chunked)
  File "/usr/lib/python3.8/http/client.py", line 1011, in _send_output
    self.send(msg)
  File "/usr/lib/python3.8/http/client.py", line 951, in send
    self.connect()
  File "/usr/lib/python3.8/http/client.py", line 922, in connect
    self.sock = self._create_connection(
  File "/usr/lib/python3.8/socket.py", line 808, in create_connection
    raise err
  File "/usr/lib/python3.8/socket.py", line 796, in create_connection
    sock.connect(sa)
ConnectionRefusedError: [Errno 111] Connection refused

[rosmaster.master][INFO] 2025-08-19 15:13:08,981: publisherUpdate[/kelpie/imu] -> http://localhost:43149/ []
[rosmaster.master][INFO] 2025-08-19 15:13:08,983: publisherUpdate[/kelpie/imu] -> http://localhost:43149/ []: sec=0.00, result=[1, '', 0]
[rosmaster.master][INFO] 2025-08-19 15:13:08,984: publisherUpdate[/kelpie/imu] -> http://localhost:43945/ []
[rosmaster.master][INFO] 2025-08-19 15:13:08,985: publisherUpdate[/kelpie/imu] -> http://localhost:43945/ []: sec=0.00, exception=[Errno 111] Connection refused
[rosmaster.threadpool][ERROR] 2025-08-19 15:13:08,986: Traceback (most recent call last):
  File "/opt/ros/noetic/lib/python3/dist-packages/rosmaster/threadpool.py", line 218, in run
    result = cmd(*args)
  File "/opt/ros/noetic/lib/python3/dist-packages/rosmaster/master_api.py", line 210, in publisher_update_task
    ret = xmlrpcapi(api).publisherUpdate('/master', topic, pub_uris)
  File "/usr/lib/python3.8/xmlrpc/client.py", line 1109, in __call__
    return self.__send(self.__name, args)
  File "/usr/lib/python3.8/xmlrpc/client.py", line 1450, in __request
    response = self.__transport.request(
  File "/usr/lib/python3.8/xmlrpc/client.py", line 1153, in request
    return self.single_request(host, handler, request_body, verbose)
  File "/usr/lib/python3.8/xmlrpc/client.py", line 1165, in single_request
    http_conn = self.send_request(host, handler, request_body, verbose)
  File "/usr/lib/python3.8/xmlrpc/client.py", line 1278, in send_request
    self.send_content(connection, request_body)
  File "/usr/lib/python3.8/xmlrpc/client.py", line 1308, in send_content
    connection.endheaders(request_body)
  File "/usr/lib/python3.8/http/client.py", line 1251, in endheaders
    self._send_output(message_body, encode_chunked=encode_chunked)
  File "/usr/lib/python3.8/http/client.py", line 1011, in _send_output
    self.send(msg)
  File "/usr/lib/python3.8/http/client.py", line 951, in send
    self.connect()
  File "/usr/lib/python3.8/http/client.py", line 922, in connect
    self.sock = self._create_connection(
  File "/usr/lib/python3.8/socket.py", line 808, in create_connection
    raise err
  File "/usr/lib/python3.8/socket.py", line 796, in create_connection
    sock.connect(sa)
ConnectionRefusedError: [Errno 111] Connection refused

[rosmaster.master][INFO] 2025-08-19 15:13:08,986: publisherUpdate[/rosout] -> http://10.176.33.207:38841/ ['http://localhost:32769/', 'http://localhost:43379/', 'http://localhost:43149/', 'http://localhost:43945/']
[rosmaster.master][INFO] 2025-08-19 15:13:08,988: publisherUpdate[/rosout] -> http://10.176.33.207:38841/ ['http://localhost:32769/', 'http://localhost:43379/', 'http://localhost:43149/', 'http://localhost:43945/']: sec=0.00, result=[1, '', 0]
[rosmaster.master][INFO] 2025-08-19 15:13:08,988: publisherUpdate[/kelpie/command_input] -> http://localhost:43149/ []
[rosmaster.master][INFO] 2025-08-19 15:13:08,990: publisherUpdate[/kelpie/command_input] -> http://localhost:43149/ []: sec=0.00, result=[1, '', 0]
[rosmaster.master][INFO] 2025-08-19 15:13:08,991: publisherUpdate[/rosout] -> http://10.176.33.207:38841/ ['http://localhost:32769/', 'http://localhost:43379/', 'http://localhost:43149/']
[rosmaster.master][INFO] 2025-08-19 15:13:08,992: publisherUpdate[/rosout] -> http://10.176.33.207:38841/ ['http://localhost:32769/', 'http://localhost:43379/', 'http://localhost:43149/']: sec=0.00, result=[1, '', 0]
[rosmaster.master][INFO] 2025-08-19 15:13:08,992: publisherUpdate[/rosout] -> http://10.176.33.207:38841/ ['http://localhost:32769/', 'http://localhost:43149/']
[rosmaster.master][INFO] 2025-08-19 15:13:08,994: publisherUpdate[/rosout] -> http://10.176.33.207:38841/ ['http://localhost:32769/', 'http://localhost:43149/']: sec=0.00, result=[1, '', 0]
[rosmaster.master][INFO] 2025-08-19 15:13:08,994: publisherUpdate[/rosout] -> http://10.176.33.207:38841/ ['http://localhost:43149/']
[rosmaster.master][INFO] 2025-08-19 15:13:08,995: publisherUpdate[/rosout] -> http://10.176.33.207:38841/ ['http://localhost:43149/']: sec=0.00, result=[1, '', 0]
[rosmaster.master][INFO] 2025-08-19 15:13:09,520: +CACHEDPARAM [/rosout_disable_topics_generation] by /rosbridge_websocket
[rosmaster.master][INFO] 2025-08-19 15:13:09,537: +CACHEDPARAM [/rosout_disable_topics_generation] by /rosbridge_websocket
[rosmaster.master][INFO] 2025-08-19 15:13:11,600: -PUB [/rosout_agg] /rosout http://10.176.33.207:38841/
[rosmaster.master][INFO] 2025-08-19 15:13:11,601: -SUB [/rosout] /rosout http://10.176.33.207:38841/
[rosmaster.master][INFO] 2025-08-19 15:13:11,603: -SERVICE [/rosout/get_loggers] /rosout rosrpc://10.176.33.207:33039
[rosmaster.master][INFO] 2025-08-19 15:13:11,604: -SERVICE [/rosout/set_logger_level] /rosout rosrpc://10.176.33.207:33039
[rosmaster.master][INFO] 2025-08-19 15:13:11,606: -CACHEDPARAM [/rosout/omit_topics] by /rosout
[rosmaster.main][INFO] 2025-08-19 15:13:11,631: keyboard interrupt, will exit
[rosmaster.main][INFO] 2025-08-19 15:13:11,631: stopping master...
[rospy.core][INFO] 2025-08-19 15:13:11,631: signal_shutdown [atexit]
