[rospy.client][INFO] 2025-08-19 15:11:15,627: init_node, name[/rosapi], pid[4576]
[xmlrpc][INFO] 2025-08-19 15:11:15,629: XML-RPC server binding to 127.0.0.1:0
[xmlrpc][INFO] 2025-08-19 15:11:15,631: Started XML-RPC server [http://localhost:34091/]
[rospy.init][INFO] 2025-08-19 15:11:15,632: ROS Slave URI: [http://localhost:34091/]
[rospy.impl.masterslave][INFO] 2025-08-19 15:11:15,633: _ready: http://localhost:34091/
[rospy.registration][INFO] 2025-08-19 15:11:15,638: Registering with master node http://localhost:11311
[xmlrpc][INFO] 2025-08-19 15:11:15,639: xml rpc node: starting XML-RPC server
[rospy.init][INFO] 2025-08-19 15:11:15,733: registered with master
[rospy.rosout][INFO] 2025-08-19 15:11:15,734: initializing /rosout core topic
[rospy.rosout][INFO] 2025-08-19 15:11:15,746: connected to core topic /rosout
[rospy.simtime][INFO] 2025-08-19 15:11:15,750: /use_sim_time is not set, will not subscribe to simulated time [/clock] topic
[rosout][INFO] 2025-08-19 15:11:15,873: Rosapi started
[rospy.internal][INFO] 2025-08-19 15:11:15,997: topic[/rosout] adding connection to [/rosout], count 0
[rospy.core][INFO] 2025-08-19 15:11:33,589: signal_shutdown [signal-2]
[rospy.internal][INFO] 2025-08-19 15:11:33,627: topic[/rosout] removing connection to /rosout
[rospy.impl.masterslave][INFO] 2025-08-19 15:11:33,628: signal-2
[rospy.core][INFO] 2025-08-19 15:11:34,191: signal_shutdown [atexit]
[rospy.client][INFO] 2025-08-19 15:12:04,055: init_node, name[/rosapi], pid[4667]
[xmlrpc][INFO] 2025-08-19 15:12:04,056: XML-RPC server binding to 127.0.0.1:0
[xmlrpc][INFO] 2025-08-19 15:12:04,058: Started XML-RPC server [http://localhost:43379/]
[rospy.init][INFO] 2025-08-19 15:12:04,059: ROS Slave URI: [http://localhost:43379/]
[rospy.impl.masterslave][INFO] 2025-08-19 15:12:04,060: _ready: http://localhost:43379/
[rospy.registration][INFO] 2025-08-19 15:12:04,063: Registering with master node http://localhost:11311
[xmlrpc][INFO] 2025-08-19 15:12:04,064: xml rpc node: starting XML-RPC server
[rospy.init][INFO] 2025-08-19 15:12:04,161: registered with master
[rospy.rosout][INFO] 2025-08-19 15:12:04,162: initializing /rosout core topic
[rospy.rosout][INFO] 2025-08-19 15:12:04,178: connected to core topic /rosout
[rospy.simtime][INFO] 2025-08-19 15:12:04,182: /use_sim_time is not set, will not subscribe to simulated time [/clock] topic
[rosout][INFO] 2025-08-19 15:12:04,306: Rosapi started
[rospy.internal][INFO] 2025-08-19 15:12:04,418: topic[/rosout] adding connection to [/rosout], count 0
[rospy.core][INFO] 2025-08-19 15:13:08,905: signal_shutdown [signal-2]
[rospy.internal][INFO] 2025-08-19 15:13:08,938: topic[/rosout] removing connection to /rosout
[rospy.impl.masterslave][INFO] 2025-08-19 15:13:08,939: signal-2
[rospy.core][INFO] 2025-08-19 15:13:09,508: signal_shutdown [atexit]
