

1755580266.753496421  Node Startup
1755580275.619796037 INFO /kelpie [main_driver.py:99(KelpieDriver.run)] [topics: /kelpie/leg_control/joint_states, /kelpie/imu, /kelpie/battery/voltage, /kelpie/command_input, /rosout, /kelpie/leg_control/currents] Manual robot control active. Currently not accepting external commands
1755580275.877930641 INFO /rosapi [rosapi_node:202(<module>)] [topics: /rosout] Rosapi started
1755580276.307706117 WARN /rosbridge_websocket [rosbridge_websocket:315(<module>)] [topics: /client_count, /rosout, /connected_clients] Unable to start server: Couldn't listen on any:9090: [Errno 98] Address already in use. Retrying in 5s.
1755580281.316318035 WARN /rosbridge_websocket [rosbridge_websocket:315(<module>)] [topics: /client_count, /rosout, /connected_clients] Unable to start server: Couldn't listen on any:9090: [Errno 98] Address already in use. Retrying in 5s.
1755580324.310938835 INFO /rosapi [rosapi_node:202(<module>)] [topics: /rosout] Rosapi started
1755580324.288829803 INFO /kelpie [main_driver.py:99(KelpieDriver.run)] [topics: /kelpie/imu, /rosout, /kelpie/leg_control/currents, /kelpie/battery/voltage, /kelpie/leg_control/joint_states, /kelpie/command_input] Manual robot control active. Currently not accepting external commands
1755580324.931580066 INFO /rosbridge_websocket [rosbridge_websocket:312(<module>)] [topics: /connected_clients, /client_count, /rosout] Rosbridge WebSocket server started at ws://0.0.0.0:9090
1755580335.901829957 INFO /rosbridge_websocket [autobahn_websocket.py:195(RosbridgeWebSocket.onOpen)] [topics: /connected_clients, /client_count, /rosout] Client connected.  1 clients total.
1755580336.817538022 INFO /rosbridge_websocket [protocol.py:403(RosbridgeProtocol.log)] [topics: /connected_clients, /kelpie/leg_control/joint_states, /client_count, /rosout] [Client 0] Subscribed to /kelpie/leg_control/joint_states
1755580336.833833217 INFO /rosbridge_websocket [protocol.py:403(RosbridgeProtocol.log)] [topics: /connected_clients, /client_count, /rosout, /kelpie/leg_control/joint_states, /kelpie/leg_control/currents] [Client 0] Subscribed to /kelpie/leg_control/currents
1755580336.856370210 INFO /rosbridge_websocket [protocol.py:403(RosbridgeProtocol.log)] [topics: /connected_clients, /client_count, /rosout, /kelpie/battery/voltage, /kelpie/leg_control/joint_states, /kelpie/leg_control/currents] [Client 0] Subscribed to /kelpie/battery/voltage
1755580336.884263515 INFO /rosbridge_websocket [protocol.py:403(RosbridgeProtocol.log)] [topics: /connected_clients, /client_count, /rosout, /kelpie/battery/voltage, /kelpie/imu, /kelpie/leg_control/joint_states, /kelpie/leg_control/currents] [Client 0] Subscribed to /kelpie/imu
1755580346.592200517 INFO /rosbridge_websocket [autobahn_websocket.py:255(RosbridgeWebSocket.onClose)] [topics: /connected_clients, /client_count, /rosout, /kelpie/battery/voltage, /kelpie/imu, /kelpie/leg_control/joint_states, /kelpie/leg_control/currents] Client disconnected. 0 clients total.
1755580346.664582729 INFO /rosbridge_websocket [autobahn_websocket.py:195(RosbridgeWebSocket.onOpen)] [topics: /connected_clients, /client_count, /rosout] Client connected.  1 clients total.
1755580346.687630891 INFO /rosbridge_websocket [protocol.py:403(RosbridgeProtocol.log)] [topics: /connected_clients, /kelpie/leg_control/joint_states, /client_count, /rosout] [Client 1] Subscribed to /kelpie/leg_control/joint_states
1755580346.703466653 INFO /rosbridge_websocket [protocol.py:403(RosbridgeProtocol.log)] [topics: /connected_clients, /client_count, /rosout, /kelpie/leg_control/joint_states, /kelpie/leg_control/currents] [Client 1] Subscribed to /kelpie/leg_control/currents
1755580346.722918748 INFO /rosbridge_websocket [protocol.py:403(RosbridgeProtocol.log)] [topics: /connected_clients, /client_count, /rosout, /kelpie/battery/voltage, /kelpie/leg_control/joint_states, /kelpie/leg_control/currents] [Client 1] Subscribed to /kelpie/battery/voltage
1755580346.742767095 INFO /rosbridge_websocket [protocol.py:403(RosbridgeProtocol.log)] [topics: /connected_clients, /client_count, /rosout, /kelpie/battery/voltage, /kelpie/imu, /kelpie/leg_control/joint_states, /kelpie/leg_control/currents] [Client 1] Subscribed to /kelpie/imu
1755580351.070271253 INFO /rosbridge_websocket [autobahn_websocket.py:255(RosbridgeWebSocket.onClose)] [topics: /connected_clients, /client_count, /rosout, /kelpie/battery/voltage, /kelpie/imu, /kelpie/leg_control/joint_states, /kelpie/leg_control/currents] Client disconnected. 0 clients total.
1755580351.172976970 INFO /rosbridge_websocket [autobahn_websocket.py:195(RosbridgeWebSocket.onOpen)] [topics: /connected_clients, /client_count, /rosout] Client connected.  1 clients total.
1755580351.234715223 INFO /rosbridge_websocket [protocol.py:403(RosbridgeProtocol.log)] [topics: /connected_clients, /kelpie/leg_control/joint_states, /client_count, /rosout] [Client 2] Subscribed to /kelpie/leg_control/joint_states
1755580351.250508785 INFO /rosbridge_websocket [protocol.py:403(RosbridgeProtocol.log)] [topics: /connected_clients, /client_count, /rosout, /kelpie/leg_control/joint_states, /kelpie/leg_control/currents] [Client 2] Subscribed to /kelpie/leg_control/currents
1755580351.269719123 INFO /rosbridge_websocket [protocol.py:403(RosbridgeProtocol.log)] [topics: /connected_clients, /client_count, /rosout, /kelpie/battery/voltage, /kelpie/leg_control/joint_states, /kelpie/leg_control/currents] [Client 2] Subscribed to /kelpie/battery/voltage
1755580351.289991617 INFO /rosbridge_websocket [protocol.py:403(RosbridgeProtocol.log)] [topics: /connected_clients, /client_count, /rosout, /kelpie/battery/voltage, /kelpie/imu, /kelpie/leg_control/joint_states, /kelpie/leg_control/currents] [Client 2] Subscribed to /kelpie/imu
1755580352.251650333 INFO /rosbridge_websocket [autobahn_websocket.py:255(RosbridgeWebSocket.onClose)] [topics: /connected_clients, /client_count, /rosout, /kelpie/battery/voltage, /kelpie/imu, /kelpie/leg_control/joint_states, /kelpie/leg_control/currents] Client disconnected. 0 clients total.
1755580352.313661098 INFO /rosbridge_websocket [autobahn_websocket.py:195(RosbridgeWebSocket.onOpen)] [topics: /connected_clients, /client_count, /rosout] Client connected.  1 clients total.
1755580352.360019683 INFO /rosbridge_websocket [protocol.py:403(RosbridgeProtocol.log)] [topics: /connected_clients, /kelpie/leg_control/joint_states, /client_count, /rosout] [Client 3] Subscribed to /kelpie/leg_control/joint_states
1755580352.376094102 INFO /rosbridge_websocket [protocol.py:403(RosbridgeProtocol.log)] [topics: /connected_clients, /client_count, /rosout, /kelpie/leg_control/joint_states, /kelpie/leg_control/currents] [Client 3] Subscribed to /kelpie/leg_control/currents
1755580352.396948814 INFO /rosbridge_websocket [protocol.py:403(RosbridgeProtocol.log)] [topics: /connected_clients, /client_count, /rosout, /kelpie/battery/voltage, /kelpie/leg_control/joint_states, /kelpie/leg_control/currents] [Client 3] Subscribed to /kelpie/battery/voltage
1755580352.417560100 INFO /rosbridge_websocket [protocol.py:403(RosbridgeProtocol.log)] [topics: /connected_clients, /client_count, /rosout, /kelpie/battery/voltage, /kelpie/imu, /kelpie/leg_control/joint_states, /kelpie/leg_control/currents] [Client 3] Subscribed to /kelpie/imu
1755580353.476308584 INFO /rosbridge_websocket [autobahn_websocket.py:255(RosbridgeWebSocket.onClose)] [topics: /connected_clients, /client_count, /rosout, /kelpie/battery/voltage, /kelpie/imu, /kelpie/leg_control/joint_states, /kelpie/leg_control/currents] Client disconnected. 0 clients total.
1755580353.750625133 INFO /rosbridge_websocket [autobahn_websocket.py:195(RosbridgeWebSocket.onOpen)] [topics: /connected_clients, /client_count, /rosout] Client connected.  1 clients total.
1755580353.819672107 INFO /rosbridge_websocket [protocol.py:403(RosbridgeProtocol.log)] [topics: /connected_clients, /kelpie/leg_control/joint_states, /client_count, /rosout] [Client 4] Subscribed to /kelpie/leg_control/joint_states
1755580353.836085319 INFO /rosbridge_websocket [protocol.py:403(RosbridgeProtocol.log)] [topics: /connected_clients, /client_count, /rosout, /kelpie/leg_control/joint_states, /kelpie/leg_control/currents] [Client 4] Subscribed to /kelpie/leg_control/currents
1755580353.858632087 INFO /rosbridge_websocket [protocol.py:403(RosbridgeProtocol.log)] [topics: /connected_clients, /client_count, /rosout, /kelpie/battery/voltage, /kelpie/leg_control/joint_states, /kelpie/leg_control/currents] [Client 4] Subscribed to /kelpie/battery/voltage
1755580353.882563591 INFO /rosbridge_websocket [protocol.py:403(RosbridgeProtocol.log)] [topics: /connected_clients, /client_count, /rosout, /kelpie/battery/voltage, /kelpie/imu, /kelpie/leg_control/joint_states, /kelpie/leg_control/currents] [Client 4] Subscribed to /kelpie/imu
1755580356.534895181 INFO /rosbridge_websocket [autobahn_websocket.py:195(RosbridgeWebSocket.onOpen)] [topics: /connected_clients, /client_count, /rosout, /kelpie/battery/voltage, /kelpie/imu, /kelpie/leg_control/joint_states, /kelpie/leg_control/currents] Client connected.  2 clients total.
1755580356.590628862 INFO /rosbridge_websocket [protocol.py:403(RosbridgeProtocol.log)] [topics: /connected_clients, /client_count, /rosout, /kelpie/battery/voltage, /kelpie/imu, /kelpie/leg_control/joint_states, /kelpie/leg_control/currents] [Client 5] Subscribed to /kelpie/leg_control/joint_states
1755580356.594953060 INFO /rosbridge_websocket [protocol.py:403(RosbridgeProtocol.log)] [topics: /connected_clients, /client_count, /rosout, /kelpie/battery/voltage, /kelpie/imu, /kelpie/leg_control/joint_states, /kelpie/leg_control/currents] [Client 5] Subscribed to /kelpie/leg_control/currents
1755580356.599125385 INFO /rosbridge_websocket [protocol.py:403(RosbridgeProtocol.log)] [topics: /connected_clients, /client_count, /rosout, /kelpie/battery/voltage, /kelpie/imu, /kelpie/leg_control/joint_states, /kelpie/leg_control/currents] [Client 5] Subscribed to /kelpie/battery/voltage
1755580356.603373527 INFO /rosbridge_websocket [protocol.py:403(RosbridgeProtocol.log)] [topics: /connected_clients, /client_count, /rosout, /kelpie/battery/voltage, /kelpie/imu, /kelpie/leg_control/joint_states, /kelpie/leg_control/currents] [Client 5] Subscribed to /kelpie/imu
1755580357.570608139 INFO /rosbridge_websocket [autobahn_websocket.py:255(RosbridgeWebSocket.onClose)] [topics: /connected_clients, /client_count, /rosout, /kelpie/battery/voltage, /kelpie/imu, /kelpie/leg_control/joint_states, /kelpie/leg_control/currents] Client disconnected. 1 clients total.
1755580357.620476722 INFO /rosbridge_websocket [autobahn_websocket.py:195(RosbridgeWebSocket.onOpen)] [topics: /connected_clients, /client_count, /rosout, /kelpie/battery/voltage, /kelpie/imu, /kelpie/leg_control/joint_states, /kelpie/leg_control/currents] Client connected.  2 clients total.
1755580357.719700574 INFO /rosbridge_websocket [protocol.py:403(RosbridgeProtocol.log)] [topics: /connected_clients, /client_count, /rosout, /kelpie/battery/voltage, /kelpie/imu, /kelpie/leg_control/joint_states, /kelpie/leg_control/currents] [Client 6] Subscribed to /kelpie/leg_control/joint_states
1755580357.724464893 INFO /rosbridge_websocket [protocol.py:403(RosbridgeProtocol.log)] [topics: /connected_clients, /client_count, /rosout, /kelpie/battery/voltage, /kelpie/imu, /kelpie/leg_control/joint_states, /kelpie/leg_control/currents] [Client 6] Subscribed to /kelpie/leg_control/currents
1755580357.729288339 INFO /rosbridge_websocket [protocol.py:403(RosbridgeProtocol.log)] [topics: /connected_clients, /client_count, /rosout, /kelpie/battery/voltage, /kelpie/imu, /kelpie/leg_control/joint_states, /kelpie/leg_control/currents] [Client 6] Subscribed to /kelpie/battery/voltage
1755580357.733725786 INFO /rosbridge_websocket [protocol.py:403(RosbridgeProtocol.log)] [topics: /connected_clients, /client_count, /rosout, /kelpie/battery/voltage, /kelpie/imu, /kelpie/leg_control/joint_states, /kelpie/leg_control/currents] [Client 6] Subscribed to /kelpie/imu
1755580358.766976356 INFO /rosbridge_websocket [autobahn_websocket.py:255(RosbridgeWebSocket.onClose)] [topics: /connected_clients, /client_count, /rosout, /kelpie/battery/voltage, /kelpie/imu, /kelpie/leg_control/joint_states, /kelpie/leg_control/currents] Client disconnected. 1 clients total.
1755580358.802851438 INFO /rosbridge_websocket [autobahn_websocket.py:195(RosbridgeWebSocket.onOpen)] [topics: /connected_clients, /client_count, /rosout, /kelpie/battery/voltage, /kelpie/imu, /kelpie/leg_control/joint_states, /kelpie/leg_control/currents] Client connected.  2 clients total.
1755580358.848884820 INFO /rosbridge_websocket [protocol.py:403(RosbridgeProtocol.log)] [topics: /connected_clients, /client_count, /rosout, /kelpie/battery/voltage, /kelpie/imu, /kelpie/leg_control/joint_states, /kelpie/leg_control/currents] [Client 7] Subscribed to /kelpie/leg_control/joint_states
1755580358.853902101 INFO /rosbridge_websocket [protocol.py:403(RosbridgeProtocol.log)] [topics: /connected_clients, /client_count, /rosout, /kelpie/battery/voltage, /kelpie/imu, /kelpie/leg_control/joint_states, /kelpie/leg_control/currents] [Client 7] Subscribed to /kelpie/leg_control/currents
1755580358.858409166 INFO /rosbridge_websocket [protocol.py:403(RosbridgeProtocol.log)] [topics: /connected_clients, /client_count, /rosout, /kelpie/battery/voltage, /kelpie/imu, /kelpie/leg_control/joint_states, /kelpie/leg_control/currents] [Client 7] Subscribed to /kelpie/battery/voltage
1755580358.862658262 INFO /rosbridge_websocket [protocol.py:403(RosbridgeProtocol.log)] [topics: /connected_clients, /client_count, /rosout, /kelpie/battery/voltage, /kelpie/imu, /kelpie/leg_control/joint_states, /kelpie/leg_control/currents] [Client 7] Subscribed to /kelpie/imu
1755580385.271411418 INFO /rosbridge_websocket [autobahn_websocket.py:255(RosbridgeWebSocket.onClose)] [topics: /connected_clients, /client_count, /rosout, /kelpie/battery/voltage, /kelpie/imu, /kelpie/leg_control/joint_states, /kelpie/leg_control/currents] Client disconnected. 1 clients total.
1755580385.393874645 INFO /rosbridge_websocket [autobahn_websocket.py:195(RosbridgeWebSocket.onOpen)] [topics: /connected_clients, /client_count, /rosout, /kelpie/battery/voltage, /kelpie/imu, /kelpie/leg_control/joint_states, /kelpie/leg_control/currents] Client connected.  2 clients total.
1755580385.504352331 INFO /rosbridge_websocket [protocol.py:403(RosbridgeProtocol.log)] [topics: /connected_clients, /client_count, /rosout, /kelpie/battery/voltage, /kelpie/imu, /kelpie/leg_control/joint_states, /kelpie/leg_control/currents] [Client 8] Subscribed to /kelpie/leg_control/joint_states
1755580385.508831024 INFO /rosbridge_websocket [protocol.py:403(RosbridgeProtocol.log)] [topics: /connected_clients, /client_count, /rosout, /kelpie/battery/voltage, /kelpie/imu, /kelpie/leg_control/joint_states, /kelpie/leg_control/currents] [Client 8] Subscribed to /kelpie/leg_control/currents
1755580385.513463497 INFO /rosbridge_websocket [protocol.py:403(RosbridgeProtocol.log)] [topics: /connected_clients, /client_count, /rosout, /kelpie/battery/voltage, /kelpie/imu, /kelpie/leg_control/joint_states, /kelpie/leg_control/currents] [Client 8] Subscribed to /kelpie/battery/voltage
1755580385.517769098 INFO /rosbridge_websocket [protocol.py:403(RosbridgeProtocol.log)] [topics: /connected_clients, /client_count, /rosout, /kelpie/battery/voltage, /kelpie/imu, /kelpie/leg_control/joint_states, /kelpie/leg_control/currents] [Client 8] Subscribed to /kelpie/imu
