[rosmaster.main][INFO] 2025-08-11 13:02:23,515: initialization complete, waiting for shutdown
[rosmaster.main][INFO] 2025-08-11 13:02:23,516: Starting ROS Master Node
[xmlrpc][INFO] 2025-08-11 13:02:23,517: XML-RPC server binding to 127.0.0.1:11311
[xmlrpc][INFO] 2025-08-11 13:02:23,518: Started XML-RPC server [http://localhost:11311/]
[rosmaster.master][INFO] 2025-08-11 13:02:23,518: Master initialized: port[11311], uri[http://localhost:11311/]
[xmlrpc][INFO] 2025-08-11 13:02:23,519: xml rpc node: starting XML-RPC server
[rosmaster.master][INFO] 2025-08-11 13:02:23,636: +PARAM [/run_id] by /roslaunch
[rosmaster.master][INFO] 2025-08-11 13:02:23,639: +PARAM [/roslaunch/uris/host_localhost__43777] by /roslaunch
[rosmaster.master][INFO] 2025-08-11 13:02:23,774: +PARAM [/rosversion] by /roslaunch
[rosmaster.master][INFO] 2025-08-11 13:02:23,775: +PARAM [/rosdistro] by /roslaunch
[rosmaster.master][INFO] 2025-08-11 13:02:23,775: +PARAM [/rosbridge_websocket/authenticate] by /roslaunch
[rosmaster.master][INFO] 2025-08-11 13:02:23,775: +PARAM [/rosbridge_websocket/port] by /roslaunch
[rosmaster.master][INFO] 2025-08-11 13:02:23,776: +PARAM [/rosbridge_websocket/address] by /roslaunch
[rosmaster.master][INFO] 2025-08-11 13:02:23,776: +PARAM [/rosbridge_websocket/retry_startup_delay] by /roslaunch
[rosmaster.master][INFO] 2025-08-11 13:02:23,776: +PARAM [/rosbridge_websocket/fragment_timeout] by /roslaunch
[rosmaster.master][INFO] 2025-08-11 13:02:23,776: +PARAM [/rosbridge_websocket/delay_between_messages] by /roslaunch
[rosmaster.master][INFO] 2025-08-11 13:02:23,777: +PARAM [/rosbridge_websocket/max_message_size] by /roslaunch
[rosmaster.master][INFO] 2025-08-11 13:02:23,777: +PARAM [/rosbridge_websocket/unregister_timeout] by /roslaunch
[rosmaster.master][INFO] 2025-08-11 13:02:23,777: +PARAM [/rosbridge_websocket/use_compression] by /roslaunch
[rosmaster.master][INFO] 2025-08-11 13:02:23,777: +PARAM [/rosbridge_websocket/websocket_ping_interval] by /roslaunch
[rosmaster.master][INFO] 2025-08-11 13:02:23,778: +PARAM [/rosbridge_websocket/websocket_ping_timeout] by /roslaunch
[rosmaster.master][INFO] 2025-08-11 13:02:23,778: +PARAM [/rosbridge_websocket/websocket_external_port] by /roslaunch
[rosmaster.master][INFO] 2025-08-11 13:02:23,778: +PARAM [/rosbridge_websocket/topics_glob] by /roslaunch
[rosmaster.master][INFO] 2025-08-11 13:02:23,778: +PARAM [/rosbridge_websocket/services_glob] by /roslaunch
[rosmaster.master][INFO] 2025-08-11 13:02:23,779: +PARAM [/rosbridge_websocket/params_glob] by /roslaunch
[rosmaster.master][INFO] 2025-08-11 13:02:23,779: +PARAM [/rosbridge_websocket/bson_only_mode] by /roslaunch
[rosmaster.master][INFO] 2025-08-11 13:02:23,781: +PARAM [/rosapi/topics_glob] by /roslaunch
[rosmaster.master][INFO] 2025-08-11 13:02:23,781: +PARAM [/rosapi/services_glob] by /roslaunch
[rosmaster.master][INFO] 2025-08-11 13:02:23,781: +PARAM [/rosapi/params_glob] by /roslaunch
[rosmaster.master][INFO] 2025-08-11 13:02:23,783: +SERVICE [/rosout/get_loggers] /rosout http://localhost:40639/
[rosmaster.master][INFO] 2025-08-11 13:02:23,785: +SERVICE [/rosout/set_logger_level] /rosout http://localhost:40639/
[rosmaster.master][INFO] 2025-08-11 13:02:23,791: +PUB [/rosout_agg] /rosout http://localhost:40639/
[rosmaster.master][INFO] 2025-08-11 13:02:23,803: +SUB [/rosout] /rosout http://localhost:40639/
[rosmaster.master][INFO] 2025-08-11 13:02:25,229: +PUB [/rosout] /rosapi http://localhost:34309/
[rosmaster.master][INFO] 2025-08-11 13:02:25,239: +SERVICE [/rosapi/get_loggers] /rosapi http://localhost:34309/
[rosmaster.master][INFO] 2025-08-11 13:02:25,242: +SERVICE [/rosapi/set_logger_level] /rosapi http://localhost:34309/
[rosmaster.master][INFO] 2025-08-11 13:02:25,253: +SERVICE [/rosapi/topics] /rosapi http://localhost:34309/
[rosmaster.master][INFO] 2025-08-11 13:02:25,257: +SERVICE [/rosapi/topics_for_type] /rosapi http://localhost:34309/
[rosmaster.master][INFO] 2025-08-11 13:02:25,260: +SERVICE [/rosapi/services] /rosapi http://localhost:34309/
[rosmaster.master][INFO] 2025-08-11 13:02:25,263: +SERVICE [/rosapi/services_for_type] /rosapi http://localhost:34309/
[rosmaster.master][INFO] 2025-08-11 13:02:25,267: +SERVICE [/rosapi/nodes] /rosapi http://localhost:34309/
[rosmaster.master][INFO] 2025-08-11 13:02:25,270: +SERVICE [/rosapi/node_details] /rosapi http://localhost:34309/
[rosmaster.master][INFO] 2025-08-11 13:02:25,274: +SERVICE [/rosapi/action_servers] /rosapi http://localhost:34309/
[rosmaster.master][INFO] 2025-08-11 13:02:25,277: +SERVICE [/rosapi/topic_type] /rosapi http://localhost:34309/
[rosmaster.master][INFO] 2025-08-11 13:02:25,282: +SERVICE [/rosapi/service_type] /rosapi http://localhost:34309/
[rosmaster.master][INFO] 2025-08-11 13:02:25,286: +SERVICE [/rosapi/publishers] /rosapi http://localhost:34309/
[rosmaster.master][INFO] 2025-08-11 13:02:25,290: +SERVICE [/rosapi/subscribers] /rosapi http://localhost:34309/
[rosmaster.master][INFO] 2025-08-11 13:02:25,293: +SERVICE [/rosapi/service_providers] /rosapi http://localhost:34309/
[rosmaster.master][INFO] 2025-08-11 13:02:25,296: +SERVICE [/rosapi/service_node] /rosapi http://localhost:34309/
[rosmaster.master][INFO] 2025-08-11 13:02:25,299: +SERVICE [/rosapi/service_host] /rosapi http://localhost:34309/
[rosmaster.master][INFO] 2025-08-11 13:02:25,303: +SERVICE [/rosapi/message_details] /rosapi http://localhost:34309/
[rosmaster.master][INFO] 2025-08-11 13:02:25,306: +SERVICE [/rosapi/service_request_details] /rosapi http://localhost:34309/
[rosmaster.master][INFO] 2025-08-11 13:02:25,309: +SERVICE [/rosapi/service_response_details] /rosapi http://localhost:34309/
[rosmaster.master][INFO] 2025-08-11 13:02:25,312: +SERVICE [/rosapi/set_param] /rosapi http://localhost:34309/
[rosmaster.master][INFO] 2025-08-11 13:02:25,315: +SERVICE [/rosapi/get_param] /rosapi http://localhost:34309/
[rosmaster.master][INFO] 2025-08-11 13:02:25,318: +SERVICE [/rosapi/has_param] /rosapi http://localhost:34309/
[rosmaster.master][INFO] 2025-08-11 13:02:25,320: publisherUpdate[/rosout] -> http://localhost:40639/ ['http://localhost:34309/']
[rosmaster.master][INFO] 2025-08-11 13:02:25,324: +SERVICE [/rosapi/search_param] /rosapi http://localhost:34309/
[rosmaster.master][INFO] 2025-08-11 13:02:25,330: +SERVICE [/rosapi/delete_param] /rosapi http://localhost:34309/
[rosmaster.master][INFO] 2025-08-11 13:02:25,337: +SERVICE [/rosapi/get_param_names] /rosapi http://localhost:34309/
[rosmaster.master][INFO] 2025-08-11 13:02:25,339: publisherUpdate[/rosout] -> http://localhost:40639/ ['http://localhost:34309/']: sec=0.02, result=[1, '', 0]
[rosmaster.master][INFO] 2025-08-11 13:02:25,342: +SERVICE [/rosapi/get_time] /rosapi http://localhost:34309/
[rosmaster.master][INFO] 2025-08-11 13:02:25,345: +SERVICE [/rosapi/topics_and_raw_types] /rosapi http://localhost:34309/
[rosmaster.master][INFO] 2025-08-11 13:02:25,349: +CACHEDPARAM [/rosout_disable_topics_generation] by /rosapi
[rosmaster.master][INFO] 2025-08-11 13:02:25,543: +CACHEDPARAM [/rosout/omit_topics] by /rosout
[rosmaster.master][INFO] 2025-08-11 13:02:25,984: +PUB [/rosout] /rosbridge_websocket http://localhost:42573/
[rosmaster.master][INFO] 2025-08-11 13:02:25,993: +SERVICE [/rosbridge_websocket/get_loggers] /rosbridge_websocket http://localhost:42573/
[rosmaster.master][INFO] 2025-08-11 13:02:25,996: +SERVICE [/rosbridge_websocket/set_logger_level] /rosbridge_websocket http://localhost:42573/
[rosmaster.master][INFO] 2025-08-11 13:02:26,024: publisherUpdate[/rosout] -> http://localhost:40639/ ['http://localhost:34309/', 'http://localhost:42573/']
[rosmaster.master][INFO] 2025-08-11 13:02:26,034: publisherUpdate[/rosout] -> http://localhost:40639/ ['http://localhost:34309/', 'http://localhost:42573/']: sec=0.01, result=[1, '', 0]
[rosmaster.master][INFO] 2025-08-11 13:02:26,038: +PUB [/client_count] /rosbridge_websocket http://localhost:42573/
[rosmaster.master][INFO] 2025-08-11 13:02:26,041: +PUB [/connected_clients] /rosbridge_websocket http://localhost:42573/
[rosmaster.master][INFO] 2025-08-11 13:02:26,050: +PARAM [/rosbridge_websocket/actual_port] by /rosbridge_websocket
[rosmaster.master][INFO] 2025-08-11 13:02:26,057: +CACHEDPARAM [/rosout_disable_topics_generation] by /rosbridge_websocket
[rosmaster.master][INFO] 2025-08-11 13:02:51,203: -PUB [/rosout] /rosapi http://localhost:34309/
[rosmaster.master][INFO] 2025-08-11 13:02:51,204: -SERVICE [/rosapi/get_loggers] /rosapi rosrpc://localhost:43401
[rosmaster.master][INFO] 2025-08-11 13:02:51,206: -PUB [/rosout] /rosbridge_websocket http://localhost:42573/
[rosmaster.master][INFO] 2025-08-11 13:02:51,206: -SERVICE [/rosapi/set_logger_level] /rosapi rosrpc://localhost:43401
[rosmaster.master][INFO] 2025-08-11 13:02:51,207: -PUB [/client_count] /rosbridge_websocket http://localhost:42573/
[rosmaster.master][INFO] 2025-08-11 13:02:51,207: -SERVICE [/rosapi/topics] /rosapi rosrpc://localhost:43401
[rosmaster.master][INFO] 2025-08-11 13:02:51,207: -PUB [/connected_clients] /rosbridge_websocket http://localhost:42573/
[rosmaster.master][INFO] 2025-08-11 13:02:51,208: -SERVICE [/rosapi/topics_for_type] /rosapi rosrpc://localhost:43401
[rosmaster.master][INFO] 2025-08-11 13:02:51,208: -SERVICE [/rosbridge_websocket/get_loggers] /rosbridge_websocket rosrpc://localhost:40141
[rosmaster.master][INFO] 2025-08-11 13:02:51,208: -SERVICE [/rosapi/services] /rosapi rosrpc://localhost:43401
[rosmaster.master][INFO] 2025-08-11 13:02:51,208: -SERVICE [/rosbridge_websocket/set_logger_level] /rosbridge_websocket rosrpc://localhost:40141
[rosmaster.master][INFO] 2025-08-11 13:02:51,209: -SERVICE [/rosapi/services_for_type] /rosapi rosrpc://localhost:43401
[rosmaster.master][INFO] 2025-08-11 13:02:51,210: -SERVICE [/rosapi/nodes] /rosapi rosrpc://localhost:43401
[rosmaster.master][INFO] 2025-08-11 13:02:51,210: -SERVICE [/rosapi/node_details] /rosapi rosrpc://localhost:43401
[rosmaster.master][INFO] 2025-08-11 13:02:51,210: -SERVICE [/rosapi/action_servers] /rosapi rosrpc://localhost:43401
[rosmaster.master][INFO] 2025-08-11 13:02:51,211: -SERVICE [/rosapi/topic_type] /rosapi rosrpc://localhost:43401
[rosmaster.master][INFO] 2025-08-11 13:02:51,211: -SERVICE [/rosapi/service_type] /rosapi rosrpc://localhost:43401
[rosmaster.master][INFO] 2025-08-11 13:02:51,211: -SERVICE [/rosapi/publishers] /rosapi rosrpc://localhost:43401
[rosmaster.master][INFO] 2025-08-11 13:02:51,211: -SERVICE [/rosapi/subscribers] /rosapi rosrpc://localhost:43401
[rosmaster.master][INFO] 2025-08-11 13:02:51,212: -SERVICE [/rosapi/service_providers] /rosapi rosrpc://localhost:43401
[rosmaster.master][INFO] 2025-08-11 13:02:51,212: -SERVICE [/rosapi/service_node] /rosapi rosrpc://localhost:43401
[rosmaster.master][INFO] 2025-08-11 13:02:51,213: -SERVICE [/rosapi/service_host] /rosapi rosrpc://localhost:43401
[rosmaster.master][INFO] 2025-08-11 13:02:51,213: -SERVICE [/rosapi/message_details] /rosapi rosrpc://localhost:43401
[rosmaster.master][INFO] 2025-08-11 13:02:51,213: -SERVICE [/rosapi/service_request_details] /rosapi rosrpc://localhost:43401
[rosmaster.master][INFO] 2025-08-11 13:02:51,213: -SERVICE [/rosapi/service_response_details] /rosapi rosrpc://localhost:43401
[rosmaster.master][INFO] 2025-08-11 13:02:51,214: -SERVICE [/rosapi/set_param] /rosapi rosrpc://localhost:43401
[rosmaster.master][INFO] 2025-08-11 13:02:51,214: -SERVICE [/rosapi/get_param] /rosapi rosrpc://localhost:43401
[rosmaster.master][INFO] 2025-08-11 13:02:51,214: -SERVICE [/rosapi/has_param] /rosapi rosrpc://localhost:43401
[rosmaster.master][INFO] 2025-08-11 13:02:51,214: -SERVICE [/rosapi/search_param] /rosapi rosrpc://localhost:43401
[rosmaster.master][INFO] 2025-08-11 13:02:51,215: -SERVICE [/rosapi/delete_param] /rosapi rosrpc://localhost:43401
[rosmaster.master][INFO] 2025-08-11 13:02:51,215: -SERVICE [/rosapi/get_param_names] /rosapi rosrpc://localhost:43401
[rosmaster.master][INFO] 2025-08-11 13:02:51,215: -SERVICE [/rosapi/get_time] /rosapi rosrpc://localhost:43401
[rosmaster.master][INFO] 2025-08-11 13:02:51,215: -SERVICE [/rosapi/topics_and_raw_types] /rosapi rosrpc://localhost:43401
[rosmaster.master][INFO] 2025-08-11 13:02:51,275: publisherUpdate[/rosout] -> http://localhost:40639/ ['http://localhost:42573/']
[rosmaster.master][INFO] 2025-08-11 13:02:51,280: publisherUpdate[/rosout] -> http://localhost:40639/ ['http://localhost:42573/']: sec=0.00, result=[1, '', 0]
[rosmaster.master][INFO] 2025-08-11 13:02:51,281: publisherUpdate[/rosout] -> http://localhost:40639/ []
[rosmaster.master][INFO] 2025-08-11 13:02:51,283: publisherUpdate[/rosout] -> http://localhost:40639/ []: sec=0.00, result=[1, '', 0]
[rosmaster.master][INFO] 2025-08-11 13:02:52,385: -PUB [/rosout_agg] /rosout http://localhost:40639/
[rosmaster.master][INFO] 2025-08-11 13:02:52,386: -SUB [/rosout] /rosout http://localhost:40639/
[rosmaster.master][INFO] 2025-08-11 13:02:52,388: -SERVICE [/rosout/get_loggers] /rosout rosrpc://localhost:54093
[rosmaster.master][INFO] 2025-08-11 13:02:52,389: -SERVICE [/rosout/set_logger_level] /rosout rosrpc://localhost:54093
[rosmaster.master][INFO] 2025-08-11 13:02:52,390: -CACHEDPARAM [/rosout/omit_topics] by /rosout
[rosmaster.main][INFO] 2025-08-11 13:02:52,406: keyboard interrupt, will exit
[rosmaster.main][INFO] 2025-08-11 13:02:52,406: stopping master...
[rospy.core][INFO] 2025-08-11 13:02:52,407: signal_shutdown [atexit]
