[rospy.client][INFO] 2025-08-19 16:04:06,653: init_node, name[/hardware], pid[1721]
[xmlrpc][INFO] 2025-08-19 16:04:06,655: XML-RPC server binding to 127.0.0.1:0
[xmlrpc][INFO] 2025-08-19 16:04:06,656: Started XML-RPC server [http://localhost:37665/]
[rospy.init][INFO] 2025-08-19 16:04:06,657: ROS Slave URI: [http://localhost:37665/]
[rospy.impl.masterslave][INFO] 2025-08-19 16:04:06,659: _ready: http://localhost:37665/
[rospy.registration][INFO] 2025-08-19 16:04:06,661: Registering with master node http://localhost:11311/
[rospy.registration][INFO] 2025-08-19 16:04:06,662: Registering publisher topic [/kelpie/leg_control/currents] type [kelpie/joint_states] with master
[xmlrpc][INFO] 2025-08-19 16:04:06,662: xml rpc node: starting XML-RPC server
[rospy.registration][INFO] 2025-08-19 16:04:06,680: Registering publisher topic [/kelpie/battery/voltage] type [kelpie/vec_3d_float32] with master
[rospy.registration][INFO] 2025-08-19 16:04:06,683: Registering publisher topic [/kelpie/imu] type [kelpie/imu] with master
[rospy.internal][INFO] 2025-08-19 16:04:06,739: topic[/kelpie/imu] adding connection to [/kelpie], count 0
[rospy.internal][INFO] 2025-08-19 16:04:06,741: topic[/kelpie/leg_control/currents] adding connection to [/kelpie], count 0
[rospy.internal][INFO] 2025-08-19 16:04:06,744: topic[/kelpie/battery/voltage] adding connection to [/kelpie], count 0
[rospy.init][INFO] 2025-08-19 16:04:06,759: registered with master
[rospy.rosout][INFO] 2025-08-19 16:04:06,760: initializing /rosout core topic
[rospy.rosout][INFO] 2025-08-19 16:04:06,764: connected to core topic /rosout
[rospy.simtime][INFO] 2025-08-19 16:04:06,767: /use_sim_time is not set, will not subscribe to simulated time [/clock] topic
[rospy.internal][INFO] 2025-08-19 16:04:06,859: topic[/kelpie/leg_control/joint_states] adding connection to [http://localhost:33005/], count 0
[rospy.internal][INFO] 2025-08-19 16:04:06,872: topic[/joy] adding connection to [http://localhost:33199/], count 0
[rospy.internal][INFO] 2025-08-19 16:04:06,889: topic[/rosout] adding connection to [/rosout], count 0
[rospy.internal][INFO] 2025-08-19 16:04:06,906: topic[/kelpie/command_input] adding connection to [/kelpie], count 0
[rospy.internal][INFO] 2025-08-19 16:04:13,849: topic[/joy] adding connection to [http://localhost:45177/], count 1
[rospy.internal][INFO] 2025-08-19 16:04:13,914: topic[/joy] removing connection to http://localhost:33199/
[rospy.internal][INFO] 2025-08-19 16:04:16,158: topic[/kelpie/leg_control/joint_states] removing connection to http://localhost:33005/
[rospy.internal][INFO] 2025-08-19 16:04:16,175: topic[/kelpie/leg_control/currents] removing connection to /kelpie
[rospy.internal][INFO] 2025-08-19 16:04:16,179: topic[/kelpie/battery/voltage] removing connection to /kelpie
[rospy.internal][INFO] 2025-08-19 16:04:16,182: topic[/kelpie/imu] removing connection to /kelpie
[rospy.internal][INFO] 2025-08-19 16:04:16,185: topic[/kelpie/command_input] removing connection to /kelpie
[rospy.core][INFO] 2025-08-19 16:04:16,646: signal_shutdown [atexit]
[rospy.internal][INFO] 2025-08-19 16:04:16,673: topic[/rosout] removing connection to /rosout
[rospy.internal][INFO] 2025-08-19 16:04:16,673: topic[/joy] removing connection to http://localhost:45177/
[rospy.impl.masterslave][INFO] 2025-08-19 16:04:16,674: atexit
[rospy.client][INFO] 2025-08-19 16:04:16,825: init_node, name[/hardware], pid[1798]
[xmlrpc][INFO] 2025-08-19 16:04:16,837: XML-RPC server binding to 127.0.0.1:0
[xmlrpc][INFO] 2025-08-19 16:04:16,839: Started XML-RPC server [http://localhost:43627/]
[rospy.init][INFO] 2025-08-19 16:04:16,844: ROS Slave URI: [http://localhost:43627/]
[rospy.impl.masterslave][INFO] 2025-08-19 16:04:16,845: _ready: http://localhost:43627/
[rospy.registration][INFO] 2025-08-19 16:04:16,861: Registering with master node http://localhost:11311
[xmlrpc][INFO] 2025-08-19 16:04:16,861: xml rpc node: starting XML-RPC server
[rospy.registration][INFO] 2025-08-19 16:04:16,864: Registering publisher topic [/kelpie/leg_control/currents] type [kelpie/joint_states] with master
[rospy.registration][INFO] 2025-08-19 16:04:16,905: Registering publisher topic [/kelpie/battery/voltage] type [kelpie/vec_3d_float32] with master
[rospy.registration][INFO] 2025-08-19 16:04:16,917: Registering publisher topic [/kelpie/imu] type [kelpie/imu] with master
[rospy.init][INFO] 2025-08-19 16:04:16,946: registered with master
[rospy.rosout][INFO] 2025-08-19 16:04:16,947: initializing /rosout core topic
[rospy.rosout][INFO] 2025-08-19 16:04:16,952: connected to core topic /rosout
[rospy.simtime][INFO] 2025-08-19 16:04:16,956: /use_sim_time is not set, will not subscribe to simulated time [/clock] topic
[rospy.internal][INFO] 2025-08-19 16:04:17,085: topic[/joy] adding connection to [http://localhost:45177/], count 0
[rospy.internal][INFO] 2025-08-19 16:04:17,172: topic[/rosout] adding connection to [/rosout], count 0
[rospy.core][INFO] 2025-08-19 16:04:34,587: signal_shutdown [signal-2]
[rospy.internal][INFO] 2025-08-19 16:04:34,621: topic[/rosout] removing connection to /rosout
[rospy.internal][INFO] 2025-08-19 16:04:34,624: topic[/joy] removing connection to http://localhost:45177/
[rospy.internal][INFO] 2025-08-19 16:04:34,624: topic[/joy] removing connection to http://localhost:45177/
[rospy.impl.masterslave][INFO] 2025-08-19 16:04:34,624: signal-2
[rospy.core][INFO] 2025-08-19 16:04:49,624: signal_shutdown [signal-15]
[rospy.client][INFO] 2025-08-19 16:05:40,928: init_node, name[/hardware], pid[1893]
[xmlrpc][INFO] 2025-08-19 16:05:40,933: XML-RPC server binding to 127.0.0.1:0
[xmlrpc][INFO] 2025-08-19 16:05:40,937: Started XML-RPC server [http://localhost:38615/]
[rospy.init][INFO] 2025-08-19 16:05:40,938: ROS Slave URI: [http://localhost:38615/]
[rospy.impl.masterslave][INFO] 2025-08-19 16:05:40,941: _ready: http://localhost:38615/
[rospy.registration][INFO] 2025-08-19 16:05:40,949: Registering with master node http://localhost:11311
[xmlrpc][INFO] 2025-08-19 16:05:40,950: xml rpc node: starting XML-RPC server
[rospy.registration][INFO] 2025-08-19 16:05:40,950: Registering publisher topic [/kelpie/leg_control/currents] type [kelpie/joint_states] with master
[rospy.registration][INFO] 2025-08-19 16:05:40,974: Registering publisher topic [/kelpie/battery/voltage] type [kelpie/vec_3d_float32] with master
[rospy.registration][INFO] 2025-08-19 16:05:40,978: Registering publisher topic [/kelpie/imu] type [kelpie/imu] with master
[rospy.init][INFO] 2025-08-19 16:05:41,041: registered with master
[rospy.rosout][INFO] 2025-08-19 16:05:41,042: initializing /rosout core topic
[rospy.rosout][INFO] 2025-08-19 16:05:41,046: connected to core topic /rosout
[rospy.simtime][INFO] 2025-08-19 16:05:41,049: /use_sim_time is not set, will not subscribe to simulated time [/clock] topic
[rospy.internal][INFO] 2025-08-19 16:05:41,155: topic[/joy] adding connection to [http://localhost:39533/], count 0
[rospy.internal][INFO] 2025-08-19 16:05:41,171: topic[/rosout] adding connection to [/rosout], count 0
[rospy.internal][INFO] 2025-08-19 16:05:49,129: topic[/kelpie/leg_control/currents] adding connection to [/rosbridge_websocket], count 0
[rospy.internal][INFO] 2025-08-19 16:05:49,133: topic[/kelpie/battery/voltage] adding connection to [/rosbridge_websocket], count 0
[rospy.internal][INFO] 2025-08-19 16:05:49,143: topic[/kelpie/imu] adding connection to [/rosbridge_websocket], count 0
[rospy.core][INFO] 2025-08-19 16:06:23,675: signal_shutdown [signal-2]
[rospy.internal][INFO] 2025-08-19 16:06:23,689: topic[/kelpie/leg_control/currents] removing connection to /rosbridge_websocket
[rospy.internal][INFO] 2025-08-19 16:06:23,690: topic[/kelpie/battery/voltage] removing connection to /rosbridge_websocket
[rospy.internal][INFO] 2025-08-19 16:06:23,691: topic[/kelpie/imu] removing connection to /rosbridge_websocket
[rospy.internal][INFO] 2025-08-19 16:06:23,692: topic[/rosout] removing connection to /rosout
[rospy.internal][INFO] 2025-08-19 16:06:23,694: topic[/joy] removing connection to http://localhost:39533/
[rospy.internal][INFO] 2025-08-19 16:06:23,695: topic[/joy] removing connection to http://localhost:39533/
[rospy.impl.masterslave][INFO] 2025-08-19 16:06:23,697: signal-2
[rospy.core][INFO] 2025-08-19 16:06:38,703: signal_shutdown [signal-15]
[rospy.client][INFO] 2025-08-19 16:06:55,298: init_node, name[/hardware], pid[2003]
[xmlrpc][INFO] 2025-08-19 16:06:55,299: XML-RPC server binding to 127.0.0.1:0
[xmlrpc][INFO] 2025-08-19 16:06:55,300: Started XML-RPC server [http://localhost:36907/]
[rospy.init][INFO] 2025-08-19 16:06:55,301: ROS Slave URI: [http://localhost:36907/]
[rospy.impl.masterslave][INFO] 2025-08-19 16:06:55,301: _ready: http://localhost:36907/
[rospy.registration][INFO] 2025-08-19 16:06:55,303: Registering with master node http://localhost:11311
[xmlrpc][INFO] 2025-08-19 16:06:55,303: xml rpc node: starting XML-RPC server
[rospy.registration][INFO] 2025-08-19 16:06:55,304: Registering publisher topic [/kelpie/leg_control/currents] type [kelpie/joint_states] with master
[rospy.registration][INFO] 2025-08-19 16:06:55,320: Registering publisher topic [/kelpie/battery/voltage] type [kelpie/vec_3d_float32] with master
[rospy.registration][INFO] 2025-08-19 16:06:55,324: Registering publisher topic [/kelpie/imu] type [kelpie/imu] with master
[rospy.internal][INFO] 2025-08-19 16:06:55,378: topic[/kelpie/battery/voltage] adding connection to [/kelpie], count 0
[rospy.internal][INFO] 2025-08-19 16:06:55,380: topic[/kelpie/leg_control/currents] adding connection to [/kelpie], count 0
[rospy.internal][INFO] 2025-08-19 16:06:55,382: topic[/kelpie/imu] adding connection to [/kelpie], count 0
[rospy.init][INFO] 2025-08-19 16:06:55,402: registered with master
[rospy.rosout][INFO] 2025-08-19 16:06:55,402: initializing /rosout core topic
[rospy.rosout][INFO] 2025-08-19 16:06:55,408: connected to core topic /rosout
[rospy.simtime][INFO] 2025-08-19 16:06:55,413: /use_sim_time is not set, will not subscribe to simulated time [/clock] topic
[rospy.internal][INFO] 2025-08-19 16:06:55,501: topic[/kelpie/leg_control/joint_states] adding connection to [http://localhost:46065/], count 0
[rospy.internal][INFO] 2025-08-19 16:06:55,517: topic[/joy] adding connection to [http://localhost:36365/], count 0
[rospy.internal][INFO] 2025-08-19 16:06:55,544: topic[/kelpie/command_input] adding connection to [/kelpie], count 0
[rospy.internal][INFO] 2025-08-19 16:06:55,634: topic[/rosout] adding connection to [/rosout], count 0
[rospy.internal][INFO] 2025-08-19 16:07:03,584: topic[/joy] removing connection to http://localhost:36365/
[rospy.internal][INFO] 2025-08-19 16:07:03,745: topic[/joy] adding connection to [http://localhost:37951/], count 0
[rospy.internal][INFO] 2025-08-19 16:07:05,527: topic[/kelpie/leg_control/joint_states] removing connection to http://localhost:46065/
[rospy.internal][INFO] 2025-08-19 16:07:05,573: topic[/kelpie/command_input] removing connection to /kelpie
[rospy.internal][INFO] 2025-08-19 16:07:05,609: topic[/kelpie/leg_control/currents] removing connection to /kelpie
[rospy.internal][INFO] 2025-08-19 16:07:05,610: topic[/kelpie/battery/voltage] removing connection to /kelpie
[rospy.internal][INFO] 2025-08-19 16:07:05,611: topic[/kelpie/imu] removing connection to /kelpie
[rospy.client][INFO] 2025-08-19 16:07:06,306: init_node, name[/hardware], pid[2081]
[xmlrpc][INFO] 2025-08-19 16:07:06,307: XML-RPC server binding to 127.0.0.1:0
[xmlrpc][INFO] 2025-08-19 16:07:06,309: Started XML-RPC server [http://localhost:44305/]
[rospy.init][INFO] 2025-08-19 16:07:06,310: ROS Slave URI: [http://localhost:44305/]
[rospy.impl.masterslave][INFO] 2025-08-19 16:07:06,321: _ready: http://localhost:44305/
[rospy.registration][INFO] 2025-08-19 16:07:06,331: Registering with master node http://localhost:11311/
[xmlrpc][INFO] 2025-08-19 16:07:06,331: xml rpc node: starting XML-RPC server
[rospy.registration][INFO] 2025-08-19 16:07:06,332: Registering publisher topic [/kelpie/leg_control/currents] type [kelpie/joint_states] with master
[rospy.core][INFO] 2025-08-19 16:07:06,357: signal_shutdown [atexit]
[rospy.registration][INFO] 2025-08-19 16:07:06,367: Registering publisher topic [/kelpie/battery/voltage] type [kelpie/vec_3d_float32] with master
[rospy.registration][INFO] 2025-08-19 16:07:06,375: Registering publisher topic [/kelpie/imu] type [kelpie/imu] with master
[rospy.internal][INFO] 2025-08-19 16:07:06,375: topic[/rosout] removing connection to /rosout
[rospy.internal][INFO] 2025-08-19 16:07:06,379: topic[/joy] removing connection to http://localhost:37951/
[rospy.internal][INFO] 2025-08-19 16:07:06,380: topic[/joy] removing connection to http://localhost:37951/
[rospy.impl.masterslave][INFO] 2025-08-19 16:07:06,381: external shutdown request from [/master]: [/hardware] Reason: new node registered with same name
[rospy.core][INFO] 2025-08-19 16:07:06,382: signal_shutdown [external shutdown request from [/master]: [[/hardware] Reason: new node registered with same name]]
[rospy.init][INFO] 2025-08-19 16:07:06,422: registered with master
[rospy.rosout][INFO] 2025-08-19 16:07:06,422: initializing /rosout core topic
[rospy.rosout][INFO] 2025-08-19 16:07:06,426: connected to core topic /rosout
[rospy.simtime][INFO] 2025-08-19 16:07:06,429: /use_sim_time is not set, will not subscribe to simulated time [/clock] topic
[rospy.internal][INFO] 2025-08-19 16:07:06,529: topic[/joy] adding connection to [http://localhost:37951/], count 0
[rospy.internal][INFO] 2025-08-19 16:07:06,730: topic[/rosout] adding connection to [/rosout], count 0
[rospy.internal][INFO] 2025-08-19 16:07:20,341: topic[/kelpie/leg_control/currents] adding connection to [/rosbridge_websocket], count 0
[rospy.internal][INFO] 2025-08-19 16:07:20,357: topic[/kelpie/battery/voltage] adding connection to [/rosbridge_websocket], count 0
[rospy.internal][INFO] 2025-08-19 16:07:20,386: topic[/kelpie/imu] adding connection to [/rosbridge_websocket], count 0
[rospy.internal][INFO] 2025-08-19 16:07:23,038: topic[/kelpie/leg_control/currents] removing connection to /rosbridge_websocket
[rospy.internal][INFO] 2025-08-19 16:07:23,039: topic[/kelpie/battery/voltage] removing connection to /rosbridge_websocket
[rospy.internal][INFO] 2025-08-19 16:07:23,041: topic[/kelpie/imu] removing connection to /rosbridge_websocket
[rospy.internal][INFO] 2025-08-19 16:07:23,100: topic[/kelpie/leg_control/currents] adding connection to [/rosbridge_websocket], count 0
[rospy.internal][INFO] 2025-08-19 16:07:23,130: topic[/kelpie/battery/voltage] adding connection to [/rosbridge_websocket], count 0
[rospy.internal][INFO] 2025-08-19 16:07:23,153: topic[/kelpie/imu] adding connection to [/rosbridge_websocket], count 0
[rospy.internal][INFO] 2025-08-19 16:08:33,276: topic[/joy] removing connection to http://localhost:37951/
[rospy.internal][INFO] 2025-08-19 16:08:33,280: topic[/joy] adding connection to [http://localhost:36957/], count 0
[rospy.internal][INFO] 2025-08-19 16:08:34,802: topic[/kelpie/leg_control/currents] adding connection to [/kelpie], count 1
[rospy.internal][INFO] 2025-08-19 16:08:34,838: topic[/kelpie/leg_control/joint_states] adding connection to [http://localhost:37367/], count 0
[rospy.internal][INFO] 2025-08-19 16:08:34,850: topic[/kelpie/imu] adding connection to [/kelpie], count 1
[rospy.internal][INFO] 2025-08-19 16:08:34,859: topic[/kelpie/battery/voltage] adding connection to [/kelpie], count 1
[rospy.internal][INFO] 2025-08-19 16:08:34,898: topic[/kelpie/command_input] adding connection to [/kelpie], count 0
[rospy.core][INFO] 2025-08-19 16:08:35,604: signal_shutdown [atexit]
[rospy.client][INFO] 2025-08-19 16:08:35,666: init_node, name[/hardware], pid[2192]
[rospy.internal][INFO] 2025-08-19 16:08:35,669: topic[/kelpie/leg_control/currents] removing connection to /rosbridge_websocket
[rospy.internal][INFO] 2025-08-19 16:08:35,677: topic[/kelpie/leg_control/currents] removing connection to /kelpie
[rospy.internal][INFO] 2025-08-19 16:08:35,679: topic[/kelpie/battery/voltage] removing connection to /rosbridge_websocket
[rospy.internal][INFO] 2025-08-19 16:08:35,682: topic[/kelpie/battery/voltage] removing connection to /kelpie
[rospy.internal][INFO] 2025-08-19 16:08:35,684: topic[/kelpie/imu] removing connection to /rosbridge_websocket
[rospy.internal][INFO] 2025-08-19 16:08:35,685: topic[/kelpie/imu] removing connection to /kelpie
[xmlrpc][INFO] 2025-08-19 16:08:35,679: XML-RPC server binding to 127.0.0.1:0
[rospy.internal][INFO] 2025-08-19 16:08:35,687: topic[/rosout] removing connection to /rosout
[rospy.internal][INFO] 2025-08-19 16:08:35,692: topic[/kelpie/command_input] removing connection to /kelpie
[rospy.internal][INFO] 2025-08-19 16:08:35,698: topic[/kelpie/leg_control/joint_states] removing connection to http://localhost:37367/
[rospy.internal][INFO] 2025-08-19 16:08:35,703: topic[/joy] removing connection to http://localhost:36957/
[rospy.impl.masterslave][INFO] 2025-08-19 16:08:35,704: atexit
[xmlrpc][INFO] 2025-08-19 16:08:35,699: Started XML-RPC server [http://localhost:45873/]
[rospy.init][INFO] 2025-08-19 16:08:35,708: ROS Slave URI: [http://localhost:45873/]
[rospy.impl.masterslave][INFO] 2025-08-19 16:08:35,710: _ready: http://localhost:45873/
[rospy.registration][INFO] 2025-08-19 16:08:35,727: Registering with master node http://localhost:11311
[rospy.registration][INFO] 2025-08-19 16:08:35,729: Registering publisher topic [/kelpie/leg_control/currents] type [kelpie/joint_states] with master
[xmlrpc][INFO] 2025-08-19 16:08:35,736: xml rpc node: starting XML-RPC server
[rosout][ERROR] 2025-08-19 16:08:35,715: bad callback: <bound method ControllerInterface.input_callback of <kelpie_hardware_interface.handheld_controller.ps4.ControllerInterface object at 0xffff9f70ed30>>
Traceback (most recent call last):
  File "/opt/ros/noetic/lib/python3/dist-packages/rospy/topics.py", line 750, in _invoke_callback
    cb(msg)
  File "/home/kelpie2/Kelpie/kelpie_ws/src/kelpie_hardware_interface/src/kelpie_hardware_interface/handheld_controller/ps4.py", line 32, in input_callback
    self.command_pub.publish(command)
  File "/opt/ros/noetic/lib/python3/dist-packages/rospy/topics.py", line 882, in publish
    self.impl.publish(data)
  File "/opt/ros/noetic/lib/python3/dist-packages/rospy/topics.py", line 1041, in publish
    raise ROSException("publish() to a closed topic")
rospy.exceptions.ROSException: publish() to a closed topic

[rospy.registration][INFO] 2025-08-19 16:08:35,795: Registering publisher topic [/kelpie/battery/voltage] type [kelpie/vec_3d_float32] with master
[rospy.registration][INFO] 2025-08-19 16:08:35,804: Registering publisher topic [/kelpie/imu] type [kelpie/imu] with master
[rospy.init][INFO] 2025-08-19 16:08:35,913: registered with master
[rospy.rosout][INFO] 2025-08-19 16:08:35,914: initializing /rosout core topic
[rospy.internal][INFO] 2025-08-19 16:08:35,925: topic[/kelpie/battery/voltage] adding connection to [/rosbridge_websocket], count 0
[rospy.internal][INFO] 2025-08-19 16:08:35,942: topic[/kelpie/leg_control/currents] adding connection to [/rosbridge_websocket], count 0
[rospy.rosout][INFO] 2025-08-19 16:08:35,958: connected to core topic /rosout
[rospy.simtime][INFO] 2025-08-19 16:08:35,966: /use_sim_time is not set, will not subscribe to simulated time [/clock] topic
[rospy.internal][INFO] 2025-08-19 16:08:35,986: topic[/kelpie/leg_control/currents] adding connection to [/kelpie], count 1
[rospy.internal][INFO] 2025-08-19 16:08:36,001: topic[/kelpie/imu] adding connection to [/rosbridge_websocket], count 0
[rospy.internal][INFO] 2025-08-19 16:08:36,026: topic[/kelpie/battery/voltage] adding connection to [/kelpie], count 1
[rospy.internal][INFO] 2025-08-19 16:08:36,034: topic[/kelpie/imu] adding connection to [/kelpie], count 1
[rospy.internal][INFO] 2025-08-19 16:08:36,138: topic[/rosout] adding connection to [/rosout], count 0
[rospy.internal][INFO] 2025-08-19 16:08:36,251: topic[/kelpie/leg_control/currents] removing connection to /rosbridge_websocket
[rospy.internal][INFO] 2025-08-19 16:08:36,255: topic[/kelpie/battery/voltage] removing connection to /rosbridge_websocket
[rospy.internal][INFO] 2025-08-19 16:08:36,262: topic[/kelpie/imu] removing connection to /rosbridge_websocket
[rospy.internal][INFO] 2025-08-19 16:08:36,310: topic[/kelpie/leg_control/joint_states] adding connection to [http://localhost:37367/], count 0
[rospy.internal][INFO] 2025-08-19 16:08:36,344: topic[/joy] adding connection to [http://localhost:36957/], count 0
[rospy.internal][INFO] 2025-08-19 16:08:36,441: topic[/kelpie/command_input] adding connection to [/kelpie], count 0
[rospy.internal][INFO] 2025-08-19 16:09:24,450: topic[/joy] adding connection to [http://localhost:43765/], count 1
[rospy.internal][INFO] 2025-08-19 16:09:24,483: topic[/joy] removing connection to http://localhost:36957/
[rospy.internal][INFO] 2025-08-19 16:09:26,321: topic[/kelpie/leg_control/joint_states] removing connection to http://localhost:37367/
[rospy.internal][INFO] 2025-08-19 16:09:26,360: topic[/kelpie/command_input] removing connection to /kelpie
[rospy.internal][INFO] 2025-08-19 16:09:26,391: topic[/kelpie/imu] removing connection to /kelpie
[rospy.internal][INFO] 2025-08-19 16:09:26,435: topic[/kelpie/leg_control/currents] removing connection to /kelpie
[rospy.internal][INFO] 2025-08-19 16:09:26,436: topic[/kelpie/battery/voltage] removing connection to /kelpie
[rospy.core][INFO] 2025-08-19 16:09:26,988: signal_shutdown [atexit]
[rospy.internal][INFO] 2025-08-19 16:09:27,002: topic[/rosout] removing connection to /rosout
[rospy.internal][INFO] 2025-08-19 16:09:27,005: topic[/joy] removing connection to http://localhost:43765/
[rospy.impl.masterslave][INFO] 2025-08-19 16:09:27,006: atexit
[rospy.client][INFO] 2025-08-19 16:09:27,062: init_node, name[/hardware], pid[2324]
[xmlrpc][INFO] 2025-08-19 16:09:27,063: XML-RPC server binding to 127.0.0.1:0
[xmlrpc][INFO] 2025-08-19 16:09:27,065: Started XML-RPC server [http://localhost:32835/]
[rospy.init][INFO] 2025-08-19 16:09:27,066: ROS Slave URI: [http://localhost:32835/]
[rospy.impl.masterslave][INFO] 2025-08-19 16:09:27,066: _ready: http://localhost:32835/
[rospy.registration][INFO] 2025-08-19 16:09:27,069: Registering with master node http://localhost:11311/
[rospy.registration][INFO] 2025-08-19 16:09:27,070: Registering publisher topic [/kelpie/leg_control/currents] type [kelpie/joint_states] with master
[xmlrpc][INFO] 2025-08-19 16:09:27,070: xml rpc node: starting XML-RPC server
[rospy.registration][INFO] 2025-08-19 16:09:27,090: Registering publisher topic [/kelpie/battery/voltage] type [kelpie/vec_3d_float32] with master
[rospy.registration][INFO] 2025-08-19 16:09:27,099: Registering publisher topic [/kelpie/imu] type [kelpie/imu] with master
[rospy.init][INFO] 2025-08-19 16:09:27,167: registered with master
[rospy.rosout][INFO] 2025-08-19 16:09:27,168: initializing /rosout core topic
[rospy.rosout][INFO] 2025-08-19 16:09:27,173: connected to core topic /rosout
[rospy.simtime][INFO] 2025-08-19 16:09:27,178: /use_sim_time is not set, will not subscribe to simulated time [/clock] topic
[rospy.internal][INFO] 2025-08-19 16:09:27,327: topic[/joy] adding connection to [http://localhost:43765/], count 0
[rospy.internal][INFO] 2025-08-19 16:09:27,385: topic[/rosout] adding connection to [/rosout], count 0
[rospy.internal][INFO] 2025-08-19 16:09:32,693: topic[/kelpie/leg_control/currents] adding connection to [/rosbridge_websocket], count 0
[rospy.internal][INFO] 2025-08-19 16:09:32,726: topic[/kelpie/battery/voltage] adding connection to [/rosbridge_websocket], count 0
[rospy.internal][INFO] 2025-08-19 16:09:32,750: topic[/kelpie/imu] adding connection to [/rosbridge_websocket], count 0
[rospy.internal][INFO] 2025-08-19 16:13:46,781: topic[/kelpie/leg_control/currents] removing connection to /rosbridge_websocket
[rospy.internal][INFO] 2025-08-19 16:13:46,851: topic[/kelpie/imu] removing connection to /rosbridge_websocket
[rospy.internal][INFO] 2025-08-19 16:13:46,987: topic[/kelpie/battery/voltage] removing connection to /rosbridge_websocket
[rospy.internal][INFO] 2025-08-19 16:13:57,682: topic[/kelpie/leg_control/currents] adding connection to [/rosbridge_websocket], count 0
[rospy.internal][INFO] 2025-08-19 16:13:57,709: topic[/kelpie/battery/voltage] adding connection to [/rosbridge_websocket], count 0
[rospy.internal][INFO] 2025-08-19 16:13:57,726: topic[/kelpie/imu] adding connection to [/rosbridge_websocket], count 0
[rospy.internal][INFO] 2025-08-19 16:15:20,817: topic[/joy] adding connection to [http://localhost:43621/], count 1
[rospy.internal][INFO] 2025-08-19 16:15:20,888: topic[/joy] removing connection to http://localhost:43765/
[rospy.internal][INFO] 2025-08-19 16:15:22,341: topic[/kelpie/leg_control/joint_states] adding connection to [http://localhost:46311/], count 0
[rospy.internal][INFO] 2025-08-19 16:15:22,344: topic[/kelpie/imu] adding connection to [/kelpie], count 1
[rospy.internal][INFO] 2025-08-19 16:15:22,372: topic[/kelpie/leg_control/currents] adding connection to [/kelpie], count 1
[rospy.internal][INFO] 2025-08-19 16:15:22,403: topic[/kelpie/battery/voltage] adding connection to [/kelpie], count 1
[rospy.internal][INFO] 2025-08-19 16:15:22,416: topic[/kelpie/command_input] adding connection to [/kelpie], count 0
[rosout][ERROR] 2025-08-19 16:15:22,475: bad callback: <bound method ServoSubscriber.callback of <kelpie_hardware_interface.servo.servo_subscriber.ServoSubscriber object at 0xffff95495880>>
Traceback (most recent call last):
  File "/opt/ros/noetic/lib/python3/dist-packages/rospy/topics.py", line 750, in _invoke_callback
    cb(msg)
  File "/home/kelpie2/Kelpie/kelpie_ws/src/kelpie_hardware_interface/src/kelpie_hardware_interface/servo/servo_subscriber.py", line 17, in callback
    self.servo_interface.set_actuator_postions(joint_angles)
  File "/home/kelpie2/Kelpie/kelpie_ws/src/kelpie_hardware_interface/src/kelpie_hardware_interface/servo/Interface.py", line 92, in set_actuator_postions
    possible_joint_angles = self.impose_physical_limits(joint_angles)
  File "/home/kelpie2/Kelpie/kelpie_ws/src/kelpie_hardware_interface/src/kelpie_hardware_interface/servo/Interface.py", line 191, in impose_physical_limits
    print(upper, self._workspace_boundary_LUT[round(upper)]) if i == 0 else 0
KeyError: -20.0

[rospy.client][INFO] 2025-08-19 16:15:23,311: init_node, name[/hardware], pid[2626]
[xmlrpc][INFO] 2025-08-19 16:15:23,312: XML-RPC server binding to 127.0.0.1:0
[xmlrpc][INFO] 2025-08-19 16:15:23,315: Started XML-RPC server [http://localhost:35523/]
[rospy.init][INFO] 2025-08-19 16:15:23,316: ROS Slave URI: [http://localhost:35523/]
[rospy.impl.masterslave][INFO] 2025-08-19 16:15:23,316: _ready: http://localhost:35523/
[rospy.registration][INFO] 2025-08-19 16:15:23,320: Registering with master node http://localhost:11311
[xmlrpc][INFO] 2025-08-19 16:15:23,321: xml rpc node: starting XML-RPC server
[rospy.registration][INFO] 2025-08-19 16:15:23,321: Registering publisher topic [/kelpie/leg_control/currents] type [kelpie/joint_states] with master
[rospy.registration][INFO] 2025-08-19 16:15:23,347: Registering publisher topic [/kelpie/battery/voltage] type [kelpie/vec_3d_float32] with master
[rospy.registration][INFO] 2025-08-19 16:15:23,351: Registering publisher topic [/kelpie/imu] type [kelpie/imu] with master
[rospy.impl.masterslave][INFO] 2025-08-19 16:15:23,381: external shutdown request from [/master]: [/hardware] Reason: new node registered with same name
[rospy.core][INFO] 2025-08-19 16:15:23,382: signal_shutdown [external shutdown request from [/master]: [[/hardware] Reason: new node registered with same name]]
[rospy.core][INFO] 2025-08-19 16:15:23,385: signal_shutdown [atexit]
[rospy.init][INFO] 2025-08-19 16:15:23,417: registered with master
[rospy.rosout][INFO] 2025-08-19 16:15:23,418: initializing /rosout core topic
[rospy.rosout][INFO] 2025-08-19 16:15:23,427: connected to core topic /rosout
[rospy.simtime][INFO] 2025-08-19 16:15:23,433: /use_sim_time is not set, will not subscribe to simulated time [/clock] topic
[rospy.internal][INFO] 2025-08-19 16:15:23,506: topic[/kelpie/leg_control/currents] adding connection to [/rosbridge_websocket], count 0
[rospy.internal][INFO] 2025-08-19 16:15:23,531: topic[/kelpie/battery/voltage] adding connection to [/rosbridge_websocket], count 0
[rospy.internal][INFO] 2025-08-19 16:15:23,546: topic[/kelpie/imu] adding connection to [/rosbridge_websocket], count 0
[rospy.internal][INFO] 2025-08-19 16:15:23,574: topic[/kelpie/leg_control/currents] adding connection to [/kelpie], count 1
[rospy.internal][INFO] 2025-08-19 16:15:23,594: topic[/kelpie/imu] adding connection to [/kelpie], count 1
[rospy.internal][INFO] 2025-08-19 16:15:23,599: topic[/kelpie/battery/voltage] adding connection to [/kelpie], count 1
[rospy.internal][INFO] 2025-08-19 16:15:23,701: topic[/rosout] adding connection to [/rosout], count 0
[rospy.internal][INFO] 2025-08-19 16:15:23,717: topic[/joy] adding connection to [http://localhost:43621/], count 0
[rospy.internal][INFO] 2025-08-19 16:15:23,721: topic[/kelpie/leg_control/joint_states] adding connection to [http://localhost:46311/], count 0
[rospy.internal][INFO] 2025-08-19 16:15:23,763: topic[/kelpie/command_input] adding connection to [/kelpie], count 0
[rospy.internal][INFO] 2025-08-19 16:15:24,077: topic[/kelpie/leg_control/currents] removing connection to /rosbridge_websocket
[rospy.internal][INFO] 2025-08-19 16:15:24,082: topic[/kelpie/imu] removing connection to /rosbridge_websocket
[rospy.internal][INFO] 2025-08-19 16:15:24,201: topic[/kelpie/battery/voltage] removing connection to /rosbridge_websocket
[rospy.internal][INFO] 2025-08-19 16:15:47,941: topic[/joy] removing connection to http://localhost:43621/
[rospy.internal][INFO] 2025-08-19 16:15:47,944: topic[/joy] adding connection to [http://localhost:38175/], count 0
[rospy.internal][INFO] 2025-08-19 16:15:49,689: topic[/kelpie/leg_control/joint_states] removing connection to http://localhost:46311/
[rospy.internal][INFO] 2025-08-19 16:15:49,732: topic[/kelpie/command_input] removing connection to /kelpie
[rospy.internal][INFO] 2025-08-19 16:15:49,770: topic[/kelpie/imu] removing connection to /kelpie
[rospy.internal][INFO] 2025-08-19 16:15:49,784: topic[/kelpie/leg_control/currents] removing connection to /kelpie
[rospy.internal][INFO] 2025-08-19 16:15:49,785: topic[/kelpie/battery/voltage] removing connection to /kelpie
[rospy.core][INFO] 2025-08-19 16:15:51,151: signal_shutdown [atexit]
[rospy.internal][INFO] 2025-08-19 16:15:51,176: topic[/rosout] removing connection to /rosout
[rospy.internal][INFO] 2025-08-19 16:15:51,177: topic[/joy] removing connection to http://localhost:38175/
[rospy.internal][INFO] 2025-08-19 16:15:51,178: topic[/joy] removing connection to http://localhost:38175/
[rospy.impl.masterslave][INFO] 2025-08-19 16:15:51,179: atexit
[rospy.client][INFO] 2025-08-19 16:15:51,247: init_node, name[/hardware], pid[2756]
[xmlrpc][INFO] 2025-08-19 16:15:51,249: XML-RPC server binding to 127.0.0.1:0
[xmlrpc][INFO] 2025-08-19 16:15:51,251: Started XML-RPC server [http://localhost:36165/]
[rospy.init][INFO] 2025-08-19 16:15:51,251: ROS Slave URI: [http://localhost:36165/]
[rospy.impl.masterslave][INFO] 2025-08-19 16:15:51,252: _ready: http://localhost:36165/
[rospy.registration][INFO] 2025-08-19 16:15:51,254: Registering with master node http://localhost:11311/
[xmlrpc][INFO] 2025-08-19 16:15:51,254: xml rpc node: starting XML-RPC server
[rospy.registration][INFO] 2025-08-19 16:15:51,255: Registering publisher topic [/kelpie/leg_control/currents] type [kelpie/joint_states] with master
[rospy.registration][INFO] 2025-08-19 16:15:51,273: Registering publisher topic [/kelpie/battery/voltage] type [kelpie/vec_3d_float32] with master
[rospy.registration][INFO] 2025-08-19 16:15:51,278: Registering publisher topic [/kelpie/imu] type [kelpie/imu] with master
[rospy.init][INFO] 2025-08-19 16:15:51,352: registered with master
[rospy.rosout][INFO] 2025-08-19 16:15:51,353: initializing /rosout core topic
[rospy.rosout][INFO] 2025-08-19 16:15:51,358: connected to core topic /rosout
[rospy.simtime][INFO] 2025-08-19 16:15:51,360: /use_sim_time is not set, will not subscribe to simulated time [/clock] topic
[rospy.internal][INFO] 2025-08-19 16:15:51,466: topic[/joy] adding connection to [http://localhost:38175/], count 0
[rospy.internal][INFO] 2025-08-19 16:15:51,574: topic[/rosout] adding connection to [/rosout], count 0
[rospy.internal][INFO] 2025-08-19 16:16:25,885: topic[/joy] adding connection to [http://localhost:42237/], count 1
[rospy.internal][INFO] 2025-08-19 16:16:25,951: topic[/joy] removing connection to http://localhost:38175/
[rospy.internal][INFO] 2025-08-19 16:16:27,437: topic[/kelpie/leg_control/joint_states] adding connection to [http://localhost:42141/], count 0
[rospy.internal][INFO] 2025-08-19 16:16:27,445: topic[/kelpie/imu] adding connection to [/kelpie], count 0
[rospy.internal][INFO] 2025-08-19 16:16:27,481: topic[/kelpie/leg_control/currents] adding connection to [/kelpie], count 0
[rospy.internal][INFO] 2025-08-19 16:16:27,514: topic[/kelpie/battery/voltage] adding connection to [/kelpie], count 0
[rospy.internal][INFO] 2025-08-19 16:16:27,565: topic[/kelpie/command_input] adding connection to [/kelpie], count 0
[rospy.client][INFO] 2025-08-19 16:16:27,998: init_node, name[/hardware], pid[2830]
[xmlrpc][INFO] 2025-08-19 16:16:28,000: XML-RPC server binding to 127.0.0.1:0
[xmlrpc][INFO] 2025-08-19 16:16:28,002: Started XML-RPC server [http://localhost:40075/]
[rospy.init][INFO] 2025-08-19 16:16:28,003: ROS Slave URI: [http://localhost:40075/]
[rospy.impl.masterslave][INFO] 2025-08-19 16:16:28,003: _ready: http://localhost:40075/
[rospy.registration][INFO] 2025-08-19 16:16:28,019: Registering with master node http://localhost:11311
[xmlrpc][INFO] 2025-08-19 16:16:28,021: xml rpc node: starting XML-RPC server
[rospy.registration][INFO] 2025-08-19 16:16:28,022: Registering publisher topic [/kelpie/leg_control/currents] type [kelpie/joint_states] with master
[rospy.registration][INFO] 2025-08-19 16:16:28,059: Registering publisher topic [/kelpie/battery/voltage] type [kelpie/vec_3d_float32] with master
[rospy.registration][INFO] 2025-08-19 16:16:28,065: Registering publisher topic [/kelpie/imu] type [kelpie/imu] with master
[rospy.impl.masterslave][INFO] 2025-08-19 16:16:28,090: external shutdown request from [/master]: [/hardware] Reason: new node registered with same name
[rospy.core][INFO] 2025-08-19 16:16:28,091: signal_shutdown [external shutdown request from [/master]: [[/hardware] Reason: new node registered with same name]]
[rospy.init][INFO] 2025-08-19 16:16:28,104: registered with master
[rospy.rosout][INFO] 2025-08-19 16:16:28,105: initializing /rosout core topic
[rospy.internal][INFO] 2025-08-19 16:16:28,107: topic[/kelpie/leg_control/currents] removing connection to /kelpie
[rospy.internal][INFO] 2025-08-19 16:16:28,108: topic[/kelpie/battery/voltage] removing connection to /kelpie
[rospy.rosout][INFO] 2025-08-19 16:16:28,109: connected to core topic /rosout
[rospy.simtime][INFO] 2025-08-19 16:16:28,115: /use_sim_time is not set, will not subscribe to simulated time [/clock] topic
[rospy.internal][INFO] 2025-08-19 16:16:28,135: topic[/kelpie/imu] removing connection to /kelpie
[rospy.internal][INFO] 2025-08-19 16:16:28,152: topic[/rosout] removing connection to /rosout
[rospy.internal][INFO] 2025-08-19 16:16:28,156: topic[/kelpie/command_input] removing connection to /kelpie
[rospy.internal][INFO] 2025-08-19 16:16:28,158: topic[/kelpie/leg_control/joint_states] removing connection to http://localhost:42141/
[rospy.internal][INFO] 2025-08-19 16:16:28,177: topic[/joy] removing connection to http://localhost:42237/
[rosout][ERROR] 2025-08-19 16:16:28,173: bad callback: <bound method ControllerInterface.input_callback of <kelpie_hardware_interface.handheld_controller.ps4.ControllerInterface object at 0xffff9d223df0>>
Traceback (most recent call last):
  File "/opt/ros/noetic/lib/python3/dist-packages/rospy/topics.py", line 750, in _invoke_callback
    cb(msg)
  File "/home/kelpie2/Kelpie/kelpie_ws/src/kelpie_hardware_interface/src/kelpie_hardware_interface/handheld_controller/ps4.py", line 32, in input_callback
    self.command_pub.publish(command)
  File "/opt/ros/noetic/lib/python3/dist-packages/rospy/topics.py", line 882, in publish
    self.impl.publish(data)
  File "/opt/ros/noetic/lib/python3/dist-packages/rospy/topics.py", line 1041, in publish
    raise ROSException("publish() to a closed topic")
rospy.exceptions.ROSException: publish() to a closed topic

[rospy.internal][INFO] 2025-08-19 16:16:28,246: topic[/kelpie/leg_control/currents] adding connection to [/kelpie], count 0
[rospy.impl.masterslave][INFO] 2025-08-19 16:16:28,258: external shutdown request from [/master]: [/hardware] Reason: new node registered with same name
[rospy.core][INFO] 2025-08-19 16:16:28,260: signal_shutdown [external shutdown request from [/master]: [[/hardware] Reason: new node registered with same name]]
[rospy.internal][INFO] 2025-08-19 16:16:28,279: topic[/kelpie/leg_control/currents] removing connection to /kelpie
[rospy.internal][INFO] 2025-08-19 16:16:28,281: topic[/kelpie/battery/voltage] adding connection to [/kelpie], count 0
[rospy.internal][ERROR] 2025-08-19 16:16:28,284: ERROR: Race condition failure adding connection to closed subscriber
If you run into this please comment on https://github.com/ros/ros_comm/issues/544
[rospy.core][INFO] 2025-08-19 16:16:28,396: signal_shutdown [atexit]
[rospy.core][INFO] 2025-08-19 16:16:57,703: signal_shutdown [atexit]
[rospy.client][INFO] 2025-08-19 16:16:58,026: init_node, name[/hardware], pid[2931]
[xmlrpc][INFO] 2025-08-19 16:16:58,041: XML-RPC server binding to 127.0.0.1:0
[xmlrpc][INFO] 2025-08-19 16:16:58,043: Started XML-RPC server [http://localhost:42789/]
[rospy.init][INFO] 2025-08-19 16:16:58,044: ROS Slave URI: [http://localhost:42789/]
[rospy.impl.masterslave][INFO] 2025-08-19 16:16:58,052: _ready: http://localhost:42789/
[rospy.registration][INFO] 2025-08-19 16:16:58,067: Registering with master node http://localhost:11311/
[xmlrpc][INFO] 2025-08-19 16:16:58,067: xml rpc node: starting XML-RPC server
[rospy.registration][INFO] 2025-08-19 16:16:58,068: Registering publisher topic [/kelpie/leg_control/currents] type [kelpie/joint_states] with master
[rospy.registration][INFO] 2025-08-19 16:16:58,111: Registering publisher topic [/kelpie/battery/voltage] type [kelpie/vec_3d_float32] with master
[rospy.registration][INFO] 2025-08-19 16:16:58,119: Registering publisher topic [/kelpie/imu] type [kelpie/imu] with master
[rospy.init][INFO] 2025-08-19 16:16:58,153: registered with master
[rospy.rosout][INFO] 2025-08-19 16:16:58,154: initializing /rosout core topic
[rospy.rosout][INFO] 2025-08-19 16:16:58,162: connected to core topic /rosout
[rospy.simtime][INFO] 2025-08-19 16:16:58,169: /use_sim_time is not set, will not subscribe to simulated time [/clock] topic
[rospy.internal][INFO] 2025-08-19 16:16:58,322: topic[/joy] adding connection to [http://localhost:46805/], count 0
[rospy.internal][INFO] 2025-08-19 16:16:58,377: topic[/rosout] adding connection to [/rosout], count 0
[rospy.internal][INFO] 2025-08-19 16:17:22,613: topic[/kelpie/leg_control/currents] adding connection to [/rosbridge_websocket], count 0
[rospy.internal][INFO] 2025-08-19 16:17:22,649: topic[/kelpie/battery/voltage] adding connection to [/rosbridge_websocket], count 0
[rospy.internal][INFO] 2025-08-19 16:17:22,668: topic[/kelpie/imu] adding connection to [/rosbridge_websocket], count 0
[rospy.internal][INFO] 2025-08-19 16:17:45,840: topic[/kelpie/leg_control/currents] removing connection to /rosbridge_websocket
[rospy.internal][INFO] 2025-08-19 16:17:45,841: topic[/kelpie/battery/voltage] removing connection to /rosbridge_websocket
[rospy.internal][INFO] 2025-08-19 16:17:45,843: topic[/kelpie/imu] removing connection to /rosbridge_websocket
[rospy.internal][INFO] 2025-08-19 16:17:52,161: topic[/kelpie/leg_control/currents] adding connection to [/rosbridge_websocket], count 0
[rospy.internal][INFO] 2025-08-19 16:17:52,189: topic[/kelpie/battery/voltage] adding connection to [/rosbridge_websocket], count 0
[rospy.internal][INFO] 2025-08-19 16:17:52,209: topic[/kelpie/imu] adding connection to [/rosbridge_websocket], count 0
[rospy.internal][INFO] 2025-08-19 16:19:59,266: topic[/kelpie/leg_control/currents] removing connection to /rosbridge_websocket
[rospy.internal][INFO] 2025-08-19 16:19:59,271: topic[/kelpie/imu] removing connection to /rosbridge_websocket
[rospy.internal][INFO] 2025-08-19 16:19:59,422: topic[/kelpie/battery/voltage] removing connection to /rosbridge_websocket
[rospy.internal][INFO] 2025-08-19 16:20:07,506: topic[/kelpie/leg_control/currents] adding connection to [/rosbridge_websocket], count 0
[rospy.internal][INFO] 2025-08-19 16:20:07,543: topic[/kelpie/battery/voltage] adding connection to [/rosbridge_websocket], count 0
[rospy.internal][INFO] 2025-08-19 16:20:07,551: topic[/kelpie/imu] adding connection to [/rosbridge_websocket], count 0
[rospy.core][INFO] 2025-08-19 16:20:46,133: signal_shutdown [signal-2]
[rospy.internal][INFO] 2025-08-19 16:20:46,165: topic[/kelpie/leg_control/currents] removing connection to /rosbridge_websocket
[rospy.internal][INFO] 2025-08-19 16:20:46,167: topic[/kelpie/battery/voltage] removing connection to /rosbridge_websocket
[rospy.internal][INFO] 2025-08-19 16:20:46,168: topic[/kelpie/imu] removing connection to /rosbridge_websocket
[rospy.internal][INFO] 2025-08-19 16:20:46,170: topic[/rosout] removing connection to /rosout
[rospy.internal][INFO] 2025-08-19 16:20:46,175: topic[/joy] removing connection to http://localhost:46805/
[rospy.internal][INFO] 2025-08-19 16:20:46,176: topic[/joy] removing connection to http://localhost:46805/
[rospy.impl.masterslave][INFO] 2025-08-19 16:20:46,179: signal-2
[rospy.core][INFO] 2025-08-19 16:21:10,311: signal_shutdown [signal-15]
[rospy.client][INFO] 2025-08-19 16:27:32,047: init_node, name[/hardware], pid[3704]
[xmlrpc][INFO] 2025-08-19 16:27:32,049: XML-RPC server binding to 127.0.0.1:0
[xmlrpc][INFO] 2025-08-19 16:27:32,050: Started XML-RPC server [http://localhost:39293/]
[rospy.init][INFO] 2025-08-19 16:27:32,050: ROS Slave URI: [http://localhost:39293/]
[rospy.impl.masterslave][INFO] 2025-08-19 16:27:32,051: _ready: http://localhost:39293/
[rospy.registration][INFO] 2025-08-19 16:27:32,053: Registering with master node http://localhost:11311
[rospy.registration][INFO] 2025-08-19 16:27:32,053: Registering publisher topic [/kelpie/leg_control/currents] type [kelpie/joint_states] with master
[xmlrpc][INFO] 2025-08-19 16:27:32,055: xml rpc node: starting XML-RPC server
[rospy.registration][INFO] 2025-08-19 16:27:32,070: Registering publisher topic [/kelpie/battery/voltage] type [kelpie/vec_3d_float32] with master
[rospy.registration][INFO] 2025-08-19 16:27:32,073: Registering publisher topic [/kelpie/imu] type [kelpie/imu] with master
[rospy.init][INFO] 2025-08-19 16:27:32,151: registered with master
[rospy.rosout][INFO] 2025-08-19 16:27:32,152: initializing /rosout core topic
[rospy.rosout][INFO] 2025-08-19 16:27:32,156: connected to core topic /rosout
[rospy.simtime][INFO] 2025-08-19 16:27:32,159: /use_sim_time is not set, will not subscribe to simulated time [/clock] topic
[rospy.internal][INFO] 2025-08-19 16:27:32,258: topic[/joy] adding connection to [http://localhost:35043/], count 0
[rospy.internal][INFO] 2025-08-19 16:27:32,419: topic[/rosout] adding connection to [/rosout], count 0
[rospy.internal][INFO] 2025-08-19 16:30:50,617: topic[/kelpie/command_input] adding connection to [/rostopic_3973_1755585050365], count 0
[rospy.internal][INFO] 2025-08-19 16:32:11,822: topic[/kelpie/command_input] removing connection to /rostopic_3973_1755585050365
[rospy.internal][INFO] 2025-08-19 16:33:36,725: topic[/kelpie/leg_control/currents] adding connection to [/rosbridge_websocket], count 0
[rospy.internal][INFO] 2025-08-19 16:33:36,733: topic[/kelpie/battery/voltage] adding connection to [/rosbridge_websocket], count 0
[rospy.internal][INFO] 2025-08-19 16:33:36,756: topic[/kelpie/imu] adding connection to [/rosbridge_websocket], count 0
[rospy.internal][INFO] 2025-08-19 16:34:00,811: topic[/kelpie/leg_control/currents] removing connection to /rosbridge_websocket
[rospy.internal][INFO] 2025-08-19 16:34:00,817: topic[/kelpie/imu] removing connection to /rosbridge_websocket
[rospy.internal][INFO] 2025-08-19 16:34:01,036: topic[/kelpie/battery/voltage] removing connection to /rosbridge_websocket
[rospy.internal][INFO] 2025-08-19 16:34:15,299: topic[/kelpie/leg_control/currents] adding connection to [/rosbridge_websocket], count 0
[rospy.internal][INFO] 2025-08-19 16:34:15,322: topic[/kelpie/battery/voltage] adding connection to [/rosbridge_websocket], count 0
[rospy.internal][INFO] 2025-08-19 16:34:15,338: topic[/kelpie/imu] adding connection to [/rosbridge_websocket], count 0
[rospy.internal][INFO] 2025-08-19 16:39:17,708: topic[/kelpie/leg_control/currents] removing connection to /rosbridge_websocket
[rospy.internal][INFO] 2025-08-19 16:39:17,714: topic[/kelpie/imu] removing connection to /rosbridge_websocket
[rospy.internal][INFO] 2025-08-19 16:39:17,784: topic[/kelpie/battery/voltage] removing connection to /rosbridge_websocket
[rospy.internal][INFO] 2025-08-19 16:39:17,848: topic[/kelpie/leg_control/currents] adding connection to [/rosbridge_websocket], count 0
[rospy.internal][INFO] 2025-08-19 16:39:17,868: topic[/kelpie/battery/voltage] adding connection to [/rosbridge_websocket], count 0
[rospy.internal][INFO] 2025-08-19 16:39:17,886: topic[/kelpie/imu] adding connection to [/rosbridge_websocket], count 0
[rospy.internal][INFO] 2025-08-19 16:42:48,856: topic[/kelpie/leg_control/currents] removing connection to /rosbridge_websocket
[rospy.internal][INFO] 2025-08-19 16:42:48,862: topic[/kelpie/imu] removing connection to /rosbridge_websocket
[rospy.internal][INFO] 2025-08-19 16:42:48,947: topic[/kelpie/battery/voltage] removing connection to /rosbridge_websocket
[rospy.internal][INFO] 2025-08-19 16:42:48,984: topic[/kelpie/leg_control/currents] adding connection to [/rosbridge_websocket], count 0
[rospy.internal][INFO] 2025-08-19 16:42:48,999: topic[/kelpie/battery/voltage] adding connection to [/rosbridge_websocket], count 0
[rospy.internal][INFO] 2025-08-19 16:42:49,018: topic[/kelpie/imu] adding connection to [/rosbridge_websocket], count 0
[rospy.internal][INFO] 2025-08-19 16:43:40,490: topic[/kelpie/leg_control/currents] removing connection to /rosbridge_websocket
[rospy.internal][INFO] 2025-08-19 16:43:40,491: topic[/kelpie/battery/voltage] removing connection to /rosbridge_websocket
[rospy.internal][INFO] 2025-08-19 16:43:40,492: topic[/kelpie/imu] removing connection to /rosbridge_websocket
[rospy.internal][INFO] 2025-08-19 16:43:40,669: topic[/kelpie/leg_control/currents] adding connection to [/rosbridge_websocket], count 0
[rospy.internal][INFO] 2025-08-19 16:43:40,693: topic[/kelpie/battery/voltage] adding connection to [/rosbridge_websocket], count 0
[rospy.internal][INFO] 2025-08-19 16:43:40,708: topic[/kelpie/imu] adding connection to [/rosbridge_websocket], count 0
[rospy.core][INFO] 2025-08-19 17:05:08,570: signal_shutdown [signal-2]
[rospy.internal][INFO] 2025-08-19 17:05:08,608: topic[/kelpie/leg_control/currents] removing connection to /rosbridge_websocket
[rospy.internal][INFO] 2025-08-19 17:05:08,609: topic[/kelpie/battery/voltage] removing connection to /rosbridge_websocket
[rospy.internal][INFO] 2025-08-19 17:05:08,610: topic[/kelpie/imu] removing connection to /rosbridge_websocket
[rospy.internal][INFO] 2025-08-19 17:05:08,611: topic[/rosout] removing connection to /rosout
[rospy.internal][INFO] 2025-08-19 17:05:08,613: topic[/joy] removing connection to http://localhost:35043/
[rospy.impl.masterslave][INFO] 2025-08-19 17:05:08,614: signal-2
[rospy.core][INFO] 2025-08-19 17:05:23,600: signal_shutdown [signal-15]
[rospy.client][INFO] 2025-08-19 17:07:53,301: init_node, name[/hardware], pid[4768]
[xmlrpc][INFO] 2025-08-19 17:07:53,302: XML-RPC server binding to 127.0.0.1:0
[xmlrpc][INFO] 2025-08-19 17:07:53,303: Started XML-RPC server [http://localhost:35867/]
[rospy.init][INFO] 2025-08-19 17:07:53,304: ROS Slave URI: [http://localhost:35867/]
[rospy.impl.masterslave][INFO] 2025-08-19 17:07:53,304: _ready: http://localhost:35867/
[rospy.registration][INFO] 2025-08-19 17:07:53,306: Registering with master node http://localhost:11311
[xmlrpc][INFO] 2025-08-19 17:07:53,306: xml rpc node: starting XML-RPC server
[rospy.registration][INFO] 2025-08-19 17:07:53,306: Registering publisher topic [/kelpie/leg_control/currents] type [kelpie/joint_states] with master
[rospy.registration][INFO] 2025-08-19 17:07:53,320: Registering publisher topic [/kelpie/battery/voltage] type [kelpie/vec_3d_float32] with master
[rospy.registration][INFO] 2025-08-19 17:07:53,324: Registering publisher topic [/kelpie/imu] type [kelpie/imu] with master
[rospy.init][INFO] 2025-08-19 17:07:53,404: registered with master
[rospy.rosout][INFO] 2025-08-19 17:07:53,405: initializing /rosout core topic
[rospy.rosout][INFO] 2025-08-19 17:07:53,409: connected to core topic /rosout
[rospy.simtime][INFO] 2025-08-19 17:07:53,411: /use_sim_time is not set, will not subscribe to simulated time [/clock] topic
[rospy.internal][INFO] 2025-08-19 17:07:53,513: topic[/joy] adding connection to [http://localhost:44817/], count 0
[rospy.internal][INFO] 2025-08-19 17:07:53,534: topic[/kelpie/leg_control/joint_states] adding connection to [http://localhost:42451/], count 0
[rospy.internal][INFO] 2025-08-19 17:07:53,594: topic[/rosout] adding connection to [/rosout], count 0
[rospy.internal][INFO] 2025-08-19 17:07:53,665: topic[/kelpie/imu] adding connection to [/kelpie], count 0
[rospy.internal][INFO] 2025-08-19 17:07:53,686: topic[/kelpie/leg_control/currents] adding connection to [/kelpie], count 0
[rospy.internal][INFO] 2025-08-19 17:07:53,688: topic[/kelpie/battery/voltage] adding connection to [/kelpie], count 0
[rospy.internal][INFO] 2025-08-19 17:07:53,817: topic[/kelpie/command_input] adding connection to [/kelpie], count 0
[rospy.internal][INFO] 2025-08-19 17:08:08,038: topic[/kelpie/leg_control/currents] adding connection to [/rosbridge_websocket], count 1
[rospy.internal][INFO] 2025-08-19 17:08:08,050: topic[/kelpie/battery/voltage] adding connection to [/rosbridge_websocket], count 1
[rospy.internal][INFO] 2025-08-19 17:08:08,063: topic[/kelpie/imu] adding connection to [/rosbridge_websocket], count 1
