[rospy.client][INFO] 2025-08-13 17:36:56,892: init_node, name[/hardware], pid[3221]
[xmlrpc][INFO] 2025-08-13 17:36:56,894: XML-RPC server binding to 127.0.0.1:0
[xmlrpc][INFO] 2025-08-13 17:36:56,896: Started XML-RPC server [http://localhost:45711/]
[rospy.init][INFO] 2025-08-13 17:36:56,897: ROS Slave URI: [http://localhost:45711/]
[rospy.impl.masterslave][INFO] 2025-08-13 17:36:56,897: _ready: http://localhost:45711/
[rospy.registration][INFO] 2025-08-13 17:36:56,902: Registering with master node http://localhost:11311
[xmlrpc][INFO] 2025-08-13 17:36:56,902: xml rpc node: starting XML-RPC server
[rospy.registration][INFO] 2025-08-13 17:36:56,903: Registering publisher topic [/kelpie/leg_control/currents] type [kelpie/joint_states] with master
[rospy.registration][INFO] 2025-08-13 17:36:56,920: Registering publisher topic [/kelpie/battery/voltage] type [kelpie/vec_3d_float32] with master
[rospy.registration][INFO] 2025-08-13 17:36:56,923: Registering publisher topic [/kelpie/imu] type [kelpie/imu] with master
[rospy.init][INFO] 2025-08-13 17:36:56,998: registered with master
[rospy.rosout][INFO] 2025-08-13 17:36:56,999: initializing /rosout core topic
[rospy.rosout][INFO] 2025-08-13 17:36:57,002: connected to core topic /rosout
[rospy.simtime][INFO] 2025-08-13 17:36:57,004: /use_sim_time is not set, will not subscribe to simulated time [/clock] topic
[rospy.internal][INFO] 2025-08-13 17:36:57,109: topic[/kelpie/leg_control/joint_states] adding connection to [http://localhost:42429/], count 0
[rospy.internal][INFO] 2025-08-13 17:36:57,207: topic[/rosout] adding connection to [/rosout], count 0
[rospy.internal][INFO] 2025-08-13 17:36:57,328: topic[/kelpie/leg_control/currents] adding connection to [/kelpie], count 0
[rospy.internal][INFO] 2025-08-13 17:36:57,334: topic[/kelpie/imu] adding connection to [/kelpie], count 0
[rospy.internal][INFO] 2025-08-13 17:36:57,370: topic[/kelpie/battery/voltage] adding connection to [/kelpie], count 0
[rospy.internal][INFO] 2025-08-13 17:36:57,372: topic[/kelpie/command_input] adding connection to [/kelpie], count 0
[rospy.core][INFO] 2025-08-13 17:37:10,086: signal_shutdown [signal-2]
[rospy.internal][INFO] 2025-08-13 17:37:10,108: topic[/kelpie/leg_control/currents] removing connection to /kelpie
[rospy.internal][INFO] 2025-08-13 17:37:10,109: topic[/kelpie/battery/voltage] removing connection to /kelpie
[rospy.internal][INFO] 2025-08-13 17:37:10,110: topic[/kelpie/imu] removing connection to /kelpie
[rospy.internal][INFO] 2025-08-13 17:37:10,112: topic[/rosout] removing connection to /rosout
[rospy.internal][INFO] 2025-08-13 17:37:10,112: topic[/kelpie/command_input] removing connection to /kelpie
[rospy.internal][INFO] 2025-08-13 17:37:10,113: topic[/kelpie/leg_control/joint_states] removing connection to http://localhost:42429/
[rospy.impl.masterslave][INFO] 2025-08-13 17:37:10,114: signal-2
[rospy.core][INFO] 2025-08-13 17:37:25,120: signal_shutdown [signal-15]
