[rospy.client][INFO] 2025-08-11 14:59:11,307: init_node, name[/kelpie], pid[1974]
[xmlrpc][INFO] 2025-08-11 14:59:11,308: XML-RPC server binding to 127.0.0.1:0
[xmlrpc][INFO] 2025-08-11 14:59:11,309: Started XML-RPC server [http://localhost:46687/]
[rospy.init][INFO] 2025-08-11 14:59:11,310: ROS Slave URI: [http://localhost:46687/]
[rospy.impl.masterslave][INFO] 2025-08-11 14:59:11,310: _ready: http://localhost:46687/
[rospy.registration][INFO] 2025-08-11 14:59:11,315: Registering with master node http://localhost:11311
[xmlrpc][INFO] 2025-08-11 14:59:11,315: xml rpc node: starting XML-RPC server
[rospy.init][INFO] 2025-08-11 14:59:11,411: registered with master
[rospy.rosout][INFO] 2025-08-11 14:59:11,412: initializing /rosout core topic
[rospy.rosout][INFO] 2025-08-11 14:59:11,422: connected to core topic /rosout
[rospy.simtime][INFO] 2025-08-11 14:59:11,425: /use_sim_time is not set, will not subscribe to simulated time [/clock] topic
[rosout][INFO] 2025-08-11 14:59:11,461: Creating input listener...
[rosout][INFO] 2025-08-11 14:59:11,471: Input listener successfully initialised... Robot will now receive commands via Joy messages
[rosout][INFO] 2025-08-11 14:59:11,477: Summary of current gait parameters:
[rosout][INFO] 2025-08-11 14:59:11,484: overlap time: 0.04
[rosout][INFO] 2025-08-11 14:59:11,489: swing time: 0.07
[rosout][INFO] 2025-08-11 14:59:11,494: z clearance: 0.08
[rosout][INFO] 2025-08-11 14:59:11,499: back leg x shift: 0.00
[rosout][INFO] 2025-08-11 14:59:11,505: front leg x shift: 0.05
[rosout][INFO] 2025-08-11 14:59:11,511: Manual robot control active. Currently not accepting external commands
[rospy.internal][INFO] 2025-08-11 14:59:11,771: topic[/rosout] adding connection to [/rosout], count 0
[rospy.internal][INFO] 2025-08-11 14:59:12,152: topic[/kelpie/leg_control/currents] adding connection to [http://localhost:33575/], count 0
[rospy.internal][INFO] 2025-08-11 14:59:12,159: topic[/kelpie/imu] adding connection to [http://localhost:33575/], count 0
[rospy.internal][INFO] 2025-08-11 14:59:12,176: topic[/kelpie/battery/voltage] adding connection to [http://localhost:33575/], count 0
[rospy.internal][INFO] 2025-08-11 14:59:12,228: topic[/kelpie/leg_control/joint_states] adding connection to [/hardware], count 0
[rospy.internal][INFO] 2025-08-11 14:59:12,379: topic[/kelpie/command_input] adding connection to [http://localhost:33575/], count 0
[rospy.internal][INFO] 2025-08-11 15:04:23,762: topic[/kelpie/leg_control/currents] removing connection to http://localhost:33575/
[rospy.internal][INFO] 2025-08-11 15:04:23,766: topic[/kelpie/imu] removing connection to http://localhost:33575/
[rospy.internal][INFO] 2025-08-11 15:04:23,767: topic[/kelpie/battery/voltage] removing connection to http://localhost:33575/
[rospy.internal][INFO] 2025-08-11 15:04:23,768: topic[/kelpie/command_input] removing connection to http://localhost:33575/
[rospy.internal][INFO] 2025-08-11 15:04:24,119: topic[/kelpie/leg_control/joint_states] removing connection to /hardware
[rospy.core][INFO] 2025-08-11 15:04:38,776: signal_shutdown [signal-15]
[rospy.internal][INFO] 2025-08-11 15:04:38,784: topic[/rosout] removing connection to /rosout
[rospy.impl.masterslave][INFO] 2025-08-11 15:04:38,784: signal-15
