[rosmaster.main][INFO] 2025-08-11 14:59:09,592: initialization complete, waiting for shutdown
[rosmaster.main][INFO] 2025-08-11 14:59:09,592: Starting ROS Master Node
[xmlrpc][INFO] 2025-08-11 14:59:09,594: XML-RPC server binding to 127.0.0.1:11311
[xmlrpc][INFO] 2025-08-11 14:59:09,595: Started XML-RPC server [http://localhost:11311/]
[rosmaster.master][INFO] 2025-08-11 14:59:09,595: Master initialized: port[11311], uri[http://localhost:11311/]
[xmlrpc][INFO] 2025-08-11 14:59:09,595: xml rpc node: starting XML-RPC server
[rosmaster.master][INFO] 2025-08-11 14:59:09,616: +PARAM [/run_id] by /roslaunch
[rosmaster.master][INFO] 2025-08-11 14:59:09,619: +PARAM [/roslaunch/uris/host_localhost__38185] by /roslaunch
[rosmaster.master][INFO] 2025-08-11 14:59:09,755: +PARAM [/rosversion] by /roslaunch
[rosmaster.master][INFO] 2025-08-11 14:59:09,755: +PARAM [/rosdistro] by /roslaunch
[rosmaster.master][INFO] 2025-08-11 14:59:09,756: +PARAM [/rosbridge_websocket/authenticate] by /roslaunch
[rosmaster.master][INFO] 2025-08-11 14:59:09,756: +PARAM [/rosbridge_websocket/port] by /roslaunch
[rosmaster.master][INFO] 2025-08-11 14:59:09,756: +PARAM [/rosbridge_websocket/address] by /roslaunch
[rosmaster.master][INFO] 2025-08-11 14:59:09,756: +PARAM [/rosbridge_websocket/retry_startup_delay] by /roslaunch
[rosmaster.master][INFO] 2025-08-11 14:59:09,757: +PARAM [/rosbridge_websocket/fragment_timeout] by /roslaunch
[rosmaster.master][INFO] 2025-08-11 14:59:09,757: +PARAM [/rosbridge_websocket/delay_between_messages] by /roslaunch
[rosmaster.master][INFO] 2025-08-11 14:59:09,757: +PARAM [/rosbridge_websocket/max_message_size] by /roslaunch
[rosmaster.master][INFO] 2025-08-11 14:59:09,757: +PARAM [/rosbridge_websocket/unregister_timeout] by /roslaunch
[rosmaster.master][INFO] 2025-08-11 14:59:09,758: +PARAM [/rosbridge_websocket/use_compression] by /roslaunch
[rosmaster.master][INFO] 2025-08-11 14:59:09,758: +PARAM [/rosbridge_websocket/websocket_ping_interval] by /roslaunch
[rosmaster.master][INFO] 2025-08-11 14:59:09,758: +PARAM [/rosbridge_websocket/websocket_ping_timeout] by /roslaunch
[rosmaster.master][INFO] 2025-08-11 14:59:09,758: +PARAM [/rosbridge_websocket/websocket_external_port] by /roslaunch
[rosmaster.master][INFO] 2025-08-11 14:59:09,758: +PARAM [/rosbridge_websocket/topics_glob] by /roslaunch
[rosmaster.master][INFO] 2025-08-11 14:59:09,759: +PARAM [/rosbridge_websocket/services_glob] by /roslaunch
[rosmaster.master][INFO] 2025-08-11 14:59:09,759: +PARAM [/rosbridge_websocket/params_glob] by /roslaunch
[rosmaster.master][INFO] 2025-08-11 14:59:09,759: +PARAM [/rosbridge_websocket/bson_only_mode] by /roslaunch
[rosmaster.master][INFO] 2025-08-11 14:59:09,759: +PARAM [/rosapi/topics_glob] by /roslaunch
[rosmaster.master][INFO] 2025-08-11 14:59:09,759: +PARAM [/rosapi/services_glob] by /roslaunch
[rosmaster.master][INFO] 2025-08-11 14:59:09,760: +PARAM [/rosapi/params_glob] by /roslaunch
[rosmaster.master][INFO] 2025-08-11 14:59:09,767: +SERVICE [/rosout/get_loggers] /rosout http://localhost:44955/
[rosmaster.master][INFO] 2025-08-11 14:59:09,770: +SERVICE [/rosout/set_logger_level] /rosout http://localhost:44955/
[rosmaster.master][INFO] 2025-08-11 14:59:09,776: +PUB [/rosout_agg] /rosout http://localhost:44955/
[rosmaster.master][INFO] 2025-08-11 14:59:09,788: +SUB [/rosout] /rosout http://localhost:44955/
[rosmaster.master][INFO] 2025-08-11 14:59:11,420: +PUB [/rosout] /kelpie http://localhost:46687/
[rosmaster.master][INFO] 2025-08-11 14:59:11,428: +SERVICE [/kelpie/get_loggers] /kelpie http://localhost:46687/
[rosmaster.master][INFO] 2025-08-11 14:59:11,430: +PUB [/rosout] /rosapi http://localhost:38685/
[rosmaster.master][INFO] 2025-08-11 14:59:11,432: +SERVICE [/kelpie/set_logger_level] /kelpie http://localhost:46687/
[rosmaster.master][INFO] 2025-08-11 14:59:11,439: +SERVICE [/rosapi/get_loggers] /rosapi http://localhost:38685/
[rosmaster.master][INFO] 2025-08-11 14:59:11,440: +SUB [/kelpie/imu] /kelpie http://localhost:46687/
[rosmaster.master][INFO] 2025-08-11 14:59:11,442: +SERVICE [/rosapi/set_logger_level] /rosapi http://localhost:38685/
[rosmaster.master][INFO] 2025-08-11 14:59:11,447: +SUB [/kelpie/leg_control/currents] /kelpie http://localhost:46687/
[rosmaster.master][INFO] 2025-08-11 14:59:11,453: +SUB [/kelpie/battery/voltage] /kelpie http://localhost:46687/
[rosmaster.master][INFO] 2025-08-11 14:59:11,455: +SERVICE [/rosapi/topics] /rosapi http://localhost:38685/
[rosmaster.master][INFO] 2025-08-11 14:59:11,457: +PUB [/kelpie/leg_control/joint_states] /kelpie http://localhost:46687/
[rosmaster.master][INFO] 2025-08-11 14:59:11,458: +SERVICE [/rosapi/topics_for_type] /rosapi http://localhost:38685/
[rosmaster.master][INFO] 2025-08-11 14:59:11,462: +SERVICE [/rosapi/services] /rosapi http://localhost:38685/
[rosmaster.master][INFO] 2025-08-11 14:59:11,463: +CACHEDPARAM [/rosout_disable_topics_generation] by /kelpie
[rosmaster.master][INFO] 2025-08-11 14:59:11,465: +SERVICE [/rosapi/services_for_type] /rosapi http://localhost:38685/
[rosmaster.master][INFO] 2025-08-11 14:59:11,468: +SERVICE [/rosapi/nodes] /rosapi http://localhost:38685/
[rosmaster.master][INFO] 2025-08-11 14:59:11,470: +SUB [/kelpie/command_input] /kelpie http://localhost:46687/
[rosmaster.master][INFO] 2025-08-11 14:59:11,471: +SERVICE [/rosapi/node_details] /rosapi http://localhost:38685/
[rosmaster.master][INFO] 2025-08-11 14:59:11,474: +CACHEDPARAM [/rosout_disable_topics_generation] by /kelpie
[rosmaster.master][INFO] 2025-08-11 14:59:11,475: +SERVICE [/rosapi/action_servers] /rosapi http://localhost:38685/
[rosmaster.master][INFO] 2025-08-11 14:59:11,479: +SERVICE [/rosapi/topic_type] /rosapi http://localhost:38685/
[rosmaster.master][INFO] 2025-08-11 14:59:11,481: +CACHEDPARAM [/rosout_disable_topics_generation] by /kelpie
[rosmaster.master][INFO] 2025-08-11 14:59:11,484: +SERVICE [/rosapi/service_type] /rosapi http://localhost:38685/
[rosmaster.master][INFO] 2025-08-11 14:59:11,486: +CACHEDPARAM [/rosout_disable_topics_generation] by /kelpie
[rosmaster.master][INFO] 2025-08-11 14:59:11,488: +SERVICE [/rosapi/publishers] /rosapi http://localhost:38685/
[rosmaster.master][INFO] 2025-08-11 14:59:11,491: +CACHEDPARAM [/rosout_disable_topics_generation] by /kelpie
[rosmaster.master][INFO] 2025-08-11 14:59:11,492: +SERVICE [/rosapi/subscribers] /rosapi http://localhost:38685/
[rosmaster.master][INFO] 2025-08-11 14:59:11,495: +SERVICE [/rosapi/service_providers] /rosapi http://localhost:38685/
[rosmaster.master][INFO] 2025-08-11 14:59:11,497: +CACHEDPARAM [/rosout_disable_topics_generation] by /kelpie
[rosmaster.master][INFO] 2025-08-11 14:59:11,498: publisherUpdate[/rosout] -> http://localhost:44955/ ['http://localhost:46687/']
[rosmaster.master][INFO] 2025-08-11 14:59:11,501: +SERVICE [/rosapi/service_node] /rosapi http://localhost:38685/
[rosmaster.master][INFO] 2025-08-11 14:59:11,503: +CACHEDPARAM [/rosout_disable_topics_generation] by /kelpie
[rosmaster.master][INFO] 2025-08-11 14:59:11,507: +SERVICE [/rosapi/service_host] /rosapi http://localhost:38685/
[rosmaster.master][INFO] 2025-08-11 14:59:11,508: +CACHEDPARAM [/rosout_disable_topics_generation] by /kelpie
[rosmaster.master][INFO] 2025-08-11 14:59:11,511: +SERVICE [/rosapi/message_details] /rosapi http://localhost:38685/
[rosmaster.master][INFO] 2025-08-11 14:59:11,516: +CACHEDPARAM [/rosout_disable_topics_generation] by /kelpie
[rosmaster.master][INFO] 2025-08-11 14:59:11,517: +SERVICE [/rosapi/service_request_details] /rosapi http://localhost:38685/
[rosmaster.master][INFO] 2025-08-11 14:59:11,523: +SERVICE [/rosapi/service_response_details] /rosapi http://localhost:38685/
[rosmaster.master][INFO] 2025-08-11 14:59:11,531: publisherUpdate[/rosout] -> http://localhost:44955/ ['http://localhost:46687/']: sec=0.03, result=[1, '', 0]
[rosmaster.master][INFO] 2025-08-11 14:59:11,532: +SERVICE [/rosapi/set_param] /rosapi http://localhost:38685/
[rosmaster.master][INFO] 2025-08-11 14:59:11,532: publisherUpdate[/rosout] -> http://localhost:44955/ ['http://localhost:46687/', 'http://localhost:38685/']
[rosmaster.master][INFO] 2025-08-11 14:59:11,536: +SERVICE [/rosapi/get_param] /rosapi http://localhost:38685/
[rosmaster.master][INFO] 2025-08-11 14:59:11,537: publisherUpdate[/rosout] -> http://localhost:44955/ ['http://localhost:46687/', 'http://localhost:38685/']: sec=0.00, result=[1, '', 0]
[rosmaster.master][INFO] 2025-08-11 14:59:11,539: +SERVICE [/rosapi/has_param] /rosapi http://localhost:38685/
[rosmaster.master][INFO] 2025-08-11 14:59:11,542: +SERVICE [/rosapi/search_param] /rosapi http://localhost:38685/
[rosmaster.master][INFO] 2025-08-11 14:59:11,545: +SERVICE [/rosapi/delete_param] /rosapi http://localhost:38685/
[rosmaster.master][INFO] 2025-08-11 14:59:11,549: +SERVICE [/rosapi/get_param_names] /rosapi http://localhost:38685/
[rosmaster.master][INFO] 2025-08-11 14:59:11,552: +SERVICE [/rosapi/get_time] /rosapi http://localhost:38685/
[rosmaster.master][INFO] 2025-08-11 14:59:11,555: +SERVICE [/rosapi/topics_and_raw_types] /rosapi http://localhost:38685/
[rosmaster.master][INFO] 2025-08-11 14:59:11,558: +CACHEDPARAM [/rosout_disable_topics_generation] by /rosapi
[rosmaster.master][INFO] 2025-08-11 14:59:11,749: +CACHEDPARAM [/rosout/omit_topics] by /rosout
[rosmaster.master][INFO] 2025-08-11 14:59:11,962: +PUB [/kelpie/leg_control/currents] /hardware http://localhost:33575/
[rosmaster.master][INFO] 2025-08-11 14:59:11,965: +PUB [/kelpie/battery/voltage] /hardware http://localhost:33575/
[rosmaster.master][INFO] 2025-08-11 14:59:11,968: +PUB [/kelpie/imu] /hardware http://localhost:33575/
[rosmaster.master][INFO] 2025-08-11 14:59:12,001: publisherUpdate[/kelpie/leg_control/currents] -> http://localhost:46687/ ['http://localhost:33575/']
[rosmaster.master][INFO] 2025-08-11 14:59:12,031: publisherUpdate[/kelpie/leg_control/currents] -> http://localhost:46687/ ['http://localhost:33575/']: sec=0.03, result=[1, '', 0]
[rosmaster.master][INFO] 2025-08-11 14:59:12,031: publisherUpdate[/kelpie/battery/voltage] -> http://localhost:46687/ ['http://localhost:33575/']
[rosmaster.master][INFO] 2025-08-11 14:59:12,043: publisherUpdate[/kelpie/battery/voltage] -> http://localhost:46687/ ['http://localhost:33575/']: sec=0.01, result=[1, '', 0]
[rosmaster.master][INFO] 2025-08-11 14:59:12,043: publisherUpdate[/kelpie/imu] -> http://localhost:46687/ ['http://localhost:33575/']
[rosmaster.master][INFO] 2025-08-11 14:59:12,050: +PUB [/rosout] /hardware http://localhost:33575/
[rosmaster.master][INFO] 2025-08-11 14:59:12,056: +PUB [/rosout] /rosbridge_websocket http://localhost:35357/
[rosmaster.master][INFO] 2025-08-11 14:59:12,058: +SERVICE [/hardware/get_loggers] /hardware http://localhost:33575/
[rosmaster.master][INFO] 2025-08-11 14:59:12,061: +SERVICE [/hardware/set_logger_level] /hardware http://localhost:33575/
[rosmaster.master][INFO] 2025-08-11 14:59:12,066: +SERVICE [/rosbridge_websocket/get_loggers] /rosbridge_websocket http://localhost:35357/
[rosmaster.master][INFO] 2025-08-11 14:59:12,069: publisherUpdate[/kelpie/imu] -> http://localhost:46687/ ['http://localhost:33575/']: sec=0.03, result=[1, '', 0]
[rosmaster.master][INFO] 2025-08-11 14:59:12,070: publisherUpdate[/rosout] -> http://localhost:44955/ ['http://localhost:46687/', 'http://localhost:38685/', 'http://localhost:33575/']
[rosmaster.master][INFO] 2025-08-11 14:59:12,070: +SERVICE [/rosbridge_websocket/set_logger_level] /rosbridge_websocket http://localhost:35357/
[rosmaster.master][INFO] 2025-08-11 14:59:12,074: publisherUpdate[/rosout] -> http://localhost:44955/ ['http://localhost:46687/', 'http://localhost:38685/', 'http://localhost:33575/']: sec=0.00, result=[1, '', 0]
[rosmaster.master][INFO] 2025-08-11 14:59:12,075: publisherUpdate[/rosout] -> http://localhost:44955/ ['http://localhost:46687/', 'http://localhost:38685/', 'http://localhost:33575/', 'http://localhost:35357/']
[rosmaster.master][INFO] 2025-08-11 14:59:12,079: publisherUpdate[/rosout] -> http://localhost:44955/ ['http://localhost:46687/', 'http://localhost:38685/', 'http://localhost:33575/', 'http://localhost:35357/']: sec=0.00, result=[1, '', 0]
[rosmaster.master][INFO] 2025-08-11 14:59:12,112: +PUB [/client_count] /rosbridge_websocket http://localhost:35357/
[rosmaster.master][INFO] 2025-08-11 14:59:12,115: +PUB [/connected_clients] /rosbridge_websocket http://localhost:35357/
[rosmaster.master][INFO] 2025-08-11 14:59:12,124: +PARAM [/rosbridge_websocket/actual_port] by /rosbridge_websocket
[rosmaster.master][INFO] 2025-08-11 14:59:12,128: +SUB [/kelpie/leg_control/joint_states] /hardware http://localhost:33575/
[rosmaster.master][INFO] 2025-08-11 14:59:12,132: +CACHEDPARAM [/rosout_disable_topics_generation] by /rosbridge_websocket
[rosmaster.master][INFO] 2025-08-11 14:59:12,143: +SUB [/joy] /hardware http://localhost:33575/
[rosmaster.master][INFO] 2025-08-11 14:59:12,146: +PUB [/kelpie/command_input] /hardware http://localhost:33575/
[rosmaster.master][INFO] 2025-08-11 14:59:12,179: publisherUpdate[/kelpie/command_input] -> http://localhost:46687/ ['http://localhost:33575/']
[rosmaster.master][INFO] 2025-08-11 14:59:12,195: publisherUpdate[/kelpie/command_input] -> http://localhost:46687/ ['http://localhost:33575/']: sec=0.01, result=[1, '', 0]
[rosmaster.master][INFO] 2025-08-11 15:04:23,748: -SUB [/kelpie/leg_control/joint_states] /hardware http://localhost:33575/
[rosmaster.master][INFO] 2025-08-11 15:04:23,748: -SUB [/joy] /hardware http://localhost:33575/
[rosmaster.master][INFO] 2025-08-11 15:04:23,749: -PUB [/kelpie/leg_control/currents] /hardware http://localhost:33575/
[rosmaster.master][INFO] 2025-08-11 15:04:23,749: -PUB [/kelpie/battery/voltage] /hardware http://localhost:33575/
[rosmaster.master][INFO] 2025-08-11 15:04:23,749: -PUB [/kelpie/imu] /hardware http://localhost:33575/
[rosmaster.master][INFO] 2025-08-11 15:04:23,750: -PUB [/rosout] /hardware http://localhost:33575/
[rosmaster.master][INFO] 2025-08-11 15:04:23,751: -PUB [/kelpie/command_input] /hardware http://localhost:33575/
[rosmaster.master][INFO] 2025-08-11 15:04:23,755: -PUB [/rosout] /rosapi http://localhost:38685/
[rosmaster.master][INFO] 2025-08-11 15:04:23,756: -SERVICE [/hardware/get_loggers] /hardware rosrpc://localhost:39757
[rosmaster.master][INFO] 2025-08-11 15:04:23,756: -PUB [/rosout] /rosbridge_websocket http://localhost:35357/
[rosmaster.master][INFO] 2025-08-11 15:04:23,756: -SERVICE [/rosapi/get_loggers] /rosapi rosrpc://localhost:34725
[rosmaster.master][INFO] 2025-08-11 15:04:23,757: -SERVICE [/hardware/set_logger_level] /hardware rosrpc://localhost:39757
[rosmaster.master][INFO] 2025-08-11 15:04:23,757: -PUB [/client_count] /rosbridge_websocket http://localhost:35357/
[rosmaster.master][INFO] 2025-08-11 15:04:23,758: -SERVICE [/rosapi/set_logger_level] /rosapi rosrpc://localhost:34725
[rosmaster.master][INFO] 2025-08-11 15:04:23,758: -PUB [/connected_clients] /rosbridge_websocket http://localhost:35357/
[rosmaster.master][INFO] 2025-08-11 15:04:23,759: -SERVICE [/rosapi/topics] /rosapi rosrpc://localhost:34725
[rosmaster.master][INFO] 2025-08-11 15:04:23,759: -SERVICE [/rosbridge_websocket/get_loggers] /rosbridge_websocket rosrpc://localhost:34911
[rosmaster.master][INFO] 2025-08-11 15:04:23,760: -SERVICE [/rosapi/topics_for_type] /rosapi rosrpc://localhost:34725
[rosmaster.master][INFO] 2025-08-11 15:04:23,760: -SERVICE [/rosbridge_websocket/set_logger_level] /rosbridge_websocket rosrpc://localhost:34911
[rosmaster.master][INFO] 2025-08-11 15:04:23,761: publisherUpdate[/kelpie/leg_control/currents] -> http://localhost:46687/ []
[rosmaster.master][INFO] 2025-08-11 15:04:23,763: -SERVICE [/rosapi/services] /rosapi rosrpc://localhost:34725
[rosmaster.master][INFO] 2025-08-11 15:04:23,763: publisherUpdate[/rosout] -> http://localhost:44955/ ['http://localhost:46687/', 'http://localhost:38685/', 'http://localhost:35357/']
[rosmaster.master][INFO] 2025-08-11 15:04:23,767: publisherUpdate[/kelpie/leg_control/currents] -> http://localhost:46687/ []: sec=0.01, result=[1, '', 0]
[rosmaster.master][INFO] 2025-08-11 15:04:23,764: -SERVICE [/rosapi/services_for_type] /rosapi rosrpc://localhost:34725
[rosmaster.master][INFO] 2025-08-11 15:04:23,769: publisherUpdate[/kelpie/battery/voltage] -> http://localhost:46687/ []
[rosmaster.master][INFO] 2025-08-11 15:04:23,770: -SERVICE [/rosapi/nodes] /rosapi rosrpc://localhost:34725
[rosmaster.master][INFO] 2025-08-11 15:04:23,771: -SERVICE [/rosapi/node_details] /rosapi rosrpc://localhost:34725
[rosmaster.master][INFO] 2025-08-11 15:04:23,771: -SERVICE [/rosapi/action_servers] /rosapi rosrpc://localhost:34725
[rosmaster.master][INFO] 2025-08-11 15:04:23,772: -SERVICE [/rosapi/topic_type] /rosapi rosrpc://localhost:34725
[rosmaster.master][INFO] 2025-08-11 15:04:23,773: publisherUpdate[/rosout] -> http://localhost:44955/ ['http://localhost:46687/', 'http://localhost:38685/', 'http://localhost:35357/']: sec=0.00, result=[1, '', 0]
[rosmaster.master][INFO] 2025-08-11 15:04:23,773: -SERVICE [/rosapi/service_type] /rosapi rosrpc://localhost:34725
[rosmaster.master][INFO] 2025-08-11 15:04:23,774: publisherUpdate[/kelpie/battery/voltage] -> http://localhost:46687/ []: sec=0.00, result=[1, '', 0]
[rosmaster.master][INFO] 2025-08-11 15:04:23,774: publisherUpdate[/rosout] -> http://localhost:44955/ ['http://localhost:46687/', 'http://localhost:35357/']
[rosmaster.master][INFO] 2025-08-11 15:04:23,774: -SERVICE [/rosapi/publishers] /rosapi rosrpc://localhost:34725
[rosmaster.master][INFO] 2025-08-11 15:04:23,775: publisherUpdate[/kelpie/imu] -> http://localhost:46687/ []
[rosmaster.master][INFO] 2025-08-11 15:04:23,775: -SERVICE [/rosapi/subscribers] /rosapi rosrpc://localhost:34725
[rosmaster.master][INFO] 2025-08-11 15:04:23,777: publisherUpdate[/rosout] -> http://localhost:44955/ ['http://localhost:46687/', 'http://localhost:35357/']: sec=0.00, result=[1, '', 0]
[rosmaster.master][INFO] 2025-08-11 15:04:23,777: -SERVICE [/rosapi/service_providers] /rosapi rosrpc://localhost:34725
[rosmaster.master][INFO] 2025-08-11 15:04:23,778: publisherUpdate[/rosout] -> http://localhost:44955/ ['http://localhost:46687/']
[rosmaster.master][INFO] 2025-08-11 15:04:23,779: publisherUpdate[/kelpie/imu] -> http://localhost:46687/ []: sec=0.00, result=[1, '', 0]
[rosmaster.master][INFO] 2025-08-11 15:04:23,779: -SERVICE [/rosapi/service_node] /rosapi rosrpc://localhost:34725
[rosmaster.master][INFO] 2025-08-11 15:04:23,780: publisherUpdate[/kelpie/command_input] -> http://localhost:46687/ []
[rosmaster.master][INFO] 2025-08-11 15:04:23,781: -SERVICE [/rosapi/service_host] /rosapi rosrpc://localhost:34725
[rosmaster.master][INFO] 2025-08-11 15:04:23,781: publisherUpdate[/rosout] -> http://localhost:44955/ ['http://localhost:46687/']: sec=0.00, result=[1, '', 0]
[rosmaster.master][INFO] 2025-08-11 15:04:23,782: -SERVICE [/rosapi/message_details] /rosapi rosrpc://localhost:34725
[rosmaster.master][INFO] 2025-08-11 15:04:23,783: -SERVICE [/rosapi/service_request_details] /rosapi rosrpc://localhost:34725
[rosmaster.master][INFO] 2025-08-11 15:04:23,784: publisherUpdate[/kelpie/command_input] -> http://localhost:46687/ []: sec=0.00, result=[1, '', 0]
[rosmaster.master][INFO] 2025-08-11 15:04:23,784: -SERVICE [/rosapi/service_response_details] /rosapi rosrpc://localhost:34725
[rosmaster.master][INFO] 2025-08-11 15:04:23,785: -SERVICE [/rosapi/set_param] /rosapi rosrpc://localhost:34725
[rosmaster.master][INFO] 2025-08-11 15:04:23,785: -SERVICE [/rosapi/get_param] /rosapi rosrpc://localhost:34725
[rosmaster.master][INFO] 2025-08-11 15:04:23,786: -SERVICE [/rosapi/has_param] /rosapi rosrpc://localhost:34725
[rosmaster.master][INFO] 2025-08-11 15:04:23,786: -SERVICE [/rosapi/search_param] /rosapi rosrpc://localhost:34725
[rosmaster.master][INFO] 2025-08-11 15:04:23,786: -SERVICE [/rosapi/delete_param] /rosapi rosrpc://localhost:34725
[rosmaster.master][INFO] 2025-08-11 15:04:23,786: -SERVICE [/rosapi/get_param_names] /rosapi rosrpc://localhost:34725
[rosmaster.master][INFO] 2025-08-11 15:04:23,787: -SERVICE [/rosapi/get_time] /rosapi rosrpc://localhost:34725
[rosmaster.master][INFO] 2025-08-11 15:04:23,787: -SERVICE [/rosapi/topics_and_raw_types] /rosapi rosrpc://localhost:34725
[rosmaster.master][INFO] 2025-08-11 15:04:38,779: -SUB [/kelpie/imu] /kelpie http://localhost:46687/
[rosmaster.master][INFO] 2025-08-11 15:04:38,779: -SUB [/kelpie/leg_control/currents] /kelpie http://localhost:46687/
[rosmaster.master][INFO] 2025-08-11 15:04:38,780: -SUB [/kelpie/battery/voltage] /kelpie http://localhost:46687/
[rosmaster.master][INFO] 2025-08-11 15:04:38,780: -SUB [/kelpie/command_input] /kelpie http://localhost:46687/
[rosmaster.master][INFO] 2025-08-11 15:04:38,780: -PUB [/rosout] /kelpie http://localhost:46687/
[rosmaster.master][INFO] 2025-08-11 15:04:38,780: -PUB [/kelpie/leg_control/joint_states] /kelpie http://localhost:46687/
[rosmaster.master][INFO] 2025-08-11 15:04:38,781: -SERVICE [/kelpie/get_loggers] /kelpie rosrpc://localhost:33149
[rosmaster.master][INFO] 2025-08-11 15:04:38,781: -SERVICE [/kelpie/set_logger_level] /kelpie rosrpc://localhost:33149
[rosmaster.master][INFO] 2025-08-11 15:04:38,801: publisherUpdate[/rosout] -> http://localhost:44955/ []
[rosmaster.master][INFO] 2025-08-11 15:04:38,803: publisherUpdate[/rosout] -> http://localhost:44955/ []: sec=0.00, result=[1, '', 0]
[rosmaster.master][INFO] 2025-08-11 15:04:40,906: -PUB [/rosout_agg] /rosout http://localhost:44955/
[rosmaster.master][INFO] 2025-08-11 15:04:40,908: -SUB [/rosout] /rosout http://localhost:44955/
[rosmaster.master][INFO] 2025-08-11 15:04:40,909: -SERVICE [/rosout/get_loggers] /rosout rosrpc://localhost:39171
[rosmaster.master][INFO] 2025-08-11 15:04:40,910: -SERVICE [/rosout/set_logger_level] /rosout rosrpc://localhost:39171
[rosmaster.master][INFO] 2025-08-11 15:04:40,911: -CACHEDPARAM [/rosout/omit_topics] by /rosout
[rosmaster.main][INFO] 2025-08-11 15:04:40,988: keyboard interrupt, will exit
[rosmaster.main][INFO] 2025-08-11 15:04:40,988: stopping master...
[rospy.core][INFO] 2025-08-11 15:04:40,989: signal_shutdown [atexit]
