[rospy.client][INFO] 2025-08-14 17:53:36,634: init_node, name[/kelpie], pid[2718]
[xmlrpc][INFO] 2025-08-14 17:53:36,648: XML-RPC server binding to 127.0.0.1:0
[xmlrpc][INFO] 2025-08-14 17:53:36,649: Started XML-RPC server [http://localhost:40243/]
[rospy.impl.masterslave][INFO] 2025-08-14 17:53:36,650: _ready: http://localhost:40243/
[rospy.init][INFO] 2025-08-14 17:53:36,652: ROS Slave URI: [http://localhost:40243/]
[rospy.registration][INFO] 2025-08-14 17:53:36,662: Registering with master node http://localhost:11311/
[xmlrpc][INFO] 2025-08-14 17:53:36,662: xml rpc node: starting XML-RPC server
[rospy.init][INFO] 2025-08-14 17:53:36,753: registered with master
[rospy.rosout][INFO] 2025-08-14 17:53:36,754: initializing /rosout core topic
[rospy.rosout][INFO] 2025-08-14 17:53:36,766: connected to core topic /rosout
[rospy.simtime][INFO] 2025-08-14 17:53:36,771: /use_sim_time is not set, will not subscribe to simulated time [/clock] topic
[rosout][INFO] 2025-08-14 17:53:36,829: Creating input listener...
[rosout][INFO] 2025-08-14 17:53:36,841: Input listener successfully initialised... Robot will now receive commands via Joy messages
[rosout][INFO] 2025-08-14 17:53:36,846: Summary of current gait parameters:
[rosout][INFO] 2025-08-14 17:53:36,851: overlap time: 0.04
[rosout][INFO] 2025-08-14 17:53:36,856: swing time: 0.07
[rosout][INFO] 2025-08-14 17:53:36,861: z clearance: 0.08
[rosout][INFO] 2025-08-14 17:53:36,866: back leg x shift: 0.00
[rosout][INFO] 2025-08-14 17:53:36,872: front leg x shift: 0.05
[rosout][INFO] 2025-08-14 17:53:36,879: Manual robot control active. Currently not accepting external commands
[rospy.internal][INFO] 2025-08-14 17:53:36,949: topic[/rosout] adding connection to [/rosout], count 0
[rospy.internal][INFO] 2025-08-14 17:53:37,391: topic[/kelpie/leg_control/currents] adding connection to [http://localhost:37357/], count 0
[rospy.internal][INFO] 2025-08-14 17:53:37,403: topic[/kelpie/battery/voltage] adding connection to [http://localhost:37357/], count 0
[rospy.internal][INFO] 2025-08-14 17:53:37,434: topic[/kelpie/imu] adding connection to [http://localhost:37357/], count 0
[rospy.internal][INFO] 2025-08-14 17:53:37,533: topic[/kelpie/leg_control/joint_states] adding connection to [/hardware], count 0
[rospy.internal][INFO] 2025-08-14 17:53:37,641: topic[/kelpie/command_input] adding connection to [http://localhost:37357/], count 0
[rospy.client][INFO] 2025-08-14 17:54:23,784: init_node, name[/kelpie], pid[2824]
[xmlrpc][INFO] 2025-08-14 17:54:23,786: XML-RPC server binding to 127.0.0.1:0
[xmlrpc][INFO] 2025-08-14 17:54:23,788: Started XML-RPC server [http://localhost:33975/]
[rospy.init][INFO] 2025-08-14 17:54:23,789: ROS Slave URI: [http://localhost:33975/]
[rospy.impl.masterslave][INFO] 2025-08-14 17:54:23,789: _ready: http://localhost:33975/
[rospy.registration][INFO] 2025-08-14 17:54:23,805: Registering with master node http://localhost:11311/
[xmlrpc][INFO] 2025-08-14 17:54:23,805: xml rpc node: starting XML-RPC server
[rospy.init][INFO] 2025-08-14 17:54:23,890: registered with master
[rospy.rosout][INFO] 2025-08-14 17:54:23,891: initializing /rosout core topic
[rospy.rosout][INFO] 2025-08-14 17:54:23,906: connected to core topic /rosout
[rospy.simtime][INFO] 2025-08-14 17:54:23,910: /use_sim_time is not set, will not subscribe to simulated time [/clock] topic
[rospy.impl.masterslave][INFO] 2025-08-14 17:54:23,916: external shutdown request from [/master]: [/kelpie] Reason: new node registered with same name
[rospy.core][INFO] 2025-08-14 17:54:23,917: signal_shutdown [external shutdown request from [/master]: [[/kelpie] Reason: new node registered with same name]]
[rospy.internal][INFO] 2025-08-14 17:54:23,946: topic[/rosout] removing connection to /rosout
[rospy.internal][INFO] 2025-08-14 17:54:23,953: topic[/kelpie/leg_control/joint_states] removing connection to /hardware
[rospy.internal][INFO] 2025-08-14 17:54:23,954: topic[/kelpie/imu] removing connection to http://localhost:37357/
[rosout][INFO] 2025-08-14 17:54:23,954: Creating input listener...
[rospy.internal][INFO] 2025-08-14