[rosmaster.main][INFO] 2025-08-14 17:53:18,341: initialization complete, waiting for shutdown
[rosmaster.main][INFO] 2025-08-14 17:53:18,342: Starting ROS Master Node
[xmlrpc][INFO] 2025-08-14 17:53:18,344: XML-RPC server binding to 0.0.0.0:11311
[xmlrpc][INFO] 2025-08-14 17:53:18,344: Started XML-RPC server [http://10.176.33.207:11311/]
[rosmaster.master][INFO] 2025-08-14 17:53:18,345: Master initialized: port[11311], uri[http://10.176.33.207:11311/]
[xmlrpc][INFO] 2025-08-14 17:53:18,345: xml rpc node: starting XML-RPC server
[rosmaster.master][INFO] 2025-08-14 17:53:18,370: +PARAM [/run_id] by /roslaunch
[rosmaster.master][INFO] 2025-08-14 17:53:18,373: +PARAM [/roslaunch/uris/host_10_176_33_207__41007] by /roslaunch
[rosmaster.master][INFO] 2025-08-14 17:53:18,516: +PARAM [/rosversion] by /roslaunch
[rosmaster.master][INFO] 2025-08-14 17:53:18,517: +PARAM [/rosdistro] by /roslaunch
[rosmaster.master][INFO] 2025-08-14 17:53:18,528: +SERVICE [/rosout/get_loggers] /rosout http://10.176.33.207:41777/
[rosmaster.master][INFO] 2025-08-14 17:53:18,529: +SERVICE [/rosout/set_logger_level] /rosout http://10.176.33.207:41777/
[rosmaster.master][INFO] 2025-08-14 17:53:18,532: +PUB [/rosout_agg] /rosout http://10.176.33.207:41777/
[rosmaster.master][INFO] 2025-08-14 17:53:18,538: +SUB [/rosout] /rosout http://10.176.33.207:41777/
[rosmaster.master][INFO] 2025-08-14 17:53:33,991: +PARAM [/roslaunch/uris/host_localhost__33413] by /roslaunch
[rosmaster.master][INFO] 2025-08-14 17:53:34,002: +PARAM [/rosversion] by /roslaunch
[rosmaster.master][INFO] 2025-08-14 17:53:34,002: +PARAM [/rosdistro] by /roslaunch
[rosmaster.master][INFO] 2025-08-14 17:53:34,003: +PARAM [/rosbridge_websocket/authenticate] by /roslaunch
[rosmaster.master][INFO] 2025-08-14 17:53:34,003: +PARAM [/rosbridge_websocket/port] by /roslaunch
[rosmaster.master][INFO] 2025-08-14 17:53:34,003: +PARAM [/rosbridge_websocket/address] by /roslaunch
[rosmaster.master][INFO] 2025-08-14 17:53:34,003: +PARAM [/rosbridge_websocket/retry_startup_delay] by /roslaunch
[rosmaster.master][INFO] 2025-08-14 17:53:34,004: +PARAM [/rosbridge_websocket/fragment_timeout] by /roslaunch
[rosmaster.master][INFO] 2025-08-14 17:53:34,004: +PARAM [/rosbridge_websocket/delay_between_messages] by /roslaunch
[rosmaster.master][INFO] 2025-08-14 17:53:34,004: +PARAM [/rosbridge_websocket/max_message_size] by /roslaunch
[rosmaster.master][INFO] 2025-08-14 17:53:34,004: +PARAM [/rosbridge_websocket/unregister_timeout] by /roslaunch
[rosmaster.master][INFO] 2025-08-14 17:53:34,004: +PARAM [/rosbridge_websocket/use_compression] by /roslaunch
[rosmaster.master][INFO] 2025-08-14 17:53:34,005: +PARAM [/rosbridge_websocket/websocket_ping_interval] by /roslaunch
[rosmaster.master][INFO] 2025-08-14 17:53:34,005: +PARAM [/rosbridge_websocket/websocket_ping_timeout] by /roslaunch
[rosmaster.master][INFO] 2025-08-14 17:53:34,005: +PARAM [/rosbridge_websocket/websocket_external_port] by /roslaunch
[rosmaster.master][INFO] 2025-08-14 17:53:34,005: +PARAM [/rosbridge_websocket/topics_glob] by /roslaunch
[rosmaster.master][INFO] 2025-08-14 17:53:34,005: +PARAM [/rosbridge_websocket/services_glob] by /roslaunch
[rosmaster.master][INFO] 2025-08-14 17:53:34,005: +PARAM [/rosbridge_websocket/params_glob] by /roslaunch
[rosmaster.master][INFO] 2025-08-14 17:53:34,006: +PARAM [/rosbridge_websocket/bson_only_mode] by /roslaunch
[rosmaster.master][INFO] 2025-08-14 17:53:34,006: +PARAM [/rosapi/topics_glob] by /roslaunch
[rosmaster.master][INFO] 2025-08-14 17:53:34,006: +PARAM [/rosapi/services_glob] by /roslaunch
[rosmaster.master][INFO] 2025-08-14 17:53:34,006: +PARAM [/rosapi/params_glob] by /roslaunch
[rosmaster.master][INFO] 2025-08-14 17:53:36,441: +PUB [/rosout] /rosapi http://localhost:41023/
[rosmaster.master][INFO] 2025-08-14 17:53:36,459: +SERVICE [/rosapi/get_loggers] /rosapi http://localhost:41023/
[rosmaster.master][INFO] 2025-08-14 17:53:36,462: +SERVICE [/rosapi/set_logger_level] /rosapi http://localhost:41023/
[rosmaster.master][INFO] 2025-08-14 17:53:36,474: +SERVICE [/rosapi/topics] /rosapi http://localhost:41023/
[rosmaster.master][INFO] 2025-08-14 17:53:36,476: publisherUpdate[/rosout] -> http://10.176.33.207:41777/ ['http://localhost:41023/']
[rosmaster.master][INFO] 2025-08-14 17:53:36,480: +SERVICE [/rosapi/topics_for_type] /rosapi http://localhost:41023/
[rosmaster.master][INFO] 2025-08-14 17:53:36,487: +SERVICE [/rosapi/services] /rosapi http://localhost:41023/
[rosmaster.master][INFO] 2025-08-14 17:53:36,489: publisherUpdate[/rosout] -> http://10.176.33.207:41777/ ['http://localhost:41023/']: sec=0.01, result=[1, '', 0]
[rosmaster.master][INFO] 2025-08-14 17:53:36,491: +SERVICE [/rosapi/services_for_type] /rosapi http://localhost:41023/
[rosmaster.master][INFO] 2025-08-14 17:53:36,500: +SERVICE [/rosapi/nodes] /rosapi http://localhost:41023/
[rosmaster.master][INFO] 2025-08-14 17:53:36,504: +SERVICE [/rosapi/node_details] /rosapi http://localhost:41023/
[rosmaster.master][INFO] 2025-08-14 17:53:36,507: +SERVICE [/rosapi/action_servers] /rosapi http://localhost:41023/
[rosmaster.master][INFO] 2025-08-14 17:53:36,512: +SERVICE [/rosapi/topic_type] /rosapi http://localhost:41023/
[rosmaster.master][INFO] 2025-08-14 17:53:36,517: +SERVICE [/rosapi/service_type] /rosapi http://localhost:41023/
[rosmaster.master][INFO] 2025-08-14 17:53:36,520: +SERVICE [/rosapi/publishers] /rosapi http://localhost:41023/
[rosmaster.master][INFO] 2025-08-14 17:53:36,524: +SERVICE [/rosapi/subscribers] /rosapi http://localhost:41023/
[rosmaster.master][INFO] 2025-08-14 17:53:36,529: +SERVICE [/rosapi/service_providers] /rosapi http://localhost:41023/
[rosmaster.master][INFO] 2025-08-14 17:53:36,535: +SERVICE [/rosapi/service_node] /rosapi http://localhost:41023/
[rosmaster.master][INFO] 2025-08-14 17:53:36,540: +SERVICE [/rosapi/service_host] /rosapi http://localhost:41023/
[rosmaster.master][INFO] 2025-08-14 17:53:36,544: +SERVICE [/rosapi/message_details] /rosapi http://localhost:41023/
[rosmaster.master][INFO] 2025-08-14 17:53:36,548: +SERVICE [/rosapi/service_request_details] /rosapi http://localhost:41023/
[rosmaster.master][INFO] 2025-08-14 17:53:36,561: +SERVICE [/rosapi/service_response_details] /rosapi http://localhost:41023/
[rosmaster.master][INFO] 2025-08-14 17:53:36,566: +SERVICE [/rosapi/set_param] /rosapi http://localhost:41023/
[rosmaster.master][INFO] 2025-08-14 17:53:36,569: +SERVICE [/rosapi/get_param] /rosapi http://localhost:41023/
[rosmaster.master][INFO] 2025-08-14 17:53:36,573: +SERVICE [/rosapi/has_param] /rosapi http://localhost:41023/
[rosmaster.master][INFO] 2025-08-14 17:53:36,578: +SERVICE [/rosapi/search_param] /rosapi http://localhost:41023/
[rosmaster.master][INFO] 2025-08-14 17:53:36,584: +SERVICE [/rosapi/delete_param] /rosapi http://localhost:41023/
[rosmaster.master][INFO] 2025-08-14 17:53:36,587: +SERVICE [/rosapi/get_param_names] /rosapi http://localhost:41023/
[rosmaster.master][INFO] 2025-08-14 17:53:36,595: +SERVICE [/rosapi/get_time] /rosapi http://localhost:41023/
[rosmaster.master][INFO] 2025-08-14 17:53:36,598: +SERVICE [/rosapi/topics_and_raw_types] /rosapi http://localhost:41023/
[rosmaster.master][INFO] 2025-08-14 17:53:36,603: +CACHEDPARAM [/rosout_disable_topics_generation] by /rosapi
[rosmaster.master][INFO] 2025-08-14 17:53:36,702: +CACHEDPARAM [/rosout/omit_topics] by /rosout
[rosmaster.master][INFO] 2025-08-14 17:53:36,764: +PUB [/rosout] /kelpie http://localhost:40243/
[rosmaster.master][INFO] 2025-08-14 17:53:36,780: publisherUpdate[/rosout] -> http://10.176.33.207:41777/ ['http://localhost:41023/', 'http://localhost:40243/']
[rosmaster.master][INFO] 2025-08-14 17:53:36,791: +SERVICE [/kelpie/get_loggers] /kelpie http://localhost:40243/
[rosmaster.master][INFO] 2025-08-14 17:53:36,795: +SERVICE [/kelpie/set_logger_level] /kelpie http://localhost:40243/
[rosmaster.master][INFO] 2025-08-14 17:53:36,801: publisherUpdate[/rosout] -> http://10.176.33.207:41777/ ['http://localhost:41023/', 'http://localhost:40243/']: sec=0.02, result=[1, '', 0]
[rosmaster.master][INFO] 2025-08-14 17:53:36,803: +SUB [/kelpie/imu] /kelpie http://localhost:40243/
[rosmaster.master][INFO] 2025-08-14 17:53:36,810: +SUB [/kelpie/leg_control/currents] /kelpie http://localhost:40243/
[rosmaster.master][INFO] 2025-08-14 17:53:36,821: +SUB [/kelpie/battery/voltage] /kelpie http://localhost:40243/
[rosmaster.master][INFO] 2025-08-14 17:53:36,825: +PUB [/kelpie/leg_control/joint_states] /kelpie http://localhost:40243/
[rosmaster.master][INFO] 2025-08-14 17:53:36,832: +CACHEDPARAM [/rosout_disable_topics_generation] by /kelpie
[rosmaster.master][INFO] 2025-08-14 17:53:36,839: +SUB [/kelpie/command_input] /kelpie http://localhost:40243/
[rosmaster.master][INFO] 2025-08-14 17:53:36,843: +CACHEDPARAM [/rosout_disable_topics_generation] by /kelpie
[rosmaster.master][INFO] 2025-08-14 17:53:36,848: +CACHEDPARAM [/rosout_disable_topics_generation] by /kelpie
[rosmaster.master][INFO] 2025-08-14 17:53:36,853: +CACHEDPARAM [/rosout_disable_topics_generation] by /kelpie
[rosmaster.master][INFO] 2025-08-14 17:53:36,858: +CACHEDPARAM [/rosout_disable_topics_generation] by /kelpie
[rosmaster.master][INFO] 2025-08-14 17:53:36,863: +CACHEDPARAM [/rosout_disable_topics_generation] by /kelpie
[rosmaster.master][INFO] 2025-08-14 17:53:36,869: +CACHEDPARAM [/rosout_disable_topics_generation] by /kelpie
[rosmaster.master][INFO] 2025-08-14 17:53:36,876: +CACHEDPARAM [/rosout_disable_topics_generation] by /kelpie
[rosmaster.master][INFO] 2025-08-14 17:53:36,881: +CACHEDPARAM [/rosout_disable_topics_generation] by /kelpie
[rosmaster.master][INFO] 2025-08-14 17:53:37,237: +PUB [/kelpie/leg_control/currents] /hardware http://localhost:37357/
[rosmaster.master][INFO] 2025-08-14 17:53:37,242: +PUB [/kelpie/battery/voltage] /hardware http://localhost:37357/
[rosmaster.master][INFO] 2025-08-14 17:53:37,248: +PUB [/kelpie/imu] /hardware http://localhost:37357/
[rosmaster.master][INFO] 2025-08-14 17:53:37,269: -SUB [/kelpie/leg_control/joint_states] /hardware http://localhost:43475/
[rosmaster.master][INFO] 2025-08-14 17:53:37,270: -SUB [/joy] /hardware http://localhost:43475/
[rosmaster.master][INFO] 2025-08-14 17:53:37,284: +PUB [/rosout] /hardware http://localhost:37357/
[rosmaster.master][INFO] 2025-08-14 17:53:37,285: -PUB [/kelpie/leg_control/currents] /hardware http://localhost:43475/
[rosmaster.master][INFO] 2025-08-14 17:53:37,286: -PUB [/kelpie/battery/voltage] /hardware http://localhost:43475/
[rosmaster.master][INFO] 2025-08-14 17:53:37,286: -PUB [/kelpie/imu] /hardware http://localhost:43475/
[rosmaster.master][INFO] 2025-08-14 17:53:37,287: -PUB [/rosout] /hardware http://localhost:43475/
[rosmaster.master][INFO] 2025-08-14 17:53:37,287: -PUB [/kelpie/command_input] /hardware http://localhost:43475/
[rosmaster.master][INFO] 2025-08-14 17:53:37,288: -SERVICE [/hardware/get_loggers] /hardware rosrpc://localhost:37131
[rosmaster.master][INFO] 2025-08-14 17:53:37,289: -SERVICE [/hardware/set_logger_level] /hardware rosrpc://localhost:37131
[rosmaster.master][INFO] 2025-08-14 17:53:37,292: publisherUpdate[/kelpie/leg_control/currents] -> http://localhost:40243/ ['http://localhost:37357/']
[rosmaster.master][INFO] 2025-08-14 17:53:37,293: publisherUpdate[/rosout] -> http://10.176.33.207:41777/ ['http://localhost:41023/', 'http://localhost:40243/', 'http://localhost:37357/']
[rosmaster.master][INFO] 2025-08-14 17:53:37,298: publisherUpdate[/rosout] -> http://10.176.33.207:41777/ ['http://localhost:41023/', 'http://localhost:40243/', 'http://localhost:37357/']: sec=0.00, result=[1, '', 0]
[rosmaster.master][INFO] 2025-08-14 17:53:37,305: +SERVICE [/hardware/get_loggers] /hardware http://localhost:37357/
[rosmaster.master][INFO] 2025-08-14 17:53:37,309: +SERVICE [/hardware/set_logger_level] /hardware http://localhost:37357/
[rosmaster.master][INFO] 2025-08-14 17:53:37,329: publisherUpdate[/kelpie/leg_control/currents] -> http://localhost:40243/ ['http://localhost:37357/']: sec=0.04, result=[1, '', 0]
[rosmaster.master][INFO] 2025-08-14 17:53:37,330: publisherUpdate[/kelpie/battery/voltage] -> http://localhost:40243/ ['http://localhost:37357/']
[rosmaster.master][INFO] 2025-08-14 17:53:37,337: publisherUpdate[/kelpie/battery/voltage] -> http://localhost:40243/ ['http://localhost:37357/']: sec=0.01, result=[1, '', 0]
[rosmaster.master][INFO] 2025-08-14 17:53:37,338: publisherUpdate[/kelpie/imu] -> http://localhost:40243/ ['http://localhost:37357/']
[rosmaster.master][INFO] 2025-08-14 17:53:37,348: publisherUpdate[/kelpie/imu] -> http://localhost:40243/ ['http://localhost:37357/']: sec=0.01, result=[1, '', 0]
[rosmaster.master][INFO] 2025-08-14 17:53:37,442: +SUB [/kelpie/leg_control/joint_states] /hardware http://localhost:37357/
[rosmaster.master][INFO] 2025-08-14 17:53:37,458: +SUB [/joy] /hardware http://localhost:37357/
[rosmaster.master][INFO] 2025-08-14 17:53:37,469: +PUB [/kelpie/command_input] /hardware http://localhost:37357/
[rosmaster.master][INFO] 2025-08-14 17:53:37,500: publisherUpdate[/kelpie/command_input] -> http://localhost:40243/ ['http://localhost:37357/']
[rosmaster.master][INFO] 2025-08-14 17:53:37,536: publisherUpdate[/kelpie/command_input] -> http://localhost:40243/ ['http://localhost:37357/']: sec=0.04, result=[1, '', 0]
[rosmaster.master][INFO] 2025-08-14 17:53:37,721: +PUB [/rosout] /rosbridge_websocket http://localhost:38107/
[rosmaster.master][INFO] 2025-08-14 17:53:37,729: +SERVICE [/rosbridge_websocket/get_loggers] /rosbridge_websocket http://localhost:38107/
[rosmaster.master][INFO] 2025-08-14 17:53:37,732: +SERVICE [/rosbridge_websocket/set_logger_level] /rosbridge_websocket http://localhost:38107/
[rosmaster.master][INFO] 2025-08-14 17:53:37,737: publisherUpdate[/rosout] -> http://10.176.33.207:41777/ ['http://localhost:41023/', 'http://localhost:40243/', 'http://localhost:37357/', 'http://localhost:38107/']
[rosmaster.master][INFO] 2025-08-14 17:53:37,740: publisherUpdate[/rosout] -> http://10.176.33.207:41777/ ['http://localhost:41023/', 'http://localhost:40243/', 'http://localhost:37357/', 'http://localhost:38107/']: sec=0.00, result=[1, '', 0]
[rosmaster.master][INFO] 2025-08-14 17:53:37,783: +PUB [/client_count] /rosbridge_websocket http://localhost:38107/
[rosmaster.master][INFO] 2025-08-14 17:53:37,786: +PUB [/connected_clients] /rosbridge_websocket http://localhost:38107/
[rosmaster.master][INFO] 2025-08-14 17:53:37,795: +PARAM [/rosbridge_websocket/actual_port] by /rosbridge_websocket
[rosmaster.master][INFO] 2025-08-14 17:53:37,803: +CACHEDPARAM [/rosout_disable_topics_generation] by /rosbridge_websocket
[rosmaster.master][INFO] 2025-08-14 17:53:46,554: -PUB [/rosout] /rosapi http://localhost:44347/
[rosmaster.master][INFO] 2025-08-14 17:53:46,554: -SERVICE [/rosapi/get_loggers] /rosapi rosrpc://localhost:38779
[rosmaster.master][INFO] 2025-08-14 17:53:46,555: -SERVICE [/rosapi/set_logger_level] /rosapi rosrpc://localhost:38779
[rosmaster.master][INFO] 2025-08-14 17:53:46,555: -SERVICE [/rosapi/topics] /rosapi rosrpc://localhost:38779
[rosmaster.master][INFO] 2025-08-14 17:53:46,555: -SERVICE [/rosapi/topics_for_type] /rosapi rosrpc://localhost:38779
[rosmaster.master][INFO] 2025-08-14 17:53:46,556: -SERVICE [/rosapi/services] /rosapi rosrpc://localhost:38779
[rosmaster.master][INFO] 2025-08-14 17:53:46,556: -SERVICE [/rosapi/services_for_type] /rosapi rosrpc://localhost:38779
[rosmaster.master][INFO] 2025-08-14 17:53:46,556: -SERVICE [/rosapi/nodes] /rosapi rosrpc://localhost:38779
[rosmaster.master][INFO] 2025-08-14 17:53:46,557: -SERVICE [/rosapi/node_details] /rosapi rosrpc://localhost:38779
[rosmaster.master][INFO] 2025-08-14 17:53:46,557: -SERVICE [/rosapi/action_servers] /rosapi rosrpc://localhost:38779
[rosmaster.master][INFO] 2025-08-14 17:53:46,557: -SERVICE [/rosapi/topic_type] /rosapi rosrpc://localhost:38779
[rosmaster.master][INFO] 2025-08-14 17:53:46,558: -SERVICE [/rosapi/service_type] /rosapi rosrpc://localhost:38779
[rosmaster.master][INFO] 2025-08-14 17:53:46,558: -SERVICE [/rosapi/publishers] /rosapi rosrpc://localhost:38779
[rosmaster.master][INFO] 2025-08-14 17:53:46,558: -SERVICE [/rosapi/subscribers] /rosapi rosrpc://localhost:38779
[rosmaster.master][INFO] 2025-08-14 17:53:46,559: -SERVICE [/rosapi/service_providers] /rosapi rosrpc://localhost:38779
[rosmaster.master][INFO] 2025-08-14 17:53:46,559: -SERVICE [/rosapi/service_node] /rosapi rosrpc://localhost:38779
[rosmaster.master][INFO] 2025-08-14 17:53:46,559: -SERVICE [/rosapi/service_host] /rosapi rosrpc://localhost:38779
[rosmaster.master][INFO] 2025-08-14 17:53:46,559: -SERVICE [/rosapi/message_details] /rosapi rosrpc://localhost:38779
[rosmaster.master][INFO] 2025-08-14 17:53:46,560: -SERVICE [/rosapi/service_request_details] /rosapi rosrpc://localhost:38779
[rosmaster.master][INFO] 2025-08-14 17:53:46,560: -SERVICE [/rosapi/service_response_details] /rosapi rosrpc://localhost:38779
[rosmaster.master][INFO] 2025-08-14 17:53:46,560: -SERVICE [/rosapi/set_param] /rosapi rosrpc://localhost:38779
[rosmaster.master][INFO] 2025-08-14 17:53:46,560: -SERVICE [/rosapi/get_param] /rosapi rosrpc://localhost:38779
[rosmaster.master][INFO] 2025-08-14 17:53:46,560: -SERVICE [/rosapi/has_param] /rosapi rosrpc://localhost:38779
[rosmaster.master][INFO] 2025-08-14 17:53:46,561: -SERVICE [/rosapi/search_param] /rosapi rosrpc://localhost:38779
[rosmaster.master][INFO] 2025-08-14 17:53:46,561: -SERVICE [/rosapi/delete_param] /rosapi rosrpc://localhost:38779
[rosmaster.master][INFO] 2025-08-14 17:53:46,561: -SERVICE [/rosapi/get_param_names] /rosapi rosrpc://localhost:38779
[rosmaster.master][INFO] 2025-08-14 17:53:46,561: -SERVICE [/rosapi/get_time] /rosapi rosrpc://localhost:38779
[rosmaster.master][INFO] 2025-08-14 17:53:46,561: -SERVICE [/rosapi/topics_and_raw_types] /rosapi rosrpc://localhost:38779
[rosmaster.master][INFO] 2025-08-14 17:53:46,730: -PUB [/rosout] /JOYSTICK http://localhost:45127/
[rosmaster.master][INFO] 2025-08-14 17:53:46,731: -PUB [/diagnostics] /JOYSTICK http://localhost:45127/
[rosmaster.master][INFO] 2025-08-14 17:53:46,733: -PUB [/joy] /JOYSTICK http://localhost:45127/
[rosmaster.master][INFO] 2025-08-14 17:53:46,734: -SUB [/joy/set_feedback] /JOYSTICK http://localhost:45127/
[rosmaster.master][INFO] 2025-08-14 17:53:46,735: -SERVICE [/JOYSTICK/get_loggers] /JOYSTICK rosrpc://localhost:57327
[rosmaster.master][INFO] 2025-08-14 17:53:46,737: -SERVICE [/JOYSTICK/set_logger_level] /JOYSTICK rosrpc://localhost:57327
[rosmaster.master][INFO] 2025-08-14 17:53:46,738: -CACHEDPARAM [/JOYSTICK/diagnostic_period] by /JOYSTICK
[rosmaster.master][INFO] 2025-08-14 17:53:46,739: -CACHEDPARAM [/rosout_disable_topics_generation] by /JOYSTICK
[rosmaster.master][INFO] 2025-08-14 17:54:01,592: -SUB [/kelpie/imu] /kelpie http://localhost:32867/
[rosmaster.master][INFO] 2025-08-14 17:54:01,593: -SUB [/kelpie/leg_control/currents] /kelpie http://localhost:32867/
[rosmaster.master][INFO] 2025-08-14 17:54:01,594: -SUB [/kelpie/battery/voltage] /kelpie http://localhost:32867/
[rosmaster.master][INFO] 2025-08-14 17:54:01,595: -SUB [/kelpie/command_input] /kelpie http://localhost:32867/
[rosmaster.master][INFO] 2025-08-14 17:54:01,596: -PUB [/rosout] /kelpie http://localhost:32867/
[rosmaster.master][INFO] 2025-08-14 17:54:01,597: -PUB [/kelpie/leg_control/joint_states] /kelpie http://localhost:32867/
[rosmaster.master][INFO] 2025-08-14 17:54:01,598: -SERVICE [/kelpie/get_loggers] /kelpie rosrpc://localhost:45185
[rosmaster.master][INFO] 2025-08-14 17:54:01,598: -SERVICE [/kelpie/set_logger_level] /kelpie rosrpc://localhost:45185
[rosmaster.master][INFO] 2025-08-14 17:54:21,633: +PARAM [/roslaunch/uris/host_localhost__39501] by /roslaunch
[rosmaster.master][INFO] 2025-08-14 17:54:21,644: +PARAM [/rosversion] by /roslaunch
[rosmaster.master][INFO] 2025-08-14 17:54:21,644: +PARAM [/rosdistro] by /roslaunch
[rosmaster.master][INFO] 2025-08-14 17:54:21,644: +PARAM [/rosbridge_websocket/authenticate] by /roslaunch
[rosmaster.master][INFO] 2025-08-14 17:54:21,644: +PARAM [/rosbridge_websocket/port] by /roslaunch
[rosmaster.master][INFO] 2025-08-14 17:54:21,645: +PARAM [/rosbridge_websocket/address] by /roslaunch
[rosmaster.master][INFO] 2025-08-14 17:54:21,645: +PARAM [/rosbridge_websocket/retry_startup_delay] by /roslaunch
[rosmaster.master][INFO] 2025-08-14 17:54:21,645: +PARAM [/rosbridge_websocket/fragment_timeout] by /roslaunch
[rosmaster.master][INFO] 2025-08-14 17:54:21,645: +PARAM [/ro