[rospy.client][INFO] 2025-08-13 17:53:12,084: init_node, name[/kelpie], pid[3977]
[xmlrpc][INFO] 2025-08-13 17:53:12,085: XML-RPC server binding to 127.0.0.1:0
[xmlrpc][INFO] 2025-08-13 17:53:12,086: Started XML-RPC server [http://localhost:39143/]
[rospy.init][INFO] 2025-08-13 17:53:12,087: ROS Slave URI: [http://localhost:39143/]
[rospy.impl.masterslave][INFO] 2025-08-13 17:53:12,087: _ready: http://localhost:39143/
[rospy.registration][INFO] 2025-08-13 17:53:12,089: Registering with master node http://localhost:11311/
[xmlrpc][INFO] 2025-08-13 17:53:12,090: xml rpc node: starting XML-RPC server
[rospy.init][INFO] 2025-08-13 17:53:12,188: registered with master
[rospy.rosout][INFO] 2025-08-13 17:53:12,188: initializing /rosout core topic
[rospy.rosout][INFO] 2025-08-13 17:53:12,201: connected to core topic /rosout
[rospy.simtime][INFO] 2025-08-13 17:53:12,205: /use_sim_time is not set, will not subscribe to simulated time [/clock] topic
[rosout][INFO] 2025-08-13 17:53:12,249: Creating input listener...
[rosout][INFO] 2025-08-13 17:53:12,261: Input listener successfully initialised... Robot will now receive commands via Joy messages
[rosout][INFO] 2025-08-13 17:53:12,265: Summary of current gait parameters:
[rosout][INFO] 2025-08-13 17:53:12,271: overlap time: 0.04
[rosout][INFO] 2025-08-13 17:53:12,275: swing time: 0.07
[rosout][INFO] 2025-08-13 17:53:12,280: z clearance: 0.08
[rosout][INFO] 2025-08-13 17:53:12,287: back leg x shift: 0.00
[rosout][INFO] 2025-08-13 17:53:12,291: front leg x shift: 0.05
[rosout][INFO] 2025-08-13 17:53:12,295: Manual robot control active. Currently not accepting external commands
[rospy.internal][INFO] 2025-08-13 17:53:12,470: topic[/rosout] adding connection to [/rosout], count 0
[rospy.internal][INFO] 2025-08-13 17:53:12,937: topic[/kelpie/imu] adding connection to [http://localhost:45221/], count 0
[rospy.internal][INFO] 2025-08-13 17:53:12,945: topic[/kelpie/leg_control/currents] adding connection to [http://localhost:45221/], count 0
[rospy.internal][INFO] 2025-08-13 17:53:12,992: topic[/kelpie/battery/voltage] adding connection to [http://localhost:45221/], count 0
[rospy.internal][INFO] 2025-08-13 17:53:13,003: topic[/kelpie/leg_control/joint_states] adding connection to [/hardware], count 0
[rospy.internal][INFO] 2025-08-13 17:53:13,102: topic[/kelpie/command_input] adding connection to [http://localhost:45221/], count 0
[rospy.internal][INFO] 2025-08-13 17:53:19,680: topic[/rosout] removing connection to /rosout
[rospy.internal][INFO] 2025-08-13 17:53:58,607: topic[/kelpie/imu] removing connection to http://localhost:45221/
[rospy.internal][INFO] 2025-08-13 17:53:58,609: topic[/kelpie/command_input] removing connection to http://localhost:45221/
[rospy.internal][INFO] 2025-08-13 17:53:58,611: topic[/kelpie/battery/voltage] removing connection to http://localhost:45221/
[rospy.internal][INFO] 2025-08-13 17:53:58,612: topic[/kelpie/leg_control/currents] removing connection to http://localhost:45221/
[rospy.internal][INFO] 2025-08-13 17:53:58,748: topic[/kelpie/leg_control/joint_states] removing connection to /hardware
[rospy.core][INFO] 2025-08-13 17:54:13,632: signal_shutdown [signal-15]
[rospy.impl.masterslave][INFO] 2025-08-13 17:54:13,665: signal-15
