[rosmaster.main][INFO] 2025-08-13 17:50:02,467: initialization complete, waiting for shutdown
[rosmaster.main][INFO] 2025-08-13 17:50:02,467: Starting ROS Master Node
[xmlrpc][INFO] 2025-08-13 17:50:02,469: XML-RPC server binding to 127.0.0.1:11311
[xmlrpc][INFO] 2025-08-13 17:50:02,469: Started XML-RPC server [http://localhost:11311/]
[rosmaster.master][INFO] 2025-08-13 17:50:02,470: Master initialized: port[11311], uri[http://localhost:11311/]
[xmlrpc][INFO] 2025-08-13 17:50:02,470: xml rpc node: starting XML-RPC server
[rosmaster.master][INFO] 2025-08-13 17:50:02,587: +PARAM [/run_id] by /roslaunch
[rosmaster.master][INFO] 2025-08-13 17:50:02,590: +PARAM [/roslaunch/uris/host_localhost__39581] by /roslaunch
[rosmaster.master][INFO] 2025-08-13 17:50:02,726: +PARAM [/rosversion] by /roslaunch
[rosmaster.master][INFO] 2025-08-13 17:50:02,726: +PARAM [/rosdistro] by /roslaunch
[rosmaster.master][INFO] 2025-08-13 17:50:02,726: +PARAM [/right_cam/right_cam_stream/camera_name] by /roslaunch
[rosmaster.master][INFO] 2025-08-13 17:50:02,726: +PARAM [/right_cam/right_cam_stream/video_stream_provider] by /roslaunch
[rosmaster.master][INFO] 2025-08-13 17:50:02,727: +PARAM [/right_cam/right_cam_stream/set_camera_fps] by /roslaunch
[rosmaster.master][INFO] 2025-08-13 17:50:02,727: +PARAM [/right_cam/right_cam_stream/buffer_queue_size] by /roslaunch
[rosmaster.master][INFO] 2025-08-13 17:50:02,727: +PARAM [/right_cam/right_cam_stream/fps] by /roslaunch
[rosmaster.master][INFO] 2025-08-13 17:50:02,727: +PARAM [/right_cam/right_cam_stream/frame_id] by /roslaunch
[rosmaster.master][INFO] 2025-08-13 17:50:02,728: +PARAM [/right_cam/right_cam_stream/camera_info_url] by /roslaunch
[rosmaster.master][INFO] 2025-08-13 17:50:02,728: +PARAM [/right_cam/right_cam_stream/flip_horizontal] by /roslaunch
[rosmaster.master][INFO] 2025-08-13 17:50:02,728: +PARAM [/right_cam/right_cam_stream/flip_vertical] by /roslaunch
[rosmaster.master][INFO] 2025-08-13 17:50:02,728: +PARAM [/right_cam/right_cam_stream/loop_videofile] by /roslaunch
[rosmaster.master][INFO] 2025-08-13 17:50:02,729: +PARAM [/right_cam/right_cam_stream/start_frame] by /roslaunch
[rosmaster.master][INFO] 2025-08-13 17:50:02,729: +PARAM [/right_cam/right_cam_stream/stop_frame] by /roslaunch
[rosmaster.master][INFO] 2025-08-13 17:50:02,729: +PARAM [/right_cam/right_cam_stream/width] by /roslaunch
[rosmaster.master][INFO] 2025-08-13 17:50:02,729: +PARAM [/right_cam/right_cam_stream/height] by /roslaunch
[rosmaster.master][INFO] 2025-08-13 17:50:02,737: +SERVICE [/rosout/get_loggers] /rosout http://localhost:45941/
[rosmaster.master][INFO] 2025-08-13 17:50:02,740: +SERVICE [/rosout/set_logger_level] /rosout http://localhost:45941/
[rosmaster.master][INFO] 2025-08-13 17:50:02,746: +PUB [/rosout_agg] /rosout http://localhost:45941/
[rosmaster.master][INFO] 2025-08-13 17:50:02,758: +SUB [/rosout] /rosout http://localhost:45941/
[rosmaster.master][INFO] 2025-08-13 17:50:03,025: +PUB [/rosout] /right_cam/right_cam_image_view http://localhost:44909/
[rosmaster.master][INFO] 2025-08-13 17:50:03,026: +PUB [/rosout] /right_cam/right_cam_stream http://localhost:36225/
[rosmaster.master][INFO] 2025-08-13 17:50:03,028: +SERVICE [/right_cam/right_cam_image_view/get_loggers] /right_cam/right_cam_image_view http://localhost:44909/
[rosmaster.master][INFO] 2025-08-13 17:50:03,029: +SERVICE [/right_cam/right_cam_stream/get_loggers] /right_cam/right_cam_stream http://localhost:36225/
[rosmaster.master][INFO] 2025-08-13 17:50:03,031: +SERVICE [/right_cam/right_cam_image_view/set_logger_level] /right_cam/right_cam_image_view http://localhost:44909/
[rosmaster.master][INFO] 2025-08-13 17:50:03,032: +SERVICE [/right_cam/right_cam_stream/set_logger_level] /right_cam/right_cam_stream http://localhost:36225/
[rosmaster.master][INFO] 2025-08-13 17:50:03,037: +CACHEDPARAM [/rosout_disable_topics_generation] by /right_cam/right_cam_image_view
[rosmaster.master][INFO] 2025-08-13 17:50:03,038: +CACHEDPARAM [/rosout_disable_topics_generation] by /right_cam/right_cam_stream
[rosmaster.master][INFO] 2025-08-13 17:50:03,042: +SERVICE [/right_cam/right_cam_image_view/load_nodelet] /right_cam/right_cam_image_view http://localhost:44909/
[rosmaster.master][INFO] 2025-08-13 17:50:03,043: +SERVICE [/right_cam/right_cam_stream/load_nodelet] /right_cam/right_cam_stream http://localhost:36225/
[rosmaster.master][INFO] 2025-08-13 17:50:03,045: +SERVICE [/right_cam/right_cam_image_view/unload_nodelet] /right_cam/right_cam_image_view http://localhost:44909/
[rosmaster.master][INFO] 2025-08-13 17:50:03,046: +SERVICE [/right_cam/right_cam_stream/unload_nodelet] /right_cam/right_cam_stream http://localhost:36225/
[rosmaster.master][INFO] 2025-08-13 17:50:03,048: +SERVICE [/right_cam/right_cam_image_view/list] /right_cam/right_cam_image_view http://localhost:44909/
[rosmaster.master][INFO] 2025-08-13 17:50:03,049: +SERVICE [/right_cam/right_cam_stream/list] /right_cam/right_cam_stream http://localhost:36225/
[rosmaster.master][INFO] 2025-08-13 17:50:03,069: publisherUpdate[/rosout] -> http://localhost:45941/ ['http://localhost:44909/']
[rosmaster.master][INFO] 2025-08-13 17:50:03,085: publisherUpdate[/rosout] -> http://localhost:45941/ ['http://localhost:44909/']: sec=0.01, result=[1, '', 0]
[rosmaster.master][INFO] 2025-08-13 17:50:03,085: publisherUpdate[/rosout] -> http://localhost:45941/ ['http://localhost:44909/', 'http://localhost:36225/']
[rosmaster.master][INFO] 2025-08-13 17:50:03,087: publisherUpdate[/rosout] -> http://localhost:45941/ ['http://localhost:44909/', 'http://localhost:36225/']: sec=0.00, result=[1, '', 0]
[rosmaster.master][INFO] 2025-08-13 17:50:04,787: +SERVICE [/right_cam/right_cam_image_view/set_parameters] /right_cam/right_cam_image_view http://localhost:44909/
[rosmaster.master][INFO] 2025-08-13 17:50:04,790: +PUB [/right_cam/right_cam_image_view/parameter_descriptions] /right_cam/right_cam_image_view http://localhost:44909/
[rosmaster.master][INFO] 2025-08-13 17:50:04,794: +PUB [/right_cam/right_cam_image_view/parameter_updates] /right_cam/right_cam_image_view http://localhost:44909/
[rosmaster.master][INFO] 2025-08-13 17:50:04,796: +SERVICE [/right_cam/right_cam_stream/set_parameters] /right_cam/right_cam_stream http://localhost:36225/
[rosmaster.master][INFO] 2025-08-13 17:50:04,798: +PUB [/right_cam/right_cam_stream/parameter_descriptions] /right_cam/right_cam_stream http://localhost:36225/
[rosmaster.master][INFO] 2025-08-13 17:50:04,802: +PUB [/right_cam/right_cam_stream/parameter_updates] /right_cam/right_cam_stream http://localhost:36225/
[rosmaster.master][INFO] 2025-08-13 17:50:04,804: +PARAM [/right_cam/right_cam_image_view/do_dynamic_scaling] by /right_cam/right_cam_image_view
[rosmaster.master][INFO] 2025-08-13 17:50:04,807: +PARAM [/right_cam/right_cam_image_view/colormap] by /right_cam/right_cam_image_view
[rosmaster.master][INFO] 2025-08-13 17:50:04,810: +PARAM [/right_cam/right_cam_image_view/min_image_value] by /right_cam/right_cam_image_view
[rosmaster.master][INFO] 2025-08-13 17:50:04,813: +PARAM [/right_cam/right_cam_image_view/max_image_value] by /right_cam/right_cam_image_view
[rosmaster.master][INFO] 2025-08-13 17:50:04,818: +CACHEDPARAM [/rosout/omit_topics] by /rosout
[rosmaster.master][INFO] 2025-08-13 17:50:04,838: +PARAM [/right_cam/right_cam_stream/camera_name] by /right_cam/right_cam_stream
[rosmaster.master][INFO] 2025-08-13 17:50:04,839: +PARAM [/right_cam/right_cam_stream/set_camera_fps] by /right_cam/right_cam_stream
[rosmaster.master][INFO] 2025-08-13 17:50:04,841: +PARAM [/right_cam/right_cam_stream/buffer_queue_size] by /right_cam/right_cam_stream
[rosmaster.master][INFO] 2025-08-13 17:50:04,842: +PARAM [/right_cam/right_cam_stream/fps] by /right_cam/right_cam_stream
[rosmaster.master][INFO] 2025-08-13 17:50:04,844: +PARAM [/right_cam/right_cam_stream/frame_id] by /right_cam/right_cam_stream
[rosmaster.master][INFO] 2025-08-13 17:50:04,846: +PARAM [/right_cam/right_cam_stream/camera_info_url] by /right_cam/right_cam_stream
[rosmaster.master][INFO] 2025-08-13 17:50:04,848: +PARAM [/right_cam/right_cam_stream/flip_horizontal] by /right_cam/right_cam_stream
[rosmaster.master][INFO] 2025-08-13 17:50:04,849: +PARAM [/right_cam/right_cam_stream/flip_vertical] by /right_cam/right_cam_stream
[rosmaster.master][INFO] 2025-08-13 17:50:04,851: +PARAM [/right_cam/right_cam_stream/width] by /right_cam/right_cam_stream
[rosmaster.master][INFO] 2025-08-13 17:50:04,852: +PARAM [/right_cam/right_cam_stream/height] by /right_cam/right_cam_stream
[rosmaster.master][INFO] 2025-08-13 17:50:04,854: +PARAM [/right_cam/right_cam_stream/brightness] by /right_cam/right_cam_stream
[rosmaster.master][INFO] 2025-08-13 17:50:04,856: +PARAM [/right_cam/right_cam_stream/contrast] by /right_cam/right_cam_stream
[rosmaster.master][INFO] 2025-08-13 17:50:04,857: +PARAM [/right_cam/right_cam_stream/hue] by /right_cam/right_cam_stream
[rosmaster.master][INFO] 2025-08-13 17:50:04,859: +PARAM [/right_cam/right_cam_stream/saturation] by /right_cam/right_cam_stream
[rosmaster.master][INFO] 2025-08-13 17:50:04,862: +PARAM [/right_cam/right_cam_stream/auto_exposure] by /right_cam/right_cam_stream
[rosmaster.master][INFO] 2025-08-13 17:50:04,865: +PARAM [/right_cam/right_cam_stream/exposure] by /right_cam/right_cam_stream
[rosmaster.master][INFO] 2025-08-13 17:50:04,868: +PARAM [/right_cam/right_cam_stream/loop_videofile] by /right_cam/right_cam_stream
[rosmaster.master][INFO] 2025-08-13 17:50:04,869: +SUB [/right_cam/image_raw] /right_cam/right_cam_image_view http://localhost:44909/
[rosmaster.master][INFO] 2025-08-13 17:50:04,871: +PARAM [/right_cam/right_cam_stream/reopen_on_read_failure] by /right_cam/right_cam_stream
[rosmaster.master][INFO] 2025-08-13 17:50:04,872: +PUB [/right_cam/right_cam_image_view/output] /right_cam/right_cam_image_view http://localhost:44909/
[rosmaster.master][INFO] 2025-08-13 17:50:04,873: +PARAM [/right_cam/right_cam_stream/output_encoding] by /right_cam/right_cam_stream
[rosmaster.master][INFO] 2025-08-13 17:50:04,874: +PARAM [/right_cam/right_cam_image_view/do_dynamic_scaling] by /right_cam/right_cam_image_view
[rosmaster.master][INFO] 2025-08-13 17:50:04,876: +PARAM [/right_cam/right_cam_stream/start_frame] by /right_cam/right_cam_stream
[rosmaster.master][INFO] 2025-08-13 17:50:04,878: +PARAM [/right_cam/right_cam_image_view/colormap] by /right_cam/right_cam_image_view
[rosmaster.master][INFO] 2025-08-13 17:50:04,879: +PARAM [/right_cam/right_cam_stream/stop_frame] by /right_cam/right_cam_stream
[rosmaster.master][INFO] 2025-08-13 17:50:04,881: +PARAM [/right_cam/right_cam_image_view/min_image_value] by /right_cam/right_cam_image_view
[rosmaster.master][INFO] 2025-08-13 17:50:04,885: +PARAM [/right_cam/right_cam_stream/camera_name] by /right_cam/right_cam_stream
[rosmaster.master][INFO] 2025-08-13 17:50:04,887: +PARAM [/right_cam/right_cam_stream/set_camera_fps] by /right_cam/right_cam_stream
[rosmaster.master][INFO] 2025-08-13 17:50:04,889: +PARAM [/right_cam/right_cam_stream/buffer_queue_size] by /right_cam/right_cam_stream
[rosmaster.master][INFO] 2025-08-13 17:50:04,891: +PARAM [/right_cam/right_cam_stream/fps] by /right_cam/right_cam_stream
[rosmaster.master][INFO] 2025-08-13 17:50:04,893: +PARAM [/right_cam/right_cam_stream/frame_id] by /right_cam/right_cam_stream
[rosmaster.master][INFO] 2025-08-13 17:50:04,895: +PARAM [/right_cam/right_cam_stream/camera_info_url] by /right_cam/right_cam_stream
[rosmaster.master][INFO] 2025-08-13 17:50:04,897: +PARAM [/right_cam/right_cam_stream/flip_horizontal] by /right_cam/right_cam_stream
[rosmaster.master][INFO] 2025-08-13 17:50:04,898: +PARAM [/right_cam/right_cam_stream/flip_vertical] by /right_cam/right_cam_stream
[rosmaster.master][INFO] 2025-08-13 17:50:04,900: +PARAM [/right_cam/right_cam_stream/width] by /right_cam/right_cam_stream
[rosmaster.master][INFO] 2025-08-13 17:50:04,902: +PARAM [/right_cam/right_cam_stream/height] by /right_cam/right_cam_stream
[rosmaster.master][INFO] 2025-08-13 17:50:04,903: +PARAM [/right_cam/right_cam_stream/brightness] by /right_cam/right_cam_stream
[rosmaster.master][INFO] 2025-08-13 17:50:04,905: +PARAM [/right_cam/right_cam_stream/contrast] by /right_cam/right_cam_stream
[rosmaster.master][INFO] 2025-08-13 17:50:04,906: +PARAM [/right_cam/right_cam_stream/hue] by /right_cam/right_cam_stream
[rosmaster.master][INFO] 2025-08-13 17:50:04,908: +PARAM [/right_cam/right_cam_stream/saturation] by /right_cam/right_cam_stream
[rosmaster.master][INFO] 2025-08-13 17:50:04,910: +PARAM [/right_cam/right_cam_stream/auto_exposure] by /right_cam/right_cam_stream
[rosmaster.master][INFO] 2025-08-13 17:50:04,911: +PARAM [/right_cam/right_cam_stream/exposure] by /right_cam/right_cam_stream
[rosmaster.master][INFO] 2025-08-13 17:50:04,913: +PARAM [/right_cam/right_cam_stream/loop_videofile] by /right_cam/right_cam_stream
[rosmaster.master][INFO] 2025-08-13 17:50:04,914: +PARAM [/right_cam/right_cam_stream/reopen_on_read_failure] by /right_cam/right_cam_stream
[rosmaster.master][INFO] 2025-08-13 17:50:04,916: +PARAM [/right_cam/right_cam_stream/output_encoding] by /right_cam/right_cam_stream
[rosmaster.master][INFO] 2025-08-13 17:50:04,918: +PARAM [/right_cam/right_cam_stream/start_frame] by /right_cam/right_cam_stream
[rosmaster.master][INFO] 2025-08-13 17:50:04,919: +PARAM [/right_cam/right_cam_stream/stop_frame] by /right_cam/right_cam_stream
[rosmaster.master][INFO] 2025-08-13 17:50:04,943: +PUB [/right_cam/image_raw/compressedDepth] /right_cam/right_cam_stream http://localhost:36225/
[rosmaster.master][INFO] 2025-08-13 17:50:04,945: +SERVICE [/right_cam/image_raw/compressedDepth/set_parameters] /right_cam/right_cam_stream http://localhost:36225/
[rosmaster.master][INFO] 2025-08-13 17:50:04,947: +PUB [/right_cam/image_raw/compressedDepth/parameter_descriptions] /right_cam/right_cam_stream http://localhost:36225/
[rosmaster.master][INFO] 2025-08-13 17:50:04,949: +PUB [/right_cam/image_raw/compressedDepth/parameter_updates] /right_cam/right_cam_stream http://localhost:36225/
[rosmaster.master][INFO] 2025-08-13 17:50:04,954: +PARAM [/right_cam/image_raw/compressedDepth/format] by /right_cam/right_cam_stream
[rosmaster.master][INFO] 2025-08-13 17:50:04,956: +PARAM [/right_cam/image_raw/compressedDepth/depth_max] by /right_cam/right_cam_stream
[rosmaster.master][INFO] 2025-08-13 17:50:04,957: +PARAM [/right_cam/image_raw/compressedDepth/depth_quantization] by /right_cam/right_cam_stream
[rosmaster.master][INFO] 2025-08-13 17:50:04,958: +PARAM [/right_cam/image_raw/compressedDepth/png_level] by /right_cam/right_cam_stream
[rosmaster.master][INFO] 2025-08-13 17:50:04,960: +PARAM [/right_cam/image_raw/compressedDepth/format] by /right_cam/right_cam_stream
[rosmaster.master][INFO] 2025-08-13 17:50:04,962: +PARAM [/right_cam/image_raw/compressedDepth/depth_max] by /right_cam/right_cam_stream
[rosmaster.master][INFO] 2025-08-13 17:50:04,964: +PARAM [/right_cam/image_raw/compressedDepth/depth_quantization] by /right_cam/right_cam_stream
[rosmaster.master][INFO] 2025-08-13 17:50:04,965: +PARAM [/right_cam/image_raw/compressedDepth/png_level] by /right_cam/right_cam_stream
[rosmaster.master][INFO] 2025-08-13 17:50:04,990: +PUB [/right_cam/image_raw/compressed] /right_cam/right_cam_stream http://localhost:36225/
[rosmaster.master][INFO] 2025-08-13 17:50:04,993: +SERVICE [/right_cam/image_raw/compressed/set_parameters] /right_cam/right_cam_stream http://localhost:36225/
[rosmaster.master][INFO] 2025-08-13 17:50:04,994: +PUB [/right_cam/image_raw/compressed/parameter_descriptions] /right_cam/right_cam_stream http://localhost:36225/
[rosmaster.master][INFO] 2025-08-13 17:50:04,996: +PUB [/right_cam/image_raw/compressed/parameter_updates] /right_cam/right_cam_stream http://localhost:36225/
[rosmaster.master][INFO] 2025-08-13 17:50:05,005: +PARAM [/right_cam/image_raw/compressed/format] by /right_cam/right_cam_stream
[rosmaster.master][INFO] 2025-08-13 17:50:05,007: +PARAM [/right_cam/image_raw/compressed/jpeg_quality] by /right_cam/right_cam_stream
[rosmaster.master][INFO] 2025-08-13 17:50:05,009: +PARAM [/right_cam/image_raw/compressed/jpeg_progressive] by /right_cam/right_cam_stream
[rosmaster.master][INFO] 2025-08-13 17:50:05,010: +PARAM [/right_cam/image_raw/compressed/jpeg_optimize] by /right_cam/right_cam_stream
[rosmaster.master][INFO] 2025-08-13 17:50:05,012: +PARAM [/right_cam/image_raw/compressed/jpeg_restart_interval] by /right_cam/right_cam_stream
[rosmaster.master][INFO] 2025-08-13 17:50:05,013: +PARAM [/right_cam/image_raw/compressed/png_level] by /right_cam/right_cam_stream
[rosmaster.master][INFO] 2025-08-13 17:50:05,015: +PARAM [/right_cam/image_raw/compressed/format] by /right_cam/right_cam_stream
[rosmaster.master][INFO] 2025-08-13 17:50:05,016: +PARAM [/right_cam/image_raw/compressed/jpeg_quality] by /right_cam/right_cam_stream
[rosmaster.master][INFO] 2025-08-13 17:50:05,018: +PARAM [/right_cam/image_raw/compressed/jpeg_progressive] by /right_cam/right_cam_stream
[rosmaster.master][INFO] 2025-08-13 17:50:05,020: +PARAM [/right_cam/image_raw/compressed/jpeg_optimize] by /right_cam/right_cam_stream
[rosmaster.master][INFO] 2025-08-13 17:50:05,022: +PARAM [/right_cam/image_raw/compressed/jpeg_restart_interval] by /right_cam/right_cam_stream
[rosmaster.master][INFO] 2025-08-13 17:50:05,023: +PARAM [/right_cam/image_raw/compressed/png_level] by /right_cam/right_cam_stream
[rosmaster.master][INFO] 2025-08-13 17:50:05,030: +PUB [/right_cam/image_raw] /right_cam/right_cam_stream http://localhost:36225/
[rosmaster.master][INFO] 2025-08-13 17:50:05,050: +PUB [/right_cam/image_raw/theora] /right_cam/right_cam_stream http://localhost:36225/
[rosmaster.master][INFO] 2025-08-13 17:50:05,051: +SERVICE [/right_cam/image_raw/theora/set_parameters] /right_cam/right_cam_stream http://localhost:36225/
[rosmaster.master][INFO] 2025-08-13 17:50:05,053: +PUB [/right_cam/image_raw/theora/parameter_descriptions] /right_cam/right_cam_stream http://localhost:36225/
[rosmaster.master][INFO] 2025-08-13 17:50:05,055: +PUB [/right_cam/image_raw/theora/parameter_updates] /right_cam/right_cam_stream http://localhost:36225/
[rosmaster.master][INFO] 2025-08-13 17:50:05,061: +PARAM [/right_cam/image_raw/theora/optimize_for] by /right_cam/right_cam_stream
[rosmaster.master][INFO] 2025-08-13 17:50:05,062: +PARAM [/right_cam/image_raw/theora/target_bitrate] by /right_cam/right_cam_stream
[rosmaster.master][INFO] 2025-08-13 17:50:05,064: +PARAM [/right_cam/image_raw/theora/quality] by /right_cam/right_cam_stream
[rosmaster.master][INFO] 2025-08-13 17:50:05,066: +PARAM [/right_cam/image_raw/theora/keyframe_frequency] by /right_cam/right_cam_stream
[rosmaster.master][INFO] 2025-08-13 17:50:05,068: +PARAM [/right_cam/image_raw/theora/optimize_for] by /right_cam/right_cam_stream
[rosmaster.master][INFO] 2025-08-13 17:50:05,069: +PARAM [/right_cam/image_raw/theora/target_bitrate] by /right_cam/right_cam_stream
[rosmaster.master][INFO] 2025-08-13 17:50:05,071: +PARAM [/right_cam/image_raw/theora/quality] by /right_cam/right_cam_stream
[rosmaster.master][INFO] 2025-08-13 17:50:05,072: +PARAM [/right_cam/image_raw/theora/keyframe_frequency] by /right_cam/right_cam_stream
[rosmaster.master][INFO] 2025-08-13 17:50:05,074: +PUB [/right_cam/camera_info] /right_cam/right_cam_stream http://localhost:36225/
[rosmaster.master][INFO] 2025-08-13 17:50:05,075: publisherUpdate[/right_cam/image_raw] -> http://localhost:44909/ ['http://localhost:36225/']
[rosmaster.master][INFO] 2025-08-13 17:50:09,585: publisherUpdate[/right_cam/image_raw] -> http://localhost:44909/ ['http://localhost:36225/']: sec=4.51, exception=[Errno 111] Connection refused
[rosmaster.threadpool][ERROR] 2025-08-13 17:50:09,589: Traceback (most recent call last):
  File "/opt/ros/noetic/lib/python3/dist-packages/rosmaster/threadpool.py", line 218, in run
    result = cmd(*args)
  File "/opt/ros/noetic/lib/python3/dist-packages/rosmaster/master_api.py", line 210, in publisher_update_task
    ret = xmlrpcapi(api).publisherUpdate('/master', topic, pub_uris)
  File "/usr/lib/python3.8/xmlrpc/client.py", line 1109, in __call__
    return self.__send(self.__name, args)
  File "/usr/lib/python3.8/xmlrpc/client.py", line 1450, in __request
    response = self.__transport.request(
  File "/usr/lib/python3.8/xmlrpc/client.py", line 1153, in request
    return self.single_request(host, handler, request_body, verbose)
  File "/usr/lib/python3.8/xmlrpc/client.py", line 1165, in single_request
    http_conn = self.send_request(host, handler, request_body, verbose)
  File "/usr/lib/python3.8/xmlrpc/client.py", line 1278, in send_request
    self.send_content(connection, request_body)
  File "/usr/lib/python3.8/xmlrpc/client.py", line 1308, in send_content
    connection.endheaders(request_body)
  File "/usr/lib/python3.8/http/client.py", line 1251, in endheaders
    self._send_output(message_body, encode_chunked=encode_chunked)
  File "/usr/lib/python3.8/http/client.py", line 1011, in _send_output
    self.send(msg)
  File "/usr/lib/python3.8/http/client.py", line 951, in send
    self.connect()
  File "/usr/lib/python3.8/http/client.py", line 922, in connect
    self.sock = self._create_connection(
  File "/usr/lib/python3.8/socket.py", line 808, in create_connection
    raise err
  File "/usr/lib/python3.8/socket.py", line 796, in create_connection
    sock.connect(sa)
ConnectionRefusedError: [Errno 111] Connection refused

[rosmaster.master][INFO] 2025-08-13 17:53:10,358: +PARAM [/roslaunch/uris/host_localhost__38595] by /roslaunch
[rosmaster.master][INFO] 2025-08-13 17:53:10,370: +PARAM [/rosversion] by /roslaunch
[rosmaster.master][INFO] 2025-08-13 17:53:10,371: +PARAM [/rosdistro] by /roslaunch
[rosmaster.master][INFO] 2025-08-13 17:53:10,371: +PARAM [/rosbridge_websocket/authenticate] by /roslaunch
[rosmaster.master][INFO] 2025-08-13 17:53:10,371: +PARAM [/rosbridge_websocket/port] by /roslaunch
[rosmaster.master][INFO] 2025-08-13 17:53:10,372: +PARAM [/rosbridge_websocket/address] by /roslaunch
[rosmaster.master][INFO] 2025-08-13 17:53:10,372: +PARAM [/rosbridge_websocket/retry_startup_delay] by /roslaunch
[rosmaster.master][INFO] 2025-08-13 17:53:10,372: +PARAM [/rosbridge_websocket/fragment_timeout] by /roslaunch
[rosmaster.master][INFO] 2025-08-13 17:53:10,372: +PARAM [/rosbridge_websocket/delay_between_messages] by /roslaunch
[rosmaster.master][INFO] 2025-08-13 17:53:10,373: +PARAM [/rosbridge_websocket/max_message_size] by /roslaunch
[rosmaster.master][INFO] 2025-08-13 17:53:10,373: +PARAM [/rosbridge_websocket/unregister_timeout] by /roslaunch
[rosmaster.master][INFO] 2025-08-13 17:53:10,373: +PARAM [/rosbridge_websocket/use_compression] by /roslaunch
[rosmaster.master][INFO] 2025-08-13 17:53:10,373: +PARAM [/rosbridge_websocket/websocket_ping_interval] by /roslaunch
[rosmaster.master][INFO] 2025-08-13 17:53:10,374: +PARAM [/rosbridge_websocket/websocket_ping_timeout] by /roslaunch
[rosmaster.master][INFO] 2025-08-13 17:53:10,374: +PARAM [/rosbridge_websocket/websocket_external_port] by /roslaunch
[rosmaster.master][INFO] 2025-08-13 17:53:10,374: +PARAM [/rosbridge_websocket/topics_glob] by /roslaunch
[rosmaster.master][INFO] 2025-08-13 17:53:10,374: +PARAM [/rosbridge_websocket/services_glob] by /roslaunch
[rosmaster.master][INFO] 2025-08-13 17:53:10,375: +PARAM [/rosbridge_websocket/params_glob] by /roslaunch
[rosmaster.master][INFO] 2025-08-13 17:53:10,375: +PARAM [/rosbridge_websocket/bson_only_mode] by /roslaunch
[rosmaster.master][INFO] 2025-08-13 17:53:10,375: +PARAM [/rosapi/topics_glob] by /roslaunch
[rosmaster.master][INFO] 2025-08-13 17:53:10,375: +PARAM [/rosapi/services_glob] by /roslaunch
[rosmaster.master][INFO] 2025-08-13 17:53:10,376: +PARAM [/rosapi/params_glob] by /roslaunch
[rosmaster.master][INFO] 2025-08-13 17:53:10,376: +PARAM [/JOYSTICK/autorepeat_rate] by /roslaunch
[rosmaster.master][INFO] 2025-08-13 17:53:10,376: +PARAM [/JOYSTICK/joy_node/dev] by /roslaunch
[rosmaster.master][INFO] 2025-08-13 17:53:10,730: +PUB [/rosout] /JOYSTICK http://localhost:43257/
[rosmaster.master][INFO] 2025-08-13 17:53:10,732: +SERVICE [/JOYSTICK/get_loggers] /JOYSTICK http://localhost:43257/
[rosmaster.master][INFO] 2025-08-13 17:53:10,737: +SERVICE [/JOYSTICK/set_logger_level] /JOYSTICK http://localhost:43257/
[rosmaster.master][INFO] 2025-08-13 17:53:10,748: +PUB [/diagnostics] /JOYSTICK http://localhost:43257/
[rosmaster.master][INFO] 2025-08-13 17:53:10,751: +CACHEDPARAM [/JOYSTICK/diagnostic_period] by /JOYSTICK
[rosmaster.master][INFO] 2025-08-13 17:53:10,756: +PUB [/joy] /JOYSTICK http://localhost:43257/
[rosmaster.master][INFO] 2025-08-13 17:53:10,775: +SUB [/joy/set_feedback] /JOYSTICK http://localhost:43257/
[rosmaster.master][INFO] 2025-08-13 17:53:10,799: publisherUpdate[/rosout] -> http://localhost:45941/ ['http://localhost:44909/', 'http://localhost:36225/', 'http://localhost:43257/']
[rosmaster.master][INFO] 2025-08-13 17:53:10,815: +CACHEDPARAM [/rosout_disable_topics_generation] by /JOYSTICK
[rosmaster.master][INFO] 2025-08-13 17:53:10,816: publisherUpdate[/rosout] -> http://localhost:45941/ ['http://localhost:44909/', 'http://localhost:36225/', 'http://localhost:43257/']: sec=0.02, result=[1, '', 0]
[rosmaster.master][INFO] 2025-08-13 17:53:12,176: +PUB [/rosout] /rosapi http://localhost:33453/
[rosmaster.master][INFO] 2025-08-13 17:53:12,184: +SERVICE [/rosapi/get_loggers] /rosapi http://localhost:33453/
[rosmaster.master][INFO] 2025-08-13 17:53:12,187: +SERVICE [/rosapi/set_logger_level] /rosapi http://localhost:33453/
[rosmaster.master][INFO] 2025-08-13 17:53:12,198: +PUB [/rosout] /kelpie http://localhost:39143/
[rosmaster.master][INFO] 2025-08-13 17:53:12,199: +SERVICE [/rosapi/topics] /rosapi http://localhost:33453/
[rosmaster.master][INFO] 2025-08-13 17:53:12,203: +SERVICE [/rosapi/topics_for_type] /rosapi http://localhost:33453/
[rosmaster.master][INFO] 2025-08-13 17:53:12,204: publisherUpdate[/rosout] -> http://localhost:45941/ ['http://localhost:44909/', 'http://localhost:36225/', 'http://localhost:43257/', 'http://localhost:33453/']
[rosmaster.master][INFO] 2025-08-13 17:53:12,207: +SERVICE [/rosapi/services] /rosapi http://localhost:33453/
[rosmaster.master][INFO] 2025-08-13 17:53:12,209: publisherUpdate[/rosout] -> http://localhost:45941/ ['http://localhost:44909/', 'http://localhost:36225/', 'http://localhost:43257/', 'http://localhost:33453/']: sec=0.00, result=[1, '', 0]
[rosmaster.master][INFO] 2025-08-13 17:53:12,210: publisherUpdate[/rosout] -> http://localhost:45941/ ['http://localhost:44909/', 'http://localhost:36225/', 'http://localhost:43257/', 'http://localhost:33453/', 'http://localhost:39143/']
[rosmaster.master][INFO] 2025-08-13 17:53:12,212: +SERVICE [/kelpie/get_loggers] /kelpie http://localhost:39143/
[rosmaster.master][INFO] 2025-08-13 17:53:12,214: publisherUpdate[/rosout] -> http://localhost:45941/ ['http://localhost:44909/', 'http://localhost:36225/', 'http://localhost:43257/', 'http://localhost:33453/', 'http://localhost:39143/']: sec=0.00, result=[1, '', 0]
[rosmaster.master][INFO] 2025-08-13 17:53:12,216: +SERVICE [/rosapi/services_for_type] /rosapi http://localhost:33453/
[rosmaster.master][INFO] 2025-08-13 17:53:12,217: +SERVICE [/kelpie/set_logger_level] /kelpie http://localhost:39143/
[rosmaster.master][INFO] 2025-08-13 17:53:12,221: +SERVICE [/rosapi/nodes] /rosapi http://localhost:33453/
[rosmaster.master][INFO] 2025-08-13 17:53:12,226: +SERVICE [/rosapi/node_details] /rosapi http://localhost:33453/
[rosmaster.master][INFO] 2025-08-13 17:53:12,227: +SUB [/kelpie/imu] /kelpie http://localhost:39143/
[rosmaster.master][INFO] 2025-08-13 17:53:12,230: +SERVICE [/rosapi/action_servers] /rosapi http://localhost:33453/
[rosmaster.master][INFO] 2025-08-13 17:53:12,233: +SERVICE [/rosapi/topic_type] /rosapi http://localhost:33453/
[rosmaster.master][INFO] 2025-08-13 17:53:12,235: +SUB [/kelpie/leg_control/currents] /kelpie http://localhost:39143/
[rosmaster.master][INFO] 2025-08-13 17:53:12,237: +SERVICE [/rosapi/service_type] /rosapi http://localhost:33453/
[rosmaster.master][INFO] 2025-08-13 17:53:12,241: +SERVICE [/rosapi/publishers] /rosapi http://localhost:33453/
[rosmaster.master][INFO] 2025-08-13 17:53:12,242: +SUB [/kelpie/battery/voltage] /kelpie http://localhost:39143/
[rosmaster.master][INFO] 2025-08-13 17:53:12,245: +SERVICE [/rosapi/subscribers] /rosapi http://localhost:33453/
[rosmaster.master][INFO] 2025-08-13 17:53:12,246: +PUB [/kelpie/leg_control/joint_states] /kelpie http://localhost:39143/
[rosmaster.master][INFO] 2025-08-13 17:53:12,248: +SERVICE [/rosapi/service_providers] /rosapi http://localhost:33453/
[rosmaster.master][INFO] 2025-08-13 17:53:12,252: +CACHEDPARAM [/rosout_disable_topics_generation] by /kelpie
[rosmaster.master][INFO] 2025-08-13 17:53:12,252: +SERVICE [/rosapi/service_node] /rosapi http://localhost:33453/
[rosmaster.master][INFO] 2025-08-13 17:53:12,257: +SERVICE [/rosapi/service_host] /rosapi http://localhost:33453/
[rosmaster.master][INFO] 2025-08-13 17:53:12,258: +SUB [/kelpie/command_input] /kelpie http://localhost:39143/
[rosmaster.master][INFO] 2025-08-13 17:53:12,260: +SERVICE [/rosapi/message_details] /rosapi http://localhost:33453/
[rosmaster.master][INFO] 2025-08-13 17:53:12,263: +CACHEDPARAM [/rosout_disable_topics_generation] by /kelpie
[rosmaster.master][INFO] 2025-08-13 17:53:12,264: +SERVICE [/rosapi/service_request_details] /rosapi http://localhost:33453/
[rosmaster.master][INFO] 2025-08-13 17:53:12,268: +SERVICE [/rosapi/service_response_details] /rosapi http://localhost:33453/
[rosmaster.master][INFO] 2025-08-13 17:53:12,269: +CACHEDPARAM [/rosout_disable_topics_generation] by /kelpie
[rosmaster.master][INFO] 2025-08-13 17:53:12,271: +SERVICE [/rosapi/set_param] /rosapi http://localhost:33453/
[rosmaster.master][INFO] 2025-08-13 17:53:12,273: +CACHEDPARAM [/rosout_disable_topics_generation] by /kelpie
[rosmaster.master][INFO] 2025-08-13 17:53:12,275: +SERVICE [/rosapi/get_param] /rosapi http://localhost:33453/
[rosmaster.master][INFO] 2025-08-13 17:53:12,277: +CACHEDPARAM [/rosout_disable_topics_generation] by /kelpie
[rosmaster.master][INFO] 2025-08-13 17:53:12,278: +SERVICE [/rosapi/has_param] /rosapi http://localhost:33453/
[rosmaster.master][INFO] 2025-08-13 17:53:12,282: +SERVICE [/rosapi/search_param] /rosapi http://localhost:33453/
[rosmaster.master][INFO] 2025-08-13 17:53:12,284: +CACHEDPARAM [/rosout_disable_topics_generation] by /kelpie
[rosmaster.master][INFO] 2025-08-13 17:53:12,287: +SERVICE [/rosapi/delete_param] /rosapi http://localhost:33453/
[rosmaster.master][INFO] 2025-08-13 17:53:12,289: +CACHEDPARAM [/rosout_disable_topics_generation] by /kelpie
[rosmaster.master][INFO] 2025-08-13 17:53:12,290: +SERVICE [/rosapi/get_param_names] /rosapi http://localhost:33453/
[rosmaster.master][INFO] 2025-08-13 17:53:12,293: +CACHEDPARAM [/rosout_disable_topics_generation] by /kelpie
[rosmaster.master][INFO] 2025-08-13 17:53:12,294: +SERVICE [/rosapi/get_time] /rosapi http://localhost:33453/
[rosmaster.master][INFO] 2025-08-13 17:53:12,297: +CACHEDPARAM [/rosout_disable_topics_generation] by /kelpie
[rosmaster.master][INFO] 2025-08-13 17:53:12,298: +SERVICE [/rosapi/topics_and_raw_types] /rosapi http://localhost:33453/
[rosmaster.master][INFO] 2025-08-13 17:53:12,302: +CACHEDPARAM [/rosout_disable_topics_generation] by /rosapi
[rosmaster.master][INFO] 2025-08-13 17:53:12,728: +PUB [/kelpie/leg_control/currents] /hardware http://localhost:45221/
[rosmaster.master][INFO] 2025-08-13 17:53:12,731: +PUB [/kelpie/battery/voltage] /hardware http://localhost:45221/
[rosmaster.master][INFO] 2025-08-13 17:53:12,733: +PUB [/kelpie/imu] /hardware http://localhost:45221/
[rosmaster.master][INFO] 2025-08-13 17:53:12,791: +PUB [/rosout] /rosbridge_websocket http://localhost:36483/
[rosmaster.master][INFO] 2025-08-13 17:53:12,797: +SERVICE [/rosbridge_websocket/get_loggers] /rosbridge_websocket http://localhost:36483/
[rosmaster.master][INFO] 2025-08-13 17:53:12,800: +SERVICE [/rosbridge_websocket/set_logger_level] /rosbridge_websocket http://localhost:36483/
[rosmaster.master][INFO] 2025-08-13 17:53:12,816: +PUB [/rosout] /hardware http://localhost:45221/
[rosmaster.master][INFO] 2025-08-13 17:53:12,817: publisherUpdate[/kelpie/leg_control/currents] -> http://localhost:39143/ ['http://localhost:45221/']
[rosmaster.master][INFO] 2025-08-13 17:53:12,823: publisherUpdate[/rosout] -> http://localhost:45941/ ['http://localhost:44909/', 'http://localhost:36225/', 'http://localhost:43257/', 'http://localhost:33453/', 'http://localhost:39143/', 'http://localhost:36483/']
[rosmaster.master][INFO] 2025-08-13 17:53:12,827: +SERVICE [/hardware/get_loggers] /hardware http://localhost:45221/
[rosmaster.master][INFO] 2025-08-13 17:53:12,829: publisherUpdate[/rosout] -> http://localhost:45941/ ['http://localhost:44909/', 'http://localhost:36225/', 'http://localhost:43257/', 'http://localhost:33453/', 'http://localhost:39143/', 'http://localhost:36483/']: sec=0.00, result=[1, '', 0]
[rosmaster.master][INFO] 2025-08-13 17:53:12,829: publisherUpdate[/rosout] -> http://localhost:45941/ ['http://localhost:44909/', 'http://localhost:36225/', 'http://localhost:43257/', 'http://localhost:33453/', 'http://localhost:39143/', 'http://localhost:36483/', 'http://localhost:45221/']
[rosmaster.master][INFO] 2025-08-13 17:53:12,831: +SERVICE [/hardware/set_logger_level] /hardware http://localhost:45221/
[rosmaster.master][INFO] 2025-08-13 17:53:12,834: publisherUpdate[/rosout] -> http://localhost:45941/ ['http://localhost:44909/', 'http://localhost:36225/', 'http://localhost:43257/', 'http://localhost:33453/', 'http://localhost:39143/', 'http://localhost:36483/', 'http://localhost:45221/']: sec=0.00, result=[1, '', 0]
[rosmaster.master][INFO] 2025-08-13 17:53:12,842: publisherUpdate[/kelpie/leg_control/currents] -> http://localhost:39143/ ['http://localhost:45221/']: sec=0.02, result=[1, '', 0]
[rosmaster.master][INFO] 2025-08-13 17:53:12,843: publisherUpdate[/kelpie/battery/voltage] -> http://localhost:39143/ ['http://localhost:45221/']
[rosmaster.master][INFO] 2025-08-13 17:53:12,845: +PUB [/client_count] /rosbridge_websocket http://localhost:36483/
[rosmaster.master][INFO] 2025-08-13 17:53:12,848: +PUB [/connected_clients] /rosbridge_websocket http://localhost:36483/
[rosmaster.master][INFO] 2025-08-13 17:53:12,855: publisherUpdate[/kelpie/battery/voltage] -> http://localhost:39143/ ['http://localhost:45221/']: sec=0.01, result=[1, '', 0]
[rosmaster.master][INFO] 2025-08-13 17:53:12,856: publisherUpdate[/kelpie/imu] -> http://localhost:39143/ ['http://localhost:45221/']
[rosmaster.master][INFO] 2025-08-13 17:53:12,859: +PARAM [/rosbridge_websocket/actual_port] by /rosbridge_websocket
[rosmaster.master][INFO] 2025-08-13 17:53:12,866: +CACHEDPARAM [/rosout_disable_topics_generation] by /rosbridge_websocket
[rosmaster.master][INFO] 2025-08-13 17:53:12,874: publisherUpdate[/kelpie/imu] -> http://localhost:39143/ ['http://localhost:45221/']: sec=0.02, result=[1, '', 0]
[rosmaster.master][INFO] 2025-08-13 17:53:12,894: +SUB [/kelpie/leg_control/joint_states] /hardware http://localhost:45221/
[rosmaster.master][INFO] 2025-08-13 17:53:12,903: +SUB [/joy] /hardware http://localhost:45221/
[rosmaster.master][INFO] 2025-08-13 17:53:12,906: +PUB [/kelpie/command_input] /hardware http://localhost:45221/
[rosmaster.master][INFO] 2025-08-13 17:53:12,925: publisherUpdate[/kelpie/command_input] -> http://localhost:39143/ ['http://localhost:45221/']
[rosmaster.master][INFO] 2025-08-13 17:53:12,994: publisherUpdate[/kelpie/command_input] -> http://localhost:39143/ ['http://localhost:45221/']: sec=0.07, result=[1, '', 0]
[rosmaster.master][INFO] 2025-08-13 17:53:18,712: -PUB [/rosout] /right_cam/right_cam_stream http://localhost:36225/
[rosmaster.master][INFO] 2025-08-13 17:53:18,714: -PUB [/right_cam/right_cam_stream/parameter_descriptions] /right_cam/right_cam_stream http://localhost:36225/
[rosmaster.master][INFO] 2025-08-13 17:53:18,716: -PUB [/right_cam/right_cam_stream/parameter_updates] /right_cam/right_cam_stream http://localhost:36225/
[rosmaster.master][INFO] 2025-08-13 17:53:18,717: -PUB [/right_cam/image_raw/compressedDepth] /right_cam/right_cam_stream http://localhost:36225/
[rosmaster.master][INFO] 2025-08-13 17:53:18,719: -PUB [/right_cam/image_raw/compressedDepth/parameter_descriptions] /right_cam/right_cam_stream http://localhost:36225/
[rosmaster.master][INFO] 2025-08-13 17:53:18,720: -PUB [/right_cam/image_raw/compressedDepth/parameter_updates] /right_cam/right_cam_stream http://localhost:36225/
[rosmaster.master][INFO] 2025-08-13 17:53:18,722: -PUB [/right_cam/image_raw/compressed] /right_cam/right_cam_stream http://localhost:36225/
[rosmaster.master][INFO] 2025-08-13 17:53:18,723: -PUB [/right_cam/image_raw/compressed/parameter_descriptions] /right_cam/right_cam_stream http://localhost:36225/
[rosmaster.master][INFO] 2025-08-13 17:53:18,725: -PUB [/right_cam/image_raw/compressed/parameter_updates] /right_cam/right_cam_stream http://localhost:36225/
[rosmaster.master][INFO] 2025-08-13 17:53:18,726: -PUB [/right_cam/image_raw] /right_cam/right_cam_stream http://localhost:36225/
[rosmaster.master][INFO] 2025-08-13 17:53:18,727: -PUB [/right_cam/image_raw/theora] /right_cam/right_cam_stream http://localhost:36225/
[rosmaster.master][INFO] 2025-08-13 17:53:18,729: -PUB [/right_cam/image_raw/theora/parameter_descriptions] /right_cam/right_cam_stream http://localhost:36225/
[rosmaster.master][INFO] 2025-08-13 17:53:18,730: -PUB [/right_cam/image_raw/theora/parameter_updates] /right_cam/right_cam_stream http://localhost:36225/
[rosmaster.master][INFO] 2025-08-13 17:53:18,731: -PUB [/right_cam/camera_info] /right_cam/right_cam_stream http://localhost:36225/
[rosmaster.master][INFO] 2025-08-13 17:53:18,733: -SERVICE [/right_cam/right_cam_stream/get_loggers] /right_cam/right_cam_stream rosrpc://localhost:47737
[rosmaster.master][INFO] 2025-08-13 17:53:18,734: -SERVICE [/right_cam/right_cam_stream/set_logger_level] /right_cam/right_cam_stream rosrpc://localhost:47737
[rosmaster.master][INFO] 2025-08-13 17:53:18,735: -SERVICE [/right_cam/right_cam_stream/load_nodelet] /right_cam/right_cam_stream rosrpc://localhost:47737
[rosmaster.master][INFO] 2025-08-13 17:53:18,737: -SERVICE [/right_cam/right_cam_stream/unload_nodelet] /right_cam/right_cam_stream rosrpc://localhost:47737
[rosmaster.master][INFO] 2025-08-13 17:53:18,738: -SERVICE [/right_cam/right_cam_stream/list] /right_cam/right_cam_stream rosrpc://localhost:47737
[rosmaster.master][INFO] 2025-08-13 17:53:18,740: -SERVICE [/right_cam/right_cam_stream/set_parameters] /right_cam/right_cam_stream rosrpc://localhost:47737
[rosmaster.master][INFO] 2025-08-13 17:53:18,741: -SERVICE [/right_cam/image_raw/compressedDepth/set_parameters] /right_cam/right_cam_stream rosrpc://localhost:47737
[rosmaster.master][INFO] 2025-08-13 17:53:18,743: -SERVICE [/right_cam/image_raw/compressed/set_parameters] /right_cam/right_cam_stream rosrpc://localhost:47737
[rosmaster.master][INFO] 2025-08-13 17:53:18,743: publisherUpdate[/rosout] -> http://localhost:45941/ ['http://localhost:44909/', 'http://localhost:43257/', 'http://localhost:33453/', 'http://localhost:39143/', 'http://localhost:36483/', 'http://localhost:45221/']
[rosmaster.master][INFO] 2025-08-13 17:53:18,744: -SERVICE [/right_cam/image_raw/theora/set_parameters] /right_cam/right_cam_stream rosrpc://localhost:47737
[rosmaster.master][INFO] 2025-08-13 17:53:18,746: publisherUpdate[/rosout] -> http://localhost:45941/ ['http://localhost:44909/', 'http://localhost:43257/', 'http://localhost:33453/', 'http://localhost:39143/', 'http://localhost:36483/', 'http://localhost:45221/']: sec=0.00, result=[1, '', 0]
[rosmaster.master][INFO] 2025-08-13 17:53:18,747: -CACHEDPARAM [/rosout_disable_topics_generation] by /right_cam/right_cam_stream
[rosmaster.master][INFO] 2025-08-13 17:53:18,747: publisherUpdate[/right_cam/image_raw] -> http://localhost:44909/ []
[rosmaster.master][INFO] 2025-08-13 17:53:18,749: publisherUpdate[/right_cam/image_raw] -> http://localhost:44909/ []: sec=0.00, exception=[Errno 111] Connection refused
[rosmaster.threadpool][ERROR] 2025-08-13 17:53:18,750: Traceback (most recent call last):
  File "/opt/ros/noetic/lib/python3/dist-packages/rosmaster/threadpool.py", line 218, in run
    result = cmd(*args)
  File "/opt/ros/noetic/lib/python3/dist-packages/rosmaster/master_api.py", line 210, in publisher_update_task
    ret = xmlrpcapi(api).publisherUpdate('/master', topic, pub_uris)
  File "/usr/lib/python3.8/xmlrpc/client.py", line 1109, in __call__
    return self.__send(self.__name, args)
  File "/usr/lib/python3.8/xmlrpc/client.py", line 1450, in __request
    response = self.__transport.request(
  File "/usr/lib/python3.8/xmlrpc/client.py", line 1153, in request
    return self.single_request(host, handler, request_body, verbose)
  File "/usr/lib/python3.8/xmlrpc/client.py", line 1165, in single_request
    http_conn = self.send_request(host, handler, request_body, verbose)
  File "/usr/lib/python3.8/xmlrpc/client.py", line 1278, in send_request
    self.send_content(connection, request_body)
  File "/usr/lib/python3.8/xmlrpc/client.py", line 1308, in send_content
    connection.endheaders(request_body)
  File "/usr/lib/python3.8/http/client.py", line 1251, in endheaders
    self._send_output(message_body, encode_chunked=encode_chunked)
  File "/usr/lib/python3.8/http/client.py", line 1011, in _send_output
    self.send(msg)
  File "/usr/lib/python3.8/http/client.py", line 951, in send
    self.connect()
  File "/usr/lib/python3.8/http/client.py", line 922, in connect
    self.sock = self._create_connection(
  File "/usr/lib/python3.8/socket.py", line 808, in create_connection
    raise err
  File "/usr/lib/python3.8/socket.py", line 796, in create_connection
    sock.connect(sa)
ConnectionRefusedError: [Errno 111] Connection refused

[rosmaster.master][INFO] 2025-08-13 17:53:19,147: -PUB [/rosout_agg] /rosout http://localhost:45941/
[rosmaster.master][INFO] 2025-08-13 17:53:19,149: -SUB [/rosout] /rosout http://localhost:45941/
[rosmaster.master][INFO] 2025-08-13 17:53:19,151: -SERVICE [/rosout/get_loggers] /rosout rosrpc://localhost:36805
[rosmaster.master][INFO] 2025-08-13 17:53:19,152: -SERVICE [/rosout/set_logger_level] /rosout rosrpc://localhost:36805
[rosmaster.master][INFO] 2025-08-13 17:53:19,154: -CACHEDPARAM [/rosout/omit_topics] by /rosout
[rosmaster.main][INFO] 2025-08-13 17:53:19,202: keyboard interrupt, will exit
[rosmaster.main][INFO] 2025-08-13 17:53:19,202: stopping master...
[rospy.core][INFO] 2025-08-13 17:53:19,202: signal_shutdown [atexit]
