[rosmaster.main][INFO] 2025-08-11 12:53:06,722: initialization complete, waiting for shutdown
[rosmaster.main][INFO] 2025-08-11 12:53:06,723: Starting ROS Master Node
[xmlrpc][INFO] 2025-08-11 12:53:06,724: XML-RPC server binding to 127.0.0.1:11311
[xmlrpc][INFO] 2025-08-11 12:53:06,725: Started XML-RPC server [http://localhost:11311/]
[rosmaster.master][INFO] 2025-08-11 12:53:06,726: Master initialized: port[11311], uri[http://localhost:11311/]
[xmlrpc][INFO] 2025-08-11 12:53:06,726: xml rpc node: starting XML-RPC server
[rosmaster.master][INFO] 2025-08-11 12:53:06,747: +PARAM [/run_id] by /roslaunch
[rosmaster.master][INFO] 2025-08-11 12:53:06,750: +PARAM [/roslaunch/uris/host_localhost__46291] by /roslaunch
[rosmaster.master][INFO] 2025-08-11 12:53:06,884: +PARAM [/rosversion] by /roslaunch
[rosmaster.master][INFO] 2025-08-11 12:53:06,884: +PARAM [/rosdistro] by /roslaunch
[rosmaster.master][INFO] 2025-08-11 12:53:06,885: +PARAM [/rosbridge_websocket/authenticate] by /roslaunch
[rosmaster.master][INFO] 2025-08-11 12:53:06,885: +PARAM [/rosbridge_websocket/port] by /roslaunch
[rosmaster.master][INFO] 2025-08-11 12:53:06,885: +PARAM [/rosbridge_websocket/address] by /roslaunch
[rosmaster.master][INFO] 2025-08-11 12:53:06,885: +PARAM [/rosbridge_websocket/retry_startup_delay] by /roslaunch
[rosmaster.master][INFO] 2025-08-11 12:53:06,886: +PARAM [/rosbridge_websocket/fragment_timeout] by /roslaunch
[rosmaster.master][INFO] 2025-08-11 12:53:06,886: +PARAM [/rosbridge_websocket/delay_between_messages] by /roslaunch
[rosmaster.master][INFO] 2025-08-11 12:53:06,886: +PARAM [/rosbridge_websocket/max_message_size] by /roslaunch
[rosmaster.master][INFO] 2025-08-11 12:53:06,886: +PARAM [/rosbridge_websocket/unregister_timeout] by /roslaunch
[rosmaster.master][INFO] 2025-08-11 12:53:06,886: +PARAM [/rosbridge_websocket/use_compression] by /roslaunch
[rosmaster.master][INFO] 2025-08-11 12:53:06,887: +PARAM [/rosbridge_websocket/websocket_ping_interval] by /roslaunch
[rosmaster.master][INFO] 2025-08-11 12:53:06,887: +PARAM [/rosbridge_websocket/websocket_ping_timeout] by /roslaunch
[rosmaster.master][INFO] 2025-08-11 12:53:06,887: +PARAM [/rosbridge_websocket/websocket_external_port] by /roslaunch
[rosmaster.master][INFO] 2025-08-11 12:53:06,887: +PARAM [/rosbridge_websocket/topics_glob] by /roslaunch
[rosmaster.master][INFO] 2025-08-11 12:53:06,888: +PARAM [/rosbridge_websocket/services_glob] by /roslaunch
[rosmaster.master][INFO] 2025-08-11 12:53:06,888: +PARAM [/rosbridge_websocket/params_glob] by /roslaunch
[rosmaster.master][INFO] 2025-08-11 12:53:06,888: +PARAM [/rosbridge_websocket/bson_only_mode] by /roslaunch
[rosmaster.master][INFO] 2025-08-11 12:53:06,889: +PARAM [/rosapi/topics_glob] by /roslaunch
[rosmaster.master][INFO] 2025-08-11 12:53:06,889: +PARAM [/rosapi/services_glob] by /roslaunch
[rosmaster.master][INFO] 2025-08-11 12:53:06,890: +PARAM [/rosapi/params_glob] by /roslaunch
[rosmaster.master][INFO] 2025-08-11 12:53:06,893: +SERVICE [/rosout/get_loggers] /rosout http://localhost:46375/
[rosmaster.master][INFO] 2025-08-11 12:53:06,896: +SERVICE [/rosout/set_logger_level] /rosout http://localhost:46375/
[rosmaster.master][INFO] 2025-08-11 12:53:06,902: +PUB [/rosout_agg] /rosout http://localhost:46375/
[rosmaster.master][INFO] 2025-08-11 12:53:06,914: +SUB [/rosout] /rosout http://localhost:46375/
[rosmaster.master][INFO] 2025-08-11 12:53:08,161: +PUB [/rosout] /rosapi http://localhost:38825/
[rosmaster.master][INFO] 2025-08-11 12:53:08,168: +SERVICE [/rosapi/get_loggers] /rosapi http://localhost:38825/
[rosmaster.master][INFO] 2025-08-11 12:53:08,171: +SERVICE [/rosapi/set_logger_level] /rosapi http://localhost:38825/
[rosmaster.master][INFO] 2025-08-11 12:53:08,180: +SERVICE [/rosapi/topics] /rosapi http://localhost:38825/
[rosmaster.master][INFO] 2025-08-11 12:53:08,183: +SERVICE [/rosapi/topics_for_type] /rosapi http://localhost:38825/
[rosmaster.master][INFO] 2025-08-11 12:53:08,186: +SERVICE [/rosapi/services] /rosapi http://localhost:38825/
[rosmaster.master][INFO] 2025-08-11 12:53:08,189: +SERVICE [/rosapi/services_for_type] /rosapi http://localhost:38825/
[rosmaster.master][INFO] 2025-08-11 12:53:08,192: +SERVICE [/rosapi/nodes] /rosapi http://localhost:38825/
[rosmaster.master][INFO] 2025-08-11 12:53:08,195: +SERVICE [/rosapi/node_details] /rosapi http://localhost:38825/
[rosmaster.master][INFO] 2025-08-11 12:53:08,198: +SERVICE [/rosapi/action_servers] /rosapi http://localhost:38825/
[rosmaster.master][INFO] 2025-08-11 12:53:08,202: +SERVICE [/rosapi/topic_type] /rosapi http://localhost:38825/
[rosmaster.master][INFO] 2025-08-11 12:53:08,205: +SERVICE [/rosapi/service_type] /rosapi http://localhost:38825/
[rosmaster.master][INFO] 2025-08-11 12:53:08,208: +SERVICE [/rosapi/publishers] /rosapi http://localhost:38825/
[rosmaster.master][INFO] 2025-08-11 12:53:08,211: +SERVICE [/rosapi/subscribers] /rosapi http://localhost:38825/
[rosmaster.master][INFO] 2025-08-11 12:53:08,214: +SERVICE [/rosapi/service_providers] /rosapi http://localhost:38825/
[rosmaster.master][INFO] 2025-08-11 12:53:08,216: +SERVICE [/rosapi/service_node] /rosapi http://localhost:38825/
[rosmaster.master][INFO] 2025-08-11 12:53:08,219: +SERVICE [/rosapi/service_host] /rosapi http://localhost:38825/
[rosmaster.master][INFO] 2025-08-11 12:53:08,222: +SERVICE [/rosapi/message_details] /rosapi http://localhost:38825/
[rosmaster.master][INFO] 2025-08-11 12:53:08,225: +SERVICE [/rosapi/service_request_details] /rosapi http://localhost:38825/
[rosmaster.master][INFO] 2025-08-11 12:53:08,227: publisherUpdate[/rosout] -> http://localhost:46375/ ['http://localhost:38825/']
[rosmaster.master][INFO] 2025-08-11 12:53:08,228: +SERVICE [/rosapi/service_response_details] /rosapi http://localhost:38825/
[rosmaster.master][INFO] 2025-08-11 12:53:08,235: +SERVICE [/rosapi/set_param] /rosapi http://localhost:38825/
[rosmaster.master][INFO] 2025-08-11 12:53:08,238: +SERVICE [/rosapi/get_param] /rosapi http://localhost:38825/
[rosmaster.master][INFO] 2025-08-11 12:53:08,239: publisherUpdate[/rosout] -> http://localhost:46375/ ['http://localhost:38825/']: sec=0.01, result=[1, '', 0]
[rosmaster.master][INFO] 2025-08-11 12:53:08,242: +SERVICE [/rosapi/has_param] /rosapi http://localhost:38825/
[rosmaster.master][INFO] 2025-08-11 12:53:08,245: +SERVICE [/rosapi/search_param] /rosapi http://localhost:38825/
[rosmaster.master][INFO] 2025-08-11 12:53:08,248: +SERVICE [/rosapi/delete_param] /rosapi http://localhost:38825/
[rosmaster.master][INFO] 2025-08-11 12:53:08,250: +SERVICE [/rosapi/get_param_names] /rosapi http://localhost:38825/
[rosmaster.master][INFO] 2025-08-11 12:53:08,253: +SERVICE [/rosapi/get_time] /rosapi http://localhost:38825/
[rosmaster.master][INFO] 2025-08-11 12:53:08,256: +SERVICE [/rosapi/topics_and_raw_types] /rosapi http://localhost:38825/
[rosmaster.master][INFO] 2025-08-11 12:53:08,261: +CACHEDPARAM [/rosout_disable_topics_generation] by /rosapi
[rosmaster.master][INFO] 2025-08-11 12:53:08,445: +CACHEDPARAM [/rosout/omit_topics] by /rosout
[rosmaster.master][INFO] 2025-08-11 12:53:08,730: +PUB [/rosout] /rosbridge_websocket http://localhost:39205/
[rosmaster.master][INFO] 2025-08-11 12:53:08,731: publisherUpdate[/rosout] -> http://localhost:46375/ ['http://localhost:38825/', 'http://localhost:39205/']
[rosmaster.master][INFO] 2025-08-11 12:53:08,741: publisherUpdate[/rosout] -> http://localhost:46375/ ['http://localhost:38825/', 'http://localhost:39205/']: sec=0.01, result=[1, '', 0]
[rosmaster.master][INFO] 2025-08-11 12:53:08,744: +SERVICE [/rosbridge_websocket/get_loggers] /rosbridge_websocket http://localhost:39205/
[rosmaster.master][INFO] 2025-08-11 12:53:08,746: +SERVICE [/rosbridge_websocket/set_logger_level] /rosbridge_websocket http://localhost:39205/
[rosmaster.master][INFO] 2025-08-11 12:53:08,781: +PUB [/client_count] /rosbridge_websocket http://localhost:39205/
[rosmaster.master][INFO] 2025-08-11 12:53:08,784: +PUB [/connected_clients] /rosbridge_websocket http://localhost:39205/
[rosmaster.master][INFO] 2025-08-11 12:53:08,793: +PARAM [/rosbridge_websocket/actual_port] by /rosbridge_websocket
[rosmaster.master][INFO] 2025-08-11 12:53:08,800: +CACHEDPARAM [/rosout_disable_topics_generation] by /rosbridge_websocket
[rosmaster.master][INFO] 2025-08-11 12:54:29,186: -PUB [/rosout] /rosapi http://localhost:38825/
[rosmaster.master][INFO] 2025-08-11 12:54:29,187: publisherUpdate[/rosout] -> http://localhost:46375/ ['http://localhost:39205/']
[rosmaster.master][INFO] 2025-08-11 12:54:29,188: -PUB [/rosout] /rosbridge_websocket http://localhost:39205/
[rosmaster.master][INFO] 2025-08-11 12:54:29,189: -SERVICE [/rosapi/get_loggers] /rosapi rosrpc://localhost:33317
[rosmaster.master][INFO] 2025-08-11 12:54:29,190: publisherUpdate[/rosout] -> http://localhost:46375/ ['http://localhost:39205/']: sec=0.00, result=[1, '', 0]
[rosmaster.master][INFO] 2025-08-11 12:54:29,191: -PUB [/client_count] /rosbridge_websocket http://localhost:39205/
[rosmaster.master][INFO] 2025-08-11 12:54:29,191: publisherUpdate[/rosout] -> http://localhost:46375/ []
[rosmaster.master][INFO] 2025-08-11 12:54:29,191: -SERVICE [/rosapi/set_logger_level] /rosapi rosrpc://localhost:33317
[rosmaster.master][INFO] 2025-08-11 12:54:29,192: -PUB [/connected_clients] /rosbridge_websocket http://localhost:39205/
[rosmaster.master][INFO] 2025-08-11 12:54:29,193: publisherUpdate[/rosout] -> http://localhost:46375/ []: sec=0.00, result=[1, '', 0]
[rosmaster.master][INFO] 2025-08-11 12:54:29,193: -SERVICE [/rosapi/topics] /rosapi rosrpc://localhost:33317
[rosmaster.master][INFO] 2025-08-11 12:54:29,194: -SERVICE [/rosbridge_websocket/get_loggers] /rosbridge_websocket rosrpc://localhost:42943
[rosmaster.master][INFO] 2025-08-11 12:54:29,194: -SERVICE [/rosapi/topics_for_type] /rosapi rosrpc://localhost:33317
[rosmaster.master][INFO] 2025-08-11 12:54:29,195: -SERVICE [/rosbridge_websocket/set_logger_level] /rosbridge_websocket rosrpc://localhost:42943
[rosmaster.master][INFO] 2025-08-11 12:54:29,195: -SERVICE [/rosapi/services] /rosapi rosrpc://localhost:33317
[rosmaster.master][INFO] 2025-08-11 12:54:29,196: -SERVICE [/rosapi/services_for_type] /rosapi rosrpc://localhost:33317
[rosmaster.master][INFO] 2025-08-11 12:54:29,196: -SERVICE [/rosapi/nodes] /rosapi rosrpc://localhost:33317
[rosmaster.master][INFO] 2025-08-11 12:54:29,197: -SERVICE [/rosapi/node_details] /rosapi rosrpc://localhost:33317
[rosmaster.master][INFO] 2025-08-11 12:54:29,197: -SERVICE [/rosapi/action_servers] /rosapi rosrpc://localhost:33317
[rosmaster.master][INFO] 2025-08-11 12:54:29,197: -SERVICE [/rosapi/topic_type] /rosapi rosrpc://localhost:33317
[rosmaster.master][INFO] 2025-08-11 12:54:29,198: -SERVICE [/rosapi/service_type] /rosapi rosrpc://localhost:33317
[rosmaster.master][INFO] 2025-08-11 12:54:29,198: -SERVICE [/rosapi/publishers] /rosapi rosrpc://localhost:33317
[rosmaster.master][INFO] 2025-08-11 12:54:29,198: -SERVICE [/rosapi/subscribers] /rosapi rosrpc://localhost:33317
[rosmaster.master][INFO] 2025-08-11 12:54:29,199: -SERVICE [/rosapi/service_providers] /rosapi rosrpc://localhost:33317
[rosmaster.master][INFO] 2025-08-11 12:54:29,199: -SERVICE [/rosapi/service_node] /rosapi rosrpc://localhost:33317
[rosmaster.master][INFO] 2025-08-11 12:54:29,199: -SERVICE [/rosapi/service_host] /rosapi rosrpc://localhost:33317
[rosmaster.master][INFO] 2025-08-11 12:54:29,200: -SERVICE [/rosapi/message_details] /rosapi rosrpc://localhost:33317
[rosmaster.master][INFO] 2025-08-11 12:54:29,200: -SERVICE [/rosapi/service_request_details] /rosapi rosrpc://localhost:33317
[rosmaster.master][INFO] 2025-08-11 12:54:29,200: -SERVICE [/rosapi/service_response_details] /rosapi rosrpc://localhost:33317
[rosmaster.master][INFO] 2025-08-11 12:54:29,201: -SERVICE [/rosapi/set_param] /rosapi rosrpc://localhost:33317
[rosmaster.master][INFO] 2025-08-11 12:54:29,201: -SERVICE [/rosapi/get_param] /rosapi rosrpc://localhost:33317
[rosmaster.master][INFO] 2025-08-11 12:54:29,201: -SERVICE [/rosapi/has_param] /rosapi rosrpc://localhost:33317
[rosmaster.master][INFO] 2025-08-11 12:54:29,201: -SERVICE [/rosapi/search_param] /rosapi rosrpc://localhost:33317
[rosmaster.master][INFO] 2025-08-11 12:54:29,202: -SERVICE [/rosapi/delete_param] /rosapi rosrpc://localhost:33317
[rosmaster.master][INFO] 2025-08-11 12:54:29,202: -SERVICE [/rosapi/get_param_names] /rosapi rosrpc://localhost:33317
[rosmaster.master][INFO] 2025-08-11 12:54:29,202: -SERVICE [/rosapi/get_time] /rosapi rosrpc://localhost:33317
[rosmaster.master][INFO] 2025-08-11 12:54:29,203: -SERVICE [/rosapi/topics_and_raw_types] /rosapi rosrpc://localhost:33317
[rosmaster.master][INFO] 2025-08-11 12:54:30,296: -PUB [/rosout_agg] /rosout http://localhost:46375/
[rosmaster.master][INFO] 2025-08-11 12:54:30,297: -SUB [/rosout] /rosout http://localhost:46375/
[rosmaster.master][INFO] 2025-08-11 12:54:30,298: -SERVICE [/rosout/get_loggers] /rosout rosrpc://localhost:34179
[rosmaster.master][INFO] 2025-08-11 12:54:30,299: -SERVICE [/rosout/set_logger_level] /rosout rosrpc://localhost:34179
[rosmaster.master][INFO] 2025-08-11 12:54:30,301: -CACHEDPARAM [/rosout/omit_topics] by /rosout
[rosmaster.main][INFO] 2025-08-11 12:54:30,389: keyboard interrupt, will exit
[rosmaster.main][INFO] 2025-08-11 12:54:30,390: stopping master...
[rospy.core][INFO] 2025-08-11 12:54:30,391: signal_shutdown [atexit]
