[rospy.client][INFO] 2025-08-14 17:45:22,852: init_node, name[/rosbridge_websocket], pid[1587]
[xmlrpc][INFO] 2025-08-14 17:45:22,853: XML-RPC server binding to 127.0.0.1:0
[xmlrpc][INFO] 2025-08-14 17:45:22,854: Started XML-RPC server [http://localhost:36861/]
[rospy.init][INFO] 2025-08-14 17:45:22,855: ROS Slave URI: [http://localhost:36861/]
[rospy.impl.masterslave][INFO] 2025-08-14 17:45:22,855: _ready: http://localhost:36861/
[rospy.registration][INFO] 2025-08-14 17:45:22,857: Registering with master node http://localhost:11311/
[xmlrpc][INFO] 2025-08-14 17:45:22,857: xml rpc node: starting XML-RPC server
[rospy.init][INFO] 2025-08-14 17:45:22,955: registered with master
[rospy.rosout][INFO] 2025-08-14 17:45:22,956: initializing /rosout core topic
[rospy.rosout][INFO] 2025-08-14 17:45:22,963: connected to core topic /rosout
[rospy.simtime][INFO] 2025-08-14 17:45:22,967: /use_sim_time is not set, will not subscribe to simulated time [/clock] topic
[rosout][INFO] 2025-08-14 17:45:23,041: Rosbridge WebSocket server started at ws://0.0.0.0:9090
[rospy.internal][INFO] 2025-08-14 17:45:23,198: topic[/rosout] adding connection to [/rosout], count 0
[rosout][INFO] 2025-08-14 17:45:35,893: Client connected.  1 clients total.
[rosout][INFO] 2025-08-14 17:45:37,019: [Client 0] Subscribed to /kelpie/leg_control/joint_states
[rosout][INFO] 2025-08-14 17:45:37,035: [Client 0] Subscribed to /kelpie/leg_control/currents
[rospy.internal][INFO] 2025-08-14 17:45:37,043: topic[/kelpie/leg_control/currents] adding connection to [http://localhost:41249/], count 0
[rospy.internal][INFO] 2025-08-14 17:45:37,051: topic[/kelpie/leg_control/joint_states] adding connection to [http://localhost:34119/], count 0
[rosout][INFO] 2025-08-14 17:45:37,058: [Client 0] Subscribed to /kelpie/battery/voltage
[rospy.internal][INFO] 2025-08-14 17:45:37,066: topic[/kelpie/battery/voltage] adding connection to [http://localhost:41249/], count 0
[rosout][INFO] 2025-08-14 17:45:37,083: [Client 0] Subscribed to /kelpie/imu
[rospy.internal][INFO] 2025-08-14 17:45:37,090: topic[/kelpie/imu] adding connection to [http://localhost:41249/], count 0
[rosout][INFO] 2025-08-14 17:45:52,958: Client disconnected. 0 clients total.
[rospy.internal][INFO] 2025-08-14 17:45:52,963: topic impl's ref count is zero, deleting topic /kelpie/leg_control/joint_states...
[rospy.internal][INFO] 2025-08-14 17:45:52,963: topic[/kelpie/leg_control/joint_states] removing connection to http://localhost:34119/
[rospy.internal][INFO] 2025-08-14 17:45:52,967: topic impl's ref count is zero, deleting topic /kelpie/leg_control/currents...
[rospy.internal][INFO] 2025-08-14 17:45:52,968: topic[/kelpie/leg_control/currents] removing connection to http://localhost:41249/
[rospy.internal][INFO] 2025-08-14 17:45:52,971: topic impl's ref count is zero, deleting topic /kelpie/battery/voltage...
[rospy.internal][INFO] 2025-08-14 17:45:52,972: topic[/kelpie/battery/voltage] removing connection to http://localhost:41249/
[rospy.internal][INFO] 2025-08-14 17:45:52,975: topic impl's ref count is zero, deleting topic /kelpie/imu...
[rospy.internal][INFO] 2025-08-14 17:45:52,975: topic[/kelpie/imu] removing connection to http://localhost:41249/
[rosout][INFO] 2025-08-14 17:45:52,998: Client connected.  1 clients total.
[rospy.internal][INFO] 2025-08-14 17:45:55,182: topic[/kelpie/command_input] adding connection to [/kelpie], count 0
[rosout][INFO] 2025-08-14 17:45:58,270: Client disconnected. 0 clients total.
[rosout][INFO] 2025-08-14 17:45:58,280: Client connected.  1 clients total.
[rosout][INFO] 2025-08-14 17:45:58,305: [Client 2] Subscribed to /kelpie/leg_control/joint_states
[rosout][INFO] 2025-08-14 17:45:58,320: [Client 2] Subscribed to /kelpie/leg_control/currents
[rospy.internal][INFO] 2025-08-14 17:45:58,328: topic[/kelpie/leg_control/currents] adding connection to [http://localhost:41249/], count 0
[rosout][INFO] 2025-08-14 17:45:58,339: [Client 2] Subscribed to /kelpie/battery/voltage
[rospy.internal][INFO] 2025-08-14 17:45:58,348: topic[/kelpie/battery/voltage] adding connection to [http://localhost:41249/], count 0
[rospy.internal][INFO] 2025-08-14 17:45:58,348: topic[/kelpie/leg_control/joint_states] adding connection to [http://localhost:34119/], count 0
[rosout][INFO] 2025-08-14 17:45:58,361: [Client 2] Subscribed to /kelpie/imu
[rospy.internal][INFO] 2025-08-14 17:45:58,372: topic[/kelpie/imu] adding connection to [http://localhost:41249/], count 0
[rospy.internal][INFO] 2025-08-14 17:46:08,275: topic impl's ref count is zero, deleting topic /kelpie/command_input...
[rospy.internal][INFO] 2025-08-14 17:46:08,275: topic[/kelpie/command_input] removing connection to /kelpie
[rospy.internal][INFO] 2025-08-14 17:47:00,757: topic[/kelpie/leg_control/joint_states] removing connection to http://localhost:34119/
[rospy.internal][INFO] 2025-08-14 17:47:00,769: topic[/kelpie/leg_control/joint_states] adding connection to [http://localhost:39093/], count 0
[rospy.internal][INFO] 2025-08-14 17:47:01,508: topic[/kelpie/leg_control/currents] removing connection to http://localhost:41249/
[rospy.internal][INFO] 2025-08-14 17:47:01,510: topic[/kelpie/battery/voltage] removing connection to http://localhost:41249/
[rospy.internal][INFO] 2025-08-14 17:47:01,512: topic[/kelpie/imu] removing connection to http://localhost:41249/
[rospy.internal][INFO] 2025-08-14 17:47:01,678: topic[/kelpie/leg_control/currents] adding connection to [http://localhost:37415/], count 0
[rospy.internal][INFO] 2025-08-14 17:47:01,691: topic[/kelpie/battery/voltage] adding connection to [http://localhost:37415/], count 0
[rospy.internal][INFO] 2025-08-14 17:47:01,700: topic[/kelpie/imu] adding connection to [http://localhost:37415/], count 0
[rospy.client][INFO] 2025-08-14 17:47:01,744: init_node, name[/rosbridge_websocket], pid[1866]
[xmlrpc][INFO] 2025-08-14 17:47:01,746: XML-RPC server binding to 127.0.0.1:0
[xmlrpc][INFO] 2025-08-14 17:47:01,747: Started XML-RPC server [http://localhost:35917/]
[rospy.init][INFO] 2025-08-14 17:47:01,747: ROS Slave URI: [http://localhost:35917/]
[rospy.impl.masterslave][INFO] 2025-08-14 17:47:01,748: _ready: http://localhost:35917/
[rospy.registration][INFO] 2025-08-14 17:47:01,751: Registering with master node http://localhost:11311/
[xmlrpc][INFO] 2025-08-14 17:47:01,751: xml rpc node: starting XML-RPC server
[rospy.init][INFO] 2025-08-14 17:47:01,848: registered with master
[rospy.rosout][INFO] 2025-08-14 17:47:01,849: initializing /rosout core topic
[rospy.rosout][INFO] 2025-08-14 17:47:01,859: connected to core topic /rosout
[rospy.simtime][INFO] 2025-08-14 17:47:01,862: /use_sim_time is not set, will not subscribe to simulated time [/clock] topic
[rospy.impl.masterslave][INFO] 2025-08-14 17:47:01,900: external shutdown request from [/master]: [/rosbridge_websocket] Reason: new node registered with same name
[rospy.core][INFO] 2025-08-14 17:47:01,901: signal_shutdown [external shutdown request from [/master]: [[/rosbridge_websocket] Reason: new node registered with same name]]
[rospy.internal][INFO] 2025-08-14 17:47:01,903: topic[/rosout] removing connection to /rosout
[rospy.internal][INFO] 2025-08-14 17:47:01,922: topic[/kelpie/leg_control/joint_states] removing connection to http://localhost:39093/
[rospy.internal][INFO] 2025-08-14 17:47:01,923: topic[/kelpie/leg_control/currents] removing connection to http://localhost:37415/
[rospy.internal][INFO] 2025-08-14 17:47:01,926: topic[/kelpie/battery/voltage] removing connection to http://localhost:37415/
[rospy.internal][INFO] 2025-08-14 17:47:01,927: topic[/kelpie/imu] removing connection to http://localhost:37415/
[rospy.rosout][ERROR] 2025-08-14 17:47:01,930: Unable to report rosout: publish() to a closed topic
Traceback (most recent call last):
  File "/opt/ros/noetic/lib/python3/dist-packages/rospy/impl/rosout.py", line 100, in _rosout
    _rosout_pub.publish(l)
  File "/opt/ros/noetic/lib/python3/dist-packages/rospy/topics.py", line 882, in publish
    self.impl.publish(data)
  File "/opt/ros/noetic/lib/python3/dist-packages/rospy/topics.py", line 1041, in publish
    raise ROSException("publish() to a closed topic")
rospy.exceptions.ROSException: publish() to a closed topic

[rosout][INFO] 2025-08-14 17:47:01,908: Client disconnected. 0 clients total.
[rospy.core][INFO] 2025-08-14 17:47:01,931: signal_shutdown [atexit]
[rosout][INFO] 2025-08-14 17:47:01,966: Rosbridge WebSocket server started at ws://0.0.0.0:9090
[rospy.impl.masterslave][INFO] 2025-08-14 17:47:02,024: external shutdown request from [/master]: [/rosbridge_websocket] Reason: new node registered with same name
[rospy.core][INFO] 2025-08-14 17:47:02,025: signal_shutdown [external shutdown request from [/master]: [[/rosbridge_websocket] Reason: new node registered with same name]]
[rospy.core][INFO] 2025-08-14 17:47:13,853: signal_shutdown [atexit]
[rospy.client][INFO] 2025-08-14 17:47:47,702: init_node, name[/rosbridge_websocket], pid[2011]
[xmlrpc][INFO] 2025-08-14 17:47:47,703: XML-RPC server binding to 127.0.0.1:0
[xmlrpc][INFO] 2025-08-14 17:47:47,705: Started XML-RPC server [http://localhost:42425/]
[rospy.init][INFO] 2025-08-14 17:47:47,706: ROS Slave URI: [http://localhost:42425/]
[rospy.impl.masterslave][INFO] 2025-08-14 17:47:47,706: _ready: http://localhost:42425/
[rospy.registration][INFO] 2025-08-14 17:47:47,709: Registering with master node http://localhost:11311/
[xmlrpc][INFO] 2025-08-14 17:47:47,709: xml rpc node: starting XML-RPC server
[rospy.init][INFO] 2025-08-14 17:47:47,807: registered with master
[rospy.rosout][INFO] 2025-08-14 17:47:47,808: initializing /rosout core topic
[rospy.rosout][INFO] 2025-08-14 17:47:47,825: connected to core topic /rosout
[rospy.simtime][INFO] 2025-08-14 17:47:47,830: /use_sim_time is not set, will not subscribe to simulated time [/clock] topic
[rosout][INFO] 2025-08-14 17:47:47,957: Rosbridge WebSocket server started at ws://0.0.0.0:9090
[rospy.internal][INFO] 2025-08-14 17:47:48,077: topic[/rosout] adding connection to [/rosout], count 0
[rosout][INFO] 2025-08-14 17:47:54,314: Client connected.  1 clients total.
[rosout][INFO] 2025-08-14 17:47:58,081: Client disconnected. 0 clients total.
[rosout][INFO] 2025-08-14 17:47:58,093: Client connected.  1 clients total.
[rosout][INFO] 2025-08-14 17:47:58,974: [Client 1] Subscribed to /kelpie/leg_control/joint_states
[rospy.internal][INFO] 2025-08-14 17:47:58,997: topic[/kelpie/leg_control/joint_states] adding connection to [http://localhost:41571/], count 0
[rosout][INFO] 2025-08-14 17:47:58,991: [Client 1] Subscribed to /kelpie/leg_control/currents
[rospy.internal][INFO] 2025-08-14 17:47:59,006: topic[/kelpie/leg_control/currents] adding connection to [http://localhost:33189/], count 0
[rosout][INFO] 2025-08-14 17:47:59,027: [Client 1] Subscribed to /kelpie/battery/voltage
[rospy.internal][INFO] 2025-08-14 17:47:59,039: topic[/kelpie/battery/voltage] adding connection to [http://localhost:33189/], count 0
[rosout][INFO] 2025-08-14 17:47:59,051: [Client 1] Subscribed to /kelpie/imu
[rospy.internal][INFO] 2025-08-14 17:47:59,066: topic[/kelpie/imu] adding connection to [http://localhost:33189/], count 0
[rosout][INFO] 2025-08-14 17:48:23,570: Client disconnected. 0 clients total.
[rospy.internal][INFO] 2025-08-14 17:48:23,575: topic impl's ref count is zero, deleting topic /kelpie/leg_control/joint_states...
[rospy.internal][INFO] 2025-08-14 17:48:23,576: topic[/kelpie/leg_control/joint_states] removing connection to http://localhost:41571/
[rospy.internal][INFO] 2025-08-14 17:48:23,580: topic impl's ref count is zero, deleting topic /kelpie/leg_control/currents...
[rospy.internal][INFO] 2025-08-14 17:48:23,581: topic[/kelpie/leg_control/currents] removing connection to http://localhost:33189/
[rospy.internal][INFO] 2025-08-14 17:48:23,585: topic impl's ref count is zero, deleting topic /kelpie/battery/voltage...
[rospy.internal][INFO] 2025-08-14 17:48:23,586: topic[/kelpie/battery/voltage] removing connection to http://localhost:33189/
[rospy.internal][INFO] 2025-08-14 17:48:23,589: topic impl's ref count is zero, deleting topic /kelpie/imu...
[rospy.internal][INFO] 2025-08-14 17:48:23,590: topic[/kelpie/imu] removing connection to http://localhost:33189/
[rosout][INFO] 2025-08-14 17:48:23,600: Client connected.  1 clients total.
[rospy.internal][INFO] 2025-08-14 17:48:27,880: topic[/kelpie/command_input] adding connection to [/kelpie], count 0
[rosout][INFO] 2025-08-14 17:48:37,812: Client disconnected. 0 clients total.
[rosout][INFO] 2025-08-14 17:48:37,823: Client connected.  1 clients total.
[rosout][INFO] 2025-08-14 17:48:37,846: [Client 3] Subscribed to /kelpie/leg_control/joint_states
[rospy.internal][INFO] 2025-08-14 17:48:37,872: topic[/kelpie/leg_control/joint_states] adding connection to [http://localhost:41571/], count 0
[rosout][INFO] 2025-08-14 17:48:37,863: [Client 3] Subscribed to /kelpie/leg_control/currents
[rospy.internal][INFO] 2025-08-14 17:48:37,886: topic[/kelpie/leg_control/currents] adding connection to [http://localhost:33189/], count 0
[rosout][INFO] 2025-08-14 17:48:37,888: [Client 3] Subscribed to /kelpie/battery/voltage
[rospy.internal][INFO] 2025-08-14 17:48:37,906: topic[/kelpie/battery/voltage] adding connection to [http://localhost:33189/], count 0
[rosout][INFO] 2025-08-14 17:48:37,917: [Client 3] Subscribed to /kelpie/imu
[rospy.internal][INFO] 2025-08-14 17:48:37,926: topic[/kelpie/imu] adding connection to [http://localhost:33189/], count 0
[rospy.internal][INFO] 2025-08-14 17:48:47,817: topic impl's ref count is zero, deleting topic /kelpie/command_input...
[rospy.internal][INFO] 2025-08-14 17:48:47,818: topic[/kelpie/command_input] removing connection to /kelpie
[rospy.internal][INFO] 2025-08-14 17:48:56,677: topic[/kelpie/leg_control/currents] removing connection to http://localhost:33189/
[rospy.internal][INFO] 2025-08-14 17:48:56,681: topic[/kelpie/battery/voltage] removing connection to http://localhost:33189/
[rospy.internal][INFO] 2025-08-14 17:48:56,682: topic[/kelpie/imu] removing connection to http://localhost:33189/
[rospy.core][INFO] 2025-08-14 17:48:56,686: signal_shutdown [signal-2]
[rospy.internal][INFO] 2025-08-14 17:48:56,699: topic[/rosout] removing connection to /rosout
[rospy.internal][INFO] 2025-08-14 17:48:56,700: topic[/kelpie/leg_control/joint_states] removing connection to http://localhost:41571/
[rospy.impl.masterslave][INFO] 2025-08-14 17:48:56,701: signal-2
[rosout][INFO] 2025-08-14 17:48:57,291: Client disconnected. 0 clients total.
[rospy.core][INFO] 2025-08-14 17:48:57,300: signal_shutdown [atexit]
[rospy.client][INFO] 2025-08-14 17:49:31,047: init_node, name[/rosbridge_websocket], pid[2190]
[xmlrpc][INFO] 2025-08-14 17:49:31,048: XML-RPC server binding to 127.0.0.1:0
[xmlrpc][INFO] 2025-08-14 17:49:31,049: Started XML-RPC server [http://localhost:46583/]
[rospy.init][INFO] 2025-08-14 17:49:31,049: ROS Slave URI: [http://localhost:46583/]
[rospy.impl.masterslave][INFO] 2025-08-14 17:49:31,050: _ready: http://localhost:46583/
[rospy.registration][INFO] 2025-08-14 17:49:31,052: Registering with master node http://localhost:11311/
[xmlrpc][INFO] 2025-08-14 17:49:31,052: xml rpc node: starting XML-RPC server
[rospy.init][INFO] 2025-08-14 17:49:31,150: registered with master
[rospy.rosout][INFO] 2025-08-14 17:49:31,151: initializing /rosout core topic
[rospy.rosout][INFO] 2025-08-14 17:49:31,168: connected to core topic /rosout
[rospy.simtime][INFO] 2025-08-14 17:49:31,180: /use_sim_time is not set, will not subscribe to simulated time [/clock] topic
[rosout][INFO] 2025-08-14 17:49:31,247: Rosbridge WebSocket server started at ws://0.0.0.0:9090
[rospy.internal][INFO] 2025-08-14 17:49:31,423: topic[/rosout] adding connection to [/rosout], count 0
[rosout][INFO] 2025-08-14 17:49:39,183: Client connected.  1 clients total.
[rosout][INFO] 2025-08-14 17:49:40,135: [Client 0] Subscribed to /kelpie/leg_control/joint_states
[rosout][INFO] 2025-08-14 17:49:40,152: [Client 0] Subscribed to /kelpie/leg_control/currents
[rospy.internal][INFO] 2025-08-14 17:49:40,163: topic[/kelpie/leg_control/currents] adding connection to [http://localhost:37567/], count 0
[rosout][INFO] 2025-08-14 17:49:40,171: [Client 0] Subscribed to /kelpie/battery/voltage
[rospy.internal][INFO] 2025-08-14 17:49:40,184: topic[/kelpie/leg_control/joint_states] adding connection to [http://localhost:43539/], count 0
[rospy.internal][INFO] 2025-08-14 17:49:40,204: topic[/kelpie/battery/voltage] adding connection to [http://localhost:37567/], count 0
[rosout][INFO] 2025-08-14 17:49:40,207: [Client 0] Subscribed to /kelpie/imu
[rospy.internal][INFO] 2025-08-14 17:49:40,220: topic[/kelpie/imu] adding connection to [http://localhost:37567/], count 0
[rosout][INFO] 2025-08-14 17:50:08,446: Client disconnected. 0 clients total.
[rospy.internal][INFO] 2025-08-14 17:50:08,450: topic impl's ref count is zero, deleting topic /kelpie/leg_control/joint_states...
[rospy.internal][INFO] 2025-08-14 17:50:08,451: topic[/kelpie/leg_control/joint_states] removing connection to http://localhost:43539/
[rospy.internal][INFO] 2025-08-14 17:50:08,455: topic impl's ref count is zero, deleting topic /kelpie/leg_control/currents...
[rospy.internal][INFO] 2025-08-14 17:50:08,456: topic[/kelpie/leg_control/currents] removing connection to http://localhost:37567/
[rospy.internal][INFO] 2025-08-14 17:50:08,456: topic[/kelpie/leg_control/currents] removing connection to http://localhost:37567/
[rospy.internal][INFO] 2025-08-14 17:50:08,460: topic impl's ref count is zero, deleting topic /kelpie/battery/voltage...
[rospy.internal][INFO] 2025-08-14 17:50:08,460: topic[/kelpie/battery/voltage] removing connection to http://localhost:37567/
[rospy.internal][INFO] 2025-08-14 17:50:08,464: topic impl's ref count is zero, deleting topic /kelpie/imu...
[rospy.internal][INFO] 2025-08-14 17:50:08,465: topic[/kelpie/imu] removing connection to http://localhost:37567/
[rosout][INFO] 2025-08-14 17:50:08,484: Client connected.  1 clients total.
[rosout][INFO] 2025-08-14 17:50:17,140: Client disconnected. 0 clients total.
[rosout][INFO] 2025-08-14 17:50:17,161: Client connected.  1 clients total.
[rosout][INFO] 2025-08-14 17:50:17,187: [Client 2] Subscribed to /kelpie/leg_control/joint_states
[rosout][INFO] 2025-08-14 17:50:17,203: [Client 2] Subscribed to /kelpie/leg_control/currents
[rospy.internal][INFO] 2025-08-14 17:50:17,212: topic[/kelpie/leg_control/currents] adding connection to [http://localhost:37567/], count 0
[rospy.internal][INFO] 2025-08-14 17:50:17,224: topic[/kelpie/leg_control/joint_states] adding connection to [http://localhost:43539/], count 0
[rosout][INFO] 2025-08-14 17:50:17,219: [Client 2] Subscribed to /kelpie/battery/voltage
[rospy.internal][INFO] 2025-08-14 17:50:17,236: topic[/kelpie/battery/voltage] adding connection to [http://localhost:37567/], count 0
[rosout][INFO] 2025-08-14 17:50:17,238: [Client 2] Subscribed to /kelpie/imu
[rospy.internal][INFO] 2025-08-14 17:50:17,252: topic[/kelpie/imu] adding connection to [http://localhost:37567/], count 0
[rosout][INFO] 2025-08-14 17:50:20,083: Client disconnected. 0 clients total.
[rospy.internal][INFO] 2025-08-14 17:50:20,088: topic impl's ref count is zero, deleting topic /kelpie/leg_control/joint_states...
[rospy.internal][INFO] 2025-08-14 17:50:20,088: topic[/kelpie/leg_control/joint_states] removing connection to http://localhost:43539/
[rospy.internal][INFO] 2025-08-14 17:50:20,092: topic impl's ref count is zero, deleting topic /kelpie/leg_control/currents...
[rospy.internal][INFO] 2025-08-14 17:50:20,093: topic[/kelpie/leg_control/currents] removing connection to http://localhost:37567/
[rospy.internal][INFO] 2025-08-14 17:50:20,096: topic impl's ref count is zero, deleting topic /kelpie/battery/voltage...
[rospy.internal][INFO] 2025-08-14 17:50:20,097: topic[/kelpie/battery/voltage] removing connection to http://localhost:37567/
[rospy.internal][INFO] 2025-08-14 17:50:20,100: topic impl's ref count is zero, deleting topic /kelpie/imu...
[rospy.internal][INFO] 2025-08-14 17:50:20,101: topic[/kelpie/imu] removing connection to http://localhost:37567/
[rosout][INFO] 2025-08-14 17:50:20,120: Client connected.  1 clients total.
[rospy.internal][INFO] 2025-08-14 17:50:23,362: topic[/kelpie/command_input] adding connection to [/kelpie], count 0
[rospy.internal][INFO] 2025-08-14 17:50:47,260: topic[/kelpie/command_input] removing connection to /kelpie
[rospy.internal][INFO] 2025-08-14 17:50:47,318: topic[/kelpie/command_input] adding connection to [/kelpie], count 0
[rospy.client][INFO] 2025-08-14 17:50:49,002: init_node, name[/rosbridge_websocket], pid[2332]
[xmlrpc][INFO] 2025-08-14 17:50:49,003: XML-RPC server binding to 127.0.0.1:0
[xmlrpc][INFO] 2025-08-14 17:50:49,004: Started XML-RPC server [http://localhost:45779/]
[rospy.init][INFO] 2025-08-14 17:50:49,005: ROS Slave URI: [http://localhost:45779/]
[rospy.impl.masterslave][INFO] 2025-08-14 17:50:49,005: _ready: http://localhost:45779/
[rospy.registration][INFO] 2025-08-14 17:50:49,007: Registering with master node http://localhost:11311/
[xmlrpc][INFO] 2025-08-14 17:50:49,008: xml rpc node: starting XML-RPC server
[rospy.init][INFO] 2025-08-14 17:50:49,105: registered with master
[rospy.rosout][INFO] 2025-08-14 17:50:49,106: initializing /rosout core topic
[rospy.rosout][INFO] 2025-08-14 17:50:49,112: connected to core topic /rosout
[rospy.simtime][INFO] 2025-08-14 17:50:49,115: /use_sim_time is not set, will not subscribe to simulated time [/clock] topic
[rospy.impl.masterslave][INFO] 2025-08-14 17:50:49,165: external shutdown request from [/master]: [/rosbridge_websocket] Reason: new node registered with same name
[rospy.core][INFO] 2025-08-14 17:50:49,165: signal_shutdown [external shutdown request from [/master]: [[/rosbridge_websocket] Reason: new node registered with same name]]
[rospy.internal][INFO] 2025-08-14 17:50:49,181: topic[/rosout] removing connection to /rosout
[rospy.internal][INFO] 2025-08-14 17:50:49,183: topic[/kelpie/command_input] removing connection to /kelpie
[rosout][WARNING] 2025-08-14 17:50:49,182: Unable to start server: Couldn't listen on any:9090: [Errno 98] Address already in use. Retrying in 5s.
[rospy.internal][INFO] 2025-08-14 17:50:49,381: topic[/rosout] adding connection to [/rosout], count 0
[rosout][WARNING] 2025-08-14 17:50:54,192: Unable to start server: Couldn't listen on any:9090: [Errno 98] Address already in use. Retrying in 5s.
[rosout][INFO] 2025-08-14 17:50:56,467: Client disconnected. 0 clients total.
[rospy.core][INFO] 2025-08-14 17:50:56,474: signal_shutdown [atexit]
[rospy.impl.masterslave][INFO] 2025-08-14 17:50:56,496: external shutdown request from [/master]: [/rosbridge_websocket] Reason: new node registered with same name
[rospy.core][INFO] 2025-08-14 17:50:56,496: signal_shutdown [external shutdown request from [/master]: [[/rosbridge_websocket] Reason: new node registered with same name]]
[rospy.internal][INFO] 2025-08-14 17:50:56,505: topic[/rosout] removing connection to /rosout
[rospy.core][WARNING] 2025-08-14 17:50:59,204: add_shutdown_hook called after shutdown
[rosout][WARNING] 2025-08-14 17:50:59,209: Can't stop the reactor, it wasn't running
[rospy.core][INFO] 2025-08-14 17:51:46,047: signal_shutdown [signal-2]
[rospy.core][INFO] 2025-08-14 17:52:01,077: signal_shutdown [atexit]
[rospy.client][INFO] 2025-08-14 17:52:25,861: init_node, name[/rosbridge_websocket], pid[2461]
[xmlrpc][INFO] 2025-08-14 17:52:25,862: XML-RPC server binding to 127.0.0.1:0
[xmlrpc][INFO] 2025-08-14 17:52:25,863: Started XML-RPC server [http://localhost:44155/]
[rospy.init][INFO] 2025-08-14 17:52:25,863: ROS Slave URI: [http://localhost:44155/]
[rospy.impl.masterslave][INFO] 2025-08-14 17:52:25,864: _ready: http://localhost:44155/
[rospy.registration][INFO] 2025-08-14 17:52:25,866: Registering with master node http://localhost:11311/
[xmlrpc][INFO] 2025-08-14 17:52:25,866: xml rpc node: starting XML-RPC server
[rospy.init][INFO] 2025-08-14 17:52:25,964: registered with master
[rospy.rosout][INFO] 2025-08-14 17:52:25,965: initializing /rosout core topic
[rospy.rosout][INFO] 2025-08-14 17:52:25,971: connected to core topic /rosout
[rospy.simtime][INFO] 2025-08-14 17:52:25,974: /use_sim_time is not set, will not subscribe to simulated time [/clock] topic
[rosout][INFO] 2025-08-14 17:52:26,048: Rosbridge WebSocket server started at ws://0.0.0.0:9090
[rospy.internal][INFO] 2025-08-14 17:52:26,219: topic[/rosout] adding connection to [/rosout], count 0
[rosout][INFO] 2025-08-14 17:52:30,083: Client connected.  1 clients total.
[rosout][INFO] 2025-08-14 17:52:33,130: Client disconnected. 0 clients total.
[rosout][INFO] 2025-08-14 17:52:33,144: Client connected.  1 clients total.
[rosout][INFO] 2025-08-14 17:52:34,005: [Client 1] Subscribed to /kelpie/leg_control/joint_states
[rosout][INFO] 2025-08-14 17:52:34,020: [Client 1] Subscribed to /kelpie/leg_control/currents
[rospy.internal][INFO] 2025-08-14 17:52:34,028: topic[/kelpie/leg_control/currents] adding connection to [http://localhost:44415/], count 0
[rospy.internal][INFO] 2025-08-14 17:52:34,038: topic[/kelpie/leg_control/joint_states] adding connection to [http://localhost:35035/], count 0
[rosout][INFO] 2025-08-14 17:52:34,045: [Client 1] Subscribed to /kelpie/battery/voltage
[rospy.internal][INFO] 2025-08-14 17:52:34,054: topic[/kelpie/battery/voltage] adding connection to [http://localhost:44415/], count 0
[rosout][INFO] 2025-08-14 17:52:34,063: [Client 1] Subscribed to /kelpie/imu
[rospy.internal][INFO] 2025-08-14 17:52:34,070: topic[/kelpie/imu] adding connection to [http://localhost:44415/], count 0
[rosout][INFO] 2025-08-14 17:52:36,082: Client disconnected. 0 clients total.
[rospy.internal][INFO] 2025-08-14 17:52:36,086: topic impl's ref count is zero, deleting topic /kelpie/leg_control/joint_states...
[rospy.internal][INFO] 2025-08-14 17:52:36,087: topic[/kelpie/leg_control/joint_states] removing connection to http://localhost:35035/
[rospy.internal][INFO] 2025-08-14 17:52:36,091: topic impl's ref count is zero, deleting topic /kelpie/leg_control/currents...
[rospy.internal][INFO] 2025-08-14 17:52:36,092: topic[/kelpie/leg_control/currents] removing connection to http://localhost:44415/
[rospy.internal][INFO] 2025-08-14 17:52:36,095: topic impl's ref count is zero, deleting topic /kelpie/battery/voltage...
[rospy.internal][INFO] 2025-08-14 17:52:36,096: topic[/kelpie/battery/voltage] removing connection to http://localhost:44415/
[rospy.internal][INFO] 2025-08-14 17:52:36,099: topic impl's ref count is zero, deleting topic /kelpie/imu...
[rospy.internal][INFO] 2025-08-14 17:52:36,100: topic[/kelpie/imu] removing connection to http://localhost:44415/
[rosout][INFO] 2025-08-14 17:52:36,119: Client connected.  1 clients total.
[rospy.internal][INFO] 2025-08-14 17:52:37,232: topic[/kelpie/command_input] adding connection to [/kelpie], count 0
[rospy.internal][INFO] 2025-08-14 17:52:47,765: topic[/kelpie/command_input] adding connection to [/kelpie], count 1
[rospy.internal][INFO] 2025-08-14 17:52:47,766: topic[/kelpie/command_input] removing connection to /kelpie
[rospy.client][INFO] 2025-08-14 17:52:48,360: init_node, name[/rosbridge_websocket], pid[2564]
[xmlrpc][INFO] 2025-08-14 17:52:48,362: XML-RPC server binding to 127.0.0.1:0
[xmlrpc][INFO] 2025-08-14 17:52:48,363: Started XML-RPC server [http://localhost:36821/]
[rospy.init][INFO] 2025-08-14 17:52:48,364: ROS Slave URI: [http://localhost:36821/]
[rospy.impl.masterslave][INFO] 2025-08-14 17:52:48,364: _ready: http://localhost:36821/
[xmlrpc][INFO] 2025-08-14 17:52:48,375: xml rpc node: starting XML-RPC server
[rospy.registration][INFO] 2025-08-14 17:52:48,377: Registering with master node http://localhost:11311/
[rospy.init][INFO] 2025-08-14 17:52:48,465: registered with master
[rospy.rosout][INFO] 2025-08-14 17:52:48,466: initializing /rosout core topic
[rospy.rosout][INFO] 2025-08-14 17:52:48,481: connected to core topic /rosout
[rospy.simtime][INFO] 2025-08-14 17:52:48,487: /use_sim_time is not set, will not subscribe to simulated time [/clock] topic
[rospy.impl.masterslave][INFO] 2025-08-14 17:52:48,516: external shutdown request from [/master]: [/rosbridge_websocket] Reason: new node registered with same name
[rospy.core][INFO] 2025-08-14 17:52:48,516: signal_shutdown [external shutdown request from [/master]: [[/rosbridge_websocket] Reason: new node registered with same name]]
[rospy.internal][INFO] 2025-08-14 17:52:48,545: topic[/rosout] removing connection to /rosout
[rospy.internal][INFO] 2025-08-14 17:52:48,557: topic[/kelpie/command_input] removing connection to /kelpie
[rosout][WARNING] 2025-08-14 17:52:48,657: Unable to start server: Couldn't listen on any:9090: [Errno 98] Address already in use. Retrying in 5s.
[rospy.internal][INFO] 2025-08-14 17:52:48,778: topic[/rosout] adding connection to [/rosout], count 0
[rosout][WARNING] 2025-08-14 17:52:53,684: Unable to start server: Couldn't listen on any:9090: [Errno 98] Address already in use. Retrying in 5s.
[rosout][WARNING] 2025-08-14 17:52:58,699: Unable to start server: Couldn't listen on any:9090: [Errno 98] Address already in use. Retrying in 5s.
[rospy.core][INFO] 2025-08-14 17:53:00,468: signal_shutdown [signal-2]
[rosout][INFO] 2025-08-14 17:53:00,471: Client disconnected. 0 clients total.
[rospy.core][INFO] 2025-08-14 17:53:00,476: signal_shutdown [atexit]
[rospy.impl.masterslave][INFO] 2025-08-14 17:53:00,488: external shutdown request from [/master]: [/rosbridge_websocket] Reason: new node registered with same name
[rospy.core][INFO] 2025-08-14 17:53:00,490: signal_shutdown [external shutdown request from [/master]: [[/rosbridge_websocket] Reason: new node registered with same name]]
[rospy.internal][INFO] 2025-08-14 17:53:00,505: topic[/rosout] removing connection to /rosout
[rospy.core][WARNING] 2025-08-14 17:53:03,716: add_shutdown_hook called after shutdown
[rosout][WARNING] 2025-08-14 17:53:03,722: Can't stop the reactor, it wasn't running
[rospy.core][INFO] 2025-08-14 17:53:46,550: signal_shutdown [signal-2]
[rospy.core][INFO] 2025-08-14 17:54:01,584: signal_shutdown [atexit]
