[rosmaster.main][INFO] 2025-08-13 16:24:16,793: initialization complete, waiting for shutdown
[rosmaster.main][INFO] 2025-08-13 16:24:16,793: Starting ROS Master Node
[xmlrpc][INFO] 2025-08-13 16:24:16,795: XML-RPC server binding to 127.0.0.1:11311
[xmlrpc][INFO] 2025-08-13 16:24:16,795: Started XML-RPC server [http://localhost:11311/]
[rosmaster.master][INFO] 2025-08-13 16:24:16,796: Master initialized: port[11311], uri[http://localhost:11311/]
[xmlrpc][INFO] 2025-08-13 16:24:16,796: xml rpc node: starting XML-RPC server
[rosmaster.master][INFO] 2025-08-13 16:24:16,824: +PARAM [/run_id] by /roslaunch
[rosmaster.master][INFO] 2025-08-13 16:24:16,827: +PARAM [/roslaunch/uris/host_localhost__33687] by /roslaunch
[rosmaster.master][INFO] 2025-08-13 16:24:16,935: +PARAM [/rosversion] by /roslaunch
[rosmaster.master][INFO] 2025-08-13 16:24:16,935: +PARAM [/rosdistro] by /roslaunch
[rosmaster.master][INFO] 2025-08-13 16:24:16,935: +PARAM [/rosbridge_websocket/authenticate] by /roslaunch
[rosmaster.master][INFO] 2025-08-13 16:24:16,936: +PARAM [/rosbridge_websocket/port] by /roslaunch
[rosmaster.master][INFO] 2025-08-13 16:24:16,936: +PARAM [/rosbridge_websocket/address] by /roslaunch
[rosmaster.master][INFO] 2025-08-13 16:24:16,936: +PARAM [/rosbridge_websocket/retry_startup_delay] by /roslaunch
[rosmaster.master][INFO] 2025-08-13 16:24:16,936: +PARAM [/rosbridge_websocket/fragment_timeout] by /roslaunch
[rosmaster.master][INFO] 2025-08-13 16:24:16,937: +PARAM [/rosbridge_websocket/delay_between_messages] by /roslaunch
[rosmaster.master][INFO] 2025-08-13 16:24:16,937: +PARAM [/rosbridge_websocket/max_message_size] by /roslaunch
[rosmaster.master][INFO] 2025-08-13 16:24:16,937: +PARAM [/rosbridge_websocket/unregister_timeout] by /roslaunch
[rosmaster.master][INFO] 2025-08-13 16:24:16,937: +PARAM [/rosbridge_websocket/use_compression] by /roslaunch
[rosmaster.master][INFO] 2025-08-13 16:24:16,938: +PARAM [/rosbridge_websocket/websocket_ping_interval] by /roslaunch
[rosmaster.master][INFO] 2025-08-13 16:24:16,938: +PARAM [/rosbridge_websocket/websocket_ping_timeout] by /roslaunch
[rosmaster.master][INFO] 2025-08-13 16:24:16,938: +PARAM [/rosbridge_websocket/websocket_external_port] by /roslaunch
[rosmaster.master][INFO] 2025-08-13 16:24:16,938: +PARAM [/rosbridge_websocket/topics_glob] by /roslaunch
[rosmaster.master][INFO] 2025-08-13 16:24:16,939: +PARAM [/rosbridge_websocket/services_glob] by /roslaunch
[rosmaster.master][INFO] 2025-08-13 16:24:16,940: +PARAM [/rosbridge_websocket/params_glob] by /roslaunch
[rosmaster.master][INFO] 2025-08-13 16:24:16,941: +PARAM [/rosbridge_websocket/bson_only_mode] by /roslaunch
[rosmaster.master][INFO] 2025-08-13 16:24:16,941: +PARAM [/rosapi/topics_glob] by /roslaunch
[rosmaster.master][INFO] 2025-08-13 16:24:16,941: +PARAM [/rosapi/services_glob] by /roslaunch
[rosmaster.master][INFO] 2025-08-13 16:24:16,942: +PARAM [/rosapi/params_glob] by /roslaunch
[rosmaster.master][INFO] 2025-08-13 16:24:16,943: +SERVICE [/rosout/get_loggers] /rosout http://localhost:40529/
[rosmaster.master][INFO] 2025-08-13 16:24:16,945: +SERVICE [/rosout/set_logger_level] /rosout http://localhost:40529/
[rosmaster.master][INFO] 2025-08-13 16:24:16,951: +PUB [/rosout_agg] /rosout http://localhost:40529/
[rosmaster.master][INFO] 2025-08-13 16:24:16,963: +SUB [/rosout] /rosout http://localhost:40529/
[rosmaster.master][INFO] 2025-08-13 16:24:18,155: +PUB [/rosout] /rosapi http://localhost:40215/
[rosmaster.master][INFO] 2025-08-13 16:24:18,162: +SERVICE [/rosapi/get_loggers] /rosapi http://localhost:40215/
[rosmaster.master][INFO] 2025-08-13 16:24:18,165: +SERVICE [/rosapi/set_logger_level] /rosapi http://localhost:40215/
[rosmaster.master][INFO] 2025-08-13 16:24:18,175: +SERVICE [/rosapi/topics] /rosapi http://localhost:40215/
[rosmaster.master][INFO] 2025-08-13 16:24:18,178: +SERVICE [/rosapi/topics_for_type] /rosapi http://localhost:40215/
[rosmaster.master][INFO] 2025-08-13 16:24:18,181: +SERVICE [/rosapi/services] /rosapi http://localhost:40215/
[rosmaster.master][INFO] 2025-08-13 16:24:18,183: +SERVICE [/rosapi/services_for_type] /rosapi http://localhost:40215/
[rosmaster.master][INFO] 2025-08-13 16:24:18,186: +SERVICE [/rosapi/nodes] /rosapi http://localhost:40215/
[rosmaster.master][INFO] 2025-08-13 16:24:18,189: +SERVICE [/rosapi/node_details] /rosapi http://localhost:40215/
[rosmaster.master][INFO] 2025-08-13 16:24:18,192: +SERVICE [/rosapi/action_servers] /rosapi http://localhost:40215/
[rosmaster.master][INFO] 2025-08-13 16:24:18,195: +SERVICE [/rosapi/topic_type] /rosapi http://localhost:40215/
[rosmaster.master][INFO] 2025-08-13 16:24:18,197: publisherUpdate[/rosout] -> http://localhost:40529/ ['http://localhost:40215/']
[rosmaster.master][INFO] 2025-08-13 16:24:18,201: +SERVICE [/rosapi/service_type] /rosapi http://localhost:40215/
[rosmaster.master][INFO] 2025-08-13 16:24:18,207: +SERVICE [/rosapi/publishers] /rosapi http://localhost:40215/
[rosmaster.master][INFO] 2025-08-13 16:24:18,210: publisherUpdate[/rosout] -> http://localhost:40529/ ['http://localhost:40215/']: sec=0.01, result=[1, '', 0]
[rosmaster.master][INFO] 2025-08-13 16:24:18,211: +SERVICE [/rosapi/subscribers] /rosapi http://localhost:40215/
[rosmaster.master][INFO] 2025-08-13 16:24:18,214: +SERVICE [/rosapi/service_providers] /rosapi http://localhost:40215/
[rosmaster.master][INFO] 2025-08-13 16:24:18,217: +SERVICE [/rosapi/service_node] /rosapi http://localhost:40215/
[rosmaster.master][INFO] 2025-08-13 16:24:18,220: +SERVICE [/rosapi/service_host] /rosapi http://localhost:40215/
[rosmaster.master][INFO] 2025-08-13 16:24:18,223: +SERVICE [/rosapi/message_details] /rosapi http://localhost:40215/
[rosmaster.master][INFO] 2025-08-13 16:24:18,225: +SERVICE [/rosapi/service_request_details] /rosapi http://localhost:40215/
[rosmaster.master][INFO] 2025-08-13 16:24:18,228: +SERVICE [/rosapi/service_response_details] /rosapi http://localhost:40215/
[rosmaster.master][INFO] 2025-08-13 16:24:18,231: +SERVICE [/rosapi/set_param] /rosapi http://localhost:40215/
[rosmaster.master][INFO] 2025-08-13 16:24:18,234: +SERVICE [/rosapi/get_param] /rosapi http://localhost:40215/
[rosmaster.master][INFO] 2025-08-13 16:24:18,236: +SERVICE [/rosapi/has_param] /rosapi http://localhost:40215/
[rosmaster.master][INFO] 2025-08-13 16:24:18,239: +SERVICE [/rosapi/search_param] /rosapi http://localhost:40215/
[rosmaster.master][INFO] 2025-08-13 16:24:18,242: +SERVICE [/rosapi/delete_param] /rosapi http://localhost:40215/
[rosmaster.master][INFO] 2025-08-13 16:24:18,245: +SERVICE [/rosapi/get_param_names] /rosapi http://localhost:40215/
[rosmaster.master][INFO] 2025-08-13 16:24:18,248: +SERVICE [/rosapi/get_time] /rosapi http://localhost:40215/
[rosmaster.master][INFO] 2025-08-13 16:24:18,250: +SERVICE [/rosapi/topics_and_raw_types] /rosapi http://localhost:40215/
[rosmaster.master][INFO] 2025-08-13 16:24:18,254: +CACHEDPARAM [/rosout_disable_topics_generation] by /rosapi
[rosmaster.master][INFO] 2025-08-13 16:24:18,417: +CACHEDPARAM [/rosout/omit_topics] by /rosout
[rosmaster.master][INFO] 2025-08-13 16:24:18,721: +PUB [/rosout] /rosbridge_websocket http://localhost:40789/
[rosmaster.master][INFO] 2025-08-13 16:24:18,730: +SERVICE [/rosbridge_websocket/get_loggers] /rosbridge_websocket http://localhost:40789/
[rosmaster.master][INFO] 2025-08-13 16:24:18,733: +SERVICE [/rosbridge_websocket/set_logger_level] /rosbridge_websocket http://localhost:40789/
[rosmaster.master][INFO] 2025-08-13 16:24:18,769: +PUB [/client_count] /rosbridge_websocket http://localhost:40789/
[rosmaster.master][INFO] 2025-08-13 16:24:18,772: +PUB [/connected_clients] /rosbridge_websocket http://localhost:40789/
[rosmaster.master][INFO] 2025-08-13 16:24:18,782: +PARAM [/rosbridge_websocket/actual_port] by /rosbridge_websocket
[rosmaster.master][INFO] 2025-08-13 16:24:18,789: +CACHEDPARAM [/rosout_disable_topics_generation] by /rosbridge_websocket
[rosmaster.master][INFO] 2025-08-13 16:24:18,799: publisherUpdate[/rosout] -> http://localhost:40529/ ['http://localhost:40215/', 'http://localhost:40789/']
[rosmaster.master][INFO] 2025-08-13 16:24:18,808: publisherUpdate[/rosout] -> http://localhost:40529/ ['http://localhost:40215/', 'http://localhost:40789/']: sec=0.01, result=[1, '', 0]
[rosmaster.master][INFO] 2025-08-13 16:24:25,877: +CACHEDPARAM [/rosout_disable_topics_generation] by /rosbridge_websocket
[rosmaster.master][INFO] 2025-08-13 16:24:26,282: +CACHEDPARAM [/rosout_disable_topics_generation] by /rosbridge_websocket
[rosmaster.master][INFO] 2025-08-13 16:24:26,290: +CACHEDPARAM [/rosout_disable_topics_generation] by /rosbridge_websocket
[rosmaster.master][INFO] 2025-08-13 16:24:26,299: +CACHEDPARAM [/rosout_disable_topics_generation] by /rosbridge_websocket
[rosmaster.master][INFO] 2025-08-13 16:24:26,309: +CACHEDPARAM [/rosout_disable_topics_generation] by /rosbridge_websocket
[rosmaster.master][INFO] 2025-08-13 16:27:05,089: +CACHEDPARAM [/rosout_disable_topics_generation] by /rosbridge_websocket
[rosmaster.master][INFO] 2025-08-13 16:27:05,341: +CACHEDPARAM [/rosout_disable_topics_generation] by /rosbridge_websocket
[rosmaster.master][INFO] 2025-08-13 16:27:08,781: +CACHEDPARAM [/rosout_disable_topics_generation] by /rosbridge_websocket
[rosmaster.master][INFO] 2025-08-13 16:27:08,792: +CACHEDPARAM [/rosout_disable_topics_generation] by /rosbridge_websocket
[rosmaster.master][INFO] 2025-08-13 16:27:08,800: +CACHEDPARAM [/rosout_disable_topics_generation] by /rosbridge_websocket
[rosmaster.master][INFO] 2025-08-13 16:27:08,809: +CACHEDPARAM [/rosout_disable_topics_generation] by /rosbridge_websocket
[rosmaster.master][INFO] 2025-08-13 16:27:10,640: +CACHEDPARAM [/rosout_disable_topics_generation] by /rosbridge_websocket
[rosmaster.master][INFO] 2025-08-13 16:27:10,687: +CACHEDPARAM [/rosout_disable_topics_generation] by /rosbridge_websocket
[rosmaster.master][INFO] 2025-08-13 16:27:10,728: +CACHEDPARAM [/rosout_disable_topics_generation] by /rosbridge_websocket
[rosmaster.master][INFO] 2025-08-13 16:27:10,789: +CACHEDPARAM [/rosout_disable_topics_generation] by /rosbridge_websocket
[rosmaster.master][INFO] 2025-08-13 16:27:10,837: +CACHEDPARAM [/rosout_disable_topics_generation] by /rosbridge_websocket
[rosmaster.master][INFO] 2025-08-13 16:27:10,883: +CACHEDPARAM [/rosout_disable_topics_generation] by /rosbridge_websocket
[rosmaster.master][INFO] 2025-08-13 16:27:10,936: +CACHEDPARAM [/rosout_disable_topics_generation] by /rosbridge_websocket
[rosmaster.master][INFO] 2025-08-13 16:27:14,717: +CACHEDPARAM [/rosout_disable_topics_generation] by /rosbridge_websocket
[rosmaster.master][INFO] 2025-08-13 16:27:14,727: +CACHEDPARAM [/rosout_disable_topics_generation] by /rosbridge_websocket
[rosmaster.master][INFO] 2025-08-13 16:27:17,381: +CACHEDPARAM [/rosout_disable_topics_generation] by /rosbridge_websocket
[rosmaster.master][INFO] 2025-08-13 16:27:17,391: +CACHEDPARAM [/rosout_disable_topics_generation] by /rosbridge_websocket
[rosmaster.master][INFO] 2025-08-13 16:27:17,400: +CACHEDPARAM [/rosout_disable_topics_generation] by /rosbridge_websocket
[rosmaster.master][INFO] 2025-08-13 16:27:19,101: +CACHEDPARAM [/rosout_disable_topics_generation] by /rosbridge_websocket
[rosmaster.master][INFO] 2025-08-13 16:27:19,147: +CACHEDPARAM [/rosout_disable_topics_generation] by /rosbridge_websocket
[rosmaster.master][INFO] 2025-08-13 16:27:19,209: +CACHEDPARAM [/rosout_disable_topics_generation] by /rosbridge_websocket
[rosmaster.master][INFO] 2025-08-13 16:27:19,218: +CACHEDPARAM [/rosout_disable_topics_generation] by /rosbridge_websocket
[rosmaster.master][INFO] 2025-08-13 16:27:21,248: +CACHEDPARAM [/rosout_disable_topics_generation] by /rosbridge_websocket
[rosmaster.master][INFO] 2025-08-13 16:27:21,288: +CACHEDPARAM [/rosout_disable_topics_generation] by /rosbridge_websocket
[rosmaster.master][INFO] 2025-08-13 16:27:21,368: +CACHEDPARAM [/rosout_disable_topics_generation] by /rosbridge_websocket
[rosmaster.master][INFO] 2025-08-13 16:27:23,232: +CACHEDPARAM [/rosout_disable_topics_generation] by /rosbridge_websocket
[rosmaster.master][INFO] 2025-08-13 16:27:23,277: +CACHEDPARAM [/rosout_disable_topics_generation] by /rosbridge_websocket
[rosmaster.master][INFO] 2025-08-13 16:27:23,319: +CACHEDPARAM [/rosout_disable_topics_generation] by /rosbridge_websocket
[rosmaster.master][INFO] 2025-08-13 16:27:23,371: +CACHEDPARAM [/rosout_disable_topics_generation] by /rosbridge_websocket
[rosmaster.master][INFO] 2025-08-13 16:27:23,407: +CACHEDPARAM [/rosout_disable_topics_generation] by /rosbridge_websocket
[rosmaster.master][INFO] 2025-08-13 16:27:25,072: +CACHEDPARAM [/rosout_disable_topics_generation] by /rosbridge_websocket
[rosmaster.master][INFO] 2025-08-13 16:27:25,136: +CACHEDPARAM [/rosout_disable_topics_generation] by /rosbridge_websocket
[rosmaster.master][INFO] 2025-08-13 16:27:26,679: +CACHEDPARAM [/rosout_disable_topics_generation] by /rosbridge_websocket
[rosmaster.master][INFO] 2025-08-13 16:27:26,744: +CACHEDPARAM [/rosout_disable_topics_generation] by /rosbridge_websocket
[rosmaster.master][INFO] 2025-08-13 16:27:26,753: +CACHEDPARAM [/rosout_disable_topics_generation] by /rosbridge_websocket
[rosmaster.master][INFO] 2025-08-13 16:27:27,568: +CACHEDPARAM [/rosout_disable_topics_generation] by /rosbridge_websocket
[rosmaster.master][INFO] 2025-08-13 16:27:27,608: +CACHEDPARAM [/rosout_disable_topics_generation] by /rosbridge_websocket
[rosmaster.master][INFO] 2025-08-13 16:33:56,344: +CACHEDPARAM [/rosout_disable_topics_generation] by /rosbridge_websocket
[rosmaster.master][INFO] 2025-08-13 16:33:56,380: +CACHEDPARAM [/rosout_disable_topics_generation] by /rosbridge_websocket
[rosmaster.master][INFO] 2025-08-13 16:33:56,390: +CACHEDPARAM [/rosout_disable_topics_generation] by /rosbridge_websocket
[rosmaster.master][INFO] 2025-08-13 16:33:56,400: +CACHEDPARAM [/rosout_disable_topics_generation] by /rosbridge_websocket
[rosmaster.master][INFO] 2025-08-13 16:33:56,409: +CACHEDPARAM [/rosout_disable_topics_generation] by /rosbridge_websocket
[rosmaster.master][INFO] 2025-08-13 16:34:11,895: +CACHEDPARAM [/rosout_disable_topics_generation] by /rosbridge_websocket
[rosmaster.master][INFO] 2025-08-13 16:34:11,913: +CACHEDPARAM [/rosout_disable_topics_generation] by /rosbridge_websocket
[rosmaster.master][INFO] 2025-08-13 16:34:13,238: +CACHEDPARAM [/rosout_disable_topics_generation] by /rosbridge_websocket
[rosmaster.master][INFO] 2025-08-13 16:34:13,282: +CACHEDPARAM [/rosout_disable_topics_generation] by /rosbridge_websocket
[rosmaster.master][INFO] 2025-08-13 16:34:14,361: +SUB [/raspicam_node/image/compressed] /rosbridge_websocket http://localhost:40789/
[rosmaster.master][INFO] 2025-08-13 16:34:14,365: +CACHEDPARAM [/rosout_disable_topics_generation] by /rosbridge_websocket
[rosmaster.master][INFO] 2025-08-13 16:34:15,993: +CACHEDPARAM [/rosout_disable_topics_generation] by /rosbridge_websocket
[rosmaster.master][INFO] 2025-08-13 16:34:15,999: -SUB [/raspicam_node/image/compressed] /rosbridge_websocket http://localhost:40789/
[rosmaster.master][INFO] 2025-08-13 16:34:16,005: +CACHEDPARAM [/rosout_disable_topics_generation] by /rosbridge_websocket
[rosmaster.master][INFO] 2025-08-13 16:34:18,033: +CACHEDPARAM [/rosout_disable_topics_generation] by /rosbridge_websocket
[rosmaster.master][INFO] 2025-08-13 16:34:18,043: +CACHEDPARAM [/rosout_disable_topics_generation] by /rosbridge_websocket
[rosmaster.master][INFO] 2025-08-13 16:34:18,088: +CACHEDPARAM [/rosout_disable_topics_generation] by /rosbridge_websocket
[rosmaster.master][INFO] 2025-08-13 16:34:18,143: +CACHEDPARAM [/rosout_disable_topics_generation] by /rosbridge_websocket
[rosmaster.master][INFO] 2025-08-13 16:34:18,152: +CACHEDPARAM [/rosout_disable_topics_generation] by /rosbridge_websocket
[rosmaster.master][INFO] 2025-08-13 16:34:21,119: +CACHEDPARAM [/rosout_disable_topics_generation] by /rosbridge_websocket
[rosmaster.master][INFO] 2025-08-13 16:34:21,129: +CACHEDPARAM [/rosout_disable_topics_generation] by /rosbridge_websocket
[rosmaster.master][INFO] 2025-08-13 16:34:21,138: +CACHEDPARAM [/rosout_disable_topics_generation] by /rosbridge_websocket
[rosmaster.master][INFO] 2025-08-13 16:34:21,187: +CACHEDPARAM [/rosout_disable_topics_generation] by /rosbridge_websocket
[rosmaster.master][INFO] 2025-08-13 16:34:21,198: +CACHEDPARAM [/rosout_disable_topics_generation] by /rosbridge_websocket
[rosmaster.master][INFO] 2025-08-13 16:34:23,773: +CACHEDPARAM [/rosout_disable_topics_generation] by /rosbridge_websocket
[rosmaster.master][INFO] 2025-08-13 16:34:23,785: +CACHEDPARAM [/rosout_disable_topics_generation] by /rosbridge_websocket
[rosmaster.master][INFO] 2025-08-13 16:34:23,819: +CACHEDPARAM [/rosout_disable_topics_generation] by /rosbridge_websocket
[rosmaster.master][INFO] 2025-08-13 16:34:23,829: +CACHEDPARAM [/rosout_disable_topics_generation] by /rosbridge_websocket
[rosmaster.master][INFO] 2025-08-13 16:34:23,838: +CACHEDPARAM [/rosout_disable_topics_generation] by /rosbridge_websocket
[rosmaster.master][INFO] 2025-08-13 16:34:23,847: +CACHEDPARAM [/rosout_disable_topics_generation] by /rosbridge_websocket
[rosmaster.master][INFO] 2025-08-13 16:39:10,098: +CACHEDPARAM [/rosout_disable_topics_generation] by /rosbridge_websocket
[rosmaster.master][INFO] 2025-08-13 16:39:10,875: +CACHEDPARAM [/rosout_disable_topics_generation] by /rosbridge_websocket
[rosmaster.master][INFO] 2025-08-13 16:39:12,731: +CACHEDPARAM [/rosout_disable_topics_generation] by /rosbridge_websocket
[rosmaster.master][INFO] 2025-08-13 16:39:12,741: +CACHEDPARAM [/rosout_disable_topics_generation] by /rosbridge_websocket
[rosmaster.master][INFO] 2025-08-13 16:39:12,768: +CACHEDPARAM [/rosout_disable_topics_generation] by /rosbridge_websocket
[rosmaster.master][INFO] 2025-08-13 16:39:12,894: +CACHEDPARAM [/rosout_disable_topics_generation] by /rosbridge_websocket
[rosmaster.master][INFO] 2025-08-13 16:39:12,903: +CACHEDPARAM [/rosout_disable_topics_generation] by /rosbridge_websocket
[rosmaster.master][INFO] 2025-08-13 16:39:13,613: +CACHEDPARAM [/rosout_disable_topics_generation] by /rosbridge_websocket
[rosmaster.master][INFO] 2025-08-13 16:39:13,685: +CACHEDPARAM [/rosout_disable_topics_generation] by /rosbridge_websocket
[rosmaster.master][INFO] 2025-08-13 16:39:13,872: +CACHEDPARAM [/rosout_disable_topics_generation] by /rosbridge_websocket
[rosmaster.master][INFO] 2025-08-13 16:39:13,882: +CACHEDPARAM [/rosout_disable_topics_generation] by /rosbridge_websocket
[rosmaster.master][INFO] 2025-08-13 16:39:14,215: +CACHEDPARAM [/rosout_disable_topics_generation] by /rosbridge_websocket
[rosmaster.master][INFO] 2025-08-13 16:39:14,270: +CACHEDPARAM [/rosout_disable_topics_generation] by /rosbridge_websocket
[rosmaster.master][INFO] 2025-08-13 16:39:14,472: +CACHEDPARAM [/rosout_disable_topics_generation] by /rosbridge_websocket
[rosmaster.master][INFO] 2025-08-13 16:39:14,481: +CACHEDPARAM [/rosout_disable_topics_generation] by /rosbridge_websocket
[rosmaster.master][INFO] 2025-08-13 16:39:14,570: +CACHEDPARAM [/rosout_disable_topics_generation] by /rosbridge_websocket
[rosmaster.master][INFO] 2025-08-13 16:39:14,673: +CACHEDPARAM [/rosout_disable_topics_generation] by /rosbridge_websocket
[rosmaster.master][INFO] 2025-08-13 16:39:14,744: +CACHEDPARAM [/rosout_disable_topics_generation] by /rosbridge_websocket
[rosmaster.master][INFO] 2025-08-13 16:39:14,763: +CACHEDPARAM [/rosout_disable_topics_generation] by /rosbridge_websocket
[rosmaster.master][INFO] 2025-08-13 16:39:14,906: +CACHEDPARAM [/rosout_disable_topics_generation] by /rosbridge_websocket
[rosmaster.master][INFO] 2025-08-13 16:39:14,955: +CACHEDPARAM [/rosout_disable_topics_generation] by /rosbridge_websocket
[rosmaster.master][INFO] 2025-08-13 16:39:15,074: +CACHEDPARAM [/rosout_disable_topics_generation] by /rosbridge_websocket
[rosmaster.master][INFO] 2025-08-13 16:39:15,085: +CACHEDPARAM [/rosout_disable_topics_generation] by /rosbridge_websocket
[rosmaster.master][INFO] 2025-08-13 16:39:15,255: +CACHEDPARAM [/rosout_disable_topics_generation] by /rosbridge_websocket
[rosmaster.master][INFO] 2025-08-13 16:39:15,282: +CACHEDPARAM [/rosout_disable_topics_generation] by /rosbridge_websocket
[rosmaster.master][INFO] 2025-08-13 16:39:15,409: +CACHEDPARAM [/rosout_disable_topics_generation] by /rosbridge_websocket
[rosmaster.master][INFO] 2025-08-13 16:39:15,468: +CACHEDPARAM [/rosout_disable_topics_generation] by /rosbridge_websocket
[rosmaster.master][INFO] 2025-08-13 16:39:15,549: +CACHEDPARAM [/rosout_disable_topics_generation] by /rosbridge_websocket
[rosmaster.master][INFO] 2025-08-13 16:39:15,600: +CACHEDPARAM [/rosout_disable_topics_generation] by /rosbridge_websocket
[rosmaster.master][INFO] 2025-08-13 16:39:15,757: +CACHEDPARAM [/rosout_disable_topics_generation] by /rosbridge_websocket
[rosmaster.master][INFO] 2025-08-13 16:39:15,777: +CACHEDPARAM [/rosout_disable_topics_generation] by /rosbridge_websocket
[rosmaster.master][INFO] 2025-08-13 16:39:15,908: +CACHEDPARAM [/rosout_disable_topics_generation] by /rosbridge_websocket
[rosmaster.master][INFO] 2025-08-13 16:39:15,957: +CACHEDPARAM [/rosout_disable_topics_generation] by /rosbridge_websocket
[rosmaster.master][INFO] 2025-08-13 16:39:16,141: +CACHEDPARAM [/rosout_disable_topics_generation] by /rosbridge_websocket
[rosmaster.master][INFO] 2025-08-13 16:39:16,151: +CACHEDPARAM [/rosout_disable_topics_generation] by /rosbridge_websocket
[rosmaster.master][INFO] 2025-08-13 16:39:16,256: +CACHEDPARAM [/rosout_disable_topics_generation] by /rosbridge_websocket
[rosmaster.master][INFO] 2025-08-13 16:39:16,265: +CACHEDPARAM [/rosout_disable_topics_generation] by /rosbridge_websocket
[rosmaster.master][INFO] 2025-08-13 16:39:16,385: +CACHEDPARAM [/rosout_disable_topics_generation] by /rosbridge_websocket
[rosmaster.master][INFO] 2025-08-13 16:39:16,428: +CACHEDPARAM [/rosout_disable_topics_generation] by /rosbridge_websocket
[rosmaster.master][INFO] 2025-08-13 16:39:16,577: +CACHEDPARAM [/rosout_disable_topics_generation] by /rosbridge_websocket
[rosmaster.master][INFO] 2025-08-13 16:39:16,604: +CACHEDPARAM [/rosout_disable_topics_generation] by /rosbridge_websocket
[rosmaster.master][INFO] 2025-08-13 16:39:17,999: +CACHEDPARAM [/rosout_disable_topics_generation] by /rosbridge_websocket
[rosmaster.master][INFO] 2025-08-13 16:39:18,053: +CACHEDPARAM [/rosout_disable_topics_generation] by /rosbridge_websocket
[rosmaster.master][INFO] 2025-08-13 16:39:18,115: +CACHEDPARAM [/rosout_disable_topics_generation] by /rosbridge_websocket
[rosmaster.master][INFO] 2025-08-13 16:39:18,125: +CACHEDPARAM [/rosout_disable_topics_generation] by /rosbridge_websocket
[rosmaster.master][INFO] 2025-08-13 16:39:20,552: +CACHEDPARAM [/rosout_disable_topics_generation] by /rosbridge_websocket
[rosmaster.master][INFO] 2025-08-13 16:39:20,566: +CACHEDPARAM [/rosout_disable_topics_generation] by /rosbridge_websocket
[rosmaster.master][INFO] 2025-08-13 16:39:20,575: +CACHEDPARAM [/rosout_disable_topics_generation] by /rosbridge_websocket
[rosmaster.master][INFO] 2025-08-13 16:39:20,584: +CACHEDPARAM [/rosout_disable_topics_generation] by /rosbridge_websocket
[rosmaster.master][INFO] 2025-08-13 16:39:21,623: +CACHEDPARAM [/rosout_disable_topics_generation] by /rosbridge_websocket
[rosmaster.master][INFO] 2025-08-13 16:39:21,681: +CACHEDPARAM [/rosout_disable_topics_generation] by /rosbridge_websocket
[rosmaster.master][INFO] 2025-08-13 16:39:21,726: +CACHEDPARAM [/rosout_disable_topics_generation] by /rosbridge_websocket
[rosmaster.master][INFO] 2025-08-13 16:39:21,772: +CACHEDPARAM [/rosout_disable_topics_generation] by /rosbridge_websocket
[rosmaster.master][INFO] 2025-08-13 16:39:22,906: +CACHEDPARAM [/rosout_disable_topics_generation] by /rosbridge_websocket
[rosmaster.master][INFO] 2025-08-13 16:39:22,955: +CACHEDPARAM [/rosout_disable_topics_generation] by /rosbridge_websocket
[rosmaster.master][INFO] 2025-08-13 16:39:23,002: +CACHEDPARAM [/rosout_disable_topics_generation] by /rosbridge_websocket
[rosmaster.master][INFO] 2025-08-13 16:39:23,064: +CACHEDPARAM [/rosout_disable_topics_generation] by /rosbridge_websocket
[rosmaster.master][INFO] 2025-08-13 16:39:24,081: +CACHEDPARAM [/rosout_disable_topics_generation] by /rosbridge_websocket
[rosmaster.master][INFO] 2025-08-13 16:39:24,140: +CACHEDPARAM [/rosout_disable_topics_generation] by /rosbridge_websocket
[rosmaster.master][INFO] 2025-08-13 16:39:24,188: +CACHEDPARAM [/rosout_disable_topics_generation] by /rosbridge_websocket
[rosmaster.master][INFO] 2025-08-13 16:39:24,259: +CACHEDPARAM [/rosout_disable_topics_generation] by /rosbridge_websocket
[rosmaster.master][INFO] 2025-08-13 16:39:24,269: +CACHEDPARAM [/rosout_disable_topics_generation] by /rosbridge_websocket
[rosmaster.master][INFO] 2025-08-13 16:41:59,633: +PARAM [/roslaunch/uris/host_localhost__41671] by /roslaunch
[rosmaster.master][INFO] 2025-08-13 16:41:59,645: +PARAM [/rosversion] by /roslaunch
[rosmaster.master][INFO] 2025-08-13 16:41:59,646: +PARAM [/rosdistro] by /roslaunch
[rosmaster.master][INFO] 2025-08-13 16:41:59,646: +PARAM [/rosbridge_websocket/authenticate] by /roslaunch
[rosmaster.master][INFO] 2025-08-13 16:41:59,646: +PARAM [/rosbridge_websocket/port] by /roslaunch
[rosmaster.master][INFO] 2025-08-13 16:41:59,646: +PARAM [/rosbridge_websocket/address] by /roslaunch
[rosmaster.master][INFO] 2025-08-13 16:41:59,647: +PARAM [/rosbridge_websocket/retry_startup_delay] by /roslaunch
[rosmaster.master][INFO] 2025-08-13 16:41:59,647: +PARAM [/rosbridge_websocket/fragment_timeout] by /roslaunch
[rosmaster.master][INFO] 2025-08-13 16:41:59,647: +PARAM [/rosbridge_websocket/delay_between_messages] by /roslaunch
[rosmaster.master][INFO] 2025-08-13 16:41:59,647: +PARAM [/rosbridge_websocket/max_message_size] by /roslaunch
[rosmaster.master][INFO] 2025-08-13 16:41:59,648: +PARAM [/rosbridge_websocket/unregister_timeout] by /roslaunch
[rosmaster.master][INFO] 2025-08-13 16:41:59,648: +PARAM [/rosbridge_websocket/use_compression] by /roslaunch
[rosmaster.master][INFO] 2025-08-13 16:41:59,648: +PARAM [/rosbridge_websocket/websocket_ping_interval] by /roslaunch
[rosmaster.master][INFO] 2025-08-13 16:41:59,648: +PARAM [/rosbridge_websocket/websocket_ping_timeout] by /roslaunch
[rosmaster.master][INFO] 2025-08-13 16:41:59,649: +PARAM [/rosbridge_websocket/websocket_external_port] by /roslaunch
[rosmaster.master][INFO] 2025-08-13 16:41:59,649: +PARAM [/rosbridge_websocket/topics_glob] by /roslaunch
[rosmaster.master][INFO] 2025-08-13 16:41:59,649: +PARAM [/rosbridge_websocket/services_glob] by /roslaunch
[rosmaster.master][INFO] 2025-08-13 16:41:59,649: +PARAM [/rosbridge_websocket/params_glob] by /roslaunch
[rosmaster.master][INFO] 2025-08-13 16:41:59,650: +PARAM [/rosbridge_websocket/bson_only_mode] by /roslaunch
[rosmaster.master][INFO] 2025-08-13 16:41:59,650: +PARAM [/rosapi/topics_glob] by /roslaunch
[rosmaster.master][INFO] 2025-08-13 16:41:59,650: +PARAM [/rosapi/services_glob] by /roslaunch
[rosmaster.master][INFO] 2025-08-13 16:41:59,650: +PARAM [/rosapi/params_glob] by /roslaunch
[rosmaster.master][INFO] 2025-08-13 16:42:00,946: +PUB [/rosout] /rosapi http://localhost:37029/
[rosmaster.master][INFO] 2025-08-13 16:42:00,953: +SERVICE [/rosapi/get_loggers] /rosapi http://localhost:37029/
[rosmaster.master][INFO] 2025-08-13 16:42:00,956: +SERVICE [/rosapi/set_logger_level] /rosapi http://localhost:37029/
[rosmaster.master][INFO] 2025-08-13 16:42:00,966: +SERVICE [/rosapi/topics] /rosapi http://localhost:37029/
[rosmaster.master][INFO] 2025-08-13 16:42:00,969: +SERVICE [/rosapi/topics_for_type] /rosapi http://localhost:37029/
[rosmaster.master][INFO] 2025-08-13 16:42:00,971: +SERVICE [/rosapi/services] /rosapi http://localhost:37029/
[rosmaster.master][INFO] 2025-08-13 16:42:00,974: +SERVICE [/rosapi/services_for_type] /rosapi http://localhost:37029/
[rosmaster.master][INFO] 2025-08-13 16:42:00,977: +SERVICE [/rosapi/nodes] /rosapi http://localhost:37029/
[rosmaster.master][INFO] 2025-08-13 16:42:00,980: +SERVICE [/rosapi/node_details] /rosapi http://localhost:37029/
[rosmaster.master][INFO] 2025-08-13 16:42:00,984: +SERVICE [/rosapi/action_servers] /rosapi http://localhost:37029/
[rosmaster.master][INFO] 2025-08-13 16:42:00,988: +SERVICE [/rosapi/topic_type] /rosapi http://localhost:37029/
[rosmaster.master][INFO] 2025-08-13 16:42:00,990: +SERVICE [/rosapi/service_type] /rosapi http://localhost:37029/
[rosmaster.master][INFO] 2025-08-13 16:42:00,993: +SERVICE [/rosapi/publishers] /rosapi http://localhost:37029/
[rosmaster.master][INFO] 2025-08-13 16:42:00,996: +SERVICE [/rosapi/subscribers] /rosapi http://localhost:37029/
[rosmaster.master][INFO] 2025-08-13 16:42:00,999: +SERVICE [/rosapi/service_providers] /rosapi http://localhost:37029/
[rosmaster.master][INFO] 2025-08-13 16:42:01,002: +SERVICE [/rosapi/service_node] /rosapi http://localhost:37029/
[rosmaster.master][INFO] 2025-08-13 16:42:01,005: +SERVICE [/rosapi/service_host] /rosapi http://localhost:37029/
[rosmaster.master][INFO] 2025-08-13 16:42:01,007: +SERVICE [/rosapi/message_details] /rosapi http://localhost:37029/
[rosmaster.master][INFO] 2025-08-13 16:42:01,010: +SERVICE [/rosapi/service_request_details] /rosapi http://localhost:37029/
[rosmaster.master][INFO] 2025-08-13 16:42:01,013: +SERVICE [/rosapi/service_response_details] /rosapi http://localhost:37029/
[rosmaster.master][INFO] 2025-08-13 16:42:01,016: +SERVICE [/rosapi/set_param] /rosapi http://localhost:37029/
[rosmaster.master][INFO] 2025-08-13 16:42:01,018: +SERVICE [/rosapi/get_param] /rosapi http://localhost:37029/
[rosmaster.master][INFO] 2025-08-13 16:42:01,020: publisherUpdate[/rosout] -> http://localhost:40529/ ['http://localhost:40789/', 'http://localhost:37029/']
[rosmaster.master][INFO] 2025-08-13 16:42:01,022: +SERVICE [/rosapi/has_param] /rosapi http://localhost:37029/
[rosmaster.master][INFO] 2025-08-13 16:42:01,026: +SERVICE [/rosapi/search_param] /rosapi http://localhost:37029/
[rosmaster.master][INFO] 2025-08-13 16:42:01,028: publisherUpdate[/rosout] -> http://localhost:40529/ ['http://localhost:40789/', 'http://localhost:37029/']: sec=0.01, result=[1, '', 0]
[rosmaster.master][INFO] 2025-08-13 16:42:01,030: +SERVICE [/rosapi/delete_param] /rosapi http://localhost:37029/
[rosmaster.master][INFO] 2025-08-13 16:42:01,034: -PUB [/rosout] /rosapi http://localhost:40215/
[rosmaster.master][INFO] 2025-08-13 16:42:01,035: +SERVICE [/rosapi/get_param_names] /rosapi http://localhost:37029/
[rosmaster.master][INFO] 2025-08-13 16:42:01,036: -SERVICE [/rosapi/get_loggers] /rosapi rosrpc://localhost:40447
[rosmaster.master][INFO] 2025-08-13 16:42:01,036: -SERVICE [/rosapi/set_logger_level] /rosapi rosrpc://localhost:40447
[rosmaster.master][INFO] 2025-08-13 16:42:01,037: -SERVICE [/rosapi/topics] /rosapi rosrpc://localhost:40447
[rosmaster.master][INFO] 2025-08-13 16:42:01,037: -SERVICE [/rosapi/topics_for_type] /rosapi rosrpc://localhost:40447
[rosmaster.master][INFO] 2025-08-13 16:42:01,039: +SERVICE [/rosapi/get_time] /rosapi http://localhost:37029/
[rosmaster.master][INFO] 2025-08-13 16:42:01,039: -SERVICE [/rosapi/services] /rosapi rosrpc://localhost:40447
[rosmaster.master][INFO] 2025-08-13 16:42:01,040: -SERVICE [/rosapi/services_for_type] /rosapi rosrpc://localhost:40447
[rosmaster.master][INFO] 2025-08-13 16:42:01,040: -SERVICE [/rosapi/nodes] /rosapi rosrpc://localhost:40447
[rosmaster.master][INFO] 2025-08-13 16:42:01,041: -SERVICE [/rosapi/node_details] /rosapi rosrpc://localhost:40447
[rosmaster.master][INFO] 2025-08-13 16:42:01,041: -SERVICE [/rosapi/action_servers] /rosapi rosrpc://localhost:40447
[rosmaster.master][INFO] 2025-08-13 16:42:01,042: +SERVICE [/rosapi/topics_and_raw_types] /rosapi http://localhost:37029/
[rosmaster.master][INFO] 2025-08-13 16:42:01,043: -SERVICE [/rosapi/topic_type] /rosapi rosrpc://localhost:40447
[rosmaster.master][INFO] 2025-08-13 16:42:01,044: -SERVICE [/rosapi/service_type] /rosapi rosrpc://localhost:40447
[rosmaster.master][INFO] 2025-08-13 16:42:01,045: -SERVICE [/rosapi/publishers] /rosapi rosrpc://localhost:40447
[rosmaster.master][INFO] 2025-08-13 16:42:01,046: -SERVICE [/rosapi/subscribers] /rosapi rosrpc://localhost:40447
[rosmaster.master][INFO] 2025-08-13 16:42:01,047: +CACHEDPARAM [/rosout_disable_topics_generation] by /rosapi
[rosmaster.master][INFO] 2025-08-13 16:42:01,048: -SERVICE [/rosapi/service_providers] /rosapi rosrpc://localhost:40447
[rosmaster.master][INFO] 2025-08-13 16:42:01,048: -SERVICE [/rosapi/service_node] /rosapi rosrpc://localhost:40447
[rosmaster.master][INFO] 2025-08-13 16:42:01,049: -SERVICE [/rosapi/service_host] /rosapi rosrpc://localhost:40447
[rosmaster.master][INFO] 2025-08-13 16:42:01,049: -SERVICE [/rosapi/message_details] /rosapi rosrpc://localhost:40447
[rosmaster.master][INFO] 2025-08-13 16:42:01,050: -SERVICE [/rosapi/service_request_details] /rosapi rosrpc://localhost:40447
[rosmaster.master][INFO] 2025-08-13 16:42:01,050: -SERVICE [/rosapi/service_response_details] /rosapi rosrpc://localhost:40447
[rosmaster.master][INFO] 2025-08-13 16:42:01,050: -SERVICE [/rosapi/set_param] /rosapi rosrpc://localhost:40447
[rosmaster.master][INFO] 2025-08-13 16:42:01,050: -SERVICE [/rosapi/get_param] /rosapi rosrpc://localhost:40447
[rosmaster.master][INFO] 2025-08-13 16:42:01,050: -SERVICE [/rosapi/has_param] /rosapi rosrpc://localhost:40447
[rosmaster.master][INFO] 2025-08-13 16:42:01,051: -SERVICE [/rosapi/search_param] /rosapi rosrpc://localhost:40447
[rosmaster.master][INFO] 2025-08-13 16:42:01,051: -SERVICE [/rosapi/delete_param] /rosapi rosrpc://localhost:40447
[rosmaster.master][INFO] 2025-08-13 16:42:01,051: -SERVICE [/rosapi/get_param_names] /rosapi rosrpc://localhost:40447
[rosmaster.master][INFO] 2025-08-13 16:42:01,052: -SERVICE [/rosapi/get_time] /rosapi rosrpc://localhost:40447
[rosmaster.master][INFO] 2025-08-13 16:42:01,052: -SERVICE [/rosapi/topics_and_raw_types] /rosapi rosrpc://localhost:40447
[rosmaster.master][INFO] 2025-08-13 16:42:01,513: +PUB [/rosout] /rosbridge_websocket http://localhost:42075/
[rosmaster.master][INFO] 2025-08-13 16:42:01,526: +SERVICE [/rosbridge_websocket/get_loggers] /rosbridge_websocket http://localhost:42075/
[rosmaster.master][INFO] 2025-08-13 16:42:01,530: publisherUpdate[/rosout] -> http://localhost:40529/ ['http://localhost:37029/', 'http://localhost:42075/']
[rosmaster.master][INFO] 2025-08-13 16:42:01,531: +SERVICE [/rosbridge_websocket/set_logger_level] /rosbridge_websocket http://localhost:42075/
[rosmaster.master][INFO] 2025-08-13 16:42:01,537: -PUB [/rosout] /rosbridge_websocket http://localhost:40789/
[rosmaster.master][INFO] 2025-08-13 16:42:01,538: -PUB [/client_count] /rosbridge_websocket http://localhost:40789/
[rosmaster.master][INFO] 2025-08-13 16:42:01,539: -PUB [/connected_clients] /rosbridge_websocket http://localhost:40789/
[rosmaster.master][INFO] 2025-08-13 16:42:01,540: -SERVICE [/rosbridge_websocket/get_loggers] /rosbridge_websocket rosrpc://localhost:32947
[rosmaster.master][INFO] 2025-08-13 16:42:01,545: -SERVICE [/rosbridge_websocket/set_logger_level] /rosbridge_websocket rosrpc://localhost:32947
[rosmaster.master][INFO] 2025-08-13 16:42:01,542: publisherUpdate[/rosout] -> http://localhost:40529/ ['http://localhost:37029/', 'http://localhost:42075/']: sec=0.01, result=[1, '', 0]
[rosmaster.master][INFO] 2025-08-13 16:42:01,603: +PUB [/client_count] /rosbridge_websocket http://localhost:42075/
[rosmaster.master][INFO] 2025-08-13 16:42:01,608: +PUB [/connected_clients] /rosbridge_websocket http://localhost:42075/
[rosmaster.master][INFO] 2025-08-13 16:42:01,624: +PARAM [/rosbridge_websocket/actual_port] by /rosbridge_websocket
[rosmaster.master][INFO] 2025-08-13 16:42:01,633: +CACHEDPARAM [/rosout_disable_topics_generation] by /rosbridge_websocket
[rosmaster.master][INFO] 2025-08-13 16:42:06,644: +CACHEDPARAM [/rosout_disable_topics_generation] by /rosbridge_websocket
[rosmaster.master][INFO] 2025-08-13 16:42:11,650: +CACHEDPARAM [/rosout_disable_topics_generation] by /rosbridge_websocket
[rosmaster.master][INFO] 2025-08-13 16:42:16,659: +CACHEDPARAM [/rosout_disable_topics_generation] by /rosbridge_websocket
[rosmaster.master][INFO] 2025-08-13 16:42:21,667: +CACHEDPARAM [/rosout_disable_topics_generation] by /rosbridge_websocket
[rosmaster.master][INFO] 2025-08-13 16:42:26,675: +CACHEDPARAM [/rosout_disable_topics_generation] by /rosbridge_websocket
[rosmaster.master][INFO] 2025-08-13 16:42:31,685: +CACHEDPARAM [/rosout_disable_topics_generation] by /rosbridge_websocket
[rosmaster.master][INFO] 2025-08-13 16:42:36,693: +CACHEDPARAM [/rosout_disable_topics_generation] by /rosbridge_websocket
[rosmaster.master][INFO] 2025-08-13 16:42:41,704: +CACHEDPARAM [/rosout_disable_topics_generation] by /rosbridge_websocket
[rosmaster.master][INFO] 2025-08-13 16:42:46,713: +CACHEDPARAM [/rosout_disable_topics_generation] by /rosbridge_websocket
[rosmaster.master][INFO] 2025-08-13 16:42:51,726: +CACHEDPARAM [/rosout_disable_topics_generation] by /rosbridge_websocket
[rosmaster.master][INFO] 2025-08-13 16:42:56,736: +CACHEDPARAM [/rosout_disable_topics_generation] by /rosbridge_websocket
[rosmaster.master][INFO] 2025-08-13 16:43:01,747: +CACHEDPARAM [/rosout_disable_topics_generation] by /rosbridge_websocket
[rosmaster.master][INFO] 2025-08-13 16:43:06,759: +CACHEDPARAM [/rosout_disable_topics_generation] by /rosbridge_websocket
[rosmaster.master][INFO] 2025-08-13 16:43:11,767: +CACHEDPARAM [/rosout_disable_topics_generation] by /rosbridge_websocket
[rosmaster.master][INFO] 2025-08-13 16:43:16,777: +CACHEDPARAM [/rosout_disable_topics_generation] by /rosbridge_websocket
[rosmaster.master][INFO] 2025-08-13 16:43:21,788: +CACHEDPARAM [/rosout_disable_topics_generation] by /rosbridge_websocket
[rosmaster.master][INFO] 2025-08-13 16:43:26,796: +CACHEDPARAM [/rosout_disable_topics_generation] by /rosbridge_websocket
[rosmaster.master][INFO] 2025-08-13 16:43:31,805: +CACHEDPARAM [/rosout_disable_topics_generation] by /rosbridge_websocket
[rosmaster.master][INFO] 2025-08-13 16:43:36,816: +CACHEDPARAM [/rosout_disable_topics_generation] by /rosbridge_websocket
[rosmaster.master][INFO] 2025-08-13 16:43:41,825: +CACHEDPARAM [/rosout_disable_topics_generation] by /rosbridge_websocket
[rosmaster.master][INFO] 2025-08-13 16:43:46,838: +CACHEDPARAM [/rosout_disable_topics_generation] by /rosbridge_websocket
[rosmaster.master][INFO] 2025-08-13 16:43:51,848: +CACHEDPARAM [/rosout_disable_topics_generation] by /rosbridge_websocket
[rosmaster.master][INFO] 2025-08-13 16:43:56,854: +CACHEDPARAM [/rosout_disable_topics_generation] by /rosbridge_websocket
[rosmaster.master][INFO] 2025-08-13 16:44:01,868: +CACHEDPARAM [/rosout_disable_topics_generation] by /rosbridge_websocket
[rosmaster.master][INFO] 2025-08-13 16:44:06,878: +CACHEDPARAM [/rosout_disable_topics_generation] by /rosbridge_websocket
[rosmaster.master][INFO] 2025-08-13 16:44:11,792: +CACHEDPARAM [/rosout_disable_topics_generation] by /rosbridge_websocket
[rosmaster.master][INFO] 2025-08-13 16:44:11,798: +CACHEDPARAM [/rosout_disable_topics_generation] by /rosbridge_websocket
[rosmaster.master][INFO] 2025-08-13 16:44:11,835: -PUB [/rosout] /rosbridge_websocket http://localhost:42075/
[rosmaster.master][INFO] 2025-08-13 16:44:11,836: -PUB [/client_count] /rosbridge_websocket http://localhost:42075/
[rosmaster.master][INFO] 2025-08-13 16:44:11,837: -PUB [/connected_clients] /rosbridge_websocket http://localhost:42075/
[rosmaster.master][INFO] 2025-08-13 16:44:11,838: -SERVICE [/rosbridge_websocket/get_loggers] /rosbridge_websocket rosrpc://localhost:36805
[rosmaster.master][INFO] 2025-08-13 16:44:11,839: -SERVICE [/rosbridge_websocket/set_logger_level] /rosbridge_websocket rosrpc://localhost:36805
[rosmaster.master][INFO] 2025-08-13 16:44:11,889: +CACHEDPARAM [/rosout_disable_topics_generation] by /rosbridge_websocket
[rosmaster.master][INFO] 2025-08-13 16:44:23,263: -PUB [/rosout] /rosapi http://localhost:37029/
[rosmaster.master][INFO] 2025-08-13 16:44:23,263: -SERVICE [/rosapi/get_loggers] /rosapi rosrpc://localhost:45915
[rosmaster.master][INFO] 2025-08-13 16:44:23,264: -SERVICE [/rosapi/set_logger_level] /rosapi rosrpc://localhost:45915
[rosmaster.master][INFO] 2025-08-13 16:44:23,264: -SERVICE [/rosapi/topics] /rosapi rosrpc://localhost:45915
[rosmaster.master][INFO] 2025-08-13 16:44:23,264: -SERVICE [/rosapi/topics_for_type] /rosapi rosrpc://localhost:45915
[rosmaster.master][INFO] 2025-08-13 16:44:23,264: -SERVICE [/rosapi/services] /rosapi rosrpc://localhost:45915
[rosmaster.master][INFO] 2025-08-13 16:44:23,265: -SERVICE [/rosapi/services_for_type] /rosapi rosrpc://localhost:45915
[rosmaster.master][INFO] 2025-08-13 16:44:23,265: -SERVICE [/rosapi/nodes] /rosapi rosrpc://localhost:45915
[rosmaster.master][INFO] 2025-08-13 16:44:23,265: -SERVICE [/rosapi/node_details] /rosapi rosrpc://localhost:45915
[rosmaster.master][INFO] 2025-08-13 16:44:23,265: -SERVICE [/rosapi/action_servers] /rosapi rosrpc://localhost:45915
[rosmaster.master][INFO] 2025-08-13 16:44:23,266: -SERVICE [/rosapi/topic_type] /rosapi rosrpc://localhost:45915
[rosmaster.master][INFO] 2025-08-13 16:44:23,266: -SERVICE [/rosapi/service_type] /rosapi rosrpc://localhost:45915
[rosmaster.master][INFO] 2025-08-13 16:44:23,266: -SERVICE [/rosapi/publishers] /rosapi rosrpc://localhost:45915
[rosmaster.master][INFO] 2025-08-13 16:44:23,267: -SERVICE [/rosapi/subscribers] /rosapi rosrpc://localhost:45915
[rosmaster.master][INFO] 2025-08-13 16:44:23,267: -SERVICE [/rosapi/service_providers] /rosapi rosrpc://localhost:45915
[rosmaster.master][INFO] 2025-08-13 16:44:23,267: -SERVICE [/rosapi/service_node] /rosapi rosrpc://localhost:45915
[rosmaster.master][INFO] 2025-08-13 16:44:23,268: -SERVICE [/rosapi/service_host] /rosapi rosrpc://localhost:45915
[rosmaster.master][INFO] 2025-08-13 16:44:23,268: -SERVICE [/rosapi/message_details] /rosapi rosrpc://localhost:45915
[rosmaster.master][INFO] 2025-08-13 16:44:23,268: -SERVICE [/rosapi/service_request_details] /rosapi rosrpc://localhost:45915
[rosmaster.master][INFO] 2025-08-13 16:44:23,268: -SERVICE [/rosapi/service_response_details] /rosapi rosrpc://localhost:45915
[rosmaster.master][INFO] 2025-08-13 16:44:23,268: -SERVICE [/rosapi/set_param] /rosapi rosrpc://localhost:45915
[rosmaster.master][INFO] 2025-08-13 16:44:23,269: publisherUpdate[/rosout] -> http://localhost:40529/ []
[rosmaster.master][INFO] 2025-08-13 16:44:23,269: -SERVICE [/rosapi/get_param] /rosapi rosrpc://localhost:45915
[rosmaster.master][INFO] 2025-08-13 16:44:23,270: -SERVICE [/rosapi/has_param] /rosapi rosrpc://localhost:45915
[rosmaster.master][INFO] 2025-08-13 16:44:23,271: publisherUpdate[/rosout] -> http://localhost:40529/ []: sec=0.00, result=[1, '', 0]
[rosmaster.master][INFO] 2025-08-13 16:44:23,271: -SERVICE [/rosapi/search_param] /rosapi rosrpc://localhost:45915
[rosmaster.master][INFO] 2025-08-13 16:44:23,271: -SERVICE [/rosapi/delete_param] /rosapi rosrpc://localhost:45915
[rosmaster.master][INFO] 2025-08-13 16:44:23,272: -SERVICE [/rosapi/get_param_names] /rosapi rosrpc://localhost:45915
[rosmaster.master][INFO] 2025-08-13 16:44:23,272: -SERVICE [/rosapi/get_time] /rosapi rosrpc://localhost:45915
[rosmaster.master][INFO] 2025-08-13 16:44:23,272: -SERVICE [/rosapi/topics_and_raw_types] /rosapi rosrpc://localhost:45915
[rosmaster.master][INFO] 2025-08-13 16:50:08,286: -PUB [/rosout_agg] /rosout http://localhost:40529/
[rosmaster.master][INFO] 2025-08-13 16:50:08,288: -SUB [/rosout] /rosout http://localhost:40529/
[rosmaster.master][INFO] 2025-08-13 16:50:08,289: -SERVICE [/rosout/get_loggers] /rosout rosrpc://localhost:45073
[rosmaster.master][INFO] 2025-08-13 16:50:08,290: -SERVICE [/rosout/set_logger_level] /rosout rosrpc://localhost:45073
[rosmaster.master][INFO] 2025-08-13 16:50:08,292: -CACHEDPARAM [/rosout/omit_topics] by /rosout
[rosmaster.main][INFO] 2025-08-13 16:50:08,326: keyboard interrupt, will exit
[rosmaster.main][INFO] 2025-08-13 16:50:08,326: stopping master...
[rospy.core][INFO] 2025-08-13 16:50:08,327: signal_shutdown [atexit]
