

1755066256.949589779  Node Startup
1755066258.255806922 INFO /rosapi [rosapi_node:202(<module>)] [topics: /rosout] Rosapi started
1755066258.790904760 INFO /rosbridge_websocket [rosbridge_websocket:312(<module>)] [topics: /rosout, /client_count, /connected_clients] Rosbridge WebSocket server started at ws://0.0.0.0:9090
1755066265.878515005 INFO /rosbridge_websocket [autobahn_websocket.py:195(RosbridgeWebSocket.onOpen)] [topics: /rosout, /client_count, /connected_clients] Client connected.  1 clients total.
1755066266.283988714 ERROR /rosbridge_websocket [protocol.py:399(RosbridgeProtocol.log)] [topics: /rosout, /client_count, /connected_clients] [Client 0] [id: subscribe:/kelpie/leg_control/joint_states:1] subscribe: Unable to load the manifest for package kelpie. Caused by: kelpie
ROS path [0]=/opt/ros/noetic/share/ros
ROS path [1]=/opt/ros/noetic/share
1755066266.292234420 ERROR /rosbridge_websocket [protocol.py:399(RosbridgeProtocol.log)] [topics: /rosout, /client_count, /connected_clients] [Client 0] [id: subscribe:/kelpie/leg_control/currents:2] subscribe: Unable to load the manifest for package kelpie. Caused by: kelpie
ROS path [0]=/opt/ros/noetic/share/ros
ROS path [1]=/opt/ros/noetic/share
1755066266.301395893 ERROR /rosbridge_websocket [protocol.py:399(RosbridgeProtocol.log)] [topics: /rosout, /client_count, /connected_clients] [Client 0] [id: subscribe:/kelpie/battery/voltage:3] subscribe: Unable to load the manifest for package kelpie. Caused by: kelpie
ROS path [0]=/opt/ros/noetic/share/ros
ROS path [1]=/opt/ros/noetic/share
1755066266.310496568 ERROR /rosbridge_websocket [protocol.py:399(RosbridgeProtocol.log)] [topics: /rosout, /client_count, /connected_clients] [Client 0] [id: subscribe:/kelpie/imu:4] subscribe: Unable to load the manifest for package kelpie. Caused by: kelpie
ROS path [0]=/opt/ros/noetic/share/ros
ROS path [1]=/opt/ros/noetic/share
1755066425.092249631 INFO /rosbridge_websocket [autobahn_websocket.py:255(RosbridgeWebSocket.onClose)] [topics: /rosout, /client_count, /connected_clients] Client disconnected. 0 clients total.
1755066425.342828750 INFO /rosbridge_websocket [autobahn_websocket.py:195(RosbridgeWebSocket.onOpen)] [topics: /rosout, /client_count, /connected_clients] Client connected.  1 clients total.
1755066428.783657550 ERROR /rosbridge_websocket [protocol.py:399(RosbridgeProtocol.log)] [topics: /rosout, /client_count, /connected_clients] [Client 1] [id: advertise:/kelpie/command_input:1] advertise: Unable to load the manifest for package kelpie. Caused by: kelpie
ROS path [0]=/opt/ros/noetic/share/ros
ROS path [1]=/opt/ros/noetic/share
1755066428.793524503 ERROR /rosbridge_websocket [protocol.py:399(RosbridgeProtocol.log)] [topics: /rosout, /client_count, /connected_clients] [Client 1] [id: publish:/kelpie/command_input:2] publish: Cannot infer topic type for topic /kelpie/command_input as it is not yet advertised
1755066428.802445650 ERROR /rosbridge_websocket [protocol.py:399(RosbridgeProtocol.log)] [topics: /rosout, /client_count, /connected_clients] [Client 1] [id: publish:/kelpie/command_input:3] publish: Cannot infer topic type for topic /kelpie/command_input as it is not yet advertised
1755066428.811268806 ERROR /rosbridge_websocket [protocol.py:399(RosbridgeProtocol.log)] [topics: /rosout, /client_count, /connected_clients] [Client 1] [id: publish:/kelpie/command_input:4] publish: Cannot infer topic type for topic /kelpie/command_input as it is not yet advertised
1755066430.642629623 ERROR /rosbridge_websocket [protocol.py:399(RosbridgeProtocol.log)] [topics: /rosout, /client_count, /connected_clients] [Client 1] [id: publish:/kelpie/command_input:5] publish: Cannot infer topic type for topic /kelpie/command_input as it is not yet advertised
1755066430.689228057 ERROR /rosbridge_websocket [protocol.py:399(RosbridgeProtocol.log)] [topics: /rosout, /client_count, /connected_clients] [Client 1] [id: publish:/kelpie/command_input:6] publish: Cannot infer topic type for topic /kelpie/command_input as it is not yet advertised
1755066430.730154514 ERROR /rosbridge_websocket [protocol.py:399(RosbridgeProtocol.log)] [topics: /rosout, /client_count, /connected_clients] [Client 1] [id: publish:/kelpie/command_input:7] publish: Cannot infer topic type for topic /kelpie/command_input as it is not yet advertised
1755066430.791799783 ERROR /rosbridge_websocket [protocol.py:399(RosbridgeProtocol.log)] [topics: /rosout, /client_count, /connected_clients] [Client 1] [id: publish:/kelpie/command_input:8] publish: Cannot infer topic type for topic /kelpie/command_input as it is not yet advertised
1755066430.838702678 ERROR /rosbridge_websocket [protocol.py:399(RosbridgeProtocol.log)] [topics: /rosout, /client_count, /connected_clients] [Client 1] [id: publish:/kelpie/command_input:9] publish: Cannot infer topic type for topic /kelpie/command_input as it is not yet advertised
1755066430.885195255 ERROR /rosbridge_websocket [protocol.py:399(RosbridgeProtocol.log)] [topics: /rosout, /client_count, /connected_clients] [Client 1] [id: publish:/kelpie/command_input:10] publish: Cannot infer topic type for topic /kelpie/command_input as it is not yet advertised
1755066430.938804388 ERROR /rosbridge_websocket [protocol.py:399(RosbridgeProtocol.log)] [topics: /rosout, /client_count, /connected_clients] [Client 1] [id: publish:/kelpie/command_input:11] publish: Cannot infer topic type for topic /kelpie/command_input as it is not yet advertised
1755066434.718863248 ERROR /rosbridge_websocket [protocol.py:399(RosbridgeProtocol.log)] [topics: /rosout, /client_count, /connected_clients] [Client 1] [id: publish:/kelpie/command_input:12] publish: Cannot infer topic type for topic /kelpie/command_input as it is not yet advertised
1755066434.728654146 ERROR /rosbridge_websocket [protocol.py:399(RosbridgeProtocol.log)] [topics: /rosout, /client_count, /connected_clients] [Client 1] [id: publish:/kelpie/command_input:13] publish: Cannot infer topic type for topic /kelpie/command_input as it is not yet advertised
1755066437.383408546 ERROR /rosbridge_websocket [protocol.py:399(RosbridgeProtocol.log)] [topics: /rosout, /client_count, /connected_clients] [Client 1] [id: publish:/kelpie/command_input:14] publish: Cannot infer topic type for topic /kelpie/command_input as it is not yet advertised
1755066437.392807960 ERROR /rosbridge_websocket [protocol.py:399(RosbridgeProtocol.log)] [topics: /rosout, /client_count, /connected_clients] [Client 1] [id: publish:/kelpie/command_input:15] publish: Cannot infer topic type for topic /kelpie/command_input as it is not yet advertised
1755066437.401922702 ERROR /rosbridge_websocket [protocol.py:399(RosbridgeProtocol.log)] [topics: /rosout, /client_count, /connected_clients] [Client 1] [id: publish:/kelpie/command_input:16] publish: Cannot infer topic type for topic /kelpie/command_input as it is not yet advertised
1755066439.103289127 ERROR /rosbridge_websocket [protocol.py:399(RosbridgeProtocol.log)] [topics: /rosout, /client_count, /connected_clients] [Client 1] [id: publish:/kelpie/command_input:17] publish: Cannot infer topic type for topic /kelpie/command_input as it is not yet advertised
1755066439.148924350 ERROR /rosbridge_websocket [protocol.py:399(RosbridgeProtocol.log)] [topics: /rosout, /client_count, /connected_clients] [Client 1] [id: publish:/kelpie/command_input:18] publish: Cannot infer topic type for topic /kelpie/command_input as it is not yet advertised
1755066439.211027622 ERROR /rosbridge_websocket [protocol.py:399(RosbridgeProtocol.log)] [topics: /rosout, /client_count, /connected_clients] [Client 1] [id: publish:/kelpie/command_input:19] publish: Cannot infer topic type for topic /kelpie/command_input as it is not yet advertised
1755066439.220077991 ERROR /rosbridge_websocket [protocol.py:399(RosbridgeProtocol.log)] [topics: /rosout, /client_count, /connected_clients] [Client 1] [id: publish:/kelpie/command_input:20] publish: Cannot infer topic type for topic /kelpie/command_input as it is not yet advertised
1755066441.249860048 ERROR /rosbridge_websocket [protocol.py:399(RosbridgeProtocol.log)] [topics: /rosout, /client_count, /connected_clients] [Client 1] [id: publish:/kelpie/command_input:21] publish: Cannot infer topic type for topic /kelpie/command_input as it is not yet advertised
1755066441.290294408 ERROR /rosbridge_websocket [protocol.py:399(RosbridgeProtocol.log)] [topics: /rosout, /client_count, /connected_clients] [Client 1] [id: publish:/kelpie/command_input:22] publish: Cannot infer topic type for topic /kelpie/command_input as it is not yet advertised
1755066441.369951725 ERROR /rosbridge_websocket [protocol.py:399(RosbridgeProtocol.log)] [topics: /rosout, /client_count, /connected_clients] [Client 1] [id: publish:/kelpie/command_input:23] publish: Cannot infer topic type for topic /kelpie/command_input as it is not yet advertised
1755066443.234334707 ERROR /rosbridge_websocket [protocol.py:399(RosbridgeProtocol.log)] [topics: /rosout, /client_count, /connected_clients] [Client 1] [id: publish:/kelpie/command_input:24] publish: Cannot infer topic type for topic /kelpie/command_input as it is not yet advertised
1755066443.279093265 ERROR /rosbridge_websocket [protocol.py:399(RosbridgeProtocol.log)] [topics: /rosout, /client_count, /connected_clients] [Client 1] [id: publish:/kelpie/command_input:25] publish: Cannot infer topic type for topic /kelpie/command_input as it is not yet advertised
1755066443.321408748 ERROR /rosbridge_websocket [protocol.py:399(RosbridgeProtocol.log)] [topics: /rosout, /client_count, /connected_clients] [Client 1] [id: publish:/kelpie/command_input:26] publish: Cannot infer topic type for topic /kelpie/command_input as it is not yet advertised
1755066443.373543739 ERROR /rosbridge_websocket [protocol.py:399(RosbridgeProtocol.log)] [topics: /rosout, /client_count, /connected_clients] [Client 1] [id: publish:/kelpie/command_input:27] publish: Cannot infer topic type for topic /kelpie/command_input as it is not yet advertised
1755066443.409779548 ERROR /rosbridge_websocket [protocol.py:399(RosbridgeProtocol.log)] [topics: /rosout, /client_count, /connected_clients] [Client 1] [id: publish:/kelpie/command_input:28] publish: Cannot infer topic type for topic /kelpie/command_input as it is not yet advertised
1755066445.073864698 ERROR /rosbridge_websocket [protocol.py:399(RosbridgeProtocol.log)] [topics: /rosout, /client_count, /connected_clients] [Client 1] [id: publish:/kelpie/command_input:29] publish: Cannot infer topic type for topic /kelpie/command_input as it is not yet advertised
1755066445.138151645 ERROR /rosbridge_websocket [protocol.py:399(RosbridgeProtocol.log)] [topics: /rosout, /client_count, /connected_clients] [Client 1] [id: publish:/kelpie/command_input:30] publish: Cannot infer topic type for topic /kelpie/command_input as it is not yet advertised
1755066446.681245326 ERROR /rosbridge_websocket [protocol.py:399(RosbridgeProtocol.log)] [topics: /rosout, /client_count, /connected_clients] [Client 1] [id: publish:/kelpie/command_input:31] publish: Cannot infer topic type for topic /kelpie/command_input as it is not yet advertised
1755066446.746385335 ERROR /rosbridge_websocket [protocol.py:399(RosbridgeProtocol.log)] [topics: /rosout, /client_count, /connected_clients] [Client 1] [id: publish:/kelpie/command_input:32] publish: Cannot infer topic type for topic /kelpie/command_input as it is not yet advertised
1755066446.755215167 ERROR /rosbridge_websocket [protocol.py:399(RosbridgeProtocol.log)] [topics: /rosout, /client_count, /connected_clients] [Client 1] [id: publish:/kelpie/command_input:33] publish: Cannot infer topic type for topic /kelpie/command_input as it is not yet advertised
1755066447.570184946 ERROR /rosbridge_websocket [protocol.py:399(RosbridgeProtocol.log)] [topics: /rosout, /client_count, /connected_clients] [Client 1] [id: publish:/kelpie/command_input:34] publish: Cannot infer topic type for topic /kelpie/command_input as it is not yet advertised
1755066447.610767364 ERROR /rosbridge_websocket [protocol.py:399(RosbridgeProtocol.log)] [topics: /rosout, /client_count, /connected_clients] [Client 1] [id: publish:/kelpie/command_input:35] publish: Cannot infer topic type for topic /kelpie/command_input as it is not yet advertised
1755066836.346599102 INFO /rosbridge_websocket [autobahn_websocket.py:195(RosbridgeWebSocket.onOpen)] [topics: /rosout, /client_count, /connected_clients] Client connected.  2 clients total.
1755066836.382331848 ERROR /rosbridge_websocket [protocol.py:399(RosbridgeProtocol.log)] [topics: /rosout, /client_count, /connected_clients] [Client 2] [id: subscribe:/kelpie/leg_control/joint_states:1] subscribe: Unable to load the manifest for package kelpie. Caused by: kelpie
ROS path [0]=/opt/ros/noetic/share/ros
ROS path [1]=/opt/ros/noetic/share
1755066836.392332553 ERROR /rosbridge_websocket [protocol.py:399(RosbridgeProtocol.log)] [topics: /rosout, /client_count, /connected_clients] [Client 2] [id: subscribe:/kelpie/leg_control/currents:2] subscribe: Unable to load the manifest for package kelpie. Caused by: kelpie
ROS path [0]=/opt/ros/noetic/share/ros
ROS path [1]=/opt/ros/noetic/share
1755066836.401689052 ERROR /rosbridge_websocket [protocol.py:399(RosbridgeProtocol.log)] [topics: /rosout, /client_count, /connected_clients] [Client 2] [id: subscribe:/kelpie/battery/voltage:3] subscribe: Unable to load the manifest for package kelpie. Caused by: kelpie
ROS path [0]=/opt/ros/noetic/share/ros
ROS path [1]=/opt/ros/noetic/share
1755066836.411174774 ERROR /rosbridge_websocket [protocol.py:399(RosbridgeProtocol.log)] [topics: /rosout, /client_count, /connected_clients] [Client 2] [id: subscribe:/kelpie/imu:4] subscribe: Unable to load the manifest for package kelpie. Caused by: kelpie
ROS path [0]=/opt/ros/noetic/share/ros
ROS path [1]=/opt/ros/noetic/share
1755066851.897494316 INFO /rosbridge_websocket [autobahn_websocket.py:255(RosbridgeWebSocket.onClose)] [topics: /rosout, /client_count, /connected_clients] Client disconnected. 1 clients total.
1755066851.915023088 INFO /rosbridge_websocket [autobahn_websocket.py:195(RosbridgeWebSocket.onOpen)] [topics: /rosout, /client_count, /connected_clients] Client connected.  2 clients total.
1755066853.241663694 INFO /rosbridge_websocket [autobahn_websocket.py:255(RosbridgeWebSocket.onClose)] [topics: /rosout, /client_count, /connected_clients] Client disconnected. 1 clients total.
1755066853.285064697 INFO /rosbridge_websocket [autobahn_websocket.py:195(RosbridgeWebSocket.onOpen)] [topics: /rosout, /client_count, /connected_clients] Client connected.  2 clients total.
1755066854.367395877 INFO /rosbridge_websocket [protocol.py:403(RosbridgeProtocol.log)] [topics: /rosout, /raspicam_node/image/compressed, /client_count, /connected_clients] [Client 4] Subscribed to /raspicam_node/image/compressed
1755066855.996275901 INFO /rosbridge_websocket [autobahn_websocket.py:255(RosbridgeWebSocket.onClose)] [topics: /rosout, /raspicam_node/image/compressed, /client_count, /connected_clients] Client disconnected. 1 clients total.
1755066856.007541179 INFO /rosbridge_websocket [autobahn_websocket.py:195(RosbridgeWebSocket.onOpen)] [topics: /rosout, /client_count, /connected_clients] Client connected.  2 clients total.
1755066858.035421133 ERROR /rosbridge_websocket [protocol.py:399(RosbridgeProtocol.log)] [topics: /rosout, /client_count, /connected_clients] [Client 5] [id: advertise:/kelpie/command_input:1] advertise: Unable to load the manifest for package kelpie. Caused by: kelpie
ROS path [0]=/opt/ros/noetic/share/ros
ROS path [1]=/opt/ros/noetic/share
1755066858.044719457 ERROR /rosbridge_websocket [protocol.py:399(RosbridgeProtocol.log)] [topics: /rosout, /client_count, /connected_clients] [Client 5] [id: publish:/kelpie/command_input:2] publish: Cannot infer topic type for topic /kelpie/command_input as it is not yet advertised
1755066858.089867115 ERROR /rosbridge_websocket [protocol.py:399(RosbridgeProtocol.log)] [topics: /rosout, /client_count, /connected_clients] [Client 5] [id: publish:/kelpie/command_input:3] publish: Cannot infer topic type for topic /kelpie/command_input as it is not yet advertised
1755066858.144937038 ERROR /rosbridge_websocket [protocol.py:399(RosbridgeProtocol.log)] [topics: /rosout, /client_count, /connected_clients] [Client 5] [id: publish:/kelpie/command_input:4] publish: Cannot infer topic type for topic /kelpie/command_input as it is not yet advertised
1755066858.153830766 ERROR /rosbridge_websocket [protocol.py:399(RosbridgeProtocol.log)] [topics: /rosout, /client_count, /connected_clients] [Client 5] [id: publish:/kelpie/command_input:5] publish: Cannot infer topic type for topic /kelpie/command_input as it is not yet advertised
1755066861.120747089 ERROR /rosbridge_websocket [protocol.py:399(RosbridgeProtocol.log)] [topics: /rosout, /client_count, /connected_clients] [Client 5] [id: publish:/kelpie/command_input:6] publish: Cannot infer topic type for topic /kelpie/command_input as it is not yet advertised
1755066861.130943059 ERROR /rosbridge_websocket [protocol.py:399(RosbridgeProtocol.log)] [topics: /rosout, /client_count, /connected_clients] [Client 5] [id: publish:/kelpie/command_input:7] publish: Cannot infer topic type for topic /kelpie/command_input as it is not yet advertised
1755066861.139900207 ERROR /rosbridge_websocket [protocol.py:399(RosbridgeProtocol.log)] [topics: /rosout, /client_count, /connected_clients] [Client 5] [id: publish:/kelpie/command_input:8] publish: Cannot infer topic type for topic /kelpie/command_input as it is not yet advertised
1755066861.189829349 ERROR /rosbridge_websocket [protocol.py:399(RosbridgeProtocol.log)] [topics: /rosout, /client_count, /connected_clients] [Client 5] [id: publish:/kelpie/command_input:9] publish: Cannot infer topic type for topic /kelpie/command_input as it is not yet advertised
1755066861.199634790 ERROR /rosbridge_websocket [protocol.py:399(RosbridgeProtocol.log)] [topics: /rosout, /client_count, /connected_clients] [Client 5] [id: publish:/kelpie/command_input:10] publish: Cannot infer topic type for topic /kelpie/command_input as it is not yet advertised
1755066863.775882959 INFO /rosbridge_websocket [autobahn_websocket.py:255(RosbridgeWebSocket.onClose)] [topics: /rosout, /client_count, /connected_clients] Client disconnected. 1 clients total.
1755066863.786985635 INFO /rosbridge_websocket [autobahn_websocket.py:195(RosbridgeWebSocket.onOpen)] [topics: /rosout, /client_count, /connected_clients] Client connected.  2 clients total.
1755066863.821257829 ERROR /rosbridge_websocket [protocol.py:399(RosbridgeProtocol.log)] [topics: /rosout, /client_count, /connected_clients] [Client 6] [id: subscribe:/kelpie/leg_control/joint_states:1] subscribe: Unable to load the manifest for package kelpie. Caused by: kelpie
ROS path [0]=/opt/ros/noetic/share/ros
ROS path [1]=/opt/ros/noetic/share
1755066863.830542325 ERROR /rosbridge_websocket [protocol.py:399(RosbridgeProtocol.log)] [topics: /rosout, /client_count, /connected_clients] [Client 6] [id: subscribe:/kelpie/leg_control/currents:2] subscribe: Unable to load the manifest for package kelpie. Caused by: kelpie
ROS path [0]=/opt/ros/noetic/share/ros
ROS path [1]=/opt/ros/noetic/share
1755066863.839493036 ERROR /rosbridge_websocket [protocol.py:399(RosbridgeProtocol.log)] [topics: /rosout, /client_count, /connected_clients] [Client 6] [id: subscribe:/kelpie/battery/voltage:3] subscribe: Unable to load the manifest for package kelpie. Caused by: kelpie
ROS path [0]=/opt/ros/noetic/share/ros
ROS path [1]=/opt/ros/noetic/share
1755066863.848533868 ERROR /rosbridge_websocket [protocol.py:399(RosbridgeProtocol.log)] [topics: /rosout, /client_count, /connected_clients] [Client 6] [id: subscribe:/kelpie/imu:4] subscribe: Unable to load the manifest for package kelpie. Caused by: kelpie
ROS path [0]=/opt/ros/noetic/share/ros
ROS path [1]=/opt/ros/noetic/share
1755067150.100781202 INFO /rosbridge_websocket [autobahn_websocket.py:255(RosbridgeWebSocket.onClose)] [topics: /rosout, /client_count, /connected_clients] Client disconnected. 1 clients total.
1755067150.878415584 INFO /rosbridge_websocket [autobahn_websocket.py:195(RosbridgeWebSocket.onOpen)] [topics: /rosout, /client_count, /connected_clients] Client connected.  2 clients total.
1755067152.733765125 ERROR /rosbridge_websocket [protocol.py:399(RosbridgeProtocol.log)] [topics: /rosout, /client_count, /connected_clients] [Client 7] [id: advertise:/kelpie/command_input:1] advertise: Unable to load the manifest for package kelpie. Caused by: kelpie
ROS path [0]=/opt/ros/noetic/share/ros
ROS path [1]=/opt/ros/noetic/share
1755067152.742704629 ERROR /rosbridge_websocket [protocol.py:399(RosbridgeProtocol.log)] [topics: /rosout, /client_count, /connected_clients] [Client 7] [id: publish:/kelpie/command_input:2] publish: Cannot infer topic type for topic /kelpie/command_input as it is not yet advertised
1755067152.770294427 ERROR /rosbridge_websocket [protocol.py:399(RosbridgeProtocol.log)] [topics: /rosout, /client_count, /connected_clients] [Client 7] [id: publish:/kelpie/command_input:3] publish: Cannot infer topic type for topic /kelpie/command_input as it is not yet advertised
1755067152.896213054 ERROR /rosbridge_websocket [protocol.py:399(RosbridgeProtocol.log)] [topics: /rosout, /client_count, /connected_clients] [Client 7] [id: publish:/kelpie/command_input:4] publish: Cannot infer topic type for topic /kelpie/command_input as it is not yet advertised
1755067152.905067443 ERROR /rosbridge_websocket [protocol.py:399(RosbridgeProtocol.log)] [topics: /rosout, /client_count, /connected_clients] [Client 7] [id: publish:/kelpie/command_input:5] publish: Cannot infer topic type for topic /kelpie/command_input as it is not yet advertised
1755067153.614915609 ERROR /rosbridge_websocket [protocol.py:399(RosbridgeProtocol.log)] [topics: /rosout, /client_count, /connected_clients] [Client 7] [id: publish:/kelpie/command_input:6] publish: Cannot infer topic type for topic /kelpie/command_input as it is not yet advertised
1755067153.687058925 ERROR /rosbridge_websocket [protocol.py:399(RosbridgeProtocol.log)] [topics: /rosout, /client_count, /connected_clients] [Client 7] [id: publish:/kelpie/command_input:7] publish: Cannot infer topic type for topic /kelpie/command_input as it is not yet advertised
1755067153.874587059 ERROR /rosbridge_websocket [protocol.py:399(RosbridgeProtocol.log)] [topics: /rosout, /client_count, /connected_clients] [Client 7] [id: publish:/kelpie/command_input:8] publish: Cannot infer topic type for topic /kelpie/command_input as it is not yet advertised
1755067153.883944272 ERROR /rosbridge_websocket [protocol.py:399(RosbridgeProtocol.log)] [topics: /rosout, /client_count, /connected_clients] [Client 7] [id: publish:/kelpie/command_input:9] publish: Cannot infer topic type for topic /kelpie/command_input as it is not yet advertised
1755067154.217742919 ERROR /rosbridge_websocket [protocol.py:399(RosbridgeProtocol.log)] [topics: /rosout, /client_count, /connected_clients] [Client 7] [id: publish:/kelpie/command_input:10] publish: Cannot infer topic type for topic /kelpie/command_input as it is not yet advertised
1755067154.272493124 ERROR /rosbridge_websocket [protocol.py:399(RosbridgeProtocol.log)] [topics: /rosout, /client_count, /connected_clients] [Client 7] [id: publish:/kelpie/command_input:11] publish: Cannot infer topic type for topic /kelpie/command_input as it is not yet advertised
1755067154.474061965 ERROR /rosbridge_websocket [protocol.py:399(RosbridgeProtocol.log)] [topics: /rosout, /client_count, /connected_clients] [Client 7] [id: publish:/kelpie/command_input:12] publish: Cannot infer topic type for topic /kelpie/command_input as it is not yet advertised
1755067154.482969999 ERROR /rosbridge_websocket [protocol.py:399(RosbridgeProtocol.log)] [topics: /rosout, /client_count, /connected_clients] [Client 7] [id: publish:/kelpie/command_input:13] publish: Cannot infer topic type for topic /kelpie/command_input as it is not yet advertised
1755067154.571902513 ERROR /rosbridge_websocket [protocol.py:399(RosbridgeProtocol.log)] [topics: /rosout, /client_count, /connected_clients] [Client 7] [id: publish:/kelpie/command_input:14] publish: Cannot infer topic type for topic /kelpie/command_input as it is not yet advertised
1755067154.674578428 ERROR /rosbridge_websocket [protocol.py:399(RosbridgeProtocol.log)] [topics: /rosout, /client_count, /connected_clients] [Client 7] [id: publish:/kelpie/command_input:15] publish: Cannot infer topic type for topic /kelpie/command_input as it is not yet advertised
1755067154.746464729 ERROR /rosbridge_websocket [protocol.py:399(RosbridgeProtocol.log)] [topics: /rosout, /client_count, /connected_clients] [Client 7] [id: publish:/kelpie/command_input:16] publish: Cannot infer topic type for topic /kelpie/command_input as it is not yet advertised
1755067154.765712499 ERROR /rosbridge_websocket [protocol.py:399(RosbridgeProtocol.log)] [topics: /rosout, /client_count, /connected_clients] [Client 7] [id: publish:/kelpie/command_input:17] publish: Cannot infer topic type for topic /kelpie/command_input as it is not yet advertised
1755067154.908319950 ERROR /rosbridge_websocket [protocol.py:399(RosbridgeProtocol.log)] [topics: /rosout, /client_count, /connected_clients] [Client 7] [id: publish:/kelpie/command_input:18] publish: Cannot infer topic type for topic /kelpie/command_input as it is not yet advertised
1755067154.957732200 ERROR /rosbridge_websocket [protocol.py:399(RosbridgeProtocol.log)] [topics: /rosout, /client_count, /connected_clients] [Client 7] [id: publish:/kelpie/command_input:19] publish: Cannot infer topic type for topic /kelpie/command_input as it is not yet advertised
1755067155.076855182 ERROR /rosbridge_websocket [protocol.py:399(RosbridgeProtocol.log)] [topics: /rosout, /client_count, /connected_clients] [Client 7] [id: publish:/kelpie/command_input:20] publish: Cannot infer topic type for topic /kelpie/command_input as it is not yet advertised
1755067155.086726188 ERROR /rosbridge_websocket [protocol.py:399(RosbridgeProtocol.log)] [topics: /rosout, /client_count, /connected_clients] [Client 7] [id: publish:/kelpie/command_input:21] publish: Cannot infer topic type for topic /kelpie/command_input as it is not yet advertised
1755067155.257471561 ERROR /rosbridge_websocket [protocol.py:399(RosbridgeProtocol.log)] [topics: /rosout, /client_count, /connected_clients] [Client 7] [id: publish:/kelpie/command_input:22] publish: Cannot infer topic type for topic /kelpie/command_input as it is not yet advertised
1755067155.284040689 ERROR /rosbridge_websocket [protocol.py:399(RosbridgeProtocol.log)] [topics: /rosout, /client_count, /connected_clients] [Client 7] [id: publish:/kelpie/command_input:23] publish: Cannot infer topic type for topic /kelpie/command_input as it is not yet advertised
1755067155.411761999 ERROR /rosbridge_websocket [protocol.py:399(RosbridgeProtocol.log)] [topics: /rosout, /client_count, /connected_clients] [Client 7] [id: publish:/kelpie/command_input:24] publish: Cannot infer topic type for topic /kelpie/command_input as it is not yet advertised
1755067155.470822334 ERROR /rosbridge_websocket [protocol.py:399(RosbridgeProtocol.log)] [topics: /rosout, /client_count, /connected_clients] [Client 7] [id: publish:/kelpie/command_input:25] publish: Cannot infer topic type for topic /kelpie/command_input as it is not yet advertised
1755067155.551586389 ERROR /rosbridge_websocket [protocol.py:399(RosbridgeProtocol.log)] [topics: /rosout, /client_count, /connected_clients] [Client 7] [id: publish:/kelpie/command_input:26] publish: Cannot infer topic type for topic /kelpie/command_input as it is not yet advertised
1755067155.602221965 ERROR /rosbridge_websocket [protocol.py:399(RosbridgeProtocol.log)] [topics: /rosout, /client_count, /connected_clients] [Client 7] [id: publish:/kelpie/command_input:27] publish: Cannot infer topic type for topic /kelpie/command_input as it is not yet advertised
1755067155.759145498 ERROR /rosbridge_websocket [protocol.py:399(RosbridgeProtocol.log)] [topics: /rosout, /client_count, /connected_clients] [Client 7] [id: publish:/kelpie/command_input:28] publish: Cannot infer topic type for topic /kelpie/command_input as it is not yet advertised
1755067155.779696941 ERROR /rosbridge_websocket [protocol.py:399(RosbridgeProtocol.log)] [topics: /rosout, /client_count, /connected_clients] [Client 7] [id: publish:/kelpie/command_input:29] publish: Cannot infer topic type for topic /kelpie/command_input as it is not yet advertised
1755067155.910485029 ERROR /rosbridge_websocket [protocol.py:399(RosbridgeProtocol.log)] [topics: /rosout, /client_count, /connected_clients] [Client 7] [id: publish:/kelpie/command_input:30] publish: Cannot infer topic type for topic /kelpie/command_input as it is not yet advertised
1755067155.959295988 ERROR /rosbridge_websocket [protocol.py:399(RosbridgeProtocol.log)] [topics: /rosout, /client_count, /connected_clients] [Client 7] [id: publish:/kelpie/command_input:31] publish: Cannot infer topic type for topic /kelpie/command_input as it is not yet advertised
1755067156.143405914 ERROR /rosbridge_websocket [protocol.py:399(RosbridgeProtocol.log)] [topics: /rosout, /client_count, /connected_clients] [Client 7] [id: publish:/kelpie/command_input:32] publish: Cannot infer topic type for topic /kelpie/command_input as it is not yet advertised
1755067156.152544021 ERROR /rosbridge_websocket [protocol.py:399(RosbridgeProtocol.log)] [topics: /rosout, /client_count, /connected_clients] [Client 7] [id: publish:/kelpie/command_input:33] publish: Cannot infer topic type for topic /kelpie/command_input as it is not yet advertised
1755067156.258525609 ERROR /rosbridge_websocket [protocol.py:399(RosbridgeProtocol.log)] [topics: /rosout, /client_count, /connected_clients] [Client 7] [id: publish:/kelpie/command_input:34] publish: Cannot infer topic type for topic /kelpie/command_input as it is not yet advertised
1755067156.266939878 ERROR /rosbridge_websocket [protocol.py:399(RosbridgeProtocol.log)] [topics: /rosout, /client_count, /connected_clients] [Client 7] [id: publish:/kelpie/command_input:35] publish: Cannot infer topic type for topic /kelpie/command_input as it is not yet advertised
1755067156.387542486 ERROR /rosbridge_websocket [protocol.py:399(RosbridgeProtocol.log)] [topics: /rosout, /client_count, /connected_clients] [Client 7] [id: publish:/kelpie/command_input:36] publish: Cannot infer topic type for topic /kelpie/command_input as it is not yet advertised
1755067156.429965972 ERROR /rosbridge_websocket [protocol.py:399(RosbridgeProtocol.log)] [topics: /rosout, /client_count, /connected_clients] [Client 7] [id: publish:/kelpie/command_input:37] publish: Cannot infer topic type for topic /kelpie/command_input as it is not yet advertised
1755067156.578973531 ERROR /rosbridge_websocket [protocol.py:399(RosbridgeProtocol.log)] [topics: /rosout, /client_count, /connected_clients] [Client 7] [id: publish:/kelpie/command_input:38] publish: Cannot infer topic type for topic /kelpie/command_input as it is not yet advertised
1755067156.606541395 ERROR /rosbridge_websocket [protocol.py:399(RosbridgeProtocol.log)] [topics: /rosout, /client_count, /connected_clients] [Client 7] [id: publish:/kelpie/command_input:39] publish: Cannot infer topic type for topic /kelpie/command_input as it is not yet advertised
1755067158.001455068 ERROR /rosbridge_websocket [protocol.py:399(RosbridgeProtocol.log)] [topics: /rosout, /client_count, /connected_clients] [Client 7] [id: publish:/kelpie/command_input:40] publish: Cannot infer topic type for topic /kelpie/command_input as it is not yet advertised
1755067158.055439949 ERROR /rosbridge_websocket [protocol.py:399(RosbridgeProtocol.log)] [topics: /rosout, /client_count, /connected_clients] [Client 7] [id: publish:/kelpie/command_input:41] publish: Cannot infer topic type for topic /kelpie/command_input as it is not yet advertised
1755067158.117782592 ERROR /rosbridge_websocket [protocol.py:399(RosbridgeProtocol.log)] [topics: /rosout, /client_count, /connected_clients] [Client 7] [id: publish:/kelpie/command_input:42] publish: Cannot infer topic type for topic /kelpie/command_input as it is not yet advertised
1755067158.127264261 ERROR /rosbridge_websocket [protocol.py:399(RosbridgeProtocol.log)] [topics: /rosout, /client_count, /connected_clients] [Client 7] [id: publish:/kelpie/command_input:43] publish: Cannot infer topic type for topic /kelpie/command_input as it is not yet advertised
1755067160.557597398 ERROR /rosbridge_websocket [protocol.py:399(RosbridgeProtocol.log)] [topics: /rosout, /client_count, /connected_clients] [Client 7] [id: publish:/kelpie/command_input:44] publish: Cannot infer topic type for topic /kelpie/command_input as it is not yet advertised
1755067160.567701101 ERROR /rosbridge_websocket [protocol.py:399(RosbridgeProtocol.log)] [topics: /rosout, /client_count, /connected_clients] [Client 7] [id: publish:/kelpie/command_input:45] publish: Cannot infer topic type for topic /kelpie/command_input as it is not yet advertised
1755067160.577151298 ERROR /rosbridge_websocket [protocol.py:399(RosbridgeProtocol.log)] [topics: /rosout, /client_count, /connected_clients] [Client 7] [id: publish:/kelpie/command_input:46] publish: Cannot infer topic type for topic /kelpie/command_input as it is not yet advertised
1755067160.585849761 ERROR /rosbridge_websocket [protocol.py:399(RosbridgeProtocol.log)] [topics: /rosout, /client_count, /connected_clients] [Client 7] [id: publish:/kelpie/command_input:47] publish: Cannot infer topic type for topic /kelpie/command_input as it is not yet advertised
1755067161.625351190 ERROR /rosbridge_websocket [protocol.py:399(RosbridgeProtocol.log)] [topics: /rosout, /client_count, /connected_clients] [Client 7] [id: publish:/kelpie/command_input:48] publish: Cannot infer topic type for topic /kelpie/command_input as it is not yet advertised
1755067161.682501554 ERROR /rosbridge_websocket [protocol.py:399(RosbridgeProtocol.log)] [topics: /rosout, /client_count, /connected_clients] [Client 7] [id: publish:/kelpie/command_input:49] publish: Cannot infer topic type for topic /kelpie/command_input as it is not yet advertised
1755067161.728609800 ERROR /rosbridge_websocket [protocol.py:399(RosbridgeProtocol.log)] [topics: /rosout, /client_count, /connected_clients] [Client 7] [id: publish:/kelpie/command_input:50] publish: Cannot infer topic type for topic /kelpie/command_input as it is not yet advertised
1755067161.774295091 ERROR /rosbridge_websocket [protocol.py:399(RosbridgeProtocol.log)] [topics: /rosout, /client_count, /connected_clients] [Client 7] [id: publish:/kelpie/command_input:51] publish: Cannot infer topic type for topic /kelpie/command_input as it is not yet advertised
1755067162.908238172 ERROR /rosbridge_websocket [protocol.py:399(RosbridgeProtocol.log)] [topics: /rosout, /client_count, /connected_clients] [Client 7] [id: publish:/kelpie/command_input:52] publish: Cannot infer topic type for topic /kelpie/command_input as it is not yet advertised
1755067162.956775903 ERROR /rosbridge_websocket [protocol.py:399(RosbridgeProtocol.log)] [topics: /rosout, /client_count, /connected_clients] [Client 7] [id: publish:/kelpie/command_input:53] publish: Cannot infer topic type for topic /kelpie/command_input as it is not yet advertised
1755067163.004496812 ERROR /rosbridge_websocket [protocol.py:399(RosbridgeProtocol.log)] [topics: /rosout, /client_count, /connected_clients] [Client 7] [id: publish:/kelpie/command_input:54] publish: Cannot infer topic type for topic /kelpie/command_input as it is not yet advertised
1755067163.065584182 ERROR /rosbridge_websocket [protocol.py:399(RosbridgeProtocol.log)] [topics: /rosout, /client_count, /connected_clients] [Client 7] [id: publish:/kelpie/command_input:55] publish: Cannot infer topic type for topic /kelpie/command_input as it is not yet advertised
1755067164.083245277 ERROR /rosbridge_websocket [protocol.py:399(RosbridgeProtocol.log)] [topics: /rosout, /client_count, /connected_clients] [Client 7] [id: publish:/kelpie/command_input:56] publish: Cannot infer topic type for topic /kelpie/command_input as it is not yet advertised
1755067164.142271757 ERROR /rosbridge_websocket [protocol.py:399(RosbridgeProtocol.log)] [topics: /rosout, /client_count, /connected_clients] [Client 7] [id: publish:/kelpie/command_input:57] publish: Cannot infer topic type for topic /kelpie/command_input as it is not yet advertised
1755067164.190395832 ERROR /rosbridge_websocket [protocol.py:399(RosbridgeProtocol.log)] [topics: /rosout, /client_count, /connected_clients] [Client 7] [id: publish:/kelpie/command_input:58] publish: Cannot infer topic type for topic /kelpie/command_input as it is not yet advertised
1755067164.261636018 ERROR /rosbridge_websocket [protocol.py:399(RosbridgeProtocol.log)] [topics: /rosout, /client_count, /connected_clients] [Client 7] [id: publish:/kelpie/command_input:59] publish: Cannot infer topic type for topic /kelpie/command_input as it is not yet advertised
1755067164.271323442 ERROR /rosbridge_websocket [protocol.py:399(RosbridgeProtocol.log)] [topics: /rosout, /client_count, /connected_clients] [Client 7] [id: publish:/kelpie/command_input:60] publish: Cannot infer topic type for topic /kelpie/command_input as it is not yet advertised
1755067321.049571752 INFO /rosapi [rosapi_node:202(<module>)] [topics: /rosout] Rosapi started
1755067321.636218309 WARN /rosbridge_websocket [rosbridge_websocket:315(<module>)] [topics: /rosout, /connected_clients, /client_count] Unable to start server: Couldn't listen on any:9090: [Errno 98] Address already in use. Retrying in 5s.
1755067326.645625114 WARN /rosbridge_websocket [rosbridge_websocket:315(<module>)] [topics: /rosout, /connected_clients, /client_count] Unable to start server: Couldn't listen on any:9090: [Errno 98] Address already in use. Retrying in 5s.
1755067331.651724576 WARN /rosbridge_websocket [rosbridge_websocket:315(<module>)] [topics: /rosout, /connected_clients, /client_count] Unable to start server: Couldn't listen on any:9090: [Errno 98] Address already in use. Retrying in 5s.
1755067336.661156892 WARN /rosbridge_websocket [rosbridge_websocket:315(<module>)] [topics: /rosout, /connected_clients, /client_count] Unable to start server: Couldn't listen on any:9090: [Errno 98] Address already in use. Retrying in 5s.
1755067341.669285058 WARN /rosbridge_websocket [rosbridge_websocket:315(<module>)] [topics: /rosout, /connected_clients, /client_count] Unable to start server: Couldn't listen on any:9090: [Errno 98] Address already in use. Retrying in 5s.
1755067346.677366256 WARN /rosbridge_websocket [rosbridge_websocket:315(<module>)] [topics: /rosout, /connected_clients, /client_count] Unable to start server: Couldn't listen on any:9090: [Errno 98] Address already in use. Retrying in 5s.
1755067351.686483144 WARN /rosbridge_websocket [rosbridge_websocket:315(<module>)] [topics: /rosout, /connected_clients, /client_count] Unable to start server: Couldn't listen on any:9090: [Errno 98] Address already in use. Retrying in 5s.
1755067356.695553779 WARN /rosbridge_websocket [rosbridge_websocket:315(<module>)] [topics: /rosout, /connected_clients, /client_count] Unable to start server: Couldn't listen on any:9090: [Errno 98] Address already in use. Retrying in 5s.
1755067361.706607341 WARN /rosbridge_websocket [rosbridge_websocket:315(<module>)] [topics: /rosout, /connected_clients, /client_count] Unable to start server: Couldn't listen on any:9090: [Errno 98] Address already in use. Retrying in 5s.
1755067366.718671560 WARN /rosbridge_websocket [rosbridge_websocket:315(<module>)] [topics: /rosout, /connected_clients, /client_count] Unable to start server: Couldn't listen on any:9090: [Errno 98] Address already in use. Retrying in 5s.
1755067371.728273630 WARN /rosbridge_websocket [rosbridge_websocket:315(<module>)] [topics: /rosout, /connected_clients, /client_count] Unable to start server: Couldn't listen on any:9090: [Errno 98] Address already in use. Retrying in 5s.
1755067376.737875223 WARN /rosbridge_websocket [rosbridge_websocket:315(<module>)] [topics: /rosout, /connected_clients, /client_count] Unable to start server: Couldn't listen on any:9090: [Errno 98] Address already in use. Retrying in 5s.
1755067381.748997926 WARN /rosbridge_websocket [rosbridge_websocket:315(<module>)] [topics: /rosout, /connected_clients, /client_count] Unable to start server: Couldn't listen on any:9090: [Errno 98] Address already in use. Retrying in 5s.
1755067386.761210441 WARN /rosbridge_websocket [rosbridge_websocket:315(<module>)] [topics: /rosout, /connected_clients, /client_count] Unable to start server: Couldn't listen on any:9090: [Errno 98] Address already in use. Retrying in 5s.
1755067391.769248485 WARN /rosbridge_websocket [rosbridge_websocket:315(<module>)] [topics: /rosout, /connected_clients, /client_count] Unable to start server: Couldn't listen on any:9090: [Errno 98] Address already in use. Retrying in 5s.
1755067396.779762744 WARN /rosbridge_websocket [rosbridge_websocket:315(<module>)] [topics: /rosout, /connected_clients, /client_count] Unable to start server: Couldn't listen on any:9090: [Errno 98] Address already in use. Retrying in 5s.
1755067401.790022373 WARN /rosbridge_websocket [rosbridge_websocket:315(<module>)] [topics: /rosout, /connected_clients, /client_count] Unable to start server: Couldn't listen on any:9090: [Errno 98] Address already in use. Retrying in 5s.
1755067406.798093318 WARN /rosbridge_websocket [rosbridge_websocket:315(<module>)] [topics: /rosout, /connected_clients, /client_count] Unable to start server: Couldn't listen on any:9090: [Errno 98] Address already in use. Retrying in 5s.
1755067411.807726383 WARN /rosbridge_websocket [rosbridge_websocket:315(<module>)] [topics: /rosout, /connected_clients, /client_count] Unable to start server: Couldn't listen on any:9090: [Errno 98] Address already in use. Retrying in 5s.
1755067416.818733453 WARN /rosbridge_websocket [rosbridge_websocket:315(<module>)] [topics: /rosout, /connected_clients, /client_count] Unable to start server: Couldn't listen on any:9090: [Errno 98] Address already in use. Retrying in 5s.
1755067421.829805850 WARN /rosbridge_websocket [rosbridge_websocket:315(<module>)] [topics: /rosout, /connected_clients, /client_count] Unable to start server: Couldn't listen on any:9090: [Errno 98] Address already in use. Retrying in 5s.
1755067426.841018915 WARN /rosbridge_websocket [rosbridge_websocket:315(<module>)] [topics: /rosout, /connected_clients, /client_count] Unable to start server: Couldn't listen on any:9090: [Errno 98] Address already in use. Retrying in 5s.
1755067431.849471330 WARN /rosbridge_websocket [rosbridge_websocket:315(<module>)] [topics: /rosout, /connected_clients, /client_count] Unable to start server: Couldn't listen on any:9090: [Errno 98] Address already in use. Retrying in 5s.
1755067436.855899095 WARN /rosbridge_websocket [rosbridge_websocket:315(<module>)] [topics: /rosout, /connected_clients, /client_count] Unable to start server: Couldn't listen on any:9090: [Errno 98] Address already in use. Retrying in 5s.
1755067441.870926380 WARN /rosbridge_websocket [rosbridge_websocket:315(<module>)] [topics: /rosout, /connected_clients, /client_count] Unable to start server: Couldn't listen on any:9090: [Errno 98] Address already in use. Retrying in 5s.
1755067446.880400657 WARN /rosbridge_websocket [rosbridge_websocket:315(<module>)] [topics: /rosout, /connected_clients, /client_count] Unable to start server: Couldn't listen on any:9090: [Errno 98] Address already in use. Retrying in 5s.
