[rospy.client][INFO] 2025-08-20 16:53:58,803: init_node, name[/rosbridge_websocket], pid[1807]
[xmlrpc][INFO] 2025-08-20 16:53:58,804: XML-RPC server binding to 0.0.0.0:0
[xmlrpc][INFO] 2025-08-20 16:53:58,805: Started XML-RPC server [http://kelpie2:42091/]
[rospy.init][INFO] 2025-08-20 16:53:58,806: ROS Slave URI: [http://kelpie2:42091/]
[rospy.impl.masterslave][INFO] 2025-08-20 16:53:58,806: _ready: http://kelpie2:42091/
[rospy.registration][INFO] 2025-08-20 16:53:58,808: Registering with master node http://localhost:11311
[xmlrpc][INFO] 2025-08-20 16:53:58,808: xml rpc node: starting XML-RPC server
[rospy.init][INFO] 2025-08-20 16:53:58,906: registered with master
[rospy.rosout][INFO] 2025-08-20 16:53:58,907: initializing /rosout core topic
[rospy.rosout][INFO] 2025-08-20 16:53:58,913: connected to core topic /rosout
[rospy.simtime][INFO] 2025-08-20 16:53:58,915: /use_sim_time is not set, will not subscribe to simulated time [/clock] topic
[rosout][INFO] 2025-08-20 16:53:58,988: Rosbridge WebSocket server started at ws://0.0.0.0:9090
[rospy.internal][INFO] 2025-08-20 16:53:59,071: topic[/rosout] adding connection to [/rosout], count 0
[rosout][INFO] 2025-08-20 16:54:00,409: Client connected.  1 clients total.
[rosout][INFO] 2025-08-20 16:54:01,434: [Client 0] Subscribed to /kelpie/leg_control/joint_states
[rosout][INFO] 2025-08-20 16:54:01,451: [Client 0] Subscribed to /kelpie/leg_control/currents
[rospy.internal][INFO] 2025-08-20 16:54:01,458: topic[/kelpie/leg_control/currents] adding connection to [http://kelpie2:35573/], count 0
[rospy.internal][INFO] 2025-08-20 16:54:01,466: topic[/kelpie/leg_control/joint_states] adding connection to [http://kelpie2:33497/], count 0
[rosout][INFO] 2025-08-20 16:54:01,472: [Client 0] Subscribed to /kelpie/battery/voltage
[rospy.internal][INFO] 2025-08-20 16:54:01,480: topic[/kelpie/battery/voltage] adding connection to [http://kelpie2:35573/], count 0
[rosout][INFO] 2025-08-20 16:54:01,491: [Client 0] Subscribed to /kelpie/imu
[rospy.internal][INFO] 2025-08-20 16:54:01,500: topic[/kelpie/imu] adding connection to [http://kelpie2:35573/], count 0
[rosout][INFO] 2025-08-20 16:54:02,327: Client disconnected. 0 clients total.
[rospy.internal][INFO] 2025-08-20 16:54:02,333: topic impl's ref count is zero, deleting topic /kelpie/leg_control/joint_states...
[rospy.internal][INFO] 2025-08-20 16:54:02,334: topic[/kelpie/leg_control/joint_states] removing connection to http://kelpie2:33497/
[rospy.internal][INFO] 2025-08-20 16:54:02,338: topic impl's ref count is zero, deleting topic /kelpie/leg_control/currents...
[rospy.internal][INFO] 2025-08-20 16:54:02,339: topic[/kelpie/leg_control/currents] removing connection to http://kelpie2:35573/
[rospy.internal][INFO] 2025-08-20 16:54:02,343: topic impl's ref count is zero, deleting topic /kelpie/battery/voltage...
[rospy.internal][INFO] 2025-08-20 16:54:02,343: topic[/kelpie/battery/voltage] removing connection to http://kelpie2:35573/
[rospy.internal][INFO] 2025-08-20 16:54:02,346: topic impl's ref count is zero, deleting topic /kelpie/imu...
[rospy.internal][INFO] 2025-08-20 16:54:02,347: topic[/kelpie/imu] removing connection to http://kelpie2:35573/
[rosout][INFO] 2025-08-20 16:54:02,385: Client connected.  1 clients total.
[rosout][INFO] 2025-08-20 16:54:02,408: [Client 1] Subscribed to /kelpie/leg_control/joint_states
[rosout][INFO] 2025-08-20 16:54:02,423: [Client 1] Subscribed to /kelpie/leg_control/currents
[rospy.internal][INFO] 2025-08-20 16:54:02,430: topic[/kelpie/leg_control/currents] adding connection to [http://kelpie2:35573/], count 0
[rosout][INFO] 2025-08-20 16:54:02,440: [Client 1] Subscribed to /kelpie/battery/voltage
[rospy.internal][INFO] 2025-08-20 16:54:02,450: topic[/kelpie/battery/voltage] adding connection to [http://kelpie2:35573/], count 0
[rosout][INFO] 2025-08-20 16:54:02,459: [Client 1] Subscribed to /kelpie/imu
[rospy.internal][INFO] 2025-08-20 16:54:02,471: topic[/kelpie/leg_control/joint_states] adding connection to [http://kelpie2:33497/], count 0
[rospy.internal][INFO] 2025-08-20 16:54:02,474: topic[/kelpie/imu] adding connection to [http://kelpie2:35573/], count 0
