[rosmaster.main][INFO] 2025-08-13 15:48:38,441: initialization complete, waiting for shutdown
[rosmaster.main][INFO] 2025-08-13 15:48:38,442: Starting ROS Master Node
[xmlrpc][INFO] 2025-08-13 15:48:38,449: XML-RPC server binding to 127.0.0.1:11311
[xmlrpc][INFO] 2025-08-13 15:48:38,450: Started XML-RPC server [http://localhost:11311/]
[rosmaster.master][INFO] 2025-08-13 15:48:38,451: Master initialized: port[11311], uri[http://localhost:11311/]
[xmlrpc][INFO] 2025-08-13 15:48:38,451: xml rpc node: starting XML-RPC server
[rosmaster.master][INFO] 2025-08-13 15:48:38,478: +PARAM [/run_id] by /roslaunch
[rosmaster.master][INFO] 2025-08-13 15:48:38,481: +PARAM [/roslaunch/uris/host_localhost__37363] by /roslaunch
[rosmaster.master][INFO] 2025-08-13 15:48:38,637: +PARAM [/rosversion] by /roslaunch
[rosmaster.master][INFO] 2025-08-13 15:48:38,638: +PARAM [/rosdistro] by /roslaunch
[rosmaster.master][INFO] 2025-08-13 15:48:38,638: +PARAM [/rosbridge_websocket/authenticate] by /roslaunch
[rosmaster.master][INFO] 2025-08-13 15:48:38,638: +PARAM [/rosbridge_websocket/port] by /roslaunch
[rosmaster.master][INFO] 2025-08-13 15:48:38,638: +PARAM [/rosbridge_websocket/address] by /roslaunch
[rosmaster.master][INFO] 2025-08-13 15:48:38,639: +PARAM [/rosbridge_websocket/retry_startup_delay] by /roslaunch
[rosmaster.master][INFO] 2025-08-13 15:48:38,639: +PARAM [/rosbridge_websocket/fragment_timeout] by /roslaunch
[rosmaster.master][INFO] 2025-08-13 15:48:38,639: +PARAM [/rosbridge_websocket/delay_between_messages] by /roslaunch
[rosmaster.master][INFO] 2025-08-13 15:48:38,639: +PARAM [/rosbridge_websocket/max_message_size] by /roslaunch
[rosmaster.master][INFO] 2025-08-13 15:48:38,639: +PARAM [/rosbridge_websocket/unregister_timeout] by /roslaunch
[rosmaster.master][INFO] 2025-08-13 15:48:38,640: +PARAM [/rosbridge_websocket/use_compression] by /roslaunch
[rosmaster.master][INFO] 2025-08-13 15:48:38,640: +PARAM [/rosbridge_websocket/websocket_ping_interval] by /roslaunch
[rosmaster.master][INFO] 2025-08-13 15:48:38,640: +PARAM [/rosbridge_websocket/websocket_ping_timeout] by /roslaunch
[rosmaster.master][INFO] 2025-08-13 15:48:38,640: +PARAM [/rosbridge_websocket/websocket_external_port] by /roslaunch
[rosmaster.master][INFO] 2025-08-13 15:48:38,641: +PARAM [/rosbridge_websocket/topics_glob] by /roslaunch
[rosmaster.master][INFO] 2025-08-13 15:48:38,641: +PARAM [/rosbridge_websocket/services_glob] by /roslaunch
[rosmaster.master][INFO] 2025-08-13 15:48:38,641: +PARAM [/rosbridge_websocket/params_glob] by /roslaunch
[rosmaster.master][INFO] 2025-08-13 15:48:38,641: +PARAM [/rosbridge_websocket/bson_only_mode] by /roslaunch
[rosmaster.master][INFO] 2025-08-13 15:48:38,642: +PARAM [/rosapi/topics_glob] by /roslaunch
[rosmaster.master][INFO] 2025-08-13 15:48:38,642: +PARAM [/rosapi/services_glob] by /roslaunch
[rosmaster.master][INFO] 2025-08-13 15:48:38,642: +PARAM [/rosapi/params_glob] by /roslaunch
[rosmaster.master][INFO] 2025-08-13 15:48:38,642: +PARAM [/JOYSTICK/autorepeat_rate] by /roslaunch
[rosmaster.master][INFO] 2025-08-13 15:48:38,643: +PARAM [/JOYSTICK/joy_node/dev] by /roslaunch
[rosmaster.master][INFO] 2025-08-13 15:48:38,854: +SERVICE [/rosout/get_loggers] /rosout http://localhost:45547/
[rosmaster.master][INFO] 2025-08-13 15:48:38,856: +SERVICE [/rosout/set_logger_level] /rosout http://localhost:45547/
[rosmaster.master][INFO] 2025-08-13 15:48:38,858: +PUB [/rosout] /JOYSTICK http://localhost:35609/
[rosmaster.master][INFO] 2025-08-13 15:48:38,862: +SERVICE [/JOYSTICK/get_loggers] /JOYSTICK http://localhost:35609/
[rosmaster.master][INFO] 2025-08-13 15:48:38,864: +PUB [/rosout_agg] /rosout http://localhost:45547/
[rosmaster.master][INFO] 2025-08-13 15:48:38,865: +SERVICE [/JOYSTICK/set_logger_level] /JOYSTICK http://localhost:35609/
[rosmaster.master][INFO] 2025-08-13 15:48:38,870: +PUB [/diagnostics] /JOYSTICK http://localhost:35609/
[rosmaster.master][INFO] 2025-08-13 15:48:38,873: +CACHEDPARAM [/JOYSTICK/diagnostic_period] by /JOYSTICK
[rosmaster.master][INFO] 2025-08-13 15:48:38,879: +SUB [/rosout] /rosout http://localhost:45547/
[rosmaster.master][INFO] 2025-08-13 15:48:38,882: +PUB [/joy] /JOYSTICK http://localhost:35609/
[rosmaster.master][INFO] 2025-08-13 15:48:38,892: +SUB [/joy/set_feedback] /JOYSTICK http://localhost:35609/
[rosmaster.master][INFO] 2025-08-13 15:48:38,909: +CACHEDPARAM [/rosout_disable_topics_generation] by /JOYSTICK
[rosmaster.master][INFO] 2025-08-13 15:48:40,174: +PUB [/rosout] /rosapi http://localhost:38587/
[rosmaster.master][INFO] 2025-08-13 15:48:40,182: +SERVICE [/rosapi/get_loggers] /rosapi http://localhost:38587/
[rosmaster.master][INFO] 2025-08-13 15:48:40,185: +SERVICE [/rosapi/set_logger_level] /rosapi http://localhost:38587/
[rosmaster.master][INFO] 2025-08-13 15:48:40,195: +SERVICE [/rosapi/topics] /rosapi http://localhost:38587/
[rosmaster.master][INFO] 2025-08-13 15:48:40,198: +SERVICE [/rosapi/topics_for_type] /rosapi http://localhost:38587/
[rosmaster.master][INFO] 2025-08-13 15:48:40,201: +SERVICE [/rosapi/services] /rosapi http://localhost:38587/
[rosmaster.master][INFO] 2025-08-13 15:48:40,204: +SERVICE [/rosapi/services_for_type] /rosapi http://localhost:38587/
[rosmaster.master][INFO] 2025-08-13 15:48:40,206: +SERVICE [/rosapi/nodes] /rosapi http://localhost:38587/
[rosmaster.master][INFO] 2025-08-13 15:48:40,209: +SERVICE [/rosapi/node_details] /rosapi http://localhost:38587/
[rosmaster.master][INFO] 2025-08-13 15:48:40,212: +SERVICE [/rosapi/action_servers] /rosapi http://localhost:38587/
[rosmaster.master][INFO] 2025-08-13 15:48:40,215: +SERVICE [/rosapi/topic_type] /rosapi http://localhost:38587/
[rosmaster.master][INFO] 2025-08-13 15:48:40,218: +SERVICE [/rosapi/service_type] /rosapi http://localhost:38587/
[rosmaster.master][INFO] 2025-08-13 15:48:40,220: +SERVICE [/rosapi/publishers] /rosapi http://localhost:38587/
[rosmaster.master][INFO] 2025-08-13 15:48:40,223: +SERVICE [/rosapi/subscribers] /rosapi http://localhost:38587/
[rosmaster.master][INFO] 2025-08-13 15:48:40,226: +SERVICE [/rosapi/service_providers] /rosapi http://localhost:38587/
[rosmaster.master][INFO] 2025-08-13 15:48:40,229: +SERVICE [/rosapi/service_node] /rosapi http://localhost:38587/
[rosmaster.master][INFO] 2025-08-13 15:48:40,232: +SERVICE [/rosapi/service_host] /rosapi http://localhost:38587/
[rosmaster.master][INFO] 2025-08-13 15:48:40,235: +SERVICE [/rosapi/message_details] /rosapi http://localhost:38587/
[rosmaster.master][INFO] 2025-08-13 15:48:40,237: +SERVICE [/rosapi/service_request_details] /rosapi http://localhost:38587/
[rosmaster.master][INFO] 2025-08-13 15:48:40,240: +SERVICE [/rosapi/service_response_details] /rosapi http://localhost:38587/
[rosmaster.master][INFO] 2025-08-13 15:48:40,243: +SERVICE [/rosapi/set_param] /rosapi http://localhost:38587/
[rosmaster.master][INFO] 2025-08-13 15:48:40,246: +SERVICE [/rosapi/get_param] /rosapi http://localhost:38587/
[rosmaster.master][INFO] 2025-08-13 15:48:40,247: publisherUpdate[/rosout] -> http://localhost:45547/ ['http://localhost:35609/', 'http://localhost:38587/']
[rosmaster.master][INFO] 2025-08-13 15:48:40,250: +SERVICE [/rosapi/has_param] /rosapi http://localhost:38587/
[rosmaster.master][INFO] 2025-08-13 15:48:40,263: publisherUpdate[/rosout] -> http://localhost:45547/ ['http://localhost:35609/', 'http://localhost:38587/']: sec=0.02, result=[1, '', 0]
[rosmaster.master][INFO] 2025-08-13 15:48:40,264: +SERVICE [/rosapi/search_param] /rosapi http://localhost:38587/
[rosmaster.master][INFO] 2025-08-13 15:48:40,268: +SERVICE [/rosapi/delete_param] /rosapi http://localhost:38587/
[rosmaster.master][INFO] 2025-08-13 15:48:40,271: +SERVICE [/rosapi/get_param_names] /rosapi http://localhost:38587/
[rosmaster.master][INFO] 2025-08-13 15:48:40,273: +SERVICE [/rosapi/get_time] /rosapi http://localhost:38587/
[rosmaster.master][INFO] 2025-08-13 15:48:40,276: +SERVICE [/rosapi/topics_and_raw_types] /rosapi http://localhost:38587/
[rosmaster.master][INFO] 2025-08-13 15:48:40,279: +CACHEDPARAM [/rosout_disable_topics_generation] by /rosapi
[rosmaster.master][INFO] 2025-08-13 15:48:40,465: +CACHEDPARAM [/rosout/omit_topics] by /rosout
[rosmaster.master][INFO] 2025-08-13 15:48:40,974: +PUB [/rosout] /rosbridge_websocket http://localhost:39297/
[rosmaster.master][INFO] 2025-08-13 15:48:40,981: +SERVICE [/rosbridge_websocket/get_loggers] /rosbridge_websocket http://localhost:39297/
[rosmaster.master][INFO] 2025-08-13 15:48:40,983: +SERVICE [/rosbridge_websocket/set_logger_level] /rosbridge_websocket http://localhost:39297/
[rosmaster.master][INFO] 2025-08-13 15:48:41,015: +PUB [/client_count] /rosbridge_websocket http://localhost:39297/
[rosmaster.master][INFO] 2025-08-13 15:48:41,018: +PUB [/connected_clients] /rosbridge_websocket http://localhost:39297/
[rosmaster.master][INFO] 2025-08-13 15:48:41,026: +PARAM [/rosbridge_websocket/actual_port] by /rosbridge_websocket
[rosmaster.master][INFO] 2025-08-13 15:48:41,032: +CACHEDPARAM [/rosout_disable_topics_generation] by /rosbridge_websocket
[rosmaster.master][INFO] 2025-08-13 15:48:41,052: publisherUpdate[/rosout] -> http://localhost:45547/ ['http://localhost:35609/', 'http://localhost:38587/', 'http://localhost:39297/']
[rosmaster.master][INFO] 2025-08-13 15:48:41,056: publisherUpdate[/rosout] -> http://localhost:45547/ ['http://localhost:35609/', 'http://localhost:38587/', 'http://localhost:39297/']: sec=0.00, result=[1, '', 0]
