[rosmaster.main][INFO] 2025-08-11 14:13:42,439: initialization complete, waiting for shutdown
[rosmaster.main][INFO] 2025-08-11 14:13:42,439: Starting ROS Master Node
[xmlrpc][INFO] 2025-08-11 14:13:42,442: XML-RPC server binding to 127.0.0.1:11311
[xmlrpc][INFO] 2025-08-11 14:13:42,442: Started XML-RPC server [http://localhost:11311/]
[rosmaster.master][INFO] 2025-08-11 14:13:42,443: Master initialized: port[11311], uri[http://localhost:11311/]
[xmlrpc][INFO] 2025-08-11 14:13:42,443: xml rpc node: starting XML-RPC server
[rosmaster.master][INFO] 2025-08-11 14:13:42,562: +PARAM [/run_id] by /roslaunch
[rosmaster.master][INFO] 2025-08-11 14:13:42,566: +PARAM [/roslaunch/uris/host_localhost__40129] by /roslaunch
[rosmaster.master][INFO] 2025-08-11 14:13:42,706: +PARAM [/rosversion] by /roslaunch
[rosmaster.master][INFO] 2025-08-11 14:13:42,707: +PARAM [/rosdistro] by /roslaunch
[rosmaster.master][INFO] 2025-08-11 14:13:42,707: +PARAM [/rosbridge_websocket/authenticate] by /roslaunch
[rosmaster.master][INFO] 2025-08-11 14:13:42,707: +PARAM [/rosbridge_websocket/port] by /roslaunch
[rosmaster.master][INFO] 2025-08-11 14:13:42,708: +PARAM [/rosbridge_websocket/address] by /roslaunch
[rosmaster.master][INFO] 2025-08-11 14:13:42,708: +PARAM [/rosbridge_websocket/retry_startup_delay] by /roslaunch
[rosmaster.master][INFO] 2025-08-11 14:13:42,708: +PARAM [/rosbridge_websocket/fragment_timeout] by /roslaunch
[rosmaster.master][INFO] 2025-08-11 14:13:42,708: +PARAM [/rosbridge_websocket/delay_between_messages] by /roslaunch
[rosmaster.master][INFO] 2025-08-11 14:13:42,708: +PARAM [/rosbridge_websocket/max_message_size] by /roslaunch
[rosmaster.master][INFO] 2025-08-11 14:13:42,709: +PARAM [/rosbridge_websocket/unregister_timeout] by /roslaunch
[rosmaster.master][INFO] 2025-08-11 14:13:42,709: +PARAM [/rosbridge_websocket/use_compression] by /roslaunch
[rosmaster.master][INFO] 2025-08-11 14:13:42,709: +PARAM [/rosbridge_websocket/websocket_ping_interval] by /roslaunch
[rosmaster.master][INFO] 2025-08-11 14:13:42,709: +PARAM [/rosbridge_websocket/websocket_ping_timeout] by /roslaunch
[rosmaster.master][INFO] 2025-08-11 14:13:42,710: +PARAM [/rosbridge_websocket/websocket_external_port] by /roslaunch
[rosmaster.master][INFO] 2025-08-11 14:13:42,710: +PARAM [/rosbridge_websocket/topics_glob] by /roslaunch
[rosmaster.master][INFO] 2025-08-11 14:13:42,710: +PARAM [/rosbridge_websocket/services_glob] by /roslaunch
[rosmaster.master][INFO] 2025-08-11 14:13:42,711: +PARAM [/rosbridge_websocket/params_glob] by /roslaunch
[rosmaster.master][INFO] 2025-08-11 14:13:42,712: +PARAM [/rosbridge_websocket/bson_only_mode] by /roslaunch
[rosmaster.master][INFO] 2025-08-11 14:13:42,713: +PARAM [/rosapi/topics_glob] by /roslaunch
[rosmaster.master][INFO] 2025-08-11 14:13:42,713: +PARAM [/rosapi/services_glob] by /roslaunch
[rosmaster.master][INFO] 2025-08-11 14:13:42,713: +PARAM [/rosapi/params_glob] by /roslaunch
[rosmaster.master][INFO] 2025-08-11 14:13:42,713: +PARAM [/JOYSTICK/autorepeat_rate] by /roslaunch
[rosmaster.master][INFO] 2025-08-11 14:13:42,713: +PARAM [/JOYSTICK/joy_node/dev] by /roslaunch
[rosmaster.master][INFO] 2025-08-11 14:13:42,715: +SERVICE [/rosout/get_loggers] /rosout http://localhost:46599/
[rosmaster.master][INFO] 2025-08-11 14:13:42,717: +SERVICE [/rosout/set_logger_level] /rosout http://localhost:46599/
[rosmaster.master][INFO] 2025-08-11 14:13:42,723: +PUB [/rosout_agg] /rosout http://localhost:46599/
[rosmaster.master][INFO] 2025-08-11 14:13:42,735: +SUB [/rosout] /rosout http://localhost:46599/
[rosmaster.master][INFO] 2025-08-11 14:13:42,973: +PUB [/rosout] /JOYSTICK http://localhost:37353/
[rosmaster.master][INFO] 2025-08-11 14:13:42,975: +SERVICE [/JOYSTICK/get_loggers] /JOYSTICK http://localhost:37353/
[rosmaster.master][INFO] 2025-08-11 14:13:42,977: +SERVICE [/JOYSTICK/set_logger_level] /JOYSTICK http://localhost:37353/
[rosmaster.master][INFO] 2025-08-11 14:13:42,991: +PUB [/diagnostics] /JOYSTICK http://localhost:37353/
[rosmaster.master][INFO] 2025-08-11 14:13:42,994: +CACHEDPARAM [/JOYSTICK/diagnostic_period] by /JOYSTICK
[rosmaster.master][INFO] 2025-08-11 14:13:42,998: +PUB [/joy] /JOYSTICK http://localhost:37353/
[rosmaster.master][INFO] 2025-08-11 14:13:43,020: +SUB [/joy/set_feedback] /JOYSTICK http://localhost:37353/
[rosmaster.master][INFO] 2025-08-11 14:13:43,041: publisherUpdate[/rosout] -> http://localhost:46599/ ['http://localhost:37353/']
[rosmaster.master][INFO] 2025-08-11 14:13:43,055: +CACHEDPARAM [/rosout_disable_topics_generation] by /JOYSTICK
[rosmaster.master][INFO] 2025-08-11 14:13:43,069: publisherUpdate[/rosout] -> http://localhost:46599/ ['http://localhost:37353/']: sec=0.03, result=[1, '', 0]
[rosmaster.master][INFO] 2025-08-11 14:13:44,410: +PUB [/rosout] /rosapi http://localhost:41129/
[rosmaster.master][INFO] 2025-08-11 14:13:44,418: +SERVICE [/rosapi/get_loggers] /rosapi http://localhost:41129/
[rosmaster.master][INFO] 2025-08-11 14:13:44,421: +SERVICE [/rosapi/set_logger_level] /rosapi http://localhost:41129/
[rosmaster.master][INFO] 2025-08-11 14:13:44,432: +SERVICE [/rosapi/topics] /rosapi http://localhost:41129/
[rosmaster.master][INFO] 2025-08-11 14:13:44,435: +SERVICE [/rosapi/topics_for_type] /rosapi http://localhost:41129/
[rosmaster.master][INFO] 2025-08-11 14:13:44,439: +SERVICE [/rosapi/services] /rosapi http://localhost:41129/
[rosmaster.master][INFO] 2025-08-11 14:13:44,444: +SERVICE [/rosapi/services_for_type] /rosapi http://localhost:41129/
[rosmaster.master][INFO] 2025-08-11 14:13:44,447: publisherUpdate[/rosout] -> http://localhost:46599/ ['http://localhost:37353/', 'http://localhost:41129/']
[rosmaster.master][INFO] 2025-08-11 14:13:44,459: +SERVICE [/rosapi/nodes] /rosapi http://localhost:41129/
[rosmaster.master][INFO] 2025-08-11 14:13:44,460: publisherUpdate[/rosout] -> http://localhost:46599/ ['http://localhost:37353/', 'http://localhost:41129/']: sec=0.01, result=[1, '', 0]
[rosmaster.master][INFO] 2025-08-11 14:13:44,462: +PUB [/rosout] /kelpie http://localhost:38597/
[rosmaster.master][INFO] 2025-08-11 14:13:44,463: publisherUpdate[/rosout] -> http://localhost:46599/ ['http://localhost:37353/', 'http://localhost:41129/', 'http://localhost:38597/']
[rosmaster.master][INFO] 2025-08-11 14:13:44,465: +SERVICE [/rosapi/node_details] /rosapi http://localhost:41129/
[rosmaster.master][INFO] 2025-08-11 14:13:44,470: +SERVICE [/rosapi/action_servers] /rosapi http://localhost:41129/
[rosmaster.master][INFO] 2025-08-11 14:13:44,473: publisherUpdate[/rosout] -> http://localhost:46599/ ['http://localhost:37353/', 'http://localhost:41129/', 'http://localhost:38597/']: sec=0.01, result=[1, '', 0]
[rosmaster.master][INFO] 2025-08-11 14:13:44,476: +SERVICE [/rosapi/topic_type] /rosapi http://localhost:41129/
[rosmaster.master][INFO] 2025-08-11 14:13:44,478: +SERVICE [/kelpie/get_loggers] /kelpie http://localhost:38597/
[rosmaster.master][INFO] 2025-08-11 14:13:44,480: +SERVICE [/rosapi/service_type] /rosapi http://localhost:41129/
[rosmaster.master][INFO] 2025-08-11 14:13:44,482: +SERVICE [/kelpie/set_logger_level] /kelpie http://localhost:38597/
[rosmaster.master][INFO] 2025-08-11 14:13:44,484: +SERVICE [/rosapi/publishers] /rosapi http://localhost:41129/
[rosmaster.master][INFO] 2025-08-11 14:13:44,489: +SERVICE [/rosapi/subscribers] /rosapi http://localhost:41129/
[rosmaster.master][INFO] 2025-08-11 14:13:44,492: +SUB [/kelpie/imu] /kelpie http://localhost:38597/
[rosmaster.master][INFO] 2025-08-11 14:13:44,495: +SERVICE [/rosapi/service_providers] /rosapi http://localhost:41129/
[rosmaster.master][INFO] 2025-08-11 14:13:44,499: +SUB [/kelpie/leg_control/currents] /kelpie http://localhost:38597/
[rosmaster.master][INFO] 2025-08-11 14:13:44,501: +SERVICE [/rosapi/service_node] /rosapi http://localhost:41129/
[rosmaster.master][INFO] 2025-08-11 14:13:44,505: +SERVICE [/rosapi/service_host] /rosapi http://localhost:41129/
[rosmaster.master][INFO] 2025-08-11 14:13:44,506: +SUB [/kelpie/battery/voltage] /kelpie http://localhost:38597/
[rosmaster.master][INFO] 2025-08-11 14:13:44,508: +SERVICE [/rosapi/message_details] /rosapi http://localhost:41129/
[rosmaster.master][INFO] 2025-08-11 14:13:44,510: +PUB [/kelpie/leg_control/joint_states] /kelpie http://localhost:38597/
[rosmaster.master][INFO] 2025-08-11 14:13:44,512: +SERVICE [/rosapi/service_request_details] /rosapi http://localhost:41129/
[rosmaster.master][INFO] 2025-08-11 14:13:44,515: +SERVICE [/rosapi/service_response_details] /rosapi http://localhost:41129/
[rosmaster.master][INFO] 2025-08-11 14:13:44,519: +SERVICE [/rosapi/set_param] /rosapi http://localhost:41129/
[rosmaster.master][INFO] 2025-08-11 14:13:44,521: +CACHEDPARAM [/rosout_disable_topics_generation] by /kelpie
[rosmaster.master][INFO] 2025-08-11 14:13:44,524: +SERVICE [/rosapi/get_param] /rosapi http://localhost:41129/
[rosmaster.master][INFO] 2025-08-11 14:13:44,530: +SUB [/kelpie/command_input] /kelpie http://localhost:38597/
[rosmaster.master][INFO] 2025-08-11 14:13:44,531: +SERVICE [/rosapi/has_param] /rosapi http://localhost:41129/
[rosmaster.master][INFO] 2025-08-11 14:13:44,536: +SERVICE [/rosapi/search_param] /rosapi http://localhost:41129/
[rosmaster.master][INFO] 2025-08-11 14:13:44,539: +CACHEDPARAM [/rosout_disable_topics_generation] by /kelpie
[rosmaster.master][INFO] 2025-08-11 14:13:44,543: +SERVICE [/rosapi/delete_param] /rosapi http://localhost:41129/
[rosmaster.master][INFO] 2025-08-11 14:13:44,548: +CACHEDPARAM [/rosout_disable_topics_generation] by /kelpie
[rosmaster.master][INFO] 2025-08-11 14:13:44,551: +SERVICE [/rosapi/get_param_names] /rosapi http://localhost:41129/
[rosmaster.master][INFO] 2025-08-11 14:13:44,558: +SERVICE [/rosapi/get_time] /rosapi http://localhost:41129/
[rosmaster.master][INFO] 2025-08-11 14:13:44,560: +CACHEDPARAM [/rosout_disable_topics_generation] by /kelpie
[rosmaster.master][INFO] 2025-08-11 14:13:44,565: +SERVICE [/rosapi/topics_and_raw_types] /rosapi http://localhost:41129/
[rosmaster.master][INFO] 2025-08-11 14:13:44,568: +CACHEDPARAM [/rosout_disable_topics_generation] by /kelpie
[rosmaster.master][INFO] 2025-08-11 14:13:44,571: +CACHEDPARAM [/rosout_disable_topics_generation] by /rosapi
[rosmaster.master][INFO] 2025-08-11 14:13:44,582: +CACHEDPARAM [/rosout_disable_topics_generation] by /kelpie
[rosmaster.master][INFO] 2025-08-11 14:13:44,588: +CACHEDPARAM [/rosout_disable_topics_generation] by /kelpie
[rosmaster.master][INFO] 2025-08-11 14:13:44,594: +CACHEDPARAM [/rosout_disable_topics_generation] by /kelpie
[rosmaster.master][INFO] 2025-08-11 14:13:44,599: +CACHEDPARAM [/rosout_disable_topics_generation] by /kelpie
[rosmaster.master][INFO] 2025-08-11 14:13:44,684: +CACHEDPARAM [/rosout/omit_topics] by /rosout
[rosmaster.master][INFO] 2025-08-11 14:13:45,253: +PUB [/rosout] /rosbridge_websocket http://localhost:37427/
[rosmaster.master][INFO] 2025-08-11 14:13:45,259: +SERVICE [/rosbridge_websocket/get_loggers] /rosbridge_websocket http://localhost:37427/
[rosmaster.master][INFO] 2025-08-11 14:13:45,262: +SERVICE [/rosbridge_websocket/set_logger_level] /rosbridge_websocket http://localhost:37427/
[rosmaster.master][INFO] 2025-08-11 14:13:45,278: publisherUpdate[/rosout] -> http://localhost:46599/ ['http://localhost:37353/', 'http://localhost:41129/', 'http://localhost:38597/', 'http://localhost:37427/']
[rosmaster.master][INFO] 2025-08-11 14:13:45,281: publisherUpdate[/rosout] -> http://localhost:46599/ ['http://localhost:37353/', 'http://localhost:41129/', 'http://localhost:38597/', 'http://localhost:37427/']: sec=0.00, result=[1, '', 0]
[rosmaster.master][INFO] 2025-08-11 14:13:45,295: +PUB [/client_count] /rosbridge_websocket http://localhost:37427/
[rosmaster.master][INFO] 2025-08-11 14:13:45,297: +PUB [/connected_clients] /rosbridge_websocket http://localhost:37427/
[rosmaster.master][INFO] 2025-08-11 14:13:45,305: +PARAM [/rosbridge_websocket/actual_port] by /rosbridge_websocket
[rosmaster.master][INFO] 2025-08-11 14:13:45,311: +CACHEDPARAM [/rosout_disable_topics_generation] by /rosbridge_websocket
[rosmaster.master][INFO] 2025-08-11 14:14:00,058: -PUB [/rosout] /rosbridge_websocket http://localhost:37427/
[rosmaster.master][INFO] 2025-08-11 14:14:00,061: -PUB [/rosout] /rosapi http://localhost:41129/
[rosmaster.master][INFO] 2025-08-11 14:14:00,062: -PUB [/client_count] /rosbridge_websocket http://localhost:37427/
[rosmaster.master][INFO] 2025-08-11 14:14:00,062: -SERVICE [/rosapi/get_loggers] /rosapi rosrpc://localhost:43203
[rosmaster.master][INFO] 2025-08-11 14:14:00,062: -PUB [/connected_clients] /rosbridge_websocket http://localhost:37427/
[rosmaster.master][INFO] 2025-08-11 14:14:00,063: -SERVICE [/rosapi/set_logger_level] /rosapi rosrpc://localhost:43203
[rosmaster.master][INFO] 2025-08-11 14:14:00,063: -SERVICE [/rosbridge_websocket/get_loggers] /rosbridge_websocket rosrpc://localhost:44095
[rosmaster.master][INFO] 2025-08-11 14:14:00,063: -SERVICE [/rosapi/topics] /rosapi rosrpc://localhost:43203
[rosmaster.master][INFO] 2025-08-11 14:14:00,063: -SERVICE [/rosbridge_websocket/set_logger_level] /rosbridge_websocket rosrpc://localhost:44095
[rosmaster.master][INFO] 2025-08-11 14:14:00,064: -SERVICE [/rosapi/topics_for_type] /rosapi rosrpc://localhost:43203
[rosmaster.master][INFO] 2025-08-11 14:14:00,065: -SERVICE [/rosapi/services] /rosapi rosrpc://localhost:43203
[rosmaster.master][INFO] 2025-08-11 14:14:00,065: -SERVICE [/rosapi/services_for_type] /rosapi rosrpc://localhost:43203
[rosmaster.master][INFO] 2025-08-11 14:14:00,065: -SERVICE [/rosapi/nodes] /rosapi rosrpc://localhost:43203
[rosmaster.master][INFO] 2025-08-11 14:14:00,066: -SERVICE [/rosapi/node_details] /rosapi rosrpc://localhost:43203
[rosmaster.master][INFO] 2025-08-11 14:14:00,066: -SERVICE [/rosapi/action_servers] /rosapi rosrpc://localhost:43203
[rosmaster.master][INFO] 2025-08-11 14:14:00,066: -SERVICE [/rosapi/topic_type] /rosapi rosrpc://localhost:43203
[rosmaster.master][INFO] 2025-08-11 14:14:00,066: -SERVICE [/rosapi/service_type] /rosapi rosrpc://localhost:43203
[rosmaster.master][INFO] 2025-08-11 14:14:00,067: -SERVICE [/rosapi/publishers] /rosapi rosrpc://localhost:43203
[rosmaster.master][INFO] 2025-08-11 14:14:00,067: -SERVICE [/rosapi/subscribers] /rosapi rosrpc://localhost:43203
[rosmaster.master][INFO] 2025-08-11 14:14:00,068: -SERVICE [/rosapi/service_providers] /rosapi rosrpc://localhost:43203
[rosmaster.master][INFO] 2025-08-11 14:14:00,068: -SERVICE [/rosapi/service_node] /rosapi rosrpc://localhost:43203
[rosmaster.master][INFO] 2025-08-11 14:14:00,068: -SERVICE [/rosapi/service_host] /rosapi rosrpc://localhost:43203
[rosmaster.master][INFO] 2025-08-11 14:14:00,068: -SERVICE [/rosapi/message_details] /rosapi rosrpc://localhost:43203
[rosmaster.master][INFO] 2025-08-11 14:14:00,069: -SERVICE [/rosapi/service_request_details] /rosapi rosrpc://localhost:43203
[rosmaster.master][INFO] 2025-08-11 14:14:00,069: -SERVICE [/rosapi/service_response_details] /rosapi rosrpc://localhost:43203
[rosmaster.master][INFO] 2025-08-11 14:14:00,069: -SERVICE [/rosapi/set_param] /rosapi rosrpc://localhost:43203
[rosmaster.master][INFO] 2025-08-11 14:14:00,069: -SERVICE [/rosapi/get_param] /rosapi rosrpc://localhost:43203
[rosmaster.master][INFO] 2025-08-11 14:14:00,069: -SERVICE [/rosapi/has_param] /rosapi rosrpc://localhost:43203
[rosmaster.master][INFO] 2025-08-11 14:14:00,070: -SERVICE [/rosapi/search_param] /rosapi rosrpc://localhost:43203
[rosmaster.master][INFO] 2025-08-11 14:14:00,070: -SERVICE [/rosapi/delete_param] /rosapi rosrpc://localhost:43203
[rosmaster.master][INFO] 2025-08-11 14:14:00,070: -SERVICE [/rosapi/get_param_names] /rosapi rosrpc://localhost:43203
[rosmaster.master][INFO] 2025-08-11 14:14:00,070: publisherUpdate[/rosout] -> http://localhost:46599/ ['http://localhost:37353/', 'http://localhost:41129/', 'http://localhost:38597/']
[rosmaster.master][INFO] 2025-08-11 14:14:00,070: -SERVICE [/rosapi/get_time] /rosapi rosrpc://localhost:43203
[rosmaster.master][INFO] 2025-08-11 14:14:00,071: -SERVICE [/rosapi/topics_and_raw_types] /rosapi rosrpc://localhost:43203
[rosmaster.master][INFO] 2025-08-11 14:14:00,074: publisherUpdate[/rosout] -> http://localhost:46599/ ['http://localhost:37353/', 'http://localhost:41129/', 'http://localhost:38597/']: sec=0.00, result=[1, '', 0]
[rosmaster.master][INFO] 2025-08-11 14:14:00,075: publisherUpdate[/rosout] -> http://localhost:46599/ ['http://localhost:37353/', 'http://localhost:38597/']
[rosmaster.master][INFO] 2025-08-11 14:14:00,076: publisherUpdate[/rosout] -> http://localhost:46599/ ['http://localhost:37353/', 'http://localhost:38597/']: sec=0.00, result=[1, '', 0]
[rosmaster.master][INFO] 2025-08-11 14:14:00,201: -PUB [/rosout] /JOYSTICK http://localhost:37353/
[rosmaster.master][INFO] 2025-08-11 14:14:00,201: publisherUpdate[/rosout] -> http://localhost:46599/ ['http://localhost:38597/']
[rosmaster.master][INFO] 2025-08-11 14:14:00,205: -PUB [/diagnostics] /JOYSTICK http://localhost:37353/
[rosmaster.master][INFO] 2025-08-11 14:14:00,207: publisherUpdate[/rosout] -> http://localhost:46599/ ['http://localhost:38597/']: sec=0.00, result=[1, '', 0]
[rosmaster.master][INFO] 2025-08-11 14:14:00,208: -PUB [/joy] /JOYSTICK http://localhost:37353/
[rosmaster.master][INFO] 2025-08-11 14:14:00,210: -SUB [/joy/set_feedback] /JOYSTICK http://localhost:37353/
[rosmaster.master][INFO] 2025-08-11 14:14:00,212: -SERVICE [/JOYSTICK/get_loggers] /JOYSTICK rosrpc://localhost:47397
[rosmaster.master][INFO] 2025-08-11 14:14:00,213: -SERVICE [/JOYSTICK/set_logger_level] /JOYSTICK rosrpc://localhost:47397
[rosmaster.master][INFO] 2025-08-11 14:14:00,215: -CACHEDPARAM [/JOYSTICK/diagnostic_period] by /JOYSTICK
[rosmaster.master][INFO] 2025-08-11 14:14:00,216: -CACHEDPARAM [/rosout_disable_topics_generation] by /JOYSTICK
[rosmaster.master][INFO] 2025-08-11 14:14:15,094: -SUB [/kelpie/imu] /kelpie http://localhost:38597/
[rosmaster.master][INFO] 2025-08-11 14:14:15,095: -SUB [/kelpie/leg_control/currents] /kelpie http://localhost:38597/
[rosmaster.master][INFO] 2025-08-11 14:14:15,096: -SUB [/kelpie/battery/voltage] /kelpie http://localhost:38597/
[rosmaster.master][INFO] 2025-08-11 14:14:15,096: -SUB [/kelpie/command_input] /kelpie http://localhost:38597/
[rosmaster.master][INFO] 2025-08-11 14:14:15,097: -PUB [/rosout] /kelpie http://localhost:38597/
[rosmaster.master][INFO] 2025-08-11 14:14:15,097: -PUB [/kelpie/leg_control/joint_states] /kelpie http://localhost:38597/
[rosmaster.master][INFO] 2025-08-11 14:14:15,097: -SERVICE [/kelpie/get_loggers] /kelpie rosrpc://localhost:40195
[rosmaster.master][INFO] 2025-08-11 14:14:15,098: -SERVICE [/kelpie/set_logger_level] /kelpie rosrpc://localhost:40195
[rosmaster.master][INFO] 2025-08-11 14:14:15,103: publisherUpdate[/rosout] -> http://localhost:46599/ []
[rosmaster.master][INFO] 2025-08-11 14:14:15,105: publisherUpdate[/rosout] -> http://localhost:46599/ []: sec=0.00, result=[1, '', 0]
[rosmaster.master][INFO] 2025-08-11 14:14:17,208: -PUB [/rosout_agg] /rosout http://localhost:46599/
[rosmaster.master][INFO] 2025-08-11 14:14:17,209: -SUB [/rosout] /rosout http://localhost:46599/
[rosmaster.master][INFO] 2025-08-11 14:14:17,211: -SERVICE [/rosout/get_loggers] /rosout rosrpc://localhost:43301
[rosmaster.master][INFO] 2025-08-11 14:14:17,212: -SERVICE [/rosout/set_logger_level] /rosout rosrpc://localhost:43301
[rosmaster.master][INFO] 2025-08-11 14:14:17,213: -CACHEDPARAM [/rosout/omit_topics] by /rosout
[rosmaster.main][INFO] 2025-08-11 14:14:17,298: keyboard interrupt, will exit
[rosmaster.main][INFO] 2025-08-11 14:14:17,298: stopping master...
[rospy.core][INFO] 2025-08-11 14:14:17,299: signal_shutdown [atexit]
