[rospy.client][INFO] 2025-08-11 15:42:59,456: init_node, name[/kelpie], pid[1828]
[xmlrpc][INFO] 2025-08-11 15:42:59,457: XML-RPC server binding to 127.0.0.1:0
[xmlrpc][INFO] 2025-08-11 15:42:59,459: Started XML-RPC server [http://localhost:41691/]
[rospy.init][INFO] 2025-08-11 15:42:59,460: ROS Slave URI: [http://localhost:41691/]
[rospy.impl.masterslave][INFO] 2025-08-11 15:42:59,461: _ready: http://localhost:41691/
[rospy.registration][INFO] 2025-08-11 15:42:59,464: Registering with master node http://localhost:11311
[xmlrpc][INFO] 2025-08-11 15:42:59,464: xml rpc node: starting XML-RPC server
[rospy.init][INFO] 2025-08-11 15:42:59,562: registered with master
[rospy.rosout][INFO] 2025-08-11 15:42:59,562: initializing /rosout core topic
[rospy.rosout][INFO] 2025-08-11 15:42:59,575: connected to core topic /rosout
[rospy.simtime][INFO] 2025-08-11 15:42:59,579: /use_sim_time is not set, will not subscribe to simulated time [/clock] topic
[rosout][INFO] 2025-08-11 15:42:59,622: Creating input listener...
[rosout][INFO] 2025-08-11 15:42:59,635: Input listener successfully initialised... Robot will now receive commands via Joy messages
[rosout][INFO] 2025-08-11 15:42:59,642: Summary of current gait parameters:
[rosout][INFO] 2025-08-11 15:42:59,650: overlap time: 0.04
[rosout][INFO] 2025-08-11 15:42:59,658: swing time: 0.07
[rosout][INFO] 2025-08-11 15:42:59,662: z clearance: 0.08
[rosout][INFO] 2025-08-11 15:42:59,674: back leg x shift: 0.00
[rosout][INFO] 2025-08-11 15:42:59,686: front leg x shift: 0.05
[rosout][INFO] 2025-08-11 15:42:59,690: Manual robot control active. Currently not accepting external commands
[rospy.internal][INFO] 2025-08-11 15:42:59,913: topic[/rosout] adding connection to [/rosout], count 0
[rospy.core][INFO] 2025-08-11 15:44:39,443: signal_shutdown [signal-15]
[rospy.internal][INFO] 2025-08-11 15:44:39,459: topic[/rosout] removing connection to /rosout
[rospy.impl.masterslave][INFO] 2025-08-11 15:44:39,460: signal-15
