[rospy.client][INFO] 2025-08-11 15:06:51,736: init_node, name[/hardware], pid[2261]
[xmlrpc][INFO] 2025-08-11 15:06:51,737: XML-RPC server binding to 127.0.0.1:0
[xmlrpc][INFO] 2025-08-11 15:06:51,738: Started XML-RPC server [http://localhost:35167/]
[rospy.init][INFO] 2025-08-11 15:06:51,739: ROS Slave URI: [http://localhost:35167/]
[rospy.impl.masterslave][INFO] 2025-08-11 15:06:51,739: _ready: http://localhost:35167/
[rospy.registration][INFO] 2025-08-11 15:06:51,741: Registering with master node http://localhost:11311
[xmlrpc][INFO] 2025-08-11 15:06:51,741: xml rpc node: starting XML-RPC server
[rospy.registration][INFO] 2025-08-11 15:06:51,742: Registering publisher topic [/kelpie/leg_control/currents] type [kelpie/joint_states] with master
[rospy.registration][INFO] 2025-08-11 15:06:51,757: Registering publisher topic [/kelpie/battery/voltage] type [kelpie/vec_3d_float32] with master
[rospy.registration][INFO] 2025-08-11 15:06:51,760: Registering publisher topic [/kelpie/imu] type [kelpie/imu] with master
[rospy.init][INFO] 2025-08-11 15:06:51,839: registered with master
[rospy.rosout][INFO] 2025-08-11 15:06:51,840: initializing /rosout core topic
[rospy.rosout][INFO] 2025-08-11 15:06:51,844: connected to core topic /rosout
[rospy.simtime][INFO] 2025-08-11 15:06:51,853: /use_sim_time is not set, will not subscribe to simulated time [/clock] topic
[rospy.internal][INFO] 2025-08-11 15:06:51,942: topic[/kelpie/leg_control/joint_states] adding connection to [http://localhost:37317/], count 0
[rospy.internal][INFO] 2025-08-11 15:06:51,978: topic[/kelpie/battery/voltage] adding connection to [/kelpie], count 0
[rospy.internal][INFO] 2025-08-11 15:06:52,007: topic[/kelpie/leg_control/currents] adding connection to [/kelpie], count 0
[rospy.internal][INFO] 2025-08-11 15:06:52,009: topic[/kelpie/imu] adding connection to [/kelpie], count 0
[rospy.internal][INFO] 2025-08-11 15:06:52,148: topic[/kelpie/command_input] adding connection to [/kelpie], count 0
[rospy.internal][INFO] 2025-08-11 15:06:52,150: topic[/rosout] adding connection to [/rosout], count 0
