[rosmaster.main][INFO] 2025-08-11 15:06:47,716: initialization complete, waiting for shutdown
[rosmaster.main][INFO] 2025-08-11 15:06:47,716: Starting ROS Master Node
[xmlrpc][INFO] 2025-08-11 15:06:47,718: XML-RPC server binding to 127.0.0.1:11311
[xmlrpc][INFO] 2025-08-11 15:06:47,719: Started XML-RPC server [http://localhost:11311/]
[rosmaster.master][INFO] 2025-08-11 15:06:47,720: Master initialized: port[11311], uri[http://localhost:11311/]
[xmlrpc][INFO] 2025-08-11 15:06:47,720: xml rpc node: starting XML-RPC server
[rosmaster.master][INFO] 2025-08-11 15:06:47,839: +PARAM [/run_id] by /roslaunch
[rosmaster.master][INFO] 2025-08-11 15:06:47,842: +PARAM [/roslaunch/uris/host_localhost__38941] by /roslaunch
[rosmaster.master][INFO] 2025-08-11 15:06:47,978: +PARAM [/rosversion] by /roslaunch
[rosmaster.master][INFO] 2025-08-11 15:06:47,978: +PARAM [/rosdistro] by /roslaunch
[rosmaster.master][INFO] 2025-08-11 15:06:47,979: +PARAM [/rosbridge_websocket/authenticate] by /roslaunch
[rosmaster.master][INFO] 2025-08-11 15:06:47,979: +PARAM [/rosbridge_websocket/port] by /roslaunch
[rosmaster.master][INFO] 2025-08-11 15:06:47,979: +PARAM [/rosbridge_websocket/address] by /roslaunch
[rosmaster.master][INFO] 2025-08-11 15:06:47,979: +PARAM [/rosbridge_websocket/retry_startup_delay] by /roslaunch
[rosmaster.master][INFO] 2025-08-11 15:06:47,979: +PARAM [/rosbridge_websocket/fragment_timeout] by /roslaunch
[rosmaster.master][INFO] 2025-08-11 15:06:47,980: +PARAM [/rosbridge_websocket/delay_between_messages] by /roslaunch
[rosmaster.master][INFO] 2025-08-11 15:06:47,980: +PARAM [/rosbridge_websocket/max_message_size] by /roslaunch
[rosmaster.master][INFO] 2025-08-11 15:06:47,980: +PARAM [/rosbridge_websocket/unregister_timeout] by /roslaunch
[rosmaster.master][INFO] 2025-08-11 15:06:47,980: +PARAM [/rosbridge_websocket/use_compression] by /roslaunch
[rosmaster.master][INFO] 2025-08-11 15:06:47,980: +PARAM [/rosbridge_websocket/websocket_ping_interval] by /roslaunch
[rosmaster.master][INFO] 2025-08-11 15:06:47,981: +PARAM [/rosbridge_websocket/websocket_ping_timeout] by /roslaunch
[rosmaster.master][INFO] 2025-08-11 15:06:47,981: +PARAM [/rosbridge_websocket/websocket_external_port] by /roslaunch
[rosmaster.master][INFO] 2025-08-11 15:06:47,981: +PARAM [/rosbridge_websocket/topics_glob] by /roslaunch
[rosmaster.master][INFO] 2025-08-11 15:06:47,981: +PARAM [/rosbridge_websocket/services_glob] by /roslaunch
[rosmaster.master][INFO] 2025-08-11 15:06:47,982: +PARAM [/rosbridge_websocket/params_glob] by /roslaunch
[rosmaster.master][INFO] 2025-08-11 15:06:47,982: +PARAM [/rosbridge_websocket/bson_only_mode] by /roslaunch
[rosmaster.master][INFO] 2025-08-11 15:06:47,982: +PARAM [/rosapi/topics_glob] by /roslaunch
[rosmaster.master][INFO] 2025-08-11 15:06:47,983: +PARAM [/rosapi/services_glob] by /roslaunch
[rosmaster.master][INFO] 2025-08-11 15:06:47,984: +PARAM [/rosapi/params_glob] by /roslaunch
[rosmaster.master][INFO] 2025-08-11 15:06:47,987: +SERVICE [/rosout/get_loggers] /rosout http://localhost:44223/
[rosmaster.master][INFO] 2025-08-11 15:06:47,990: +SERVICE [/rosout/set_logger_level] /rosout http://localhost:44223/
[rosmaster.master][INFO] 2025-08-11 15:06:47,996: +PUB [/rosout_agg] /rosout http://localhost:44223/
[rosmaster.master][INFO] 2025-08-11 15:06:48,008: +SUB [/rosout] /rosout http://localhost:44223/
[rosmaster.master][INFO] 2025-08-11 15:06:51,022: +PUB [/rosout] /kelpie http://localhost:37317/
[rosmaster.master][INFO] 2025-08-11 15:06:51,028: publisherUpdate[/rosout] -> http://localhost:44223/ ['http://localhost:37317/']
[rosmaster.master][INFO] 2025-08-11 15:06:51,063: +SERVICE [/kelpie/get_loggers] /kelpie http://localhost:37317/
[rosmaster.master][INFO] 2025-08-11 15:06:51,068: publisherUpdate[/rosout] -> http://localhost:44223/ ['http://localhost:37317/']: sec=0.04, result=[1, '', 0]
[rosmaster.master][INFO] 2025-08-11 15:06:51,072: +PUB [/rosout] /rosapi http://localhost:44759/
[rosmaster.master][INFO] 2025-08-11 15:06:51,076: +SERVICE [/kelpie/set_logger_level] /kelpie http://localhost:37317/
[rosmaster.master][INFO] 2025-08-11 15:06:51,090: +SERVICE [/rosapi/get_loggers] /rosapi http://localhost:44759/
[rosmaster.master][INFO] 2025-08-11 15:06:51,093: +SUB [/kelpie/imu] /kelpie http://localhost:37317/
[rosmaster.master][INFO] 2025-08-11 15:06:51,098: +SERVICE [/rosapi/set_logger_level] /rosapi http://localhost:44759/
[rosmaster.master][INFO] 2025-08-11 15:06:51,107: +SUB [/kelpie/leg_control/currents] /kelpie http://localhost:37317/
[rosmaster.master][INFO] 2025-08-11 15:06:51,122: +SUB [/kelpie/battery/voltage] /kelpie http://localhost:37317/
[rosmaster.master][INFO] 2025-08-11 15:06:51,125: +SERVICE [/rosapi/topics] /rosapi http://localhost:44759/
[rosmaster.master][INFO] 2025-08-11 15:06:51,129: +PUB [/kelpie/leg_control/joint_states] /kelpie http://localhost:37317/
[rosmaster.master][INFO] 2025-08-11 15:06:51,131: publisherUpdate[/rosout] -> http://localhost:44223/ ['http://localhost:37317/', 'http://localhost:44759/']
[rosmaster.master][INFO] 2025-08-11 15:06:51,144: publisherUpdate[/rosout] -> http://localhost:44223/ ['http://localhost:37317/', 'http://localhost:44759/']: sec=0.01, result=[1, '', 0]
[rosmaster.master][INFO] 2025-08-11 15:06:51,146: +CACHEDPARAM [/rosout_disable_topics_generation] by /kelpie
[rosmaster.master][INFO] 2025-08-11 15:06:51,149: +SERVICE [/rosapi/topics_for_type] /rosapi http://localhost:44759/
[rosmaster.master][INFO] 2025-08-11 15:06:51,157: +SERVICE [/rosapi/services] /rosapi http://localhost:44759/
[rosmaster.master][INFO] 2025-08-11 15:06:51,165: +SERVICE [/rosapi/services_for_type] /rosapi http://localhost:44759/
[rosmaster.master][INFO] 2025-08-11 15:06:51,167: +SUB [/kelpie/command_input] /kelpie http://localhost:37317/
[rosmaster.master][INFO] 2025-08-11 15:06:51,173: +SERVICE [/rosapi/nodes] /rosapi http://localhost:44759/
[rosmaster.master][INFO] 2025-08-11 15:06:51,176: +CACHEDPARAM [/rosout_disable_topics_generation] by /kelpie
[rosmaster.master][INFO] 2025-08-11 15:06:51,179: +SERVICE [/rosapi/node_details] /rosapi http://localhost:44759/
[rosmaster.master][INFO] 2025-08-11 15:06:51,184: +CACHEDPARAM [/rosout_disable_topics_generation] by /kelpie
[rosmaster.master][INFO] 2025-08-11 15:06:51,187: +SERVICE [/rosapi/action_servers] /rosapi http://localhost:44759/
[rosmaster.master][INFO] 2025-08-11 15:06:51,200: +SERVICE [/rosapi/topic_type] /rosapi http://localhost:44759/
[rosmaster.master][INFO] 2025-08-11 15:06:51,203: +CACHEDPARAM [/rosout_disable_topics_generation] by /kelpie
[rosmaster.master][INFO] 2025-08-11 15:06:51,208: +SERVICE [/rosapi/service_type] /rosapi http://localhost:44759/
[rosmaster.master][INFO] 2025-08-11 15:06:51,212: +CACHEDPARAM [/rosout_disable_topics_generation] by /kelpie
[rosmaster.master][INFO] 2025-08-11 15:06:51,216: +SERVICE [/rosapi/publishers] /rosapi http://localhost:44759/
[rosmaster.master][INFO] 2025-08-11 15:06:51,220: +CACHEDPARAM [/rosout_disable_topics_generation] by /kelpie
[rosmaster.master][INFO] 2025-08-11 15:06:51,223: +SERVICE [/rosapi/subscribers] /rosapi http://localhost:44759/
[rosmaster.master][INFO] 2025-08-11 15:06:51,230: +SERVICE [/rosapi/service_providers] /rosapi http://localhost:44759/
[rosmaster.master][INFO] 2025-08-11 15:06:51,233: +CACHEDPARAM [/rosout_disable_topics_generation] by /kelpie
[rosmaster.master][INFO] 2025-08-11 15:06:51,238: +SERVICE [/rosapi/service_node] /rosapi http://localhost:44759/
[rosmaster.master][INFO] 2025-08-11 15:06:51,241: +CACHEDPARAM [/rosout_disable_topics_generation] by /kelpie
[rosmaster.master][INFO] 2025-08-11 15:06:51,247: +SERVICE [/rosapi/service_host] /rosapi http://localhost:44759/
[rosmaster.master][INFO] 2025-08-11 15:06:51,256: +SERVICE [/rosapi/message_details] /rosapi http://localhost:44759/
[rosmaster.master][INFO] 2025-08-11 15:06:51,261: +CACHEDPARAM [/rosout_disable_topics_generation] by /kelpie
[rosmaster.master][INFO] 2025-08-11 15:06:51,261: +CACHEDPARAM [/rosout/omit_topics] by /rosout
[rosmaster.master][INFO] 2025-08-11 15:06:51,264: +SERVICE [/rosapi/service_request_details] /rosapi http://localhost:44759/
[rosmaster.master][INFO] 2025-08-11 15:06:51,273: +SERVICE [/rosapi/service_response_details] /rosapi http://localhost:44759/
[rosmaster.master][INFO] 2025-08-11 15:06:51,280: +SERVICE [/rosapi/set_param] /rosapi http://localhost:44759/
[rosmaster.master][INFO] 2025-08-11 15:06:51,287: +SERVICE [/rosapi/get_param] /rosapi http://localhost:44759/
[rosmaster.master][INFO] 2025-08-11 15:06:51,294: +SERVICE [/rosapi/has_param] /rosapi http://localhost:44759/
[rosmaster.master][INFO] 2025-08-11 15:06:51,300: +SERVICE [/rosapi/search_param] /rosapi http://localhost:44759/
[rosmaster.master][INFO] 2025-08-11 15:06:51,306: +SERVICE [/rosapi/delete_param] /rosapi http://localhost:44759/
[rosmaster.master][INFO] 2025-08-11 15:06:51,312: +SERVICE [/rosapi/get_param_names] /rosapi http://localhost:44759/
[rosmaster.master][INFO] 2025-08-11 15:06:51,318: +SERVICE [/rosapi/get_time] /rosapi http://localhost:44759/
[rosmaster.master][INFO] 2025-08-11 15:06:51,324: +SERVICE [/rosapi/topics_and_raw_types] /rosapi http://localhost:44759/
[rosmaster.master][INFO] 2025-08-11 15:06:51,331: +CACHEDPARAM [/rosout_disable_topics_generation] by /rosapi
[rosmaster.master][INFO] 2025-08-11 15:06:51,755: +PUB [/kelpie/leg_control/currents] /hardware http://localhost:35167/
[rosmaster.master][INFO] 2025-08-11 15:06:51,758: +PUB [/kelpie/battery/voltage] /hardware http://localhost:35167/
[rosmaster.master][INFO] 2025-08-11 15:06:51,762: +PUB [/kelpie/imu] /hardware http://localhost:35167/
[rosmaster.master][INFO] 2025-08-11 15:06:51,771: publisherUpdate[/kelpie/leg_control/currents] -> http://localhost:37317/ ['http://localhost:35167/']
[rosmaster.master][INFO] 2025-08-11 15:06:51,797: publisherUpdate[/kelpie/leg_control/currents] -> http://localhost:37317/ ['http://localhost:35167/']: sec=0.03, result=[1, '', 0]
[rosmaster.master][INFO] 2025-08-11 15:06:51,797: publisherUpdate[/kelpie/battery/voltage] -> http://localhost:37317/ ['http://localhost:35167/']
[rosmaster.master][INFO] 2025-08-11 15:06:51,812: publisherUpdate[/kelpie/battery/voltage] -> http://localhost:37317/ ['http://localhost:35167/']: sec=0.01, result=[1, '', 0]
[rosmaster.master][INFO] 2025-08-11 15:06:51,813: publisherUpdate[/kelpie/imu] -> http://localhost:37317/ ['http://localhost:35167/']
[rosmaster.master][INFO] 2025-08-11 15:06:51,824: publisherUpdate[/kelpie/imu] -> http://localhost:37317/ ['http://localhost:35167/']: sec=0.01, result=[1, '', 0]
[rosmaster.master][INFO] 2025-08-11 15:06:51,842: +PUB [/rosout] /hardware http://localhost:35167/
[rosmaster.master][INFO] 2025-08-11 15:06:51,849: publisherUpdate[/rosout] -> http://localhost:44223/ ['http://localhost:37317/', 'http://localhost:44759/', 'http://localhost:35167/']
[rosmaster.master][INFO] 2025-08-11 15:06:51,851: publisherUpdate[/rosout] -> http://localhost:44223/ ['http://localhost:37317/', 'http://localhost:44759/', 'http://localhost:35167/']: sec=0.00, result=[1, '', 0]
[rosmaster.master][INFO] 2025-08-11 15:06:51,856: +SERVICE [/hardware/get_loggers] /hardware http://localhost:35167/
[rosmaster.master][INFO] 2025-08-11 15:06:51,859: +SERVICE [/hardware/set_logger_level] /hardware http://localhost:35167/
[rosmaster.master][INFO] 2025-08-11 15:06:51,919: +SUB [/kelpie/leg_control/joint_states] /hardware http://localhost:35167/
[rosmaster.master][INFO] 2025-08-11 15:06:51,929: +SUB [/joy] /hardware http://localhost:35167/
[rosmaster.master][INFO] 2025-08-11 15:06:51,932: +PUB [/kelpie/command_input] /hardware http://localhost:35167/
[rosmaster.master][INFO] 2025-08-11 15:06:51,937: publisherUpdate[/kelpie/command_input] -> http://localhost:37317/ ['http://localhost:35167/']
[rosmaster.master][INFO] 2025-08-11 15:06:51,970: publisherUpdate[/kelpie/command_input] -> http://localhost:37317/ ['http://localhost:35167/']: sec=0.03, result=[1, '', 0]
[rosmaster.master][INFO] 2025-08-11 15:06:52,026: +PUB [/rosout] /rosbridge_websocket http://localhost:46025/
[rosmaster.master][INFO] 2025-08-11 15:06:52,026: publisherUpdate[/rosout] -> http://localhost:44223/ ['http://localhost:37317/', 'http://localhost:44759/', 'http://localhost:35167/', 'http://localhost:46025/']
[rosmaster.master][INFO] 2025-08-11 15:06:52,029: publisherUpdate[/rosout] -> http://localhost:44223/ ['http://localhost:37317/', 'http://localhost:44759/', 'http://localhost:35167/', 'http://localhost:46025/']: sec=0.00, result=[1, '', 0]
[rosmaster.master][INFO] 2025-08-11 15:06:52,034: +SERVICE [/rosbridge_websocket/get_loggers] /rosbridge_websocket http://localhost:46025/
[rosmaster.master][INFO] 2025-08-11 15:06:52,037: +SERVICE [/rosbridge_websocket/set_logger_level] /rosbridge_websocket http://localhost:46025/
[rosmaster.master][INFO] 2025-08-11 15:06:52,071: +PUB [/client_count] /rosbridge_websocket http://localhost:46025/
[rosmaster.master][INFO] 2025-08-11 15:06:52,074: +PUB [/connected_clients] /rosbridge_websocket http://localhost:46025/
[rosmaster.master][INFO] 2025-08-11 15:06:52,084: +PARAM [/rosbridge_websocket/actual_port] by /rosbridge_websocket
[rosmaster.master][INFO] 2025-08-11 15:06:52,091: +CACHEDPARAM [/rosout_disable_topics_generation] by /rosbridge_websocket
