[rospy.client][INFO] 2025-08-11 14:24:17,613: init_node, name[/hardware], pid[1567]
[xmlrpc][INFO] 2025-08-11 14:24:17,614: XML-RPC server binding to 127.0.0.1:0
[xmlrpc][INFO] 2025-08-11 14:24:17,615: Started XML-RPC server [http://localhost:45481/]
[rospy.init][INFO] 2025-08-11 14:24:17,616: ROS Slave URI: [http://localhost:45481/]
[rospy.impl.masterslave][INFO] 2025-08-11 14:24:17,616: _ready: http://localhost:45481/
[rospy.registration][INFO] 2025-08-11 14:24:17,618: Registering with master node http://localhost:11311
[rospy.registration][INFO] 2025-08-11 14:24:17,619: Registering publisher topic [/kelpie/leg_control/currents] type [kelpie/joint_states] with master
[xmlrpc][INFO] 2025-08-11 14:24:17,619: xml rpc node: starting XML-RPC server
[rospy.registration][INFO] 2025-08-11 14:24:17,634: Registering publisher topic [/kelpie/battery/voltage] type [kelpie/vec_3d_float32] with master
[rospy.registration][INFO] 2025-08-11 14:24:17,638: Registering publisher topic [/kelpie/imu] type [kelpie/imu] with master
[rospy.init][INFO] 2025-08-11 14:24:17,716: registered with master
[rospy.rosout][INFO] 2025-08-11 14:24:17,717: initializing /rosout core topic
[rospy.rosout][INFO] 2025-08-11 14:24:17,720: connected to core topic /rosout
[rospy.simtime][INFO] 2025-08-11 14:24:17,723: /use_sim_time is not set, will not subscribe to simulated time [/clock] topic
[rospy.internal][INFO] 2025-08-11 14:24:17,824: topic[/joy] adding connection to [http://localhost:40771/], count 0
[rospy.internal][INFO] 2025-08-11 14:24:17,857: topic[/rosout] adding connection to [/rosout], count 0
[rospy.internal][INFO] 2025-08-11 14:24:17,865: topic[/kelpie/leg_control/joint_states] adding connection to [http://localhost:34773/], count 0
[rospy.internal][INFO] 2025-08-11 14:24:17,998: topic[/kelpie/leg_control/currents] adding connection to [/kelpie], count 0
[rospy.internal][INFO] 2025-08-11 14:24:18,004: topic[/kelpie/imu] adding connection to [/kelpie], count 0
[rospy.internal][INFO] 2025-08-11 14:24:18,006: topic[/kelpie/battery/voltage] adding connection to [/kelpie], count 0
[rospy.internal][INFO] 2025-08-11 14:24:18,150: topic[/kelpie/command_input] adding connection to [/kelpie], count 0
[rospy.core][INFO] 2025-08-11 14:27:51,103: signal_shutdown [signal-2]
[rospy.internal][INFO] 2025-08-11 14:27:51,112: topic[/kelpie/leg_control/currents] removing connection to /kelpie
[rospy.internal][INFO] 2025-08-11 14:27:51,113: topic[/kelpie/battery/voltage] removing connection to /kelpie
[rospy.internal][INFO] 2025-08-11 14:27:51,114: topic[/kelpie/imu] removing connection to /kelpie
[rospy.internal][INFO] 2025-08-11 14:27:51,116: topic[/rosout] removing connection to /rosout
[rospy.internal][INFO] 2025-08-11 14:27:51,121: topic[/kelpie/command_input] removing connection to /kelpie
[rospy.internal][INFO] 2025-08-11 14:27:51,122: topic[/kelpie/leg_control/joint_states] removing connection to http://localhost:34773/
[rospy.internal][INFO] 2025-08-11 14:27:51,125: topic[/joy] removing connection to http://localhost:40771/
[rospy.internal][INFO] 2025-08-11 14:27:51,126: topic[/joy] removing connection to http://localhost:40771/
[rospy.impl.masterslave][INFO] 2025-08-11 14:27:51,126: signal-2
[rospy.core][INFO] 2025-08-11 14:28:06,138: signal_shutdown [signal-15]
