[rospy.client][INFO] 2025-08-11 14:24:17,029: init_node, name[/kelpie], pid[1564]
[xmlrpc][INFO] 2025-08-11 14:24:17,032: XML-RPC server binding to 127.0.0.1:0
[xmlrpc][INFO] 2025-08-11 14:24:17,034: Started XML-RPC server [http://localhost:34773/]
[rospy.init][INFO] 2025-08-11 14:24:17,035: ROS Slave URI: [http://localhost:34773/]
[rospy.impl.masterslave][INFO] 2025-08-11 14:24:17,036: _ready: http://localhost:34773/
[rospy.registration][INFO] 2025-08-11 14:24:17,040: Registering with master node http://localhost:11311
[xmlrpc][INFO] 2025-08-11 14:24:17,041: xml rpc node: starting XML-RPC server
[rospy.init][INFO] 2025-08-11 14:24:17,137: registered with master
[rospy.rosout][INFO] 2025-08-11 14:24:17,138: initializing /rosout core topic
[rospy.rosout][INFO] 2025-08-11 14:24:17,150: connected to core topic /rosout
[rospy.simtime][INFO] 2025-08-11 14:24:17,153: /use_sim_time is not set, will not subscribe to simulated time [/clock] topic
[rosout][INFO] 2025-08-11 14:24:17,192: Creating input listener...
[rosout][INFO] 2025-08-11 14:24:17,204: Input listener successfully initialised... Robot will now receive commands via Joy messages
[rosout][INFO] 2025-08-11 14:24:17,208: Summary of current gait parameters:
[rosout][INFO] 2025-08-11 14:24:17,212: overlap time: 0.04
[rosout][INFO] 2025-08-11 14:24:17,216: swing time: 0.07
[rosout][INFO] 2025-08-11 14:24:17,219: z clearance: 0.08
[rosout][INFO] 2025-08-11 14:24:17,224: back leg x shift: 0.00
[rosout][INFO] 2025-08-11 14:24:17,230: front leg x shift: 0.05
[rosout][INFO] 2025-08-11 14:24:17,234: Manual robot control active. Currently not accepting external commands
[rospy.internal][INFO] 2025-08-11 14:24:17,487: topic[/rosout] adding connection to [/rosout], count 0
[rospy.internal][INFO] 2025-08-11 14:24:17,778: topic[/kelpie/battery/voltage] adding connection to [http://localhost:45481/], count 0
[rospy.internal][INFO] 2025-08-11 14:24:17,784: topic[/kelpie/leg_control/currents] adding connection to [http://localhost:45481/], count 0
[rospy.internal][INFO] 2025-08-11 14:24:17,791: topic[/kelpie/imu] adding connection to [http://localhost:45481/], count 0
[rospy.internal][INFO] 2025-08-11 14:24:17,919: topic[/kelpie/leg_control/joint_states] adding connection to [/hardware], count 0
[rospy.internal][INFO] 2025-08-11 14:24:18,092: topic[/kelpie/command_input] adding connection to [http://localhost:45481/], count 0
[rospy.internal][INFO] 2025-08-11 14:27:51,117: topic[/kelpie/leg_control/currents] removing connection to http://localhost:45481/
[rospy.internal][INFO] 2025-08-11 14:27:51,118: topic[/kelpie/battery/voltage] removing connection to http://localhost:45481/
[rospy.internal][INFO] 2025-08-11 14:27:51,119: topic[/kelpie/imu] removing connection to http://localhost:45481/
[rospy.internal][INFO] 2025-08-11 14:27:51,121: topic[/kelpie/command_input] removing connection to http://localhost:45481/
[rospy.internal][INFO] 2025-08-11 14:27:51,419: topic[/kelpie/leg_control/joint_states] removing connection to /hardware
[rospy.core][INFO] 2025-08-11 14:28:06,139: signal_shutdown [signal-15]
[rospy.internal][INFO] 2025-08-11 14:28:06,146: topic[/rosout] removing connection to /rosout
[rospy.impl.masterslave][INFO] 2025-08-11 14:28:06,147: signal-15
