[rosmaster.main][INFO] 2025-08-20 16:12:18,519: initialization complete, waiting for shutdown
[rosmaster.main][INFO] 2025-08-20 16:12:18,519: Starting ROS Master Node
[xmlrpc][INFO] 2025-08-20 16:12:18,520: XML-RPC server binding to 0.0.0.0:11311
[xmlrpc][INFO] 2025-08-20 16:12:18,521: Started XML-RPC server [http://kelpie2:11311/]
[rosmaster.master][INFO] 2025-08-20 16:12:18,522: Master initialized: port[11311], uri[http://kelpie2:11311/]
[xmlrpc][INFO] 2025-08-20 16:12:18,522: xml rpc node: starting XML-RPC server
[rosmaster.master][INFO] 2025-08-20 16:12:18,636: +PARAM [/run_id] by /roslaunch
[rosmaster.master][INFO] 2025-08-20 16:12:18,639: +PARAM [/roslaunch/uris/host_kelpie2__35719] by /roslaunch
[rosmaster.master][INFO] 2025-08-20 16:12:18,787: +PARAM [/rosversion] by /roslaunch
[rosmaster.master][INFO] 2025-08-20 16:12:18,787: +PARAM [/rosdistro] by /roslaunch
[rosmaster.master][INFO] 2025-08-20 16:12:18,788: +PARAM [/rosbridge_websocket/authenticate] by /roslaunch
[rosmaster.master][INFO] 2025-08-20 16:12:18,788: +PARAM [/rosbridge_websocket/port] by /roslaunch
[rosmaster.master][INFO] 2025-08-20 16:12:18,788: +PARAM [/rosbridge_websocket/address] by /roslaunch
[rosmaster.master][INFO] 2025-08-20 16:12:18,788: +PARAM [/rosbridge_websocket/retry_startup_delay] by /roslaunch
[rosmaster.master][INFO] 2025-08-20 16:12:18,789: +PARAM [/rosbridge_websocket/fragment_timeout] by /roslaunch
[rosmaster.master][INFO] 2025-08-20 16:12:18,789: +PARAM [/rosbridge_websocket/delay_between_messages] by /roslaunch
[rosmaster.master][INFO] 2025-08-20 16:12:18,789: +PARAM [/rosbridge_websocket/max_message_size] by /roslaunch
[rosmaster.master][INFO] 2025-08-20 16:12:18,790: +PARAM [/rosbridge_websocket/unregister_timeout] by /roslaunch
[rosmaster.master][INFO] 2025-08-20 16:12:18,790: +PARAM [/rosbridge_websocket/use_compression] by /roslaunch
[rosmaster.master][INFO] 2025-08-20 16:12:18,790: +PARAM [/rosbridge_websocket/websocket_ping_interval] by /roslaunch
[rosmaster.master][INFO] 2025-08-20 16:12:18,790: +PARAM [/rosbridge_websocket/websocket_ping_timeout] by /roslaunch
[rosmaster.master][INFO] 2025-08-20 16:12:18,791: +PARAM [/rosbridge_websocket/websocket_external_port] by /roslaunch
[rosmaster.master][INFO] 2025-08-20 16:12:18,791: +PARAM [/rosbridge_websocket/topics_glob] by /roslaunch
[rosmaster.master][INFO] 2025-08-20 16:12:18,791: +PARAM [/rosbridge_websocket/services_glob] by /roslaunch
[rosmaster.master][INFO] 2025-08-20 16:12:18,791: +PARAM [/rosbridge_websocket/params_glob] by /roslaunch
[rosmaster.master][INFO] 2025-08-20 16:12:18,792: +PARAM [/rosbridge_websocket/bson_only_mode] by /roslaunch
[rosmaster.master][INFO] 2025-08-20 16:12:18,792: +PARAM [/rosapi/topics_glob] by /roslaunch
[rosmaster.master][INFO] 2025-08-20 16:12:18,792: +PARAM [/rosapi/services_glob] by /roslaunch
[rosmaster.master][INFO] 2025-08-20 16:12:18,792: +PARAM [/rosapi/params_glob] by /roslaunch
[rosmaster.master][INFO] 2025-08-20 16:12:18,792: +PARAM [/JOYSTICK/autorepeat_rate] by /roslaunch
[rosmaster.master][INFO] 2025-08-20 16:12:18,793: +PARAM [/JOYSTICK/joy_node/dev] by /roslaunch
[rosmaster.master][INFO] 2025-08-20 16:12:18,977: +SERVICE [/rosout/get_loggers] /rosout http://kelpie2:40901/
[rosmaster.master][INFO] 2025-08-20 16:12:18,980: +SERVICE [/rosout/set_logger_level] /rosout http://kelpie2:40901/
[rosmaster.master][INFO] 2025-08-20 16:12:18,985: +PUB [/rosout_agg] /rosout http://kelpie2:40901/
[rosmaster.master][INFO] 2025-08-20 16:12:18,997: +SUB [/rosout] /rosout http://kelpie2:40901/
[rosmaster.master][INFO] 2025-08-20 16:12:19,198: +PUB [/rosout] /JOYSTICK http://kelpie2:44547/
[rosmaster.master][INFO] 2025-08-20 16:12:19,201: +SERVICE [/JOYSTICK/get_loggers] /JOYSTICK http://kelpie2:44547/
[rosmaster.master][INFO] 2025-08-20 16:12:19,203: +SERVICE [/JOYSTICK/set_logger_level] /JOYSTICK http://kelpie2:44547/
[rosmaster.master][INFO] 2025-08-20 16:12:19,207: +PUB [/diagnostics] /JOYSTICK http://kelpie2:44547/
[rosmaster.master][INFO] 2025-08-20 16:12:19,209: +CACHEDPARAM [/JOYSTICK/diagnostic_period] by /JOYSTICK
[rosmaster.master][INFO] 2025-08-20 16:12:19,213: +PUB [/joy] /JOYSTICK http://kelpie2:44547/
[rosmaster.master][INFO] 2025-08-20 16:12:19,223: publisherUpdate[/rosout] -> http://kelpie2:40901/ ['http://kelpie2:44547/']
[rosmaster.master][INFO] 2025-08-20 16:12:19,237: publisherUpdate[/rosout] -> http://kelpie2:40901/ ['http://kelpie2:44547/']: sec=0.01, result=[1, '', 0]
[rosmaster.master][INFO] 2025-08-20 16:12:19,239: +SUB [/joy/set_feedback] /JOYSTICK http://kelpie2:44547/
[rosmaster.master][INFO] 2025-08-20 16:12:19,327: +CACHEDPARAM [/rosout_disable_topics_generation] by /JOYSTICK
[rosmaster.master][INFO] 2025-08-20 16:12:20,810: +PUB [/rosout] /kelpie http://kelpie2:40887/
[rosmaster.master][INFO] 2025-08-20 16:12:20,819: +PUB [/rosout] /rosapi http://kelpie2:38887/
[rosmaster.master][INFO] 2025-08-20 16:12:20,821: +SERVICE [/kelpie/get_loggers] /kelpie http://kelpie2:40887/
[rosmaster.master][INFO] 2025-08-20 16:12:20,825: +SERVICE [/kelpie/set_logger_level] /kelpie http://kelpie2:40887/
[rosmaster.master][INFO] 2025-08-20 16:12:20,827: publisherUpdate[/rosout] -> http://kelpie2:40901/ ['http://kelpie2:44547/', 'http://kelpie2:40887/']
[rosmaster.master][INFO] 2025-08-20 16:12:20,835: +SERVICE [/rosapi/get_loggers] /rosapi http://kelpie2:38887/
[rosmaster.master][INFO] 2025-08-20 16:12:20,837: publisherUpdate[/rosout] -> http://kelpie2:40901/ ['http://kelpie2:44547/', 'http://kelpie2:40887/']: sec=0.01, result=[1, '', 0]
[rosmaster.master][INFO] 2025-08-20 16:12:20,838: publisherUpdate[/rosout] -> http://kelpie2:40901/ ['http://kelpie2:44547/', 'http://kelpie2:40887/', 'http://kelpie2:38887/']
[rosmaster.master][INFO] 2025-08-20 16:12:20,840: +SERVICE [/rosapi/set_logger_level] /rosapi http://kelpie2:38887/
[rosmaster.master][INFO] 2025-08-20 16:12:20,843: publisherUpdate[/rosout] -> http://kelpie2:40901/ ['http://kelpie2:44547/', 'http://kelpie2:40887/', 'http://kelpie2:38887/']: sec=0.01, result=[1, '', 0]
[rosmaster.master][INFO] 2025-08-20 16:12:20,846: +SUB [/kelpie/imu] /kelpie http://kelpie2:40887/
[rosmaster.master][INFO] 2025-08-20 16:12:20,853: +SUB [/kelpie/leg_control/currents] /kelpie http://kelpie2:40887/
[rosmaster.master][INFO] 2025-08-20 16:12:20,855: +SERVICE [/rosapi/topics] /rosapi http://kelpie2:38887/
[rosmaster.master][INFO] 2025-08-20 16:12:20,858: +SERVICE [/rosapi/topics_for_type] /rosapi http://kelpie2:38887/
[rosmaster.master][INFO] 2025-08-20 16:12:20,860: +SUB [/kelpie/battery/voltage] /kelpie http://kelpie2:40887/
[rosmaster.master][INFO] 2025-08-20 16:12:20,862: +SERVICE [/rosapi/services] /rosapi http://kelpie2:38887/
[rosmaster.master][INFO] 2025-08-20 16:12:20,863: +PUB [/kelpie/leg_control/joint_states] /kelpie http://kelpie2:40887/
[rosmaster.master][INFO] 2025-08-20 16:12:20,868: +SERVICE [/rosapi/services_for_type] /rosapi http://kelpie2:38887/
[rosmaster.master][INFO] 2025-08-20 16:12:20,869: +CACHEDPARAM [/rosout_disable_topics_generation] by /kelpie
[rosmaster.master][INFO] 2025-08-20 16:12:20,872: +SERVICE [/rosapi/nodes] /rosapi http://kelpie2:38887/
[rosmaster.master][INFO] 2025-08-20 16:12:20,875: +SERVICE [/rosapi/node_details] /rosapi http://kelpie2:38887/
[rosmaster.master][INFO] 2025-08-20 16:12:20,877: +SUB [/kelpie/command_input] /kelpie http://kelpie2:40887/
[rosmaster.master][INFO] 2025-08-20 16:12:20,880: +SERVICE [/rosapi/action_servers] /rosapi http://kelpie2:38887/
[rosmaster.master][INFO] 2025-08-20 16:12:20,882: +CACHEDPARAM [/rosout_disable_topics_generation] by /kelpie
[rosmaster.master][INFO] 2025-08-20 16:12:20,884: +SERVICE [/rosapi/topic_type] /rosapi http://kelpie2:38887/
[rosmaster.master][INFO] 2025-08-20 16:12:20,886: +CACHEDPARAM [/rosout_disable_topics_generation] by /kelpie
[rosmaster.master][INFO] 2025-08-20 16:12:20,888: +SERVICE [/rosapi/service_type] /rosapi http://kelpie2:38887/
[rosmaster.master][INFO] 2025-08-20 16:12:20,892: +CACHEDPARAM [/rosout_disable_topics_generation] by /kelpie
[rosmaster.master][INFO] 2025-08-20 16:12:20,893: +SERVICE [/rosapi/publishers] /rosapi http://kelpie2:38887/
[rosmaster.master][INFO] 2025-08-20 16:12:20,897: +CACHEDPARAM [/rosout_disable_topics_generation] by /kelpie
[rosmaster.master][INFO] 2025-08-20 16:12:20,898: +SERVICE [/rosapi/subscribers] /rosapi http://kelpie2:38887/
[rosmaster.master][INFO] 2025-08-20 16:12:20,902: +CACHEDPARAM [/rosout_disable_topics_generation] by /kelpie
[rosmaster.master][INFO] 2025-08-20 16:12:20,903: +SERVICE [/rosapi/service_providers] /rosapi http://kelpie2:38887/
[rosmaster.master][INFO] 2025-08-20 16:12:20,907: +SERVICE [/rosapi/service_node] /rosapi http://kelpie2:38887/
[rosmaster.master][INFO] 2025-08-20 16:12:20,908: +CACHEDPARAM [/rosout_disable_topics_generation] by /kelpie
[rosmaster.master][INFO] 2025-08-20 16:12:20,911: +SERVICE [/rosapi/service_host] /rosapi http://kelpie2:38887/
[rosmaster.master][INFO] 2025-08-20 16:12:20,913: +CACHEDPARAM [/rosout_disable_topics_generation] by /kelpie
[rosmaster.master][INFO] 2025-08-20 16:12:20,915: +SERVICE [/rosapi/message_details] /rosapi http://kelpie2:38887/
[rosmaster.master][INFO] 2025-08-20 16:12:20,917: +CACHEDPARAM [/rosout_disable_topics_generation] by /kelpie
[rosmaster.master][INFO] 2025-08-20 16:12:20,919: +SERVICE [/rosapi/service_request_details] /rosapi http://kelpie2:38887/
[rosmaster.master][INFO] 2025-08-20 16:12:20,922: +SERVICE [/rosapi/service_response_details] /rosapi http://kelpie2:38887/
[rosmaster.master][INFO] 2025-08-20 16:12:20,925: +SERVICE [/rosapi/set_param] /rosapi http://kelpie2:38887/
[rosmaster.master][INFO] 2025-08-20 16:12:20,929: +SERVICE [/rosapi/get_param] /rosapi http://kelpie2:38887/
[rosmaster.master][INFO] 2025-08-20 16:12:20,932: +CACHEDPARAM [/rosout_disable_topics_generation] by /kelpie
[rosmaster.master][INFO] 2025-08-20 16:12:20,934: +SERVICE [/rosapi/has_param] /rosapi http://kelpie2:38887/
[rosmaster.master][INFO] 2025-08-20 16:12:20,938: +CACHEDPARAM [/rosout_disable_topics_generation] by /kelpie
[rosmaster.master][INFO] 2025-08-20 16:12:20,940: +SERVICE [/rosapi/search_param] /rosapi http://kelpie2:38887/
[rosmaster.master][INFO] 2025-08-20 16:12:20,945: +SERVICE [/rosapi/delete_param] /rosapi http://kelpie2:38887/
[rosmaster.master][INFO] 2025-08-20 16:12:20,947: +CACHEDPARAM [/rosout_disable_topics_generation] by /kelpie
[rosmaster.master][INFO] 2025-08-20 16:12:20,949: +SERVICE [/rosapi/get_param_names] /rosapi http://kelpie2:38887/
[rosmaster.master][INFO] 2025-08-20 16:12:20,953: +SERVICE [/rosapi/get_time] /rosapi http://kelpie2:38887/
[rosmaster.master][INFO] 2025-08-20 16:12:20,957: +CACHEDPARAM [/rosout_disable_topics_generation] by /kelpie
[rosmaster.master][INFO] 2025-08-20 16:12:20,958: +SERVICE [/rosapi/topics_and_raw_types] /rosapi http://kelpie2:38887/
[rosmaster.master][INFO] 2025-08-20 16:12:20,962: +CACHEDPARAM [/rosout_disable_topics_generation] by /rosapi
[rosmaster.master][INFO] 2025-08-20 16:12:21,050: +CACHEDPARAM [/rosout/omit_topics] by /rosout
[rosmaster.master][INFO] 2025-08-20 16:12:21,392: +PUB [/kelpie/leg_control/currents] /hardware http://kelpie2:44453/
[rosmaster.master][INFO] 2025-08-20 16:12:21,395: +PUB [/kelpie/battery/voltage] /hardware http://kelpie2:44453/
[rosmaster.master][INFO] 2025-08-20 16:12:21,398: +PUB [/kelpie/imu] /hardware http://kelpie2:44453/
[rosmaster.master][INFO] 2025-08-20 16:12:21,435: publisherUpdate[/kelpie/leg_control/currents] -> http://kelpie2:40887/ ['http://kelpie2:44453/']
[rosmaster.master][INFO] 2025-08-20 16:12:21,460: publisherUpdate[/kelpie/leg_control/currents] -> http://kelpie2:40887/ ['http://kelpie2:44453/']: sec=0.02, result=[1, '', 0]
[rosmaster.master][INFO] 2025-08-20 16:12:21,461: publisherUpdate[/kelpie/battery/voltage] -> http://kelpie2:40887/ ['http://kelpie2:44453/']
[rosmaster.master][INFO] 2025-08-20 16:12:21,479: +PUB [/rosout] /hardware http://kelpie2:44453/
[rosmaster.master][INFO] 2025-08-20 16:12:21,483: publisherUpdate[/kelpie/battery/voltage] -> http://kelpie2:40887/ ['http://kelpie2:44453/']: sec=0.02, result=[1, '', 0]
[rosmaster.master][INFO] 2025-08-20 16:12:21,483: publisherUpdate[/kelpie/imu] -> http://kelpie2:40887/ ['http://kelpie2:44453/']
[rosmaster.master][INFO] 2025-08-20 16:12:21,486: +SERVICE [/hardware/get_loggers] /hardware http://kelpie2:44453/
[rosmaster.master][INFO] 2025-08-20 16:12:21,488: +SERVICE [/hardware/set_logger_level] /hardware http://kelpie2:44453/
[rosmaster.master][INFO] 2025-08-20 16:12:21,495: publisherUpdate[/kelpie/imu] -> http://kelpie2:40887/ ['http://kelpie2:44453/']: sec=0.01, result=[1, '', 0]
[rosmaster.master][INFO] 2025-08-20 16:12:21,495: publisherUpdate[/rosout] -> http://kelpie2:40901/ ['http://kelpie2:44547/', 'http://kelpie2:40887/', 'http://kelpie2:38887/', 'http://kelpie2:44453/']
[rosmaster.master][INFO] 2025-08-20 16:12:21,498: publisherUpdate[/rosout] -> http://kelpie2:40901/ ['http://kelpie2:44547/', 'http://kelpie2:40887/', 'http://kelpie2:38887/', 'http://kelpie2:44453/']: sec=0.00, result=[1, '', 0]
[rosmaster.master][INFO] 2025-08-20 16:12:21,548: +PUB [/rosout] /rosbridge_websocket http://kelpie2:39467/
[rosmaster.master][INFO] 2025-08-20 16:12:21,548: publisherUpdate[/rosout] -> http://kelpie2:40901/ ['http://kelpie2:44547/', 'http://kelpie2:40887/', 'http://kelpie2:38887/', 'http://kelpie2:44453/', 'http://kelpie2:39467/']
[rosmaster.master][INFO] 2025-08-20 16:12:21,554: publisherUpdate[/rosout] -> http://kelpie2:40901/ ['http://kelpie2:44547/', 'http://kelpie2:40887/', 'http://kelpie2:38887/', 'http://kelpie2:44453/', 'http://kelpie2:39467/']: sec=0.00, result=[1, '', 0]
[rosmaster.master][INFO] 2025-08-20 16:12:21,555: +SUB [/kelpie/leg_control/joint_states] /hardware http://kelpie2:44453/
[rosmaster.master][INFO] 2025-08-20 16:12:21,560: +SERVICE [/rosbridge_websocket/get_loggers] /rosbridge_websocket http://kelpie2:39467/
[rosmaster.master][INFO] 2025-08-20 16:12:21,563: +SERVICE [/rosbridge_websocket/set_logger_level] /rosbridge_websocket http://kelpie2:39467/
[rosmaster.master][INFO] 2025-08-20 16:12:21,568: +SUB [/joy] /hardware http://kelpie2:44453/
[rosmaster.master][INFO] 2025-08-20 16:12:21,572: +PUB [/kelpie/command_input] /hardware http://kelpie2:44453/
[rosmaster.master][INFO] 2025-08-20 16:12:21,599: publisherUpdate[/kelpie/command_input] -> http://kelpie2:40887/ ['http://kelpie2:44453/']
[rosmaster.master][INFO] 2025-08-20 16:12:21,607: +PUB [/client_count] /rosbridge_websocket http://kelpie2:39467/
[rosmaster.master][INFO] 2025-08-20 16:12:21,610: publisherUpdate[/kelpie/command_input] -> http://kelpie2:40887/ ['http://kelpie2:44453/']: sec=0.01, result=[1, '', 0]
[rosmaster.master][INFO] 2025-08-20 16:12:21,611: +PUB [/connected_clients] /rosbridge_websocket http://kelpie2:39467/
[rosmaster.master][INFO] 2025-08-20 16:12:21,621: +PARAM [/rosbridge_websocket/actual_port] by /rosbridge_websocket
[rosmaster.master][INFO] 2025-08-20 16:12:21,628: +CACHEDPARAM [/rosout_disable_topics_generation] by /rosbridge_websocket
[rosmaster.master][INFO] 2025-08-20 16:12:25,327: -SUB [/kelpie/leg_control/joint_states] /hardware http://kelpie2:44453/
[rosmaster.master][INFO] 2025-08-20 16:12:25,327: -SUB [/joy] /hardware http://kelpie2:44453/
[rosmaster.master][INFO] 2025-08-20 16:12:25,328: -PUB [/kelpie/leg_control/currents] /hardware http://kelpie2:44453/
[rosmaster.master][INFO] 2025-08-20 16:12:25,328: -PUB [/kelpie/battery/voltage] /hardware http://kelpie2:44453/
[rosmaster.master][INFO] 2025-08-20 16:12:25,329: -PUB [/kelpie/imu] /hardware http://kelpie2:44453/
[rosmaster.master][INFO] 2025-08-20 16:12:25,334: -PUB [/rosout] /rosbridge_websocket http://kelpie2:39467/
[rosmaster.master][INFO] 2025-08-20 16:12:25,335: -PUB [/rosout] /hardware http://kelpie2:44453/
[rosmaster.master][INFO] 2025-08-20 16:12:25,335: -PUB [/rosout] /rosapi http://kelpie2:38887/
[rosmaster.master][INFO] 2025-08-20 16:12:25,335: -PUB [/client_count] /rosbridge_websocket http://kelpie2:39467/
[rosmaster.master][INFO] 2025-08-20 16:12:25,336: -PUB [/kelpie/command_input] /hardware http://kelpie2:44453/
[rosmaster.master][INFO] 2025-08-20 16:12:25,336: -SERVICE [/rosapi/get_loggers] /rosapi rosrpc://kelpie2:40081
[rosmaster.master][INFO] 2025-08-20 16:12:25,336: -PUB [/connected_clients] /rosbridge_websocket http://kelpie2:39467/
[rosmaster.master][INFO] 2025-08-20 16:12:25,336: -SERVICE [/hardware/get_loggers] /hardware rosrpc://kelpie2:41625
[rosmaster.master][INFO] 2025-08-20 16:12:25,337: -SERVICE [/rosapi/set_logger_level] /rosapi rosrpc://kelpie2:40081
[rosmaster.master][INFO] 2025-08-20 16:12:25,337: -SERVICE [/rosbridge_websocket/get_loggers] /rosbridge_websocket rosrpc://kelpie2:41063
[rosmaster.master][INFO] 2025-08-20 16:12:25,337: -SERVICE [/hardware/set_logger_level] /hardware rosrpc://kelpie2:41625
[rosmaster.master][INFO] 2025-08-20 16:12:25,338: -SERVICE [/rosapi/topics] /rosapi rosrpc://kelpie2:40081
[rosmaster.master][INFO] 2025-08-20 16:12:25,339: -SERVICE [/rosbridge_websocket/set_logger_level] /rosbridge_websocket rosrpc://kelpie2:41063
[rosmaster.master][INFO] 2025-08-20 16:12:25,339: -SERVICE [/rosapi/topics_for_type] /rosapi rosrpc://kelpie2:40081
[rosmaster.master][INFO] 2025-08-20 16:12:25,340: -SERVICE [/rosapi/services] /rosapi rosrpc://kelpie2:40081
[rosmaster.master][INFO] 2025-08-20 16:12:25,340: -SERVICE [/rosapi/services_for_type] /rosapi rosrpc://kelpie2:40081
[rosmaster.master][INFO] 2025-08-20 16:12:25,341: -SERVICE [/rosapi/nodes] /rosapi rosrpc://kelpie2:40081
[rosmaster.master][INFO] 2025-08-20 16:12:25,342: -SERVICE [/rosapi/node_details] /rosapi rosrpc://kelpie2:40081
[rosmaster.master][INFO] 2025-08-20 16:12:25,342: -SERVICE [/rosapi/action_servers] /rosapi rosrpc://kelpie2:40081
[rosmaster.master][INFO] 2025-08-20 16:12:25,343: -SERVICE [/rosapi/topic_type] /rosapi rosrpc://kelpie2:40081
[rosmaster.master][INFO] 2025-08-20 16:12:25,344: -SERVICE [/rosapi/service_type] /rosapi rosrpc://kelpie2:40081
[rosmaster.master][INFO] 2025-08-20 16:12:25,344: -SERVICE [/rosapi/publishers] /rosapi rosrpc://kelpie2:40081
[rosmaster.master][INFO] 2025-08-20 16:12:25,345: -SERVICE [/rosapi/subscribers] /rosapi rosrpc://kelpie2:40081
[rosmaster.master][INFO] 2025-08-20 16:12:25,345: -SERVICE [/rosapi/service_providers] /rosapi rosrpc://kelpie2:40081
[rosmaster.master][INFO] 2025-08-20 16:12:25,346: -SERVICE [/rosapi/service_node] /rosapi rosrpc://kelpie2:40081
[rosmaster.master][INFO] 2025-08-20 16:12:25,346: -SERVICE [/rosapi/service_host] /rosapi rosrpc://kelpie2:40081
[rosmaster.master][INFO] 2025-08-20 16:12:25,347: -SERVICE [/rosapi/message_details] /rosapi rosrpc://kelpie2:40081
[rosmaster.master][INFO] 2025-08-20 16:12:25,347: -SERVICE [/rosapi/service_request_details] /rosapi rosrpc://kelpie2:40081
[rosmaster.master][INFO] 2025-08-20 16:12:25,347: -SERVICE [/rosapi/service_response_details] /rosapi rosrpc://kelpie2:40081
[rosmaster.master][INFO] 2025-08-20 16:12:25,348: -SERVICE [/rosapi/set_param] /rosapi rosrpc://kelpie2:40081
[rosmaster.master][INFO] 2025-08-20 16:12:25,349: -SERVICE [/rosapi/get_param] /rosapi rosrpc://kelpie2:40081
[rosmaster.master][INFO] 2025-08-20 16:12:25,349: -SERVICE [/rosapi/has_param] /rosapi rosrpc://kelpie2:40081
[rosmaster.master][INFO] 2025-08-20 16:12:25,349: -SERVICE [/rosapi/search_param] /rosapi rosrpc://kelpie2:40081
[rosmaster.master][INFO] 2025-08-20 16:12:25,350: -SERVICE [/rosapi/delete_param] /rosapi rosrpc://kelpie2:40081
[rosmaster.master][INFO] 2025-08-20 16:12:25,350: -SERVICE [/rosapi/get_param_names] /rosapi rosrpc://kelpie2:40081
[rosmaster.master][INFO] 2025-08-20 16:12:25,351: -SERVICE [/rosapi/get_time] /rosapi rosrpc://kelpie2:40081
[rosmaster.master][INFO] 2025-08-20 16:12:25,351: -SERVICE [/rosapi/topics_and_raw_types] /rosapi rosrpc://kelpie2:40081
[rosmaster.master][INFO] 2025-08-20 16:12:25,351: publisherUpdate[/kelpie/leg_control/currents] -> http://kelpie2:40887/ []
[rosmaster.master][INFO] 2025-08-20 16:12:25,356: publisherUpdate[/kelpie/leg_control/currents] -> http://kelpie2:40887/ []: sec=0.00, result=[1, '', 0]
[rosmaster.master][INFO] 2025-08-20 16:12:25,357: publisherUpdate[/kelpie/battery/voltage] -> http://kelpie2:40887/ []
[rosmaster.master][INFO] 2025-08-20 16:12:25,359: publisherUpdate[/kelpie/battery/voltage] -> http://kelpie2:40887/ []: sec=0.00, result=[1, '', 0]
[rosmaster.master][INFO] 2025-08-20 16:12:25,360: publisherUpdate[/kelpie/imu] -> http://kelpie2:40887/ []
[rosmaster.master][INFO] 2025-08-20 16:12:25,360: publisherUpdate[/rosout] -> http://kelpie2:40901/ ['http://kelpie2:44547/', 'http://kelpie2:40887/', 'http://kelpie2:38887/', 'http://kelpie2:44453/']
[rosmaster.master][INFO] 2025-08-20 16:12:25,362: publisherUpdate[/kelpie/imu] -> http://kelpie2:40887/ []: sec=0.00, result=[1, '', 0]
[rosmaster.master][INFO] 2025-08-20 16:12:25,363: publisherUpdate[/rosout] -> http://kelpie2:40901/ ['http://kelpie2:44547/', 'http://kelpie2:40887/', 'http://kelpie2:38887/', 'http://kelpie2:44453/']: sec=0.00, result=[1, '', 0]
[rosmaster.master][INFO] 2025-08-20 16:12:25,363: publisherUpdate[/kelpie/command_input] -> http://kelpie2:40887/ []
[rosmaster.master][INFO] 2025-08-20 16:12:25,363: publisherUpdate[/rosout] -> http://kelpie2:40901/ ['http://kelpie2:44547/', 'http://kelpie2:40887/', 'http://kelpie2:38887/']
[rosmaster.master][INFO] 2025-08-20 16:12:25,366: publisherUpdate[/rosout] -> http://kelpie2:40901/ ['http://kelpie2:44547/', 'http://kelpie2:40887/', 'http://kelpie2:38887/']: sec=0.00, result=[1, '', 0]
[rosmaster.master][INFO] 2025-08-20 16:12:25,367: publisherUpdate[/kelpie/command_input] -> http://kelpie2:40887/ []: sec=0.00, result=[1, '', 0]
[rosmaster.master][INFO] 2025-08-20 16:12:25,367: publisherUpdate[/rosout] -> http://kelpie2:40901/ ['http://kelpie2:44547/', 'http://kelpie2:40887/']
[rosmaster.master][INFO] 2025-08-20 16:12:25,369: publisherUpdate[/rosout] -> http://kelpie2:40901/ ['http://kelpie2:44547/', 'http://kelpie2:40887/']: sec=0.00, result=[1, '', 0]
[rosmaster.master][INFO] 2025-08-20 16:12:25,488: -PUB [/rosout] /JOYSTICK http://kelpie2:44547/
[rosmaster.master][INFO] 2025-08-20 16:12:25,491: -PUB [/diagnostics] /JOYSTICK http://kelpie2:44547/
[rosmaster.master][INFO] 2025-08-20 16:12:25,494: -PUB [/joy] /JOYSTICK http://kelpie2:44547/
[rosmaster.master][INFO] 2025-08-20 16:12:25,497: -SUB [/joy/set_feedback] /JOYSTICK http://kelpie2:44547/
[rosmaster.master][INFO] 2025-08-20 16:12:25,499: -SERVICE [/JOYSTICK/get_loggers] /JOYSTICK rosrpc://kelpie2:53191
[rosmaster.master][INFO] 2025-08-20 16:12:25,501: -SERVICE [/JOYSTICK/set_logger_level] /JOYSTICK rosrpc://kelpie2:53191
[rosmaster.master][INFO] 2025-08-20 16:12:25,502: -CACHEDPARAM [/JOYSTICK/diagnostic_period] by /JOYSTICK
[rosmaster.master][INFO] 2025-08-20 16:12:25,503: -CACHEDPARAM [/rosout_disable_topics_generation] by /JOYSTICK
[rosmaster.master][INFO] 2025-08-20 16:12:25,517: publisherUpdate[/rosout] -> http://kelpie2:40901/ ['http://kelpie2:40887/']
[rosmaster.master][INFO] 2025-08-20 16:12:25,519: publisherUpdate[/rosout] -> http://kelpie2:40901/ ['http://kelpie2:40887/']: sec=0.00, result=[1, '', 0]
[rosmaster.master][INFO] 2025-08-20 16:12:40,358: -SUB [/kelpie/imu] /kelpie http://kelpie2:40887/
[rosmaster.master][INFO] 2025-08-20 16:12:40,359: -SUB [/kelpie/leg_control/currents] /kelpie http://kelpie2:40887/
[rosmaster.master][INFO] 2025-08-20 16:12:40,359: -SUB [/kelpie/battery/voltage] /kelpie http://kelpie2:40887/
[rosmaster.master][INFO] 2025-08-20 16:12:40,359: -SUB [/kelpie/command_input] /kelpie http://kelpie2:40887/
[rosmaster.master][INFO] 2025-08-20 16:12:40,360: -PUB [/rosout] /kelpie http://kelpie2:40887/
[rosmaster.master][INFO] 2025-08-20 16:12:40,360: -PUB [/kelpie/leg_control/joint_states] /kelpie http://kelpie2:40887/
[rosmaster.master][INFO] 2025-08-20 16:12:40,360: -SERVICE [/kelpie/get_loggers] /kelpie rosrpc://kelpie2:37973
[rosmaster.master][INFO] 2025-08-20 16:12:40,360: -SERVICE [/kelpie/set_logger_level] /kelpie rosrpc://kelpie2:37973
[rosmaster.master][INFO] 2025-08-20 16:12:40,388: publisherUpdate[/rosout] -> http://kelpie2:40901/ []
[rosmaster.master][INFO] 2025-08-20 16:12:40,390: publisherUpdate[/rosout] -> http://kelpie2:40901/ []: sec=0.00, result=[1, '', 0]
[rosmaster.master][INFO] 2025-08-20 16:12:42,594: -PUB [/rosout_agg] /rosout http://kelpie2:40901/
[rosmaster.master][INFO] 2025-08-20 16:12:42,595: -SUB [/rosout] /rosout http://kelpie2:40901/
[rosmaster.master][INFO] 2025-08-20 16:12:42,596: -SERVICE [/rosout/get_loggers] /rosout rosrpc://kelpie2:52775
[rosmaster.master][INFO] 2025-08-20 16:12:42,598: -SERVICE [/rosout/set_logger_level] /rosout rosrpc://kelpie2:52775
[rosmaster.master][INFO] 2025-08-20 16:12:42,599: -CACHEDPARAM [/rosout/omit_topics] by /rosout
[rosmaster.main][INFO] 2025-08-20 16:12:42,671: keyboard interrupt, will exit
[rosmaster.main][INFO] 2025-08-20 16:12:42,671: stopping master...
[rospy.core][INFO] 2025-08-20 16:12:42,672: signal_shutdown [atexit]
