[rospy.client][INFO] 2025-08-14 17:26:00,551: init_node, name[/hardware], pid[2330]
[xmlrpc][INFO] 2025-08-14 17:26:00,553: XML-RPC server binding to 127.0.0.1:0
[xmlrpc][INFO] 2025-08-14 17:26:00,553: Started XML-RPC server [http://localhost:35029/]
[rospy.init][INFO] 2025-08-14 17:26:00,554: ROS Slave URI: [http://localhost:35029/]
[rospy.impl.masterslave][INFO] 2025-08-14 17:26:00,554: _ready: http://localhost:35029/
[rospy.registration][INFO] 2025-08-14 17:26:00,556: Registering with master node http://localhost:11311
[xmlrpc][INFO] 2025-08-14 17:26:00,556: xml rpc node: starting XML-RPC server
[rospy.registration][INFO] 2025-08-14 17:26:00,556: Registering publisher topic [/kelpie/leg_control/currents] type [kelpie/joint_states] with master
[rospy.registration][INFO] 2025-08-14 17:26:00,570: Registering publisher topic [/kelpie/battery/voltage] type [kelpie/vec_3d_float32] with master
[rospy.registration][INFO] 2025-08-14 17:26:00,573: Registering publisher topic [/kelpie/imu] type [kelpie/imu] with master
[rospy.init][INFO] 2025-08-14 17:26:00,655: registered with master
[rospy.rosout][INFO] 2025-08-14 17:26:00,655: initializing /rosout core topic
[rospy.rosout][INFO] 2025-08-14 17:26:00,660: connected to core topic /rosout
[rospy.simtime][INFO] 2025-08-14 17:26:00,664: /use_sim_time is not set, will not subscribe to simulated time [/clock] topic
[rospy.internal][INFO] 2025-08-14 17:26:00,753: topic[/joy] adding connection to [http://localhost:39919/], count 0
[rospy.internal][INFO] 2025-08-14 17:26:00,774: topic[/rosout] adding connection to [/rosout], count 0
[rospy.internal][INFO] 2025-08-14 17:26:00,780: topic[/kelpie/leg_control/joint_states] adding connection to [http://localhost:45769/], count 0
[rospy.internal][INFO] 2025-08-14 17:26:00,968: topic[/kelpie/leg_control/currents] adding connection to [/kelpie], count 0
[rospy.internal][INFO] 2025-08-14 17:26:00,979: topic[/kelpie/command_input] adding connection to [/kelpie], count 0
[rospy.internal][INFO] 2025-08-14 17:26:01,021: topic[/kelpie/imu] adding connection to [/kelpie], count 0
[rospy.internal][INFO] 2025-08-14 17:26:01,022: topic[/kelpie/battery/voltage] adding connection to [/kelpie], count 0
[rospy.internal][INFO] 2025-08-14 17:26:15,776: topic[/kelpie/leg_control/joint_states] removing connection to http://localhost:45769/
[rospy.internal][INFO] 2025-08-14 17:26:15,776: topic[/kelpie/leg_control/currents] removing connection to /kelpie
[rospy.internal][INFO] 2025-08-14 17:26:15,790: topic[/kelpie/battery/voltage] removing connection to /kelpie
[rospy.internal][INFO] 2025-08-14 17:26:15,792: topic[/kelpie/imu] removing connection to /kelpie
[rospy.internal][INFO] 2025-08-14 17:26:15,797: topic[/kelpie/command_input] removing connection to /kelpie
[rospy.internal][INFO] 2025-08-14 17:26:15,829: topic[/kelpie/leg_control/joint_states] adding connection to [http://localhost:39983/], count 0
[rospy.internal][INFO] 2025-08-14 17:26:15,830: topic[/kelpie/imu] adding connection to [/kelpie], count 0
[rospy.internal][INFO] 2025-08-14 17:26:15,843: topic[/kelpie/leg_control/currents] adding connection to [/kelpie], count 0
[rospy.internal][INFO] 2025-08-14 17:26:15,856: topic[/kelpie/battery/voltage] adding connection to [/kelpie], count 0
[rospy.internal][INFO] 2025-08-14 17:26:15,870: topic[/kelpie/command_input] adding connection to [/kelpie], count 0
[rospy.core][INFO] 2025-08-14 17:26:16,187: signal_shutdown [atexit]
[rospy.internal][INFO] 2025-08-14 17:26:16,207: topic[/kelpie/leg_control/currents] removing connection to /kelpie
[rospy.internal][INFO] 2025-08-14 17:26:16,208: topic[/kelpie/battery/voltage] removing connection to /kelpie
[rospy.internal][INFO] 2025-08-14 17:26:16,210: topic[/kelpie/imu] removing connection to /kelpie
[rospy.internal][INFO] 2025-08-14 17:26:16,213: topic[/rosout] removing connection to /rosout
[rospy.internal][INFO] 2025-08-14 17:26:16,214: topic[/kelpie/command_input] removing connection to /kelpie
[rospy.internal][INFO] 2025-08-14 17:26:16,216: topic[/kelpie/leg_control/joint_states] removing connection to http://localhost:39983/
[rospy.internal][INFO] 2025-08-14 17:26:16,217: topic[/kelpie/leg_control/joint_states] removing connection to http://localhost:39983/
[rospy.internal][INFO] 2025-08-14 17:26:16,219: topic[/joy] removing connection to http://localhost:39919/
[rospy.internal][INFO] 2025-08-14 17:26:16,219: topic[/joy] removing connection to http://localhost:39919/
[rospy.impl.masterslave][INFO] 2025-08-14 17:26:16,220: atexit
