[rospy.client][INFO] 2025-08-14 17:26:15,495: init_node, name[/kelpie], pid[2415]
[xmlrpc][INFO] 2025-08-14 17:26:15,506: XML-RPC server binding to 127.0.0.1:0
[xmlrpc][INFO] 2025-08-14 17:26:15,507: Started XML-RPC server [http://localhost:39983/]
[rospy.init][INFO] 2025-08-14 17:26:15,508: ROS Slave URI: [http://localhost:39983/]
[rospy.impl.masterslave][INFO] 2025-08-14 17:26:15,510: _ready: http://localhost:39983/
[rospy.registration][INFO] 2025-08-14 17:26:15,516: Registering with master node http://localhost:11311/
[xmlrpc][INFO] 2025-08-14 17:26:15,516: xml rpc node: starting XML-RPC server
[rospy.init][INFO] 2025-08-14 17:26:15,611: registered with master
[rospy.rosout][INFO] 2025-08-14 17:26:15,612: initializing /rosout core topic
[rospy.rosout][INFO] 2025-08-14 17:26:15,647: connected to core topic /rosout
[rospy.simtime][INFO] 2025-08-14 17:26:15,651: /use_sim_time is not set, will not subscribe to simulated time [/clock] topic
[rosout][INFO] 2025-08-14 17:26:15,729: Creating input listener...
[rospy.internal][INFO] 2025-08-14 17:26:15,750: topic[/kelpie/imu] adding connection to [http://localhost:35029/], count 0
[rospy.internal][INFO] 2025-08-14 17:26:15,764: topic[/kelpie/battery/voltage] adding connection to [http://localhost:35029/], count 0
[rosout][INFO] 2025-08-14 17:26:15,758: Input listener successfully initialised... Robot will now receive commands via Joy messages
[rospy.internal][INFO] 2025-08-14 17:26:15,780: topic[/kelpie/leg_control/currents] adding connection to [http://localhost:35029/], count 0
[rosout][INFO] 2025-08-14 17:26:15,768: Summary of current gait parameters:
[rosout][INFO] 2025-08-14 17:26:15,790: overlap time: 0.04
[rosout][INFO] 2025-08-14 17:26:15,803: swing time: 0.07
[rosout][INFO] 2025-08-14 17:26:15,813: z clearance: 0.08
[rospy.internal][INFO] 2025-08-14 17:26:15,822: topic[/kelpie/command_input] adding connection to [http://localhost:35029/], count 0
[rosout][INFO] 2025-08-14 17:26:15,817: back leg x shift: 0.00
[rosout][INFO] 2025-08-14 17:26:15,829: front leg x shift: 0.05
[rosout][INFO] 2025-08-14 17:26:15,841: Manual robot control active. Currently not accepting external commands
[rospy.internal][INFO] 2025-08-14 17:26:15,875: topic[/kelpie/leg_control/joint_states] adding connection to [/hardware], count 0
[rospy.internal][INFO] 2025-08-14 17:26:15,968: topic[/rosout] adding connection to [/rosout], count 0
[rospy.internal][INFO] 2025-08-14 17:26:16,233: topic[/kelpie/leg_control/currents] removing connection to http://localhost:35029/
[rospy.internal][INFO] 2025-08-14 17:26:16,235: topic[/kelpie/command_input] removing connection to http://localhost:35029/
[rospy.internal][INFO] 2025-08-14 17:26:16,250: topic[/kelpie/battery/voltage] removing connection to http://localhost:35029/
[rospy.internal][INFO] 2025-08-14 17:26:16,251: topic[/kelpie/imu] removing connection to http://localhost:35029/
[rospy.internal][INFO] 2025-08-14 17:26:16,272: topic[/kelpie/leg_control/joint_states] removing connection to /hardware
[rospy.internal][INFO] 2025-08-14 17:26:16,418: topic[/kelpie/leg_control/currents] adding connection to [http://localhost:44571/], count 0
[rospy.internal][INFO] 2025-08-14 17:26:16,449: topic[/kelpie/imu] adding connection to [http://localhost:44571/], count 0
[rospy.internal][INFO] 2025-08-14 17:26:16,484: topic[/kelpie/battery/voltage] adding connection to [http://localhost:44571/], count 0
[rospy.internal][INFO] 2025-08-14 17:26:16,629: topic[/kelpie/leg_control/joint_states] adding connection to [/hardware], count 0
[rospy.internal][INFO] 2025-08-14 17:26:16,696: topic[/kelpie/command_input] adding connection to [http://localhost:44571/], count 0
[rospy.internal][INFO] 2025-08-14 17:26:16,957: topic[/kelpie/command_input] adding connection to [http://localhost:43391/], count 1
[rospy.internal][INFO] 2025-08-14 17:26:25,163: topic[/kelpie/command_input] removing connection to http://localhost:43391/
[rospy.internal][INFO] 2025-08-14 17:26:25,194: topic[/kelpie/battery/voltage] removing connection to http://localhost:44571/
[rospy.internal][INFO] 2025-08-14 17:26:25,195: topic[/kelpie/imu] removing connection to http://localhost:44571/
[rospy.internal][INFO] 2025-08-14 17:26:25,196: topic[/kelpie/command_input] removing connection to http://localhost:44571/
[rospy.internal][INFO] 2025-08-14 17:26:25,196: topic[/kelpie/leg_control/currents] removing connection to http://localhost:44571/
[rospy.internal][INFO] 2025-08-14 17:26:25,695: topic[/kelpie/leg_control/joint_states] removing connection to /hardware
[rospy.core][INFO] 2025-08-14 17:26:40,222: signal_shutdown [signal-15]
[rospy.internal][INFO] 2025-08-14 17:26:40,236: topic[/rosout] removing connection to /rosout
[rospy.impl.masterslave][INFO] 2025-08-14 17:26:40,237: signal-15
