[rosmaster.main][INFO] 2025-08-20 17:13:36,751: initialization complete, waiting for shutdown
[rosmaster.main][INFO] 2025-08-20 17:13:36,751: Starting ROS Master Node
[xmlrpc][INFO] 2025-08-20 17:13:36,753: XML-RPC server binding to 0.0.0.0:11311
[xmlrpc][INFO] 2025-08-20 17:13:36,753: Started XML-RPC server [http://kelpie2:11311/]
[rosmaster.master][INFO] 2025-08-20 17:13:36,754: Master initialized: port[11311], uri[http://kelpie2:11311/]
[xmlrpc][INFO] 2025-08-20 17:13:36,754: xml rpc node: starting XML-RPC server
[rosmaster.master][INFO] 2025-08-20 17:13:36,863: +PARAM [/run_id] by /roslaunch
[rosmaster.master][INFO] 2025-08-20 17:13:36,866: +PARAM [/roslaunch/uris/host_kelpie2__41541] by /roslaunch
[rosmaster.master][INFO] 2025-08-20 17:13:37,016: +PARAM [/rosversion] by /roslaunch
[rosmaster.master][INFO] 2025-08-20 17:13:37,017: +PARAM [/rosdistro] by /roslaunch
[rosmaster.master][INFO] 2025-08-20 17:13:37,197: +SERVICE [/rosout/get_loggers] /rosout http://kelpie2:38313/
[rosmaster.master][INFO] 2025-08-20 17:13:37,199: +SERVICE [/rosout/set_logger_level] /rosout http://kelpie2:38313/
[rosmaster.master][INFO] 2025-08-20 17:13:37,203: +PUB [/rosout_agg] /rosout http://kelpie2:38313/
[rosmaster.master][INFO] 2025-08-20 17:13:37,211: +SUB [/rosout] /rosout http://kelpie2:38313/
[rosmaster.master][INFO] 2025-08-20 17:15:50,351: +PARAM [/roslaunch/uris/host_kelpie2__40763] by /roslaunch
[rosmaster.master][INFO] 2025-08-20 17:15:50,363: +PARAM [/rosversion] by /roslaunch
[rosmaster.master][INFO] 2025-08-20 17:15:50,364: +PARAM [/rosdistro] by /roslaunch
[rosmaster.master][INFO] 2025-08-20 17:15:50,364: +PARAM [/rosbridge_websocket/authenticate] by /roslaunch
[rosmaster.master][INFO] 2025-08-20 17:15:50,364: +PARAM [/rosbridge_websocket/port] by /roslaunch
[rosmaster.master][INFO] 2025-08-20 17:15:50,365: +PARAM [/rosbridge_websocket/address] by /roslaunch
[rosmaster.master][INFO] 2025-08-20 17:15:50,365: +PARAM [/rosbridge_websocket/retry_startup_delay] by /roslaunch
[rosmaster.master][INFO] 2025-08-20 17:15:50,365: +PARAM [/rosbridge_websocket/fragment_timeout] by /roslaunch
[rosmaster.master][INFO] 2025-08-20 17:15:50,365: +PARAM [/rosbridge_websocket/delay_between_messages] by /roslaunch
[rosmaster.master][INFO] 2025-08-20 17:15:50,365: +PARAM [/rosbridge_websocket/max_message_size] by /roslaunch
[rosmaster.master][INFO] 2025-08-20 17:15:50,366: +PARAM [/rosbridge_websocket/unregister_timeout] by /roslaunch
[rosmaster.master][INFO] 2025-08-20 17:15:50,366: +PARAM [/rosbridge_websocket/use_compression] by /roslaunch
[rosmaster.master][INFO] 2025-08-20 17:15:50,366: +PARAM [/rosbridge_websocket/websocket_ping_interval] by /roslaunch
[rosmaster.master][INFO] 2025-08-20 17:15:50,366: +PARAM [/rosbridge_websocket/websocket_ping_timeout] by /roslaunch
[rosmaster.master][INFO] 2025-08-20 17:15:50,367: +PARAM [/rosbridge_websocket/websocket_external_port] by /roslaunch
[rosmaster.master][INFO] 2025-08-20 17:15:50,367: +PARAM [/rosbridge_websocket/topics_glob] by /roslaunch
[rosmaster.master][INFO] 2025-08-20 17:15:50,367: +PARAM [/rosbridge_websocket/services_glob] by /roslaunch
[rosmaster.master][INFO] 2025-08-20 17:15:50,367: +PARAM [/rosbridge_websocket/params_glob] by /roslaunch
[rosmaster.master][INFO] 2025-08-20 17:15:50,368: +PARAM [/rosbridge_websocket/bson_only_mode] by /roslaunch
[rosmaster.master][INFO] 2025-08-20 17:15:50,368: +PARAM [/rosapi/topics_glob] by /roslaunch
[rosmaster.master][INFO] 2025-08-20 17:15:50,368: +PARAM [/rosapi/services_glob] by /roslaunch
[rosmaster.master][INFO] 2025-08-20 17:15:50,368: +PARAM [/rosapi/params_glob] by /roslaunch
[rosmaster.master][INFO] 2025-08-20 17:15:50,368: +PARAM [/JOYSTICK/autorepeat_rate] by /roslaunch
[rosmaster.master][INFO] 2025-08-20 17:15:50,369: +PARAM [/JOYSTICK/joy_node/dev] by /roslaunch
[rosmaster.master][INFO] 2025-08-20 17:15:50,816: +PUB [/rosout] /JOYSTICK http://kelpie2:36121/
[rosmaster.master][INFO] 2025-08-20 17:15:50,824: +SERVICE [/JOYSTICK/get_loggers] /JOYSTICK http://kelpie2:36121/
[rosmaster.master][INFO] 2025-08-20 17:15:50,828: +SERVICE [/JOYSTICK/set_logger_level] /JOYSTICK http://kelpie2:36121/
[rosmaster.master][INFO] 2025-08-20 17:15:50,840: +PUB [/diagnostics] /JOYSTICK http://kelpie2:36121/
[rosmaster.master][INFO] 2025-08-20 17:15:50,842: +CACHEDPARAM [/JOYSTICK/diagnostic_period] by /JOYSTICK
[rosmaster.master][INFO] 2025-08-20 17:15:50,846: +PUB [/joy] /JOYSTICK http://kelpie2:36121/
[rosmaster.master][INFO] 2025-08-20 17:15:50,872: +SUB [/joy/set_feedback] /JOYSTICK http://kelpie2:36121/
[rosmaster.master][INFO] 2025-08-20 17:15:50,894: publisherUpdate[/rosout] -> http://kelpie2:38313/ ['http://kelpie2:36121/']
[rosmaster.master][INFO] 2025-08-20 17:15:50,904: +CACHEDPARAM [/rosout_disable_topics_generation] by /JOYSTICK
[rosmaster.master][INFO] 2025-08-20 17:15:50,917: publisherUpdate[/rosout] -> http://kelpie2:38313/ ['http://kelpie2:36121/']: sec=0.02, result=[1, '', 0]
[rosmaster.master][INFO] 2025-08-20 17:15:52,322: +PUB [/rosout] /rosapi http://kelpie2:45423/
[rosmaster.master][INFO] 2025-08-20 17:15:52,322: publisherUpdate[/rosout] -> http://kelpie2:38313/ ['http://kelpie2:36121/', 'http://kelpie2:45423/']
[rosmaster.master][INFO] 2025-08-20 17:15:52,325: publisherUpdate[/rosout] -> http://kelpie2:38313/ ['http://kelpie2:36121/', 'http://kelpie2:45423/']: sec=0.00, result=[1, '', 0]
[rosmaster.master][INFO] 2025-08-20 17:15:52,333: +SERVICE [/rosapi/get_loggers] /rosapi http://kelpie2:45423/
[rosmaster.master][INFO] 2025-08-20 17:15:52,337: +SERVICE [/rosapi/set_logger_level] /rosapi http://kelpie2:45423/
[rosmaster.master][INFO] 2025-08-20 17:15:52,347: +SERVICE [/rosapi/topics] /rosapi http://kelpie2:45423/
[rosmaster.master][INFO] 2025-08-20 17:15:52,350: +SERVICE [/rosapi/topics_for_type] /rosapi http://kelpie2:45423/
[rosmaster.master][INFO] 2025-08-20 17:15:52,353: +SERVICE [/rosapi/services] /rosapi http://kelpie2:45423/
[rosmaster.master][INFO] 2025-08-20 17:15:52,357: +SERVICE [/rosapi/services_for_type] /rosapi http://kelpie2:45423/
[rosmaster.master][INFO] 2025-08-20 17:15:52,360: +SERVICE [/rosapi/nodes] /rosapi http://kelpie2:45423/
[rosmaster.master][INFO] 2025-08-20 17:15:52,363: +SERVICE [/rosapi/node_details] /rosapi http://kelpie2:45423/
[rosmaster.master][INFO] 2025-08-20 17:15:52,366: +SERVICE [/rosapi/action_servers] /rosapi http://kelpie2:45423/
[rosmaster.master][INFO] 2025-08-20 17:15:52,369: +SERVICE [/rosapi/topic_type] /rosapi http://kelpie2:45423/
[rosmaster.master][INFO] 2025-08-20 17:15:52,373: +SERVICE [/rosapi/service_type] /rosapi http://kelpie2:45423/
[rosmaster.master][INFO] 2025-08-20 17:15:52,376: +SERVICE [/rosapi/publishers] /rosapi http://kelpie2:45423/
[rosmaster.master][INFO] 2025-08-20 17:15:52,379: +SERVICE [/rosapi/subscribers] /rosapi http://kelpie2:45423/
[rosmaster.master][INFO] 2025-08-20 17:15:52,383: +SERVICE [/rosapi/service_providers] /rosapi http://kelpie2:45423/
[rosmaster.master][INFO] 2025-08-20 17:15:52,387: +SERVICE [/rosapi/service_node] /rosapi http://kelpie2:45423/
[rosmaster.master][INFO] 2025-08-20 17:15:52,395: +SERVICE [/rosapi/service_host] /rosapi http://kelpie2:45423/
[rosmaster.master][INFO] 2025-08-20 17:15:52,397: +PUB [/rosout] /kelpie http://kelpie2:40307/
[rosmaster.master][INFO] 2025-08-20 17:15:52,400: +SERVICE [/rosapi/message_details] /rosapi http://kelpie2:45423/
[rosmaster.master][INFO] 2025-08-20 17:15:52,402: publisherUpdate[/rosout] -> http://kelpie2:38313/ ['http://kelpie2:36121/', 'http://kelpie2:45423/', 'http://kelpie2:40307/']
[rosmaster.master][INFO] 2025-08-20 17:15:52,404: +SERVICE [/rosapi/service_request_details] /rosapi http://kelpie2:45423/
[rosmaster.master][INFO] 2025-08-20 17:15:52,406: +SERVICE [/kelpie/get_loggers] /kelpie http://kelpie2:40307/
[rosmaster.master][INFO] 2025-08-20 17:15:52,409: publisherUpdate[/rosout] -> http://kelpie2:38313/ ['http://kelpie2:36121/', 'http://kelpie2:45423/', 'http://kelpie2:40307/']: sec=0.01, result=[1, '', 0]
[rosmaster.master][INFO] 2025-08-20 17:15:52,411: +SERVICE [/rosapi/service_response_details] /rosapi http://kelpie2:45423/
[rosmaster.master][INFO] 2025-08-20 17:15:52,412: +SERVICE [/kelpie/set_logger_level] /kelpie http://kelpie2:40307/
[rosmaster.master][INFO] 2025-08-20 17:15:52,415: +SERVICE [/rosapi/set_param] /rosapi http://kelpie2:45423/
[rosmaster.master][INFO] 2025-08-20 17:15:52,420: +SERVICE [/rosapi/get_param] /rosapi http://kelpie2:45423/
[rosmaster.master][INFO] 2025-08-20 17:15:52,421: +SUB [/kelpie/imu] /kelpie http://kelpie2:40307/
[rosmaster.master][INFO] 2025-08-20 17:15:52,424: +SERVICE [/rosapi/has_param] /rosapi http://kelpie2:45423/
[rosmaster.master][INFO] 2025-08-20 17:15:52,428: +SUB [/kelpie/leg_control/currents] /kelpie http://kelpie2:40307/
[rosmaster.master][INFO] 2025-08-20 17:15:52,430: +SERVICE [/rosapi/search_param] /rosapi http://kelpie2:45423/
[rosmaster.master][INFO] 2025-08-20 17:15:52,433: +SERVICE [/rosapi/delete_param] /rosapi http://kelpie2:45423/
[rosmaster.master][INFO] 2025-08-20 17:15:52,437: +SUB [/kelpie/battery/voltage] /kelpie http://kelpie2:40307/
[rosmaster.master][INFO] 2025-08-20 17:15:52,439: +SERVICE [/rosapi/get_param_names] /rosapi http://kelpie2:45423/
[rosmaster.master][INFO] 2025-08-20 17:15:52,441: +PUB [/kelpie/leg_control/joint_states] /kelpie http://kelpie2:40307/
[rosmaster.master][INFO] 2025-08-20 17:15:52,443: +SERVICE [/rosapi/get_time] /rosapi http://kelpie2:45423/
[rosmaster.master][INFO] 2025-08-20 17:15:52,447: +CACHEDPARAM [/rosout_disable_topics_generation] by /kelpie
[rosmaster.master][INFO] 2025-08-20 17:15:52,448: +SERVICE [/rosapi/topics_and_raw_types] /rosapi http://kelpie2:45423/
[rosmaster.master][INFO] 2025-08-20 17:15:52,452: +CACHEDPARAM [/rosout_disable_topics_generation] by /rosapi
[rosmaster.master][INFO] 2025-08-20 17:15:52,456: +SUB [/kelpie/command_input] /kelpie http://kelpie2:40307/
[rosmaster.master][INFO] 2025-08-20 17:15:52,460: +CACHEDPARAM [/rosout_disable_topics_generation] by /kelpie
[rosmaster.master][INFO] 2025-08-20 17:15:52,464: +CACHEDPARAM [/rosout_disable_topics_generation] by /kelpie
[rosmaster.master][INFO] 2025-08-20 17:15:52,468: +CACHEDPARAM [/rosout_disable_topics_generation] by /kelpie
[rosmaster.master][INFO] 2025-08-20 17:15:52,472: +CACHEDPARAM [/rosout_disable_topics_generation] by /kelpie
[rosmaster.master][INFO] 2025-08-20 17:15:52,476: +CACHEDPARAM [/rosout_disable_topics_generation] by /kelpie
[rosmaster.master][INFO] 2025-08-20 17:15:52,480: +CACHEDPARAM [/rosout_disable_topics_generation] by /kelpie
[rosmaster.master][INFO] 2025-08-20 17:15:52,484: +CACHEDPARAM [/rosout_disable_topics_generation] by /kelpie
[rosmaster.master][INFO] 2025-08-20 17:15:52,488: +CACHEDPARAM [/rosout_disable_topics_generation] by /kelpie
[rosmaster.master][INFO] 2025-08-20 17:15:52,499: +CACHEDPARAM [/rosout_disable_topics_generation] by /kelpie
[rosmaster.master][INFO] 2025-08-20 17:15:52,505: +CACHEDPARAM [/rosout_disable_topics_generation] by /kelpie
[rosmaster.master][INFO] 2025-08-20 17:15:52,514: +CACHEDPARAM [/rosout_disable_topics_generation] by /kelpie
[rosmaster.master][INFO] 2025-08-20 17:15:52,519: +CACHEDPARAM [/rosout_disable_topics_generation] by /kelpie
[rosmaster.master][INFO] 2025-08-20 17:15:52,524: +CACHEDPARAM [/rosout_disable_topics_generation] by /kelpie
[rosmaster.master][INFO] 2025-08-20 17:15:52,528: +CACHEDPARAM [/rosout_disable_topics_generation] by /kelpie
[rosmaster.master][INFO] 2025-08-20 17:15:52,532: +CACHEDPARAM [/rosout_disable_topics_generation] by /kelpie
[rosmaster.master][INFO] 2025-08-20 17:15:52,538: +CACHEDPARAM [/rosout_disable_topics_generation] by /kelpie
[rosmaster.master][INFO] 2025-08-20 17:15:52,544: +CACHEDPARAM [/rosout_disable_topics_generation] by /kelpie
[rosmaster.master][INFO] 2025-08-20 17:15:52,549: +CACHEDPARAM [/rosout_disable_topics_generation] by /kelpie
[rosmaster.master][INFO] 2025-08-20 17:15:52,554: +CACHEDPARAM [/rosout_disable_topics_generation] by /kelpie
[rosmaster.master][INFO] 2025-08-20 17:15:52,559: +CACHEDPARAM [/rosout_disable_topics_generation] by /kelpie
[rosmaster.master][INFO] 2025-08-20 17:15:52,566: +CACHEDPARAM [/rosout_disable_topics_generation] by /kelpie
[rosmaster.master][INFO] 2025-08-20 17:15:52,572: +CACHEDPARAM [/rosout_disable_topics_generation] by /kelpie
[rosmaster.master][INFO] 2025-08-20 17:15:52,576: +CACHEDPARAM [/rosout_disable_topics_generation] by /kelpie
[rosmaster.master][INFO] 2025-08-20 17:15:52,582: +CACHEDPARAM [/rosout_disable_topics_generation] by /kelpie
[rosmaster.master][INFO] 2025-08-20 17:15:52,617: +CACHEDPARAM [/rosout/omit_topics] by /rosout
[rosmaster.master][INFO] 2025-08-20 17:15:53,019: +PUB [/kelpie/leg_control/currents] /hardware http://kelpie2:45815/
[rosmaster.master][INFO] 2025-08-20 17:15:53,022: +PUB [/kelpie/battery/voltage] /hardware http://kelpie2:45815/
[rosmaster.master][INFO] 2025-08-20 17:15:53,024: +PUB [/kelpie/imu] /hardware http://kelpie2:45815/
[rosmaster.master][INFO] 2025-08-20 17:15:53,027: publisherUpdate[/kelpie/leg_control/currents] -> http://kelpie2:40307/ ['http://kelpie2:45815/']
[rosmaster.master][INFO] 2025-08-20 17:15:53,051: publisherUpdate[/kelpie/leg_control/currents] -> http://kelpie2:40307/ ['http://kelpie2:45815/']: sec=0.02, result=[1, '', 0]
[rosmaster.master][INFO] 2025-08-20 17:15:53,051: publisherUpdate[/kelpie/battery/voltage] -> http://kelpie2:40307/ ['http://kelpie2:45815/']
[rosmaster.master][INFO] 2025-08-20 17:15:53,067: publisherUpdate[/kelpie/battery/voltage] -> http://kelpie2:40307/ ['http://kelpie2:45815/']: sec=0.02, result=[1, '', 0]
[rosmaster.master][INFO] 2025-08-20 17:15:53,068: publisherUpdate[/kelpie/imu] -> http://kelpie2:40307/ ['http://kelpie2:45815/']
[rosmaster.master][INFO] 2025-08-20 17:15:53,079: publisherUpdate[/kelpie/imu] -> http://kelpie2:40307/ ['http://kelpie2:45815/']: sec=0.01, result=[1, '', 0]
[rosmaster.master][INFO] 2025-08-20 17:15:53,103: +PUB [/rosout] /rosbridge_websocket http://kelpie2:46423/
[rosmaster.master][INFO] 2025-08-20 17:15:53,103: publisherUpdate[/rosout] -> http://kelpie2:38313/ ['http://kelpie2:36121/', 'http://kelpie2:45423/', 'http://kelpie2:40307/', 'http://kelpie2:46423/']
[rosmaster.master][INFO] 2025-08-20 17:15:53,106: publisherUpdate[/rosout] -> http://kelpie2:38313/ ['http://kelpie2:36121/', 'http://kelpie2:45423/', 'http://kelpie2:40307/', 'http://kelpie2:46423/']: sec=0.00, result=[1, '', 0]
[rosmaster.master][INFO] 2025-08-20 17:15:53,109: +PUB [/rosout] /hardware http://kelpie2:45815/
[rosmaster.master][INFO] 2025-08-20 17:15:53,111: publisherUpdate[/rosout] -> http://kelpie2:38313/ ['http://kelpie2:36121/', 'http://kelpie2:45423/', 'http://kelpie2:40307/', 'http://kelpie2:46423/', 'http://kelpie2:45815/']
[rosmaster.master][INFO] 2025-08-20 17:15:53,113: +SERVICE [/rosbridge_websocket/get_loggers] /rosbridge_websocket http://kelpie2:46423/
[rosmaster.master][INFO] 2025-08-20 17:15:53,115: publisherUpdate[/rosout] -> http://kelpie2:38313/ ['http://kelpie2:36121/', 'http://kelpie2:45423/', 'http://kelpie2:40307/', 'http://kelpie2:46423/', 'http://kelpie2:45815/']: sec=0.00, result=[1, '', 0]
[rosmaster.master][INFO] 2025-08-20 17:15:53,116: +SERVICE [/rosbridge_websocket/set_logger_level] /rosbridge_websocket http://kelpie2:46423/
[rosmaster.master][INFO] 2025-08-20 17:15:53,123: +SERVICE [/hardware/get_loggers] /hardware http://kelpie2:45815/
[rosmaster.master][INFO] 2025-08-20 17:15:53,130: +SERVICE [/hardware/set_logger_level] /hardware http://kelpie2:45815/
[rosmaster.master][INFO] 2025-08-20 17:15:53,157: +PUB [/client_count] /rosbridge_websocket http://kelpie2:46423/
[rosmaster.master][INFO] 2025-08-20 17:15:53,160: +PUB [/connected_clients] /rosbridge_websocket http://kelpie2:46423/
[rosmaster.master][INFO] 2025-08-20 17:15:53,169: +PARAM [/rosbridge_websocket/actual_port] by /rosbridge_websocket
[rosmaster.master][INFO] 2025-08-20 17:15:53,177: +CACHEDPARAM [/rosout_disable_topics_generation] by /rosbridge_websocket
[rosmaster.master][INFO] 2025-08-20 17:15:53,196: +SUB [/kelpie/leg_control/joint_states] /hardware http://kelpie2:45815/
[rosmaster.master][INFO] 2025-08-20 17:15:53,203: +SUB [/joy] /hardware http://kelpie2:45815/
[rosmaster.master][INFO] 2025-08-20 17:15:53,206: +PUB [/kelpie/command_input] /hardware http://kelpie2:45815/
[rosmaster.master][INFO] 2025-08-20 17:15:53,209: publisherUpdate[/kelpie/command_input] -> http://kelpie2:40307/ ['http://kelpie2:45815/']
[rosmaster.master][INFO] 2025-08-20 17:15:53,277: publisherUpdate[/kelpie/command_input] -> http://kelpie2:40307/ ['http://kelpie2:45815/']: sec=0.07, result=[1, '', 0]
[rosmaster.master][INFO] 2025-08-20 17:16:07,617: +CACHEDPARAM [/rosout_disable_topics_generation] by /rosbridge_websocket
[rosmaster.master][INFO] 2025-08-20 17:16:08,646: +SUB [/kelpie/leg_control/joint_states] /rosbridge_websocket http://kelpie2:46423/
[rosmaster.master][INFO] 2025-08-20 17:16:08,651: +CACHEDPARAM [/rosout_disable_topics_generation] by /rosbridge_websocket
[rosmaster.master][INFO] 2025-08-20 17:16:08,664: +SUB [/kelpie/leg_control/currents] /rosbridge_websocket http://kelpie2:46423/
[rosmaster.master][INFO] 2025-08-20 17:16:08,670: +CACHEDPARAM [/rosout_disable_topics_generation] by /rosbridge_websocket
[rosmaster.master][INFO] 2025-08-20 17:16:08,689: +SUB [/kelpie/battery/voltage] /rosbridge_websocket http://kelpie2:46423/
[rosmaster.master][INFO] 2025-08-20 17:16:08,694: +CACHEDPARAM [/rosout_disable_topics_generation] by /rosbridge_websocket
[rosmaster.master][INFO] 2025-08-20 17:16:08,708: +SUB [/kelpie/imu] /rosbridge_websocket http://kelpie2:46423/
[rosmaster.master][INFO] 2025-08-20 17:16:08,712: +CACHEDPARAM [/rosout_disable_topics_generation] by /rosbridge_websocket
[rosmaster.master][INFO] 2025-08-20 17:16:11,940: +CACHEDPARAM [/rosout_disable_topics_generation] by /kelpie
[rosmaster.master][INFO] 2025-08-20 17:16:11,943: +CACHEDPARAM [/rosout_disable_topics_generation] by /kelpie
[rosmaster.master][INFO] 2025-08-20 17:16:11,949: +CACHEDPARAM [/rosout_disable_topics_generation] by /kelpie
[rosmaster.master][INFO] 2025-08-20 17:16:11,955: +CACHEDPARAM [/rosout_disable_topics_generation] by /kelpie
[rosmaster.master][INFO] 2025-08-20 17:16:11,960: +CACHEDPARAM [/rosout_disable_topics_generation] by /kelpie
[rosmaster.master][INFO] 2025-08-20 17:16:11,965: +CACHEDPARAM [/rosout_disable_topics_generation] by /kelpie
[rosmaster.master][INFO] 2025-08-20 17:16:11,970: +CACHEDPARAM [/rosout_disable_topics_generation] by /kelpie
[rosmaster.master][INFO] 2025-08-20 17:16:11,977: +CACHEDPARAM [/rosout_disable_topics_generation] by /kelpie
[rosmaster.master][INFO] 2025-08-20 17:16:11,983: +CACHEDPARAM [/rosout_disable_topics_generation] by /kelpie
[rosmaster.master][INFO] 2025-08-20 17:16:11,988: +CACHEDPARAM [/rosout_disable_topics_generation] by /kelpie
[rosmaster.master][INFO] 2025-08-20 17:16:11,994: +CACHEDPARAM [/rosout_disable_topics_generation] by /kelpie
[rosmaster.master][INFO] 2025-08-20 17:16:21,798: +CACHEDPARAM [/rosout_disable_topics_generation] by /kelpie
[rosmaster.master][INFO] 2025-08-20 17:16:21,801: +CACHEDPARAM [/rosout_disable_topics_generation] by /kelpie
[rosmaster.master][INFO] 2025-08-20 17:16:21,808: +CACHEDPARAM [/rosout_disable_topics_generation] by /kelpie
[rosmaster.master][INFO] 2025-08-20 17:16:21,813: +CACHEDPARAM [/rosout_disable_topics_generation] by /kelpie
[rosmaster.master][INFO] 2025-08-20 17:16:21,819: +CACHEDPARAM [/rosout_disable_topics_generation] by /kelpie
[rosmaster.master][INFO] 2025-08-20 17:16:21,824: +CACHEDPARAM [/rosout_disable_topics_generation] by /kelpie
[rosmaster.master][INFO] 2025-08-20 17:16:21,830: +CACHEDPARAM [/rosout_disable_topics_generation] by /kelpie
[rosmaster.master][INFO] 2025-08-20 17:16:21,836: +CACHEDPARAM [/rosout_disable_topics_generation] by /kelpie
[rosmaster.master][INFO] 2025-08-20 17:16:21,841: +CACHEDPARAM [/rosout_disable_topics_generation] by /kelpie
[rosmaster.master][INFO] 2025-08-20 17:16:21,846: +CACHEDPARAM [/rosout_disable_topics_generation] by /kelpie
[rosmaster.master][INFO] 2025-08-20 17:16:21,851: +CACHEDPARAM [/rosout_disable_topics_generation] by /kelpie
[rosmaster.master][INFO] 2025-08-20 17:16:32,260: +CACHEDPARAM [/rosout_disable_topics_generation] by /kelpie
[rosmaster.master][INFO] 2025-08-20 17:16:32,264: +CACHEDPARAM [/rosout_disable_topics_generation] by /kelpie
[rosmaster.master][INFO] 2025-08-20 17:16:32,270: +CACHEDPARAM [/rosout_disable_topics_generation] by /kelpie
[rosmaster.master][INFO] 2025-08-20 17:16:32,276: +CACHEDPARAM [/rosout_disable_topics_generation] by /kelpie
[rosmaster.master][INFO] 2025-08-20 17:16:32,281: +CACHEDPARAM [/rosout_disable_topics_generation] by /kelpie
[rosmaster.master][INFO] 2025-08-20 17:16:32,286: +CACHEDPARAM [/rosout_disable_topics_generation] by /kelpie
[rosmaster.master][INFO] 2025-08-20 17:16:32,291: +CACHEDPARAM [/rosout_disable_topics_generation] by /kelpie
[rosmaster.master][INFO] 2025-08-20 17:16:32,298: +CACHEDPARAM [/rosout_disable_topics_generation] by /kelpie
[rosmaster.master][INFO] 2025-08-20 17:16:32,303: +CACHEDPARAM [/rosout_disable_topics_generation] by /kelpie
[rosmaster.master][INFO] 2025-08-20 17:16:32,308: +CACHEDPARAM [/rosout_disable_topics_generation] by /kelpie
[rosmaster.master][INFO] 2025-08-20 17:16:32,313: +CACHEDPARAM [/rosout_disable_topics_generation] by /kelpie
[rosmaster.master][INFO] 2025-08-20 17:16:37,882: +CACHEDPARAM [/rosout_disable_topics_generation] by /kelpie
[rosmaster.master][INFO] 2025-08-20 17:16:37,886: +CACHEDPARAM [/rosout_disable_topics_generation] by /kelpie
[rosmaster.master][INFO] 2025-08-20 17:16:37,891: +CACHEDPARAM [/rosout_disable_topics_generation] by /kelpie
[rosmaster.master][INFO] 2025-08-20 17:16:37,896: +CACHEDPARAM [/rosout_disable_topics_generation] by /kelpie
[rosmaster.master][INFO] 2025-08-20 17:16:37,902: +CACHEDPARAM [/rosout_disable_topics_generation] by /kelpie
[rosmaster.master][INFO] 2025-08-20 17:16:37,908: +CACHEDPARAM [/rosout_disable_topics_generation] by /kelpie
[rosmaster.master][INFO] 2025-08-20 17:16:37,914: +CACHEDPARAM [/rosout_disable_topics_generation] by /kelpie
[rosmaster.master][INFO] 2025-08-20 17:16:37,920: +CACHEDPARAM [/rosout_disable_topics_generation] by /kelpie
[rosmaster.master][INFO] 2025-08-20 17:16:37,925: +CACHEDPARAM [/rosout_disable_topics_generation] by /kelpie
[rosmaster.master][INFO] 2025-08-20 17:16:37,930: +CACHEDPARAM [/rosout_disable_topics_generation] by /kelpie
[rosmaster.master][INFO] 2025-08-20 17:16:37,935: +CACHEDPARAM [/rosout_disable_topics_generation] by /kelpie
[rosmaster.master][INFO] 2025-08-20 17:16:54,196: +CACHEDPARAM [/rosout_disable_topics_generation] by /rosbridge_websocket
[rosmaster.master][INFO] 2025-08-20 17:16:54,201: -SUB [/kelpie/leg_control/joint_states] /rosbridge_websocket http://kelpie2:46423/
[rosmaster.master][INFO] 2025-08-20 17:16:54,206: -SUB [/kelpie/leg_control/currents] /rosbridge_websocket http://kelpie2:46423/
[rosmaster.master][INFO] 2025-08-20 17:16:54,210: -SUB [/kelpie/battery/voltage] /rosbridge_websocket http://kelpie2:46423/
[rosmaster.master][INFO] 2025-08-20 17:16:54,214: -SUB [/kelpie/imu] /rosbridge_websocket http://kelpie2:46423/
[rosmaster.master][INFO] 2025-08-20 17:16:54,300: +CACHEDPARAM [/rosout_disable_topics_generation] by /rosbridge_websocket
[rosmaster.master][INFO] 2025-08-20 17:16:54,360: +SUB [/kelpie/leg_control/joint_states] /rosbridge_websocket http://kelpie2:46423/
[rosmaster.master][INFO] 2025-08-20 17:16:54,364: +CACHEDPARAM [/rosout_disable_topics_generation] by /rosbridge_websocket
[rosmaster.master][INFO] 2025-08-20 17:16:54,375: +SUB [/kelpie/leg_control/currents] /rosbridge_websocket http://kelpie2:46423/
[rosmaster.master][INFO] 2025-08-20 17:16:54,379: +CACHEDPARAM [/rosout_disable_topics_generation] by /rosbridge_websocket
[rosmaster.master][INFO] 2025-08-20 17:16:54,393: +SUB [/kelpie/battery/voltage] /rosbridge_websocket http://kelpie2:46423/
[rosmaster.master][INFO] 2025-08-20 17:16:54,398: +CACHEDPARAM [/rosout_disable_topics_generation] by /rosbridge_websocket
[rosmaster.master][INFO] 2025-08-20 17:16:54,412: +SUB [/kelpie/imu] /rosbridge_websocket http://kelpie2:46423/
[rosmaster.master][INFO] 2025-08-20 17:16:54,416: +CACHEDPARAM [/rosout_disable_topics_generation] by /rosbridge_websocket
[rosmaster.master][INFO] 2025-08-20 17:17:02,071: +CACHEDPARAM [/rosout_disable_topics_generation] by /kelpie
[rosmaster.master][INFO] 2025-08-20 17:17:02,076: +CACHEDPARAM [/rosout_disable_topics_generation] by /kelpie
[rosmaster.master][INFO] 2025-08-20 17:17:02,082: +CACHEDPARAM [/rosout_disable_topics_generation] by /kelpie
[rosmaster.master][INFO] 2025-08-20 17:17:02,087: +CACHEDPARAM [/rosout_disable_topics_generation] by /kelpie
[rosmaster.master][INFO] 2025-08-20 17:17:02,093: +CACHEDPARAM [/rosout_disable_topics_generation] by /kelpie
[rosmaster.master][INFO] 2025-08-20 17:17:02,098: +CACHEDPARAM [/rosout_disable_topics_generation] by /kelpie
[rosmaster.master][INFO] 2025-08-20 17:17:02,103: +CACHEDPARAM [/rosout_disable_topics_generation] by /kelpie
[rosmaster.master][INFO] 2025-08-20 17:17:02,110: +CACHEDPARAM [/rosout_disable_topics_generation] by /kelpie
[rosmaster.master][INFO] 2025-08-20 17:17:02,115: +CACHEDPARAM [/rosout_disable_topics_generation] by /kelpie
[rosmaster.master][INFO] 2025-08-20 17:17:02,121: +CACHEDPARAM [/rosout_disable_topics_generation] by /kelpie
[rosmaster.master][INFO] 2025-08-20 17:17:02,126: +CACHEDPARAM [/rosout_disable_topics_generation] by /kelpie
[rosmaster.master][INFO] 2025-08-20 17:17:04,663: +CACHEDPARAM [/rosout_disable_topics_generation] by /kelpie
[rosmaster.master][INFO] 2025-08-20 17:17:04,667: +CACHEDPARAM [/rosout_disable_topics_generation] by /kelpie
[rosmaster.master][INFO] 2025-08-20 17:17:04,672: +CACHEDPARAM [/rosout_disable_topics_generation] by /kelpie
[rosmaster.master][INFO] 2025-08-20 17:17:04,677: +CACHEDPARAM [/rosout_disable_topics_generation] by /kelpie
[rosmaster.master][INFO] 2025-08-20 17:17:04,682: +CACHEDPARAM [/rosout_disable_topics_generation] by /kelpie
[rosmaster.master][INFO] 2025-08-20 17:17:04,687: +CACHEDPARAM [/rosout_disable_topics_generation] by /kelpie
[rosmaster.master][INFO] 2025-08-20 17:17:04,693: +CACHEDPARAM [/rosout_disable_topics_generation] by /kelpie
[rosmaster.master][INFO] 2025-08-20 17:17:04,699: +CACHEDPARAM [/rosout_disable_topics_generation] by /kelpie
[rosmaster.master][INFO] 2025-08-20 17:17:04,705: +CACHEDPARAM [/rosout_disable_topics_generation] by /kelpie
[rosmaster.master][INFO] 2025-08-20 17:17:04,711: +CACHEDPARAM [/rosout_disable_topics_generation] by /kelpie
[rosmaster.master][INFO] 2025-08-20 17:17:04,716: +CACHEDPARAM [/rosout_disable_topics_generation] by /kelpie
[rosmaster.master][INFO] 2025-08-20 17:17:17,936: +CACHEDPARAM [/rosout_disable_topics_generation] by /kelpie
[rosmaster.master][INFO] 2025-08-20 17:17:17,939: +CACHEDPARAM [/rosout_disable_topics_generation] by /kelpie
[rosmaster.master][INFO] 2025-08-20 17:17:17,945: +CACHEDPARAM [/rosout_disable_topics_generation] by /kelpie
[rosmaster.master][INFO] 2025-08-20 17:17:17,949: +CACHEDPARAM [/rosout_disable_topics_generation] by /kelpie
[rosmaster.master][INFO] 2025-08-20 17:17:17,954: +CACHEDPARAM [/rosout_disable_topics_generation] by /kelpie
[rosmaster.master][INFO] 2025-08-20 17:17:17,960: +CACHEDPARAM [/rosout_disable_topics_generation] by /kelpie
[rosmaster.master][INFO] 2025-08-20 17:17:17,966: +CACHEDPARAM [/rosout_disable_topics_generation] by /kelpie
[rosmaster.master][INFO] 2025-08-20 17:17:17,972: +CACHEDPARAM [/rosout_disable_topics_generation] by /kelpie
[rosmaster.master][INFO] 2025-08-20 17:17:17,978: +CACHEDPARAM [/rosout_disable_topics_generation] by /kelpie
[rosmaster.master][INFO] 2025-08-20 17:17:17,983: +CACHEDPARAM [/rosout_disable_topics_generation] by /kelpie
[rosmaster.master][INFO] 2025-08-20 17:17:17,989: +CACHEDPARAM [/rosout_disable_topics_generation] by /kelpie
[rosmaster.master][INFO] 2025-08-20 17:17:26,536: +CACHEDPARAM [/rosout_disable_topics_generation] by /kelpie
[rosmaster.master][INFO] 2025-08-20 17:17:26,540: +CACHEDPARAM [/rosout_disable_topics_generation] by /kelpie
[rosmaster.master][INFO] 2025-08-20 17:17:26,546: +CACHEDPARAM [/rosout_disable_topics_generation] by /kelpie
[rosmaster.master][INFO] 2025-08-20 17:17:26,551: +CACHEDPARAM [/rosout_disable_topics_generation] by /kelpie
[rosmaster.master][INFO] 2025-08-20 17:17:26,557: +CACHEDPARAM [/rosout_disable_topics_generation] by /kelpie
[rosmaster.master][INFO] 2025-08-20 17:17:26,563: +CACHEDPARAM [/rosout_disable_topics_generation] by /kelpie
[rosmaster.master][INFO] 2025-08-20 17:17:26,568: +CACHEDPARAM [/rosout_disable_topics_generation] by /kelpie
[rosmaster.master][INFO] 2025-08-20 17:17:26,574: +CACHEDPARAM [/rosout_disable_topics_generation] by /kelpie
[rosmaster.master][INFO] 2025-08-20 17:17:26,580: +CACHEDPARAM [/rosout_disable_topics_generation] by /kelpie
[rosmaster.master][INFO] 2025-08-20 17:17:26,584: +CACHEDPARAM [/rosout_disable_topics_generation] by /kelpie
[rosmaster.master][INFO] 2025-08-20 17:17:26,589: +CACHEDPARAM [/rosout_disable_topics_generation] by /kelpie
[rosmaster.master][INFO] 2025-08-20 17:17:32,712: +CACHEDPARAM [/rosout_disable_topics_generation] by /kelpie
[rosmaster.master][INFO] 2025-08-20 17:17:32,716: +CACHEDPARAM [/rosout_disable_topics_generation] by /kelpie
[rosmaster.master][INFO] 2025-08-20 17:17:32,721: +CACHEDPARAM [/rosout_disable_topics_generation] by /kelpie
[rosmaster.master][INFO] 2025-08-20 17:17:32,726: +CACHEDPARAM [/rosout_disable_topics_generation] by /kelpie
[rosmaster.master][INFO] 2025-08-20 17:17:32,731: +CACHEDPARAM [/rosout_disable_topics_generation] by /kelpie
[rosmaster.master][INFO] 2025-08-20 17:17:32,736: +CACHEDPARAM [/rosout_disable_topics_generation] by /kelpie
[rosmaster.master][INFO] 2025-08-20 17:17:32,742: +CACHEDPARAM [/rosout_disable_topics_generation] by /kelpie
[rosmaster.master][INFO] 2025-08-20 17:17:32,749: +CACHEDPARAM [/rosout_disable_topics_generation] by /kelpie
[rosmaster.master][INFO] 2025-08-20 17:17:32,754: +CACHEDPARAM [/rosout_disable_topics_generation] by /kelpie
[rosmaster.master][INFO] 2025-08-20 17:17:32,761: +CACHEDPARAM [/rosout_disable_topics_generation] by /kelpie
[rosmaster.master][INFO] 2025-08-20 17:17:32,766: +CACHEDPARAM [/rosout_disable_topics_generation] by /kelpie
[rosmaster.master][INFO] 2025-08-20 17:17:35,087: +CACHEDPARAM [/rosout_disable_topics_generation] by /kelpie
[rosmaster.master][INFO] 2025-08-20 17:17:35,091: +CACHEDPARAM [/rosout_disable_topics_generation] by /kelpie
[rosmaster.master][INFO] 2025-08-20 17:17:35,097: +CACHEDPARAM [/rosout_disable_topics_generation] by /kelpie
[rosmaster.master][INFO] 2025-08-20 17:17:35,102: +CACHEDPARAM [/rosout_disable_topics_generation] by /kelpie
[rosmaster.master][INFO] 2025-08-20 17:17:35,108: +CACHEDPARAM [/rosout_disable_topics_generation] by /kelpie
[rosmaster.master][INFO] 2025-08-20 17:17:35,113: +CACHEDPARAM [/rosout_disable_topics_generation] by /kelpie
[rosmaster.master][INFO] 2025-08-20 17:17:35,118: +CACHEDPARAM [/rosout_disable_topics_generation] by /kelpie
[rosmaster.master][INFO] 2025-08-20 17:17:35,124: +CACHEDPARAM [/rosout_disable_topics_generation] by /kelpie
[rosmaster.master][INFO] 2025-08-20 17:17:35,130: +CACHEDPARAM [/rosout_disable_topics_generation] by /kelpie
[rosmaster.master][INFO] 2025-08-20 17:17:35,135: +CACHEDPARAM [/rosout_disable_topics_generation] by /kelpie
[rosmaster.master][INFO] 2025-08-20 17:17:35,141: +CACHEDPARAM [/rosout_disable_topics_generation] by /kelpie
[rosmaster.master][INFO] 2025-08-20 17:17:37,346: +CACHEDPARAM [/rosout_disable_topics_generation] by /kelpie
[rosmaster.master][INFO] 2025-08-20 17:17:37,352: +CACHEDPARAM [/rosout_disable_topics_generation] by /kelpie
[rosmaster.master][INFO] 2025-08-20 17:17:37,358: +CACHEDPARAM [/rosout_disable_topics_generation] by /kelpie
[rosmaster.master][INFO] 2025-08-20 17:17:37,363: +CACHEDPARAM [/rosout_disable_topics_generation] by /kelpie
[rosmaster.master][INFO] 2025-08-20 17:17:37,368: +CACHEDPARAM [/rosout_disable_topics_generation] by /kelpie
[rosmaster.master][INFO] 2025-08-20 17:17:37,374: +CACHEDPARAM [/rosout_disable_topics_generation] by /kelpie
[rosmaster.master][INFO] 2025-08-20 17:17:37,380: +CACHEDPARAM [/rosout_disable_topics_generation] by /kelpie
[rosmaster.master][INFO] 2025-08-20 17:17:37,387: +CACHEDPARAM [/rosout_disable_topics_generation] by /kelpie
[rosmaster.master][INFO] 2025-08-20 17:17:37,392: +CACHEDPARAM [/rosout_disable_topics_generation] by /kelpie
[rosmaster.master][INFO] 2025-08-20 17:17:37,398: +CACHEDPARAM [/rosout_disable_topics_generation] by /kelpie
[rosmaster.master][INFO] 2025-08-20 17:17:37,404: +CACHEDPARAM [/rosout_disable_topics_generation] by /kelpie
[rosmaster.master][INFO] 2025-08-20 17:17:37,893: +CACHEDPARAM [/rosout_disable_topics_generation] by /kelpie
[rosmaster.master][INFO] 2025-08-20 17:17:37,897: +CACHEDPARAM [/rosout_disable_topics_generation] by /kelpie
[rosmaster.master][INFO] 2025-08-20 17:17:37,903: +CACHEDPARAM [/rosout_disable_topics_generation] by /kelpie
[rosmaster.master][INFO] 2025-08-20 17:17:37,908: +CACHEDPARAM [/rosout_disable_topics_generation] by /kelpie
[rosmaster.master][INFO] 2025-08-20 17:17:37,913: +CACHEDPARAM [/rosout_disable_topics_generation] by /kelpie
[rosmaster.master][INFO] 2025-08-20 17:17:37,918: +CACHEDPARAM [/rosout_disable_topics_generation] by /kelpie
[rosmaster.master][INFO] 2025-08-20 17:17:37,924: +CACHEDPARAM [/rosout_disable_topics_generation] by /kelpie
[rosmaster.master][INFO] 2025-08-20 17:17:37,930: +CACHEDPARAM [/rosout_disable_topics_generation] by /kelpie
[rosmaster.master][INFO] 2025-08-20 17:17:37,936: +CACHEDPARAM [/rosout_disable_topics_generation] by /kelpie
[rosmaster.master][INFO] 2025-08-20 17:17:37,941: +CACHEDPARAM [/rosout_disable_topics_generation] by /kelpie
[rosmaster.master][INFO] 2025-08-20 17:17:37,946: +CACHEDPARAM [/rosout_disable_topics_generation] by /kelpie
[rosmaster.master][INFO] 2025-08-20 17:17:39,779: +CACHEDPARAM [/rosout_disable_topics_generation] by /kelpie
[rosmaster.master][INFO] 2025-08-20 17:17:39,783: +CACHEDPARAM [/rosout_disable_topics_generation] by /kelpie
[rosmaster.master][INFO] 2025-08-20 17:17:39,789: +CACHEDPARAM [/rosout_disable_topics_generation] by /kelpie
[rosmaster.master][INFO] 2025-08-20 17:17:39,794: +CACHEDPARAM [/rosout_disable_topics_generation] by /kelpie
[rosmaster.master][INFO] 2025-08-20 17:17:39,799: +CACHEDPARAM [/rosout_disable_topics_generation] by /kelpie
[rosmaster.master][INFO] 2025-08-20 17:17:39,804: +CACHEDPARAM [/rosout_disable_topics_generation] by /kelpie
[rosmaster.master][INFO] 2025-08-20 17:17:39,809: +CACHEDPARAM [/rosout_disable_topics_generation] by /kelpie
[rosmaster.master][INFO] 2025-08-20 17:17:39,816: +CACHEDPARAM [/rosout_disable_topics_generation] by /kelpie
[rosmaster.master][INFO] 2025-08-20 17:17:39,821: +CACHEDPARAM [/rosout_disable_topics_generation] by /kelpie
[rosmaster.master][INFO] 2025-08-20 17:17:39,826: +CACHEDPARAM [/rosout_disable_topics_generation] by /kelpie
[rosmaster.master][INFO] 2025-08-20 17:17:39,831: +CACHEDPARAM [/rosout_disable_topics_generation] by /kelpie
[rosmaster.master][INFO] 2025-08-20 17:17:40,575: +CACHEDPARAM [/rosout_disable_topics_generation] by /kelpie
[rosmaster.master][INFO] 2025-08-20 17:17:40,579: +CACHEDPARAM [/rosout_disable_topics_generation] by /kelpie
[rosmaster.master][INFO] 2025-08-20 17:17:40,585: +CACHEDPARAM [/rosout_disable_topics_generation] by /kelpie
[rosmaster.master][INFO] 2025-08-20 17:17:40,590: +CACHEDPARAM [/rosout_disable_topics_generation] by /kelpie
[rosmaster.master][INFO] 2025-08-20 17:17:40,596: +CACHEDPARAM [/rosout_disable_topics_generation] by /kelpie
[rosmaster.master][INFO] 2025-08-20 17:17:40,601: +CACHEDPARAM [/rosout_disable_topics_generation] by /kelpie
[rosmaster.master][INFO] 2025-08-20 17:17:40,606: +CACHEDPARAM [/rosout_disable_topics_generation] by /kelpie
[rosmaster.master][INFO] 2025-08-20 17:17:40,613: +CACHEDPARAM [/rosout_disable_topics_generation] by /kelpie
[rosmaster.master][INFO] 2025-08-20 17:17:40,618: +CACHEDPARAM [/rosout_disable_topics_generation] by /kelpie
[rosmaster.master][INFO] 2025-08-20 17:17:40,624: +CACHEDPARAM [/rosout_disable_topics_generation] by /kelpie
[rosmaster.master][INFO] 2025-08-20 17:17:40,630: +CACHEDPARAM [/rosout_disable_topics_generation] by /kelpie
[rosmaster.master][INFO] 2025-08-20 17:17:41,157: +CACHEDPARAM [/rosout_disable_topics_generation] by /kelpie
[rosmaster.master][INFO] 2025-08-20 17:17:41,161: +CACHEDPARAM [/rosout_disable_topics_generation] by /kelpie
[rosmaster.master][INFO] 2025-08-20 17:17:41,166: +CACHEDPARAM [/rosout_disable_topics_generation] by /kelpie
[rosmaster.master][INFO] 2025-08-20 17:17:41,171: +CACHEDPARAM [/rosout_disable_topics_generation] by /kelpie
[rosmaster.master][INFO] 2025-08-20 17:17:41,176: +CACHEDPARAM [/rosout_disable_topics_generation] by /kelpie
[rosmaster.master][INFO] 2025-08-20 17:17:41,182: +CACHEDPARAM [/rosout_disable_topics_generation] by /kelpie
[rosmaster.master][INFO] 2025-08-20 17:17:41,188: +CACHEDPARAM [/rosout_disable_topics_generation] by /kelpie
[rosmaster.master][INFO] 2025-08-20 17:17:41,196: +CACHEDPARAM [/rosout_disable_topics_generation] by /kelpie
[rosmaster.master][INFO] 2025-08-20 17:17:41,201: +CACHEDPARAM [/rosout_disable_topics_generation] by /kelpie
[rosmaster.master][INFO] 2025-08-20 17:17:41,206: +CACHEDPARAM [/rosout_disable_topics_generation] by /kelpie
[rosmaster.master][INFO] 2025-08-20 17:17:41,211: +CACHEDPARAM [/rosout_disable_topics_generation] by /kelpie
[rosmaster.master][INFO] 2025-08-20 17:17:41,955: +CACHEDPARAM [/rosout_disable_topics_generation] by /kelpie
[rosmaster.master][INFO] 2025-08-20 17:17:41,959: +CACHEDPARAM [/rosout_disable_topics_generation] by /kelpie
[rosmaster.master][INFO] 2025-08-20 17:17:41,965: +CACHEDPARAM [/rosout_disable_topics_generation] by /kelpie
[rosmaster.master][INFO] 2025-08-20 17:17:41,970: +CACHEDPARAM [/rosout_disable_topics_generation] by /kelpie
[rosmaster.master][INFO] 2025-08-20 17:17:41,975: +CACHEDPARAM [/rosout_disable_topics_generation] by /kelpie
[rosmaster.master][INFO] 2025-08-20 17:17:41,980: +CACHEDPARAM [/rosout_disable_topics_generation] by /kelpie
[rosmaster.master][INFO] 2025-08-20 17:17:41,985: +CACHEDPARAM [/rosout_disable_topics_generation] by /kelpie
[rosmaster.master][INFO] 2025-08-20 17:17:41,992: +CACHEDPARAM [/rosout_disable_topics_generation] by /kelpie
[rosmaster.master][INFO] 2025-08-20 17:17:41,997: +CACHEDPARAM [/rosout_disable_topics_generation] by /kelpie
[rosmaster.master][INFO] 2025-08-20 17:17:42,002: +CACHEDPARAM [/rosout_disable_topics_generation] by /kelpie
[rosmaster.master][INFO] 2025-08-20 17:17:42,009: +CACHEDPARAM [/rosout_disable_topics_generation] by /kelpie
[rosmaster.master][INFO] 2025-08-20 17:17:43,224: +CACHEDPARAM [/rosout_disable_topics_generation] by /kelpie
[rosmaster.master][INFO] 2025-08-20 17:17:43,228: +CACHEDPARAM [/rosout_disable_topics_generation] by /kelpie
[rosmaster.master][INFO] 2025-08-20 17:17:43,234: +CACHEDPARAM [/rosout_disable_topics_generation] by /kelpie
[rosmaster.master][INFO] 2025-08-20 17:17:43,239: +CACHEDPARAM [/rosout_disable_topics_generation] by /kelpie
[rosmaster.master][INFO] 2025-08-20 17:17:43,245: +CACHEDPARAM [/rosout_disable_topics_generation] by /kelpie
[rosmaster.master][INFO] 2025-08-20 17:17:43,250: +CACHEDPARAM [/rosout_disable_topics_generation] by /kelpie
[rosmaster.master][INFO] 2025-08-20 17:17:43,255: +CACHEDPARAM [/rosout_disable_topics_generation] by /kelpie
[rosmaster.master][INFO] 2025-08-20 17:17:43,262: +CACHEDPARAM [/rosout_disable_topics_generation] by /kelpie
[rosmaster.master][INFO] 2025-08-20 17:17:43,268: +CACHEDPARAM [/rosout_disable_topics_generation] by /kelpie
[rosmaster.master][INFO] 2025-08-20 17:17:43,274: +CACHEDPARAM [/rosout_disable_topics_generation] by /kelpie
[rosmaster.master][INFO] 2025-08-20 17:17:43,279: +CACHEDPARAM [/rosout_disable_topics_generation] by /kelpie
[rosmaster.master][INFO] 2025-08-20 17:17:44,298: +CACHEDPARAM [/rosout_disable_topics_generation] by /kelpie
[rosmaster.master][INFO] 2025-08-20 17:17:44,302: +CACHEDPARAM [/rosout_disable_topics_generation] by /kelpie
[rosmaster.master][INFO] 2025-08-20 17:17:44,307: +CACHEDPARAM [/rosout_disable_topics_generation] by /kelpie
[rosmaster.master][INFO] 2025-08-20 17:17:44,313: +CACHEDPARAM [/rosout_disable_topics_generation] by /kelpie
[rosmaster.master][INFO] 2025-08-20 17:17:44,318: +CACHEDPARAM [/rosout_disable_topics_generation] by /kelpie
[rosmaster.master][INFO] 2025-08-20 17:17:44,323: +CACHEDPARAM [/rosout_disable_topics_generation] by /kelpie
[rosmaster.master][INFO] 2025-08-20 17:17:44,328: +CACHEDPARAM [/rosout_disable_topics_generation] by /kelpie
[rosmaster.master][INFO] 2025-08-20 17:17:44,335: +CACHEDPARAM [/rosout_disable_topics_generation] by /kelpie
[rosmaster.master][INFO] 2025-08-20 17:17:44,341: +CACHEDPARAM [/rosout_disable_topics_generation] by /kelpie
[rosmaster.master][INFO] 2025-08-20 17:17:44,346: +CACHEDPARAM [/rosout_disable_topics_generation] by /kelpie
[rosmaster.master][INFO] 2025-08-20 17:17:44,352: +CACHEDPARAM [/rosout_disable_topics_generation] by /kelpie
[rosmaster.master][INFO] 2025-08-20 17:17:45,241: +CACHEDPARAM [/rosout_disable_topics_generation] by /kelpie
[rosmaster.master][INFO] 2025-08-20 17:17:45,244: +CACHEDPARAM [/rosout_disable_topics_generation] by /kelpie
[rosmaster.master][INFO] 2025-08-20 17:17:45,250: +CACHEDPARAM [/rosout_disable_topics_generation] by /kelpie
[rosmaster.master][INFO] 2025-08-20 17:17:45,255: +CACHEDPARAM [/rosout_disable_topics_generation] by /kelpie
[rosmaster.master][INFO] 2025-08-20 17:17:45,260: +CACHEDPARAM [/rosout_disable_topics_generation] by /kelpie
[rosmaster.master][INFO] 2025-08-20 17:17:45,265: +CACHEDPARAM [/rosout_disable_topics_generation] by /kelpie
[rosmaster.master][INFO] 2025-08-20 17:17:45,271: +CACHEDPARAM [/rosout_disable_topics_generation] by /kelpie
[rosmaster.master][INFO] 2025-08-20 17:17:45,277: +CACHEDPARAM [/rosout_disable_topics_generation] by /kelpie
[rosmaster.master][INFO] 2025-08-20 17:17:45,283: +CACHEDPARAM [/rosout_disable_topics_generation] by /kelpie
[rosmaster.master][INFO] 2025-08-20 17:17:45,289: +CACHEDPARAM [/rosout_disable_topics_generation] by /kelpie
[rosmaster.master][INFO] 2025-08-20 17:17:45,295: +CACHEDPARAM [/rosout_disable_topics_generation] by /kelpie
[rosmaster.master][INFO] 2025-08-20 17:17:45,902: +CACHEDPARAM [/rosout_disable_topics_generation] by /kelpie
[rosmaster.master][INFO] 2025-08-20 17:17:45,906: +CACHEDPARAM [/rosout_disable_topics_generation] by /kelpie
[rosmaster.master][INFO] 2025-08-20 17:17:45,912: +CACHEDPARAM [/rosout_disable_topics_generation] by /kelpie
[rosmaster.master][INFO] 2025-08-20 17:17:45,917: +CACHEDPARAM [/rosout_disable_topics_generation] by /kelpie
[rosmaster.master][INFO] 2025-08-20 17:17:45,924: +CACHEDPARAM [/rosout_disable_topics_generation] by /kelpie
[rosmaster.master][INFO] 2025-08-20 17:17:45,929: +CACHEDPARAM [/rosout_disable_topics_generation] by /kelpie
[rosmaster.master][INFO] 2025-08-20 17:17:45,935: +CACHEDPARAM [/rosout_disable_topics_generation] by /kelpie
[rosmaster.master][INFO] 2025-08-20 17:17:45,942: +CACHEDPARAM [/rosout_disable_topics_generation] by /kelpie
[rosmaster.master][INFO] 2025-08-20 17:17:45,947: +CACHEDPARAM [/rosout_disable_topics_generation] by /kelpie
[rosmaster.master][INFO] 2025-08-20 17:17:45,952: +CACHEDPARAM [/rosout_disable_topics_generation] by /kelpie
[rosmaster.master][INFO] 2025-08-20 17:17:45,958: +CACHEDPARAM [/rosout_disable_topics_generation] by /kelpie
[rosmaster.master][INFO] 2025-08-20 17:17:46,941: +CACHEDPARAM [/rosout_disable_topics_generation] by /kelpie
[rosmaster.master][INFO] 2025-08-20 17:17:46,945: +CACHEDPARAM [/rosout_disable_topics_generation] by /kelpie
[rosmaster.master][INFO] 2025-08-20 17:17:46,951: +CACHEDPARAM [/rosout_disable_topics_generation] by /kelpie
[rosmaster.master][INFO] 2025-08-20 17:17:46,956: +CACHEDPARAM [/rosout_disable_topics_generation] by /kelpie
[rosmaster.master][INFO] 2025-08-20 17:17:46,961: +CACHEDPARAM [/rosout_disable_topics_generation] by /kelpie
[rosmaster.master][INFO] 2025-08-20 17:17:46,966: +CACHEDPARAM [/rosout_disable_topics_generation] by /kelpie
[rosmaster.master][INFO] 2025-08-20 17:17:46,971: +CACHEDPARAM [/rosout_disable_topics_generation] by /kelpie
[rosmaster.master][INFO] 2025-08-20 17:17:46,977: +CACHEDPARAM [/rosout_disable_topics_generation] by /kelpie
[rosmaster.master][INFO] 2025-08-20 17:17:46,983: +CACHEDPARAM [/rosout_disable_topics_generation] by /kelpie
[rosmaster.master][INFO] 2025-08-20 17:17:46,988: +CACHEDPARAM [/rosout_disable_topics_generation] by /kelpie
[rosmaster.master][INFO] 2025-08-20 17:17:46,993: +CACHEDPARAM [/rosout_disable_topics_generation] by /kelpie
[rosmaster.master][INFO] 2025-08-20 17:17:48,708: +CACHEDPARAM [/rosout_disable_topics_generation] by /kelpie
[rosmaster.master][INFO] 2025-08-20 17:17:48,712: +CACHEDPARAM [/rosout_disable_topics_generation] by /kelpie
[rosmaster.master][INFO] 2025-08-20 17:17:48,717: +CACHEDPARAM [/rosout_disable_topics_generation] by /kelpie
[rosmaster.master][INFO] 2025-08-20 17:17:48,721: +CACHEDPARAM [/rosout_disable_topics_generation] by /kelpie
[rosmaster.master][INFO] 2025-08-20 17:17:48,727: +CACHEDPARAM [/rosout_disable_topics_generation] by /kelpie
[rosmaster.master][INFO] 2025-08-20 17:17:48,731: +CACHEDPARAM [/rosout_disable_topics_generation] by /kelpie
[rosmaster.master][INFO] 2025-08-20 17:17:48,737: +CACHEDPARAM [/rosout_disable_topics_generation] by /kelpie
[rosmaster.master][INFO] 2025-08-20 17:17:48,742: +CACHEDPARAM [/rosout_disable_topics_generation] by /kelpie
[rosmaster.master][INFO] 2025-08-20 17:17:48,748: +CACHEDPARAM [/rosout_disable_topics_generation] by /kelpie
[rosmaster.master][INFO] 2025-08-20 17:17:48,756: +CACHEDPARAM [/rosout_disable_topics_generation] by /kelpie
[rosmaster.master][INFO] 2025-08-20 17:17:48,757: +CACHEDPARAM [/rosout_disable_topics_generation] by /hardware
[rosmaster.master][INFO] 2025-08-20 17:17:48,761: +CACHEDPARAM [/rosout_disable_topics_generation] by /kelpie
[rosmaster.master][INFO] 2025-08-20 17:17:48,766: +CACHEDPARAM [/rosout_disable_topics_generation] by /kelpie
[rosmaster.master][INFO] 2025-08-20 17:17:48,771: +CACHEDPARAM [/rosout_disable_topics_generation] by /kelpie
[rosmaster.master][INFO] 2025-08-20 17:17:48,776: +CACHEDPARAM [/rosout_disable_topics_generation] by /kelpie
[rosmaster.master][INFO] 2025-08-20 17:17:48,782: +CACHEDPARAM [/rosout_disable_topics_generation] by /kelpie
[rosmaster.master][INFO] 2025-08-20 17:17:48,787: +CACHEDPARAM [/rosout_disable_topics_generation] by /hardware
[rosmaster.master][INFO] 2025-08-20 17:17:49,590: +CACHEDPARAM [/rosout_disable_topics_generation] by /kelpie
[rosmaster.master][INFO] 2025-08-20 17:17:49,593: +CACHEDPARAM [/rosout_disable_topics_generation] by /kelpie
[rosmaster.master][INFO] 2025-08-20 17:17:49,599: +CACHEDPARAM [/rosout_disable_topics_generation] by /kelpie
[rosmaster.master][INFO] 2025-08-20 17:17:49,603: +CACHEDPARAM [/rosout_disable_topics_generation] by /kelpie
[rosmaster.master][INFO] 2025-08-20 17:17:49,609: +CACHEDPARAM [/rosout_disable_topics_generation] by /kelpie
[rosmaster.master][INFO] 2025-08-20 17:17:49,613: +CACHEDPARAM [/rosout_disable_topics_generation] by /kelpie
[rosmaster.master][INFO] 2025-08-20 17:17:59,689: +CACHEDPARAM [/rosout_disable_topics_generation] by /rosbridge_websocket
[rosmaster.master][INFO] 2025-08-20 17:17:59,697: -SUB [/kelpie/leg_control/joint_states] /rosbridge_websocket http://kelpie2:46423/
[rosmaster.master][INFO] 2025-08-20 17:17:59,702: -SUB [/kelpie/leg_control/currents] /rosbridge_websocket http://kelpie2:46423/
[rosmaster.master][INFO] 2025-08-20 17:17:59,707: -SUB [/kelpie/battery/voltage] /rosbridge_websocket http://kelpie2:46423/
[rosmaster.master][INFO] 2025-08-20 17:17:59,712: -SUB [/kelpie/imu] /rosbridge_websocket http://kelpie2:46423/
[rosmaster.master][INFO] 2025-08-20 17:17:59,781: +CACHEDPARAM [/rosout_disable_topics_generation] by /rosbridge_websocket
[rosmaster.master][INFO] 2025-08-20 17:17:59,847: +SUB [/kelpie/leg_control/joint_states] /rosbridge_websocket http://kelpie2:46423/
[rosmaster.master][INFO] 2025-08-20 17:17:59,852: +CACHEDPARAM [/rosout_disable_topics_generation] by /rosbridge_websocket
[rosmaster.master][INFO] 2025-08-20 17:17:59,867: +SUB [/kelpie/leg_control/currents] /rosbridge_websocket http://kelpie2:46423/
[rosmaster.master][INFO] 2025-08-20 17:17:59,871: +CACHEDPARAM [/rosout_disable_topics_generation] by /rosbridge_websocket
[rosmaster.master][INFO] 2025-08-20 17:17:59,886: +SUB [/kelpie/battery/voltage] /rosbridge_websocket http://kelpie2:46423/
[rosmaster.master][INFO] 2025-08-20 17:17:59,891: +CACHEDPARAM [/rosout_disable_topics_generation] by /rosbridge_websocket
[rosmaster.master][INFO] 2025-08-20 17:17:59,907: +SUB [/kelpie/imu] /rosbridge_websocket http://kelpie2:46423/
[rosmaster.master][INFO] 2025-08-20 17:17:59,912: +CACHEDPARAM [/rosout_disable_topics_generation] by /rosbridge_websocket
                                                                                                                                                                                                                                                                                                                                                                                                                                                                                                                                                                                                                                                                                                                                                                                                                                                                                                                                                                                                                                                                                                                                                                                                                                                                                                                                                                                                                                                                                                                                                                                                                                                                                                                                                                                                                                                                                                                                                                                                                                                                                                                                                                                                                                                                                                                                                                                                                                                                                                                                                                                                                                                                                                                                                                                                                                                                                                                                                                                                                                                                                                                                                                                                                                                                                                                                                                                                                                                                                                                                                                                                                                                                                                                                                                                                                                                                                                                                                                                                                                                                                                                                                                                                                                                       