

1755674017.202563259  Node Startup
1755674152.455345630 INFO /rosapi [rosapi_node:202(<module>)] [topics: /rosout] Rosapi started
1755674152.584078073 WARN /kelpie [Kinematics.py:87(leg_explicit_inverse_kinematics)] [topics: /kelpie/leg_control/currents, /kelpie/leg_control/joint_states, /kelpie/battery/voltage, /rosout, /kelpie/command_input, /kelpie/imu] target coordinate: [0.023000 -0.011378 -0.204073]
1755674153.178596258 INFO /rosbridge_websocket [rosbridge_websocket:312(<module>)] [topics: /rosout, /connected_clients, /client_count] Rosbridge WebSocket server started at ws://0.0.0.0:9090
1755674164.955417109 INFO /JOYSTICK [/tmp/binarydeb/ros-noetic-joy-1.15.1/src/joy_node.cpp:464(main)] [topics: /rosout, /diagnostics, /joy] Opened joystick: /dev/input/js0 (DualSense Wireless Controller). deadzone_: 0.050000.
1755674167.619618892 INFO /rosbridge_websocket [autobahn_websocket.py:195(RosbridgeWebSocket.onOpen)] [topics: /rosout, /connected_clients, /client_count] Client connected.  1 clients total.
1755674168.653003692 INFO /rosbridge_websocket [protocol.py:403(RosbridgeProtocol.log)] [topics: /rosout, /connected_clients, /kelpie/leg_control/joint_states, /client_count] [Client 0] Subscribed to /kelpie/leg_control/joint_states
1755674168.671749114 INFO /rosbridge_websocket [protocol.py:403(RosbridgeProtocol.log)] [topics: /rosout, /connected_clients, /client_count, /kelpie/leg_control/joint_states, /kelpie/leg_control/currents] [Client 0] Subscribed to /kelpie/leg_control/currents
1755674168.695813179 INFO /rosbridge_websocket [protocol.py:403(RosbridgeProtocol.log)] [topics: /rosout, /connected_clients, /client_count, /kelpie/battery/voltage, /kelpie/leg_control/joint_states, /kelpie/leg_control/currents] [Client 0] Subscribed to /kelpie/battery/voltage
1755674168.713885545 INFO /rosbridge_websocket [protocol.py:403(RosbridgeProtocol.log)] [topics: /rosout, /connected_clients, /client_count, /kelpie/battery/voltage, /kelpie/leg_control/joint_states, /kelpie/imu, /kelpie/leg_control/currents] [Client 0] Subscribed to /kelpie/imu
1755674171.941574335 INFO /kelpie [main_driver.py:114(KelpieDriver.run)] [topics: /kelpie/leg_control/currents, /kelpie/leg_control/joint_states, /kelpie/battery/voltage, /rosout, /kelpie/command_input, /kelpie/imu] BattVol0.0
1755674171.945249319 INFO /kelpie [main_driver.py:121(KelpieDriver.run)] [topics: /kelpie/leg_control/currents, /kelpie/leg_control/joint_states, /kelpie/battery/voltage, /rosout, /kelpie/command_input, /kelpie/imu] 
Command is: <gait_controller.Command.Command object at 0xffff84178b50>

1755674171.951068639 WARN /kelpie [Kinematics.py:87(leg_explicit_inverse_kinematics)] [topics: /kelpie/leg_control/currents, /kelpie/leg_control/joint_states, /kelpie/battery/voltage, /rosout, /kelpie/command_input, /kelpie/imu] target coordinate: [0.027000 -0.011378 -0.204073]
1755674171.956904649 WARN /kelpie [Kinematics.py:87(leg_explicit_inverse_kinematics)] [topics: /kelpie/leg_control/currents, /kelpie/leg_control/joint_states, /kelpie/battery/voltage, /rosout, /kelpie/command_input, /kelpie/imu] target coordinate: [0.027000 -0.011378 -0.204073]
1755674171.962072372 WARN /kelpie [Kinematics.py:87(leg_explicit_inverse_kinematics)] [topics: /kelpie/leg_control/currents, /kelpie/leg_control/joint_states, /kelpie/battery/voltage, /rosout, /kelpie/command_input, /kelpie/imu] target coordinate: [0.023000 -0.011378 -0.204073]
1755674171.967308282 WARN /kelpie [Kinematics.py:87(leg_explicit_inverse_kinematics)] [topics: /kelpie/leg_control/currents, /kelpie/leg_control/joint_states, /kelpie/battery/voltage, /rosout, /kelpie/command_input, /kelpie/imu] target coordinate: [0.023000 -0.011378 -0.204073]
1755674171.972687721 INFO /kelpie [main_driver.py:158(KelpieDriver.run)] [topics: /kelpie/leg_control/currents, /kelpie/leg_control/joint_states, /kelpie/battery/voltage, /rosout, /kelpie/command_input, /kelpie/imu] Manual Control deactivated. Now accepting external commands
1755674171.979221105 WARN /kelpie [Kinematics.py:87(leg_explicit_inverse_kinematics)] [topics: /kelpie/leg_control/currents, /kelpie/leg_control/joint_states, /kelpie/battery/voltage, /rosout, /kelpie/command_input, /kelpie/imu] target coordinate: [0.027000 -0.011378 -0.204073]
1755674171.984605550 WARN /kelpie [Kinematics.py:87(leg_explicit_inverse_kinematics)] [topics: /kelpie/leg_control/currents, /kelpie/leg_control/joint_states, /kelpie/battery/voltage, /rosout, /kelpie/command_input, /kelpie/imu] target coordinate: [0.027000 -0.011378 -0.204073]
1755674171.990174770 WARN /kelpie [Kinematics.py:87(leg_explicit_inverse_kinematics)] [topics: /kelpie/leg_control/currents, /kelpie/leg_control/joint_states, /kelpie/battery/voltage, /rosout, /kelpie/command_input, /kelpie/imu] target coordinate: [0.023000 -0.011378 -0.204073]
1755674171.996757745 WARN /kelpie [Kinematics.py:87(leg_explicit_inverse_kinematics)] [topics: /kelpie/leg_control/currents, /kelpie/leg_control/joint_states, /kelpie/battery/voltage, /rosout, /kelpie/command_input, /kelpie/imu] target coordinate: [0.023000 -0.011378 -0.204073]
1755674181.799517393 INFO /kelpie [main_driver.py:114(KelpieDriver.run)] [topics: /kelpie/leg_control/currents, /kelpie/leg_control/joint_states, /kelpie/battery/voltage, /rosout, /kelpie/command_input, /kelpie/imu] BattVol0.0
1755674181.803375005 INFO /kelpie [main_driver.py:121(KelpieDriver.run)] [topics: /kelpie/leg_control/currents, /kelpie/leg_control/joint_states, /kelpie/battery/voltage, /rosout, /kelpie/command_input, /kelpie/imu] 
Command is: <gait_controller.Command.Command object at 0xffff84178e50>

1755674181.809606075 WARN /kelpie [Kinematics.py:87(leg_explicit_inverse_kinematics)] [topics: /kelpie/leg_control/currents, /kelpie/leg_control/joint_states, /kelpie/battery/voltage, /rosout, /kelpie/command_input, /kelpie/imu] target coordinate: [0.027000 -0.011378 -0.204073]
1755674181.815601348 WARN /kelpie [Kinematics.py:87(leg_explicit_inverse_kinematics)] [topics: /kelpie/leg_control/currents, /kelpie/leg_control/joint_states, /kelpie/battery/voltage, /rosout, /kelpie/command_input, /kelpie/imu] target coordinate: [0.027000 -0.011378 -0.204073]
1755674181.821138620 WARN /kelpie [Kinematics.py:87(leg_explicit_inverse_kinematics)] [topics: /kelpie/leg_control/currents, /kelpie/leg_control/joint_states, /kelpie/battery/voltage, /rosout, /kelpie/command_input, /kelpie/imu] target coordinate: [0.023000 -0.011378 -0.204073]
1755674181.826611042 WARN /kelpie [Kinematics.py:87(leg_explicit_inverse_kinematics)] [topics: /kelpie/leg_control/currents, /kelpie/leg_control/joint_states, /kelpie/battery/voltage, /rosout, /kelpie/command_input, /kelpie/imu] target coordinate: [0.023000 -0.011378 -0.204073]
1755674181.832049369 INFO /kelpie [main_driver.py:158(KelpieDriver.run)] [topics: /kelpie/leg_control/currents, /kelpie/leg_control/joint_states, /kelpie/battery/voltage, /rosout, /kelpie/command_input, /kelpie/imu] Manual Control deactivated. Now accepting external commands
1755674181.838193893 WARN /kelpie [Kinematics.py:87(leg_explicit_inverse_kinematics)] [topics: /kelpie/leg_control/currents, /kelpie/leg_control/joint_states, /kelpie/battery/voltage, /rosout, /kelpie/command_input, /kelpie/imu] target coordinate: [0.027000 -0.011378 -0.204073]
1755674181.843237400 WARN /kelpie [Kinematics.py:87(leg_explicit_inverse_kinematics)] [topics: /kelpie/leg_control/currents, /kelpie/leg_control/joint_states, /kelpie/battery/voltage, /rosout, /kelpie/command_input, /kelpie/imu] target coordinate: [0.027000 -0.011378 -0.204073]
1755674181.848079681 WARN /kelpie [Kinematics.py:87(leg_explicit_inverse_kinematics)] [topics: /kelpie/leg_control/currents, /kelpie/leg_control/joint_states, /kelpie/battery/voltage, /rosout, /kelpie/command_input, /kelpie/imu] target coordinate: [0.023000 -0.011378 -0.204073]
1755674181.852957963 WARN /kelpie [Kinematics.py:87(leg_explicit_inverse_kinematics)] [topics: /kelpie/leg_control/currents, /kelpie/leg_control/joint_states, /kelpie/battery/voltage, /rosout, /kelpie/command_input, /kelpie/imu] target coordinate: [0.023000 -0.011378 -0.204073]
1755674192.261643886 INFO /kelpie [main_driver.py:114(KelpieDriver.run)] [topics: /kelpie/leg_control/currents, /kelpie/leg_control/joint_states, /kelpie/battery/voltage, /rosout, /kelpie/command_input, /kelpie/imu] BattVol0.0
1755674192.265971899 INFO /kelpie [main_driver.py:121(KelpieDriver.run)] [topics: /kelpie/leg_control/currents, /kelpie/leg_control/joint_states, /kelpie/battery/voltage, /rosout, /kelpie/command_input, /kelpie/imu] 
Command is: <gait_controller.Command.Command object at 0xffff84178c40>

1755674192.272387742 WARN /kelpie [Kinematics.py:87(leg_explicit_inverse_kinematics)] [topics: /kelpie/leg_control/currents, /kelpie/leg_control/joint_states, /kelpie/battery/voltage, /rosout, /kelpie/command_input, /kelpie/imu] target coordinate: [0.027000 -0.011378 -0.204073]
1755674192.277689933 WARN /kelpie [Kinematics.py:87(leg_explicit_inverse_kinematics)] [topics: /kelpie/leg_control/currents, /kelpie/leg_control/joint_states, /kelpie/battery/voltage, /rosout, /kelpie/command_input, /kelpie/imu] target coordinate: [0.027000 -0.011378 -0.204073]
1755674192.283089637 WARN /kelpie [Kinematics.py:87(leg_explicit_inverse_kinematics)] [topics: /kelpie/leg_control/currents, /kelpie/leg_control/joint_states, /kelpie/battery/voltage, /rosout, /kelpie/command_input, /kelpie/imu] target coordinate: [0.023000 -0.011378 -0.204073]
1755674192.288412809 WARN /kelpie [Kinematics.py:87(leg_explicit_inverse_kinematics)] [topics: /kelpie/leg_control/currents, /kelpie/leg_control/joint_states, /kelpie/battery/voltage, /rosout, /kelpie/command_input, /kelpie/imu] target coordinate: [0.023000 -0.011378 -0.204073]
1755674192.293615579 INFO /kelpie [main_driver.py:158(KelpieDriver.run)] [topics: /kelpie/leg_control/currents, /kelpie/leg_control/joint_states, /kelpie/battery/voltage, /rosout, /kelpie/command_input, /kelpie/imu] Manual Control deactivated. Now accepting external commands
1755674192.299932956 WARN /kelpie [Kinematics.py:87(leg_explicit_inverse_kinematics)] [topics: /kelpie/leg_control/currents, /kelpie/leg_control/joint_states, /kelpie/battery/voltage, /rosout, /kelpie/command_input, /kelpie/imu] target coordinate: [0.027000 -0.011378 -0.204073]
1755674192.305192708 WARN /kelpie [Kinematics.py:87(leg_explicit_inverse_kinematics)] [topics: /kelpie/leg_control/currents, /kelpie/leg_control/joint_states, /kelpie/battery/voltage, /rosout, /kelpie/command_input, /kelpie/imu] target coordinate: [0.027000 -0.011378 -0.204073]
1755674192.310058355 WARN /kelpie [Kinematics.py:87(leg_explicit_inverse_kinematics)] [topics: /kelpie/leg_control/currents, /kelpie/leg_control/joint_states, /kelpie/battery/voltage, /rosout, /kelpie/command_input, /kelpie/imu] target coordinate: [0.023000 -0.011378 -0.204073]
1755674192.314887285 WARN /kelpie [Kinematics.py:87(leg_explicit_inverse_kinematics)] [topics: /kelpie/leg_control/currents, /kelpie/leg_control/joint_states, /kelpie/battery/voltage, /rosout, /kelpie/command_input, /kelpie/imu] target coordinate: [0.023000 -0.011378 -0.204073]
1755674197.883861780 INFO /kelpie [main_driver.py:114(KelpieDriver.run)] [topics: /kelpie/leg_control/currents, /kelpie/leg_control/joint_states, /kelpie/battery/voltage, /rosout, /kelpie/command_input, /kelpie/imu] BattVol0.0
1755674197.887398719 INFO /kelpie [main_driver.py:121(KelpieDriver.run)] [topics: /kelpie/leg_control/currents, /kelpie/leg_control/joint_states, /kelpie/battery/voltage, /rosout, /kelpie/command_input, /kelpie/imu] 
Command is: <gait_controller.Command.Command object at 0xffff84178eb0>

1755674197.892846345 WARN /kelpie [Kinematics.py:87(leg_explicit_inverse_kinematics)] [topics: /kelpie/leg_control/currents, /kelpie/leg_control/joint_states, /kelpie/battery/voltage, /rosout, /kelpie/command_input, /kelpie/imu] target coordinate: [0.027000 -0.011378 -0.204073]
1755674197.897931814 WARN /kelpie [Kinematics.py:87(leg_explicit_inverse_kinematics)] [topics: /kelpie/leg_control/currents, /kelpie/leg_control/joint_states, /kelpie/battery/voltage, /rosout, /kelpie/command_input, /kelpie/imu] target coordinate: [0.027000 -0.011378 -0.204073]
1755674197.904119253 WARN /kelpie [Kinematics.py:87(leg_explicit_inverse_kinematics)] [topics: /kelpie/leg_control/currents, /kelpie/leg_control/joint_states, /kelpie/battery/voltage, /rosout, /kelpie/command_input, /kelpie/imu] target coordinate: [0.023000 -0.011378 -0.204073]
1755674197.910465002 WARN /kelpie [Kinematics.py:87(leg_explicit_inverse_kinematics)] [topics: /kelpie/leg_control/currents, /kelpie/leg_control/joint_states, /kelpie/battery/voltage, /rosout, /kelpie/command_input, /kelpie/imu] target coordinate: [0.023000 -0.011378 -0.204073]
1755674197.916028261 INFO /kelpie [main_driver.py:158(KelpieDriver.run)] [topics: /kelpie/leg_control/currents, /kelpie/leg_control/joint_states, /kelpie/battery/voltage, /rosout, /kelpie/command_input, /kelpie/imu] Manual Control deactivated. Now accepting external commands
1755674197.922339916 WARN /kelpie [Kinematics.py:87(leg_explicit_inverse_kinematics)] [topics: /kelpie/leg_control/currents, /kelpie/leg_control/joint_states, /kelpie/battery/voltage, /rosout, /kelpie/command_input, /kelpie/imu] target coordinate: [0.027000 -0.011378 -0.204073]
1755674197.927408933 WARN /kelpie [Kinematics.py:87(leg_explicit_inverse_kinematics)] [topics: /kelpie/leg_control/currents, /kelpie/leg_control/joint_states, /kelpie/battery/voltage, /rosout, /kelpie/command_input, /kelpie/imu] target coordinate: [0.027000 -0.011378 -0.204073]
1755674197.932278871 WARN /kelpie [Kinematics.py:87(leg_explicit_inverse_kinematics)] [topics: /kelpie/leg_control/currents, /kelpie/leg_control/joint_states, /kelpie/battery/voltage, /rosout, /kelpie/command_input, /kelpie/imu] target coordinate: [0.023000 -0.011378 -0.204073]
1755674197.937259435 WARN /kelpie [Kinematics.py:87(leg_explicit_inverse_kinematics)] [topics: /kelpie/leg_control/currents, /kelpie/leg_control/joint_states, /kelpie/battery/voltage, /rosout, /kelpie/command_input, /kelpie/imu] target coordinate: [0.023000 -0.011378 -0.204073]
1755674214.198267459 INFO /rosbridge_websocket [autobahn_websocket.py:255(RosbridgeWebSocket.onClose)] [topics: /rosout, /connected_clients, /client_count, /kelpie/battery/voltage, /kelpie/leg_control/joint_states, /kelpie/imu, /kelpie/leg_control/currents] Client disconnected. 0 clients total.
1755674214.301935672 INFO /rosbridge_websocket [autobahn_websocket.py:195(RosbridgeWebSocket.onOpen)] [topics: /rosout, /connected_clients, /client_count] Client connected.  1 clients total.
1755674214.365443944 INFO /rosbridge_websocket [protocol.py:403(RosbridgeProtocol.log)] [topics: /rosout, /connected_clients, /kelpie/leg_control/joint_states, /client_count] [Client 1] Subscribed to /kelpie/leg_control/joint_states
1755674214.381029605 INFO /rosbridge_websocket [protocol.py:403(RosbridgeProtocol.log)] [topics: /rosout, /connected_clients, /client_count, /kelpie/leg_control/joint_states, /kelpie/leg_control/currents] [Client 1] Subscribed to /kelpie/leg_control/currents
1755674214.400139570 INFO /rosbridge_websocket [protocol.py:403(RosbridgeProtocol.log)] [topics: /rosout, /connected_clients, /client_count, /kelpie/battery/voltage, /kelpie/leg_control/joint_states, /kelpie/leg_control/currents] [Client 1] Subscribed to /kelpie/battery/voltage
1755674214.418502092 INFO /rosbridge_websocket [protocol.py:403(RosbridgeProtocol.log)] [topics: /rosout, /connected_clients, /client_count, /kelpie/battery/voltage, /kelpie/leg_control/joint_states, /kelpie/imu, /kelpie/leg_control/currents] [Client 1] Subscribed to /kelpie/imu
1755674222.073564767 INFO /kelpie [main_driver.py:114(KelpieDriver.run)] [topics: /kelpie/leg_control/currents, /kelpie/leg_control/joint_states, /kelpie/battery/voltage, /rosout, /kelpie/command_input, /kelpie/imu] BattVol0.0
1755674222.077646255 INFO /kelpie [main_driver.py:121(KelpieDriver.run)] [topics: /kelpie/leg_control/currents, /kelpie/leg_control/joint_states, /kelpie/battery/voltage, /rosout, /kelpie/command_input, /kelpie/imu] 
Command is: <gait_controller.Command.Command object at 0xffff84178b50>

1755674222.083836555 WARN /kelpie [Kinematics.py:87(leg_explicit_inverse_kinematics)] [topics: /kelpie/leg_control/currents, /kelpie/leg_control/joint_states, /kelpie/battery/voltage, /rosout, /kelpie/command_input, /kelpie/imu] target coordinate: [0.027000 -0.011378 -0.204073]
1755674222.089034557 WARN /kelpie [Kinematics.py:87(leg_explicit_inverse_kinematics)] [topics: /kelpie/leg_control/currents, /kelpie/leg_control/joint_states, /kelpie/battery/voltage, /rosout, /kelpie/command_input, /kelpie/imu] target coordinate: [0.027000 -0.011378 -0.204073]
1755674222.094867467 WARN /kelpie [Kinematics.py:87(leg_explicit_inverse_kinematics)] [topics: /kelpie/leg_control/currents, /kelpie/leg_control/joint_states, /kelpie/battery/voltage, /rosout, /kelpie/command_input, /kelpie/imu] target coordinate: [0.023000 -0.011378 -0.204073]
1755674222.100101470 WARN /kelpie [Kinematics.py:87(leg_explicit_inverse_kinematics)] [topics: /kelpie/leg_control/currents, /kelpie/leg_control/joint_states, /kelpie/battery/voltage, /rosout, /kelpie/command_input, /kelpie/imu] target coordinate: [0.023000 -0.011378 -0.204073]
1755674222.105660915 INFO /kelpie [main_driver.py:158(KelpieDriver.run)] [topics: /kelpie/leg_control/currents, /kelpie/leg_control/joint_states, /kelpie/battery/voltage, /rosout, /kelpie/command_input, /kelpie/imu] Manual Control deactivated. Now accepting external commands
1755674222.112340688 WARN /kelpie [Kinematics.py:87(leg_explicit_inverse_kinematics)] [topics: /kelpie/leg_control/currents, /kelpie/leg_control/joint_states, /kelpie/battery/voltage, /rosout, /kelpie/command_input, /kelpie/imu] target coordinate: [0.027000 -0.011378 -0.204073]
1755674222.117789030 WARN /kelpie [Kinematics.py:87(leg_explicit_inverse_kinematics)] [topics: /kelpie/leg_control/currents, /kelpie/leg_control/joint_states, /kelpie/battery/voltage, /rosout, /kelpie/command_input, /kelpie/imu] target coordinate: [0.027000 -0.011378 -0.204073]
1755674222.122952699 WARN /kelpie [Kinematics.py:87(leg_explicit_inverse_kinematics)] [topics: /kelpie/leg_control/currents, /kelpie/leg_control/joint_states, /kelpie/battery/voltage, /rosout, /kelpie/command_input, /kelpie/imu] target coordinate: [0.023000 -0.011378 -0.204073]
1755674222.128513097 WARN /kelpie [Kinematics.py:87(leg_explicit_inverse_kinematics)] [topics: /kelpie/leg_control/currents, /kelpie/leg_control/joint_states, /kelpie/battery/voltage, /rosout, /kelpie/command_input, /kelpie/imu] target coordinate: [0.023000 -0.011378 -0.204073]
1755674224.664992094 INFO /kelpie [main_driver.py:114(KelpieDriver.run)] [topics: /kelpie/leg_control/currents, /kelpie/leg_control/joint_states, /kelpie/battery/voltage, /rosout, /kelpie/command_input, /kelpie/imu] BattVol0.0
1755674224.668647766 INFO /kelpie [main_driver.py:121(KelpieDriver.run)] [topics: /kelpie/leg_control/currents, /kelpie/leg_control/joint_states, /kelpie/battery/voltage, /rosout, /kelpie/command_input, /kelpie/imu] 
Command is: <gait_controller.Command.Command object at 0xffff84178eb0>

1755674224.674431800 WARN /kelpie [Kinematics.py:87(leg_explicit_inverse_kinematics)] [topics: /kelpie/leg_control/currents, /kelpie/leg_control/joint_states, /kelpie/battery/voltage, /rosout, /kelpie/command_input, /kelpie/imu] target coordinate: [0.027000 -0.011378 -0.204073]
1755674224.679496765 WARN /kelpie [Kinematics.py:87(leg_explicit_inverse_kinematics)] [topics: /kelpie/leg_control/currents, /kelpie/leg_control/joint_states, /kelpie/battery/voltage, /rosout, /kelpie/command_input, /kelpie/imu] target coordinate: [0.027000 -0.011378 -0.204073]
1755674224.684394121 WARN /kelpie [Kinematics.py:87(leg_explicit_inverse_kinematics)] [topics: /kelpie/leg_control/currents, /kelpie/leg_control/joint_states, /kelpie/battery/voltage, /rosout, /kelpie/command_input, /kelpie/imu] target coordinate: [0.023000 -0.011378 -0.204073]
1755674224.689450740 WARN /kelpie [Kinematics.py:87(leg_explicit_inverse_kinematics)] [topics: /kelpie/leg_control/currents, /kelpie/leg_control/joint_states, /kelpie/battery/voltage, /rosout, /kelpie/command_input, /kelpie/imu] target coordinate: [0.023000 -0.011378 -0.204073]
1755674224.695260047 INFO /kelpie [main_driver.py:158(KelpieDriver.run)] [topics: /kelpie/leg_control/currents, /kelpie/leg_control/joint_states, /kelpie/battery/voltage, /rosout, /kelpie/command_input, /kelpie/imu] Manual Control deactivated. Now accepting external commands
1755674224.701483726 WARN /kelpie [Kinematics.py:87(leg_explicit_inverse_kinematics)] [topics: /kelpie/leg_control/currents, /kelpie/leg_control/joint_states, /kelpie/battery/voltage, /rosout, /kelpie/command_input, /kelpie/imu] target coordinate: [0.027000 -0.011378 -0.204073]
1755674224.706637859 WARN /kelpie [Kinematics.py:87(leg_explicit_inverse_kinematics)] [topics: /kelpie/leg_control/currents, /kelpie/leg_control/joint_states, /kelpie/battery/voltage, /rosout, /kelpie/command_input, /kelpie/imu] target coordinate: [0.027000 -0.011378 -0.204073]
1755674224.712656736 WARN /kelpie [Kinematics.py:87(leg_explicit_inverse_kinematics)] [topics: /kelpie/leg_control/currents, /kelpie/leg_control/joint_states, /kelpie/battery/voltage, /rosout, /kelpie/command_input, /kelpie/imu] target coordinate: [0.023000 -0.011378 -0.204073]
1755674224.718245029 WARN /kelpie [Kinematics.py:87(leg_explicit_inverse_kinematics)] [topics: /kelpie/leg_control/currents, /kelpie/leg_control/joint_states, /kelpie/battery/voltage, /rosout, /kelpie/command_input, /kelpie/imu] target coordinate: [0.023000 -0.011378 -0.204073]
1755674237.937563896 INFO /kelpie [main_driver.py:114(KelpieDriver.run)] [topics: /kelpie/leg_control/currents, /kelpie/leg_control/joint_states, /kelpie/battery/voltage, /rosout, /kelpie/command_input, /kelpie/imu] BattVol0.0
1755674237.941120862 INFO /kelpie [main_driver.py:121(KelpieDriver.run)] [topics: /kelpie/leg_control/currents, /kelpie/leg_control/joint_states, /kelpie/battery/voltage, /rosout, /kelpie/command_input, /kelpie/imu] 
Command is: <gait_controller.Command.Command object at 0xffff84178ac0>

1755674237.946583986 WARN /kelpie [Kinematics.py:87(leg_explicit_inverse_kinematics)] [topics: /kelpie/leg_control/currents, /kelpie/leg_control/joint_states, /kelpie/battery/voltage, /rosout, /kelpie/command_input, /kelpie/imu] target coordinate: [0.027000 -0.011378 -0.204073]
1755674237.951502323 WARN /kelpie [Kinematics.py:87(leg_explicit_inverse_kinematics)] [topics: /kelpie/leg_control/currents, /kelpie/leg_control/joint_states, /kelpie/battery/voltage, /rosout, /kelpie/command_input, /kelpie/imu] target coordinate: [0.027000 -0.011378 -0.204073]
1755674237.956586122 WARN /kelpie [Kinematics.py:87(leg_explicit_inverse_kinematics)] [topics: /kelpie/leg_control/currents, /kelpie/leg_control/joint_states, /kelpie/battery/voltage, /rosout, /kelpie/command_input, /kelpie/imu] target coordinate: [0.023000 -0.011378 -0.204073]
1755674237.962275505 WARN /kelpie [Kinematics.py:87(leg_explicit_inverse_kinematics)] [topics: /kelpie/leg_control/currents, /kelpie/leg_control/joint_states, /kelpie/battery/voltage, /rosout, /kelpie/command_input, /kelpie/imu] target coordinate: [0.023000 -0.011378 -0.204073]
1755674237.968199253 INFO /kelpie [main_driver.py:158(KelpieDriver.run)] [topics: /kelpie/leg_control/currents, /kelpie/leg_control/joint_states, /kelpie/battery/voltage, /rosout, /kelpie/command_input, /kelpie/imu] Manual Control deactivated. Now accepting external commands
1755674237.974434375 WARN /kelpie [Kinematics.py:87(leg_explicit_inverse_kinematics)] [topics: /kelpie/leg_control/currents, /kelpie/leg_control/joint_states, /kelpie/battery/voltage, /rosout, /kelpie/command_input, /kelpie/imu] target coordinate: [0.027000 -0.011378 -0.204073]
1755674237.980006933 WARN /kelpie [Kinematics.py:87(leg_explicit_inverse_kinematics)] [topics: /kelpie/leg_control/currents, /kelpie/leg_control/joint_states, /kelpie/battery/voltage, /rosout, /kelpie/command_input, /kelpie/imu] target coordinate: [0.027000 -0.011378 -0.204073]
1755674237.985632658 WARN /kelpie [Kinematics.py:87(leg_explicit_inverse_kinematics)] [topics: /kelpie/leg_control/currents, /kelpie/leg_control/joint_states, /kelpie/battery/voltage, /rosout, /kelpie/command_input, /kelpie/imu] target coordinate: [0.023000 -0.011378 -0.204073]
1755674237.991304397 WARN /kelpie [Kinematics.py:87(leg_explicit_inverse_kinematics)] [topics: /kelpie/leg_control/currents, /kelpie/leg_control/joint_states, /kelpie/battery/voltage, /rosout, /kelpie/command_input, /kelpie/imu] target coordinate: [0.023000 -0.011378 -0.204073]
1755674246.538127660 INFO /kelpie [main_driver.py:114(KelpieDriver.run)] [topics: /kelpie/leg_control/currents, /kelpie/leg_control/joint_states, /kelpie/battery/voltage, /rosout, /kelpie/command_input, /kelpie/imu] BattVol0.0
1755674246.541735410 INFO /kelpie [main_driver.py:121(KelpieDriver.run)] [topics: /kelpie/leg_control/currents, /kelpie/leg_control/joint_states, /kelpie/battery/voltage, /rosout, /kelpie/command_input, /kelpie/imu] 
Command is: <gait_controller.Command.Command object at 0xffff84178e80>

1755674246.547794580 WARN /kelpie [Kinematics.py:87(leg_explicit_inverse_kinematics)] [topics: /kelpie/leg_control/currents, /kelpie/leg_control/joint_states, /kelpie/battery/voltage, /rosout, /kelpie/command_input, /kelpie/imu] target coordinate: [0.027000 -0.011378 -0.204073]
1755674246.553004980 WARN /kelpie [Kinematics.py:87(leg_explicit_inverse_kinematics)] [topics: /kelpie/leg_control/currents, /kelpie/leg_control/joint_states, /kelpie/battery/voltage, /rosout, /kelpie/command_input, /kelpie/imu] target coordinate: [0.027000 -0.011378 -0.204073]
1755674246.559121131 WARN /kelpie [Kinematics.py:87(leg_explicit_inverse_kinematics)] [topics: /kelpie/leg_control/currents, /kelpie/leg_control/joint_states, /kelpie/battery/voltage, /rosout, /kelpie/command_input, /kelpie/imu] target coordinate: [0.023000 -0.011378 -0.204073]
1755674246.565204620 WARN /kelpie [Kinematics.py:87(leg_explicit_inverse_kinematics)] [topics: /kelpie/leg_control/currents, /kelpie/leg_control/joint_states, /kelpie/battery/voltage, /rosout, /kelpie/command_input, /kelpie/imu] target coordinate: [0.023000 -0.011378 -0.204073]
1755674246.570467472 INFO /kelpie [main_driver.py:158(KelpieDriver.run)] [topics: /kelpie/leg_control/currents, /kelpie/leg_control/joint_states, /kelpie/battery/voltage, /rosout, /kelpie/command_input, /kelpie/imu] Manual Control deactivated. Now accepting external commands
1755674246.576562166 WARN /kelpie [Kinematics.py:87(leg_explicit_inverse_kinematics)] [topics: /kelpie/leg_control/currents, /kelpie/leg_control/joint_states, /kelpie/battery/voltage, /rosout, /kelpie/command_input, /kelpie/imu] target coordinate: [0.027000 -0.011378 -0.204073]
1755674246.581506013 WARN /kelpie [Kinematics.py:87(leg_explicit_inverse_kinematics)] [topics: /kelpie/leg_control/currents, /kelpie/leg_control/joint_states, /kelpie/battery/voltage, /rosout, /kelpie/command_input, /kelpie/imu] target coordinate: [0.027000 -0.011378 -0.204073]
1755674246.586439132 WARN /kelpie [Kinematics.py:87(leg_explicit_inverse_kinematics)] [topics: /kelpie/leg_control/currents, /kelpie/leg_control/joint_states, /kelpie/battery/voltage, /rosout, /kelpie/command_input, /kelpie/imu] target coordinate: [0.023000 -0.011378 -0.204073]
1755674246.591367959 WARN /kelpie [Kinematics.py:87(leg_explicit_inverse_kinematics)] [topics: /kelpie/leg_control/currents, /kelpie/leg_control/joint_states, /kelpie/battery/voltage, /rosout, /kelpie/command_input, /kelpie/imu] target coordinate: [0.023000 -0.011378 -0.204073]
1755674252.713823318 INFO /kelpie [main_driver.py:114(KelpieDriver.run)] [topics: /kelpie/leg_control/currents, /kelpie/leg_control/joint_states, /kelpie/battery/voltage, /rosout, /kelpie/command_input, /kelpie/imu] BattVol0.0
1755674252.717413425 INFO /kelpie [main_driver.py:121(KelpieDriver.run)] [topics: /kelpie/leg_control/currents, /kelpie/leg_control/joint_states, /kelpie/battery/voltage, /rosout, /kelpie/command_input, /kelpie/imu] 
Command is: <gait_controller.Command.Command object at 0xffff84178e50>

1755674252.723077058 WARN /kelpie [Kinematics.py:87(leg_explicit_inverse_kinematics)] [topics: /kelpie/leg_control/currents, /kelpie/leg_control/joint_states, /kelpie/battery/voltage, /rosout, /kelpie/command_input, /kelpie/imu] target coordinate: [0.027000 -0.011378 -0.204073]
1755674252.728331089 WARN /kelpie [Kinematics.py:87(leg_explicit_inverse_kinematics)] [topics: /kelpie/leg_control/currents, /kelpie/leg_control/joint_states, /kelpie/battery/voltage, /rosout, /kelpie/command_input, /kelpie/imu] target coordinate: [0.027000 -0.011378 -0.204073]
1755674252.733322381 WARN /kelpie [Kinematics.py:87(leg_explicit_inverse_kinematics)] [topics: /kelpie/leg_control/currents, /kelpie/leg_control/joint_states, /kelpie/battery/voltage, /rosout, /kelpie/command_input, /kelpie/imu] target coordinate: [0.023000 -0.011378 -0.204073]
1755674252.738260030 WARN /kelpie [Kinematics.py:87(leg_explicit_inverse_kinematics)] [topics: /kelpie/leg_control/currents, /kelpie/leg_control/joint_states, /kelpie/battery/voltage, /rosout, /kelpie/command_input, /kelpie/imu] target coordinate: [0.023000 -0.011378 -0.204073]
1755674252.744461536 INFO /kelpie [main_driver.py:158(KelpieDriver.run)] [topics: /kelpie/leg_control/currents, /kelpie/leg_control/joint_states, /kelpie/battery/voltage, /rosout, /kelpie/command_input, /kelpie/imu] Manual Control deactivated. Now accepting external commands
1755674252.751148700 WARN /kelpie [Kinematics.py:87(leg_explicit_inverse_kinematics)] [topics: /kelpie/leg_control/currents, /kelpie/leg_control/joint_states, /kelpie/battery/voltage, /rosout, /kelpie/command_input, /kelpie/imu] target coordinate: [0.027000 -0.011378 -0.204073]
1755674252.756395578 WARN /kelpie [Kinematics.py:87(leg_explicit_inverse_kinematics)] [topics: /kelpie/leg_control/currents, /kelpie/leg_control/joint_states, /kelpie/battery/voltage, /rosout, /kelpie/command_input, /kelpie/imu] target coordinate: [0.027000 -0.011378 -0.204073]
1755674252.762948274 WARN /kelpie [Kinematics.py:87(leg_explicit_inverse_kinematics)] [topics: /kelpie/leg_control/currents, /kelpie/leg_control/joint_states, /kelpie/battery/voltage, /rosout, /kelpie/command_input, /kelpie/imu] target coordinate: [0.023000 -0.011378 -0.204073]
1755674252.768252611 WARN /kelpie [Kinematics.py:87(leg_explicit_inverse_kinematics)] [topics: /kelpie/leg_control/currents, /kelpie/leg_control/joint_states, /kelpie/battery/voltage, /rosout, /kelpie/command_input, /kelpie/imu] target coordinate: [0.023000 -0.011378 -0.204073]
1755674255.088867187 INFO /kelpie [main_driver.py:114(KelpieDriver.run)] [topics: /kelpie/leg_control/currents, /kelpie/leg_control/joint_states, /kelpie/battery/voltage, /rosout, /kelpie/command_input, /kelpie/imu] BattVol0.0
1755674255.092922687 INFO /kelpie [main_driver.py:121(KelpieDriver.run)] [topics: /kelpie/leg_control/currents, /kelpie/leg_control/joint_states, /kelpie/battery/voltage, /rosout, /kelpie/command_input, /kelpie/imu] 
Command is: <gait_controller.Command.Command object at 0xffff84178dc0>

1755674255.099360704 WARN /kelpie [Kinematics.py:87(leg_explicit_inverse_kinematics)] [topics: /kelpie/leg_control/currents, /kelpie/leg_control/joint_states, /kelpie/battery/voltage, /rosout, /kelpie/command_input, /kelpie/imu] target coordinate: [0.027000 -0.011378 -0.204073]
1755674255.104569435 WARN /kelpie [Kinematics.py:87(leg_explicit_inverse_kinematics)] [topics: /kelpie/leg_control/currents, /kelpie/leg_control/joint_states, /kelpie/battery/voltage, /rosout, /kelpie/command_input, /kelpie/imu] target coordinate: [0.027000 -0.011378 -0.204073]
1755674255.109715223 WARN /kelpie [Kinematics.py:87(leg_explicit_inverse_kinematics)] [topics: /kelpie/leg_control/currents, /kelpie/leg_control/joint_states, /kelpie/battery/voltage, /rosout, /kelpie/command_input, /kelpie/imu] target coordinate: [0.023000 -0.011378 -0.204073]
1755674255.114784240 WARN /kelpie [Kinematics.py:87(leg_explicit_inverse_kinematics)] [topics: /kelpie/leg_control/currents, /kelpie/leg_control/joint_states, /kelpie/battery/voltage, /rosout, /kelpie/command_input, /kelpie/imu] target coordinate: [0.023000 -0.011378 -0.204073]
1755674255.120298385 INFO /kelpie [main_driver.py:158(KelpieDriver.run)] [topics: /kelpie/leg_control/currents, /kelpie/leg_control/joint_states, /kelpie/battery/voltage, /rosout, /kelpie/command_input, /kelpie/imu] Manual Control deactivated. Now accepting external commands
1755674255.126559257 WARN /kelpie [Kinematics.py:87(leg_explicit_inverse_kinematics)] [topics: /kelpie/leg_control/currents, /kelpie/leg_control/joint_states, /kelpie/battery/voltage, /rosout, /kelpie/command_input, /kelpie/imu] target coordinate: [0.027000 -0.011378 -0.204073]
1755674255.131759405 WARN /kelpie [Kinematics.py:87(leg_explicit_inverse_kinematics)] [topics: /kelpie/leg_control/currents, /kelpie/leg_control/joint_states, /kelpie/battery/voltage, /rosout, /kelpie/command_input, /kelpie/imu] target coordinate: [0.027000 -0.011378 -0.204073]
1755674255.136877298 WARN /kelpie [Kinematics.py:87(leg_explicit_inverse_kinematics)] [topics: /kelpie/leg_control/currents, /kelpie/leg_control/joint_states, /kelpie/battery/voltage, /rosout, /kelpie/command_input, /kelpie/imu] target coordinate: [0.023000 -0.011378 -0.204073]
1755674255.142843484 WARN /kelpie [Kinematics.py:87(leg_explicit_inverse_kinematics)] [topics: /kelpie/leg_control/currents, /kelpie/leg_control/joint_states, /kelpie/battery/voltage, /rosout, /kelpie/command_input, /kelpie/imu] target coordinate: [0.023000 -0.011378 -0.204073]
1755674257.348198890 INFO /kelpie [main_driver.py:114(KelpieDriver.run)] [topics: /kelpie/leg_control/currents, /kelpie/leg_control/joint_states, /kelpie/battery/voltage, /rosout, /kelpie/command_input, /kelpie/imu] BattVol0.0
1755674257.354185104 INFO /kelpie [main_driver.py:121(KelpieDriver.run)] [topics: /kelpie/leg_control/currents, /kelpie/leg_control/joint_states, /kelpie/battery/voltage, /rosout, /kelpie/command_input, /kelpie/imu] 
Command is: <gait_controller.Command.Command object at 0xffff84178d90>

1755674257.359811544 WARN /kelpie [Kinematics.py:87(leg_explicit_inverse_kinematics)] [topics: /kelpie/leg_control/currents, /kelpie/leg_control/joint_states, /kelpie/battery/voltage, /rosout, /kelpie/command_input, /kelpie/imu] target coordinate: [0.027000 -0.011378 -0.204073]
1755674257.365043640 WARN /kelpie [Kinematics.py:87(leg_explicit_inverse_kinematics)] [topics: /kelpie/leg_control/currents, /kelpie/leg_control/joint_states, /kelpie/battery/voltage, /rosout, /kelpie/command_input, /kelpie/imu] target coordinate: [0.027000 -0.011378 -0.204073]
1755674257.370345830 WARN /kelpie [Kinematics.py:87(leg_explicit_inverse_kinematics)] [topics: /kelpie/leg_control/currents, /kelpie/leg_control/joint_states, /kelpie/battery/voltage, /rosout, /kelpie/command_input, /kelpie/imu] target coordinate: [0.023000 -0.011378 -0.204073]
1755674257.376397609 WARN /kelpie [Kinematics.py:87(leg_explicit_inverse_kinematics)] [topics: /kelpie/leg_control/currents, /kelpie/leg_control/joint_states, /kelpie/battery/voltage, /rosout, /kelpie/command_input, /kelpie/imu] target coordinate: [0.023000 -0.011378 -0.204073]
1755674257.382590532 INFO /kelpie [main_driver.py:158(KelpieDriver.run)] [topics: /kelpie/leg_control/currents, /kelpie/leg_control/joint_states, /kelpie/battery/voltage, /rosout, /kelpie/command_input, /kelpie/imu] Manual Control deactivated. Now accepting external commands
1755674257.388975858 WARN /kelpie [Kinematics.py:87(leg_explicit_inverse_kinematics)] [topics: /kelpie/leg_control/currents, /kelpie/leg_control/joint_states, /kelpie/battery/voltage, /rosout, /kelpie/command_input, /kelpie/imu] target coordinate: [0.027000 -0.011378 -0.204073]
1755674257.394293069 WARN /kelpie [Kinematics.py:87(leg_explicit_inverse_kinematics)] [topics: /kelpie/leg_control/currents, /kelpie/leg_control/joint_states, /kelpie/battery/voltage, /rosout, /kelpie/command_input, /kelpie/imu] target coordinate: [0.027000 -0.011378 -0.204073]
1755674257.400476455 WARN /kelpie [Kinematics.py:87(leg_explicit_inverse_kinematics)] [topics: /kelpie/leg_control/currents, /kelpie/leg_control/joint_states, /kelpie/battery/voltage, /rosout, /kelpie/command_input, /kelpie/imu] target coordinate: [0.023000 -0.011378 -0.204073]
1755674257.406664133 WARN /kelpie [Kinematics.py:87(leg_explicit_inverse_kinematics)] [topics: /kelpie/leg_control/currents, /kelpie/leg_control/joint_states, /kelpie/battery/voltage, /rosout, /kelpie/command_input, /kelpie/imu] target coordinate: [0.023000 -0.011378 -0.204073]
1755674257.895416498 INFO /kelpie [main_driver.py:114(KelpieDriver.run)] [topics: /kelpie/leg_control/currents, /kelpie/leg_control/joint_states, /kelpie/battery/voltage, /rosout, /kelpie/command_input, /kelpie/imu] BattVol0.0
1755674257.899533271 INFO /kelpie [main_driver.py:121(KelpieDriver.run)] [topics: /kelpie/leg_control/currents, /kelpie/leg_control/joint_states, /kelpie/battery/voltage, /rosout, /kelpie/command_input, /kelpie/imu] 
Command is: <gait_controller.Command.Command object at 0xffff84178fa0>

1755674257.905566453 WARN /kelpie [Kinematics.py:87(leg_explicit_inverse_kinematics)] [topics: /kelpie/leg_control/currents, /kelpie/leg_control/joint_states, /kelpie/battery/voltage, /rosout, /kelpie/command_input, /kelpie/imu] target coordinate: [0.027000 -0.011378 -0.204073]
1755674257.910448789 WARN /kelpie [Kinematics.py:87(leg_explicit_inverse_kinematics)] [topics: /kelpie/leg_control/currents, /kelpie/leg_control/joint_states, /kelpie/battery/voltage, /rosout, /kelpie/command_input, /kelpie/imu] target coordinate: [0.027000 -0.011378 -0.204073]
1755674257.915346860 WARN /kelpie [Kinematics.py:87(leg_explicit_inverse_kinematics)] [topics: /kelpie/leg_control/currents, /kelpie/leg_control/joint_states, /kelpie/battery/voltage, /rosout, /kelpie/command_input, /kelpie/imu] target coordinate: [0.023000 -0.011378 -0.204073]
1755674257.920432090 WARN /kelpie [Kinematics.py:87(leg_explicit_inverse_kinematics)] [topics: /kelpie/leg_control/currents, /kelpie/leg_control/joint_states, /kelpie/battery/voltage, /rosout, /kelpie/command_input, /kelpie/imu] target coordinate: [0.023000 -0.011378 -0.204073]
1755674257.926059961 INFO /kelpie [main_driver.py:158(KelpieDriver.run)] [topics: /kelpie/leg_control/currents, /kelpie/leg_control/joint_states, /kelpie/battery/voltage, /rosout, /kelpie/command_input, /kelpie/imu] Manual Control deactivated. Now accepting external commands
1755674257.932699441 WARN /kelpie [Kinematics.py:87(leg_explicit_inverse_kinematics)] [topics: /kelpie/leg_control/currents, /kelpie/leg_control/joint_states, /kelpie/battery/voltage, /rosout, /kelpie/command_input, /kelpie/imu] target coordinate: [0.027000 -0.011378 -0.204073]
1755674257.937976837 WARN /kelpie [Kinematics.py:87(leg_explicit_inverse_kinematics)] [topics: /kelpie/leg_control/currents, /kelpie/leg_control/joint_states, /kelpie/battery/voltage, /rosout, /kelpie/command_input, /kelpie/imu] target coordinate: [0.027000 -0.011378 -0.204073]
1755674257.943346977 WARN /kelpie [Kinematics.py:87(leg_explicit_inverse_kinematics)] [topics: /kelpie/leg_control/currents, /kelpie/leg_control/joint_states, /kelpie/battery/voltage, /rosout, /kelpie/command_input, /kelpie/imu] target coordinate: [0.023000 -0.011378 -0.204073]
1755674257.948431730 WARN /kelpie [Kinematics.py:87(leg_explicit_inverse_kinematics)] [topics: /kelpie/leg_control/currents, /kelpie/leg_control/joint_states, /kelpie/battery/voltage, /rosout, /kelpie/command_input, /kelpie/imu] target coordinate: [0.023000 -0.011378 -0.204073]
1755674259.781319856 INFO /kelpie [main_driver.py:114(KelpieDriver.run)] [topics: /kelpie/leg_control/currents, /kelpie/leg_control/joint_states, /kelpie/battery/voltage, /rosout, /kelpie/command_input, /kelpie/imu] BattVol0.0
1755674259.785336971 INFO /kelpie [main_driver.py:121(KelpieDriver.run)] [topics: /kelpie/leg_control/currents, /kelpie/leg_control/joint_states, /kelpie/battery/voltage, /rosout, /kelpie/command_input, /kelpie/imu] 
Command is: <gait_controller.Command.Command object at 0xffff84178d90>

1755674259.791635751 WARN /kelpie [Kinematics.py:87(leg_explicit_inverse_kinematics)] [topics: /kelpie/leg_control/currents, /kelpie/leg_control/joint_states, /kelpie/battery/voltage, /rosout, /kelpie/command_input, /kelpie/imu] target coordinate: [0.027000 -0.011378 -0.204073]
1755674259.796447753 WARN /kelpie [Kinematics.py:87(leg_explicit_inverse_kinematics)] [topics: /kelpie/leg_control/currents, /kelpie/leg_control/joint_states, /kelpie/battery/voltage, /rosout, /kelpie/command_input, /kelpie/imu] target coordinate: [0.027000 -0.011378 -0.204073]
1755674259.801242351 WARN /kelpie [Kinematics.py:87(leg_explicit_inverse_kinematics)] [topics: /kelpie/leg_control/currents, /kelpie/leg_control/joint_states, /kelpie/battery/voltage, /rosout, /kelpie/command_input, /kelpie/imu] target coordinate: [0.023000 -0.011378 -0.204073]
1755674259.806034803 WARN /kelpie [Kinematics.py:87(leg_explicit_inverse_kinematics)] [topics: /kelpie/leg_control/currents, /kelpie/leg_control/joint_states, /kelpie/battery/voltage, /rosout, /kelpie/command_input, /kelpie/imu] target coordinate: [0.023000 -0.011378 -0.204073]
1755674259.811483860 INFO /kelpie [main_driver.py:158(KelpieDriver.run)] [topics: /kelpie/leg_control/currents, /kelpie/leg_control/joint_states, /kelpie/battery/voltage, /rosout, /kelpie/command_input, /kelpie/imu] Manual Control deactivated. Now accepting external commands
1755674259.817939996 WARN /kelpie [Kinematics.py:87(leg_explicit_inverse_kinematics)] [topics: /kelpie/leg_control/currents, /kelpie/leg_control/joint_states, /kelpie/battery/voltage, /rosout, /kelpie/command_input, /kelpie/imu] target coordinate: [0.027000 -0.011378 -0.204073]
1755674259.822890996 WARN /kelpie [Kinematics.py:87(leg_explicit_inverse_kinematics)] [topics: /kelpie/leg_control/currents, /kelpie/leg_control/joint_states, /kelpie/battery/voltage, /rosout, /kelpie/command_input, /kelpie/imu] target coordinate: [0.027000 -0.011378 -0.204073]
1755674259.827843189 WARN /kelpie [Kinematics.py:87(leg_explicit_inverse_kinematics)] [topics: /kelpie/leg_control/currents, /kelpie/leg_control/joint_states, /kelpie/battery/voltage, /rosout, /kelpie/command_input, /kelpie/imu] target coordinate: [0.023000 -0.011378 -0.204073]
1755674259.832907199 WARN /kelpie [Kinematics.py:87(leg_explicit_inverse_kinematics)] [topics: /kelpie/leg_control/currents, /kelpie/leg_control/joint_states, /kelpie/battery/voltage, /rosout, /kelpie/command_input, /kelpie/imu] target coordinate: [0.023000 -0.011378 -0.204073]
1755674260.576696157 INFO /kelpie [main_driver.py:114(KelpieDriver.run)] [topics: /kelpie/leg_control/currents, /kelpie/leg_control/joint_states, /kelpie/battery/voltage, /rosout, /kelpie/command_input, /kelpie/imu] BattVol0.0
1755674260.581072330 INFO /kelpie [main_driver.py:121(KelpieDriver.run)] [topics: /kelpie/leg_control/currents, /kelpie/leg_control/joint_states, /kelpie/battery/voltage, /rosout, /kelpie/command_input, /kelpie/imu] 
Command is: <gait_controller.Command.Command object at 0xffff84178f70>

1755674260.586850166 WARN /kelpie [Kinematics.py:87(leg_explicit_inverse_kinematics)] [topics: /kelpie/leg_control/currents, /kelpie/leg_control/joint_states, /kelpie/battery/voltage, /rosout, /kelpie/command_input, /kelpie/imu] target coordinate: [0.027000 -0.011378 -0.204073]
1755674260.592386484 WARN /kelpie [Kinematics.py:87(leg_explicit_inverse_kinematics)] [topics: /kelpie/leg_control/currents, /kelpie/leg_control/joint_states, /kelpie/battery/voltage, /rosout, /kelpie/command_input, /kelpie/imu] target coordinate: [0.027000 -0.011378 -0.204073]
1755674260.597687244 WARN /kelpie [Kinematics.py:87(leg_explicit_inverse_kinematics)] [topics: /kelpie/leg_control/currents, /kelpie/leg_control/joint_states, /kelpie/battery/voltage, /rosout, /kelpie/command_input, /kelpie/imu] target coordinate: [0.023000 -0.011378 -0.204073]
1755674260.602861166 WARN /kelpie [Kinematics.py:87(leg_explicit_inverse_kinematics)] [topics: /kelpie/leg_control/currents, /kelpie/leg_control/joint_states, /kelpie/battery/voltage, /rosout, /kelpie/command_input, /kelpie/imu] target coordinate: [0.023000 -0.011378 -0.204073]
1755674260.608242511 INFO /kelpie [main_driver.py:158(KelpieDriver.run)] [topics: /kelpie/leg_control/currents, /kelpie/leg_control/joint_states, /kelpie/battery/voltage, /rosout, /kelpie/command_input, /kelpie/imu] Manual Control deactivated. Now accepting external commands
1755674260.615035057 WARN /kelpie [Kinematics.py:87(leg_explicit_inverse_kinematics)] [topics: /kelpie/leg_control/currents, /kelpie/leg_control/joint_states, /kelpie/battery/voltage, /rosout, /kelpie/command_input, /kelpie/imu] target coordinate: [0.027000 -0.011378 -0.204073]
1755674260.620688676 WARN /kelpie [Kinematics.py:87(leg_explicit_inverse_kinematics)] [topics: /kelpie/leg_control/currents, /kelpie/leg_control/joint_states, /kelpie/battery/voltage, /rosout, /kelpie/command_input, /kelpie/imu] target coordinate: [0.027000 -0.011378 -0.204073]
1755674260.626621246 WARN /kelpie [Kinematics.py:87(leg_explicit_inverse_kinematics)] [topics: /kelpie/leg_control/currents, /kelpie/leg_control/joint_states, /kelpie/battery/voltage, /rosout, /kelpie/command_input, /kelpie/imu] target coordinate: [0.023000 -0.011378 -0.204073]
1755674260.631901979 WARN /kelpie [Kinematics.py:87(leg_explicit_inverse_kinematics)] [topics: /kelpie/leg_control/currents, /kelpie/leg_control/joint_states, /kelpie/battery/voltage, /rosout, /kelpie/command_input, /kelpie/imu] target coordinate: [0.023000 -0.011378 -0.204073]
1755674261.158673524 INFO /kelpie [main_driver.py:114(KelpieDriver.run)] [topics: /kelpie/leg_control/currents, /kelpie/leg_control/joint_states, /kelpie/battery/voltage, /rosout, /kelpie/command_input, /kelpie/imu] BattVol0.0
1755674261.162436962 INFO /kelpie [main_driver.py:121(KelpieDriver.run)] [topics: /kelpie/leg_control/currents, /kelpie/leg_control/joint_states, /kelpie/battery/voltage, /rosout, /kelpie/command_input, /kelpie/imu] 
Command is: <gait_controller.Command.Command object at 0xffff84178f40>

1755674261.167963743 WARN /kelpie [Kinematics.py:87(leg_explicit_inverse_kinematics)] [topics: /kelpie/leg_control/currents, /kelpie/leg_control/joint_states, /kelpie/battery/voltage, /rosout, /kelpie/command_input, /kelpie/imu] target coordinate: [0.027000 -0.011378 -0.204073]
1755674261.173033952 WARN /kelpie [Kinematics.py:87(leg_explicit_inverse_kinematics)] [topics: /kelpie/leg_control/currents, /kelpie/leg_control/joint_states, /kelpie/battery/voltage, /rosout, /kelpie/command_input, /kelpie/imu] target coordinate: [0.027000 -0.011378 -0.204073]
1755674261.178580999 WARN /kelpie [Kinematics.py:87(leg_explicit_inverse_kinematics)] [topics: /kelpie/leg_control/currents, /kelpie/leg_control/joint_states, /kelpie/battery/voltage, /rosout, /kelpie/command_input, /kelpie/imu] target coordinate: [0.023000 -0.011378 -0.204073]
1755674261.184713840 WARN /kelpie [Kinematics.py:87(leg_explicit_inverse_kinematics)] [topics: /kelpie/leg_control/currents, /kelpie/leg_control/joint_states, /kelpie/battery/voltage, /rosout, /kelpie/command_input, /kelpie/imu] target coordinate: [0.023000 -0.011378 -0.204073]
1755674261.190357685 INFO /kelpie [main_driver.py:158(KelpieDriver.run)] [topics: /kelpie/leg_control/currents, /kelpie/leg_control/joint_states, /kelpie/battery/voltage, /rosout, /kelpie/command_input, /kelpie/imu] Manual Control deactivated. Now accepting external commands
1755674261.198092460 WARN /kelpie [Kinematics.py:87(leg_explicit_inverse_kinematics)] [topics: /kelpie/leg_control/currents, /kelpie/leg_control/joint_states, /kelpie/battery/voltage, /rosout, /kelpie/command_input, /kelpie/imu] target coordinate: [0.027000 -0.011378 -0.204073]
1755674261.202880144 WARN /kelpie [Kinematics.py:87(leg_explicit_inverse_kinematics)] [topics: /kelpie/leg_control/currents, /kelpie/leg_control/joint_states, /kelpie/battery/voltage, /rosout, /kelpie/command_input, /kelpie/imu] target coordinate: [0.027000 -0.011378 -0.204073]
1755674261.207692146 WARN /kelpie [Kinematics.py:87(leg_explicit_inverse_kinematics)] [topics: /kelpie/leg_control/currents, /kelpie/leg_control/joint_states, /kelpie/battery/voltage, /rosout, /kelpie/command_input, /kelpie/imu] target coordinate: [0.023000 -0.011378 -0.204073]
1755674261.212830543 WARN /kelpie [Kinematics.py:87(leg_explicit_inverse_kinematics)] [topics: /kelpie/leg_control/currents, /kelpie/leg_control/joint_states, /kelpie/battery/voltage, /rosout, /kelpie/command_input, /kelpie/imu] target coordinate: [0.023000 -0.011378 -0.204073]
1755674261.957228183 INFO /kelpie [main_driver.py:114(KelpieDriver.run)] [topics: /kelpie/leg_control/currents, /kelpie/leg_control/joint_states, /kelpie/battery/voltage, /rosout, /kelpie/command_input, /kelpie/imu] BattVol0.0
1755674261.960970401 INFO /kelpie [main_driver.py:121(KelpieDriver.run)] [topics: /kelpie/leg_control/currents, /kelpie/leg_control/joint_states, /kelpie/battery/voltage, /rosout, /kelpie/command_input, /kelpie/imu] 
Command is: <gait_controller.Command.Command object at 0xffff84178df0>

1755674261.966509580 WARN /kelpie [Kinematics.py:87(leg_explicit_inverse_kinematics)] [topics: /kelpie/leg_control/currents, /kelpie/leg_control/joint_states, /kelpie/battery/voltage, /rosout, /kelpie/command_input, /kelpie/imu] target coordinate: [0.025886 -0.009779 -0.204534]
1755674261.971866607 WARN /kelpie [Kinematics.py:87(leg_explicit_inverse_kinematics)] [topics: /kelpie/leg_control/currents, /kelpie/leg_control/joint_states, /kelpie/battery/voltage, /rosout, /kelpie/command_input, /kelpie/imu] target coordinate: [0.028098 -0.012988 -0.203608]
1755674261.976871252 WARN /kelpie [Kinematics.py:87(leg_explicit_inverse_kinematics)] [topics: /kelpie/leg_control/currents, /kelpie/leg_control/joint_states, /kelpie/battery/voltage, /rosout, /kelpie/command_input, /kelpie/imu] target coordinate: [0.021900 -0.012508 -0.203747]
1755674261.981758356 WARN /kelpie [Kinematics.py:87(leg_explicit_inverse_kinematics)] [topics: /kelpie/leg_control/currents, /kelpie/leg_control/joint_states, /kelpie/battery/voltage, /rosout, /kelpie/command_input, /kelpie/imu] target coordinate: [0.024112 -0.010259 -0.204395]
1755674261.987564563 INFO /kelpie [main_driver.py:158(KelpieDriver.run)] [topics: /kelpie/leg_control/currents, /kelpie/leg_control/joint_states, /kelpie/battery/voltage, /rosout, /kelpie/command_input, /kelpie/imu] Manual Control deactivated. Now accepting external commands
1755674261.993565797 WARN /kelpie [Kinematics.py:87(leg_explicit_inverse_kinematics)] [topics: /kelpie/leg_control/currents, /kelpie/leg_control/joint_states, /kelpie/battery/voltage, /rosout, /kelpie/command_input, /kelpie/imu] target coordinate: [0.024755 -0.008190 -0.204992]
1755674261.998883008 WARN /kelpie [Kinematics.py:87(leg_explicit_inverse_kinematics)] [topics: /kelpie/leg_control/currents, /kelpie/leg_control/joint_states, /kelpie/battery/voltage, /rosout, /kelpie/command_input, /kelpie/imu] target coordinate: [0.029178 -0.014608 -0.203141]
1755674262.005127906 WARN /kelpie [Kinematics.py:87(leg_explicit_inverse_kinematics)] [topics: /kelpie/leg_control/currents, /kelpie/leg_control/joint_states, /kelpie/battery/voltage, /rosout, /kelpie/command_input, /kelpie/imu] target coordinate: [0.020812 -0.013648 -0.203418]
1755674262.011054277 WARN /kelpie [Kinematics.py:87(leg_explicit_inverse_kinematics)] [topics: /kelpie/leg_control/currents, /kelpie/leg_control/joint_states, /kelpie/battery/voltage, /rosout, /kelpie/command_input, /kelpie/imu] target coordinate: [0.025235 -0.009151 -0.204715]
1755674263.226311922 INFO /kelpie [main_driver.py:114(KelpieDriver.run)] [topics: /kelpie/leg_control/currents, /kelpie/leg_control/joint_states, /kelpie/battery/voltage, /rosout, /kelpie/command_input, /kelpie/imu] BattVol0.0
1755674263.230025053 INFO /kelpie [main_driver.py:121(KelpieDriver.run)] [topics: /kelpie/leg_control/currents, /kelpie/leg_control/joint_states, /kelpie/battery/voltage, /rosout, /kelpie/command_input, /kelpie/imu] 
Command is: <gait_controller.Command.Command object at 0xffff84178f40>

1755674263.235976219 WARN /kelpie [Kinematics.py:87(leg_explicit_inverse_kinematics)] [topics: /kelpie/leg_control/currents, /kelpie/leg_control/joint_states, /kelpie/battery/voltage, /rosout, /kelpie/command_input, /kelpie/imu] target coordinate: [0.025886 -0.009779 -0.204534]
1755674263.241323232 WARN /kelpie [Kinematics.py:87(leg_explicit_inverse_kinematics)] [topics: /kelpie/leg_control/currents, /kelpie/leg_control/joint_states, /kelpie/battery/voltage, /rosout, /kelpie/command_input, /kelpie/imu] target coordinate: [0.028098 -0.012988 -0.203608]
1755674263.246581792 WARN /kelpie [Kinematics.py:87(leg_explicit_inverse_kinematics)] [topics: /kelpie/leg_control/currents, /kelpie/leg_control/joint_states, /kelpie/battery/voltage, /rosout, /kelpie/command_input, /kelpie/imu] target coordinate: [0.021900 -0.012508 -0.203747]
1755674263.251996517 WARN /kelpie [Kinematics.py:87(leg_explicit_inverse_kinematics)] [topics: /kelpie/leg_control/currents, /kelpie/leg_control/joint_states, /kelpie/battery/voltage, /rosout, /kelpie/command_input, /kelpie/imu] target coordinate: [0.024112 -0.010259 -0.204395]
1755674263.257238864 INFO /kelpie [main_driver.py:158(KelpieDriver.run)] [topics: /kelpie/leg_control/currents, /kelpie/leg_control/joint_states, /kelpie/battery/voltage, /rosout, /kelpie/command_input, /kelpie/imu] Manual Control deactivated. Now accepting external commands
1755674263.264040470 WARN /kelpie [Kinematics.py:87(leg_explicit_inverse_kinematics)] [topics: /kelpie/leg_control/currents, /kelpie/leg_control/joint_states, /kelpie/battery/voltage, /rosout, /kelpie/command_input, /kelpie/imu] target coordinate: [0.027000 -0.011378 -0.204073]
1755674263.270525932 WARN /kelpie [Kinematics.py:87(leg_explicit_inverse_kinematics)] [topics: /kelpie/leg_control/currents, /kelpie/leg_control/joint_states, /kelpie/battery/voltage, /rosout, /kelpie/command_input, /kelpie/imu] target coordinate: [0.027000 -0.011378 -0.204073]
1755674263.276010036 WARN /kelpie [Kinematics.py:87(leg_explicit_inverse_kinematics)] [topics: /kelpie/leg_control/currents, /kelpie/leg_control/joint_states, /kelpie/battery/voltage, /rosout, /kelpie/command_input, /kelpie/imu] target coordinate: [0.023000 -0.011378 -0.204073]
1755674263.280965089 WARN /kelpie [Kinematics.py:87(leg_explicit_inverse_kinematics)] [topics: /kelpie/leg_control/currents, /kelpie/leg_control/joint_states, /kelpie/battery/voltage, /rosout, /kelpie/command_input, /kelpie/imu] target coordinate: [0.023000 -0.011378 -0.204073]
1755674264.300277233 INFO /kelpie [main_driver.py:114(KelpieDriver.run)] [topics: /kelpie/leg_control/currents, /kelpie/leg_control/joint_states, /kelpie/battery/voltage, /rosout, /kelpie/command_input, /kelpie/imu] BattVol0.0
1755674264.303908824 INFO /kelpie [main_driver.py:121(KelpieDriver.run)] [topics: /kelpie/leg_control/currents, /kelpie/leg_control/joint_states, /kelpie/battery/voltage, /rosout, /kelpie/command_input, /kelpie/imu] 
Command is: <gait_controller.Command.Command object at 0xffff84178f70>

1755674264.309410572 WARN /kelpie [Kinematics.py:87(leg_explicit_inverse_kinematics)] [topics: /kelpie/leg_control/currents, /kelpie/leg_control/joint_states, /kelpie/battery/voltage, /rosout, /kelpie/command_input, /kelpie/imu] target coordinate: [0.025886 -0.009779 -0.204534]
1755674264.314626455 WARN /kelpie [Kinematics.py:87(leg_explicit_inverse_kinematics)] [topics: /kelpie/leg_control/currents, /kelpie/leg_control/joint_states, /kelpie/battery/voltage, /rosout, /kelpie/command_input, /kelpie/imu] target coordinate: [0.028098 -0.012988 -0.203608]
1755674264.319834947 WARN /kelpie [Kinematics.py:87(leg_explicit_inverse_kinematics)] [topics: /kelpie/leg_control/currents, /kelpie/leg_control/joint_states, /kelpie/battery/voltage, /rosout, /kelpie/command_input, /kelpie/imu] target coordinate: [0.021900 -0.012508 -0.203747]
1755674264.324771881 WARN /kelpie [Kinematics.py:87(leg_explicit_inverse_kinematics)] [topics: /kelpie/leg_control/currents, /kelpie/leg_control/joint_states, /kelpie/battery/voltage, /rosout, /kelpie/command_input, /kelpie/imu] target coordinate: [0.024112 -0.010259 -0.204395]
1755674264.330500602 INFO /kelpie [main_driver.py:158(KelpieDriver.run)] [topics: /kelpie/leg_control/currents, /kelpie/leg_control/joint_states, /kelpie/battery/voltage, /rosout, /kelpie/command_input, /kelpie/imu] Manual Control deactivated. Now accepting external commands
1755674264.337273597 WARN /kelpie [Kinematics.py:87(leg_explicit_inverse_kinematics)] [topics: /kelpie/leg_control/currents, /kelpie/leg_control/joint_states, /kelpie/battery/voltage, /rosout, /kelpie/command_input, /kelpie/imu] target coordinate: [0.024755 -0.008190 -0.204992]
1755674264.342979431 WARN /kelpie [Kinematics.py:87(leg_explicit_inverse_kinematics)] [topics: /kelpie/leg_control/currents, /kelpie/leg_control/joint_states, /kelpie/battery/voltage, /rosout, /kelpie/command_input, /kelpie/imu] target coordinate: [0.029178 -0.014608 -0.203141]
1755674264.347922801 WARN /kelpie [Kinematics.py:87(leg_explicit_inverse_kinematics)] [topics: /kelpie/leg_control/currents, /kelpie/leg_control/joint_states, /kelpie/battery/voltage, /rosout, /kelpie/command_input, /kelpie/imu] target coordinate: [0.020812 -0.013648 -0.203418]
1755674264.353652954 WARN /kelpie [Kinematics.py:87(leg_explicit_inverse_kinematics)] [topics: /kelpie/leg_control/currents, /kelpie/leg_control/joint_states, /kelpie/battery/voltage, /rosout, /kelpie/command_input, /kelpie/imu] target coordinate: [0.025235 -0.009151 -0.204715]
1755674265.242674589 INFO /kelpie [main_driver.py:114(KelpieDriver.run)] [topics: /kelpie/leg_control/currents, /kelpie/leg_control/joint_states, /kelpie/battery/voltage, /rosout, /kelpie/command_input, /kelpie/imu] BattVol0.0
1755674265.246362686 INFO /kelpie [main_driver.py:121(KelpieDriver.run)] [topics: /kelpie/leg_control/currents, /kelpie/leg_control/joint_states, /kelpie/battery/voltage, /rosout, /kelpie/command_input, /kelpie/imu] 
Command is: <gait_controller.Command.Command object at 0xffff84178b50>

1755674265.252166509 WARN /kelpie [Kinematics.py:87(leg_explicit_inverse_kinematics)] [topics: /kelpie/leg_control/currents, /kelpie/leg_control/joint_states, /kelpie/battery/voltage, /rosout, /kelpie/command_input, /kelpie/imu] target coordinate: [0.023607 -0.006613 -0.205447]
1755674265.257050037 WARN /kelpie [Kinematics.py:87(leg_explicit_inverse_kinematics)] [topics: /kelpie/leg_control/currents, /kelpie/leg_control/joint_states, /kelpie/battery/voltage, /rosout, /kelpie/command_input, /kelpie/imu] target coordinate: [0.030242 -0.016239 -0.202671]
1755674265.261961698 WARN /kelpie [Kinematics.py:87(leg_explicit_inverse_kinematics)] [topics: /kelpie/leg_control/currents, /kelpie/leg_control/joint_states, /kelpie/battery/voltage, /rosout, /kelpie/command_input, /kelpie/imu] target coordinate: [0.019735 -0.014798 -0.203087]
1755674265.266924381 WARN /kelpie [Kinematics.py:87(leg_explicit_inverse_kinematics)] [topics: /kelpie/leg_control/currents, /kelpie/leg_control/joint_states, /kelpie/battery/voltage, /rosout, /kelpie/command_input, /kelpie/imu] target coordinate: [0.026370 -0.008054 -0.205031]
1755674265.272944688 INFO /kelpie [main_driver.py:158(KelpieDriver.run)] [topics: /kelpie/leg_control/currents, /kelpie/leg_control/joint_states, /kelpie/battery/voltage, /rosout, /kelpie/command_input, /kelpie/imu] Manual Control deactivated. Now accepting external commands
1755674265.279269695 WARN /kelpie [Kinematics.py:87(leg_explicit_inverse_kinematics)] [topics: /kelpie/leg_control/currents, /kelpie/leg_control/joint_states, /kelpie/battery/voltage, /rosout, /kelpie/command_input, /kelpie/imu] target coordinate: [0.022444 -0.005046 -0.205898]
1755674265.284657716 WARN /kelpie [Kinematics.py:87(leg_explicit_inverse_kinematics)] [topics: /kelpie/leg_control/currents, /kelpie/leg_control/joint_states, /kelpie/battery/voltage, /rosout, /kelpie/command_input, /kelpie/imu] target coordinate: [0.031289 -0.017880 -0.202198]
1755674265.290658473 WARN /kelpie [Kinematics.py:87(leg_explicit_inverse_kinematics)] [topics: /kelpie/leg_control/currents, /kelpie/leg_control/joint_states, /kelpie/battery/voltage, /rosout, /kelpie/command_input, /kelpie/imu] target coordinate: [0.018671 -0.015959 -0.202752]
1755674265.297056198 WARN /kelpie [Kinematics.py:87(leg_explicit_inverse_kinematics)] [topics: /kelpie/leg_control/currents, /kelpie/leg_control/joint_states, /kelpie/battery/voltage, /rosout, /kelpie/command_input, /kelpie/imu] target coordinate: [0.027516 -0.006967 -0.205344]
1755674265.903934001 INFO /kelpie [main_driver.py:114(KelpieDriver.run)] [topics: /kelpie/leg_control/currents, /kelpie/leg_control/joint_states, /kelpie/battery/voltage, /rosout, /kelpie/command_input, /kelpie/imu] BattVol0.0
1755674265.907711029 INFO /kelpie [main_driver.py:121(KelpieDriver.run)] [topics: /kelpie/leg_control/currents, /kelpie/leg_control/joint_states, /kelpie/battery/voltage, /rosout, /kelpie/command_input, /kelpie/imu] 
Command is: <gait_controller.Command.Command object at 0xffff84178d90>

1755674265.913717985 WARN /kelpie [Kinematics.py:87(leg_explicit_inverse_kinematics)] [topics: /kelpie/leg_control/currents, /kelpie/leg_control/joint_states, /kelpie/battery/voltage, /rosout, /kelpie/command_input, /kelpie/imu] target coordinate: [0.021264 -0.003491 -0.206347]
1755674265.919491767 WARN /kelpie [Kinematics.py:87(leg_explicit_inverse_kinematics)] [topics: /kelpie/leg_control/currents, /kelpie/leg_control/joint_states, /kelpie/battery/voltage, /rosout, /kelpie/command_input, /kelpie/imu] target coordinate: [0.032319 -0.019531 -0.201722]
1755674265.925934076 WARN /kelpie [Kinematics.py:87(leg_explicit_inverse_kinematics)] [topics: /kelpie/leg_control/currents, /kelpie/leg_control/joint_states, /kelpie/battery/voltage, /rosout, /kelpie/command_input, /kelpie/imu] target coordinate: [0.017619 -0.017130 -0.202414]
1755674265.931132316 WARN /kelpie [Kinematics.py:87(leg_explicit_inverse_kinematics)] [topics: /kelpie/leg_control/currents, /kelpie/leg_control/joint_states, /kelpie/battery/voltage, /rosout, /kelpie/command_input, /kelpie/imu] target coordinate: [0.028674 -0.005892 -0.205654]
1755674265.937212228 INFO /kelpie [main_driver.py:158(KelpieDriver.run)] [topics: /kelpie/leg_control/currents, /kelpie/leg_control/joint_states, /kelpie/battery/voltage, /rosout, /kelpie/command_input, /kelpie/imu] Manual Control deactivated. Now accepting external commands
1755674265.943695306 WARN /kelpie [Kinematics.py:87(leg_explicit_inverse_kinematics)] [topics: /kelpie/leg_control/currents, /kelpie/leg_control/joint_states, /kelpie/battery/voltage, /rosout, /kelpie/command_input, /kelpie/imu] target coordinate: [0.020067 -0.001947 -0.206792]
1755674265.948853492 WARN /kelpie [Kinematics.py:87(leg_explicit_inverse_kinematics)] [topics: /kelpie/leg_control/currents, /kelpie/leg_control/joint_states, /kelpie/battery/voltage, /rosout, /kelpie/command_input, /kelpie/imu] target coordinate: [0.033332 -0.021191 -0.201243]
1755674265.953914403 WARN /kelpie [Kinematics.py:87(leg_explicit_inverse_kinematics)] [topics: /kelpie/leg_control/currents, /kelpie/leg_control/joint_states, /kelpie/battery/voltage, /rosout, /kelpie/command_input, /kelpie/imu] target coordinate: [0.016579 -0.018311 -0.202074]
1755674265.960005044 WARN /kelpie [Kinematics.py:87(leg_explicit_inverse_kinematics)] [topics: /kelpie/leg_control/currents, /kelpie/leg_control/joint_states, /kelpie/battery/voltage, /rosout, /kelpie/command_input, /kelpie/imu] target coordinate: [0.029843 -0.004828 -0.205961]
1755674266.943340063 INFO /kelpie [main_driver.py:114(KelpieDriver.run)] [topics: /kelpie/leg_control/currents, /kelpie/leg_control/joint_states, /kelpie/battery/voltage, /rosout, /kelpie/command_input, /kelpie/imu] BattVol0.0
1755674266.947201490 INFO /kelpie [main_driver.py:121(KelpieDriver.run)] [topics: /kelpie/leg_control/currents, /kelpie/leg_control/joint_states, /kelpie/battery/voltage, /rosout, /kelpie/command_input, /kelpie/imu] 
Command is: <gait_controller.Command.Command object at 0xffff84178f70>

1755674266.952996253 WARN /kelpie [Kinematics.py:87(leg_explicit_inverse_kinematics)] [topics: /kelpie/leg_control/currents, /kelpie/leg_control/joint_states, /kelpie/battery/voltage, /rosout, /kelpie/command_input, /kelpie/imu] target coordinate: [0.018855 -0.000415 -0.207233]
1755674266.957932949 WARN /kelpie [Kinematics.py:87(leg_explicit_inverse_kinematics)] [topics: /kelpie/leg_control/currents, /kelpie/leg_control/joint_states, /kelpie/battery/voltage, /rosout, /kelpie/command_input, /kelpie/imu] target coordinate: [0.034327 -0.022862 -0.200762]
1755674266.962959289 WARN /kelpie [Kinematics.py:87(leg_explicit_inverse_kinematics)] [topics: /kelpie/leg_control/currents, /kelpie/leg_control/joint_states, /kelpie/battery/voltage, /rosout, /kelpie/command_input, /kelpie/imu] target coordinate: [0.015551 -0.019501 -0.201731]
1755674266.967918634 WARN /kelpie [Kinematics.py:87(leg_explicit_inverse_kinematics)] [topics: /kelpie/leg_control/currents, /kelpie/leg_control/joint_states, /kelpie/battery/voltage, /rosout, /kelpie/command_input, /kelpie/imu] target coordinate: [0.031022 -0.003775 -0.206265]
1755674266.973043203 INFO /kelpie [main_driver.py:158(KelpieDriver.run)] [topics: /kelpie/leg_control/currents, /kelpie/leg_control/joint_states, /kelpie/battery/voltage, /rosout, /kelpie/command_input, /kelpie/imu] Manual Control deactivated. Now accepting external commands
1755674266.979446887 WARN /kelpie [Kinematics.py:87(leg_explicit_inverse_kinematics)] [topics: /kelpie/leg_control/currents, /kelpie/leg_control/joint_states, /kelpie/battery/voltage, /rosout, /kelpie/command_input, /kelpie/imu] target coordinate: [0.017627 0.001105 -0.207672]
1755674266.984769821 WARN /kelpie [Kinematics.py:87(leg_explicit_inverse_kinematics)] [topics: /kelpie/leg_control/currents, /kelpie/leg_control/joint_states, /kelpie/battery/voltage, /rosout, /kelpie/command_input, /kelpie/imu] target coordinate: [0.035304 -0.024541 -0.200278]
1755674266.990352153 WARN /kelpie [Kinematics.py:87(leg_explicit_inverse_kinematics)] [topics: /kelpie/leg_control/currents, /kelpie/leg_control/joint_states, /kelpie/battery/voltage, /rosout, /kelpie/command_input, /kelpie/imu] target coordinate: [0.014536 -0.020702 -0.201384]
1755674266.995718955 WARN /kelpie [Kinematics.py:87(leg_explicit_inverse_kinematics)] [topics: /kelpie/leg_control/currents, /kelpie/leg_control/joint_states, /kelpie/battery/voltage, /rosout, /kelpie/command_input, /kelpie/imu] target coordinate: [0.032213 -0.002734 -0.206565]
1755674268.710291862 INFO /kelpie [main_driver.py:114(KelpieDriver.run)] [topics: /kelpie/leg_control/currents, /kelpie/leg_control/joint_states, /kelpie/battery/voltage, /rosout, /kelpie/command_input, /kelpie/imu] BattVol0.0
1755674268.713912725 INFO /kelpie [main_driver.py:121(KelpieDriver.run)] [topics: /kelpie/leg_control/currents, /kelpie/leg_control/joint_states, /kelpie/battery/voltage, /rosout, /kelpie/command_input, /kelpie/imu] 
Command is: <gait_controller.Command.Command object at 0xffff84178d90>

1755674268.719217061 WARN /kelpie [Kinematics.py:87(leg_explicit_inverse_kinematics)] [topics: /kelpie/leg_control/currents, /kelpie/leg_control/joint_states, /kelpie/battery/voltage, /rosout, /kelpie/command_input, /kelpie/imu] target coordinate: [-0.369407 -0.010638 -0.138532]
1755674268.723428249 WARN /kelpie [Kinematics.py:91(leg_explicit_inverse_kinematics)] [topics: /kelpie/leg_control/currents, /kelpie/leg_control/joint_states, /kelpie/battery/voltage, /rosout, /kelpie/command_input, /kelpie/imu] target coordinate: [-0.369407 -0.010638 -0.138532] too far away
1755674268.728717565 WARN /kelpie [Kinematics.py:87(leg_explicit_inverse_kinematics)] [topics: /kelpie/leg_control/currents, /kelpie/leg_control/joint_states, /kelpie/battery/voltage, /rosout, /kelpie/command_input, /kelpie/imu] target coordinate: [-0.352318 0.022251 -0.148014]
1755674268.732758283 WARN /kelpie [Kinematics.py:91(leg_explicit_inverse_kinematics)] [topics: /kelpie/leg_control/currents, /kelpie/leg_control/joint_states, /kelpie/battery/voltage, /rosout, /kelpie/command_input, /kelpie/imu] target coordinate: [-0.352318 0.022251 -0.148014] too far away
1755674268.738580703 WARN /kelpie [Kinematics.py:87(leg_explicit_inverse_kinematics)] [topics: /kelpie/leg_control/currents, /kelpie/leg_control/joint_states, /kelpie/battery/voltage, /rosout, /kelpie/command_input, /kelpie/imu] target coordinate: [-0.047985 0.070275 0.130528]
1755674268.743834733 WARN /kelpie [Kinematics.py:87(leg_explicit_inverse_kinematics)] [topics: /kelpie/leg_control/currents, /kelpie/leg_control/joint_states, /kelpie/battery/voltage, /rosout, /kelpie/command_input, /kelpie/imu] target coordinate: [-0.030896 0.096995 0.122825]
1755674268.750132560 INFO /kelpie [main_driver.py:158(KelpieDriver.run)] [topics: /kelpie/leg_control/currents, /kelpie/leg_control/joint_states, /kelpie/battery/voltage, /rosout, /kelpie/command_input, /kelpie/imu] Manual Control deactivated. Now accepting external commands
1755674268.758742570 WARN /kelpie [Kinematics.py:87(leg_explicit_inverse_kinematics)] [topics: /kelpie/leg_control/currents, /kelpie/leg_control/joint_states, /kelpie/battery/voltage, /rosout, /kelpie/command_input, /kelpie/imu] target coordinate: [-0.368309 -0.010393 -0.140048]
1755674268.759271383 ERROR /hardware [topics.py:753(_SubscriberImpl._invoke_callback)] [topics: /rosout, /kelpie/battery/voltage, /joy, /kelpie/command_input, /kelpie/leg_control/joint_states, /kelpie/leg_control/currents, /kelpie/imu] bad callback: <bound method ServoSubscriber.callback of <kelpie_hardware_interface.servo.servo_subscriber.ServoSubscriber object at 0xffff886c5f70>>
Traceback (most recent call last):
  File "/opt/ros/noetic/lib/python3/dist-packages/rospy/topics.py", line 750, in _invoke_callback
    cb(msg)
  File "/home/kelpie2/Kelpie/kelpie_ws/src/kelpie_hardware_interface/src/kelpie_hardware_interface/servo/servo_subscriber.py", line 17, in callback
    self.servo_interface.set_actuator_postions(joint_angles)
  File "/home/kelpie2/Kelpie/kelpie_ws/src/kelpie_hardware_interface/src/kelpie_hardware_interface/servo/Interface.py", line 92, in set_actuator_postions
    possible_joint_angles = self.impose_physical_limits(joint_angles)
  File "/home/kelpie2/Kelpie/kelpie_ws/src/kelpie_hardware_interface/src/kelpie_hardware_interface/servo/Interface.py", line 191, in impose_physical_limits
    print(upper, self._workspace_boundary_LUT[round(upper)]) if i == 0 else 0
KeyError: -21.0

1755674268.763140439 WARN /kelpie [Kinematics.py:91(leg_explicit_inverse_kinematics)] [topics: /kelpie/leg_control/currents, /kelpie/leg_control/joint_states, /kelpie/battery/voltage, /rosout, /kelpie/command_input, /kelpie/imu] target coordinate: [-0.368309 -0.010393 -0.140048] too far away
1755674268.768080234 WARN /kelpie [Kinematics.py:87(leg_explicit_inverse_kinematics)] [topics: /kelpie/leg_control/currents, /kelpie/leg_control/joint_states, /kelpie/battery/voltage, /rosout, /kelpie/command_input, /kelpie/imu] target coordinate: [-0.351789 0.021278 -0.149179]
1755674268.772862434 WARN /kelpie [Kinematics.py:91(leg_explicit_inverse_kinematics)] [topics: /kelpie/leg_control/currents, /kelpie/leg_control/joint_states, /kelpie/battery/voltage, /rosout, /kelpie/command_input, /kelpie/imu] target coordinate: [-0.351789 0.021278 -0.149179] too far away
1755674268.778335571 WARN /kelpie [Kinematics.py:87(leg_explicit_inverse_kinematics)] [topics: /kelpie/leg_control/currents, /kelpie/leg_control/joint_states, /kelpie/battery/voltage, /rosout, /kelpie/command_input, /kelpie/imu] target coordinate: [-0.048641 0.070361 0.129324]
1755674268.783843278 WARN /kelpie [Kinematics.py:87(leg_explicit_inverse_kinematics)] [topics: /kelpie/leg_control/currents, /kelpie/leg_control/joint_states, /kelpie/battery/voltage, /rosout, /kelpie/command_input, /kelpie/imu] target coordinate: [-0.032120 0.096323 0.121839]
1755674268.789325714 ERROR /hardware [topics.py:753(_SubscriberImpl._invoke_callback)] [topics: /rosout, /kelpie/battery/voltage, /joy, /kelpie/command_input, /kelpie/leg_control/joint_states, /kelpie/leg_control/currents, /kelpie/imu] bad callback: <bound method ServoSubscriber.callback of <kelpie_hardware_interface.servo.servo_subscriber.ServoSubscriber object at 0xffff886c5f70>>
Traceback (most recent call last):
  File "/opt/ros/noetic/lib/python3/dist-packages/rospy/topics.py", line 750, in _invoke_callback
    cb(msg)
  File "/home/kelpie2/Kelpie/kelpie_ws/src/kelpie_hardware_interface/src/kelpie_hardware_interface/servo/servo_subscriber.py", line 17, in callback
    self.servo_interface.set_actuator_postions(joint_angles)
  File "/home/kelpie2/Kelpie/kelpie_ws/src/kelpie_hardware_interface/src/kelpie_hardware_interface/servo/Interface.py", line 92, in set_actuator_postions
    possible_joint_angles = self.impose_physical_limits(joint_angles)
  File "/home/kelpie2/Kelpie/kelpie_ws/src/kelpie_hardware_interface/src/kelpie_hardware_interface/servo/Interface.py", line 191, in impose_physical_limits
    print(upper, self._workspace_boundary_LUT[round(upper)]) if i == 0 else 0
KeyError: -21.0

1755674269.591571092 INFO /kelpie [main_driver.py:114(KelpieDriver.run)] [topics: /kelpie/leg_control/currents, /kelpie/leg_control/joint_states, /kelpie/battery/voltage, /rosout, /kelpie/command_input, /kelpie/imu] BattVol0.0
1755674269.595446348 INFO /kelpie [main_driver.py:121(KelpieDriver.run)] [topics: /kelpie/leg_control/currents, /kelpie/leg_control/joint_states, /kelpie/battery/voltage, /rosout, /kelpie/command_input, /kelpie/imu] 
Command is: <gait_controller.Command.Command object at 0xffff84178f10>

1755674269.601167440 WARN /kelpie [Kinematics.py:87(leg_explicit_inverse_kinematics)] [topics: /kelpie/leg_control/currents, /kelpie/leg_control/joint_states, /kelpie/battery/voltage, /rosout, /kelpie/command_input, /kelpie/imu] target coordinate: [-0.201407 -0.031364 -0.256000]
1755674269.605155944 WARN /kelpie [Kinematics.py:91(leg_explicit_inverse_kinematics)] [topics: /kelpie/leg_control/currents, /kelpie/leg_control/joint_states, /kelpie/battery/voltage, /rosout, /kelpie/command_input, /kelpie/imu] target coordinate: [-0.201407 -0.031364 -0.256000] too far away
1755674269.610912561 WARN /kelpie [Kinematics.py:87(leg_explicit_inverse_kinematics)] [topics: /kelpie/leg_control/currents, /kelpie/leg_control/joint_states, /kelpie/battery/voltage, /rosout, /kelpie/command_input, /kelpie/imu] target coordinate: [-0.182682 -0.022867 -0.258450]
1755674269.615267992 WARN /kelpie [Kinematics.py:91(leg_explicit_inverse_kinematics)] [topics: /kelpie/leg_control/currents, /kelpie/leg_control/joint_states, /kelpie/battery/voltage, /rosout, /kelpie/command_input, /kelpie/imu] target coordinate: [-0.182682 -0.022867 -0.258450] too far away
1755674279.692268848 INFO /rosbridge_websocket [autobahn_websocket.py:255(RosbridgeWebSocket.onClose)] [topics: /rosout, /connected_clients, /client_count, /kelpie/battery/voltage, /kelpie/leg_control/joint_states, /kelpie/imu, /kelpie/leg_control/currents] Client disconnected. 0 clients total.
1755674279.783745288 INFO /rosbridge_websocket [autobahn_websocket.py:195(RosbridgeWebSocket.onOpen)] [topics: /rosout, /connected_clients, /client_count] Client connected.  1 clients total.
1755674279.854163646 INFO /rosbridge_websocket [protocol.py:403(RosbridgeProtocol.log)] [topics: /rosout, /connected_clients, /kelpie/leg_control/joint_states, /client_count] [Client 2] Subscribed to /kelpie/leg_control/joint_states
1755674279.873222827 INFO /rosbridge_websocket [protocol.py:403(RosbridgeProtocol.log)] [topics: /rosout, /connected_clients, /client_count, /kelpie/leg_control/joint_states, /kelpie/leg_control/currents] [Client 2] Subscribed to /kelpie/leg_control/currents
1755674279.893286228 INFO /rosbridge_websocket [protocol.py:403(RosbridgeProtocol.log)] [topics: /rosout, /connected_clients, /client_count, /kelpie/battery/voltage, /kelpie/leg_control/joint_states, /kelpie/leg_control/currents] [Client 2] Subscribed to /kelpie/battery/voltage
1755674279.914467811 INFO /rosbridge_websocket [protocol.py:403(RosbridgeProtocol.log)] [topics: /rosout, /connected_clients, /client_count, /kelpie/battery/voltage, /kelpie/leg_control/joint_states, /kelpie/imu, /kelpie/leg_control/currents] [Client 2] Subscribed to /kelpie/imu
                                                                                                                                                                                                                                                                                                                                                                                                                                                                                                                                                                                                                                                                                                                                                                                                                                                                                                                            