[rosmaster.main][INFO] 2025-08-13 17:42:15,068: initialization complete, waiting for shutdown
[rosmaster.main][INFO] 2025-08-13 17:42:15,068: Starting ROS Master Node
[xmlrpc][INFO] 2025-08-13 17:42:15,070: XML-RPC server binding to 127.0.0.1:11311
[xmlrpc][INFO] 2025-08-13 17:42:15,071: Started XML-RPC server [http://localhost:11311/]
[rosmaster.master][INFO] 2025-08-13 17:42:15,071: Master initialized: port[11311], uri[http://localhost:11311/]
[xmlrpc][INFO] 2025-08-13 17:42:15,071: xml rpc node: starting XML-RPC server
[rosmaster.master][INFO] 2025-08-13 17:42:15,086: +PARAM [/run_id] by /roslaunch
[rosmaster.master][INFO] 2025-08-13 17:42:15,089: +PARAM [/roslaunch/uris/host_localhost__37899] by /roslaunch
[rosmaster.master][INFO] 2025-08-13 17:42:15,231: +PARAM [/rosversion] by /roslaunch
[rosmaster.master][INFO] 2025-08-13 17:42:15,231: +PARAM [/rosdistro] by /roslaunch
[rosmaster.master][INFO] 2025-08-13 17:42:15,231: +PARAM [/rosbridge_websocket/authenticate] by /roslaunch
[rosmaster.master][INFO] 2025-08-13 17:42:15,232: +PARAM [/rosbridge_websocket/port] by /roslaunch
[rosmaster.master][INFO] 2025-08-13 17:42:15,232: +PARAM [/rosbridge_websocket/address] by /roslaunch
[rosmaster.master][INFO] 2025-08-13 17:42:15,232: +PARAM [/rosbridge_websocket/retry_startup_delay] by /roslaunch
[rosmaster.master][INFO] 2025-08-13 17:42:15,232: +PARAM [/rosbridge_websocket/fragment_timeout] by /roslaunch
[rosmaster.master][INFO] 2025-08-13 17:42:15,233: +PARAM [/rosbridge_websocket/delay_between_messages] by /roslaunch
[rosmaster.master][INFO] 2025-08-13 17:42:15,233: +PARAM [/rosbridge_websocket/max_message_size] by /roslaunch
[rosmaster.master][INFO] 2025-08-13 17:42:15,233: +PARAM [/rosbridge_websocket/unregister_timeout] by /roslaunch
[rosmaster.master][INFO] 2025-08-13 17:42:15,233: +PARAM [/rosbridge_websocket/use_compression] by /roslaunch
[rosmaster.master][INFO] 2025-08-13 17:42:15,234: +PARAM [/rosbridge_websocket/websocket_ping_interval] by /roslaunch
[rosmaster.master][INFO] 2025-08-13 17:42:15,234: +PARAM [/rosbridge_websocket/websocket_ping_timeout] by /roslaunch
[rosmaster.master][INFO] 2025-08-13 17:42:15,234: +PARAM [/rosbridge_websocket/websocket_external_port] by /roslaunch
[rosmaster.master][INFO] 2025-08-13 17:42:15,234: +PARAM [/rosbridge_websocket/topics_glob] by /roslaunch
[rosmaster.master][INFO] 2025-08-13 17:42:15,234: +PARAM [/rosbridge_websocket/services_glob] by /roslaunch
[rosmaster.master][INFO] 2025-08-13 17:42:15,235: +PARAM [/rosbridge_websocket/params_glob] by /roslaunch
[rosmaster.master][INFO] 2025-08-13 17:42:15,235: +PARAM [/rosbridge_websocket/bson_only_mode] by /roslaunch
[rosmaster.master][INFO] 2025-08-13 17:42:15,235: +PARAM [/rosapi/topics_glob] by /roslaunch
[rosmaster.master][INFO] 2025-08-13 17:42:15,236: +PARAM [/rosapi/services_glob] by /roslaunch
[rosmaster.master][INFO] 2025-08-13 17:42:15,236: +PARAM [/rosapi/params_glob] by /roslaunch
[rosmaster.master][INFO] 2025-08-13 17:42:15,237: +PARAM [/JOYSTICK/autorepeat_rate] by /roslaunch
[rosmaster.master][INFO] 2025-08-13 17:42:15,238: +PARAM [/JOYSTICK/joy_node/dev] by /roslaunch
[rosmaster.master][INFO] 2025-08-13 17:42:15,240: +SERVICE [/rosout/get_loggers] /rosout http://localhost:38943/
[rosmaster.master][INFO] 2025-08-13 17:42:15,243: +SERVICE [/rosout/set_logger_level] /rosout http://localhost:38943/
[rosmaster.master][INFO] 2025-08-13 17:42:15,249: +PUB [/rosout_agg] /rosout http://localhost:38943/
[rosmaster.master][INFO] 2025-08-13 17:42:15,262: +SUB [/rosout] /rosout http://localhost:38943/
[rosmaster.master][INFO] 2025-08-13 17:42:15,501: +PUB [/rosout] /JOYSTICK http://localhost:37001/
[rosmaster.master][INFO] 2025-08-13 17:42:15,503: +SERVICE [/JOYSTICK/get_loggers] /JOYSTICK http://localhost:37001/
[rosmaster.master][INFO] 2025-08-13 17:42:15,505: +SERVICE [/JOYSTICK/set_logger_level] /JOYSTICK http://localhost:37001/
[rosmaster.master][INFO] 2025-08-13 17:42:15,509: +PUB [/diagnostics] /JOYSTICK http://localhost:37001/
[rosmaster.master][INFO] 2025-08-13 17:42:15,520: +CACHEDPARAM [/JOYSTICK/diagnostic_period] by /JOYSTICK
[rosmaster.master][INFO] 2025-08-13 17:42:15,525: +PUB [/joy] /JOYSTICK http://localhost:37001/
[rosmaster.master][INFO] 2025-08-13 17:42:15,545: +SUB [/joy/set_feedback] /JOYSTICK http://localhost:37001/
[rosmaster.master][INFO] 2025-08-13 17:42:15,570: publisherUpdate[/rosout] -> http://localhost:38943/ ['http://localhost:37001/']
[rosmaster.master][INFO] 2025-08-13 17:42:15,598: publisherUpdate[/rosout] -> http://localhost:38943/ ['http://localhost:37001/']: sec=0.03, result=[1, '', 0]
[rosmaster.master][INFO] 2025-08-13 17:42:15,661: +CACHEDPARAM [/rosout_disable_topics_generation] by /JOYSTICK
[rosmaster.master][INFO] 2025-08-13 17:42:16,960: +PUB [/rosout] /rosapi http://localhost:44849/
[rosmaster.master][INFO] 2025-08-13 17:42:16,963: +PUB [/rosout] /kelpie http://localhost:43019/
[rosmaster.master][INFO] 2025-08-13 17:42:16,969: +SERVICE [/rosapi/get_loggers] /rosapi http://localhost:44849/
[rosmaster.master][INFO] 2025-08-13 17:42:16,971: +SERVICE [/kelpie/get_loggers] /kelpie http://localhost:43019/
[rosmaster.master][INFO] 2025-08-13 17:42:16,978: publisherUpdate[/rosout] -> http://localhost:38943/ ['http://localhost:37001/', 'http://localhost:44849/']
[rosmaster.master][INFO] 2025-08-13 17:42:16,980: +SERVICE [/rosapi/set_logger_level] /rosapi http://localhost:44849/
[rosmaster.master][INFO] 2025-08-13 17:42:16,982: +SERVICE [/kelpie/set_logger_level] /kelpie http://localhost:43019/
[rosmaster.master][INFO] 2025-08-13 17:42:16,986: publisherUpdate[/rosout] -> http://localhost:38943/ ['http://localhost:37001/', 'http://localhost:44849/']: sec=0.01, result=[1, '', 0]
[rosmaster.master][INFO] 2025-08-13 17:42:16,987: publisherUpdate[/rosout] -> http://localhost:38943/ ['http://localhost:37001/', 'http://localhost:44849/', 'http://localhost:43019/']
[rosmaster.master][INFO] 2025-08-13 17:42:16,992: publisherUpdate[/rosout] -> http://localhost:38943/ ['http://localhost:37001/', 'http://localhost:44849/', 'http://localhost:43019/']: sec=0.00, result=[1, '', 0]
[rosmaster.master][INFO] 2025-08-13 17:42:16,993: +SUB [/kelpie/imu] /kelpie http://localhost:43019/
[rosmaster.master][INFO] 2025-08-13 17:42:16,997: +SERVICE [/rosapi/topics] /rosapi http://localhost:44849/
[rosmaster.master][INFO] 2025-08-13 17:42:16,999: +SUB [/kelpie/leg_control/currents] /kelpie http://localhost:43019/
[rosmaster.master][INFO] 2025-08-13 17:42:17,001: +SERVICE [/rosapi/topics_for_type] /rosapi http://localhost:44849/
[rosmaster.master][INFO] 2025-08-13 17:42:17,004: +SERVICE [/rosapi/services] /rosapi http://localhost:44849/
[rosmaster.master][INFO] 2025-08-13 17:42:17,006: +SUB [/kelpie/battery/voltage] /kelpie http://localhost:43019/
[rosmaster.master][INFO] 2025-08-13 17:42:17,008: +SERVICE [/rosapi/services_for_type] /rosapi http://localhost:44849/
[rosmaster.master][INFO] 2025-08-13 17:42:17,009: +PUB [/kelpie/leg_control/joint_states] /kelpie http://localhost:43019/
[rosmaster.master][INFO] 2025-08-13 17:42:17,011: +SERVICE [/rosapi/nodes] /rosapi http://localhost:44849/
[rosmaster.master][INFO] 2025-08-13 17:42:17,016: +SERVICE [/rosapi/node_details] /rosapi http://localhost:44849/
[rosmaster.master][INFO] 2025-08-13 17:42:17,018: +CACHEDPARAM [/rosout_disable_topics_generation] by /kelpie
[rosmaster.master][INFO] 2025-08-13 17:42:17,020: +SERVICE [/rosapi/action_servers] /rosapi http://localhost:44849/
[rosmaster.master][INFO] 2025-08-13 17:42:17,024: +SUB [/kelpie/command_input] /kelpie http://localhost:43019/
[rosmaster.master][INFO] 2025-08-13 17:42:17,025: +SERVICE [/rosapi/topic_type] /rosapi http://localhost:44849/
[rosmaster.master][INFO] 2025-08-13 17:42:17,029: +SERVICE [/rosapi/service_type] /rosapi http://localhost:44849/
[rosmaster.master][INFO] 2025-08-13 17:42:17,030: +CACHEDPARAM [/rosout_disable_topics_generation] by /kelpie
[rosmaster.master][INFO] 2025-08-13 17:42:17,033: +SERVICE [/rosapi/publishers] /rosapi http://localhost:44849/
[rosmaster.master][INFO] 2025-08-13 17:42:17,034: +CACHEDPARAM [/rosout_disable_topics_generation] by /kelpie
[rosmaster.master][INFO] 2025-08-13 17:42:17,036: +SERVICE [/rosapi/subscribers] /rosapi http://localhost:44849/
[rosmaster.master][INFO] 2025-08-13 17:42:17,040: +SERVICE [/rosapi/service_providers] /rosapi http://localhost:44849/
[rosmaster.master][INFO] 2025-08-13 17:42:17,041: +CACHEDPARAM [/rosout_disable_topics_generation] by /kelpie
[rosmaster.master][INFO] 2025-08-13 17:42:17,044: +SERVICE [/rosapi/service_node] /rosapi http://localhost:44849/
[rosmaster.master][INFO] 2025-08-13 17:42:17,045: +CACHEDPARAM [/rosout_disable_topics_generation] by /kelpie
[rosmaster.master][INFO] 2025-08-13 17:42:17,047: +SERVICE [/rosapi/service_host] /rosapi http://localhost:44849/
[rosmaster.master][INFO] 2025-08-13 17:42:17,049: +CACHEDPARAM [/rosout_disable_topics_generation] by /kelpie
[rosmaster.master][INFO] 2025-08-13 17:42:17,050: +SERVICE [/rosapi/message_details] /rosapi http://localhost:44849/
[rosmaster.master][INFO] 2025-08-13 17:42:17,053: +CACHEDPARAM [/rosout_disable_topics_generation] by /kelpie
[rosmaster.master][INFO] 2025-08-13 17:42:17,054: +SERVICE [/rosapi/service_request_details] /rosapi http://localhost:44849/
[rosmaster.master][INFO] 2025-08-13 17:42:17,058: +SERVICE [/rosapi/service_response_details] /rosapi http://localhost:44849/
[rosmaster.master][INFO] 2025-08-13 17:42:17,059: +CACHEDPARAM [/rosout_disable_topics_generation] by /kelpie
[rosmaster.master][INFO] 2025-08-13 17:42:17,062: +SERVICE [/rosapi/set_param] /rosapi http://localhost:44849/
[rosmaster.master][INFO] 2025-08-13 17:42:17,064: +CACHEDPARAM [/rosout_disable_topics_generation] by /kelpie
[rosmaster.master][INFO] 2025-08-13 17:42:17,065: +SERVICE [/rosapi/get_param] /rosapi http://localhost:44849/
[rosmaster.master][INFO] 2025-08-13 17:42:17,069: +SERVICE [/rosapi/has_param] /rosapi http://localhost:44849/
[rosmaster.master][INFO] 2025-08-13 17:42:17,072: +SERVICE [/rosapi/search_param] /rosapi http://localhost:44849/
[rosmaster.master][INFO] 2025-08-13 17:42:17,075: +SERVICE [/rosapi/delete_param] /rosapi http://localhost:44849/
[rosmaster.master][INFO] 2025-08-13 17:42:17,078: +SERVICE [/rosapi/get_param_names] /rosapi http://localhost:44849/
[rosmaster.master][INFO] 2025-08-13 17:42:17,082: +SERVICE [/rosapi/get_time] /rosapi http://localhost:44849/
[rosmaster.master][INFO] 2025-08-13 17:42:17,085: +SERVICE [/rosapi/topics_and_raw_types] /rosapi http://localhost:44849/
[rosmaster.master][INFO] 2025-08-13 17:42:17,088: +CACHEDPARAM [/rosout_disable_topics_generation] by /rosapi
[rosmaster.master][INFO] 2025-08-13 17:42:17,200: +CACHEDPARAM [/rosout/omit_topics] by /rosout
[rosmaster.master][INFO] 2025-08-13 17:42:17,491: +PUB [/kelpie/leg_control/currents] /hardware http://localhost:37813/
[rosmaster.master][INFO] 2025-08-13 17:42:17,494: +PUB [/kelpie/battery/voltage] /hardware http://localhost:37813/
[rosmaster.master][INFO] 2025-08-13 17:42:17,494: publisherUpdate[/kelpie/leg_control/currents] -> http://localhost:43019/ ['http://localhost:37813/']
[rosmaster.master][INFO] 2025-08-13 17:42:17,497: +PUB [/kelpie/imu] /hardware http://localhost:37813/
[rosmaster.master][INFO] 2025-08-13 17:42:17,521: publisherUpdate[/kelpie/leg_control/currents] -> http://localhost:43019/ ['http://localhost:37813/']: sec=0.03, result=[1, '', 0]
[rosmaster.master][INFO] 2025-08-13 17:42:17,521: publisherUpdate[/kelpie/battery/voltage] -> http://localhost:43019/ ['http://localhost:37813/']
[rosmaster.master][INFO] 2025-08-13 17:42:17,533: publisherUpdate[/kelpie/battery/voltage] -> http://localhost:43019/ ['http://localhost:37813/']: sec=0.01, result=[1, '', 0]
[rosmaster.master][INFO] 2025-08-13 17:42:17,534: publisherUpdate[/kelpie/imu] -> http://localhost:43019/ ['http://localhost:37813/']
[rosmaster.master][INFO] 2025-08-13 17:42:17,540: publisherUpdate[/kelpie/imu] -> http://localhost:43019/ ['http://localhost:37813/']: sec=0.01, result=[1, '', 0]
[rosmaster.master][INFO] 2025-08-13 17:42:17,577: +PUB [/rosout] /hardware http://localhost:37813/
[rosmaster.master][INFO] 2025-08-13 17:42:17,580: publisherUpdate[/rosout] -> http://localhost:38943/ ['http://localhost:37001/', 'http://localhost:44849/', 'http://localhost:43019/', 'http://localhost:37813/']
[rosmaster.master][INFO] 2025-08-13 17:42:17,584: publisherUpdate[/rosout] -> http://localhost:38943/ ['http://localhost:37001/', 'http://localhost:44849/', 'http://localhost:43019/', 'http://localhost:37813/']: sec=0.00, result=[1, '', 0]
[rosmaster.master][INFO] 2025-08-13 17:42:17,585: +SERVICE [/hardware/get_loggers] /hardware http://localhost:37813/
[rosmaster.master][INFO] 2025-08-13 17:42:17,588: +SERVICE [/hardware/set_logger_level] /hardware http://localhost:37813/
[rosmaster.master][INFO] 2025-08-13 17:42:17,593: +PUB [/rosout] /rosbridge_websocket http://localhost:42113/
[rosmaster.master][INFO] 2025-08-13 17:42:17,600: +SERVICE [/rosbridge_websocket/get_loggers] /rosbridge_websocket http://localhost:42113/
[rosmaster.master][INFO] 2025-08-13 17:42:17,603: publisherUpdate[/rosout] -> http://localhost:38943/ ['http://localhost:37001/', 'http://localhost:44849/', 'http://localhost:43019/', 'http://localhost:37813/', 'http://localhost:42113/']
[rosmaster.master][INFO] 2025-08-13 17:42:17,604: +SERVICE [/rosbridge_websocket/set_logger_level] /rosbridge_websocket http://localhost:42113/
[rosmaster.master][INFO] 2025-08-13 17:42:17,607: publisherUpdate[/rosout] -> http://localhost:38943/ ['http://localhost:37001/', 'http://localhost:44849/', 'http://localhost:43019/', 'http://localhost:37813/', 'http://localhost:42113/']: sec=0.00, result=[1, '', 0]
[rosmaster.master][INFO] 2025-08-13 17:42:17,646: +PUB [/client_count] /rosbridge_websocket http://localhost:42113/
[rosmaster.master][INFO] 2025-08-13 17:42:17,649: +PUB [/connected_clients] /rosbridge_websocket http://localhost:42113/
[rosmaster.master][INFO] 2025-08-13 17:42:17,660: +PARAM [/rosbridge_websocket/actual_port] by /rosbridge_websocket
[rosmaster.master][INFO] 2025-08-13 17:42:17,661: +SUB [/kelpie/leg_control/joint_states] /hardware http://localhost:37813/
[rosmaster.master][INFO] 2025-08-13 17:42:17,670: +CACHEDPARAM [/rosout_disable_topics_generation] by /rosbridge_websocket
[rosmaster.master][INFO] 2025-08-13 17:42:17,671: +SUB [/joy] /hardware http://localhost:37813/
[rosmaster.master][INFO] 2025-08-13 17:42:17,674: +PUB [/kelpie/command_input] /hardware http://localhost:37813/
[rosmaster.master][INFO] 2025-08-13 17:42:17,686: publisherUpdate[/kelpie/command_input] -> http://localhost:43019/ ['http://localhost:37813/']
[rosmaster.master][INFO] 2025-08-13 17:42:17,745: publisherUpdate[/kelpie/command_input] -> http://localhost:43019/ ['http://localhost:37813/']: sec=0.06, result=[1, '', 0]
[rosmaster.master][INFO] 2025-08-13 17:42:24,765: +CACHEDPARAM [/rosout_disable_topics_generation] by /rosbridge_websocket
[rosmaster.master][INFO] 2025-08-13 17:42:25,658: +SUB [/kelpie/leg_control/joint_states] /rosbridge_websocket http://localhost:42113/
[rosmaster.master][INFO] 2025-08-13 17:42:25,663: +CACHEDPARAM [/rosout_disable_topics_generation] by /rosbridge_websocket
[rosmaster.master][INFO] 2025-08-13 17:42:25,674: +SUB [/kelpie/leg_control/currents] /rosbridge_websocket http://localhost:42113/
[rosmaster.master][INFO] 2025-08-13 17:42:25,678: +CACHEDPARAM [/rosout_disable_topics_generation] by /rosbridge_websocket
[rosmaster.master][INFO] 2025-08-13 17:42:25,694: +SUB [/kelpie/battery/voltage] /rosbridge_websocket http://localhost:42113/
[rosmaster.master][INFO] 2025-08-13 17:42:25,700: +CACHEDPARAM [/rosout_disable_topics_generation] by /rosbridge_websocket
[rosmaster.master][INFO] 2025-08-13 17:42:25,716: +SUB [/kelpie/imu] /rosbridge_websocket http://localhost:42113/
[rosmaster.master][INFO] 2025-08-13 17:42:25,724: +CACHEDPARAM [/rosout_disable_topics_generation] by /rosbridge_websocket
[rosmaster.master][INFO] 2025-08-13 17:42:32,001: +CACHEDPARAM [/rosout_disable_topics_generation] by /rosbridge_websocket
[rosmaster.master][INFO] 2025-08-13 17:42:32,006: -SUB [/kelpie/leg_control/joint_states] /rosbridge_websocket http://localhost:42113/
[rosmaster.master][INFO] 2025-08-13 17:42:32,010: -SUB [/kelpie/leg_control/currents] /rosbridge_websocket http://localhost:42113/
[rosmaster.master][INFO] 2025-08-13 17:42:32,014: -SUB [/kelpie/battery/voltage] /rosbridge_websocket http://localhost:42113/
[rosmaster.master][INFO] 2025-08-13 17:42:32,018: -SUB [/kelpie/imu] /rosbridge_websocket http://localhost:42113/
[rosmaster.master][INFO] 2025-08-13 17:42:32,041: +CACHEDPARAM [/rosout_disable_topics_generation] by /rosbridge_websocket
[rosmaster.master][INFO] 2025-08-13 17:42:34,654: +PUB [/kelpie/command_input] /rosbridge_websocket http://localhost:42113/
[rosmaster.master][INFO] 2025-08-13 17:42:34,666: publisherUpdate[/kelpie/command_input] -> http://localhost:43019/ ['http://localhost:37813/', 'http://localhost:42113/']
[rosmaster.master][INFO] 2025-08-13 17:42:34,675: publisherUpdate[/kelpie/command_input] -> http://localhost:43019/ ['http://localhost:37813/', 'http://localhost:42113/']: sec=0.01, result=[1, '', 0]
[rosmaster.master][INFO] 2025-08-13 17:44:10,501: +CACHEDPARAM [/rosout_disable_topics_generation] by /rosbridge_websocket
[rosmaster.master][INFO] 2025-08-13 17:44:10,515: +CACHEDPARAM [/rosout_disable_topics_generation] by /rosbridge_websocket
[rosmaster.master][INFO] 2025-08-13 17:44:10,554: +SUB [/kelpie/leg_control/joint_states] /rosbridge_websocket http://localhost:42113/
[rosmaster.master][INFO] 2025-08-13 17:44:10,558: +CACHEDPARAM [/rosout_disable_topics_generation] by /rosbridge_websocket
[rosmaster.master][INFO] 2025-08-13 17:44:10,606: +SUB [/kelpie/leg_control/currents] /rosbridge_websocket http://localhost:42113/
[rosmaster.master][INFO] 2025-08-13 17:44:10,611: +CACHEDPARAM [/rosout_disable_topics_generation] by /rosbridge_websocket
[rosmaster.master][INFO] 2025-08-13 17:44:10,625: +SUB [/kelpie/battery/voltage] /rosbridge_websocket http://localhost:42113/
[rosmaster.master][INFO] 2025-08-13 17:44:10,630: +CACHEDPARAM [/rosout_disable_topics_generation] by /rosbridge_websocket
[rosmaster.master][INFO] 2025-08-13 17:44:10,645: +SUB [/kelpie/imu] /rosbridge_websocket http://localhost:42113/
[rosmaster.master][INFO] 2025-08-13 17:44:10,650: +CACHEDPARAM [/rosout_disable_topics_generation] by /rosbridge_websocket
[rosmaster.master][INFO] 2025-08-13 17:44:18,299: +CACHEDPARAM [/rosout_disable_topics_generation] by /rosbridge_websocket
[rosmaster.master][INFO] 2025-08-13 17:44:18,304: -SUB [/kelpie/leg_control/joint_states] /rosbridge_websocket http://localhost:42113/
[rosmaster.master][INFO] 2025-08-13 17:44:18,308: -SUB [/kelpie/leg_control/currents] /rosbridge_websocket http://localhost:42113/
[rosmaster.master][INFO] 2025-08-13 17:44:18,312: -SUB [/kelpie/battery/voltage] /rosbridge_websocket http://localhost:42113/
[rosmaster.master][INFO] 2025-08-13 17:44:18,315: -SUB [/kelpie/imu] /rosbridge_websocket http://localhost:42113/
[rosmaster.master][INFO] 2025-08-13 17:44:18,387: +CACHEDPARAM [/rosout_disable_topics_generation] by /rosbridge_websocket
[rosmaster.master][INFO] 2025-08-13 17:47:56,893: -SUB [/kelpie/leg_control/joint_states] /hardware http://localhost:37813/
[rosmaster.master][INFO] 2025-08-13 17:47:56,894: -SUB [/joy] /hardware http://localhost:37813/
[rosmaster.master][INFO] 2025-08-13 17:47:56,898: -PUB [/rosout] /rosapi http://localhost:44849/
[rosmaster.master][INFO] 2025-08-13 17:47:56,899: -PUB [/kelpie/leg_control/currents] /hardware http://localhost:37813/
[rosmaster.master][INFO] 2025-08-13 17:47:56,900: -PUB [/rosout] /rosbridge_websocket http://localhost:42113/
[rosmaster.master][INFO] 2025-08-13 17:47:56,900: -SERVICE [/rosapi/get_loggers] /rosapi rosrpc://localhost:37235
[rosmaster.master][INFO] 2025-08-13 17:47:56,900: -PUB [/kelpie/battery/voltage] /hardware http://localhost:37813/
[rosmaster.master][INFO] 2025-08-13 17:47:56,900: -PUB [/client_count] /rosbridge_websocket http://localhost:42113/
[rosmaster.master][INFO] 2025-08-13 17:47:56,901: -SERVICE [/rosapi/set_logger_level] /rosapi rosrpc://localhost:37235
[rosmaster.master][INFO] 2025-08-13 17:47:56,901: -PUB [/kelpie/imu] /hardware http://localhost:37813/
[rosmaster.master][INFO] 2025-08-13 17:47:56,901: -PUB [/connected_clients] /rosbridge_websocket http://localhost:42113/
[rosmaster.master][INFO] 2025-08-13 17:47:56,901: -SERVICE [/rosapi/topics] /rosapi rosrpc://localhost:37235
[rosmaster.master][INFO] 2025-08-13 17:47:56,902: -PUB [/rosout] /hardware http://localhost:37813/
[rosmaster.master][INFO] 2025-08-13 17:47:56,902: -PUB [/kelpie/command_input] /rosbridge_websocket http://localhost:42113/
[rosmaster.master][INFO] 2025-08-13 17:47:56,902: -SERVICE [/rosapi/topics_for_type] /rosapi rosrpc://localhost:37235
[rosmaster.master][INFO] 2025-08-13 17:47:56,902: -PUB [/kelpie/command_input] /hardware http://localhost:37813/
[rosmaster.master][INFO] 2025-08-13 17:47:56,903: -SERVICE [/rosbridge_websocket/get_loggers] /rosbridge_websocket rosrpc://localhost:46637
[rosmaster.master][INFO] 2025-08-13 17:47:56,903: -SERVICE [/rosapi/services] /rosapi rosrpc://localhost:37235
[rosmaster.master][INFO] 2025-08-13 17:47:56,903: -SERVICE [/hardware/get_loggers] /hardware rosrpc://localhost:44791
[rosmaster.master][INFO] 2025-08-13 17:47:56,903: -SERVICE [/rosbridge_websocket/set_logger_level] /rosbridge_websocket rosrpc://localhost:46637
[rosmaster.master][INFO] 2025-08-13 17:47:56,904: -SERVICE [/rosapi/services_for_type] /rosapi rosrpc://localhost:37235
[rosmaster.master][INFO] 2025-08-13 17:47:56,905: -SERVICE [/hardware/set_logger_level] /hardware rosrpc://localhost:44791
[rosmaster.master][INFO] 2025-08-13 17:47:56,906: -SERVICE [/rosapi/nodes] /rosapi rosrpc://localhost:37235
[rosmaster.master][INFO] 2025-08-13 17:47:56,906: -SERVICE [/rosapi/node_details] /rosapi rosrpc://localhost:37235
[rosmaster.master][INFO] 2025-08-13 17:47:56,907: -SERVICE [/rosapi/action_servers] /rosapi rosrpc://localhost:37235
[rosmaster.master][INFO] 2025-08-13 17:47:56,908: -SERVICE [/rosapi/topic_type] /rosapi rosrpc://localhost:37235
[rosmaster.master][INFO] 2025-08-13 17:47:56,908: -SERVICE [/rosapi/service_type] /rosapi rosrpc://localhost:37235
[rosmaster.master][INFO] 2025-08-13 17:47:56,909: -SERVICE [/rosapi/publishers] /rosapi rosrpc://localhost:37235
[rosmaster.master][INFO] 2025-08-13 17:47:56,909: -SERVICE [/rosapi/subscribers] /rosapi rosrpc://localhost:37235
[rosmaster.master][INFO] 2025-08-13 17:47:56,910: -SERVICE [/rosapi/service_providers] /rosapi rosrpc://localhost:37235
[rosmaster.master][INFO] 2025-08-13 17:47:56,911: -SERVICE [/rosapi/service_node] /rosapi rosrpc://localhost:37235
[rosmaster.master][INFO] 2025-08-13 17:47:56,911: -SERVICE [/rosapi/service_host] /rosapi rosrpc://localhost:37235
[rosmaster.master][INFO] 2025-08-13 17:47:56,912: -SERVICE [/rosapi/message_details] /rosapi rosrpc://localhost:37235
[rosmaster.master][INFO] 2025-08-13 17:47:56,912: -SERVICE [/rosapi/service_request_details] /rosapi rosrpc://localhost:37235
[rosmaster.master][INFO] 2025-08-13 17:47:56,913: -SERVICE [/rosapi/service_response_details] /rosapi rosrpc://localhost:37235
[rosmaster.master][INFO] 2025-08-13 17:47:56,913: -SERVICE [/rosapi/set_param] /rosapi rosrpc://localhost:37235
[rosmaster.master][INFO] 2025-08-13 17:47:56,914: -SERVICE [/rosapi/get_param] /rosapi rosrpc://localhost:37235
[rosmaster.master][INFO] 2025-08-13 17:47:56,915: -SERVICE [/rosapi/has_param] /rosapi rosrpc://localhost:37235
[rosmaster.master][INFO] 2025-08-13 17:47:56,915: -SERVICE [/rosapi/search_param] /rosapi rosrpc://localhost:37235
[rosmaster.master][INFO] 2025-08-13 17:47:56,916: -SERVICE [/rosapi/delete_param] /rosapi rosrpc://localhost:37235
[rosmaster.master][INFO] 2025-08-13 17:47:56,916: -SERVICE [/rosapi/get_param_names] /rosapi rosrpc://localhost:37235
[rosmaster.master][INFO] 2025-08-13 17:47:56,917: -SERVICE [/rosapi/get_time] /rosapi rosrpc://localhost:37235
[rosmaster.master][INFO] 2025-08-13 17:47:56,917: -SERVICE [/rosapi/topics_and_raw_types] /rosapi rosrpc://localhost:37235
[rosmaster.master][INFO] 2025-08-13 17:47:56,919: publisherUpdate[/rosout] -> http://localhost:38943/ ['http://localhost:37001/', 'http://localhost:43019/', 'http://localhost:37813/', 'http://localhost:42113/']
[rosmaster.master][INFO] 2025-08-13 17:47:56,921: publisherUpdate[/rosout] -> http://localhost:38943/ ['http://localhost:37001/', 'http://localhost:43019/', 'http://localhost:37813/', 'http://localhost:42113/']: sec=0.00, result=[1, '', 0]
[rosmaster.master][INFO] 2025-08-13 17:47:56,921: publisherUpdate[/kelpie/leg_control/currents] -> http://localhost:43019/ []
[rosmaster.master][INFO] 2025-08-13 17:47:56,926: publisherUpdate[/kelpie/leg_control/currents] -> http://localhost:43019/ []: sec=0.00, result=[1, '', 0]
[rosmaster.master][INFO] 2025-08-13 17:47:56,926: publisherUpdate[/rosout] -> http://localhost:38943/ ['http://localhost:37001/', 'http://localhost:43019/', 'http://localhost:37813/']
[rosmaster.master][INFO] 2025-08-13 17:47:56,927: publisherUpdate[/rosout] -> http://localhost:38943/ ['http://localhost:37001/', 'http://localhost:43019/', 'http://localhost:37813/']: sec=0.00, result=[1, '', 0]
[rosmaster.master][INFO] 2025-08-13 17:47:56,928: publisherUpdate[/kelpie/battery/voltage] -> http://localhost:43019/ []
[rosmaster.master][INFO] 2025-08-13 17:47:56,930: publisherUpdate[/kelpie/battery/voltage] -> http://localhost:43019/ []: sec=0.00, result=[1, '', 0]
[rosmaster.master][INFO] 2025-08-13 17:47:56,931: publisherUpdate[/kelpie/imu] -> http://localhost:43019/ []
[rosmaster.master][INFO] 2025-08-13 17:47:56,933: publisherUpdate[/kelpie/imu] -> http://localhost:43019/ []: sec=0.00, result=[1, '', 0]
[rosmaster.master][INFO] 2025-08-13 17:47:56,933: publisherUpdate[/rosout] -> http://localhost:38943/ ['http://localhost:37001/', 'http://localhost:43019/']
[rosmaster.master][INFO] 2025-08-13 17:47:56,935: publisherUpdate[/rosout] -> http://localhost:38943/ ['http://localhost:37001/', 'http://localhost:43019/']: sec=0.00, result=[1, '', 0]
[rosmaster.master][INFO] 2025-08-13 17:47:56,935: publisherUpdate[/kelpie/command_input] -> http://localhost:43019/ ['http://localhost:37813/']
[rosmaster.master][INFO] 2025-08-13 17:47:56,938: publisherUpdate[/kelpie/command_input] -> http://localhost:43019/ ['http://localhost:37813/']: sec=0.00, result=[1, '', 0]
[rosmaster.master][INFO] 2025-08-13 17:47:56,938: publisherUpdate[/kelpie/command_input] -> http://localhost:43019/ []
[rosmaster.master][INFO] 2025-08-13 17:47:56,941: publisherUpdate[/kelpie/command_input] -> http://localhost:43019/ []: sec=0.00, result=[1, '', 0]
[rosmaster.master][INFO] 2025-08-13 17:47:56,961: -PUB [/rosout] /JOYSTICK http://localhost:37001/
[rosmaster.master][INFO] 2025-08-13 17:47:56,962: -PUB [/diagnostics] /JOYSTICK http://localhost:37001/
[rosmaster.master][INFO] 2025-08-13 17:47:56,964: -PUB [/joy] /JOYSTICK http://localhost:37001/
[rosmaster.master][INFO] 2025-08-13 17:47:56,965: -SUB [/joy/set_feedback] /JOYSTICK http://localhost:37001/
[rosmaster.master][INFO] 2025-08-13 17:47:56,966: -SERVICE [/JOYSTICK/get_loggers] /JOYSTICK rosrpc://localhost:58173
[rosmaster.master][INFO] 2025-08-13 17:47:56,967: publisherUpdate[/rosout] -> http://localhost:38943/ ['http://localhost:43019/']
[rosmaster.master][INFO] 2025-08-13 17:47:56,968: -SERVICE [/JOYSTICK/set_logger_level] /JOYSTICK rosrpc://localhost:58173
[rosmaster.master][INFO] 2025-08-13 17:47:56,970: publisherUpdate[/rosout] -> http://localhost:38943/ ['http://localhost:43019/']: sec=0.00, result=[1, '', 0]
[rosmaster.master][INFO] 2025-08-13 17:47:56,971: -CACHEDPARAM [/JOYSTICK/diagnostic_period] by /JOYSTICK
[rosmaster.master][INFO] 2025-08-13 17:47:56,972: -CACHEDPARAM [/rosout_disable_topics_generation] by /JOYSTICK
[rosmaster.master][INFO] 2025-08-13 17:47:57,504: +CACHEDPARAM [/rosout_disable_topics_generation] by /rosbridge_websocket
[rosmaster.master][INFO] 2025-08-13 17:48:11,925: -SUB [/kelpie/imu] /kelpie http://localhost:43019/
[rosmaster.master][INFO] 2025-08-13 17:48:11,926: -SUB [/kelpie/leg_control/currents] /kelpie http://localhost:43019/
[rosmaster.master][INFO] 2025-08-13 17:48:11,926: -SUB [/kelpie/battery/voltage] /kelpie http://localhost:43019/
[rosmaster.master][INFO] 2025-08-13 17:48:11,926: -SUB [/kelpie/command_input] /kelpie http://localhost:43019/
[rosmaster.master][INFO] 2025-08-13 17:48:11,926: -PUB [/rosout] /kelpie http://localhost:43019/
[rosmaster.master][INFO] 2025-08-13 17:48:11,927: -PUB [/kelpie/leg_control/joint_states] /kelpie http://localhost:43019/
[rosmaster.master][INFO] 2025-08-13 17:48:11,927: -SERVICE [/kelpie/get_loggers] /kelpie rosrpc://localhost:32977
[rosmaster.master][INFO] 2025-08-13 17:48:11,927: -SERVICE [/kelpie/set_logger_level] /kelpie rosrpc://localhost:32977
[rosmaster.master][INFO] 2025-08-13 17:48:11,964: publisherUpdate[/rosout] -> http://localhost:38943/ []
[rosmaster.master][INFO] 2025-08-13 17:48:11,966: publisherUpdate[/rosout] -> http://localhost:38943/ []: sec=0.00, result=[1, '', 0]
[rosmaster.master][INFO] 2025-08-13 17:48:14,069: -PUB [/rosout_agg] /rosout http://localhost:38943/
[rosmaster.master][INFO] 2025-08-13 17:48:14,071: -SUB [/rosout] /rosout http://localhost:38943/
[rosmaster.master][INFO] 2025-08-13 17:48:14,072: -SERVICE [/rosout/get_loggers] /rosout rosrpc://localhost:38799
[rosmaster.master][INFO] 2025-08-13 17:48:14,073: -SERVICE [/rosout/set_logger_level] /rosout rosrpc://localhost:38799
[rosmaster.master][INFO] 2025-08-13 17:48:14,075: -CACHEDPARAM [/rosout/omit_topics] by /rosout
[rosmaster.main][INFO] 2025-08-13 17:48:14,140: keyboard interrupt, will exit
[rosmaster.main][INFO] 2025-08-13 17:48:14,141: stopping master...
[rospy.core][INFO] 2025-08-13 17:48:14,141: signal_shutdown [atexit]
