

1755070935.247606048  Node Startup
1755070937.090183019 INFO /rosapi [rosapi_node:202(<module>)] [topics: /rosout] Rosapi started
1755070937.065703392 INFO /kelpie [main_driver.py:99(KelpieDriver.run)] [topics: /kelpie/imu, /kelpie/leg_control/joint_states, /kelpie/battery/voltage, /rosout, /kelpie/leg_control/currents, /kelpie/command_input] Manual robot control active. Currently not accepting external commands
1755070937.671709775 INFO /rosbridge_websocket [rosbridge_websocket:312(<module>)] [topics: /rosout, /client_count, /connected_clients] Rosbridge WebSocket server started at ws://0.0.0.0:9090
1755070944.767410516 INFO /rosbridge_websocket [autobahn_websocket.py:195(RosbridgeWebSocket.onOpen)] [topics: /rosout, /client_count, /connected_clients] Client connected.  1 clients total.
1755070945.664946079 INFO /rosbridge_websocket [protocol.py:403(RosbridgeProtocol.log)] [topics: /rosout, /client_count, /kelpie/leg_control/joint_states, /connected_clients] [Client 0] Subscribed to /kelpie/leg_control/joint_states
1755070945.680555820 INFO /rosbridge_websocket [protocol.py:403(RosbridgeProtocol.log)] [topics: /rosout, /kelpie/leg_control/joint_states, /connected_clients, /kelpie/leg_control/currents, /client_count] [Client 0] Subscribed to /kelpie/leg_control/currents
1755070945.702242612 INFO /rosbridge_websocket [protocol.py:403(RosbridgeProtocol.log)] [topics: /rosout, /kelpie/leg_control/joint_states, /connected_clients, /kelpie/leg_control/currents, /kelpie/battery/voltage, /client_count] [Client 0] Subscribed to /kelpie/battery/voltage
1755070945.726181745 INFO /rosbridge_websocket [protocol.py:403(RosbridgeProtocol.log)] [topics: /rosout, /client_count, /kelpie/leg_control/joint_states, /connected_clients, /kelpie/leg_control/currents, /kelpie/battery/voltage, /kelpie/imu] [Client 0] Subscribed to /kelpie/imu
1755070952.002464056 INFO /rosbridge_websocket [autobahn_websocket.py:255(RosbridgeWebSocket.onClose)] [topics: /rosout, /client_count, /kelpie/leg_control/joint_states, /connected_clients, /kelpie/leg_control/currents, /kelpie/battery/voltage, /kelpie/imu] Client disconnected. 0 clients total.
1755070952.042665481 INFO /rosbridge_websocket [autobahn_websocket.py:195(RosbridgeWebSocket.onOpen)] [topics: /rosout, /client_count, /connected_clients] Client connected.  1 clients total.
1755070976.396067319 ERROR /JOYSTICK [/tmp/binarydeb/ros-noetic-joy-1.15.1/src/joy_node.cpp:670(main)] [topics: /rosout, /diagnostics, /joy] Connection to joystick device lost unexpectedly. Will reopen.
1755070976.396318686 ERROR /JOYSTICK [/tmp/binarydeb/ros-noetic-joy-1.15.1/src/joy_node.cpp:415(main)] [topics: /rosout, /diagnostics, /joy] Couldn't open joystick /dev/input/js0. Will retry every second.
1755070977.440038898 INFO /JOYSTICK [/tmp/binarydeb/ros-noetic-joy-1.15.1/src/joy_node.cpp:464(main)] [topics: /rosout, /diagnostics, /joy] Opened joystick: /dev/input/js0 (Microsoft X-Box 360 pad). deadzone_: 0.050000.
1755071050.503242015 INFO /rosbridge_websocket [autobahn_websocket.py:255(RosbridgeWebSocket.onClose)] [topics: /rosout, /kelpie/command_input, /client_count, /connected_clients] Client disconnected. 0 clients total.
1755071050.517142534 INFO /rosbridge_websocket [autobahn_websocket.py:195(RosbridgeWebSocket.onOpen)] [topics: /rosout, /kelpie/command_input, /client_count, /connected_clients] Client connected.  1 clients total.
1755071050.559460163 INFO /rosbridge_websocket [protocol.py:403(RosbridgeProtocol.log)] [topics: /rosout, /kelpie/command_input, /kelpie/leg_control/joint_states, /connected_clients, /client_count] [Client 2] Subscribed to /kelpie/leg_control/joint_states
1755071050.613039016 INFO /rosbridge_websocket [protocol.py:403(RosbridgeProtocol.log)] [topics: /rosout, /kelpie/command_input, /kelpie/leg_control/joint_states, /connected_clients, /kelpie/leg_control/currents, /client_count] [Client 2] Subscribed to /kelpie/leg_control/currents
1755071050.632148504 INFO /rosbridge_websocket [protocol.py:403(RosbridgeProtocol.log)] [topics: /rosout, /kelpie/command_input, /kelpie/leg_control/joint_states, /connected_clients, /kelpie/leg_control/currents, /kelpie/battery/voltage, /client_count] [Client 2] Subscribed to /kelpie/battery/voltage
1755071050.652000665 INFO /rosbridge_websocket [protocol.py:403(RosbridgeProtocol.log)] [topics: /kelpie/command_input, /connected_clients, /kelpie/imu, /kelpie/battery/voltage, /client_count, /rosout, /kelpie/leg_control/joint_states, /kelpie/leg_control/currents] [Client 2] Subscribed to /kelpie/imu
1755071058.300475835 INFO /rosbridge_websocket [autobahn_websocket.py:255(RosbridgeWebSocket.onClose)] [topics: /kelpie/command_input, /connected_clients, /kelpie/imu, /kelpie/battery/voltage, /client_count, /rosout, /kelpie/leg_control/joint_states, /kelpie/leg_control/currents] Client disconnected. 0 clients total.
1755071058.388520240 INFO /rosbridge_websocket [autobahn_websocket.py:195(RosbridgeWebSocket.onOpen)] [topics: /rosout, /kelpie/command_input, /client_count, /connected_clients] Client connected.  1 clients total.
1755071216.860080300 ERROR /JOYSTICK [/tmp/binarydeb/ros-noetic-joy-1.15.1/src/joy_node.cpp:670(main)] [topics: /rosout, /diagnostics, /joy] Connection to joystick device lost unexpectedly. Will reopen.
1755071216.860370518 ERROR /JOYSTICK [/tmp/binarydeb/ros-noetic-joy-1.15.1/src/joy_node.cpp:415(main)] [topics: /rosout, /diagnostics, /joy] Couldn't open joystick /dev/input/js0. Will retry every second.
1755071217.892049339 INFO /JOYSTICK [/tmp/binarydeb/ros-noetic-joy-1.15.1/src/joy_node.cpp:464(main)] [topics: /rosout, /diagnostics, /joy] Opened joystick: /dev/input/js0 (Microsoft X-Box 360 pad). deadzone_: 0.050000.
