[rosmaster.main][INFO] 2025-08-13 16:01:08,153: initialization complete, waiting for shutdown
[rosmaster.main][INFO] 2025-08-13 16:01:08,153: Starting ROS Master Node
[xmlrpc][INFO] 2025-08-13 16:01:08,155: XML-RPC server binding to 127.0.0.1:11311
[xmlrpc][INFO] 2025-08-13 16:01:08,156: Started XML-RPC server [http://localhost:11311/]
[rosmaster.master][INFO] 2025-08-13 16:01:08,156: Master initialized: port[11311], uri[http://localhost:11311/]
[xmlrpc][INFO] 2025-08-13 16:01:08,156: xml rpc node: starting XML-RPC server
[rosmaster.master][INFO] 2025-08-13 16:01:08,183: +PARAM [/run_id] by /roslaunch
[rosmaster.master][INFO] 2025-08-13 16:01:08,186: +PARAM [/roslaunch/uris/host_localhost__46515] by /roslaunch
[rosmaster.master][INFO] 2025-08-13 16:01:08,305: +PARAM [/rosversion] by /roslaunch
[rosmaster.master][INFO] 2025-08-13 16:01:08,305: +PARAM [/rosdistro] by /roslaunch
[rosmaster.master][INFO] 2025-08-13 16:01:08,306: +PARAM [/rosbridge_websocket/authenticate] by /roslaunch
[rosmaster.master][INFO] 2025-08-13 16:01:08,306: +PARAM [/rosbridge_websocket/port] by /roslaunch
[rosmaster.master][INFO] 2025-08-13 16:01:08,306: +PARAM [/rosbridge_websocket/address] by /roslaunch
[rosmaster.master][INFO] 2025-08-13 16:01:08,306: +PARAM [/rosbridge_websocket/retry_startup_delay] by /roslaunch
[rosmaster.master][INFO] 2025-08-13 16:01:08,306: +PARAM [/rosbridge_websocket/fragment_timeout] by /roslaunch
[rosmaster.master][INFO] 2025-08-13 16:01:08,307: +PARAM [/rosbridge_websocket/delay_between_messages] by /roslaunch
[rosmaster.master][INFO] 2025-08-13 16:01:08,307: +PARAM [/rosbridge_websocket/max_message_size] by /roslaunch
[rosmaster.master][INFO] 2025-08-13 16:01:08,307: +PARAM [/rosbridge_websocket/unregister_timeout] by /roslaunch
[rosmaster.master][INFO] 2025-08-13 16:01:08,307: +PARAM [/rosbridge_websocket/use_compression] by /roslaunch
[rosmaster.master][INFO] 2025-08-13 16:01:08,308: +PARAM [/rosbridge_websocket/websocket_ping_interval] by /roslaunch
[rosmaster.master][INFO] 2025-08-13 16:01:08,308: +PARAM [/rosbridge_websocket/websocket_ping_timeout] by /roslaunch
[rosmaster.master][INFO] 2025-08-13 16:01:08,308: +PARAM [/rosbridge_websocket/websocket_external_port] by /roslaunch
[rosmaster.master][INFO] 2025-08-13 16:01:08,308: +PARAM [/rosbridge_websocket/topics_glob] by /roslaunch
[rosmaster.master][INFO] 2025-08-13 16:01:08,309: +PARAM [/rosbridge_websocket/services_glob] by /roslaunch
[rosmaster.master][INFO] 2025-08-13 16:01:08,309: +PARAM [/rosbridge_websocket/params_glob] by /roslaunch
[rosmaster.master][INFO] 2025-08-13 16:01:08,309: +PARAM [/rosbridge_websocket/bson_only_mode] by /roslaunch
[rosmaster.master][INFO] 2025-08-13 16:01:08,309: +PARAM [/rosapi/topics_glob] by /roslaunch
[rosmaster.master][INFO] 2025-08-13 16:01:08,309: +PARAM [/rosapi/services_glob] by /roslaunch
[rosmaster.master][INFO] 2025-08-13 16:01:08,310: +PARAM [/rosapi/params_glob] by /roslaunch
[rosmaster.master][INFO] 2025-08-13 16:01:08,310: +PARAM [/JOYSTICK/autorepeat_rate] by /roslaunch
[rosmaster.master][INFO] 2025-08-13 16:01:08,310: +PARAM [/JOYSTICK/joy_node/dev] by /roslaunch
[rosmaster.master][INFO] 2025-08-13 16:01:08,493: +SERVICE [/rosout/get_loggers] /rosout http://localhost:43313/
[rosmaster.master][INFO] 2025-08-13 16:01:08,495: +SERVICE [/rosout/set_logger_level] /rosout http://localhost:43313/
[rosmaster.master][INFO] 2025-08-13 16:01:08,503: +PUB [/rosout_agg] /rosout http://localhost:43313/
[rosmaster.master][INFO] 2025-08-13 16:01:08,515: +SUB [/rosout] /rosout http://localhost:43313/
[rosmaster.master][INFO] 2025-08-13 16:01:08,518: +PUB [/rosout] /JOYSTICK http://localhost:45557/
[rosmaster.master][INFO] 2025-08-13 16:01:08,520: +SERVICE [/JOYSTICK/get_loggers] /JOYSTICK http://localhost:45557/
[rosmaster.master][INFO] 2025-08-13 16:01:08,522: +SERVICE [/JOYSTICK/set_logger_level] /JOYSTICK http://localhost:45557/
[rosmaster.master][INFO] 2025-08-13 16:01:08,526: +PUB [/diagnostics] /JOYSTICK http://localhost:45557/
[rosmaster.master][INFO] 2025-08-13 16:01:08,528: +CACHEDPARAM [/JOYSTICK/diagnostic_period] by /JOYSTICK
[rosmaster.master][INFO] 2025-08-13 16:01:08,531: +PUB [/joy] /JOYSTICK http://localhost:45557/
[rosmaster.master][INFO] 2025-08-13 16:01:08,540: +SUB [/joy/set_feedback] /JOYSTICK http://localhost:45557/
[rosmaster.master][INFO] 2025-08-13 16:01:08,554: +CACHEDPARAM [/rosout_disable_topics_generation] by /JOYSTICK
[rosmaster.master][INFO] 2025-08-13 16:01:08,555: publisherUpdate[/rosout] -> http://localhost:43313/ ['http://localhost:45557/']
[rosmaster.master][INFO] 2025-08-13 16:01:08,566: publisherUpdate[/rosout] -> http://localhost:43313/ ['http://localhost:45557/']: sec=0.01, result=[1, '', 0]
[rosmaster.master][INFO] 2025-08-13 16:01:09,698: +PUB [/rosout] /rosapi http://localhost:38241/
[rosmaster.master][INFO] 2025-08-13 16:01:09,705: +SERVICE [/rosapi/get_loggers] /rosapi http://localhost:38241/
[rosmaster.master][INFO] 2025-08-13 16:01:09,709: +SERVICE [/rosapi/set_logger_level] /rosapi http://localhost:38241/
[rosmaster.master][INFO] 2025-08-13 16:01:09,719: +SERVICE [/rosapi/topics] /rosapi http://localhost:38241/
[rosmaster.master][INFO] 2025-08-13 16:01:09,722: +SERVICE [/rosapi/topics_for_type] /rosapi http://localhost:38241/
[rosmaster.master][INFO] 2025-08-13 16:01:09,725: +SERVICE [/rosapi/services] /rosapi http://localhost:38241/
[rosmaster.master][INFO] 2025-08-13 16:01:09,729: +SERVICE [/rosapi/services_for_type] /rosapi http://localhost:38241/
[rosmaster.master][INFO] 2025-08-13 16:01:09,732: +SERVICE [/rosapi/nodes] /rosapi http://localhost:38241/
[rosmaster.master][INFO] 2025-08-13 16:01:09,735: +SERVICE [/rosapi/node_details] /rosapi http://localhost:38241/
[rosmaster.master][INFO] 2025-08-13 16:01:09,738: +SERVICE [/rosapi/action_servers] /rosapi http://localhost:38241/
[rosmaster.master][INFO] 2025-08-13 16:01:09,742: +SERVICE [/rosapi/topic_type] /rosapi http://localhost:38241/
[rosmaster.master][INFO] 2025-08-13 16:01:09,745: +SERVICE [/rosapi/service_type] /rosapi http://localhost:38241/
[rosmaster.master][INFO] 2025-08-13 16:01:09,748: +SERVICE [/rosapi/publishers] /rosapi http://localhost:38241/
[rosmaster.master][INFO] 2025-08-13 16:01:09,751: +SERVICE [/rosapi/subscribers] /rosapi http://localhost:38241/
[rosmaster.master][INFO] 2025-08-13 16:01:09,754: +SERVICE [/rosapi/service_providers] /rosapi http://localhost:38241/
[rosmaster.master][INFO] 2025-08-13 16:01:09,757: publisherUpdate[/rosout] -> http://localhost:43313/ ['http://localhost:45557/', 'http://localhost:38241/']
[rosmaster.master][INFO] 2025-08-13 16:01:09,758: +SERVICE [/rosapi/service_node] /rosapi http://localhost:38241/
[rosmaster.master][INFO] 2025-08-13 16:01:09,767: +SERVICE [/rosapi/service_host] /rosapi http://localhost:38241/
[rosmaster.master][INFO] 2025-08-13 16:01:09,768: publisherUpdate[/rosout] -> http://localhost:43313/ ['http://localhost:45557/', 'http://localhost:38241/']: sec=0.01, result=[1, '', 0]
[rosmaster.master][INFO] 2025-08-13 16:01:09,771: +SERVICE [/rosapi/message_details] /rosapi http://localhost:38241/
[rosmaster.master][INFO] 2025-08-13 16:01:09,774: +SERVICE [/rosapi/service_request_details] /rosapi http://localhost:38241/
[rosmaster.master][INFO] 2025-08-13 16:01:09,777: +SERVICE [/rosapi/service_response_details] /rosapi http://localhost:38241/
[rosmaster.master][INFO] 2025-08-13 16:01:09,780: +SERVICE [/rosapi/set_param] /rosapi http://localhost:38241/
[rosmaster.master][INFO] 2025-08-13 16:01:09,784: +SERVICE [/rosapi/get_param] /rosapi http://localhost:38241/
[rosmaster.master][INFO] 2025-08-13 16:01:09,787: +SERVICE [/rosapi/has_param] /rosapi http://localhost:38241/
[rosmaster.master][INFO] 2025-08-13 16:01:09,790: +SERVICE [/rosapi/search_param] /rosapi http://localhost:38241/
[rosmaster.master][INFO] 2025-08-13 16:01:09,794: +SERVICE [/rosapi/delete_param] /rosapi http://localhost:38241/
[rosmaster.master][INFO] 2025-08-13 16:01:09,797: +SERVICE [/rosapi/get_param_names] /rosapi http://localhost:38241/
[rosmaster.master][INFO] 2025-08-13 16:01:09,801: +SERVICE [/rosapi/get_time] /rosapi http://localhost:38241/
[rosmaster.master][INFO] 2025-08-13 16:01:09,804: +SERVICE [/rosapi/topics_and_raw_types] /rosapi http://localhost:38241/
[rosmaster.master][INFO] 2025-08-13 16:01:09,807: +CACHEDPARAM [/rosout_disable_topics_generation] by /rosapi
[rosmaster.master][INFO] 2025-08-13 16:01:09,970: +CACHEDPARAM [/rosout/omit_topics] by /rosout
[rosmaster.master][INFO] 2025-08-13 16:01:10,473: +PUB [/rosout] /rosbridge_websocket http://localhost:33297/
[rosmaster.master][INFO] 2025-08-13 16:01:10,480: +SERVICE [/rosbridge_websocket/get_loggers] /rosbridge_websocket http://localhost:33297/
[rosmaster.master][INFO] 2025-08-13 16:01:10,483: +SERVICE [/rosbridge_websocket/set_logger_level] /rosbridge_websocket http://localhost:33297/
[rosmaster.master][INFO] 2025-08-13 16:01:10,519: +PUB [/client_count] /rosbridge_websocket http://localhost:33297/
[rosmaster.master][INFO] 2025-08-13 16:01:10,522: +PUB [/connected_clients] /rosbridge_websocket http://localhost:33297/
[rosmaster.master][INFO] 2025-08-13 16:01:10,532: +PARAM [/rosbridge_websocket/actual_port] by /rosbridge_websocket
[rosmaster.master][INFO] 2025-08-13 16:01:10,538: +CACHEDPARAM [/rosout_disable_topics_generation] by /rosbridge_websocket
[rosmaster.master][INFO] 2025-08-13 16:01:10,561: publisherUpdate[/rosout] -> http://localhost:43313/ ['http://localhost:45557/', 'http://localhost:38241/', 'http://localhost:33297/']
[rosmaster.master][INFO] 2025-08-13 16:01:10,565: publisherUpdate[/rosout] -> http://localhost:43313/ ['http://localhost:45557/', 'http://localhost:38241/', 'http://localhost:33297/']: sec=0.00, result=[1, '', 0]
[rosmaster.master][INFO] 2025-08-13 16:01:15,963: -PUB [/rosout] /rosbridge_websocket http://localhost:33297/
[rosmaster.master][INFO] 2025-08-13 16:01:15,968: -PUB [/rosout] /rosapi http://localhost:38241/
[rosmaster.master][INFO] 2025-08-13 16:01:15,968: -PUB [/client_count] /rosbridge_websocket http://localhost:33297/
[rosmaster.master][INFO] 2025-08-13 16:01:15,969: -SERVICE [/rosapi/get_loggers] /rosapi rosrpc://localhost:35105
[rosmaster.master][INFO] 2025-08-13 16:01:15,969: -PUB [/connected_clients] /rosbridge_websocket http://localhost:33297/
[rosmaster.master][INFO] 2025-08-13 16:01:15,969: -SERVICE [/rosapi/set_logger_level] /rosapi rosrpc://localhost:35105
[rosmaster.master][INFO] 2025-08-13 16:01:15,970: -SERVICE [/rosbridge_websocket/get_loggers] /rosbridge_websocket rosrpc://localhost:39749
[rosmaster.master][INFO] 2025-08-13 16:01:15,970: -SERVICE [/rosapi/topics] /rosapi rosrpc://localhost:35105
[rosmaster.master][INFO] 2025-08-13 16:01:15,970: -SERVICE [/rosbridge_websocket/set_logger_level] /rosbridge_websocket rosrpc://localhost:39749
[rosmaster.master][INFO] 2025-08-13 16:01:15,971: -SERVICE [/rosapi/topics_for_type] /rosapi rosrpc://localhost:35105
[rosmaster.master][INFO] 2025-08-13 16:01:15,972: -SERVICE [/rosapi/services] /rosapi rosrpc://localhost:35105
[rosmaster.master][INFO] 2025-08-13 16:01:15,972: -SERVICE [/rosapi/services_for_type] /rosapi rosrpc://localhost:35105
[rosmaster.master][INFO] 2025-08-13 16:01:15,972: -SERVICE [/rosapi/nodes] /rosapi rosrpc://localhost:35105
[rosmaster.master][INFO] 2025-08-13 16:01:15,973: -SERVICE [/rosapi/node_details] /rosapi rosrpc://localhost:35105
[rosmaster.master][INFO] 2025-08-13 16:01:15,973: -SERVICE [/rosapi/action_servers] /rosapi rosrpc://localhost:35105
[rosmaster.master][INFO] 2025-08-13 16:01:15,973: -SERVICE [/rosapi/topic_type] /rosapi rosrpc://localhost:35105
[rosmaster.master][INFO] 2025-08-13 16:01:15,974: -SERVICE [/rosapi/service_type] /rosapi rosrpc://localhost:35105
[rosmaster.master][INFO] 2025-08-13 16:01:15,974: -SERVICE [/rosapi/publishers] /rosapi rosrpc://localhost:35105
[rosmaster.master][INFO] 2025-08-13 16:01:15,974: -SERVICE [/rosapi/subscribers] /rosapi rosrpc://localhost:35105
[rosmaster.master][INFO] 2025-08-13 16:01:15,975: -SERVICE [/rosapi/service_providers] /rosapi rosrpc://localhost:35105
[rosmaster.master][INFO] 2025-08-13 16:01:15,975: -SERVICE [/rosapi/service_node] /rosapi rosrpc://localhost:35105
[rosmaster.master][INFO] 2025-08-13 16:01:15,975: -SERVICE [/rosapi/service_host] /rosapi rosrpc://localhost:35105
[rosmaster.master][INFO] 2025-08-13 16:01:15,976: -SERVICE [/rosapi/message_details] /rosapi rosrpc://localhost:35105
[rosmaster.master][INFO] 2025-08-13 16:01:15,976: publisherUpdate[/rosout] -> http://localhost:43313/ ['http://localhost:45557/', 'http://localhost:38241/']
[rosmaster.master][INFO] 2025-08-13 16:01:15,976: -SERVICE [/rosapi/service_request_details] /rosapi rosrpc://localhost:35105
[rosmaster.master][INFO] 2025-08-13 16:01:15,977: -SERVICE [/rosapi/service_response_details] /rosapi rosrpc://localhost:35105
[rosmaster.master][INFO] 2025-08-13 16:01:15,978: publisherUpdate[/rosout] -> http://localhost:43313/ ['http://localhost:45557/', 'http://localhost:38241/']: sec=0.00, result=[1, '', 0]
[rosmaster.master][INFO] 2025-08-13 16:01:15,978: -SERVICE [/rosapi/set_param] /rosapi rosrpc://localhost:35105
[rosmaster.master][INFO] 2025-08-13 16:01:15,979: publisherUpdate[/rosout] -> http://localhost:43313/ ['http://localhost:45557/']
[rosmaster.master][INFO] 2025-08-13 16:01:15,979: -SERVICE [/rosapi/get_param] /rosapi rosrpc://localhost:35105
[rosmaster.master][INFO] 2025-08-13 16:01:15,980: -SERVICE [/rosapi/has_param] /rosapi rosrpc://localhost:35105
[rosmaster.master][INFO] 2025-08-13 16:01:15,981: -SERVICE [/rosapi/search_param] /rosapi rosrpc://localhost:35105
[rosmaster.master][INFO] 2025-08-13 16:01:15,981: publisherUpdate[/rosout] -> http://localhost:43313/ ['http://localhost:45557/']: sec=0.00, result=[1, '', 0]
[rosmaster.master][INFO] 2025-08-13 16:01:15,982: -SERVICE [/rosapi/delete_param] /rosapi rosrpc://localhost:35105
[rosmaster.master][INFO] 2025-08-13 16:01:15,982: -SERVICE [/rosapi/get_param_names] /rosapi rosrpc://localhost:35105
[rosmaster.master][INFO] 2025-08-13 16:01:15,982: -SERVICE [/rosapi/get_time] /rosapi rosrpc://localhost:35105
[rosmaster.master][INFO] 2025-08-13 16:01:15,983: -SERVICE [/rosapi/topics_and_raw_types] /rosapi rosrpc://localhost:35105
[rosmaster.master][INFO] 2025-08-13 16:01:16,092: -PUB [/rosout] /JOYSTICK http://localhost:45557/
[rosmaster.master][INFO] 2025-08-13 16:01:16,094: -PUB [/diagnostics] /JOYSTICK http://localhost:45557/
[rosmaster.master][INFO] 2025-08-13 16:01:16,095: -PUB [/joy] /JOYSTICK http://localhost:45557/
[rosmaster.master][INFO] 2025-08-13 16:01:16,097: -SUB [/joy/set_feedback] /JOYSTICK http://localhost:45557/
[rosmaster.master][INFO] 2025-08-13 16:01:16,098: -SERVICE [/JOYSTICK/get_loggers] /JOYSTICK rosrpc://localhost:39161
[rosmaster.master][INFO] 2025-08-13 16:01:16,099: -SERVICE [/JOYSTICK/set_logger_level] /JOYSTICK rosrpc://localhost:39161
[rosmaster.master][INFO] 2025-08-13 16:01:16,101: -CACHEDPARAM [/JOYSTICK/diagnostic_period] by /JOYSTICK
[rosmaster.master][INFO] 2025-08-13 16:01:16,103: -CACHEDPARAM [/rosout_disable_topics_generation] by /JOYSTICK
[rosmaster.master][INFO] 2025-08-13 16:01:16,181: publisherUpdate[/rosout] -> http://localhost:43313/ []
[rosmaster.master][INFO] 2025-08-13 16:01:16,182: publisherUpdate[/rosout] -> http://localhost:43313/ []: sec=0.00, result=[1, '', 0]
[rosmaster.master][INFO] 2025-08-13 16:01:17,185: -PUB [/rosout_agg] /rosout http://localhost:43313/
[rosmaster.master][INFO] 2025-08-13 16:01:17,186: -SUB [/rosout] /rosout http://localhost:43313/
[rosmaster.master][INFO] 2025-08-13 16:01:17,187: -SERVICE [/rosout/get_loggers] /rosout rosrpc://localhost:48533
[rosmaster.master][INFO] 2025-08-13 16:01:17,189: -SERVICE [/rosout/set_logger_level] /rosout rosrpc://localhost:48533
[rosmaster.master][INFO] 2025-08-13 16:01:17,190: -CACHEDPARAM [/rosout/omit_topics] by /rosout
[rosmaster.main][INFO] 2025-08-13 16:01:17,268: keyboard interrupt, will exit
[rosmaster.main][INFO] 2025-08-13 16:01:17,269: stopping master...
[rospy.core][INFO] 2025-08-13 16:01:17,269: signal_shutdown [atexit]
