[rosmaster.main][INFO] 2025-08-11 15:26:50,627: initialization complete, waiting for shutdown
[rosmaster.main][INFO] 2025-08-11 15:26:50,627: Starting ROS Master Node
[xmlrpc][INFO] 2025-08-11 15:26:50,629: XML-RPC server binding to 127.0.0.1:11311
[xmlrpc][INFO] 2025-08-11 15:26:50,629: Started XML-RPC server [http://localhost:11311/]
[rosmaster.master][INFO] 2025-08-11 15:26:50,630: Master initialized: port[11311], uri[http://localhost:11311/]
[xmlrpc][INFO] 2025-08-11 15:26:50,630: xml rpc node: starting XML-RPC server
[rosmaster.master][INFO] 2025-08-11 15:26:50,644: +PARAM [/run_id] by /roslaunch
[rosmaster.master][INFO] 2025-08-11 15:26:50,649: +PARAM [/roslaunch/uris/host_localhost__39339] by /roslaunch
[rosmaster.master][INFO] 2025-08-11 15:26:50,794: +PARAM [/rosversion] by /roslaunch
[rosmaster.master][INFO] 2025-08-11 15:26:50,795: +PARAM [/rosdistro] by /roslaunch
[rosmaster.master][INFO] 2025-08-11 15:26:50,795: +PARAM [/rosbridge_websocket/authenticate] by /roslaunch
[rosmaster.master][INFO] 2025-08-11 15:26:50,795: +PARAM [/rosbridge_websocket/port] by /roslaunch
[rosmaster.master][INFO] 2025-08-11 15:26:50,796: +PARAM [/rosbridge_websocket/address] by /roslaunch
[rosmaster.master][INFO] 2025-08-11 15:26:50,796: +PARAM [/rosbridge_websocket/retry_startup_delay] by /roslaunch
[rosmaster.master][INFO] 2025-08-11 15:26:50,796: +PARAM [/rosbridge_websocket/fragment_timeout] by /roslaunch
[rosmaster.master][INFO] 2025-08-11 15:26:50,796: +PARAM [/rosbridge_websocket/delay_between_messages] by /roslaunch
[rosmaster.master][INFO] 2025-08-11 15:26:50,797: +PARAM [/rosbridge_websocket/max_message_size] by /roslaunch
[rosmaster.master][INFO] 2025-08-11 15:26:50,797: +PARAM [/rosbridge_websocket/unregister_timeout] by /roslaunch
[rosmaster.master][INFO] 2025-08-11 15:26:50,797: +PARAM [/rosbridge_websocket/use_compression] by /roslaunch
[rosmaster.master][INFO] 2025-08-11 15:26:50,797: +PARAM [/rosbridge_websocket/websocket_ping_interval] by /roslaunch
[rosmaster.master][INFO] 2025-08-11 15:26:50,798: +PARAM [/rosbridge_websocket/websocket_ping_timeout] by /roslaunch
[rosmaster.master][INFO] 2025-08-11 15:26:50,798: +PARAM [/rosbridge_websocket/websocket_external_port] by /roslaunch
[rosmaster.master][INFO] 2025-08-11 15:26:50,798: +PARAM [/rosbridge_websocket/topics_glob] by /roslaunch
[rosmaster.master][INFO] 2025-08-11 15:26:50,798: +PARAM [/rosbridge_websocket/services_glob] by /roslaunch
[rosmaster.master][INFO] 2025-08-11 15:26:50,799: +PARAM [/rosbridge_websocket/params_glob] by /roslaunch
[rosmaster.master][INFO] 2025-08-11 15:26:50,799: +PARAM [/rosbridge_websocket/bson_only_mode] by /roslaunch
[rosmaster.master][INFO] 2025-08-11 15:26:50,799: +PARAM [/rosapi/topics_glob] by /roslaunch
[rosmaster.master][INFO] 2025-08-11 15:26:50,799: +PARAM [/rosapi/services_glob] by /roslaunch
[rosmaster.master][INFO] 2025-08-11 15:26:50,800: +PARAM [/rosapi/params_glob] by /roslaunch
[rosmaster.master][INFO] 2025-08-11 15:26:50,987: +SERVICE [/rosout/get_loggers] /rosout http://localhost:40473/
[rosmaster.master][INFO] 2025-08-11 15:26:50,990: +SERVICE [/rosout/set_logger_level] /rosout http://localhost:40473/
[rosmaster.master][INFO] 2025-08-11 15:26:50,995: +PUB [/rosout_agg] /rosout http://localhost:40473/
[rosmaster.master][INFO] 2025-08-11 15:26:51,008: +SUB [/rosout] /rosout http://localhost:40473/
[rosmaster.master][INFO] 2025-08-11 15:26:52,741: +PUB [/rosout] /kelpie http://localhost:37441/
[rosmaster.master][INFO] 2025-08-11 15:26:52,749: +PUB [/rosout] /rosapi http://localhost:44357/
[rosmaster.master][INFO] 2025-08-11 15:26:52,753: +SERVICE [/kelpie/get_loggers] /kelpie http://localhost:37441/
[rosmaster.master][INFO] 2025-08-11 15:26:52,758: +SERVICE [/kelpie/set_logger_level] /kelpie http://localhost:37441/
[rosmaster.master][INFO] 2025-08-11 15:26:52,760: +SERVICE [/rosapi/get_loggers] /rosapi http://localhost:44357/
[rosmaster.master][INFO] 2025-08-11 15:26:52,763: +SERVICE [/rosapi/set_logger_level] /rosapi http://localhost:44357/
[rosmaster.master][INFO] 2025-08-11 15:26:52,765: +SUB [/kelpie/imu] /kelpie http://localhost:37441/
[rosmaster.master][INFO] 2025-08-11 15:26:52,771: +SUB [/kelpie/leg_control/currents] /kelpie http://localhost:37441/
[rosmaster.master][INFO] 2025-08-11 15:26:52,777: +SERVICE [/rosapi/topics] /rosapi http://localhost:44357/
[rosmaster.master][INFO] 2025-08-11 15:26:52,779: +SUB [/kelpie/battery/voltage] /kelpie http://localhost:37441/
[rosmaster.master][INFO] 2025-08-11 15:26:52,781: +SERVICE [/rosapi/topics_for_type] /rosapi http://localhost:44357/
[rosmaster.master][INFO] 2025-08-11 15:26:52,783: +PUB [/kelpie/leg_control/joint_states] /kelpie http://localhost:37441/
[rosmaster.master][INFO] 2025-08-11 15:26:52,785: +SERVICE [/rosapi/services] /rosapi http://localhost:44357/
[rosmaster.master][INFO] 2025-08-11 15:26:52,789: +SERVICE [/rosapi/services_for_type] /rosapi http://localhost:44357/
[rosmaster.master][INFO] 2025-08-11 15:26:52,790: +CACHEDPARAM [/rosout_disable_topics_generation] by /kelpie
[rosmaster.master][INFO] 2025-08-11 15:26:52,793: +SERVICE [/rosapi/nodes] /rosapi http://localhost:44357/
[rosmaster.master][INFO] 2025-08-11 15:26:52,796: +SERVICE [/rosapi/node_details] /rosapi http://localhost:44357/
[rosmaster.master][INFO] 2025-08-11 15:26:52,799: +SERVICE [/rosapi/action_servers] /rosapi http://localhost:44357/
[rosmaster.master][INFO] 2025-08-11 15:26:52,801: +SUB [/kelpie/command_input] /kelpie http://localhost:37441/
[rosmaster.master][INFO] 2025-08-11 15:26:52,803: +SERVICE [/rosapi/topic_type] /rosapi http://localhost:44357/
[rosmaster.master][INFO] 2025-08-11 15:26:52,807: +CACHEDPARAM [/rosout_disable_topics_generation] by /kelpie
[rosmaster.master][INFO] 2025-08-11 15:26:52,808: +SERVICE [/rosapi/service_type] /rosapi http://localhost:44357/
[rosmaster.master][INFO] 2025-08-11 15:26:52,812: +SERVICE [/rosapi/publishers] /rosapi http://localhost:44357/
[rosmaster.master][INFO] 2025-08-11 15:26:52,814: +CACHEDPARAM [/rosout_disable_topics_generation] by /kelpie
[rosmaster.master][INFO] 2025-08-11 15:26:52,816: +SERVICE [/rosapi/subscribers] /rosapi http://localhost:44357/
[rosmaster.master][INFO] 2025-08-11 15:26:52,818: +CACHEDPARAM [/rosout_disable_topics_generation] by /kelpie
[rosmaster.master][INFO] 2025-08-11 15:26:52,819: +SERVICE [/rosapi/service_providers] /rosapi http://localhost:44357/
[rosmaster.master][INFO] 2025-08-11 15:26:52,824: +SERVICE [/rosapi/service_node] /rosapi http://localhost:44357/
[rosmaster.master][INFO] 2025-08-11 15:26:52,826: +CACHEDPARAM [/rosout_disable_topics_generation] by /kelpie
[rosmaster.master][INFO] 2025-08-11 15:26:52,828: +SERVICE [/rosapi/service_host] /rosapi http://localhost:44357/
[rosmaster.master][INFO] 2025-08-11 15:26:52,830: +CACHEDPARAM [/rosout_disable_topics_generation] by /kelpie
[rosmaster.master][INFO] 2025-08-11 15:26:52,832: +SERVICE [/rosapi/message_details] /rosapi http://localhost:44357/
[rosmaster.master][INFO] 2025-08-11 15:26:52,833: publisherUpdate[/rosout] -> http://localhost:40473/ ['http://localhost:37441/']
[rosmaster.master][INFO] 2025-08-11 15:26:52,839: +CACHEDPARAM [/rosout_disable_topics_generation] by /kelpie
[rosmaster.master][INFO] 2025-08-11 15:26:52,841: +SERVICE [/rosapi/service_request_details] /rosapi http://localhost:44357/
[rosmaster.master][INFO] 2025-08-11 15:26:52,847: +CACHEDPARAM [/rosout_disable_topics_generation] by /kelpie
[rosmaster.master][INFO] 2025-08-11 15:26:52,849: +SERVICE [/rosapi/service_response_details] /rosapi http://localhost:44357/
[rosmaster.master][INFO] 2025-08-11 15:26:52,853: publisherUpdate[/rosout] -> http://localhost:40473/ ['http://localhost:37441/']: sec=0.02, result=[1, '', 0]
[rosmaster.master][INFO] 2025-08-11 15:26:52,853: publisherUpdate[/rosout] -> http://localhost:40473/ ['http://localhost:37441/', 'http://localhost:44357/']
[rosmaster.master][INFO] 2025-08-11 15:26:52,855: +CACHEDPARAM [/rosout_disable_topics_generation] by /kelpie
[rosmaster.master][INFO] 2025-08-11 15:26:52,861: +SERVICE [/rosapi/set_param] /rosapi http://localhost:44357/
[rosmaster.master][INFO] 2025-08-11 15:26:52,865: publisherUpdate[/rosout] -> http://localhost:40473/ ['http://localhost:37441/', 'http://localhost:44357/']: sec=0.00, result=[1, '', 0]
[rosmaster.master][INFO] 2025-08-11 15:26:52,867: +SERVICE [/rosapi/get_param] /rosapi http://localhost:44357/
[rosmaster.master][INFO] 2025-08-11 15:26:52,871: +SERVICE [/rosapi/has_param] /rosapi http://localhost:44357/
[rosmaster.master][INFO] 2025-08-11 15:26:52,875: +SERVICE [/rosapi/search_param] /rosapi http://localhost:44357/
[rosmaster.master][INFO] 2025-08-11 15:26:52,878: +SERVICE [/rosapi/delete_param] /rosapi http://localhost:44357/
[rosmaster.master][INFO] 2025-08-11 15:26:52,882: +SERVICE [/rosapi/get_param_names] /rosapi http://localhost:44357/
[rosmaster.master][INFO] 2025-08-11 15:26:52,887: +SERVICE [/rosapi/get_time] /rosapi http://localhost:44357/
[rosmaster.master][INFO] 2025-08-11 15:26:52,890: +SERVICE [/rosapi/topics_and_raw_types] /rosapi http://localhost:44357/
[rosmaster.master][INFO] 2025-08-11 15:26:52,896: +CACHEDPARAM [/rosout_disable_topics_generation] by /rosapi
[rosmaster.master][INFO] 2025-08-11 15:26:53,081: +CACHEDPARAM [/rosout/omit_topics] by /rosout
[rosmaster.master][INFO] 2025-08-11 15:26:53,647: +PUB [/rosout] /rosbridge_websocket http://localhost:43603/
[rosmaster.master][INFO] 2025-08-11 15:26:53,654: +SERVICE [/rosbridge_websocket/get_loggers] /rosbridge_websocket http://localhost:43603/
[rosmaster.master][INFO] 2025-08-11 15:26:53,656: +SERVICE [/rosbridge_websocket/set_logger_level] /rosbridge_websocket http://localhost:43603/
[rosmaster.master][INFO] 2025-08-11 15:26:53,667: publisherUpdate[/rosout] -> http://localhost:40473/ ['http://localhost:37441/', 'http://localhost:44357/', 'http://localhost:43603/']
[rosmaster.master][INFO] 2025-08-11 15:26:53,670: publisherUpdate[/rosout] -> http://localhost:40473/ ['http://localhost:37441/', 'http://localhost:44357/', 'http://localhost:43603/']: sec=0.00, result=[1, '', 0]
[rosmaster.master][INFO] 2025-08-11 15:26:53,689: +PUB [/client_count] /rosbridge_websocket http://localhost:43603/
[rosmaster.master][INFO] 2025-08-11 15:26:53,692: +PUB [/connected_clients] /rosbridge_websocket http://localhost:43603/
[rosmaster.master][INFO] 2025-08-11 15:26:53,699: +PARAM [/rosbridge_websocket/actual_port] by /rosbridge_websocket
[rosmaster.master][INFO] 2025-08-11 15:26:53,705: +CACHEDPARAM [/rosout_disable_topics_generation] by /rosbridge_websocket
[rosmaster.master][INFO] 2025-08-11 15:31:38,098: -PUB [/rosout] /rosapi http://localhost:44357/
[rosmaster.master][INFO] 2025-08-11 15:31:38,099: -PUB [/rosout] /rosbridge_websocket http://localhost:43603/
[rosmaster.master][INFO] 2025-08-11 15:31:38,099: -SERVICE [/rosapi/get_loggers] /rosapi rosrpc://localhost:45229
[rosmaster.master][INFO] 2025-08-11 15:31:38,100: -PUB [/client_count] /rosbridge_websocket http://localhost:43603/
[rosmaster.master][INFO] 2025-08-11 15:31:38,100: -SERVICE [/rosapi/set_logger_level] /rosapi rosrpc://localhost:45229
[rosmaster.master][INFO] 2025-08-11 15:31:38,100: -PUB [/connected_clients] /rosbridge_websocket http://localhost:43603/
[rosmaster.master][INFO] 2025-08-11 15:31:38,100: -SERVICE [/rosapi/topics] /rosapi rosrpc://localhost:45229
[rosmaster.master][INFO] 2025-08-11 15:31:38,100: -SERVICE [/rosbridge_websocket/get_loggers] /rosbridge_websocket rosrpc://localhost:42007
[rosmaster.master][INFO] 2025-08-11 15:31:38,101: -SERVICE [/rosapi/topics_for_type] /rosapi rosrpc://localhost:45229
[rosmaster.master][INFO] 2025-08-11 15:31:38,101: -SERVICE [/rosbridge_websocket/set_logger_level] /rosbridge_websocket rosrpc://localhost:42007
[rosmaster.master][INFO] 2025-08-11 15:31:38,102: publisherUpdate[/rosout] -> http://localhost:40473/ ['http://localhost:37441/', 'http://localhost:43603/']
[rosmaster.master][INFO] 2025-08-11 15:31:38,102: -SERVICE [/rosapi/services] /rosapi rosrpc://localhost:45229
[rosmaster.master][INFO] 2025-08-11 15:31:38,103: -SERVICE [/rosapi/services_for_type] /rosapi rosrpc://localhost:45229
[rosmaster.master][INFO] 2025-08-11 15:31:38,103: -SERVICE [/rosapi/nodes] /rosapi rosrpc://localhost:45229
[rosmaster.master][INFO] 2025-08-11 15:31:38,104: -SERVICE [/rosapi/node_details] /rosapi rosrpc://localhost:45229
[rosmaster.master][INFO] 2025-08-11 15:31:38,104: -SERVICE [/rosapi/action_servers] /rosapi rosrpc://localhost:45229
[rosmaster.master][INFO] 2025-08-11 15:31:38,105: -SERVICE [/rosapi/topic_type] /rosapi rosrpc://localhost:45229
[rosmaster.master][INFO] 2025-08-11 15:31:38,107: publisherUpdate[/rosout] -> http://localhost:40473/ ['http://localhost:37441/', 'http://localhost:43603/']: sec=0.00, result=[1, '', 0]
[rosmaster.master][INFO] 2025-08-11 15:31:38,107: -SERVICE [/rosapi/service_type] /rosapi rosrpc://localhost:45229
[rosmaster.master][INFO] 2025-08-11 15:31:38,107: publisherUpdate[/rosout] -> http://localhost:40473/ ['http://localhost:37441/']
[rosmaster.master][INFO] 2025-08-11 15:31:38,108: -SERVICE [/rosapi/publishers] /rosapi rosrpc://localhost:45229
[rosmaster.master][INFO] 2025-08-11 15:31:38,108: -SERVICE [/rosapi/subscribers] /rosapi rosrpc://localhost:45229
[rosmaster.master][INFO] 2025-08-11 15:31:38,110: publisherUpdate[/rosout] -> http://localhost:40473/ ['http://localhost:37441/']: sec=0.00, result=[1, '', 0]
[rosmaster.master][INFO] 2025-08-11 15:31:38,110: -SERVICE [/rosapi/service_providers] /rosapi rosrpc://localhost:45229
[rosmaster.master][INFO] 2025-08-11 15:31:38,110: -SERVICE [/rosapi/service_node] /rosapi rosrpc://localhost:45229
[rosmaster.master][INFO] 2025-08-11 15:31:38,111: -SERVICE [/rosapi/service_host] /rosapi rosrpc://localhost:45229
[rosmaster.master][INFO] 2025-08-11 15:31:38,111: -SERVICE [/rosapi/message_details] /rosapi rosrpc://localhost:45229
[rosmaster.master][INFO] 2025-08-11 15:31:38,111: -SERVICE [/rosapi/service_request_details] /rosapi rosrpc://localhost:45229
[rosmaster.master][INFO] 2025-08-11 15:31:38,111: -SERVICE [/rosapi/service_response_details] /rosapi rosrpc://localhost:45229
[rosmaster.master][INFO] 2025-08-11 15:31:38,112: -SERVICE [/rosapi/set_param] /rosapi rosrpc://localhost:45229
[rosmaster.master][INFO] 2025-08-11 15:31:38,112: -SERVICE [/rosapi/get_param] /rosapi rosrpc://localhost:45229
[rosmaster.master][INFO] 2025-08-11 15:31:38,112: -SERVICE [/rosapi/has_param] /rosapi rosrpc://localhost:45229
[rosmaster.master][INFO] 2025-08-11 15:31:38,112: -SERVICE [/rosapi/search_param] /rosapi rosrpc://localhost:45229
[rosmaster.master][INFO] 2025-08-11 15:31:38,112: -SERVICE [/rosapi/delete_param] /rosapi rosrpc://localhost:45229
[rosmaster.master][INFO] 2025-08-11 15:31:38,113: -SERVICE [/rosapi/get_param_names] /rosapi rosrpc://localhost:45229
[rosmaster.master][INFO] 2025-08-11 15:31:38,113: -SERVICE [/rosapi/get_time] /rosapi rosrpc://localhost:45229
[rosmaster.master][INFO] 2025-08-11 15:31:38,113: -SERVICE [/rosapi/topics_and_raw_types] /rosapi rosrpc://localhost:45229
[rosmaster.master][INFO] 2025-08-11 15:31:53,130: -SUB [/kelpie/imu] /kelpie http://localhost:37441/
[rosmaster.master][INFO] 2025-08-11 15:31:53,130: -SUB [/kelpie/leg_control/currents] /kelpie http://localhost:37441/
[rosmaster.master][INFO] 2025-08-11 15:31:53,131: -SUB [/kelpie/battery/voltage] /kelpie http://localhost:37441/
[rosmaster.master][INFO] 2025-08-11 15:31:53,131: -SUB [/kelpie/command_input] /kelpie http://localhost:37441/
[rosmaster.master][INFO] 2025-08-11 15:31:53,132: -PUB [/rosout] /kelpie http://localhost:37441/
[rosmaster.master][INFO] 2025-08-11 15:31:53,132: -PUB [/kelpie/leg_control/joint_states] /kelpie http://localhost:37441/
[rosmaster.master][INFO] 2025-08-11 15:31:53,133: -SERVICE [/kelpie/get_loggers] /kelpie rosrpc://localhost:41423
[rosmaster.master][INFO] 2025-08-11 15:31:53,133: -SERVICE [/kelpie/set_logger_level] /kelpie rosrpc://localhost:41423
[rosmaster.master][INFO] 2025-08-11 15:31:53,135: publisherUpdate[/rosout] -> http://localhost:40473/ []
[rosmaster.master][INFO] 2025-08-11 15:31:53,136: publisherUpdate[/rosout] -> http://localhost:40473/ []: sec=0.00, result=[1, '', 0]
[rosmaster.master][INFO] 2025-08-11 15:31:55,240: -PUB [/rosout_agg] /rosout http://localhost:40473/
[rosmaster.master][INFO] 2025-08-11 15:31:55,241: -SUB [/rosout] /rosout http://localhost:40473/
[rosmaster.master][INFO] 2025-08-11 15:31:55,242: -SERVICE [/rosout/get_loggers] /rosout rosrpc://localhost:40237
[rosmaster.master][INFO] 2025-08-11 15:31:55,243: -SERVICE [/rosout/set_logger_level] /rosout rosrpc://localhost:40237
[rosmaster.master][INFO] 2025-08-11 15:31:55,245: -CACHEDPARAM [/rosout/omit_topics] by /rosout
[rosmaster.main][INFO] 2025-08-11 15:31:55,334: keyboard interrupt, will exit
[rosmaster.main][INFO] 2025-08-11 15:31:55,334: stopping master...
[rospy.core][INFO] 2025-08-11 15:31:55,335: signal_shutdown [atexit]
