[rospy.client][INFO] 2025-08-13 17:34:29,992: init_node, name[/kelpie], pid[3061]
[xmlrpc][INFO] 2025-08-13 17:34:30,012: XML-RPC server binding to 127.0.0.1:0
[xmlrpc][INFO] 2025-08-13 17:34:30,014: Started XML-RPC server [http://localhost:43501/]
[rospy.init][INFO] 2025-08-13 17:34:30,015: ROS Slave URI: [http://localhost:43501/]
[rospy.impl.masterslave][INFO] 2025-08-13 17:34:30,028: _ready: http://localhost:43501/
[rospy.registration][INFO] 2025-08-13 17:34:30,033: Registering with master node http://localhost:11311
[xmlrpc][INFO] 2025-08-13 17:34:30,034: xml rpc node: starting XML-RPC server
[rospy.init][INFO] 2025-08-13 17:34:30,129: registered with master
[rospy.rosout][INFO] 2025-08-13 17:34:30,129: initializing /rosout core topic
[rospy.rosout][INFO] 2025-08-13 17:34:30,151: connected to core topic /rosout
[rospy.simtime][INFO] 2025-08-13 17:34:30,155: /use_sim_time is not set, will not subscribe to simulated time [/clock] topic
[rosout][INFO] 2025-08-13 17:34:30,232: Creating input listener...
[rosout][INFO] 2025-08-13 17:34:30,248: Input listener successfully initialised... Robot will now receive commands via Joy messages
[rosout][INFO] 2025-08-13 17:34:30,254: Summary of current gait parameters:
[rosout][INFO] 2025-08-13 17:34:30,258: overlap time: 0.04
[rosout][INFO] 2025-08-13 17:34:30,264: swing time: 0.07
[rosout][INFO] 2025-08-13 17:34:30,269: z clearance: 0.08
[rosout][INFO] 2025-08-13 17:34:30,280: back leg x shift: 0.00
[rosout][INFO] 2025-08-13 17:34:30,286: front leg x shift: 0.05
[rosout][INFO] 2025-08-13 17:34:30,293: Manual robot control active. Currently not accepting external commands
[rospy.internal][INFO] 2025-08-13 17:34:30,488: topic[/rosout] adding connection to [/rosout], count 0
[rospy.internal][INFO] 2025-08-13 17:34:31,145: topic[/kelpie/leg_control/currents] adding connection to [http://localhost:45441/], count 0
[rospy.internal][INFO] 2025-08-13 17:34:31,169: topic[/kelpie/imu] adding connection to [http://localhost:45441/], count 0
[rospy.internal][INFO] 2025-08-13 17:34:31,208: topic[/kelpie/leg_control/joint_states] adding connection to [/hardware], count 0
[rospy.internal][INFO] 2025-08-13 17:34:31,220: topic[/kelpie/battery/voltage] adding connection to [http://localhost:45441/], count 0
[rospy.internal][INFO] 2025-08-13 17:34:31,269: topic[/kelpie/command_input] adding connection to [http://localhost:45441/], count 0
[rospy.internal][INFO] 2025-08-13 17:35:02,111: topic[/kelpie/leg_control/currents] removing connection to http://localhost:45441/
[rospy.internal][INFO] 2025-08-13 17:35:02,113: topic[/kelpie/imu] removing connection to http://localhost:45441/
[rospy.internal][INFO] 2025-08-13 17:35:02,113: topic[/kelpie/battery/voltage] removing connection to http://localhost:45441/
[rospy.internal][INFO] 2025-08-13 17:35:02,115: topic[/kelpie/command_input] removing connection to http://localhost:45441/
[rospy.internal][INFO] 2025-08-13 17:35:02,506: topic[/kelpie/leg_control/joint_states] removing connection to /hardware
[rospy.core][INFO] 2025-08-13 17:35:17,119: signal_shutdown [signal-15]
[rospy.internal][INFO] 2025-08-13 17:35:17,128: topic[/rosout] removing connection to /rosout
[rospy.impl.masterslave][INFO] 2025-08-13 17:35:17,129: signal-15
