[rosmaster.main][INFO] 2025-08-13 17:34:27,922: initialization complete, waiting for shutdown
[rosmaster.main][INFO] 2025-08-13 17:34:27,923: Starting ROS Master Node
[xmlrpc][INFO] 2025-08-13 17:34:27,924: XML-RPC server binding to 127.0.0.1:11311
[xmlrpc][INFO] 2025-08-13 17:34:27,925: Started XML-RPC server [http://localhost:11311/]
[rosmaster.master][INFO] 2025-08-13 17:34:27,925: Master initialized: port[11311], uri[http://localhost:11311/]
[xmlrpc][INFO] 2025-08-13 17:34:27,926: xml rpc node: starting XML-RPC server
[rosmaster.master][INFO] 2025-08-13 17:34:28,041: +PARAM [/run_id] by /roslaunch
[rosmaster.master][INFO] 2025-08-13 17:34:28,044: +PARAM [/roslaunch/uris/host_localhost__36279] by /roslaunch
[rosmaster.master][INFO] 2025-08-13 17:34:28,180: +PARAM [/rosversion] by /roslaunch
[rosmaster.master][INFO] 2025-08-13 17:34:28,181: +PARAM [/rosdistro] by /roslaunch
[rosmaster.master][INFO] 2025-08-13 17:34:28,181: +PARAM [/rosbridge_websocket/authenticate] by /roslaunch
[rosmaster.master][INFO] 2025-08-13 17:34:28,181: +PARAM [/rosbridge_websocket/port] by /roslaunch
[rosmaster.master][INFO] 2025-08-13 17:34:28,181: +PARAM [/rosbridge_websocket/address] by /roslaunch
[rosmaster.master][INFO] 2025-08-13 17:34:28,182: +PARAM [/rosbridge_websocket/retry_startup_delay] by /roslaunch
[rosmaster.master][INFO] 2025-08-13 17:34:28,182: +PARAM [/rosbridge_websocket/fragment_timeout] by /roslaunch
[rosmaster.master][INFO] 2025-08-13 17:34:28,182: +PARAM [/rosbridge_websocket/delay_between_messages] by /roslaunch
[rosmaster.master][INFO] 2025-08-13 17:34:28,182: +PARAM [/rosbridge_websocket/max_message_size] by /roslaunch
[rosmaster.master][INFO] 2025-08-13 17:34:28,183: +PARAM [/rosbridge_websocket/unregister_timeout] by /roslaunch
[rosmaster.master][INFO] 2025-08-13 17:34:28,183: +PARAM [/rosbridge_websocket/use_compression] by /roslaunch
[rosmaster.master][INFO] 2025-08-13 17:34:28,183: +PARAM [/rosbridge_websocket/websocket_ping_interval] by /roslaunch
[rosmaster.master][INFO] 2025-08-13 17:34:28,183: +PARAM [/rosbridge_websocket/websocket_ping_timeout] by /roslaunch
[rosmaster.master][INFO] 2025-08-13 17:34:28,184: +PARAM [/rosbridge_websocket/websocket_external_port] by /roslaunch
[rosmaster.master][INFO] 2025-08-13 17:34:28,184: +PARAM [/rosbridge_websocket/topics_glob] by /roslaunch
[rosmaster.master][INFO] 2025-08-13 17:34:28,184: +PARAM [/rosbridge_websocket/services_glob] by /roslaunch
[rosmaster.master][INFO] 2025-08-13 17:34:28,184: +PARAM [/rosbridge_websocket/params_glob] by /roslaunch
[rosmaster.master][INFO] 2025-08-13 17:34:28,185: +PARAM [/rosbridge_websocket/bson_only_mode] by /roslaunch
[rosmaster.master][INFO] 2025-08-13 17:34:28,185: +PARAM [/rosapi/topics_glob] by /roslaunch
[rosmaster.master][INFO] 2025-08-13 17:34:28,186: +PARAM [/rosapi/services_glob] by /roslaunch
[rosmaster.master][INFO] 2025-08-13 17:34:28,187: +PARAM [/rosapi/params_glob] by /roslaunch
[rosmaster.master][INFO] 2025-08-13 17:34:28,190: +SERVICE [/rosout/get_loggers] /rosout http://localhost:44109/
[rosmaster.master][INFO] 2025-08-13 17:34:28,193: +SERVICE [/rosout/set_logger_level] /rosout http://localhost:44109/
[rosmaster.master][INFO] 2025-08-13 17:34:28,199: +PUB [/rosout_agg] /rosout http://localhost:44109/
[rosmaster.master][INFO] 2025-08-13 17:34:28,211: +SUB [/rosout] /rosout http://localhost:44109/
[rosmaster.master][INFO] 2025-08-13 17:34:30,148: +PUB [/rosout] /kelpie http://localhost:43501/
[rosmaster.master][INFO] 2025-08-13 17:34:30,152: +PUB [/rosout] /rosapi http://localhost:40285/
[rosmaster.master][INFO] 2025-08-13 17:34:30,161: +SERVICE [/kelpie/get_loggers] /kelpie http://localhost:43501/
[rosmaster.master][INFO] 2025-08-13 17:34:30,165: +SERVICE [/kelpie/set_logger_level] /kelpie http://localhost:43501/
[rosmaster.master][INFO] 2025-08-13 17:34:30,167: +SERVICE [/rosapi/get_loggers] /rosapi http://localhost:40285/
[rosmaster.master][INFO] 2025-08-13 17:34:30,172: +SERVICE [/rosapi/set_logger_level] /rosapi http://localhost:40285/
[rosmaster.master][INFO] 2025-08-13 17:34:30,183: +SUB [/kelpie/imu] /kelpie http://localhost:43501/
[rosmaster.master][INFO] 2025-08-13 17:34:30,190: +SERVICE [/rosapi/topics] /rosapi http://localhost:40285/
[rosmaster.master][INFO] 2025-08-13 17:34:30,196: +SERVICE [/rosapi/topics_for_type] /rosapi http://localhost:40285/
[rosmaster.master][INFO] 2025-08-13 17:34:30,197: +SUB [/kelpie/leg_control/currents] /kelpie http://localhost:43501/
[rosmaster.master][INFO] 2025-08-13 17:34:30,202: +SERVICE [/rosapi/services] /rosapi http://localhost:40285/
[rosmaster.master][INFO] 2025-08-13 17:34:30,208: +SERVICE [/rosapi/services_for_type] /rosapi http://localhost:40285/
[rosmaster.master][INFO] 2025-08-13 17:34:30,209: +SUB [/kelpie/battery/voltage] /kelpie http://localhost:43501/
[rosmaster.master][INFO] 2025-08-13 17:34:30,214: +PUB [/kelpie/leg_control/joint_states] /kelpie http://localhost:43501/
[rosmaster.master][INFO] 2025-08-13 17:34:30,217: +SERVICE [/rosapi/nodes] /rosapi http://localhost:40285/
[rosmaster.master][INFO] 2025-08-13 17:34:30,223: +SERVICE [/rosapi/node_details] /rosapi http://localhost:40285/
[rosmaster.master][INFO] 2025-08-13 17:34:30,226: +SERVICE [/rosapi/action_servers] /rosapi http://localhost:40285/
[rosmaster.master][INFO] 2025-08-13 17:34:30,230: +SERVICE [/rosapi/topic_type] /rosapi http://localhost:40285/
[rosmaster.master][INFO] 2025-08-13 17:34:30,231: publisherUpdate[/rosout] -> http://localhost:44109/ ['http://localhost:43501/']
[rosmaster.master][INFO] 2025-08-13 17:34:30,235: +CACHEDPARAM [/rosout_disable_topics_generation] by /kelpie
[rosmaster.master][INFO] 2025-08-13 17:34:30,244: +SUB [/kelpie/command_input] /kelpie http://localhost:43501/
[rosmaster.master][INFO] 2025-08-13 17:34:30,246: publisherUpdate[/rosout] -> http://localhost:44109/ ['http://localhost:43501/']: sec=0.01, result=[1, '', 0]
[rosmaster.master][INFO] 2025-08-13 17:34:30,248: publisherUpdate[/rosout] -> http://localhost:44109/ ['http://localhost:43501/', 'http://localhost:40285/']
[rosmaster.master][INFO] 2025-08-13 17:34:30,247: +SERVICE [/rosapi/service_type] /rosapi http://localhost:40285/
[rosmaster.master][INFO] 2025-08-13 17:34:30,251: +CACHEDPARAM [/rosout_disable_topics_generation] by /kelpie
[rosmaster.master][INFO] 2025-08-13 17:34:30,253: publisherUpdate[/rosout] -> http://localhost:44109/ ['http://localhost:43501/', 'http://localhost:40285/']: sec=0.00, result=[1, '', 0]
[rosmaster.master][INFO] 2025-08-13 17:34:30,256: +CACHEDPARAM [/rosout_disable_topics_generation] by /kelpie
[rosmaster.master][INFO] 2025-08-13 17:34:30,258: +SERVICE [/rosapi/publishers] /rosapi http://localhost:40285/
[rosmaster.master][INFO] 2025-08-13 17:34:30,262: +CACHEDPARAM [/rosout_disable_topics_generation] by /kelpie
[rosmaster.master][INFO] 2025-08-13 17:34:30,264: +SERVICE [/rosapi/subscribers] /rosapi http://localhost:40285/
[rosmaster.master][INFO] 2025-08-13 17:34:30,266: +CACHEDPARAM [/rosout_disable_topics_generation] by /kelpie
[rosmaster.master][INFO] 2025-08-13 17:34:30,268: +SERVICE [/rosapi/service_providers] /rosapi http://localhost:40285/
[rosmaster.master][INFO] 2025-08-13 17:34:30,271: +CACHEDPARAM [/rosout_disable_topics_generation] by /kelpie
[rosmaster.master][INFO] 2025-08-13 17:34:30,278: +SERVICE [/rosapi/service_node] /rosapi http://localhost:40285/
[rosmaster.master][INFO] 2025-08-13 17:34:30,282: +SERVICE [/rosapi/service_host] /rosapi http://localhost:40285/
[rosmaster.master][INFO] 2025-08-13 17:34:30,284: +CACHEDPARAM [/rosout_disable_topics_generation] by /kelpie
[rosmaster.master][INFO] 2025-08-13 17:34:30,287: +SERVICE [/rosapi/message_details] /rosapi http://localhost:40285/
[rosmaster.master][INFO] 2025-08-13 17:34:30,291: +CACHEDPARAM [/rosout_disable_topics_generation] by /kelpie
[rosmaster.master][INFO] 2025-08-13 17:34:30,292: +SERVICE [/rosapi/service_request_details] /rosapi http://localhost:40285/
[rosmaster.master][INFO] 2025-08-13 17:34:30,295: +CACHEDPARAM [/rosout_disable_topics_generation] by /kelpie
[rosmaster.master][INFO] 2025-08-13 17:34:30,296: +SERVICE [/rosapi/service_response_details] /rosapi http://localhost:40285/
[rosmaster.master][INFO] 2025-08-13 17:34:30,301: +SERVICE [/rosapi/set_param] /rosapi http://localhost:40285/
[rosmaster.master][INFO] 2025-08-13 17:34:30,306: +SERVICE [/rosapi/get_param] /rosapi http://localhost:40285/
[rosmaster.master][INFO] 2025-08-13 17:34:30,310: +SERVICE [/rosapi/has_param] /rosapi http://localhost:40285/
[rosmaster.master][INFO] 2025-08-13 17:34:30,316: +SERVICE [/rosapi/search_param] /rosapi http://localhost:40285/
[rosmaster.master][INFO] 2025-08-13 17:34:30,320: +SERVICE [/rosapi/delete_param] /rosapi http://localhost:40285/
[rosmaster.master][INFO] 2025-08-13 17:34:30,324: +SERVICE [/rosapi/get_param_names] /rosapi http://localhost:40285/
[rosmaster.master][INFO] 2025-08-13 17:34:30,327: +SERVICE [/rosapi/get_time] /rosapi http://localhost:40285/
[rosmaster.master][INFO] 2025-08-13 17:34:30,331: +SERVICE [/rosapi/topics_and_raw_types] /rosapi http://localhost:40285/
[rosmaster.master][INFO] 2025-08-13 17:34:30,335: +CACHEDPARAM [/rosout_disable_topics_generation] by /rosapi
[rosmaster.master][INFO] 2025-08-13 17:34:30,471: +CACHEDPARAM [/rosout/omit_topics] by /rosout
[rosmaster.master][INFO] 2025-08-13 17:34:30,953: +PUB [/kelpie/leg_control/currents] /hardware http://localhost:45441/
[rosmaster.master][INFO] 2025-08-13 17:34:30,955: publisherUpdate[/kelpie/leg_control/currents] -> http://localhost:43501/ ['http://localhost:45441/']
[rosmaster.master][INFO] 2025-08-13 17:34:30,959: +PUB [/kelpie/battery/voltage] /hardware http://localhost:45441/
[rosmaster.master][INFO] 2025-08-13 17:34:30,962: +PUB [/kelpie/imu] /hardware http://localhost:45441/
[rosmaster.master][INFO] 2025-08-13 17:34:30,980: +PUB [/rosout] /rosbridge_websocket http://localhost:44549/
[rosmaster.master][INFO] 2025-08-13 17:34:30,988: +SERVICE [/rosbridge_websocket/get_loggers] /rosbridge_websocket http://localhost:44549/
[rosmaster.master][INFO] 2025-08-13 17:34:30,990: +SERVICE [/rosbridge_websocket/set_logger_level] /rosbridge_websocket http://localhost:44549/
[rosmaster.master][INFO] 2025-08-13 17:34:30,991: publisherUpdate[/kelpie/leg_control/currents] -> http://localhost:43501/ ['http://localhost:45441/']: sec=0.04, result=[1, '', 0]
[rosmaster.master][INFO] 2025-08-13 17:34:30,992: publisherUpdate[/kelpie/battery/voltage] -> http://localhost:43501/ ['http://localhost:45441/']
[rosmaster.master][INFO] 2025-08-13 17:34:31,003: publisherUpdate[/kelpie/battery/voltage] -> http://localhost:43501/ ['http://localhost:45441/']: sec=0.01, result=[1, '', 0]
[rosmaster.master][INFO] 2025-08-13 17:34:31,004: publisherUpdate[/kelpie/imu] -> http://localhost:43501/ ['http://localhost:45441/']
[rosmaster.master][INFO] 2025-08-13 17:34:31,016: publisherUpdate[/kelpie/imu] -> http://localhost:43501/ ['http://localhost:45441/']: sec=0.01, result=[1, '', 0]
[rosmaster.master][INFO] 2025-08-13 17:34:31,017: publisherUpdate[/rosout] -> http://localhost:44109/ ['http://localhost:43501/', 'http://localhost:40285/', 'http://localhost:44549/']
[rosmaster.master][INFO] 2025-08-13 17:34:31,020: publisherUpdate[/rosout] -> http://localhost:44109/ ['http://localhost:43501/', 'http://localhost:40285/', 'http://localhost:44549/']: sec=0.00, result=[1, '', 0]
[rosmaster.master][INFO] 2025-08-13 17:34:31,032: +PUB [/client_count] /rosbridge_websocket http://localhost:44549/
[rosmaster.master][INFO] 2025-08-13 17:34:31,035: +PUB [/rosout] /hardware http://localhost:45441/
[rosmaster.master][INFO] 2025-08-13 17:34:31,036: +PUB [/connected_clients] /rosbridge_websocket http://localhost:44549/
[rosmaster.master][INFO] 2025-08-13 17:34:31,045: +SERVICE [/hardware/get_loggers] /hardware http://localhost:45441/
[rosmaster.master][INFO] 2025-08-13 17:34:31,047: +PARAM [/rosbridge_websocket/actual_port] by /rosbridge_websocket
[rosmaster.master][INFO] 2025-08-13 17:34:31,048: +SERVICE [/hardware/set_logger_level] /hardware http://localhost:45441/
[rosmaster.master][INFO] 2025-08-13 17:34:31,055: +CACHEDPARAM [/rosout_disable_topics_generation] by /rosbridge_websocket
[rosmaster.master][INFO] 2025-08-13 17:34:31,105: +SUB [/kelpie/leg_control/joint_states] /hardware http://localhost:45441/
[rosmaster.master][INFO] 2025-08-13 17:34:31,112: +SUB [/joy] /hardware http://localhost:45441/
[rosmaster.master][INFO] 2025-08-13 17:34:31,115: +PUB [/kelpie/command_input] /hardware http://localhost:45441/
[rosmaster.master][INFO] 2025-08-13 17:34:31,121: publisherUpdate[/rosout] -> http://localhost:44109/ ['http://localhost:43501/', 'http://localhost:40285/', 'http://localhost:44549/', 'http://localhost:45441/']
[rosmaster.master][INFO] 2025-08-13 17:34:31,123: publisherUpdate[/rosout] -> http://localhost:44109/ ['http://localhost:43501/', 'http://localhost:40285/', 'http://localhost:44549/', 'http://localhost:45441/']: sec=0.00, result=[1, '', 0]
[rosmaster.master][INFO] 2025-08-13 17:34:31,124: publisherUpdate[/kelpie/command_input] -> http://localhost:43501/ ['http://localhost:45441/']
[rosmaster.master][INFO] 2025-08-13 17:34:31,137: publisherUpdate[/kelpie/command_input] -> http://localhost:43501/ ['http://localhost:45441/']: sec=0.01, result=[1, '', 0]
[rosmaster.master][INFO] 2025-08-13 17:35:02,093: -SUB [/kelpie/leg_control/joint_states] /hardware http://localhost:45441/
[rosmaster.master][INFO] 2025-08-13 17:35:02,095: -SUB [/joy] /hardware http://localhost:45441/
[rosmaster.master][INFO] 2025-08-13 17:35:02,099: -PUB [/rosout] /rosbridge_websocket http://localhost:44549/
[rosmaster.master][INFO] 2025-08-13 17:35:02,099: -PUB [/kelpie/leg_control/currents] /hardware http://localhost:45441/
[rosmaster.master][INFO] 2025-08-13 17:35:02,100: -PUB [/rosout] /rosapi http://localhost:40285/
[rosmaster.master][INFO] 2025-08-13 17:35:02,100: -PUB [/client_count] /rosbridge_websocket http://localhost:44549/
[rosmaster.master][INFO] 2025-08-13 17:35:02,100: -PUB [/kelpie/battery/voltage] /hardware http://localhost:45441/
[rosmaster.master][INFO] 2025-08-13 17:35:02,100: -SERVICE [/rosapi/get_loggers] /rosapi rosrpc://localhost:45689
[rosmaster.master][INFO] 2025-08-13 17:35:02,101: -PUB [/connected_clients] /rosbridge_websocket http://localhost:44549/
[rosmaster.master][INFO] 2025-08-13 17:35:02,101: -PUB [/kelpie/imu] /hardware http://localhost:45441/
[rosmaster.master][INFO] 2025-08-13 17:35:02,101: -SERVICE [/rosapi/set_logger_level] /rosapi rosrpc://localhost:45689
[rosmaster.master][INFO] 2025-08-13 17:35:02,101: -SERVICE [/rosbridge_websocket/get_loggers] /rosbridge_websocket rosrpc://localhost:42587
[rosmaster.master][INFO] 2025-08-13 17:35:02,102: -PUB [/rosout] /hardware http://localhost:45441/
[rosmaster.master][INFO] 2025-08-13 17:35:02,102: -SERVICE [/rosapi/topics] /rosapi rosrpc://localhost:45689
[rosmaster.master][INFO] 2025-08-13 17:35:02,102: -SERVICE [/rosbridge_websocket/set_logger_level] /rosbridge_websocket rosrpc://localhost:42587
[rosmaster.master][INFO] 2025-08-13 17:35:02,103: -PUB [/kelpie/command_input] /hardware http://localhost:45441/
[rosmaster.master][INFO] 2025-08-13 17:35:02,103: -SERVICE [/rosapi/topics_for_type] /rosapi rosrpc://localhost:45689
[rosmaster.master][INFO] 2025-08-13 17:35:02,104: -SERVICE [/hardware/get_loggers] /hardware rosrpc://localhost:34043
[rosmaster.master][INFO] 2025-08-13 17:35:02,104: -SERVICE [/rosapi/services] /rosapi rosrpc://localhost:45689
[rosmaster.master][INFO] 2025-08-13 17:35:02,104: -SERVICE [/hardware/set_logger_level] /hardware rosrpc://localhost:34043
[rosmaster.master][INFO] 2025-08-13 17:35:02,105: -SERVICE [/rosapi/services_for_type] /rosapi rosrpc://localhost:45689
[rosmaster.master][INFO] 2025-08-13 17:35:02,106: -SERVICE [/rosapi/nodes] /rosapi rosrpc://localhost:45689
[rosmaster.master][INFO] 2025-08-13 17:35:02,107: -SERVICE [/rosapi/node_details] /rosapi rosrpc://localhost:45689
[rosmaster.master][INFO] 2025-08-13 17:35:02,107: -SERVICE [/rosapi/action_servers] /rosapi rosrpc://localhost:45689
[rosmaster.master][INFO] 2025-08-13 17:35:02,108: -SERVICE [/rosapi/topic_type] /rosapi rosrpc://localhost:45689
[rosmaster.master][INFO] 2025-08-13 17:35:02,108: -SERVICE [/rosapi/service_type] /rosapi rosrpc://localhost:45689
[rosmaster.master][INFO] 2025-08-13 17:35:02,108: -SERVICE [/rosapi/publishers] /rosapi rosrpc://localhost:45689
[rosmaster.master][INFO] 2025-08-13 17:35:02,109: -SERVICE [/rosapi/subscribers] /rosapi rosrpc://localhost:45689
[rosmaster.master][INFO] 2025-08-13 17:35:02,109: -SERVICE [/rosapi/service_providers] /rosapi rosrpc://localhost:45689
[rosmaster.master][INFO] 2025-08-13 17:35:02,110: -SERVICE [/rosapi/service_node] /rosapi rosrpc://localhost:45689
[rosmaster.master][INFO] 2025-08-13 17:35:02,110: -SERVICE [/rosapi/service_host] /rosapi rosrpc://localhost:45689
[rosmaster.master][INFO] 2025-08-13 17:35:02,111: -SERVICE [/rosapi/message_details] /rosapi rosrpc://localhost:45689
[rosmaster.master][INFO] 2025-08-13 17:35:02,111: -SERVICE [/rosapi/service_request_details] /rosapi rosrpc://localhost:45689
[rosmaster.master][INFO] 2025-08-13 17:35:02,112: -SERVICE [/rosapi/service_response_details] /rosapi rosrpc://localhost:45689
[rosmaster.master][INFO] 2025-08-13 17:35:02,112: -SERVICE [/rosapi/set_param] /rosapi rosrpc://localhost:45689
[rosmaster.master][INFO] 2025-08-13 17:35:02,113: -SERVICE [/rosapi/get_param] /rosapi rosrpc://localhost:45689
[rosmaster.master][INFO] 2025-08-13 17:35:02,113: -SERVICE [/rosapi/has_param] /rosapi rosrpc://localhost:45689
[rosmaster.master][INFO] 2025-08-13 17:35:02,114: -SERVICE [/rosapi/search_param] /rosapi rosrpc://localhost:45689
[rosmaster.master][INFO] 2025-08-13 17:35:02,114: -SERVICE [/rosapi/delete_param] /rosapi rosrpc://localhost:45689
[rosmaster.master][INFO] 2025-08-13 17:35:02,115: -SERVICE [/rosapi/get_param_names] /rosapi rosrpc://localhost:45689
[rosmaster.master][INFO] 2025-08-13 17:35:02,116: -SERVICE [/rosapi/get_time] /rosapi rosrpc://localhost:45689
[rosmaster.master][INFO] 2025-08-13 17:35:02,116: -SERVICE [/rosapi/topics_and_raw_types] /rosapi rosrpc://localhost:45689
[rosmaster.master][INFO] 2025-08-13 17:35:02,182: publisherUpdate[/rosout] -> http://localhost:44109/ ['http://localhost:43501/', 'http://localhost:40285/', 'http://localhost:45441/']
[rosmaster.master][INFO] 2025-08-13 17:35:02,183: publisherUpdate[/kelpie/leg_control/currents] -> http://localhost:43501/ []
[rosmaster.master][INFO] 2025-08-13 17:35:02,188: publisherUpdate[/rosout] -> http://localhost:44109/ ['http://localhost:43501/', 'http://localhost:40285/', 'http://localhost:45441/']: sec=0.01, result=[1, '', 0]
[rosmaster.master][INFO] 2025-08-13 17:35:02,189: publisherUpdate[/rosout] -> http://localhost:44109/ ['http://localhost:43501/', 'http://localhost:45441/']
[rosmaster.master][INFO] 2025-08-13 17:35:02,192: publisherUpdate[/rosout] -> http://localhost:44109/ ['http://localhost:43501/', 'http://localhost:45441/']: sec=0.00, result=[1, '', 0]
[rosmaster.master][INFO] 2025-08-13 17:35:02,195: publisherUpdate[/kelpie/leg_control/currents] -> http://localhost:43501/ []: sec=0.01, result=[1, '', 0]
[rosmaster.master][INFO] 2025-08-13 17:35:02,195: publisherUpdate[/rosout] -> http://localhost:44109/ ['http://localhost:43501/']
[rosmaster.master][INFO] 2025-08-13 17:35:02,195: publisherUpdate[/kelpie/battery/voltage] -> http://localhost:43501/ []
[rosmaster.master][INFO] 2025-08-13 17:35:02,197: publisherUpdate[/rosout] -> http://localhost:44109/ ['http://localhost:43501/']: sec=0.00, result=[1, '', 0]
[rosmaster.master][INFO] 2025-08-13 17:35:02,198: publisherUpdate[/kelpie/battery/voltage] -> http://localhost:43501/ []: sec=0.00, result=[1, '', 0]
[rosmaster.master][INFO] 2025-08-13 17:35:02,199: publisherUpdate[/kelpie/imu] -> http://localhost:43501/ []
[rosmaster.master][INFO] 2025-08-13 17:35:02,201: publisherUpdate[/kelpie/imu] -> http://localhost:43501/ []: sec=0.00, result=[1, '', 0]
[rosmaster.master][INFO] 2025-08-13 17:35:02,201: publisherUpdate[/kelpie/command_input] -> http://localhost:43501/ []
[rosmaster.master][INFO] 2025-08-13 17:35:02,203: publisherUpdate[/kelpie/command_input] -> http://localhost:43501/ []: sec=0.00, result=[1, '', 0]
[rosmaster.master][INFO] 2025-08-13 17:35:17,123: -SUB [/kelpie/imu] /kelpie http://localhost:43501/
[rosmaster.master][INFO] 2025-08-13 17:35:17,123: -SUB [/kelpie/leg_control/currents] /kelpie http://localhost:43501/
[rosmaster.master][INFO] 2025-08-13 17:35:17,123: -SUB [/kelpie/battery/voltage] /kelpie http://localhost:43501/
[rosmaster.master][INFO] 2025-08-13 17:35:17,124: -SUB [/kelpie/command_input] /kelpie http://localhost:43501/
[rosmaster.master][INFO] 2025-08-13 17:35:17,124: -PUB [/rosout] /kelpie http://localhost:43501/
[rosmaster.master][INFO] 2025-08-13 17:35:17,124: -PUB [/kelpie/leg_control/joint_states] /kelpie http://localhost:43501/
[rosmaster.master][INFO] 2025-08-13 17:35:17,124: -SERVICE [/kelpie/get_loggers] /kelpie rosrpc://localhost:46173
[rosmaster.master][INFO] 2025-08-13 17:35:17,125: -SERVICE [/kelpie/set_logger_level] /kelpie rosrpc://localhost:46173
[rosmaster.master][INFO] 2025-08-13 17:35:17,125: publisherUpdate[/rosout] -> http://localhost:44109/ []
[rosmaster.master][INFO] 2025-08-13 17:35:17,128: publisherUpdate[/rosout] -> http://localhost:44109/ []: sec=0.00, result=[1, '', 0]
[rosmaster.master][INFO] 2025-08-13 17:35:19,232: -PUB [/rosout_agg] /rosout http://localhost:44109/
[rosmaster.master][INFO] 2025-08-13 17:35:19,233: -SUB [/rosout] /rosout http://localhost:44109/
[rosmaster.master][INFO] 2025-08-13 17:35:19,234: -SERVICE [/rosout/get_loggers] /rosout rosrpc://localhost:50983
[rosmaster.master][INFO] 2025-08-13 17:35:19,236: -SERVICE [/rosout/set_logger_level] /rosout rosrpc://localhost:50983
[rosmaster.master][INFO] 2025-08-13 17:35:19,237: -CACHEDPARAM [/rosout/omit_topics] by /rosout
[rosmaster.main][INFO] 2025-08-13 17:35:19,331: keyboard interrupt, will exit
[rosmaster.main][INFO] 2025-08-13 17:35:19,331: stopping master...
[rospy.core][INFO] 2025-08-13 17:35:19,332: signal_shutdown [atexit]
