[rosmaster.main][INFO] 2025-08-11 13:44:36,808: initialization complete, waiting for shutdown
[rosmaster.main][INFO] 2025-08-11 13:44:36,808: Starting ROS Master Node
[xmlrpc][INFO] 2025-08-11 13:44:36,810: XML-RPC server binding to 127.0.0.1:11311
[xmlrpc][INFO] 2025-08-11 13:44:36,810: Started XML-RPC server [http://localhost:11311/]
[rosmaster.master][INFO] 2025-08-11 13:44:36,811: Master initialized: port[11311], uri[http://localhost:11311/]
[xmlrpc][INFO] 2025-08-11 13:44:36,811: xml rpc node: starting XML-RPC server
[rosmaster.master][INFO] 2025-08-11 13:44:36,928: +PARAM [/run_id] by /roslaunch
[rosmaster.master][INFO] 2025-08-11 13:44:36,931: +PARAM [/roslaunch/uris/host_localhost__39997] by /roslaunch
[rosmaster.master][INFO] 2025-08-11 13:44:37,065: +PARAM [/rosversion] by /roslaunch
[rosmaster.master][INFO] 2025-08-11 13:44:37,066: +PARAM [/rosdistro] by /roslaunch
[rosmaster.master][INFO] 2025-08-11 13:44:37,066: +PARAM [/rosbridge_websocket/authenticate] by /roslaunch
[rosmaster.master][INFO] 2025-08-11 13:44:37,067: +PARAM [/rosbridge_websocket/port] by /roslaunch
[rosmaster.master][INFO] 2025-08-11 13:44:37,067: +PARAM [/rosbridge_websocket/address] by /roslaunch
[rosmaster.master][INFO] 2025-08-11 13:44:37,067: +PARAM [/rosbridge_websocket/retry_startup_delay] by /roslaunch
[rosmaster.master][INFO] 2025-08-11 13:44:37,067: +PARAM [/rosbridge_websocket/fragment_timeout] by /roslaunch
[rosmaster.master][INFO] 2025-08-11 13:44:37,068: +PARAM [/rosbridge_websocket/delay_between_messages] by /roslaunch
[rosmaster.master][INFO] 2025-08-11 13:44:37,068: +PARAM [/rosbridge_websocket/max_message_size] by /roslaunch
[rosmaster.master][INFO] 2025-08-11 13:44:37,068: +PARAM [/rosbridge_websocket/unregister_timeout] by /roslaunch
[rosmaster.master][INFO] 2025-08-11 13:44:37,068: +PARAM [/rosbridge_websocket/use_compression] by /roslaunch
[rosmaster.master][INFO] 2025-08-11 13:44:37,069: +PARAM [/rosbridge_websocket/websocket_ping_interval] by /roslaunch
[rosmaster.master][INFO] 2025-08-11 13:44:37,069: +PARAM [/rosbridge_websocket/websocket_ping_timeout] by /roslaunch
[rosmaster.master][INFO] 2025-08-11 13:44:37,069: +PARAM [/rosbridge_websocket/websocket_external_port] by /roslaunch
[rosmaster.master][INFO] 2025-08-11 13:44:37,069: +PARAM [/rosbridge_websocket/topics_glob] by /roslaunch
[rosmaster.master][INFO] 2025-08-11 13:44:37,069: +PARAM [/rosbridge_websocket/services_glob] by /roslaunch
[rosmaster.master][INFO] 2025-08-11 13:44:37,070: +PARAM [/rosbridge_websocket/params_glob] by /roslaunch
[rosmaster.master][INFO] 2025-08-11 13:44:37,072: +PARAM [/rosbridge_websocket/bson_only_mode] by /roslaunch
[rosmaster.master][INFO] 2025-08-11 13:44:37,072: +PARAM [/rosapi/topics_glob] by /roslaunch
[rosmaster.master][INFO] 2025-08-11 13:44:37,072: +PARAM [/rosapi/services_glob] by /roslaunch
[rosmaster.master][INFO] 2025-08-11 13:44:37,072: +PARAM [/rosapi/params_glob] by /roslaunch
[rosmaster.master][INFO] 2025-08-11 13:44:37,073: +PARAM [/JOYSTICK/autorepeat_rate] by /roslaunch
[rosmaster.master][INFO] 2025-08-11 13:44:37,073: +PARAM [/JOYSTICK/joy_node/dev] by /roslaunch
[rosmaster.master][INFO] 2025-08-11 13:44:37,075: +SERVICE [/rosout/get_loggers] /rosout http://localhost:43997/
[rosmaster.master][INFO] 2025-08-11 13:44:37,076: +SERVICE [/rosout/set_logger_level] /rosout http://localhost:43997/
[rosmaster.master][INFO] 2025-08-11 13:44:37,082: +PUB [/rosout_agg] /rosout http://localhost:43997/
[rosmaster.master][INFO] 2025-08-11 13:44:37,095: +SUB [/rosout] /rosout http://localhost:43997/
[rosmaster.master][INFO] 2025-08-11 13:44:37,346: +PUB [/rosout] /JOYSTICK http://localhost:42463/
[rosmaster.master][INFO] 2025-08-11 13:44:37,348: +SERVICE [/JOYSTICK/get_loggers] /JOYSTICK http://localhost:42463/
[rosmaster.master][INFO] 2025-08-11 13:44:37,351: +SERVICE [/JOYSTICK/set_logger_level] /JOYSTICK http://localhost:42463/
[rosmaster.master][INFO] 2025-08-11 13:44:37,355: +PUB [/diagnostics] /JOYSTICK http://localhost:42463/
[rosmaster.master][INFO] 2025-08-11 13:44:37,362: +CACHEDPARAM [/JOYSTICK/diagnostic_period] by /JOYSTICK
[rosmaster.master][INFO] 2025-08-11 13:44:37,370: +PUB [/joy] /JOYSTICK http://localhost:42463/
[rosmaster.master][INFO] 2025-08-11 13:44:37,388: +SUB [/joy/set_feedback] /JOYSTICK http://localhost:42463/
[rosmaster.master][INFO] 2025-08-11 13:44:37,410: publisherUpdate[/rosout] -> http://localhost:43997/ ['http://localhost:42463/']
[rosmaster.master][INFO] 2025-08-11 13:44:37,436: publisherUpdate[/rosout] -> http://localhost:43997/ ['http://localhost:42463/']: sec=0.02, result=[1, '', 0]
[rosmaster.master][INFO] 2025-08-11 13:44:37,480: +CACHEDPARAM [/rosout_disable_topics_generation] by /JOYSTICK
[rosmaster.master][INFO] 2025-08-11 13:44:38,580: +PUB [/rosout] /rosapi http://localhost:46093/
[rosmaster.master][INFO] 2025-08-11 13:44:38,590: +SERVICE [/rosapi/get_loggers] /rosapi http://localhost:46093/
[rosmaster.master][INFO] 2025-08-11 13:44:38,594: +SERVICE [/rosapi/set_logger_level] /rosapi http://localhost:46093/
[rosmaster.master][INFO] 2025-08-11 13:44:38,605: +SERVICE [/rosapi/topics] /rosapi http://localhost:46093/
[rosmaster.master][INFO] 2025-08-11 13:44:38,611: +SERVICE [/rosapi/topics_for_type] /rosapi http://localhost:46093/
[rosmaster.master][INFO] 2025-08-11 13:44:38,617: +SERVICE [/rosapi/services] /rosapi http://localhost:46093/
[rosmaster.master][INFO] 2025-08-11 13:44:38,623: +SERVICE [/rosapi/services_for_type] /rosapi http://localhost:46093/
[rosmaster.master][INFO] 2025-08-11 13:44:38,624: publisherUpdate[/rosout] -> http://localhost:43997/ ['http://localhost:42463/', 'http://localhost:46093/']
[rosmaster.master][INFO] 2025-08-11 13:44:38,631: +SERVICE [/rosapi/nodes] /rosapi http://localhost:46093/
[rosmaster.master][INFO] 2025-08-11 13:44:38,635: publisherUpdate[/rosout] -> http://localhost:43997/ ['http://localhost:42463/', 'http://localhost:46093/']: sec=0.01, result=[1, '', 0]
[rosmaster.master][INFO] 2025-08-11 13:44:38,639: +SERVICE [/rosapi/node_details] /rosapi http://localhost:46093/
[rosmaster.master][INFO] 2025-08-11 13:44:38,644: +SERVICE [/rosapi/action_servers] /rosapi http://localhost:46093/
[rosmaster.master][INFO] 2025-08-11 13:44:38,649: +SERVICE [/rosapi/topic_type] /rosapi http://localhost:46093/
[rosmaster.master][INFO] 2025-08-11 13:44:38,654: +SERVICE [/rosapi/service_type] /rosapi http://localhost:46093/
[rosmaster.master][INFO] 2025-08-11 13:44:38,658: +SERVICE [/rosapi/publishers] /rosapi http://localhost:46093/
[rosmaster.master][INFO] 2025-08-11 13:44:38,661: +SERVICE [/rosapi/subscribers] /rosapi http://localhost:46093/
[rosmaster.master][INFO] 2025-08-11 13:44:38,670: +SERVICE [/rosapi/service_providers] /rosapi http://localhost:46093/
[rosmaster.master][INFO] 2025-08-11 13:44:38,673: +SERVICE [/rosapi/service_node] /rosapi http://localhost:46093/
[rosmaster.master][INFO] 2025-08-11 13:44:38,677: +SERVICE [/rosapi/service_host] /rosapi http://localhost:46093/
[rosmaster.master][INFO] 2025-08-11 13:44:38,680: +SERVICE [/rosapi/message_details] /rosapi http://localhost:46093/
[rosmaster.master][INFO] 2025-08-11 13:44:38,684: +SERVICE [/rosapi/service_request_details] /rosapi http://localhost:46093/
[rosmaster.master][INFO] 2025-08-11 13:44:38,689: +SERVICE [/rosapi/service_response_details] /rosapi http://localhost:46093/
[rosmaster.master][INFO] 2025-08-11 13:44:38,692: +SERVICE [/rosapi/set_param] /rosapi http://localhost:46093/
[rosmaster.master][INFO] 2025-08-11 13:44:38,695: +SERVICE [/rosapi/get_param] /rosapi http://localhost:46093/
[rosmaster.master][INFO] 2025-08-11 13:44:38,699: +SERVICE [/rosapi/has_param] /rosapi http://localhost:46093/
[rosmaster.master][INFO] 2025-08-11 13:44:38,702: +SERVICE [/rosapi/search_param] /rosapi http://localhost:46093/
[rosmaster.master][INFO] 2025-08-11 13:44:38,705: +SERVICE [/rosapi/delete_param] /rosapi http://localhost:46093/
[rosmaster.master][INFO] 2025-08-11 13:44:38,708: +SERVICE [/rosapi/get_param_names] /rosapi http://localhost:46093/
[rosmaster.master][INFO] 2025-08-11 13:44:38,711: +SERVICE [/rosapi/get_time] /rosapi http://localhost:46093/
[rosmaster.master][INFO] 2025-08-11 13:44:38,715: +SERVICE [/rosapi/topics_and_raw_types] /rosapi http://localhost:46093/
[rosmaster.master][INFO] 2025-08-11 13:44:38,718: +CACHEDPARAM [/rosout_disable_topics_generation] by /rosapi
[rosmaster.master][INFO] 2025-08-11 13:44:38,840: +CACHEDPARAM [/rosout/omit_topics] by /rosout
[rosmaster.master][INFO] 2025-08-11 13:44:39,339: +PUB [/rosout] /rosbridge_websocket http://localhost:44443/
[rosmaster.master][INFO] 2025-08-11 13:44:39,339: publisherUpdate[/rosout] -> http://localhost:43997/ ['http://localhost:42463/', 'http://localhost:46093/', 'http://localhost:44443/']
[rosmaster.master][INFO] 2025-08-11 13:44:39,342: publisherUpdate[/rosout] -> http://localhost:43997/ ['http://localhost:42463/', 'http://localhost:46093/', 'http://localhost:44443/']: sec=0.00, result=[1, '', 0]
[rosmaster.master][INFO] 2025-08-11 13:44:39,348: +SERVICE [/rosbridge_websocket/get_loggers] /rosbridge_websocket http://localhost:44443/
[rosmaster.master][INFO] 2025-08-11 13:44:39,351: +SERVICE [/rosbridge_websocket/set_logger_level] /rosbridge_websocket http://localhost:44443/
[rosmaster.master][INFO] 2025-08-11 13:44:39,388: +PUB [/client_count] /rosbridge_websocket http://localhost:44443/
[rosmaster.master][INFO] 2025-08-11 13:44:39,391: +PUB [/connected_clients] /rosbridge_websocket http://localhost:44443/
[rosmaster.master][INFO] 2025-08-11 13:44:39,400: +PARAM [/rosbridge_websocket/actual_port] by /rosbridge_websocket
[rosmaster.master][INFO] 2025-08-11 13:44:39,407: +CACHEDPARAM [/rosout_disable_topics_generation] by /rosbridge_websocket
[rosmaster.master][INFO] 2025-08-11 13:45:44,384: -PUB [/rosout] /rosapi http://localhost:46093/
[rosmaster.master][INFO] 2025-08-11 13:45:44,385: -PUB [/rosout] /rosbridge_websocket http://localhost:44443/
[rosmaster.master][INFO] 2025-08-11 13:45:44,386: -SERVICE [/rosapi/get_loggers] /rosapi rosrpc://localhost:39463
[rosmaster.master][INFO] 2025-08-11 13:45:44,386: -PUB [/client_count] /rosbridge_websocket http://localhost:44443/
[rosmaster.master][INFO] 2025-08-11 13:45:44,386: -SERVICE [/rosapi/set_logger_level] /rosapi rosrpc://localhost:39463
[rosmaster.master][INFO] 2025-08-11 13:45:44,387: -PUB [/connected_clients] /rosbridge_websocket http://localhost:44443/
[rosmaster.master][INFO] 2025-08-11 13:45:44,387: -SERVICE [/rosapi/topics] /rosapi rosrpc://localhost:39463
[rosmaster.master][INFO] 2025-08-11 13:45:44,387: -SERVICE [/rosbridge_websocket/get_loggers] /rosbridge_websocket rosrpc://localhost:33043
[rosmaster.master][INFO] 2025-08-11 13:45:44,388: -SERVICE [/rosapi/topics_for_type] /rosapi rosrpc://localhost:39463
[rosmaster.master][INFO] 2025-08-11 13:45:44,388: -SERVICE [/rosbridge_websocket/set_logger_level] /rosbridge_websocket rosrpc://localhost:33043
[rosmaster.master][INFO] 2025-08-11 13:45:44,389: -SERVICE [/rosapi/services] /rosapi rosrpc://localhost:39463
[rosmaster.master][INFO] 2025-08-11 13:45:44,389: -SERVICE [/rosapi/services_for_type] /rosapi rosrpc://localhost:39463
[rosmaster.master][INFO] 2025-08-11 13:45:44,390: -SERVICE [/rosapi/nodes] /rosapi rosrpc://localhost:39463
[rosmaster.master][INFO] 2025-08-11 13:45:44,390: -SERVICE [/rosapi/node_details] /rosapi rosrpc://localhost:39463
[rosmaster.master][INFO] 2025-08-11 13:45:44,390: -SERVICE [/rosapi/action_servers] /rosapi rosrpc://localhost:39463
[rosmaster.master][INFO] 2025-08-11 13:45:44,391: -SERVICE [/rosapi/topic_type] /rosapi rosrpc://localhost:39463
[rosmaster.master][INFO] 2025-08-11 13:45:44,391: -SERVICE [/rosapi/service_type] /rosapi rosrpc://localhost:39463
[rosmaster.master][INFO] 2025-08-11 13:45:44,391: -SERVICE [/rosapi/publishers] /rosapi rosrpc://localhost:39463
[rosmaster.master][INFO] 2025-08-11 13:45:44,392: -SERVICE [/rosapi/subscribers] /rosapi rosrpc://localhost:39463
[rosmaster.master][INFO] 2025-08-11 13:45:44,392: -SERVICE [/rosapi/service_providers] /rosapi rosrpc://localhost:39463
[rosmaster.master][INFO] 2025-08-11 13:45:44,393: -SERVICE [/rosapi/service_node] /rosapi rosrpc://localhost:39463
[rosmaster.master][INFO] 2025-08-11 13:45:44,393: -SERVICE [/rosapi/service_host] /rosapi rosrpc://localhost:39463
[rosmaster.master][INFO] 2025-08-11 13:45:44,393: -SERVICE [/rosapi/message_details] /rosapi rosrpc://localhost:39463
[rosmaster.master][INFO] 2025-08-11 13:45:44,394: -SERVICE [/rosapi/service_request_details] /rosapi rosrpc://localhost:39463
[rosmaster.master][INFO] 2025-08-11 13:45:44,394: -SERVICE [/rosapi/service_response_details] /rosapi rosrpc://localhost:39463
[rosmaster.master][INFO] 2025-08-11 13:45:44,394: -SERVICE [/rosapi/set_param] /rosapi rosrpc://localhost:39463
[rosmaster.master][INFO] 2025-08-11 13:45:44,394: -SERVICE [/rosapi/get_param] /rosapi rosrpc://localhost:39463
[rosmaster.master][INFO] 2025-08-11 13:45:44,395: -SERVICE [/rosapi/has_param] /rosapi rosrpc://localhost:39463
[rosmaster.master][INFO] 2025-08-11 13:45:44,395: -SERVICE [/rosapi/search_param] /rosapi rosrpc://localhost:39463
[rosmaster.master][INFO] 2025-08-11 13:45:44,395: -SERVICE [/rosapi/delete_param] /rosapi rosrpc://localhost:39463
[rosmaster.master][INFO] 2025-08-11 13:45:44,395: -SERVICE [/rosapi/get_param_names] /rosapi rosrpc://localhost:39463
[rosmaster.master][INFO] 2025-08-11 13:45:44,396: -SERVICE [/rosapi/get_time] /rosapi rosrpc://localhost:39463
[rosmaster.master][INFO] 2025-08-11 13:45:44,396: -SERVICE [/rosapi/topics_and_raw_types] /rosapi rosrpc://localhost:39463
[rosmaster.master][INFO] 2025-08-11 13:45:44,445: publisherUpdate[/rosout] -> http://localhost:43997/ ['http://localhost:42463/', 'http://localhost:44443/']
[rosmaster.master][INFO] 2025-08-11 13:45:44,447: publisherUpdate[/rosout] -> http://localhost:43997/ ['http://localhost:42463/', 'http://localhost:44443/']: sec=0.00, result=[1, '', 0]
[rosmaster.master][INFO] 2025-08-11 13:45:44,448: publisherUpdate[/rosout] -> http://localhost:43997/ ['http://localhost:42463/']
[rosmaster.master][INFO] 2025-08-11 13:45:44,449: publisherUpdate[/rosout] -> http://localhost:43997/ ['http://localhost:42463/']: sec=0.00, result=[1, '', 0]
[rosmaster.master][INFO] 2025-08-11 13:45:44,549: -PUB [/rosout] /JOYSTICK http://localhost:42463/
[rosmaster.master][INFO] 2025-08-11 13:45:44,550: -PUB [/diagnostics] /JOYSTICK http://localhost:42463/
[rosmaster.master][INFO] 2025-08-11 13:45:44,551: publisherUpdate[/rosout] -> http://localhost:43997/ []
[rosmaster.master][INFO] 2025-08-11 13:45:44,552: -PUB [/joy] /JOYSTICK http://localhost:42463/
[rosmaster.master][INFO] 2025-08-11 13:45:44,554: publisherUpdate[/rosout] -> http://localhost:43997/ []: sec=0.00, result=[1, '', 0]
[rosmaster.master][INFO] 2025-08-11 13:45:44,555: -SUB [/joy/set_feedback] /JOYSTICK http://localhost:42463/
[rosmaster.master][INFO] 2025-08-11 13:45:44,556: -SERVICE [/JOYSTICK/get_loggers] /JOYSTICK rosrpc://localhost:54291
[rosmaster.master][INFO] 2025-08-11 13:45:44,557: -SERVICE [/JOYSTICK/set_logger_level] /JOYSTICK rosrpc://localhost:54291
[rosmaster.master][INFO] 2025-08-11 13:45:44,559: -CACHEDPARAM [/JOYSTICK/diagnostic_period] by /JOYSTICK
[rosmaster.master][INFO] 2025-08-11 13:45:44,560: -CACHEDPARAM [/rosout_disable_topics_generation] by /JOYSTICK
[rosmaster.master][INFO] 2025-08-11 13:45:45,556: -PUB [/rosout_agg] /rosout http://localhost:43997/
[rosmaster.master][INFO] 2025-08-11 13:45:45,557: -SUB [/rosout] /rosout http://localhost:43997/
[rosmaster.master][INFO] 2025-08-11 13:45:45,558: -SERVICE [/rosout/get_loggers] /rosout rosrpc://localhost:35855
[rosmaster.master][INFO] 2025-08-11 13:45:45,560: -SERVICE [/rosout/set_logger_level] /rosout rosrpc://localhost:35855
[rosmaster.master][INFO] 2025-08-11 13:45:45,561: -CACHEDPARAM [/rosout/omit_topics] by /rosout
[rosmaster.main][INFO] 2025-08-11 13:45:45,586: keyboard interrupt, will exit
[rosmaster.main][INFO] 2025-08-11 13:45:45,587: stopping master...
[rospy.core][INFO] 2025-08-11 13:45:45,587: signal_shutdown [atexit]
