[rosmaster.main][INFO] 2025-08-14 17:11:41,254: initialization complete, waiting for shutdown
[rosmaster.main][INFO] 2025-08-14 17:11:41,254: Starting ROS Master Node
[xmlrpc][INFO] 2025-08-14 17:11:41,256: XML-RPC server binding to 127.0.0.1:11311
[xmlrpc][INFO] 2025-08-14 17:11:41,257: Started XML-RPC server [http://localhost:11311/]
[rosmaster.master][INFO] 2025-08-14 17:11:41,257: Master initialized: port[11311], uri[http://localhost:11311/]
[xmlrpc][INFO] 2025-08-14 17:11:41,257: xml rpc node: starting XML-RPC server
[rosmaster.master][INFO] 2025-08-14 17:11:41,371: +PARAM [/run_id] by /roslaunch
[rosmaster.master][INFO] 2025-08-14 17:11:41,374: +PARAM [/roslaunch/uris/host_localhost__42761] by /roslaunch
[rosmaster.master][INFO] 2025-08-14 17:11:41,515: +PARAM [/rosversion] by /roslaunch
[rosmaster.master][INFO] 2025-08-14 17:11:41,516: +PARAM [/rosdistro] by /roslaunch
[rosmaster.master][INFO] 2025-08-14 17:11:41,526: +SERVICE [/rosout/get_loggers] /rosout http://localhost:42253/
[rosmaster.master][INFO] 2025-08-14 17:11:41,528: +SERVICE [/rosout/set_logger_level] /rosout http://localhost:42253/
[rosmaster.master][INFO] 2025-08-14 17:11:41,531: +PUB [/rosout_agg] /rosout http://localhost:42253/
[rosmaster.master][INFO] 2025-08-14 17:11:41,537: +SUB [/rosout] /rosout http://localhost:42253/
[rosmaster.master][INFO] 2025-08-14 17:12:16,265: +PARAM [/roslaunch/uris/host_localhost__42155] by /roslaunch
[rosmaster.master][INFO] 2025-08-14 17:12:16,277: +PARAM [/rosversion] by /roslaunch
[rosmaster.master][INFO] 2025-08-14 17:12:16,277: +PARAM [/rosdistro] by /roslaunch
[rosmaster.master][INFO] 2025-08-14 17:12:16,278: +PARAM [/rosbridge_websocket/authenticate] by /roslaunch
[rosmaster.master][INFO] 2025-08-14 17:12:16,278: +PARAM [/rosbridge_websocket/port] by /roslaunch
[rosmaster.master][INFO] 2025-08-14 17:12:16,278: +PARAM [/rosbridge_websocket/address] by /roslaunch
[rosmaster.master][INFO] 2025-08-14 17:12:16,278: +PARAM [/rosbridge_websocket/retry_startup_delay] by /roslaunch
[rosmaster.master][INFO] 2025-08-14 17:12:16,278: +PARAM [/rosbridge_websocket/fragment_timeout] by /roslaunch
[rosmaster.master][INFO] 2025-08-14 17:12:16,279: +PARAM [/rosbridge_websocket/delay_between_messages] by /roslaunch
[rosmaster.master][INFO] 2025-08-14 17:12:16,279: +PARAM [/rosbridge_websocket/max_message_size] by /roslaunch
[rosmaster.master][INFO] 2025-08-14 17:12:16,279: +PARAM [/rosbridge_websocket/unregister_timeout] by /roslaunch
[rosmaster.master][INFO] 2025-08-14 17:12:16,279: +PARAM [/rosbridge_websocket/use_compression] by /roslaunch
[rosmaster.master][INFO] 2025-08-14 17:12:16,280: +PARAM [/rosbridge_websocket/websocket_ping_interval] by /roslaunch
[rosmaster.master][INFO] 2025-08-14 17:12:16,280: +PARAM [/rosbridge_websocket/websocket_ping_timeout] by /roslaunch
[rosmaster.master][INFO] 2025-08-14 17:12:16,280: +PARAM [/rosbridge_websocket/websocket_external_port] by /roslaunch
[rosmaster.master][INFO] 2025-08-14 17:12:16,280: +PARAM [/rosbridge_websocket/topics_glob] by /roslaunch
[rosmaster.master][INFO] 2025-08-14 17:12:16,280: +PARAM [/rosbridge_websocket/services_glob] by /roslaunch
[rosmaster.master][INFO] 2025-08-14 17:12:16,281: +PARAM [/rosbridge_websocket/params_glob] by /roslaunch
[rosmaster.master][INFO] 2025-08-14 17:12:16,281: +PARAM [/rosbridge_websocket/bson_only_mode] by /roslaunch
[rosmaster.master][INFO] 2025-08-14 17:12:16,281: +PARAM [/rosapi/topics_glob] by /roslaunch
[rosmaster.master][INFO] 2025-08-14 17:12:16,281: +PARAM [/rosapi/services_glob] by /roslaunch
[rosmaster.master][INFO] 2025-08-14 17:12:16,281: +PARAM [/rosapi/params_glob] by /roslaunch
[rosmaster.master][INFO] 2025-08-14 17:12:16,282: +PARAM [/JOYSTICK/autorepeat_rate] by /roslaunch
[rosmaster.master][INFO] 2025-08-14 17:12:16,282: +PARAM [/JOYSTICK/joy_node/dev] by /roslaunch
[rosmaster.master][INFO] 2025-08-14 17:12:16,643: +PUB [/rosout] /JOYSTICK http://localhost:44049/
[rosmaster.master][INFO] 2025-08-14 17:12:16,645: +SERVICE [/JOYSTICK/get_loggers] /JOYSTICK http://localhost:44049/
[rosmaster.master][INFO] 2025-08-14 17:12:16,650: +SERVICE [/JOYSTICK/set_logger_level] /JOYSTICK http://localhost:44049/
[rosmaster.master][INFO] 2025-08-14 17:12:16,658: +PUB [/diagnostics] /JOYSTICK http://localhost:44049/
[rosmaster.master][INFO] 2025-08-14 17:12:16,660: +CACHEDPARAM [/JOYSTICK/diagnostic_period] by /JOYSTICK
[rosmaster.master][INFO] 2025-08-14 17:12:16,672: +PUB [/joy] /JOYSTICK http://localhost:44049/
[rosmaster.master][INFO] 2025-08-14 17:12:16,694: +SUB [/joy/set_feedback] /JOYSTICK http://localhost:44049/
[rosmaster.master][INFO] 2025-08-14 17:12:16,719: +CACHEDPARAM [/rosout_disable_topics_generation] by /JOYSTICK
[rosmaster.master][INFO] 2025-08-14 17:12:16,723: publisherUpdate[/rosout] -> http://localhost:42253/ ['http://localhost:44049/']
[rosmaster.master][INFO] 2025-08-14 17:12:16,741: publisherUpdate[/rosout] -> http://localhost:42253/ ['http://localhost:44049/']: sec=0.02, result=[1, '', 0]
[rosmaster.master][INFO] 2025-08-14 17:12:18,078: +PUB [/rosout] /rosapi http://localhost:46767/
[rosmaster.master][INFO] 2025-08-14 17:12:18,085: +SERVICE [/rosapi/get_loggers] /rosapi http://localhost:46767/
[rosmaster.master][INFO] 2025-08-14 17:12:18,088: +SERVICE [/rosapi/set_logger_level] /rosapi http://localhost:46767/
[rosmaster.master][INFO] 2025-08-14 17:12:18,098: +PUB [/rosout] /kelpie http://localhost:33831/
[rosmaster.master][INFO] 2025-08-14 17:12:18,104: +SERVICE [/rosapi/topics] /rosapi http://localhost:46767/
[rosmaster.master][INFO] 2025-08-14 17:12:18,108: +SERVICE [/rosapi/topics_for_type] /rosapi http://localhost:46767/
[rosmaster.master][INFO] 2025-08-14 17:12:18,112: +SERVICE [/rosapi/services] /rosapi http://localhost:46767/
[rosmaster.master][INFO] 2025-08-14 17:12:18,113: +SERVICE [/kelpie/get_loggers] /kelpie http://localhost:33831/
[rosmaster.master][INFO] 2025-08-14 17:12:18,115: +SERVICE [/rosapi/services_for_type] /rosapi http://localhost:46767/
[rosmaster.master][INFO] 2025-08-14 17:12:18,117: +SERVICE [/kelpie/set_logger_level] /kelpie http://localhost:33831/
[rosmaster.master][INFO] 2025-08-14 17:12:18,119: +SERVICE [/rosapi/nodes] /rosapi http://localhost:46767/
[rosmaster.master][INFO] 2025-08-14 17:12:18,122: +SERVICE [/rosapi/node_details] /rosapi http://localhost:46767/
[rosmaster.master][INFO] 2025-08-14 17:12:18,124: +SUB [/kelpie/imu] /kelpie http://localhost:33831/
[rosmaster.master][INFO] 2025-08-14 17:12:18,126: +SERVICE [/rosapi/action_servers] /rosapi http://localhost:46767/
[rosmaster.master][INFO] 2025-08-14 17:12:18,127: publisherUpdate[/rosout] -> http://localhost:42253/ ['http://localhost:44049/', 'http://localhost:46767/']
[rosmaster.master][INFO] 2025-08-14 17:12:18,130: +SERVICE [/rosapi/topic_type] /rosapi http://localhost:46767/
[rosmaster.master][INFO] 2025-08-14 17:12:18,132: +SUB [/kelpie/leg_control/currents] /kelpie http://localhost:33831/
[rosmaster.master][INFO] 2025-08-14 17:12:18,135: +SERVICE [/rosapi/service_type] /rosapi http://localhost:46767/
[rosmaster.master][INFO] 2025-08-14 17:12:18,136: publisherUpdate[/rosout] -> http://localhost:42253/ ['http://localhost:44049/', 'http://localhost:46767/']: sec=0.01, result=[1, '', 0]
[rosmaster.master][INFO] 2025-08-14 17:12:18,138: publisherUpdate[/rosout] -> http://localhost:42253/ ['http://localhost:44049/', 'http://localhost:46767/', 'http://localhost:33831/']
[rosmaster.master][INFO] 2025-08-14 17:12:18,140: +SERVICE [/rosapi/publishers] /rosapi http://localhost:46767/
[rosmaster.master][INFO] 2025-08-14 17:12:18,143: publisherUpdate[/rosout] -> http://localhost:42253/ ['http://localhost:44049/', 'http://localhost:46767/', 'http://localhost:33831/']: sec=0.00, result=[1, '', 0]
[rosmaster.master][INFO] 2025-08-14 17:12:18,144: +SUB [/kelpie/battery/voltage] /kelpie http://localhost:33831/
[rosmaster.master][INFO] 2025-08-14 17:12:18,147: +SERVICE [/rosapi/subscribers] /rosapi http://localhost:46767/
[rosmaster.master][INFO] 2025-08-14 17:12:18,149: +PUB [/kelpie/leg_control/joint_states] /kelpie http://localhost:33831/
[rosmaster.master][INFO] 2025-08-14 17:12:18,151: +SERVICE [/rosapi/service_providers] /rosapi http://localhost:46767/
[rosmaster.master][INFO] 2025-08-14 17:12:18,154: +CACHEDPARAM [/rosout_disable_topics_generation] by /kelpie
[rosmaster.master][INFO] 2025-08-14 17:12:18,155: +SERVICE [/rosapi/service_node] /rosapi http://localhost:46767/
[rosmaster.master][INFO] 2025-08-14 17:12:18,159: +SERVICE [/rosapi/service_host] /rosapi http://localhost:46767/
[rosmaster.master][INFO] 2025-08-14 17:12:18,161: +SUB [/kelpie/command_input] /kelpie http://localhost:33831/
[rosmaster.master][INFO] 2025-08-14 17:12:18,164: +SERVICE [/rosapi/message_details] /rosapi http://localhost:46767/
[rosmaster.master][INFO] 2025-08-14 17:12:18,166: +CACHEDPARAM [/rosout_disable_topics_generation] by /kelpie
[rosmaster.master][INFO] 2025-08-14 17:12:18,167: +SERVICE [/rosapi/service_request_details] /rosapi http://localhost:46767/
[rosmaster.master][INFO] 2025-08-14 17:12:18,170: +CACHEDPARAM [/rosout_disable_topics_generation] by /kelpie
[rosmaster.master][INFO] 2025-08-14 17:12:18,171: +SERVICE [/rosapi/service_response_details] /rosapi http://localhost:46767/
[rosmaster.master][INFO] 2025-08-14 17:12:18,174: +SERVICE [/rosapi/set_param] /rosapi http://localhost:46767/
[rosmaster.master][INFO] 2025-08-14 17:12:18,176: +CACHEDPARAM [/rosout_disable_topics_generation] by /kelpie
[rosmaster.master][INFO] 2025-08-14 17:12:18,178: +SERVICE [/rosapi/get_param] /rosapi http://localhost:46767/
[rosmaster.master][INFO] 2025-08-14 17:12:18,180: +CACHEDPARAM [/rosout_disable_topics_generation] by /kelpie
[rosmaster.master][INFO] 2025-08-14 17:12:18,182: +SERVICE [/rosapi/has_param] /rosapi http://localhost:46767/
[rosmaster.master][INFO] 2025-08-14 17:12:18,184: +CACHEDPARAM [/rosout_disable_topics_generation] by /kelpie
[rosmaster.master][INFO] 2025-08-14 17:12:18,185: +SERVICE [/rosapi/search_param] /rosapi http://localhost:46767/
[rosmaster.master][INFO] 2025-08-14 17:12:18,188: +CACHEDPARAM [/rosout_disable_topics_generation] by /kelpie
[rosmaster.master][INFO] 2025-08-14 17:12:18,189: +SERVICE [/rosapi/delete_param] /rosapi http://localhost:46767/
[rosmaster.master][INFO] 2025-08-14 17:12:18,193: +SERVICE [/rosapi/get_param_names] /rosapi http://localhost:46767/
[rosmaster.master][INFO] 2025-08-14 17:12:18,194: +CACHEDPARAM [/rosout_disable_topics_generation] by /kelpie
[rosmaster.master][INFO] 2025-08-14 17:12:18,196: +SERVICE [/rosapi/get_time] /rosapi http://localhost:46767/
[rosmaster.master][INFO] 2025-08-14 17:12:18,198: +CACHEDPARAM [/rosout_disable_topics_generation] by /kelpie
[rosmaster.master][INFO] 2025-08-14 17:12:18,201: +SERVICE [/rosapi/topics_and_raw_types] /rosapi http://localhost:46767/
[rosmaster.master][INFO] 2025-08-14 17:12:18,205: +CACHEDPARAM [/rosout_disable_topics_generation] by /rosapi
[rosmaster.master][INFO] 2025-08-14 17:12:18,255: +CACHEDPARAM [/rosout/omit_topics] by /rosout
[rosmaster.master][INFO] 2025-08-14 17:12:18,616: +PUB [/kelpie/leg_control/currents] /hardware http://localhost:43213/
[rosmaster.master][INFO] 2025-08-14 17:12:18,620: +PUB [/kelpie/battery/voltage] /hardware http://localhost:43213/
[rosmaster.master][INFO] 2025-08-14 17:12:18,623: +PUB [/kelpie/imu] /hardware http://localhost:43213/
[rosmaster.master][INFO] 2025-08-14 17:12:18,630: publisherUpdate[/kelpie/leg_control/currents] -> http://localhost:33831/ ['http://localhost:43213/']
[rosmaster.master][INFO] 2025-08-14 17:12:18,660: publisherUpdate[/kelpie/leg_control/currents] -> http://localhost:33831/ ['http://localhost:43213/']: sec=0.03, result=[1, '', 0]
[rosmaster.master][INFO] 2025-08-14 17:12:18,661: publisherUpdate[/kelpie/battery/voltage] -> http://localhost:33831/ ['http://localhost:43213/']
[rosmaster.master][INFO] 2025-08-14 17:12:18,672: publisherUpdate[/kelpie/battery/voltage] -> http://localhost:33831/ ['http://localhost:43213/']: sec=0.01, result=[1, '', 0]
[rosmaster.master][INFO] 2025-08-14 17:12:18,672: publisherUpdate[/kelpie/imu] -> http://localhost:33831/ ['http://localhost:43213/']
[rosmaster.master][INFO] 2025-08-14 17:12:18,684: publisherUpdate[/kelpie/imu] -> http://localhost:33831/ ['http://localhost:43213/']: sec=0.01, result=[1, '', 0]
[rosmaster.master][INFO] 2025-08-14 17:12:18,704: +PUB [/rosout] /hardware http://localhost:43213/
[rosmaster.master][INFO] 2025-08-14 17:12:18,711: +SERVICE [/hardware/get_loggers] /hardware http://localhost:43213/
[rosmaster.master][INFO] 2025-08-14 17:12:18,714: +SERVICE [/hardware/set_logger_level] /hardware http://localhost:43213/
[rosmaster.master][INFO] 2025-08-14 17:12:18,740: +PUB [/rosout] /rosbridge_websocket http://localhost:37115/
[rosmaster.master][INFO] 2025-08-14 17:12:18,745: publisherUpdate[/rosout] -> http://localhost:42253/ ['http://localhost:44049/', 'http://localhost:46767/', 'http://localhost:33831/', 'http://localhost:43213/']
[rosmaster.master][INFO] 2025-08-14 17:12:18,748: publisherUpdate[/rosout] -> http://localhost:42253/ ['http://localhost:44049/', 'http://localhost:46767/', 'http://localhost:33831/', 'http://localhost:43213/']: sec=0.00, result=[1, '', 0]
[rosmaster.master][INFO] 2025-08-14 17:12:18,749: publisherUpdate[/rosout] -> http://localhost:42253/ ['http://localhost:44049/', 'http://localhost:46767/', 'http://localhost:33831/', 'http://localhost:43213/', 'http://localhost:37115/']
[rosmaster.master][INFO] 2025-08-14 17:12:18,751: publisherUpdate[/rosout] -> http://localhost:42253/ ['http://localhost:44049/', 'http://localhost:46767/', 'http://localhost:33831/', 'http://localhost:43213/', 'http://localhost:37115/']: sec=0.00, result=[1, '', 0]
[rosmaster.master][INFO] 2025-08-14 17:12:18,752: +SERVICE [/rosbridge_websocket/get_loggers] /rosbridge_websocket http://localhost:37115/
[rosmaster.master][INFO] 2025-08-14 17:12:18,755: +SERVICE [/rosbridge_websocket/set_logger_level] /rosbridge_websocket http://localhost:37115/
[rosmaster.master][INFO] 2025-08-14 17:12:18,777: +SUB [/kelpie/leg_control/joint_states] /hardware http://localhost:43213/
[rosmaster.master][INFO] 2025-08-14 17:12:18,789: +SUB [/joy] /hardware http://localhost:43213/
[rosmaster.master][INFO] 2025-08-14 17:12:18,792: +PUB [/kelpie/command_input] /hardware http://localhost:43213/
[rosmaster.master][INFO] 2025-08-14 17:12:18,796: +PUB [/client_count] /rosbridge_websocket http://localhost:37115/
[rosmaster.master][INFO] 2025-08-14 17:12:18,799: +PUB [/connected_clients] /rosbridge_websocket http://localhost:37115/
[rosmaster.master][INFO] 2025-08-14 17:12:18,811: +PARAM [/rosbridge_websocket/actual_port] by /rosbridge_websocket
[rosmaster.master][INFO] 2025-08-14 17:12:18,818: +CACHEDPARAM [/rosout_disable_topics_generation] by /rosbridge_websocket
[rosmaster.master][INFO] 2025-08-14 17:12:18,846: publisherUpdate[/kelpie/command_input] -> http://localhost:33831/ ['http://localhost:43213/']
[rosmaster.master][INFO] 2025-08-14 17:12:18,887: publisherUpdate[/kelpie/command_input] -> http://localhost:33831/ ['http://localhost:43213/']: sec=0.04, result=[1, '', 0]
