[rosmaster.main][INFO] 2025-08-11 12:34:43,347: initialization complete, waiting for shutdown
[rosmaster.main][INFO] 2025-08-11 12:34:43,348: Starting ROS Master Node
[xmlrpc][INFO] 2025-08-11 12:34:43,349: XML-RPC server binding to 127.0.0.1:11311
[xmlrpc][INFO] 2025-08-11 12:34:43,350: Started XML-RPC server [http://localhost:11311/]
[rosmaster.master][INFO] 2025-08-11 12:34:43,350: Master initialized: port[11311], uri[http://localhost:11311/]
[xmlrpc][INFO] 2025-08-11 12:34:43,350: xml rpc node: starting XML-RPC server
[rosmaster.master][INFO] 2025-08-11 12:34:43,382: +PARAM [/run_id] by /roslaunch
[rosmaster.master][INFO] 2025-08-11 12:34:43,386: +PARAM [/roslaunch/uris/host_localhost__43847] by /roslaunch
[rosmaster.master][INFO] 2025-08-11 12:34:43,506: +PARAM [/rosversion] by /roslaunch
[rosmaster.master][INFO] 2025-08-11 12:34:43,507: +PARAM [/rosdistro] by /roslaunch
[rosmaster.master][INFO] 2025-08-11 12:34:43,507: +PARAM [/rosbridge_websocket/authenticate] by /roslaunch
[rosmaster.master][INFO] 2025-08-11 12:34:43,507: +PARAM [/rosbridge_websocket/port] by /roslaunch
[rosmaster.master][INFO] 2025-08-11 12:34:43,508: +PARAM [/rosbridge_websocket/address] by /roslaunch
[rosmaster.master][INFO] 2025-08-11 12:34:43,508: +PARAM [/rosbridge_websocket/retry_startup_delay] by /roslaunch
[rosmaster.master][INFO] 2025-08-11 12:34:43,508: +PARAM [/rosbridge_websocket/fragment_timeout] by /roslaunch
[rosmaster.master][INFO] 2025-08-11 12:34:43,509: +PARAM [/rosbridge_websocket/delay_between_messages] by /roslaunch
[rosmaster.master][INFO] 2025-08-11 12:34:43,509: +PARAM [/rosbridge_websocket/max_message_size] by /roslaunch
[rosmaster.master][INFO] 2025-08-11 12:34:43,509: +PARAM [/rosbridge_websocket/unregister_timeout] by /roslaunch
[rosmaster.master][INFO] 2025-08-11 12:34:43,510: +PARAM [/rosbridge_websocket/use_compression] by /roslaunch
[rosmaster.master][INFO] 2025-08-11 12:34:43,510: +PARAM [/rosbridge_websocket/websocket_ping_interval] by /roslaunch
[rosmaster.master][INFO] 2025-08-11 12:34:43,510: +PARAM [/rosbridge_websocket/websocket_ping_timeout] by /roslaunch
[rosmaster.master][INFO] 2025-08-11 12:34:43,511: +PARAM [/rosbridge_websocket/websocket_external_port] by /roslaunch
[rosmaster.master][INFO] 2025-08-11 12:34:43,511: +PARAM [/rosbridge_websocket/topics_glob] by /roslaunch
[rosmaster.master][INFO] 2025-08-11 12:34:43,511: +PARAM [/rosbridge_websocket/services_glob] by /roslaunch
[rosmaster.master][INFO] 2025-08-11 12:34:43,511: +PARAM [/rosbridge_websocket/params_glob] by /roslaunch
[rosmaster.master][INFO] 2025-08-11 12:34:43,511: +PARAM [/rosbridge_websocket/bson_only_mode] by /roslaunch
[rosmaster.master][INFO] 2025-08-11 12:34:43,512: +PARAM [/rosapi/topics_glob] by /roslaunch
[rosmaster.master][INFO] 2025-08-11 12:34:43,512: +PARAM [/rosapi/services_glob] by /roslaunch
[rosmaster.master][INFO] 2025-08-11 12:34:43,512: +PARAM [/rosapi/params_glob] by /roslaunch
[rosmaster.master][INFO] 2025-08-11 12:34:43,689: +SERVICE [/rosout/get_loggers] /rosout http://localhost:36413/
[rosmaster.master][INFO] 2025-08-11 12:34:43,692: +SERVICE [/rosout/set_logger_level] /rosout http://localhost:36413/
[rosmaster.master][INFO] 2025-08-11 12:34:43,696: +PUB [/rosout_agg] /rosout http://localhost:36413/
[rosmaster.master][INFO] 2025-08-11 12:34:43,706: +SUB [/rosout] /rosout http://localhost:36413/
[rosmaster.master][INFO] 2025-08-11 12:34:44,880: +PUB [/rosout] /rosapi http://localhost:36553/
[rosmaster.master][INFO] 2025-08-11 12:34:44,888: +SERVICE [/rosapi/get_loggers] /rosapi http://localhost:36553/
[rosmaster.master][INFO] 2025-08-11 12:34:44,890: +SERVICE [/rosapi/set_logger_level] /rosapi http://localhost:36553/
[rosmaster.master][INFO] 2025-08-11 12:34:44,900: +SERVICE [/rosapi/topics] /rosapi http://localhost:36553/
[rosmaster.master][INFO] 2025-08-11 12:34:44,902: +SERVICE [/rosapi/topics_for_type] /rosapi http://localhost:36553/
[rosmaster.master][INFO] 2025-08-11 12:34:44,905: +SERVICE [/rosapi/services] /rosapi http://localhost:36553/
[rosmaster.master][INFO] 2025-08-11 12:34:44,908: +SERVICE [/rosapi/services_for_type] /rosapi http://localhost:36553/
[rosmaster.master][INFO] 2025-08-11 12:34:44,911: +SERVICE [/rosapi/nodes] /rosapi http://localhost:36553/
[rosmaster.master][INFO] 2025-08-11 12:34:44,914: +SERVICE [/rosapi/node_details] /rosapi http://localhost:36553/
[rosmaster.master][INFO] 2025-08-11 12:34:44,917: +SERVICE [/rosapi/action_servers] /rosapi http://localhost:36553/
[rosmaster.master][INFO] 2025-08-11 12:34:44,920: +SERVICE [/rosapi/topic_type] /rosapi http://localhost:36553/
[rosmaster.master][INFO] 2025-08-11 12:34:44,924: +SERVICE [/rosapi/service_type] /rosapi http://localhost:36553/
[rosmaster.master][INFO] 2025-08-11 12:34:44,927: +SERVICE [/rosapi/publishers] /rosapi http://localhost:36553/
[rosmaster.master][INFO] 2025-08-11 12:34:44,930: +SERVICE [/rosapi/subscribers] /rosapi http://localhost:36553/
[rosmaster.master][INFO] 2025-08-11 12:34:44,933: +SERVICE [/rosapi/service_providers] /rosapi http://localhost:36553/
[rosmaster.master][INFO] 2025-08-11 12:34:44,936: +SERVICE [/rosapi/service_node] /rosapi http://localhost:36553/
[rosmaster.master][INFO] 2025-08-11 12:34:44,939: +SERVICE [/rosapi/service_host] /rosapi http://localhost:36553/
[rosmaster.master][INFO] 2025-08-11 12:34:44,943: +SERVICE [/rosapi/message_details] /rosapi http://localhost:36553/
[rosmaster.master][INFO] 2025-08-11 12:34:44,946: +SERVICE [/rosapi/service_request_details] /rosapi http://localhost:36553/
[rosmaster.master][INFO] 2025-08-11 12:34:44,949: +SERVICE [/rosapi/service_response_details] /rosapi http://localhost:36553/
[rosmaster.master][INFO] 2025-08-11 12:34:44,952: publisherUpdate[/rosout] -> http://localhost:36413/ ['http://localhost:36553/']
[rosmaster.master][INFO] 2025-08-11 12:34:44,953: +SERVICE [/rosapi/set_param] /rosapi http://localhost:36553/
[rosmaster.master][INFO] 2025-08-11 12:34:44,962: +SERVICE [/rosapi/get_param] /rosapi http://localhost:36553/
[rosmaster.master][INFO] 2025-08-11 12:34:44,966: +SERVICE [/rosapi/has_param] /rosapi http://localhost:36553/
[rosmaster.master][INFO] 2025-08-11 12:34:44,967: publisherUpdate[/rosout] -> http://localhost:36413/ ['http://localhost:36553/']: sec=0.01, result=[1, '', 0]
[rosmaster.master][INFO] 2025-08-11 12:34:44,970: +SERVICE [/rosapi/search_param] /rosapi http://localhost:36553/
[rosmaster.master][INFO] 2025-08-11 12:34:44,973: +SERVICE [/rosapi/delete_param] /rosapi http://localhost:36553/
[rosmaster.master][INFO] 2025-08-11 12:34:44,976: +SERVICE [/rosapi/get_param_names] /rosapi http://localhost:36553/
[rosmaster.master][INFO] 2025-08-11 12:34:44,979: +SERVICE [/rosapi/get_time] /rosapi http://localhost:36553/
[rosmaster.master][INFO] 2025-08-11 12:34:44,983: +SERVICE [/rosapi/topics_and_raw_types] /rosapi http://localhost:36553/
[rosmaster.master][INFO] 2025-08-11 12:34:44,986: +CACHEDPARAM [/rosout_disable_topics_generation] by /rosapi
[rosmaster.master][INFO] 2025-08-11 12:34:45,173: +CACHEDPARAM [/rosout/omit_topics] by /rosout
[rosmaster.master][INFO] 2025-08-11 12:34:45,649: +PUB [/rosout] /rosbridge_websocket http://localhost:35077/
[rosmaster.master][INFO] 2025-08-11 12:34:45,655: publisherUpdate[/rosout] -> http://localhost:36413/ ['http://localhost:36553/', 'http://localhost:35077/']
[rosmaster.master][INFO] 2025-08-11 12:34:45,664: publisherUpdate[/rosout] -> http://localhost:36413/ ['http://localhost:36553/', 'http://localhost:35077/']: sec=0.01, result=[1, '', 0]
[rosmaster.master][INFO] 2025-08-11 12:34:45,665: +SERVICE [/rosbridge_websocket/get_loggers] /rosbridge_websocket http://localhost:35077/
[rosmaster.master][INFO] 2025-08-11 12:34:45,668: +SERVICE [/rosbridge_websocket/set_logger_level] /rosbridge_websocket http://localhost:35077/
[rosmaster.master][INFO] 2025-08-11 12:34:45,703: +PUB [/client_count] /rosbridge_websocket http://localhost:35077/
[rosmaster.master][INFO] 2025-08-11 12:34:45,706: +PUB [/connected_clients] /rosbridge_websocket http://localhost:35077/
[rosmaster.master][INFO] 2025-08-11 12:34:45,715: +PARAM [/rosbridge_websocket/actual_port] by /rosbridge_websocket
[rosmaster.master][INFO] 2025-08-11 12:34:45,722: +CACHEDPARAM [/rosout_disable_topics_generation] by /rosbridge_websocket
[rosmaster.master][INFO] 2025-08-11 12:37:21,343: -PUB [/rosout] /rosapi http://localhost:36553/
[rosmaster.master][INFO] 2025-08-11 12:37:21,345: -PUB [/rosout] /rosbridge_websocket http://localhost:35077/
[rosmaster.master][INFO] 2025-08-11 12:37:21,346: -SERVICE [/rosapi/get_loggers] /rosapi rosrpc://localhost:36275
[rosmaster.master][INFO] 2025-08-11 12:37:21,346: -PUB [/client_count] /rosbridge_websocket http://localhost:35077/
[rosmaster.master][INFO] 2025-08-11 12:37:21,346: -SERVICE [/rosapi/set_logger_level] /rosapi rosrpc://localhost:36275
[rosmaster.master][INFO] 2025-08-11 12:37:21,347: -PUB [/connected_clients] /rosbridge_websocket http://localhost:35077/
[rosmaster.master][INFO] 2025-08-11 12:37:21,347: -SERVICE [/rosapi/topics] /rosapi rosrpc://localhost:36275
[rosmaster.master][INFO] 2025-08-11 12:37:21,347: -SERVICE [/rosbridge_websocket/get_loggers] /rosbridge_websocket rosrpc://localhost:35165
[rosmaster.master][INFO] 2025-08-11 12:37:21,348: -SERVICE [/rosapi/topics_for_type] /rosapi rosrpc://localhost:36275
[rosmaster.master][INFO] 2025-08-11 12:37:21,348: -SERVICE [/rosbridge_websocket/set_logger_level] /rosbridge_websocket rosrpc://localhost:35165
[rosmaster.master][INFO] 2025-08-11 12:37:21,349: -SERVICE [/rosapi/services] /rosapi rosrpc://localhost:36275
[rosmaster.master][INFO] 2025-08-11 12:37:21,349: -SERVICE [/rosapi/services_for_type] /rosapi rosrpc://localhost:36275
[rosmaster.master][INFO] 2025-08-11 12:37:21,350: -SERVICE [/rosapi/nodes] /rosapi rosrpc://localhost:36275
[rosmaster.master][INFO] 2025-08-11 12:37:21,350: -SERVICE [/rosapi/node_details] /rosapi rosrpc://localhost:36275
[rosmaster.master][INFO] 2025-08-11 12:37:21,350: -SERVICE [/rosapi/action_servers] /rosapi rosrpc://localhost:36275
[rosmaster.master][INFO] 2025-08-11 12:37:21,351: -SERVICE [/rosapi/topic_type] /rosapi rosrpc://localhost:36275
[rosmaster.master][INFO] 2025-08-11 12:37:21,351: -SERVICE [/rosapi/service_type] /rosapi rosrpc://localhost:36275
[rosmaster.master][INFO] 2025-08-11 12:37:21,351: -SERVICE [/rosapi/publishers] /rosapi rosrpc://localhost:36275
[rosmaster.master][INFO] 2025-08-11 12:37:21,352: -SERVICE [/rosapi/subscribers] /rosapi rosrpc://localhost:36275
[rosmaster.master][INFO] 2025-08-11 12:37:21,352: -SERVICE [/rosapi/service_providers] /rosapi rosrpc://localhost:36275
[rosmaster.master][INFO] 2025-08-11 12:37:21,353: -SERVICE [/rosapi/service_node] /rosapi rosrpc://localhost:36275
[rosmaster.master][INFO] 2025-08-11 12:37:21,353: -SERVICE [/rosapi/service_host] /rosapi rosrpc://localhost:36275
[rosmaster.master][INFO] 2025-08-11 12:37:21,353: -SERVICE [/rosapi/message_details] /rosapi rosrpc://localhost:36275
[rosmaster.master][INFO] 2025-08-11 12:37:21,353: -SERVICE [/rosapi/service_request_details] /rosapi rosrpc://localhost:36275
[rosmaster.master][INFO] 2025-08-11 12:37:21,353: -SERVICE [/rosapi/service_response_details] /rosapi rosrpc://localhost:36275
[rosmaster.master][INFO] 2025-08-11 12:37:21,354: -SERVICE [/rosapi/set_param] /rosapi rosrpc://localhost:36275
[rosmaster.master][INFO] 2025-08-11 12:37:21,354: -SERVICE [/rosapi/get_param] /rosapi rosrpc://localhost:36275
[rosmaster.master][INFO] 2025-08-11 12:37:21,354: -SERVICE [/rosapi/has_param] /rosapi rosrpc://localhost:36275
[rosmaster.master][INFO] 2025-08-11 12:37:21,354: -SERVICE [/rosapi/search_param] /rosapi rosrpc://localhost:36275
[rosmaster.master][INFO] 2025-08-11 12:37:21,355: -SERVICE [/rosapi/delete_param] /rosapi rosrpc://localhost:36275
[rosmaster.master][INFO] 2025-08-11 12:37:21,355: -SERVICE [/rosapi/get_param_names] /rosapi rosrpc://localhost:36275
[rosmaster.master][INFO] 2025-08-11 12:37:21,355: -SERVICE [/rosapi/get_time] /rosapi rosrpc://localhost:36275
[rosmaster.master][INFO] 2025-08-11 12:37:21,355: -SERVICE [/rosapi/topics_and_raw_types] /rosapi rosrpc://localhost:36275
[rosmaster.master][INFO] 2025-08-11 12:37:21,408: publisherUpdate[/rosout] -> http://localhost:36413/ ['http://localhost:35077/']
[rosmaster.master][INFO] 2025-08-11 12:37:21,413: publisherUpdate[/rosout] -> http://localhost:36413/ ['http://localhost:35077/']: sec=0.00, result=[1, '', 0]
[rosmaster.master][INFO] 2025-08-11 12:37:21,414: publisherUpdate[/rosout] -> http://localhost:36413/ []
[rosmaster.master][INFO] 2025-08-11 12:37:21,417: publisherUpdate[/rosout] -> http://localhost:36413/ []: sec=0.00, result=[1, '', 0]
[rosmaster.master][INFO] 2025-08-11 12:37:22,519: -PUB [/rosout_agg] /rosout http://localhost:36413/
[rosmaster.master][INFO] 2025-08-11 12:37:22,520: -SUB [/rosout] /rosout http://localhost:36413/
[rosmaster.master][INFO] 2025-08-11 12:37:22,522: -SERVICE [/rosout/get_loggers] /rosout rosrpc://localhost:38607
[rosmaster.master][INFO] 2025-08-11 12:37:22,523: -SERVICE [/rosout/set_logger_level] /rosout rosrpc://localhost:38607
[rosmaster.master][INFO] 2025-08-11 12:37:22,524: -CACHEDPARAM [/rosout/omit_topics] by /rosout
[rosmaster.main][INFO] 2025-08-11 12:37:22,546: keyboard interrupt, will exit
[rosmaster.main][INFO] 2025-08-11 12:37:22,546: stopping master...
[rospy.core][INFO] 2025-08-11 12:37:22,547: signal_shutdown [atexit]
