[rosmaster.main][INFO] 2025-08-11 16:22:46,337: initialization complete, waiting for shutdown
[rosmaster.main][INFO] 2025-08-11 16:22:46,337: Starting ROS Master Node
[xmlrpc][INFO] 2025-08-11 16:22:46,339: XML-RPC server binding to 127.0.0.1:11311
[xmlrpc][INFO] 2025-08-11 16:22:46,340: Started XML-RPC server [http://localhost:11311/]
[rosmaster.master][INFO] 2025-08-11 16:22:46,340: Master initialized: port[11311], uri[http://localhost:11311/]
[xmlrpc][INFO] 2025-08-11 16:22:46,340: xml rpc node: starting XML-RPC server
[rosmaster.master][INFO] 2025-08-11 16:22:46,459: +PARAM [/run_id] by /roslaunch
[rosmaster.master][INFO] 2025-08-11 16:22:46,462: +PARAM [/roslaunch/uris/host_localhost__46543] by /roslaunch
[rosmaster.master][INFO] 2025-08-11 16:22:46,598: +PARAM [/rosversion] by /roslaunch
[rosmaster.master][INFO] 2025-08-11 16:22:46,598: +PARAM [/rosdistro] by /roslaunch
[rosmaster.master][INFO] 2025-08-11 16:22:46,598: +PARAM [/rosbridge_websocket/authenticate] by /roslaunch
[rosmaster.master][INFO] 2025-08-11 16:22:46,599: +PARAM [/rosbridge_websocket/port] by /roslaunch
[rosmaster.master][INFO] 2025-08-11 16:22:46,599: +PARAM [/rosbridge_websocket/address] by /roslaunch
[rosmaster.master][INFO] 2025-08-11 16:22:46,599: +PARAM [/rosbridge_websocket/retry_startup_delay] by /roslaunch
[rosmaster.master][INFO] 2025-08-11 16:22:46,599: +PARAM [/rosbridge_websocket/fragment_timeout] by /roslaunch
[rosmaster.master][INFO] 2025-08-11 16:22:46,600: +PARAM [/rosbridge_websocket/delay_between_messages] by /roslaunch
[rosmaster.master][INFO] 2025-08-11 16:22:46,600: +PARAM [/rosbridge_websocket/max_message_size] by /roslaunch
[rosmaster.master][INFO] 2025-08-11 16:22:46,600: +PARAM [/rosbridge_websocket/unregister_timeout] by /roslaunch
[rosmaster.master][INFO] 2025-08-11 16:22:46,600: +PARAM [/rosbridge_websocket/use_compression] by /roslaunch
[rosmaster.master][INFO] 2025-08-11 16:22:46,601: +PARAM [/rosbridge_websocket/websocket_ping_interval] by /roslaunch
[rosmaster.master][INFO] 2025-08-11 16:22:46,601: +PARAM [/rosbridge_websocket/websocket_ping_timeout] by /roslaunch
[rosmaster.master][INFO] 2025-08-11 16:22:46,601: +PARAM [/rosbridge_websocket/websocket_external_port] by /roslaunch
[rosmaster.master][INFO] 2025-08-11 16:22:46,601: +PARAM [/rosbridge_websocket/topics_glob] by /roslaunch
[rosmaster.master][INFO] 2025-08-11 16:22:46,601: +PARAM [/rosbridge_websocket/services_glob] by /roslaunch
[rosmaster.master][INFO] 2025-08-11 16:22:46,602: +PARAM [/rosbridge_websocket/params_glob] by /roslaunch
[rosmaster.master][INFO] 2025-08-11 16:22:46,602: +PARAM [/rosbridge_websocket/bson_only_mode] by /roslaunch
[rosmaster.master][INFO] 2025-08-11 16:22:46,602: +PARAM [/rosapi/topics_glob] by /roslaunch
[rosmaster.master][INFO] 2025-08-11 16:22:46,603: +PARAM [/rosapi/services_glob] by /roslaunch
[rosmaster.master][INFO] 2025-08-11 16:22:46,603: +PARAM [/rosapi/params_glob] by /roslaunch
[rosmaster.master][INFO] 2025-08-11 16:22:46,604: +PARAM [/JOYSTICK/autorepeat_rate] by /roslaunch
[rosmaster.master][INFO] 2025-08-11 16:22:46,605: +PARAM [/JOYSTICK/joy_node/dev] by /roslaunch
[rosmaster.master][INFO] 2025-08-11 16:22:46,607: +SERVICE [/rosout/get_loggers] /rosout http://localhost:36297/
[rosmaster.master][INFO] 2025-08-11 16:22:46,610: +SERVICE [/rosout/set_logger_level] /rosout http://localhost:36297/
[rosmaster.master][INFO] 2025-08-11 16:22:46,616: +PUB [/rosout_agg] /rosout http://localhost:36297/
[rosmaster.master][INFO] 2025-08-11 16:22:46,629: +SUB [/rosout] /rosout http://localhost:36297/
[rosmaster.master][INFO] 2025-08-11 16:22:46,871: +PUB [/rosout] /JOYSTICK http://localhost:37343/
[rosmaster.master][INFO] 2025-08-11 16:22:46,874: +SERVICE [/JOYSTICK/get_loggers] /JOYSTICK http://localhost:37343/
[rosmaster.master][INFO] 2025-08-11 16:22:46,876: +SERVICE [/JOYSTICK/set_logger_level] /JOYSTICK http://localhost:37343/
[rosmaster.master][INFO] 2025-08-11 16:22:46,888: +PUB [/diagnostics] /JOYSTICK http://localhost:37343/
[rosmaster.master][INFO] 2025-08-11 16:22:46,890: +CACHEDPARAM [/JOYSTICK/diagnostic_period] by /JOYSTICK
[rosmaster.master][INFO] 2025-08-11 16:22:46,895: +PUB [/joy] /JOYSTICK http://localhost:37343/
[rosmaster.master][INFO] 2025-08-11 16:22:46,921: +SUB [/joy/set_feedback] /JOYSTICK http://localhost:37343/
[rosmaster.master][INFO] 2025-08-11 16:22:46,940: publisherUpdate[/rosout] -> http://localhost:36297/ ['http://localhost:37343/']
[rosmaster.master][INFO] 2025-08-11 16:22:46,968: publisherUpdate[/rosout] -> http://localhost:36297/ ['http://localhost:37343/']: sec=0.03, result=[1, '', 0]
[rosmaster.master][INFO] 2025-08-11 16:22:47,013: +CACHEDPARAM [/rosout_disable_topics_generation] by /JOYSTICK
[rosmaster.master][INFO] 2025-08-11 16:22:48,305: +PUB [/rosout] /rosapi http://localhost:39411/
[rosmaster.master][INFO] 2025-08-11 16:22:48,314: +SERVICE [/rosapi/get_loggers] /rosapi http://localhost:39411/
[rosmaster.master][INFO] 2025-08-11 16:22:48,317: +SERVICE [/rosapi/set_logger_level] /rosapi http://localhost:39411/
[rosmaster.master][INFO] 2025-08-11 16:22:48,330: +SERVICE [/rosapi/topics] /rosapi http://localhost:39411/
[rosmaster.master][INFO] 2025-08-11 16:22:48,334: +SERVICE [/rosapi/topics_for_type] /rosapi http://localhost:39411/
[rosmaster.master][INFO] 2025-08-11 16:22:48,338: +PUB [/rosout] /kelpie http://localhost:39639/
[rosmaster.master][INFO] 2025-08-11 16:22:48,346: +SERVICE [/rosapi/services] /rosapi http://localhost:39411/
[rosmaster.master][INFO] 2025-08-11 16:22:48,349: publisherUpdate[/rosout] -> http://localhost:36297/ ['http://localhost:37343/', 'http://localhost:39411/']
[rosmaster.master][INFO] 2025-08-11 16:22:48,354: publisherUpdate[/rosout] -> http://localhost:36297/ ['http://localhost:37343/', 'http://localhost:39411/']: sec=0.01, result=[1, '', 0]
[rosmaster.master][INFO] 2025-08-11 16:22:48,355: publisherUpdate[/rosout] -> http://localhost:36297/ ['http://localhost:37343/', 'http://localhost:39411/', 'http://localhost:39639/']
[rosmaster.master][INFO] 2025-08-11 16:22:48,358: +SERVICE [/kelpie/get_loggers] /kelpie http://localhost:39639/
[rosmaster.master][INFO] 2025-08-11 16:22:48,360: publisherUpdate[/rosout] -> http://localhost:36297/ ['http://localhost:37343/', 'http://localhost:39411/', 'http://localhost:39639/']: sec=0.00, result=[1, '', 0]
[rosmaster.master][INFO] 2025-08-11 16:22:48,361: +SERVICE [/rosapi/services_for_type] /rosapi http://localhost:39411/
[rosmaster.master][INFO] 2025-08-11 16:22:48,363: +SERVICE [/kelpie/set_logger_level] /kelpie http://localhost:39639/
[rosmaster.master][INFO] 2025-08-11 16:22:48,367: +SERVICE [/rosapi/nodes] /rosapi http://localhost:39411/
[rosmaster.master][INFO] 2025-08-11 16:22:48,371: +SERVICE [/rosapi/node_details] /rosapi http://localhost:39411/
[rosmaster.master][INFO] 2025-08-11 16:22:48,372: +SUB [/kelpie/imu] /kelpie http://localhost:39639/
[rosmaster.master][INFO] 2025-08-11 16:22:48,375: +SERVICE [/rosapi/action_servers] /rosapi http://localhost:39411/
[rosmaster.master][INFO] 2025-08-11 16:22:48,380: +SUB [/kelpie/leg_control/currents] /kelpie http://localhost:39639/
[rosmaster.master][INFO] 2025-08-11 16:22:48,382: +SERVICE [/rosapi/topic_type] /rosapi http://localhost:39411/
[rosmaster.master][INFO] 2025-08-11 16:22:48,386: +SERVICE [/rosapi/service_type] /rosapi http://localhost:39411/
[rosmaster.master][INFO] 2025-08-11 16:22:48,387: +SUB [/kelpie/battery/voltage] /kelpie http://localhost:39639/
[rosmaster.master][INFO] 2025-08-11 16:22:48,389: +SERVICE [/rosapi/publishers] /rosapi http://localhost:39411/
[rosmaster.master][INFO] 2025-08-11 16:22:48,392: +PUB [/kelpie/leg_control/joint_states] /kelpie http://localhost:39639/
[rosmaster.master][INFO] 2025-08-11 16:22:48,393: +SERVICE [/rosapi/subscribers] /rosapi http://localhost:39411/
[rosmaster.master][INFO] 2025-08-11 16:22:48,397: +SERVICE [/rosapi/service_providers] /rosapi http://localhost:39411/
[rosmaster.master][INFO] 2025-08-11 16:22:48,399: +CACHEDPARAM [/rosout_disable_topics_generation] by /kelpie
[rosmaster.master][INFO] 2025-08-11 16:22:48,402: +SERVICE [/rosapi/service_node] /rosapi http://localhost:39411/
[rosmaster.master][INFO] 2025-08-11 16:22:48,407: +SERVICE [/rosapi/service_host] /rosapi http://localhost:39411/
[rosmaster.master][INFO] 2025-08-11 16:22:48,409: +SUB [/kelpie/command_input] /kelpie http://localhost:39639/
[rosmaster.master][INFO] 2025-08-11 16:22:48,414: +SERVICE [/rosapi/message_details] /rosapi http://localhost:39411/
[rosmaster.master][INFO] 2025-08-11 16:22:48,418: +CACHEDPARAM [/rosout_disable_topics_generation] by /kelpie
[rosmaster.master][INFO] 2025-08-11 16:22:48,420: +SERVICE [/rosapi/service_request_details] /rosapi http://localhost:39411/
[rosmaster.master][INFO] 2025-08-11 16:22:48,428: +SERVICE [/rosapi/service_response_details] /rosapi http://localhost:39411/
[rosmaster.master][INFO] 2025-08-11 16:22:48,432: +CACHEDPARAM [/rosout_disable_topics_generation] by /kelpie
[rosmaster.master][INFO] 2025-08-11 16:22:48,436: +SERVICE [/rosapi/set_param] /rosapi http://localhost:39411/
[rosmaster.master][INFO] 2025-08-11 16:22:48,442: +SERVICE [/rosapi/get_param] /rosapi http://localhost:39411/
[rosmaster.master][INFO] 2025-08-11 16:22:48,444: +CACHEDPARAM [/rosout_disable_topics_generation] by /kelpie
[rosmaster.master][INFO] 2025-08-11 16:22:48,449: +SERVICE [/rosapi/has_param] /rosapi http://localhost:39411/
[rosmaster.master][INFO] 2025-08-11 16:22:48,454: +CACHEDPARAM [/rosout_disable_topics_generation] by /kelpie
[rosmaster.master][INFO] 2025-08-11 16:22:48,457: +SERVICE [/rosapi/search_param] /rosapi http://localhost:39411/
[rosmaster.master][INFO] 2025-08-11 16:22:48,465: +SERVICE [/rosapi/delete_param] /rosapi http://localhost:39411/
[rosmaster.master][INFO] 2025-08-11 16:22:48,470: +CACHEDPARAM [/rosout_disable_topics_generation] by /kelpie
[rosmaster.master][INFO] 2025-08-11 16:22:48,471: +SERVICE [/rosapi/get_param_names] /rosapi http://localhost:39411/
[rosmaster.master][INFO] 2025-08-11 16:22:48,476: +SERVICE [/rosapi/get_time] /rosapi http://localhost:39411/
[rosmaster.master][INFO] 2025-08-11 16:22:48,477: +CACHEDPARAM [/rosout_disable_topics_generation] by /kelpie
[rosmaster.master][INFO] 2025-08-11 16:22:48,480: +SERVICE [/rosapi/topics_and_raw_types] /rosapi http://localhost:39411/
[rosmaster.master][INFO] 2025-08-11 16:22:48,483: +CACHEDPARAM [/rosout_disable_topics_generation] by /kelpie
[rosmaster.master][INFO] 2025-08-11 16:22:48,484: +CACHEDPARAM [/rosout_disable_topics_generation] by /rosapi
[rosmaster.master][INFO] 2025-08-11 16:22:48,489: +CACHEDPARAM [/rosout_disable_topics_generation] by /kelpie
[rosmaster.master][INFO] 2025-08-11 16:22:48,576: +CACHEDPARAM [/rosout/omit_topics] by /rosout
[rosmaster.master][INFO] 2025-08-11 16:22:49,163: +PUB [/rosout] /rosbridge_websocket http://localhost:39925/
[rosmaster.master][INFO] 2025-08-11 16:22:49,164: publisherUpdate[/rosout] -> http://localhost:36297/ ['http://localhost:37343/', 'http://localhost:39411/', 'http://localhost:39639/', 'http://localhost:39925/']
[rosmaster.master][INFO] 2025-08-11 16:22:49,167: publisherUpdate[/rosout] -> http://localhost:36297/ ['http://localhost:37343/', 'http://localhost:39411/', 'http://localhost:39639/', 'http://localhost:39925/']: sec=0.00, result=[1, '', 0]
[rosmaster.master][INFO] 2025-08-11 16:22:49,170: +SERVICE [/rosbridge_websocket/get_loggers] /rosbridge_websocket http://localhost:39925/
[rosmaster.master][INFO] 2025-08-11 16:22:49,173: +SERVICE [/rosbridge_websocket/set_logger_level] /rosbridge_websocket http://localhost:39925/
[rosmaster.master][INFO] 2025-08-11 16:22:49,204: +PUB [/client_count] /rosbridge_websocket http://localhost:39925/
[rosmaster.master][INFO] 2025-08-11 16:22:49,207: +PUB [/connected_clients] /rosbridge_websocket http://localhost:39925/
[rosmaster.master][INFO] 2025-08-11 16:22:49,215: +PARAM [/rosbridge_websocket/actual_port] by /rosbridge_websocket
[rosmaster.master][INFO] 2025-08-11 16:22:49,221: +CACHEDPARAM [/rosout_disable_topics_generation] by /rosbridge_websocket
[rosmaster.master][INFO] 2025-08-11 16:23:43,009: +CACHEDPARAM [/rosout_disable_topics_generation] by /rosbridge_websocket
[rosmaster.master][INFO] 2025-08-11 16:23:43,988: +SUB [/kelpie/leg_control/joint_states] /rosbridge_websocket http://localhost:39925/
[rosmaster.master][INFO] 2025-08-11 16:23:43,992: +CACHEDPARAM [/rosout_disable_topics_generation] by /rosbridge_websocket
[rosmaster.master][INFO] 2025-08-11 16:23:44,003: +SUB [/kelpie/leg_control/currents] /rosbridge_websocket http://localhost:39925/
[rosmaster.master][INFO] 2025-08-11 16:23:44,006: +CACHEDPARAM [/rosout_disable_topics_generation] by /rosbridge_websocket
[rosmaster.master][INFO] 2025-08-11 16:23:44,019: +SUB [/kelpie/battery/voltage] /rosbridge_websocket http://localhost:39925/
[rosmaster.master][INFO] 2025-08-11 16:23:44,027: +CACHEDPARAM [/rosout_disable_topics_generation] by /rosbridge_websocket
[rosmaster.master][INFO] 2025-08-11 16:23:44,038: +SUB [/kelpie/imu] /rosbridge_websocket http://localhost:39925/
[rosmaster.master][INFO] 2025-08-11 16:23:44,041: +CACHEDPARAM [/rosout_disable_topics_generation] by /rosbridge_websocket
[rosmaster.master][INFO] 2025-08-11 16:23:49,557: +CACHEDPARAM [/rosout_disable_topics_generation] by /rosbridge_websocket
[rosmaster.master][INFO] 2025-08-11 16:23:49,662: +CACHEDPARAM [/rosout_disable_topics_generation] by /rosbridge_websocket
[rosmaster.master][INFO] 2025-08-11 16:23:49,676: +CACHEDPARAM [/rosout_disable_topics_generation] by /rosbridge_websocket
[rosmaster.master][INFO] 2025-08-11 16:23:49,680: +CACHEDPARAM [/rosout_disable_topics_generation] by /rosbridge_websocket
[rosmaster.master][INFO] 2025-08-11 16:23:49,684: +CACHEDPARAM [/rosout_disable_topics_generation] by /rosbridge_websocket
[rosmaster.master][INFO] 2025-08-11 16:24:21,703: +CACHEDPARAM [/rosout_disable_topics_generation] by /rosbridge_websocket
[rosmaster.master][INFO] 2025-08-11 16:24:21,860: +CACHEDPARAM [/rosout_disable_topics_generation] by /rosbridge_websocket
[rosmaster.master][INFO] 2025-08-11 16:24:33,168: +PUB [/kelpie/command_input] /rosbridge_websocket http://localhost:39925/
[rosmaster.master][INFO] 2025-08-11 16:24:33,188: publisherUpdate[/kelpie/command_input] -> http://localhost:39639/ ['http://localhost:39925/']
[rosmaster.master][INFO] 2025-08-11 16:24:33,213: publisherUpdate[/kelpie/command_input] -> http://localhost:39639/ ['http://localhost:39925/']: sec=0.02, result=[1, '', 0]
[rosmaster.master][INFO] 2025-08-11 16:24:34,781: +CACHEDPARAM [/rosout_disable_topics_generation] by /rosbridge_websocket
[rosmaster.master][INFO] 2025-08-11 16:24:34,806: +CACHEDPARAM [/rosout_disable_topics_generation] by /rosbridge_websocket
[rosmaster.master][INFO] 2025-08-11 16:24:34,818: +CACHEDPARAM [/rosout_disable_topics_generation] by /rosbridge_websocket
[rosmaster.master][INFO] 2025-08-11 16:24:34,823: +CACHEDPARAM [/rosout_disable_topics_generation] by /rosbridge_websocket
[rosmaster.master][INFO] 2025-08-11 16:24:34,827: +CACHEDPARAM [/rosout_disable_topics_generation] by /rosbridge_websocket
[rosmaster.master][INFO] 2025-08-11 16:24:34,832: +CACHEDPARAM [/rosout_disable_topics_generation] by /rosbridge_websocket
[rosmaster.master][INFO] 2025-08-11 16:24:44,786: -PUB [/kelpie/command_input] /rosbridge_websocket http://localhost:39925/
[rosmaster.master][INFO] 2025-08-11 16:24:44,815: publisherUpdate[/kelpie/command_input] -> http://localhost:39639/ []
[rosmaster.master][INFO] 2025-08-11 16:24:44,855: publisherUpdate[/kelpie/command_input] -> http://localhost:39639/ []: sec=0.04, result=[1, '', 0]
