[rospy.client][INFO] 2025-08-11 16:22:49,055: init_node, name[/rosbridge_websocket], pid[3327]
[xmlrpc][INFO] 2025-08-11 16:22:49,056: XML-RPC server binding to 127.0.0.1:0
[xmlrpc][INFO] 2025-08-11 16:22:49,057: Started XML-RPC server [http://localhost:39925/]
[rospy.init][INFO] 2025-08-11 16:22:49,058: ROS Slave URI: [http://localhost:39925/]
[rospy.impl.masterslave][INFO] 2025-08-11 16:22:49,058: _ready: http://localhost:39925/
[rospy.registration][INFO] 2025-08-11 16:22:49,060: Registering with master node http://localhost:11311
[xmlrpc][INFO] 2025-08-11 16:22:49,060: xml rpc node: starting XML-RPC server
[rospy.init][INFO] 2025-08-11 16:22:49,158: registered with master
[rospy.rosout][INFO] 2025-08-11 16:22:49,159: initializing /rosout core topic
[rospy.rosout][INFO] 2025-08-11 16:22:49,164: connected to core topic /rosout
[rospy.simtime][INFO] 2025-08-11 16:22:49,167: /use_sim_time is not set, will not subscribe to simulated time [/clock] topic
[rosout][INFO] 2025-08-11 16:22:49,219: Rosbridge WebSocket server started at ws://0.0.0.0:9090
[rospy.internal][INFO] 2025-08-11 16:22:49,371: topic[/rosout] adding connection to [/rosout], count 0
[rosout][INFO] 2025-08-11 16:23:43,007: Client connected.  1 clients total.
[rosout][INFO] 2025-08-11 16:23:43,989: [Client 0] Subscribed to /kelpie/leg_control/joint_states
[rosout][INFO] 2025-08-11 16:23:44,004: [Client 0] Subscribed to /kelpie/leg_control/currents
[rospy.internal][INFO] 2025-08-11 16:23:44,016: topic[/kelpie/leg_control/joint_states] adding connection to [http://localhost:39639/], count 0
[rosout][INFO] 2025-08-11 16:23:44,022: [Client 0] Subscribed to /kelpie/battery/voltage
[rosout][INFO] 2025-08-11 16:23:44,039: [Client 0] Subscribed to /kelpie/imu
[rosout][INFO] 2025-08-11 16:23:49,555: Client connected.  2 clients total.
[rosout][INFO] 2025-08-11 16:23:49,660: [Client 1] Subscribed to /kelpie/leg_control/joint_states
[rosout][INFO] 2025-08-11 16:23:49,674: [Client 1] Subscribed to /kelpie/leg_control/currents
[rosout][INFO] 2025-08-11 16:23:49,678: [Client 1] Subscribed to /kelpie/battery/voltage
[rosout][INFO] 2025-08-11 16:23:49,682: [Client 1] Subscribed to /kelpie/imu
[rosout][INFO] 2025-08-11 16:24:21,701: Client disconnected. 1 clients total.
[rosout][INFO] 2025-08-11 16:24:21,858: Client connected.  2 clients total.
[rospy.internal][INFO] 2025-08-11 16:24:33,549: topic[/kelpie/command_input] adding connection to [/kelpie], count 0
[rosout][INFO] 2025-08-11 16:24:34,779: Client disconnected. 1 clients total.
[rosout][INFO] 2025-08-11 16:24:34,804: Client connected.  2 clients total.
[rosout][INFO] 2025-08-11 16:24:34,816: [Client 3] Subscribed to /kelpie/leg_control/joint_states
[rosout][INFO] 2025-08-11 16:24:34,821: [Client 3] Subscribed to /kelpie/leg_control/currents
[rosout][INFO] 2025-08-11 16:24:34,825: [Client 3] Subscribed to /kelpie/battery/voltage
[rosout][INFO] 2025-08-11 16:24:34,830: [Client 3] Subscribed to /kelpie/imu
[rospy.internal][INFO] 2025-08-11 16:24:44,784: topic impl's ref count is zero, deleting topic /kelpie/command_input...
[rospy.internal][INFO] 2025-08-11 16:24:44,785: topic[/kelpie/command_input] removing connection to /kelpie
