

1754893366.614383985  Node Startup
1754893368.487174749 INFO /rosapi [rosapi_node:202(<module>)] [topics: /rosout] Rosapi started
1754893368.491538524 INFO /kelpie [main_driver.py:99(KelpieDriver.run)] [topics: /kelpie/command_input, /kelpie/leg_control/currents, /kelpie/leg_control/joint_states, /kelpie/imu, /kelpie/battery/voltage, /rosout] Manual robot control active. Currently not accepting external commands
1754893369.222549438 INFO /rosbridge_websocket [rosbridge_websocket:312(<module>)] [topics: /connected_clients, /client_count, /rosout] Rosbridge WebSocket server started at ws://0.0.0.0:9090
1754893423.011232137 INFO /rosbridge_websocket [autobahn_websocket.py:195(RosbridgeWebSocket.onOpen)] [topics: /connected_clients, /client_count, /rosout] Client connected.  1 clients total.
1754893423.994032382 INFO /rosbridge_websocket [protocol.py:403(RosbridgeProtocol.log)] [topics: /connected_clients, /client_count, /rosout, /kelpie/leg_control/joint_states] [Client 0] Subscribed to /kelpie/leg_control/joint_states
1754893424.008418321 INFO /rosbridge_websocket [protocol.py:403(RosbridgeProtocol.log)] [topics: /connected_clients, /client_count, /kelpie/leg_control/currents, /kelpie/leg_control/joint_states, /rosout] [Client 0] Subscribed to /kelpie/leg_control/currents
1754893424.028751850 INFO /rosbridge_websocket [protocol.py:403(RosbridgeProtocol.log)] [topics: /connected_clients, /client_count, /kelpie/leg_control/currents, /kelpie/leg_control/joint_states, /rosout, /kelpie/battery/voltage] [Client 0] Subscribed to /kelpie/battery/voltage
1754893424.043200969 INFO /rosbridge_websocket [protocol.py:403(RosbridgeProtocol.log)] [topics: /connected_clients, /client_count, /kelpie/leg_control/currents, /kelpie/imu, /kelpie/leg_control/joint_states, /rosout, /kelpie/battery/voltage] [Client 0] Subscribed to /kelpie/imu
1754893429.559627056 INFO /rosbridge_websocket [autobahn_websocket.py:195(RosbridgeWebSocket.onOpen)] [topics: /connected_clients, /client_count, /kelpie/leg_control/currents, /kelpie/imu, /kelpie/leg_control/joint_states, /rosout, /kelpie/battery/voltage] Client connected.  2 clients total.
1754893429.663733959 INFO /rosbridge_websocket [protocol.py:403(RosbridgeProtocol.log)] [topics: /connected_clients, /client_count, /kelpie/leg_control/currents, /kelpie/imu, /kelpie/leg_control/joint_states, /rosout, /kelpie/battery/voltage] [Client 1] Subscribed to /kelpie/leg_control/joint_states
1754893429.677774190 INFO /rosbridge_websocket [protocol.py:403(RosbridgeProtocol.log)] [topics: /connected_clients, /client_count, /kelpie/leg_control/currents, /kelpie/imu, /kelpie/leg_control/joint_states, /rosout, /kelpie/battery/voltage] [Client 1] Subscribed to /kelpie/leg_control/currents
1754893429.681892871 INFO /rosbridge_websocket [protocol.py:403(RosbridgeProtocol.log)] [topics: /connected_clients, /client_count, /kelpie/leg_control/currents, /kelpie/imu, /kelpie/leg_control/joint_states, /rosout, /kelpie/battery/voltage] [Client 1] Subscribed to /kelpie/battery/voltage
1754893429.686097621 INFO /rosbridge_websocket [protocol.py:403(RosbridgeProtocol.log)] [topics: /connected_clients, /client_count, /kelpie/leg_control/currents, /kelpie/imu, /kelpie/leg_control/joint_states, /rosout, /kelpie/battery/voltage] [Client 1] Subscribed to /kelpie/imu
1754893461.704509496 INFO /rosbridge_websocket [autobahn_websocket.py:255(RosbridgeWebSocket.onClose)] [topics: /connected_clients, /client_count, /kelpie/leg_control/currents, /kelpie/imu, /kelpie/leg_control/joint_states, /rosout, /kelpie/battery/voltage] Client disconnected. 1 clients total.
1754893461.861951589 INFO /rosbridge_websocket [autobahn_websocket.py:195(RosbridgeWebSocket.onOpen)] [topics: /connected_clients, /client_count, /kelpie/leg_control/currents, /kelpie/imu, /kelpie/leg_control/joint_states, /rosout, /kelpie/battery/voltage] Client connected.  2 clients total.
1754893474.782458782 INFO /rosbridge_websocket [autobahn_websocket.py:255(RosbridgeWebSocket.onClose)] [topics: /connected_clients, /client_count, /kelpie/leg_control/joint_states, /kelpie/imu, /kelpie/command_input, /kelpie/battery/voltage, /kelpie/leg_control/currents, /rosout] Client disconnected. 1 clients total.
1754893474.807745695 INFO /rosbridge_websocket [autobahn_websocket.py:195(RosbridgeWebSocket.onOpen)] [topics: /connected_clients, /client_count, /kelpie/leg_control/joint_states, /kelpie/imu, /kelpie/command_input, /kelpie/battery/voltage, /kelpie/leg_control/currents, /rosout] Client connected.  2 clients total.
1754893474.820153951 INFO /rosbridge_websocket [protocol.py:403(RosbridgeProtocol.log)] [topics: /connected_clients, /client_count, /kelpie/leg_control/joint_states, /kelpie/imu, /kelpie/command_input, /kelpie/battery/voltage, /kelpie/leg_control/currents, /rosout] [Client 3] Subscribed to /kelpie/leg_control/joint_states
1754893474.824911594 INFO /rosbridge_websocket [protocol.py:403(RosbridgeProtocol.log)] [topics: /connected_clients, /client_count, /kelpie/leg_control/joint_states, /kelpie/imu, /kelpie/command_input, /kelpie/battery/voltage, /kelpie/leg_control/currents, /rosout] [Client 3] Subscribed to /kelpie/leg_control/currents
1754893474.829341650 INFO /rosbridge_websocket [protocol.py:403(RosbridgeProtocol.log)] [topics: /connected_clients, /client_count, /kelpie/leg_control/joint_states, /kelpie/imu, /kelpie/command_input, /kelpie/battery/voltage, /kelpie/leg_control/currents, /rosout] [Client 3] Subscribed to /kelpie/battery/voltage
1754893474.833500623 INFO /rosbridge_websocket [protocol.py:403(RosbridgeProtocol.log)] [topics: /connected_clients, /client_count, /kelpie/leg_control/joint_states, /kelpie/imu, /kelpie/command_input, /kelpie/battery/voltage, /kelpie/leg_control/currents, /rosout] [Client 3] Subscribed to /kelpie/imu
