[rosmaster.main][INFO] 2025-08-14 16:57:33,928: initialization complete, waiting for shutdown
[rosmaster.main][INFO] 2025-08-14 16:57:33,929: Starting ROS Master Node
[xmlrpc][INFO] 2025-08-14 16:57:33,931: XML-RPC server binding to 127.0.0.1:11311
[xmlrpc][INFO] 2025-08-14 16:57:33,932: Started XML-RPC server [http://localhost:11311/]
[rosmaster.master][INFO] 2025-08-14 16:57:33,932: Master initialized: port[11311], uri[http://localhost:11311/]
[xmlrpc][INFO] 2025-08-14 16:57:33,932: xml rpc node: starting XML-RPC server
[rosmaster.master][INFO] 2025-08-14 16:57:34,053: +PARAM [/run_id] by /roslaunch
[rosmaster.master][INFO] 2025-08-14 16:57:34,056: +PARAM [/roslaunch/uris/host_localhost__38401] by /roslaunch
[rosmaster.master][INFO] 2025-08-14 16:57:34,205: +PARAM [/rosversion] by /roslaunch
[rosmaster.master][INFO] 2025-08-14 16:57:34,206: +PARAM [/rosdistro] by /roslaunch
[rosmaster.master][INFO] 2025-08-14 16:57:34,387: +SERVICE [/rosout/get_loggers] /rosout http://localhost:35087/
[rosmaster.master][INFO] 2025-08-14 16:57:34,389: +SERVICE [/rosout/set_logger_level] /rosout http://localhost:35087/
[rosmaster.master][INFO] 2025-08-14 16:57:34,393: +PUB [/rosout_agg] /rosout http://localhost:35087/
[rosmaster.master][INFO] 2025-08-14 16:57:34,401: +SUB [/rosout] /rosout http://localhost:35087/
[rosmaster.master][INFO] 2025-08-14 16:59:10,859: +PUB [/rosout] /rqt_gui_py_node_1601 http://localhost:32791/
[rosmaster.master][INFO] 2025-08-14 16:59:10,869: +SERVICE [/rqt_gui_py_node_1601/get_loggers] /rqt_gui_py_node_1601 http://localhost:32791/
[rosmaster.master][INFO] 2025-08-14 16:59:10,872: +SERVICE [/rqt_gui_py_node_1601/set_logger_level] /rqt_gui_py_node_1601 http://localhost:32791/
[rosmaster.master][INFO] 2025-08-14 16:59:10,909: publisherUpdate[/rosout] -> http://localhost:35087/ ['http://localhost:32791/']
[rosmaster.master][INFO] 2025-08-14 16:59:10,921: publisherUpdate[/rosout] -> http://localhost:35087/ ['http://localhost:32791/']: sec=0.01, result=[1, '', 0]
[rosmaster.master][INFO] 2025-08-14 16:59:10,999: +SUB [/statistics] /rqt_gui_py_node_1601 http://localhost:32791/
[rosmaster.master][INFO] 2025-08-14 16:59:36,982: -SUB [/statistics] /rqt_gui_py_node_1601 http://localhost:32791/
[rosmaster.master][INFO] 2025-08-14 16:59:36,982: -PUB [/rosout] /rqt_gui_py_node_1601 http://localhost:32791/
[rosmaster.master][INFO] 2025-08-14 16:59:36,983: -SERVICE [/rqt_gui_py_node_1601/get_loggers] /rqt_gui_py_node_1601 rosrpc://localhost:41225
[rosmaster.master][INFO] 2025-08-14 16:59:36,983: -SERVICE [/rqt_gui_py_node_1601/set_logger_level] /rqt_gui_py_node_1601 rosrpc://localhost:41225
[rosmaster.master][INFO] 2025-08-14 16:59:37,060: publisherUpdate[/rosout] -> http://localhost:35087/ []
[rosmaster.master][INFO] 2025-08-14 16:59:37,063: publisherUpdate[/rosout] -> http://localhost:35087/ []: sec=0.00, result=[1, '', 0]
[rosmaster.master][INFO] 2025-08-14 17:02:49,095: +PUB [/rosout] /rqt_gui_py_node_1704 http://localhost:35671/
[rosmaster.master][INFO] 2025-08-14 17:02:49,105: +SERVICE [/rqt_gui_py_node_1704/get_loggers] /rqt_gui_py_node_1704 http://localhost:35671/
[rosmaster.master][INFO] 2025-08-14 17:02:49,108: +SERVICE [/rqt_gui_py_node_1704/set_logger_level] /rqt_gui_py_node_1704 http://localhost:35671/
[rosmaster.master][INFO] 2025-08-14 17:02:49,160: +SUB [/statistics] /rqt_gui_py_node_1704 http://localhost:35671/
[rosmaster.master][INFO] 2025-08-14 17:02:49,192: publisherUpdate[/rosout] -> http://localhost:35087/ ['http://localhost:35671/']
[rosmaster.master][INFO] 2025-08-14 17:02:49,195: publisherUpdate[/rosout] -> http://localhost:35087/ ['http://localhost:35671/']: sec=0.00, result=[1, '', 0]
[rosmaster.master][INFO] 2025-08-14 17:03:19,443: -SUB [/statistics] /rqt_gui_py_node_1704 http://localhost:35671/
[rosmaster.master][INFO] 2025-08-14 17:03:19,444: -PUB [/rosout] /rqt_gui_py_node_1704 http://localhost:35671/
[rosmaster.master][INFO] 2025-08-14 17:03:19,444: -SERVICE [/rqt_gui_py_node_1704/get_loggers] /rqt_gui_py_node_1704 rosrpc://localhost:34053
[rosmaster.master][INFO] 2025-08-14 17:03:19,444: -SERVICE [/rqt_gui_py_node_1704/set_logger_level] /rqt_gui_py_node_1704 rosrpc://localhost:34053
[rosmaster.master][INFO] 2025-08-14 17:03:19,445: publisherUpdate[/rosout] -> http://localhost:35087/ []
[rosmaster.master][INFO] 2025-08-14 17:03:19,447: publisherUpdate[/rosout] -> http://localhost:35087/ []: sec=0.00, result=[1, '', 0]
[rosmaster.master][INFO] 2025-08-14 17:03:23,603: +PARAM [/roslaunch/uris/host_localhost__41755] by /roslaunch
[rosmaster.master][INFO] 2025-08-14 17:03:23,615: +PARAM [/rosversion] by /roslaunch
[rosmaster.master][INFO] 2025-08-14 17:03:23,615: +PARAM [/rosdistro] by /roslaunch
[rosmaster.master][INFO] 2025-08-14 17:03:23,616: +PARAM [/rosbridge_websocket/authenticate] by /roslaunch
[rosmaster.master][INFO] 2025-08-14 17:03:23,616: +PARAM [/rosbridge_websocket/port] by /roslaunch
[rosmaster.master][INFO] 2025-08-14 17:03:23,616: +PARAM [/rosbridge_websocket/address] by /roslaunch
[rosmaster.master][INFO] 2025-08-14 17:03:23,616: +PARAM [/rosbridge_websocket/retry_startup_delay] by /roslaunch
[rosmaster.master][INFO] 2025-08-14 17:03:23,617: +PARAM [/rosbridge_websocket/fragment_timeout] by /roslaunch
[rosmaster.master][INFO] 2025-08-14 17:03:23,617: +PARAM [/rosbridge_websocket/delay_between_messages] by /roslaunch
[rosmaster.master][INFO] 2025-08-14 17:03:23,617: +PARAM [/rosbridge_websocket/max_message_size] by /roslaunch
[rosmaster.master][INFO] 2025-08-14 17:03:23,617: +PARAM [/rosbridge_websocket/unregister_timeout] by /roslaunch
[rosmaster.master][INFO] 2025-08-14 17:03:23,618: +PARAM [/rosbridge_websocket/use_compression] by /roslaunch
[rosmaster.master][INFO] 2025-08-14 17:03:23,618: +PARAM [/rosbridge_websocket/websocket_ping_interval] by /roslaunch
[rosmaster.master][INFO] 2025-08-14 17:03:23,618: +PARAM [/rosbridge_websocket/websocket_ping_timeout] by /roslaunch
[rosmaster.master][INFO] 2025-08-14 17:03:23,618: +PARAM [/rosbridge_websocket/websocket_external_port] by /roslaunch
[rosmaster.master][INFO] 2025-08-14 17:03:23,619: +PARAM [/rosbridge_websocket/topics_glob] by /roslaunch
[rosmaster.master][INFO] 2025-08-14 17:03:23,619: +PARAM [/rosbridge_websocket/services_glob] by /roslaunch
[rosmaster.master][INFO] 2025-08-14 17:03:23,619: +PARAM [/rosbridge_websocket/params_glob] by /roslaunch
[rosmaster.master][INFO] 2025-08-14 17:03:23,619: +PARAM [/rosbridge_websocket/bson_only_mode] by /roslaunch
[rosmaster.master][INFO] 2025-08-14 17:03:23,620: +PARAM [/rosapi/topics_glob] by /roslaunch
[rosmaster.master][INFO] 2025-08-14 17:03:23,620: +PARAM [/rosapi/services_glob] by /roslaunch
[rosmaster.master][INFO] 2025-08-14 17:03:23,620: +PARAM [/rosapi/params_glob] by /roslaunch
[rosmaster.master][INFO] 2025-08-14 17:03:25,774: +PUB [/rosout] /rosapi http://localhost:34809/
[rosmaster.master][INFO] 2025-08-14 17:03:25,792: +SERVICE [/rosapi/get_loggers] /rosapi http://localhost:34809/
[rosmaster.master][INFO] 2025-08-14 17:03:25,798: +SERVICE [/rosapi/set_logger_level] /rosapi http://localhost:34809/
[rosmaster.master][INFO] 2025-08-14 17:03:25,818: +SERVICE [/rosapi/topics] /rosapi http://localhost:34809/
[rosmaster.master][INFO] 2025-08-14 17:03:25,824: +SERVICE [/rosapi/topics_for_type] /rosapi http://localhost:34809/
[rosmaster.master][INFO] 2025-08-14 17:03:25,829: +SERVICE [/rosapi/services] /rosapi http://localhost:34809/
[rosmaster.master][INFO] 2025-08-14 17:03:25,839: +SERVICE [/rosapi/services_for_type] /rosapi http://localhost:34809/
[rosmaster.master][INFO] 2025-08-14 17:03:25,843: +SERVICE [/rosapi/nodes] /rosapi http://localhost:34809/
[rosmaster.master][INFO] 2025-08-14 17:03:25,847: +SERVICE [/rosapi/node_details] /rosapi http://localhost:34809/
[rosmaster.master][INFO] 2025-08-14 17:03:25,857: +SERVICE [/rosapi/action_servers] /rosapi http://localhost:34809/
[rosmaster.master][INFO] 2025-08-14 17:03:25,859: publisherUpdate[/rosout] -> http://localhost:35087/ ['http://localhost:34809/']
[rosmaster.master][INFO] 2025-08-14 17:03:25,862: +SERVICE [/rosapi/topic_type] /rosapi http://localhost:34809/
[rosmaster.master][INFO] 2025-08-14 17:03:25,863: publisherUpdate[/rosout] -> http://localhost:35087/ ['http://localhost:34809/']: sec=0.00, result=[1, '', 0]
[rosmaster.master][INFO] 2025-08-14 17:03:25,867: +SERVICE [/rosapi/service_type] /rosapi http://localhost:34809/
[rosmaster.master][INFO] 2025-08-14 17:03:25,871: +SERVICE [/rosapi/publishers] /rosapi http://localhost:34809/
[rosmaster.master][INFO] 2025-08-14 17:03:25,875: +SERVICE [/rosapi/subscribers] /rosapi http://localhost:34809/
[rosmaster.master][INFO] 2025-08-14 17:03:25,879: +SERVICE [/rosapi/service_providers] /rosapi http://localhost:34809/
[rosmaster.master][INFO] 2025-08-14 17:03:25,883: +SERVICE [/rosapi/service_node] /rosapi http://localhost:34809/
[rosmaster.master][INFO] 2025-08-14 17:03:25,886: +SERVICE [/rosapi/service_host] /rosapi http://localhost:34809/
[rosmaster.master][INFO] 2025-08-14 17:03:25,890: +SERVICE [/rosapi/message_details] /rosapi http://localhost:34809/
[rosmaster.master][INFO] 2025-08-14 17:03:25,894: +SERVICE [/rosapi/service_request_details] /rosapi http://localhost:34809/
[rosmaster.master][INFO] 2025-08-14 17:03:25,898: +SERVICE [/rosapi/service_response_details] /rosapi http://localhost:34809/
[rosmaster.master][INFO] 2025-08-14 17:03:25,902: +SERVICE [/rosapi/set_param] /rosapi http://localhost:34809/
[rosmaster.master][INFO] 2025-08-14 17:03:25,906: +SERVICE [/rosapi/get_param] /rosapi http://localhost:34809/
[rosmaster.master][INFO] 2025-08-14 17:03:25,911: +SERVICE [/rosapi/has_param] /rosapi http://localhost:34809/
[rosmaster.master][INFO] 2025-08-14 17:03:25,916: +SERVICE [/rosapi/search_param] /rosapi http://localhost:34809/
[rosmaster.master][INFO] 2025-08-14 17:03:25,920: +SERVICE [/rosapi/delete_param] /rosapi http://localhost:34809/
[rosmaster.master][INFO] 2025-08-14 17:03:25,924: +SERVICE [/rosapi/get_param_names] /rosapi http://localhost:34809/
[rosmaster.master][INFO] 2025-08-14 17:03:25,928: +SERVICE [/rosapi/get_time] /rosapi http://localhost:34809/
[rosmaster.master][INFO] 2025-08-14 17:03:25,932: +SERVICE [/rosapi/topics_and_raw_types] /rosapi http://localhost:34809/
[rosmaster.master][INFO] 2025-08-14 17:03:25,936: +CACHEDPARAM [/rosout_disable_topics_generation] by /rosapi
[rosmaster.master][INFO] 2025-08-14 17:03:26,041: +PUB [/rosout] /kelpie http://localhost:41741/
[rosmaster.master][INFO] 2025-08-14 17:03:26,050: +SERVICE [/kelpie/get_loggers] /kelpie http://localhost:41741/
[rosmaster.master][INFO] 2025-08-14 17:03:26,054: +SERVICE [/kelpie/set_logger_level] /kelpie http://localhost:41741/
[rosmaster.master][INFO] 2025-08-14 17:03:26,060: +SUB [/kelpie/imu] /kelpie http://localhost:41741/
[rosmaster.master][INFO] 2025-08-14 17:03:26,061: publisherUpdate[/rosout] -> http://localhost:35087/ ['http://localhost:34809/', 'http://localhost:41741/']
[rosmaster.master][INFO] 2025-08-14 17:03:26,064: publisherUpdate[/rosout] -> http://localhost:35087/ ['http://localhost:34809/', 'http://localhost:41741/']: sec=0.00, result=[1, '', 0]
[rosmaster.master][INFO] 2025-08-14 17:03:26,070: +CACHEDPARAM [/rosout/omit_topics] by /rosout
[rosmaster.master][INFO] 2025-08-14 17:03:26,075: +SUB [/kelpie/leg_control/currents] /kelpie http://localhost:41741/
[rosmaster.master][INFO] 2025-08-14 17:03:26,081: +SUB [/kelpie/battery/voltage] /kelpie http://localhost:41741/
[rosmaster.master][INFO] 2025-08-14 17:03:26,085: +PUB [/kelpie/leg_control/joint_states] /kelpie http://localhost:41741/
[rosmaster.master][INFO] 2025-08-14 17:03:26,089: +CACHEDPARAM [/rosout_disable_topics_generation] by /kelpie
[rosmaster.master][INFO] 2025-08-14 17:03:26,095: +SUB [/kelpie/command_input] /kelpie http://localhost:41741/
[rosmaster.master][INFO] 2025-08-14 17:03:26,099: +CACHEDPARAM [/rosout_disable_topics_generation] by /kelpie
[rosmaster.master][INFO] 2025-08-14 17:03:26,104: +CACHEDPARAM [/rosout_disable_topics_generation] by /kelpie
[rosmaster.master][INFO] 2025-08-14 17:03:26,108: +CACHEDPARAM [/rosout_disable_topics_generation] by /kelpie
[rosmaster.master][INFO] 2025-08-14 17:03:26,111: +CACHEDPARAM [/rosout_disable_topics_generation] by /kelpie
[rosmaster.master][INFO] 2025-08-14 17:03:26,115: +CACHEDPARAM [/rosout_disable_topics_generation] by /kelpie
[rosmaster.master][INFO] 2025-08-14 17:03:26,119: +CACHEDPARAM [/rosout_disable_topics_generation] by /kelpie
[rosmaster.master][INFO] 2025-08-14 17:03:26,123: +CACHEDPARAM [/rosout_disable_topics_generation] by /kelpie
[rosmaster.master][INFO] 2025-08-14 17:03:26,127: +CACHEDPARAM [/rosout_disable_topics_generation] by /kelpie
[rosmaster.master][INFO] 2025-08-14 17:03:26,703: +PUB [/kelpie/leg_control/currents] /hardware http://localhost:45731/
[rosmaster.master][INFO] 2025-08-14 17:03:26,706: +PUB [/kelpie/battery/voltage] /hardware http://localhost:45731/
[rosmaster.master][INFO] 2025-08-14 17:03:26,709: +PUB [/kelpie/imu] /hardware http://localhost:45731/
[rosmaster.master][INFO] 2025-08-14 17:03:26,762: publisherUpdate[/kelpie/leg_control/currents] -> http://localhost:41741/ ['http://localhost:45731/']
[rosmaster.master][INFO] 2025-08-14 17:03:26,790: +PUB [/rosout] /hardware http://localhost:45731/
[rosmaster.master][INFO] 2025-08-14 17:03:26,792: publisherUpdate[/kelpie/leg_control/currents] -> http://localhost:41741/ ['http://localhost:45731/']: sec=0.03, result=[1, '', 0]
[rosmaster.master][INFO] 2025-08-14 17:03:26,793: publisherUpdate[/kelpie/battery/voltage] -> http://localhost:41741/ ['http://localhost:45731/']
[rosmaster.master][INFO] 2025-08-14 17:03:26,797: +SERVICE [/hardware/get_loggers] /hardware http://localhost:45731/
[rosmaster.master][INFO] 2025-08-14 17:03:26,800: +SERVICE [/hardware/set_logger_level] /hardware http://localhost:45731/
[rosmaster.master][INFO] 2025-08-14 17:03:26,802: publisherUpdate[/kelpie/battery/voltage] -> http://localhost:41741/ ['http://localhost:45731/']: sec=0.01, result=[1, '', 0]
[rosmaster.master][INFO] 2025-08-14 17:03:26,803: publisherUpdate[/kelpie/imu] -> http://localhost:41741/ ['http://localhost:45731/']
[rosmaster.master][INFO] 2025-08-14 17:03:26,809: publisherUpdate[/kelpie/imu] -> http://localhost:41741/ ['http://localhost:45731/']: sec=0.01, result=[1, '', 0]
[rosmaster.master][INFO] 2025-08-14 17:03:26,810: publisherUpdate[/rosout] -> http://localhost:35087/ ['http://localhost:34809/', 'http://localhost:41741/', 'http://localhost:45731/']
[rosmaster.master][INFO] 2025-08-14 17:03:26,812: publisherUpdate[/rosout] -> http://localhost:35087/ ['http://localhost:34809/', 'http://localhost:41741/', 'http://localhost:45731/']: sec=0.00, result=[1, '', 0]
[rosmaster.master][INFO] 2025-08-14 17:03:26,861: +SUB [/kelpie/leg_control/joint_states] /hardware http://localhost:45731/
[rosmaster.master][INFO] 2025-08-14 17:03:26,868: +PUB [/rosout] /rosbridge_websocket http://localhost:39097/
[rosmaster.master][INFO] 2025-08-14 17:03:26,871: +SUB [/joy] /hardware http://localhost:45731/
[rosmaster.master][INFO] 2025-08-14 17:03:26,876: +PUB [/kelpie/command_input] /hardware http://localhost:45731/
[rosmaster.master][INFO] 2025-08-14 17:03:26,877: +SERVICE [/rosbridge_websocket/get_loggers] /rosbridge_websocket http://localhost:39097/
[rosmaster.master][INFO] 2025-08-14 17:03:26,880: +SERVICE [/rosbridge_websocket/set_logger_level] /rosbridge_websocket http://localhost:39097/
[rosmaster.master][INFO] 2025-08-14 17:03:26,913: publisherUpdate[/rosout] -> http://localhost:35087/ ['http://localhost:34809/', 'http://localhost:41741/', 'http://localhost:45731/', 'http://localhost:39097/']
[rosmaster.master][INFO] 2025-08-14 17:03:26,917: publisherUpdate[/rosout] -> http://localhost:35087/ ['http://localhost:34809/', 'http://localhost:41741/', 'http://localhost:45731/', 'http://localhost:39097/']: sec=0.00, result=[1, '', 0]
[rosmaster.master][INFO] 2025-08-14 17:03:26,918: publisherUpdate[/kelpie/command_input] -> http://localhost:41741/ ['http://localhost:45731/']
[rosmaster.master][INFO] 2025-08-14 17:03:26,921: +PUB [/client_count] /rosbridge_websocket http://localhost:39097/
[rosmaster.master][INFO] 2025-08-14 17:03:26,925: +PUB [/connected_clients] /rosbridge_websocket http://localhost:39097/
[rosmaster.master][INFO] 2025-08-14 17:03:26,934: +PARAM [/rosbridge_websocket/actual_port] by /rosbridge_websocket
[rosmaster.master][INFO] 2025-08-14 17:03:26,935: publisherUpdate[/kelpie/command_input] -> http://localhost:41741/ ['http://localhost:45731/']: sec=0.02, result=[1, '', 0]
[rosmaster.master][INFO] 2025-08-14 17:03:26,941: +CACHEDPARAM [/rosout_disable_topics_generation] by /rosbridge_websocket
[rosmaster.master][INFO] 2025-08-14 17:03:46,661: -SUB [/kelpie/leg_control/joint_states] /hardware http://localhost:45731/
[rosmaster.master][INFO] 2025-08-14 17:03:46,662: -SUB [/joy] /hardware http://localhost:45731/
[rosmaster.master][INFO] 2025-08-14 17:03:46,662: -PUB [/kelpie/leg_control/currents] /hardware http://localhost:45731/
[rosmaster.master][INFO] 2025-08-14 17:03:46,663: -PUB [/kelpie/battery/voltage] /hardware http://localhost:45731/
[rosmaster.master][INFO] 2025-08-14 17:03:46,663: -PUB [/kelpie/imu] /hardware http://localhost:45731/
[rosmaster.master][INFO] 2025-08-14 17:03:46,663: -PUB [/rosout] /hardware http://localhost:45731/
[rosmaster.master][INFO] 2025-08-14 17:03:46,663: -PUB [/kelpie/command_input] /hardware http://localhost:45731/
[rosmaster.master][INFO] 2025-08-14 17:03:46,664: -SERVICE [/hardware/get_loggers] /hardware rosrpc://localhost:39551
[rosmaster.master][INFO] 2025-08-14 17:03:46,665: -SERVICE [/hardware/set_logger_level] /hardware rosrpc://localhost:39551
[rosmaster.master][INFO] 2025-08-14 17:03:46,670: -PUB [/rosout] /rosapi http://localhost:34809/
[rosmaster.master][INFO] 2025-08-14 17:03:46,670: publisherUpdate[/kelpie/leg_control/currents] -> http://localhost:41741/ []
[rosmaster.master][INFO] 2025-08-14 17:03:46,670: -PUB [/rosout] /rosbridge_websocket http://localhost:39097/
[rosmaster.master][INFO] 2025-08-14 17:03:46,672: -SERVICE [/rosapi/get_loggers] /rosapi rosrpc://localhost:40821
[rosmaster.master][INFO] 2025-08-14 17:03:46,672: -PUB [/client_count] /rosbridge_websocket http://localhost:39097/
[rosmaster.master][INFO] 2025-08-14 17:03:46,673: publisherUpdate[/kelpie/leg_control/currents] -> http://localhost:41741/ []: sec=0.00, result=[1, '', 0]
[rosmaster.master][INFO] 2025-08-14 17:03:46,675: publisherUpdate[/kelpie/battery/voltage] -> http://localhost:41741/ []
[rosmaster.master][INFO] 2025-08-14 17:03:46,674: -SERVICE [/rosapi/set_logger_level] /rosapi rosrpc://localhost:40821
[rosmaster.master][INFO] 2025-08-14 17:03:46,676: -PUB [/connected_clients] /rosbridge_websocket http://localhost:39097/
[rosmaster.master][INFO] 2025-08-14 17:03:46,677: -SERVICE [/rosbridge_websocket/get_loggers] /rosbridge_websocket rosrpc://localhost:34995
[rosmaster.master][INFO] 2025-08-14 17:03:46,678: -SERVICE [/rosbridge_websocket/set_logger_level] /rosbridge_websocket rosrpc://localhost:34995
[rosmaster.master][INFO] 2025-08-14 17:03:46,680: -SERVICE [/rosapi/topics] /rosapi rosrpc://localhost:40821
[rosmaster.master][INFO] 2025-08-14 17:03:46,681: publisherUpdate[/kelpie/battery/voltage] -> http://localhost:41741/ []: sec=0.01, result=[1, '', 0]
[rosmaster.master][INFO] 2025-08-14 17:03:46,681: -SERVICE [/rosapi/topics_for_type] /rosapi rosrpc://localhost:40821
[rosmaster.master][INFO] 2025-08-14 17:03:46,682: publisherUpdate[/kelpie/imu] -> http://localhost:41741/ []
[rosmaster.master][INFO] 2025-08-14 17:03:46,682: -SERVICE [/rosapi/services] /rosapi rosrpc://localhost:40821
[rosmaster.master][INFO] 2025-08-14 17:03:46,683: -SERVICE [/rosapi/services_for_type] /rosapi rosrpc://localhost:40821
[rosmaster.master][INFO] 2025-08-14 17:03:46,684: -SERVICE [/rosapi/nodes] /rosapi rosrpc://localhost:40821
[rosmaster.master][INFO] 2025-08-14 17:03:46,686: publisherUpdate[/kelpie/imu] -> http://localhost:41741/ []: sec=0.00, result=[1, '', 0]
[rosmaster.master][INFO] 2025-08-14 17:03:46,686: -SERVICE [/rosapi/node_details] /rosapi rosrpc://localhost:40821
[rosmaster.master][INFO] 2025-08-14 17:03:46,686: publisherUpdate[/rosout] -> http://localhost:35087/ ['http://localhost:34809/', 'http://localhost:41741/', 'http://localhost:39097/']
[rosmaster.master][INFO] 2025-08-14 17:03:46,686: -SERVICE [/rosapi/action_servers] /rosapi rosrpc://localhost:40821
[rosmaster.master][INFO] 2025-08-14 17:03:46,687: -SERVICE [/rosapi/topic_type] /rosapi rosrpc://localhost:40821
[rosmaster.master][INFO] 2025-08-14 17:03:46,688: publisherUpdate[/rosout] -> http://localhost:35087/ ['http://localhost:34809/', 'http://localhost:41741/', 'http://localhost:39097/']: sec=0.00, result=[1, '', 0]
[rosmaster.master][INFO] 2025-08-14 17:03:46,689: -SERVICE [/rosapi/service_type] /rosapi rosrpc://localhost:40821
[rosmaster.master][INFO] 2025-08-14 17:03:46,689: publisherUpdate[/kelpie/command_input] -> http://localhost:41741/ []
[rosmaster.master][INFO] 2025-08-14 17:03:46,689: -SERVICE [/rosapi/publishers] /rosapi rosrpc://localhost:40821
[rosmaster.master][INFO] 2025-08-14 17:03:46,690: -SERVICE [/rosapi/subscribers] /rosapi rosrpc://localhost:40821
[rosmaster.master][INFO] 2025-08-14 17:03:46,691: -SERVICE [/rosapi/service_providers] /rosapi rosrpc://localhost:40821
[rosmaster.master][INFO] 2025-08-14 17:03:46,691: -SERVICE [/rosapi/service_node] /rosapi rosrpc://localhost:40821
[rosmaster.master][INFO] 2025-08-14 17:03:46,691: -SERVICE [/rosapi/service_host] /rosapi rosrpc://localhost:40821
[rosmaster.master][INFO] 2025-08-14 17:03:46,692: publisherUpdate[/kelpie/command_input] -> http://localhost:41741/ []: sec=0.00, result=[1, '', 0]
[rosmaster.master][INFO] 2025-08-14 17:03:46,692: -SERVICE [/rosapi/message_details] /rosapi rosrpc://localhost:40821
[rosmaster.master][INFO] 2025-08-14 17:03:46,692: publisherUpdate[/rosout] -> http://localhost:35087/ ['http://localhost:41741/', 'http://localhost:39097/']
[rosmaster.master][INFO] 2025-08-14 17:03:46,693: -SERVICE [/rosapi/service_request_details] /rosapi rosrpc://localhost:40821
[rosmaster.master][INFO] 2025-08-14 17:03:46,694: -SERVICE [/rosapi/service_response_details] /rosapi rosrpc://localhost:40821
[rosmaster.master][INFO] 2025-08-14 17:03:46,695: publisherUpdate[/rosout] -> http://localhost:35087/ ['http://localhost:41741/', 'http://localhost:39097/']: sec=0.00, result=[1, '', 0]
[rosmaster.master][INFO] 2025-08-14 17:03:46,695: -SERVICE [/rosapi/set_param] /rosapi rosrpc://localhost:40821
[rosmaster.master][INFO] 2025-08-14 17:03:46,695: publisherUpdate[/rosout] -> http://localhost:35087/ ['http://localhost:41741/']
[rosmaster.master][INFO] 2025-08-14 17:03:46,695: -SERVICE [/rosapi/get_param] /rosapi rosrpc://localhost:40821
[rosmaster.master][INFO] 2025-08-14 17:03:46,696: -SERVICE [/rosapi/has_param] /rosapi rosrpc://localhost:40821
[rosmaster.master][INFO] 2025-08-14 17:03:46,697: -SERVICE [/rosapi/search_param] /rosapi rosrpc://localhost:40821
[rosmaster.master][INFO] 2025-08-14 17:03:46,698: publisherUpdate[/rosout] -> http://localhost:35087/ ['http://localhost:41741/']: sec=0.00, result=[1, '', 0]
[rosmaster.master][INFO] 2025-08-14 17:03:46,698: -SERVICE [/rosapi/delete_param] /rosapi rosrpc://localhost:40821
[rosmaster.master][INFO] 2025-08-14 17:03:46,699: -SERVICE [/rosapi/get_param_names] /rosapi rosrpc://localhost:40821
[rosmaster.master][INFO] 2025-08-14 17:03:46,699: -SERVICE [/rosapi/get_time] /rosapi rosrpc://localhost:40821
[rosmaster.master][INFO] 2025-08-14 17:03:46,699: -SERVICE [/rosapi/topics_and_raw_types] /rosapi rosrpc://localhost:40821
[rosmaster.master][INFO] 2025-08-14 17:04:01,705: -SUB [/kelpie/imu] /kelpie http://localhost:41741/
[rosmaster.master][INFO] 2025-08-14 17:04:01,706: -SUB [/kelpie/leg_control/currents] /kelpie http://localhost:41741/
[rosmaster.master][INFO] 2025-08-14 17:04:01,706: -SUB [/kelpie/battery/voltage] /kelpie http://localhost:41741/
[rosmaster.master][INFO] 2025-08-14 17:04:01,706: -SUB [/kelpie/command_input] /kelpie http://localhost:41741/
[rosmaster.master][INFO] 2025-08-14 17:04:01,706: -PUB [/rosout] /kelpie http://localhost:41741/
[rosmaster.master][INFO] 2025-08-14 17:04:01,707: -PUB [/kelpie/leg_control/joint_states] /kelpie http://localhost:41741/
[rosmaster.master][INFO] 2025-08-14 17:04:01,707: -SERVICE [/kelpie/get_loggers] /kelpie rosrpc://localhost:43633
[rosmaster.master][INFO] 2025-08-14 17:04:01,707: -SERVICE [/kelpie/set_logger_level] /kelpie rosrpc://localhost:43633
[rosmaster.master][INFO] 2025-08-14 17:04:01,718: publisherUpdate[/rosout] -> http://localhost:35087/ []
[rosmaster.master][INFO] 2025-08-14 17:04:01,720: publisherUpdate[/rosout] -> http://localhost:35087/ []: sec=0.00, result=[1, '', 0]
[rosmaster.master][INFO] 2025-08-14 17:04:49,114: +PUB [/rosout] /rqt_gui_py_node_1815 http://localhost:41691/
[rosmaster.master][INFO] 2025-08-14 17:04:49,123: +SERVICE [/rqt_gui_py_node_1815/get_loggers] /rqt_gui_py_node_1815 http://localhost:41691/
[rosmaster.master][INFO] 2025-08-14 17:04:49,126: +SERVICE [/rqt_gui_py_node_1815/set_logger_level] /rqt_gui_py_node_1815 http://localhost:41691/
[rosmaster.master][INFO] 2025-08-14 17:04:49,178: +SUB [/statistics] /rqt_gui_py_node_1815 http://localhost:41691/
[rosmaster.master][INFO] 2025-08-14 17:04:49,203: publisherUpdate[/rosout] -> http://localhost:35087/ ['http://localhost:41691/']
[rosmaster.master][INFO] 2025-08-14 17:04:49,205: publisherUpdate[/rosout] -> http://localhost:35087/ ['http://localhost:41691/']: sec=0.00, result=[1, '', 0]
[rosmaster.master][INFO] 2025-08-14 17:04:51,675: -PUB [/rosout_agg] /rosout http://localhost:35087/
[rosmaster.master][INFO] 2025-08-14 17:04:51,676: -SUB [/rosout] /rosout http://localhost:35087/
[rosmaster.master][INFO] 2025-08-14 17:04:51,677: -SERVICE [/rosout/get_loggers] /rosout rosrpc://localhost:47199
[rosmaster.master][INFO] 2025-08-14 17:04:51,679: -SERVICE [/rosout/set_logger_level] /rosout rosrpc://localhost:47199
[rosmaster.master][INFO] 2025-08-14 17:04:51,680: -CACHEDPARAM [/rosout/omit_topics] by /rosout
[rosmaster.main][INFO] 2025-08-14 17:04:51,755: keyboard interrupt, will exit
[rosmaster.main][INFO] 2025-08-14 17:04:51,756: stopping master...
[rospy.core][INFO] 2025-08-14 17:04:51,757: signal_shutdown [atexit]
