[rospy.client][INFO] 2025-08-13 17:37:41,186: init_node, name[/hardware], pid[3318]
[xmlrpc][INFO] 2025-08-13 17:37:41,187: XML-RPC server binding to 127.0.0.1:0
[xmlrpc][INFO] 2025-08-13 17:37:41,188: Started XML-RPC server [http://localhost:39009/]
[rospy.init][INFO] 2025-08-13 17:37:41,189: ROS Slave URI: [http://localhost:39009/]
[rospy.impl.masterslave][INFO] 2025-08-13 17:37:41,189: _ready: http://localhost:39009/
[rospy.registration][INFO] 2025-08-13 17:37:41,192: Registering with master node http://localhost:11311
[xmlrpc][INFO] 2025-08-13 17:37:41,192: xml rpc node: starting XML-RPC server
[rospy.registration][INFO] 2025-08-13 17:37:41,192: Registering publisher topic [/kelpie/leg_control/currents] type [kelpie/joint_states] with master
[rospy.registration][INFO] 2025-08-13 17:37:41,206: Registering publisher topic [/kelpie/battery/voltage] type [kelpie/vec_3d_float32] with master
[rospy.registration][INFO] 2025-08-13 17:37:41,209: Registering publisher topic [/kelpie/imu] type [kelpie/imu] with master
[rospy.init][INFO] 2025-08-13 17:37:41,290: registered with master
[rospy.rosout][INFO] 2025-08-13 17:37:41,290: initializing /rosout core topic
[rospy.rosout][INFO] 2025-08-13 17:37:41,294: connected to core topic /rosout
[rospy.simtime][INFO] 2025-08-13 17:37:41,298: /use_sim_time is not set, will not subscribe to simulated time [/clock] topic
[rospy.internal][INFO] 2025-08-13 17:37:41,390: topic[/joy] adding connection to [http://localhost:36265/], count 0
[rospy.internal][INFO] 2025-08-13 17:37:41,418: topic[/kelpie/leg_control/joint_states] adding connection to [http://localhost:37853/], count 0
[rospy.internal][INFO] 2025-08-13 17:37:41,448: topic[/rosout] adding connection to [/rosout], count 0
[rospy.internal][INFO] 2025-08-13 17:37:41,669: topic[/kelpie/leg_control/currents] adding connection to [/kelpie], count 0
[rospy.internal][INFO] 2025-08-13 17:37:41,671: topic[/kelpie/command_input] adding connection to [/kelpie], count 0
[rospy.internal][INFO] 2025-08-13 17:37:41,675: topic[/kelpie/battery/voltage] adding connection to [/kelpie], count 0
[rospy.internal][INFO] 2025-08-13 17:37:41,676: topic[/kelpie/imu] adding connection to [/kelpie], count 0
[rospy.internal][INFO] 2025-08-13 17:38:24,881: topic[/kelpie/leg_control/currents] adding connection to [/rosbridge_websocket], count 1
[rospy.internal][INFO] 2025-08-13 17:38:24,901: topic[/kelpie/battery/voltage] adding connection to [/rosbridge_websocket], count 1
[rospy.internal][INFO] 2025-08-13 17:38:24,918: topic[/kelpie/imu] adding connection to [/rosbridge_websocket], count 1
[rospy.internal][INFO] 2025-08-13 17:38:37,276: topic[/kelpie/leg_control/currents] removing connection to /rosbridge_websocket
[rospy.internal][INFO] 2025-08-13 17:38:37,281: topic[/kelpie/imu] removing connection to /rosbridge_websocket
[rospy.internal][INFO] 2025-08-13 17:38:37,413: topic[/kelpie/battery/voltage] removing connection to /rosbridge_websocket
[rospy.internal][INFO] 2025-08-13 17:38:55,394: topic[/kelpie/leg_control/currents] adding connection to [/rosbridge_websocket], count 1
[rospy.internal][INFO] 2025-08-13 17:38:55,432: topic[/kelpie/battery/voltage] adding connection to [/rosbridge_websocket], count 1
[rospy.internal][INFO] 2025-08-13 17:38:55,436: topic[/kelpie/imu] adding connection to [/rosbridge_websocket], count 1
[rospy.core][INFO] 2025-08-13 17:41:47,933: signal_shutdown [signal-2]
[rospy.internal][INFO] 2025-08-13 17:41:47,954: topic[/kelpie/leg_control/currents] removing connection to /kelpie
[rospy.internal][INFO] 2025-08-13 17:41:47,955: topic[/kelpie/leg_control/currents] removing connection to /rosbridge_websocket
[rospy.internal][INFO] 2025-08-13 17:41:47,958: topic[/kelpie/battery/voltage] removing connection to /kelpie
[rospy.internal][INFO] 2025-08-13 17:41:47,958: topic[/kelpie/battery/voltage] removing connection to /rosbridge_websocket
[rospy.internal][INFO] 2025-08-13 17:41:47,961: topic[/kelpie/imu] removing connection to /kelpie
[rospy.internal][INFO] 2025-08-13 17:41:47,962: topic[/kelpie/imu] removing connection to /rosbridge_websocket
[rospy.internal][INFO] 2025-08-13 17:41:47,963: topic[/rosout] removing connection to /rosout
[rospy.internal][INFO] 2025-08-13 17:41:47,964: topic[/kelpie/command_input] removing connection to /kelpie
[rospy.internal][INFO] 2025-08-13 17:41:47,965: topic[/kelpie/leg_control/joint_states] removing connection to http://localhost:37853/
[rospy.internal][INFO] 2025-08-13 17:41:47,966: topic[/joy] removing connection to http://localhost:36265/
[rospy.impl.masterslave][INFO] 2025-08-13 17:41:47,967: signal-2
[rospy.core][INFO] 2025-08-13 17:42:02,960: signal_shutdown [signal-15]
