[rosmaster.main][INFO] 2025-08-13 17:37:38,715: initialization complete, waiting for shutdown
[rosmaster.main][INFO] 2025-08-13 17:37:38,715: Starting ROS Master Node
[xmlrpc][INFO] 2025-08-13 17:37:38,717: XML-RPC server binding to 127.0.0.1:11311
[xmlrpc][INFO] 2025-08-13 17:37:38,718: Started XML-RPC server [http://localhost:11311/]
[rosmaster.master][INFO] 2025-08-13 17:37:38,718: Master initialized: port[11311], uri[http://localhost:11311/]
[xmlrpc][INFO] 2025-08-13 17:37:38,718: xml rpc node: starting XML-RPC server
[rosmaster.master][INFO] 2025-08-13 17:37:38,833: +PARAM [/run_id] by /roslaunch
[rosmaster.master][INFO] 2025-08-13 17:37:38,836: +PARAM [/roslaunch/uris/host_localhost__43771] by /roslaunch
[rosmaster.master][INFO] 2025-08-13 17:37:38,972: +PARAM [/rosversion] by /roslaunch
[rosmaster.master][INFO] 2025-08-13 17:37:38,972: +PARAM [/rosdistro] by /roslaunch
[rosmaster.master][INFO] 2025-08-13 17:37:38,973: +PARAM [/rosbridge_websocket/authenticate] by /roslaunch
[rosmaster.master][INFO] 2025-08-13 17:37:38,973: +PARAM [/rosbridge_websocket/port] by /roslaunch
[rosmaster.master][INFO] 2025-08-13 17:37:38,973: +PARAM [/rosbridge_websocket/address] by /roslaunch
[rosmaster.master][INFO] 2025-08-13 17:37:38,973: +PARAM [/rosbridge_websocket/retry_startup_delay] by /roslaunch
[rosmaster.master][INFO] 2025-08-13 17:37:38,974: +PARAM [/rosbridge_websocket/fragment_timeout] by /roslaunch
[rosmaster.master][INFO] 2025-08-13 17:37:38,974: +PARAM [/rosbridge_websocket/delay_between_messages] by /roslaunch
[rosmaster.master][INFO] 2025-08-13 17:37:38,974: +PARAM [/rosbridge_websocket/max_message_size] by /roslaunch
[rosmaster.master][INFO] 2025-08-13 17:37:38,974: +PARAM [/rosbridge_websocket/unregister_timeout] by /roslaunch
[rosmaster.master][INFO] 2025-08-13 17:37:38,975: +PARAM [/rosbridge_websocket/use_compression] by /roslaunch
[rosmaster.master][INFO] 2025-08-13 17:37:38,975: +PARAM [/rosbridge_websocket/websocket_ping_interval] by /roslaunch
[rosmaster.master][INFO] 2025-08-13 17:37:38,975: +PARAM [/rosbridge_websocket/websocket_ping_timeout] by /roslaunch
[rosmaster.master][INFO] 2025-08-13 17:37:38,975: +PARAM [/rosbridge_websocket/websocket_external_port] by /roslaunch
[rosmaster.master][INFO] 2025-08-13 17:37:38,976: +PARAM [/rosbridge_websocket/topics_glob] by /roslaunch
[rosmaster.master][INFO] 2025-08-13 17:37:38,976: +PARAM [/rosbridge_websocket/services_glob] by /roslaunch
[rosmaster.master][INFO] 2025-08-13 17:37:38,976: +PARAM [/rosbridge_websocket/params_glob] by /roslaunch
[rosmaster.master][INFO] 2025-08-13 17:37:38,976: +PARAM [/rosbridge_websocket/bson_only_mode] by /roslaunch
[rosmaster.master][INFO] 2025-08-13 17:37:38,976: +PARAM [/rosapi/topics_glob] by /roslaunch
[rosmaster.master][INFO] 2025-08-13 17:37:38,977: +PARAM [/rosapi/services_glob] by /roslaunch
[rosmaster.master][INFO] 2025-08-13 17:37:38,977: +PARAM [/rosapi/params_glob] by /roslaunch
[rosmaster.master][INFO] 2025-08-13 17:37:38,979: +PARAM [/JOYSTICK/autorepeat_rate] by /roslaunch
[rosmaster.master][INFO] 2025-08-13 17:37:38,979: +PARAM [/JOYSTICK/joy_node/dev] by /roslaunch
[rosmaster.master][INFO] 2025-08-13 17:37:38,981: +SERVICE [/rosout/get_loggers] /rosout http://localhost:45281/
[rosmaster.master][INFO] 2025-08-13 17:37:38,984: +SERVICE [/rosout/set_logger_level] /rosout http://localhost:45281/
[rosmaster.master][INFO] 2025-08-13 17:37:38,990: +PUB [/rosout_agg] /rosout http://localhost:45281/
[rosmaster.master][INFO] 2025-08-13 17:37:39,003: +SUB [/rosout] /rosout http://localhost:45281/
[rosmaster.master][INFO] 2025-08-13 17:37:39,261: +PUB [/rosout] /JOYSTICK http://localhost:36265/
[rosmaster.master][INFO] 2025-08-13 17:37:39,263: +SERVICE [/JOYSTICK/get_loggers] /JOYSTICK http://localhost:36265/
[rosmaster.master][INFO] 2025-08-13 17:37:39,265: +SERVICE [/JOYSTICK/set_logger_level] /JOYSTICK http://localhost:36265/
[rosmaster.master][INFO] 2025-08-13 17:37:39,269: +PUB [/diagnostics] /JOYSTICK http://localhost:36265/
[rosmaster.master][INFO] 2025-08-13 17:37:39,281: +CACHEDPARAM [/JOYSTICK/diagnostic_period] by /JOYSTICK
[rosmaster.master][INFO] 2025-08-13 17:37:39,285: +PUB [/joy] /JOYSTICK http://localhost:36265/
[rosmaster.master][INFO] 2025-08-13 17:37:39,308: +SUB [/joy/set_feedback] /JOYSTICK http://localhost:36265/
[rosmaster.master][INFO] 2025-08-13 17:37:39,319: publisherUpdate[/rosout] -> http://localhost:45281/ ['http://localhost:36265/']
[rosmaster.master][INFO] 2025-08-13 17:37:39,332: publisherUpdate[/rosout] -> http://localhost:45281/ ['http://localhost:36265/']: sec=0.01, result=[1, '', 0]
[rosmaster.master][INFO] 2025-08-13 17:37:39,339: +CACHEDPARAM [/rosout_disable_topics_generation] by /JOYSTICK
[rosmaster.master][INFO] 2025-08-13 17:37:40,664: +PUB [/rosout] /rosapi http://localhost:37009/
[rosmaster.master][INFO] 2025-08-13 17:37:40,671: +SERVICE [/rosapi/get_loggers] /rosapi http://localhost:37009/
[rosmaster.master][INFO] 2025-08-13 17:37:40,674: +SERVICE [/rosapi/set_logger_level] /rosapi http://localhost:37009/
[rosmaster.master][INFO] 2025-08-13 17:37:40,683: +SERVICE [/rosapi/topics] /rosapi http://localhost:37009/
[rosmaster.master][INFO] 2025-08-13 17:37:40,686: +SERVICE [/rosapi/topics_for_type] /rosapi http://localhost:37009/
[rosmaster.master][INFO] 2025-08-13 17:37:40,689: +SERVICE [/rosapi/services] /rosapi http://localhost:37009/
[rosmaster.master][INFO] 2025-08-13 17:37:40,692: +SERVICE [/rosapi/services_for_type] /rosapi http://localhost:37009/
[rosmaster.master][INFO] 2025-08-13 17:37:40,695: +SERVICE [/rosapi/nodes] /rosapi http://localhost:37009/
[rosmaster.master][INFO] 2025-08-13 17:37:40,698: +SERVICE [/rosapi/node_details] /rosapi http://localhost:37009/
[rosmaster.master][INFO] 2025-08-13 17:37:40,701: +SERVICE [/rosapi/action_servers] /rosapi http://localhost:37009/
[rosmaster.master][INFO] 2025-08-13 17:37:40,704: +SERVICE [/rosapi/topic_type] /rosapi http://localhost:37009/
[rosmaster.master][INFO] 2025-08-13 17:37:40,706: +SERVICE [/rosapi/service_type] /rosapi http://localhost:37009/
[rosmaster.master][INFO] 2025-08-13 17:37:40,709: +SERVICE [/rosapi/publishers] /rosapi http://localhost:37009/
[rosmaster.master][INFO] 2025-08-13 17:37:40,712: +SERVICE [/rosapi/subscribers] /rosapi http://localhost:37009/
[rosmaster.master][INFO] 2025-08-13 17:37:40,715: +SERVICE [/rosapi/service_providers] /rosapi http://localhost:37009/
[rosmaster.master][INFO] 2025-08-13 17:37:40,718: +SERVICE [/rosapi/service_node] /rosapi http://localhost:37009/
[rosmaster.master][INFO] 2025-08-13 17:37:40,721: +SERVICE [/rosapi/service_host] /rosapi http://localhost:37009/
[rosmaster.master][INFO] 2025-08-13 17:37:40,723: publisherUpdate[/rosout] -> http://localhost:45281/ ['http://localhost:36265/', 'http://localhost:37009/']
[rosmaster.master][INFO] 2025-08-13 17:37:40,725: +SERVICE [/rosapi/message_details] /rosapi http://localhost:37009/
[rosmaster.master][INFO] 2025-08-13 17:37:40,734: publisherUpdate[/rosout] -> http://localhost:45281/ ['http://localhost:36265/', 'http://localhost:37009/']: sec=0.01, result=[1, '', 0]
[rosmaster.master][INFO] 2025-08-13 17:37:40,735: +SERVICE [/rosapi/service_request_details] /rosapi http://localhost:37009/
[rosmaster.master][INFO] 2025-08-13 17:37:40,738: +SERVICE [/rosapi/service_response_details] /rosapi http://localhost:37009/
[rosmaster.master][INFO] 2025-08-13 17:37:40,741: +SERVICE [/rosapi/set_param] /rosapi http://localhost:37009/
[rosmaster.master][INFO] 2025-08-13 17:37:40,744: +SERVICE [/rosapi/get_param] /rosapi http://localhost:37009/
[rosmaster.master][INFO] 2025-08-13 17:37:40,747: +SERVICE [/rosapi/has_param] /rosapi http://localhost:37009/
[rosmaster.master][INFO] 2025-08-13 17:37:40,750: +SERVICE [/rosapi/search_param] /rosapi http://localhost:37009/
[rosmaster.master][INFO] 2025-08-13 17:37:40,753: +SERVICE [/rosapi/delete_param] /rosapi http://localhost:37009/
[rosmaster.master][INFO] 2025-08-13 17:37:40,757: +PUB [/rosout] /kelpie http://localhost:37853/
[rosmaster.master][INFO] 2025-08-13 17:37:40,758: +SERVICE [/rosapi/get_param_names] /rosapi http://localhost:37009/
[rosmaster.master][INFO] 2025-08-13 17:37:40,762: +SERVICE [/rosapi/get_time] /rosapi http://localhost:37009/
[rosmaster.master][INFO] 2025-08-13 17:37:40,765: +SERVICE [/rosapi/topics_and_raw_types] /rosapi http://localhost:37009/
[rosmaster.master][INFO] 2025-08-13 17:37:40,767: +SERVICE [/kelpie/get_loggers] /kelpie http://localhost:37853/
[rosmaster.master][INFO] 2025-08-13 17:37:40,769: +CACHEDPARAM [/rosout_disable_topics_generation] by /rosapi
[rosmaster.master][INFO] 2025-08-13 17:37:40,770: +SERVICE [/kelpie/set_logger_level] /kelpie http://localhost:37853/
[rosmaster.master][INFO] 2025-08-13 17:37:40,776: +SUB [/kelpie/imu] /kelpie http://localhost:37853/
[rosmaster.master][INFO] 2025-08-13 17:37:40,781: +SUB [/kelpie/leg_control/currents] /kelpie http://localhost:37853/
[rosmaster.master][INFO] 2025-08-13 17:37:40,787: +SUB [/kelpie/battery/voltage] /kelpie http://localhost:37853/
[rosmaster.master][INFO] 2025-08-13 17:37:40,791: +PUB [/kelpie/leg_control/joint_states] /kelpie http://localhost:37853/
[rosmaster.master][INFO] 2025-08-13 17:37:40,795: +CACHEDPARAM [/rosout_disable_topics_generation] by /kelpie
[rosmaster.master][INFO] 2025-08-13 17:37:40,801: +SUB [/kelpie/command_input] /kelpie http://localhost:37853/
[rosmaster.master][INFO] 2025-08-13 17:37:40,804: +CACHEDPARAM [/rosout_disable_topics_generation] by /kelpie
[rosmaster.master][INFO] 2025-08-13 17:37:40,808: +CACHEDPARAM [/rosout_disable_topics_generation] by /kelpie
[rosmaster.master][INFO] 2025-08-13 17:37:40,812: +CACHEDPARAM [/rosout_disable_topics_generation] by /kelpie
[rosmaster.master][INFO] 2025-08-13 17:37:40,815: +CACHEDPARAM [/rosout_disable_topics_generation] by /kelpie
[rosmaster.master][INFO] 2025-08-13 17:37:40,819: +CACHEDPARAM [/rosout_disable_topics_generation] by /kelpie
[rosmaster.master][INFO] 2025-08-13 17:37:40,822: +CACHEDPARAM [/rosout_disable_topics_generation] by /kelpie
[rosmaster.master][INFO] 2025-08-13 17:37:40,826: +CACHEDPARAM [/rosout_disable_topics_generation] by /kelpie
[rosmaster.master][INFO] 2025-08-13 17:37:40,827: publisherUpdate[/rosout] -> http://localhost:45281/ ['http://localhost:36265/', 'http://localhost:37009/', 'http://localhost:37853/']
[rosmaster.master][INFO] 2025-08-13 17:37:40,830: +CACHEDPARAM [/rosout_disable_topics_generation] by /kelpie
[rosmaster.master][INFO] 2025-08-13 17:37:40,833: publisherUpdate[/rosout] -> http://localhost:45281/ ['http://localhost:36265/', 'http://localhost:37009/', 'http://localhost:37853/']: sec=0.01, result=[1, '', 0]
[rosmaster.master][INFO] 2025-08-13 17:37:40,937: +CACHEDPARAM [/rosout/omit_topics] by /rosout
[rosmaster.master][INFO] 2025-08-13 17:37:41,204: +PUB [/kelpie/leg_control/currents] /hardware http://localhost:39009/
[rosmaster.master][INFO] 2025-08-13 17:37:41,207: +PUB [/kelpie/battery/voltage] /hardware http://localhost:39009/
[rosmaster.master][INFO] 2025-08-13 17:37:41,210: +PUB [/kelpie/imu] /hardware http://localhost:39009/
[rosmaster.master][INFO] 2025-08-13 17:37:41,234: publisherUpdate[/kelpie/leg_control/currents] -> http://localhost:37853/ ['http://localhost:39009/']
[rosmaster.master][INFO] 2025-08-13 17:37:41,258: publisherUpdate[/kelpie/leg_control/currents] -> http://localhost:37853/ ['http://localhost:39009/']: sec=0.02, result=[1, '', 0]
[rosmaster.master][INFO] 2025-08-13 17:37:41,258: publisherUpdate[/kelpie/battery/voltage] -> http://localhost:37853/ ['http://localhost:39009/']
[rosmaster.master][INFO] 2025-08-13 17:37:41,270: publisherUpdate[/kelpie/battery/voltage] -> http://localhost:37853/ ['http://localhost:39009/']: sec=0.01, result=[1, '', 0]
[rosmaster.master][INFO] 2025-08-13 17:37:41,270: publisherUpdate[/kelpie/imu] -> http://localhost:37853/ ['http://localhost:39009/']
[rosmaster.master][INFO] 2025-08-13 17:37:41,282: publisherUpdate[/kelpie/imu] -> http://localhost:37853/ ['http://localhost:39009/']: sec=0.01, result=[1, '', 0]
[rosmaster.master][INFO] 2025-08-13 17:37:41,292: +PUB [/rosout] /hardware http://localhost:39009/
[rosmaster.master][INFO] 2025-08-13 17:37:41,295: +PUB [/rosout] /rosbridge_websocket http://localhost:36871/
[rosmaster.master][INFO] 2025-08-13 17:37:41,301: +SERVICE [/hardware/get_loggers] /hardware http://localhost:39009/
[rosmaster.master][INFO] 2025-08-13 17:37:41,304: +SERVICE [/hardware/set_logger_level] /hardware http://localhost:39009/
[rosmaster.master][INFO] 2025-08-13 17:37:41,305: +SERVICE [/rosbridge_websocket/get_loggers] /rosbridge_websocket http://localhost:36871/
[rosmaster.master][INFO] 2025-08-13 17:37:41,308: +SERVICE [/rosbridge_websocket/set_logger_level] /rosbridge_websocket http://localhost:36871/
[rosmaster.master][INFO] 2025-08-13 17:37:41,337: publisherUpdate[/rosout] -> http://localhost:45281/ ['http://localhost:36265/', 'http://localhost:37009/', 'http://localhost:37853/', 'http://localhost:39009/']
[rosmaster.master][INFO] 2025-08-13 17:37:41,341: publisherUpdate[/rosout] -> http://localhost:45281/ ['http://localhost:36265/', 'http://localhost:37009/', 'http://localhost:37853/', 'http://localhost:39009/']: sec=0.00, result=[1, '', 0]
[rosmaster.master][INFO] 2025-08-13 17:37:41,342: publisherUpdate[/rosout] -> http://localhost:45281/ ['http://localhost:36265/', 'http://localhost:37009/', 'http://localhost:37853/', 'http://localhost:39009/', 'http://localhost:36871/']
[rosmaster.master][INFO] 2025-08-13 17:37:41,346: publisherUpdate[/rosout] -> http://localhost:45281/ ['http://localhost:36265/', 'http://localhost:37009/', 'http://localhost:37853/', 'http://localhost:39009/', 'http://localhost:36871/']: sec=0.00, result=[1, '', 0]
[rosmaster.master][INFO] 2025-08-13 17:37:41,350: +PUB [/client_count] /rosbridge_websocket http://localhost:36871/
[rosmaster.master][INFO] 2025-08-13 17:37:41,353: +PUB [/connected_clients] /rosbridge_websocket http://localhost:36871/
[rosmaster.master][INFO] 2025-08-13 17:37:41,362: +PARAM [/rosbridge_websocket/actual_port] by /rosbridge_websocket
[rosmaster.master][INFO] 2025-08-13 17:37:41,369: +CACHEDPARAM [/rosout_disable_topics_generation] by /rosbridge_websocket
[rosmaster.master][INFO] 2025-08-13 17:37:41,372: +SUB [/kelpie/leg_control/joint_states] /hardware http://localhost:39009/
[rosmaster.master][INFO] 2025-08-13 17:37:41,379: +SUB [/joy] /hardware http://localhost:39009/
[rosmaster.master][INFO] 2025-08-13 17:37:41,382: +PUB [/kelpie/command_input] /hardware http://localhost:39009/
[rosmaster.master][INFO] 2025-08-13 17:37:41,383: publisherUpdate[/kelpie/command_input] -> http://localhost:37853/ ['http://localhost:39009/']
[rosmaster.master][INFO] 2025-08-13 17:37:41,393: publisherUpdate[/kelpie/command_input] -> http://localhost:37853/ ['http://localhost:39009/']: sec=0.01, result=[1, '', 0]
[rosmaster.master][INFO] 2025-08-13 17:38:23,993: +CACHEDPARAM [/rosout_disable_topics_generation] by /rosbridge_websocket
[rosmaster.master][INFO] 2025-08-13 17:38:24,846: +SUB [/kelpie/leg_control/joint_states] /rosbridge_websocket http://localhost:36871/
[rosmaster.master][INFO] 2025-08-13 17:38:24,850: +CACHEDPARAM [/rosout_disable_topics_generation] by /rosbridge_websocket
[rosmaster.master][INFO] 2025-08-13 17:38:24,862: +SUB [/kelpie/leg_control/currents] /rosbridge_websocket http://localhost:36871/
[rosmaster.master][INFO] 2025-08-13 17:38:24,866: +CACHEDPARAM [/rosout_disable_topics_generation] by /rosbridge_websocket
[rosmaster.master][INFO] 2025-08-13 17:38:24,883: +SUB [/kelpie/battery/voltage] /rosbridge_websocket http://localhost:36871/
[rosmaster.master][INFO] 2025-08-13 17:38:24,888: +CACHEDPARAM [/rosout_disable_topics_generation] by /rosbridge_websocket
[rosmaster.master][INFO] 2025-08-13 17:38:24,903: +SUB [/kelpie/imu] /rosbridge_websocket http://localhost:36871/
[rosmaster.master][INFO] 2025-08-13 17:38:24,906: +CACHEDPARAM [/rosout_disable_topics_generation] by /rosbridge_websocket
[rosmaster.master][INFO] 2025-08-13 17:38:37,188: +CACHEDPARAM [/rosout_disable_topics_generation] by /rosbridge_websocket
[rosmaster.master][INFO] 2025-08-13 17:38:37,194: -SUB [/kelpie/leg_control/joint_states] /rosbridge_websocket http://localhost:36871/
[rosmaster.master][INFO] 2025-08-13 17:38:37,198: -SUB [/kelpie/leg_control/currents] /rosbridge_websocket http://localhost:36871/
[rosmaster.master][INFO] 2025-08-13 17:38:37,202: -SUB [/kelpie/battery/voltage] /rosbridge_websocket http://localhost:36871/
[rosmaster.master][INFO] 2025-08-13 17:38:37,206: -SUB [/kelpie/imu] /rosbridge_websocket http://localhost:36871/
[rosmaster.master][INFO] 2025-08-13 17:38:37,237: +CACHEDPARAM [/rosout_disable_topics_generation] by /rosbridge_websocket
[rosmaster.master][INFO] 2025-08-13 17:38:38,911: +PUB [/kelpie/command_input] /rosbridge_websocket http://localhost:36871/
[rosmaster.master][INFO] 2025-08-13 17:38:38,922: publisherUpdate[/kelpie/command_input] -> http://localhost:37853/ ['http://localhost:39009/', 'http://localhost:36871/']
[rosmaster.master][INFO] 2025-08-13 17:38:38,987: publisherUpdate[/kelpie/command_input] -> http://localhost:37853/ ['http://localhost:39009/', 'http://localhost:36871/']: sec=0.06, result=[1, '', 0]
[rosmaster.master][INFO] 2025-08-13 17:38:43,839: +CACHEDPARAM [/rosout_disable_topics_generation] by /rosbridge_websocket
[rosmaster.master][INFO] 2025-08-13 17:38:44,018: +CACHEDPARAM [/rosout_disable_topics_generation] by /rosbridge_websocket
[rosmaster.master][INFO] 2025-08-13 17:38:51,826: +CACHEDPARAM [/rosout_disable_topics_generation] by /rosbridge_websocket
[rosmaster.master][INFO] 2025-08-13 17:38:51,861: +CACHEDPARAM [/rosout_disable_topics_generation] by /rosbridge_websocket
[rosmaster.master][INFO] 2025-08-13 17:38:51,945: +SUB [/raspicam_node/image/compressed] /rosbridge_websocket http://localhost:36871/
[rosmaster.master][INFO] 2025-08-13 17:38:51,949: +CACHEDPARAM [/rosout_disable_topics_generation] by /rosbridge_websocket
[rosmaster.master][INFO] 2025-08-13 17:38:53,845: -PUB [/kelpie/command_input] /rosbridge_websocket http://localhost:36871/
[rosmaster.master][INFO] 2025-08-13 17:38:53,856: publisherUpdate[/kelpie/command_input] -> http://localhost:37853/ ['http://localhost:39009/']
[rosmaster.master][INFO] 2025-08-13 17:38:53,897: publisherUpdate[/kelpie/command_input] -> http://localhost:37853/ ['http://localhost:39009/']: sec=0.04, result=[1, '', 0]
[rosmaster.master][INFO] 2025-08-13 17:38:55,308: +CACHEDPARAM [/rosout_disable_topics_generation] by /rosbridge_websocket
[rosmaster.master][INFO] 2025-08-13 17:38:55,312: -SUB [/raspicam_node/image/compressed] /rosbridge_websocket http://localhost:36871/
[rosmaster.master][INFO] 2025-08-13 17:38:55,337: +CACHEDPARAM [/rosout_disable_topics_generation] by /rosbridge_websocket
[rosmaster.master][INFO] 2025-08-13 17:38:55,359: +SUB [/kelpie/leg_control/joint_states] /rosbridge_websocket http://localhost:36871/
[rosmaster.master][INFO] 2025-08-13 17:38:55,363: +CACHEDPARAM [/rosout_disable_topics_generation] by /rosbridge_websocket
[rosmaster.master][INFO] 2025-08-13 17:38:55,373: +SUB [/kelpie/leg_control/currents] /rosbridge_websocket http://localhost:36871/
[rosmaster.master][INFO] 2025-08-13 17:38:55,377: +CACHEDPARAM [/rosout_disable_topics_generation] by /rosbridge_websocket
[rosmaster.master][INFO] 2025-08-13 17:38:55,392: +SUB [/kelpie/battery/voltage] /rosbridge_websocket http://localhost:36871/
[rosmaster.master][INFO] 2025-08-13 17:38:55,397: +CACHEDPARAM [/rosout_disable_topics_generation] by /rosbridge_websocket
[rosmaster.master][INFO] 2025-08-13 17:38:55,417: +SUB [/kelpie/imu] /rosbridge_websocket http://localhost:36871/
[rosmaster.master][INFO] 2025-08-13 17:38:55,422: +CACHEDPARAM [/rosout_disable_topics_generation] by /rosbridge_websocket
[rosmaster.master][INFO] 2025-08-13 17:41:47,937: -SUB [/kelpie/leg_control/joint_states] /hardware http://localhost:39009/
[rosmaster.master][INFO] 2025-08-13 17:41:47,943: -PUB [/rosout] /rosapi http://localhost:37009/
[rosmaster.master][INFO] 2025-08-13 17:41:47,944: -SUB [/kelpie/leg_control/joint_states] /rosbridge_websocket http://localhost:36871/
[rosmaster.master][INFO] 2025-08-13 17:41:47,944: -SUB [/joy] /hardware http://localhost:39009/
[rosmaster.master][INFO] 2025-08-13 17:41:47,944: -SERVICE [/rosapi/get_loggers] /rosapi rosrpc://localhost:33133
[rosmaster.master][INFO] 2025-08-13 17:41:47,944: -SUB [/kelpie/leg_control/currents] /rosbridge_websocket http://localhost:36871/
[rosmaster.master][INFO] 2025-08-13 17:41:47,945: -PUB [/kelpie/leg_control/currents] /hardware http://localhost:39009/
[rosmaster.master][INFO] 2025-08-13 17:41:47,945: -SERVICE [/rosapi/set_logger_level] /rosapi rosrpc://localhost:33133
[rosmaster.master][INFO] 2025-08-13 17:41:47,945: -SUB [/kelpie/battery/voltage] /rosbridge_websocket http://localhost:36871/
[rosmaster.master][INFO] 2025-08-13 17:41:47,945: -PUB [/kelpie/battery/voltage] /hardware http://localhost:39009/
[rosmaster.master][INFO] 2025-08-13 17:41:47,945: -SERVICE [/rosapi/topics] /rosapi rosrpc://localhost:33133
[rosmaster.master][INFO] 2025-08-13 17:41:47,946: -SUB [/kelpie/imu] /rosbridge_websocket http://localhost:36871/
[rosmaster.master][INFO] 2025-08-13 17:41:47,946: -PUB [/kelpie/imu] /hardware http://localhost:39009/
[rosmaster.master][INFO] 2025-08-13 17:41:47,946: -SERVICE [/rosapi/topics_for_type] /rosapi rosrpc://localhost:33133
[rosmaster.master][INFO] 2025-08-13 17:41:47,946: -PUB [/rosout] /rosbridge_websocket http://localhost:36871/
[rosmaster.master][INFO] 2025-08-13 17:41:47,947: -PUB [/rosout] /hardware http://localhost:39009/
[rosmaster.master][INFO] 2025-08-13 17:41:47,947: -SERVICE [/rosapi/services] /rosapi rosrpc://localhost:33133
[rosmaster.master][INFO] 2025-08-13 17:41:47,947: -PUB [/client_count] /rosbridge_websocket http://localhost:36871/
[rosmaster.master][INFO] 2025-08-13 17:41:47,947: -PUB [/kelpie/command_input] /hardware http://localhost:39009/
[rosmaster.master][INFO] 2025-08-13 17:41:47,948: -SERVICE [/rosapi/services_for_type] /rosapi rosrpc://localhost:33133
[rosmaster.master][INFO] 2025-08-13 17:41:47,948: -PUB [/connected_clients] /rosbridge_websocket http://localhost:36871/
[rosmaster.master][INFO] 2025-08-13 17:41:47,948: -SERVICE [/hardware/get_loggers] /hardware rosrpc://localhost:37241
[rosmaster.master][INFO] 2025-08-13 17:41:47,948: -SERVICE [/rosapi/nodes] /rosapi rosrpc://localhost:33133
[rosmaster.master][INFO] 2025-08-13 17:41:47,948: -SERVICE [/rosbridge_websocket/get_loggers] /rosbridge_websocket rosrpc://localhost:38765
[rosmaster.master][INFO] 2025-08-13 17:41:47,949: -SERVICE [/hardware/set_logger_level] /hardware rosrpc://localhost:37241
[rosmaster.master][INFO] 2025-08-13 17:41:47,950: -SERVICE [/rosapi/node_details] /rosapi rosrpc://localhost:33133
[rosmaster.master][INFO] 2025-08-13 17:41:47,950: -SERVICE [/rosbridge_websocket/set_logger_level] /rosbridge_websocket rosrpc://localhost:38765
[rosmaster.master][INFO] 2025-08-13 17:41:47,952: -SERVICE [/rosapi/action_servers] /rosapi rosrpc://localhost:33133
[rosmaster.master][INFO] 2025-08-13 17:41:47,952: -SERVICE [/rosapi/topic_type] /rosapi rosrpc://localhost:33133
[rosmaster.master][INFO] 2025-08-13 17:41:47,953: -SERVICE [/rosapi/service_type] /rosapi rosrpc://localhost:33133
[rosmaster.master][INFO] 2025-08-13 17:41:47,954: -SERVICE [/rosapi/publishers] /rosapi rosrpc://localhost:33133
[rosmaster.master][INFO] 2025-08-13 17:41:47,954: -SERVICE [/rosapi/subscribers] /rosapi rosrpc://localhost:33133
[rosmaster.master][INFO] 2025-08-13 17:41:47,955: -SERVICE [/rosapi/service_providers] /rosapi rosrpc://localhost:33133
[rosmaster.master][INFO] 2025-08-13 17:41:47,955: -SERVICE [/rosapi/service_node] /rosapi rosrpc://localhost:33133
[rosmaster.master][INFO] 2025-08-13 17:41:47,956: -SERVICE [/rosapi/service_host] /rosapi rosrpc://localhost:33133
[rosmaster.master][INFO] 2025-08-13 17:41:47,957: -SERVICE [/rosapi/message_details] /rosapi rosrpc://localhost:33133
[rosmaster.master][INFO] 2025-08-13 17:41:47,957: -SERVICE [/rosapi/service_request_details] /rosapi rosrpc://localhost:33133
[rosmaster.master][INFO] 2025-08-13 17:41:47,958: -SERVICE [/rosapi/service_response_details] /rosapi rosrpc://localhost:33133
[rosmaster.master][INFO] 2025-08-13 17:41:47,958: -SERVICE [/rosapi/set_param] /rosapi rosrpc://localhost:33133
[rosmaster.master][INFO] 2025-08-13 17:41:47,959: -SERVICE [/rosapi/get_param] /rosapi rosrpc://localhost:33133
[rosmaster.master][INFO] 2025-08-13 17:41:47,959: -SERVICE [/rosapi/has_param] /rosapi rosrpc://localhost:33133
[rosmaster.master][INFO] 2025-08-13 17:41:47,960: -SERVICE [/rosapi/search_param] /rosapi rosrpc://localhost:33133
[rosmaster.master][INFO] 2025-08-13 17:41:47,960: -SERVICE [/rosapi/delete_param] /rosapi rosrpc://localhost:33133
[rosmaster.master][INFO] 2025-08-13 17:41:47,961: -SERVICE [/rosapi/get_param_names] /rosapi rosrpc://localhost:33133
[rosmaster.master][INFO] 2025-08-13 17:41:47,961: -SERVICE [/rosapi/get_time] /rosapi rosrpc://localhost:33133
[rosmaster.master][INFO] 2025-08-13 17:41:47,962: -SERVICE [/rosapi/topics_and_raw_types] /rosapi rosrpc://localhost:33133
[rosmaster.master][INFO] 2025-08-13 17:41:47,976: publisherUpdate[/rosout] -> http://localhost:45281/ ['http://localhost:36265/', 'http://localhost:37853/', 'http://localhost:39009/', 'http://localhost:36871/']
[rosmaster.master][INFO] 2025-08-13 17:41:47,977: publisherUpdate[/kelpie/leg_control/currents] -> http://localhost:37853/ []
[rosmaster.master][INFO] 2025-08-13 17:41:47,979: publisherUpdate[/rosout] -> http://localhost:45281/ ['http://localhost:36265/', 'http://localhost:37853/', 'http://localhost:39009/', 'http://localhost:36871/']: sec=0.00, result=[1, '', 0]
[rosmaster.master][INFO] 2025-08-13 17:41:47,979: publisherUpdate[/rosout] -> http://localhost:45281/ ['http://localhost:36265/', 'http://localhost:37853/', 'http://localhost:39009/']
[rosmaster.master][INFO] 2025-08-13 17:41:47,981: publisherUpdate[/rosout] -> http://localhost:45281/ ['http://localhost:36265/', 'http://localhost:37853/', 'http://localhost:39009/']: sec=0.00, result=[1, '', 0]
[rosmaster.master][INFO] 2025-08-13 17:41:47,982: publisherUpdate[/rosout] -> http://localhost:45281/ ['http://localhost:36265/', 'http://localhost:37853/']
[rosmaster.master][INFO] 2025-08-13 17:41:47,984: publisherUpdate[/kelpie/leg_control/currents] -> http://localhost:37853/ []: sec=0.01, result=[1, '', 0]
[rosmaster.master][INFO] 2025-08-13 17:41:47,984: publisherUpdate[/kelpie/battery/voltage] -> http://localhost:37853/ []
[rosmaster.master][INFO] 2025-08-13 17:41:47,986: publisherUpdate[/rosout] -> http://localhost:45281/ ['http://localhost:36265/', 'http://localhost:37853/']: sec=0.00, result=[1, '', 0]
[rosmaster.master][INFO] 2025-08-13 17:41:47,989: publisherUpdate[/kelpie/battery/voltage] -> http://localhost:37853/ []: sec=0.00, result=[1, '', 0]
[rosmaster.master][INFO] 2025-08-13 17:41:47,990: publisherUpdate[/kelpie/imu] -> http://localhost:37853/ []
[rosmaster.master][INFO] 2025-08-13 17:41:47,993: publisherUpdate[/kelpie/imu] -> http://localhost:37853/ []: sec=0.00, result=[1, '', 0]
[rosmaster.master][INFO] 2025-08-13 17:41:47,993: publisherUpdate[/kelpie/command_input] -> http://localhost:37853/ []
[rosmaster.master][INFO] 2025-08-13 17:41:47,996: publisherUpdate[/kelpie/command_input] -> http://localhost:37853/ []: sec=0.00, result=[1, '', 0]
[rosmaster.master][INFO] 2025-08-13 17:41:48,040: -PUB [/rosout] /JOYSTICK http://localhost:36265/
[rosmaster.master][INFO] 2025-08-13 17:41:48,041: -PUB [/diagnostics] /JOYSTICK http://localhost:36265/
[rosmaster.master][INFO] 2025-08-13 17:41:48,043: -PUB [/joy] /JOYSTICK http://localhost:36265/
[rosmaster.master][INFO] 2025-08-13 17:41:48,044: -SUB [/joy/set_feedback] /JOYSTICK http://localhost:36265/
[rosmaster.master][INFO] 2025-08-13 17:41:48,045: -SERVICE [/JOYSTICK/get_loggers] /JOYSTICK rosrpc://localhost:50959
[rosmaster.master][INFO] 2025-08-13 17:41:48,047: -SERVICE [/JOYSTICK/set_logger_level] /JOYSTICK rosrpc://localhost:50959
[rosmaster.master][INFO] 2025-08-13 17:41:48,048: -CACHEDPARAM [/JOYSTICK/diagnostic_period] by /JOYSTICK
[rosmaster.master][INFO] 2025-08-13 17:41:48,050: -CACHEDPARAM [/rosout_disable_topics_generation] by /JOYSTICK
[rosmaster.master][INFO] 2025-08-13 17:41:48,077: publisherUpdate[/rosout] -> http://localhost:45281/ ['http://localhost:37853/']
[rosmaster.master][INFO] 2025-08-13 17:41:48,079: publisherUpdate[/rosout] -> http://localhost:45281/ ['http://localhost:37853/']: sec=0.00, result=[1, '', 0]
[rosmaster.master][INFO] 2025-08-13 17:41:48,550: +CACHEDPARAM [/rosout_disable_topics_generation] by /rosbridge_websocket
[rosmaster.master][INFO] 2025-08-13 17:42:02,963: -SUB [/kelpie/imu] /kelpie http://localhost:37853/
[rosmaster.master][INFO] 2025-08-13 17:42:02,964: -SUB [/kelpie/leg_control/currents] /kelpie http://localhost:37853/
[rosmaster.master][INFO] 2025-08-13 17:42:02,964: -SUB [/kelpie/battery/voltage] /kelpie http://localhost:37853/
[rosmaster.master][INFO] 2025-08-13 17:42:02,964: -SUB [/kelpie/command_input] /kelpie http://localhost:37853/
[rosmaster.master][INFO] 2025-08-13 17:42:02,964: -PUB [/rosout] /kelpie http://localhost:37853/
[rosmaster.master][INFO] 2025-08-13 17:42:02,964: -PUB [/kelpie/leg_control/joint_states] /kelpie http://localhost:37853/
[rosmaster.master][INFO] 2025-08-13 17:42:02,965: -SERVICE [/kelpie/get_loggers] /kelpie rosrpc://localhost:35891
[rosmaster.master][INFO] 2025-08-13 17:42:02,965: -SERVICE [/kelpie/set_logger_level] /kelpie rosrpc://localhost:35891
[rosmaster.master][INFO] 2025-08-13 17:42:03,001: publisherUpdate[/rosout] -> http://localhost:45281/ []
[rosmaster.master][INFO] 2025-08-13 17:42:03,003: publisherUpdate[/rosout] -> http://localhost:45281/ []: sec=0.00, result=[1, '', 0]
[rosmaster.master][INFO] 2025-08-13 17:42:05,006: -PUB [/rosout_agg] /rosout http://localhost:45281/
[rosmaster.master][INFO] 2025-08-13 17:42:05,007: -SUB [/rosout] /rosout http://localhost:45281/
[rosmaster.master][INFO] 2025-08-13 17:42:05,009: -SERVICE [/rosout/get_loggers] /rosout rosrpc://localhost:35901
[rosmaster.master][INFO] 2025-08-13 17:42:05,010: -SERVICE [/rosout/set_logger_level] /rosout rosrpc://localhost:35901
[rosmaster.master][INFO] 2025-08-13 17:42:05,012: -CACHEDPARAM [/rosout/omit_topics] by /rosout
[rosmaster.main][INFO] 2025-08-13 17:42:05,074: keyboard interrupt, will exit
[rosmaster.main][INFO] 2025-08-13 17:42:05,075: stopping master...
[rospy.core][INFO] 2025-08-13 17:42:05,075: signal_shutdown [atexit]
