[rospy.client][INFO] 2025-08-11 15:05:48,446: init_node, name[/hardware], pid[2087]
[xmlrpc][INFO] 2025-08-11 15:05:48,447: XML-RPC server binding to 127.0.0.1:0
[xmlrpc][INFO] 2025-08-11 15:05:48,448: Started XML-RPC server [http://localhost:46123/]
[rospy.impl.masterslave][INFO] 2025-08-11 15:05:48,449: _ready: http://localhost:46123/
[rospy.init][INFO] 2025-08-11 15:05:48,448: ROS Slave URI: [http://localhost:46123/]
[rospy.registration][INFO] 2025-08-11 15:05:48,451: Registering with master node http://localhost:11311
[xmlrpc][INFO] 2025-08-11 15:05:48,451: xml rpc node: starting XML-RPC server
[rospy.registration][INFO] 2025-08-11 15:05:48,452: Registering publisher topic [/kelpie/leg_control/currents] type [kelpie/joint_states] with master
[rospy.registration][INFO] 2025-08-11 15:05:48,465: Registering publisher topic [/kelpie/battery/voltage] type [kelpie/vec_3d_float32] with master
[rospy.registration][INFO] 2025-08-11 15:05:48,468: Registering publisher topic [/kelpie/imu] type [kelpie/imu] with master
[rospy.init][INFO] 2025-08-11 15:05:48,551: registered with master
[rospy.rosout][INFO] 2025-08-11 15:05:48,552: initializing /rosout core topic
[rospy.rosout][INFO] 2025-08-11 15:05:48,556: connected to core topic /rosout
[rospy.simtime][INFO] 2025-08-11 15:05:48,559: /use_sim_time is not set, will not subscribe to simulated time [/clock] topic
[rospy.internal][INFO] 2025-08-11 15:05:48,686: topic[/kelpie/leg_control/joint_states] adding connection to [http://localhost:41973/], count 0
[rospy.internal][INFO] 2025-08-11 15:05:48,823: topic[/kelpie/battery/voltage] adding connection to [/kelpie], count 0
[rospy.internal][INFO] 2025-08-11 15:05:48,825: topic[/rosout] adding connection to [/rosout], count 0
[rospy.internal][INFO] 2025-08-11 15:05:48,866: topic[/kelpie/leg_control/currents] adding connection to [/kelpie], count 0
[rospy.internal][INFO] 2025-08-11 15:05:48,867: topic[/kelpie/imu] adding connection to [/kelpie], count 0
[rospy.internal][INFO] 2025-08-11 15:05:48,882: topic[/kelpie/command_input] adding connection to [/kelpie], count 0
[rospy.core][INFO] 2025-08-11 15:06:03,407: signal_shutdown [signal-2]
[rospy.internal][INFO] 2025-08-11 15:06:03,427: topic[/kelpie/leg_control/currents] removing connection to /kelpie
[rospy.internal][INFO] 2025-08-11 15:06:03,429: topic[/kelpie/battery/voltage] removing connection to /kelpie
[rospy.internal][INFO] 2025-08-11 15:06:03,430: topic[/kelpie/imu] removing connection to /kelpie
[rospy.internal][INFO] 2025-08-11 15:06:03,431: topic[/rosout] removing connection to /rosout
[rospy.internal][INFO] 2025-08-11 15:06:03,432: topic[/kelpie/command_input] removing connection to /kelpie
[rospy.internal][INFO] 2025-08-11 15:06:03,433: topic[/kelpie/leg_control/joint_states] removing connection to http://localhost:41973/
[rospy.impl.masterslave][INFO] 2025-08-11 15:06:03,436: signal-2
[rospy.core][INFO] 2025-08-11 15:06:18,438: signal_shutdown [signal-15]
