[rospy.client][INFO] 2025-08-11 15:05:47,805: init_node, name[/kelpie], pid[2084]
[xmlrpc][INFO] 2025-08-11 15:05:47,807: XML-RPC server binding to 127.0.0.1:0
[xmlrpc][INFO] 2025-08-11 15:05:47,808: Started XML-RPC server [http://localhost:41973/]
[rospy.init][INFO] 2025-08-11 15:05:47,809: ROS Slave URI: [http://localhost:41973/]
[rospy.impl.masterslave][INFO] 2025-08-11 15:05:47,809: _ready: http://localhost:41973/
[rospy.registration][INFO] 2025-08-11 15:05:47,812: Registering with master node http://localhost:11311
[xmlrpc][INFO] 2025-08-11 15:05:47,813: xml rpc node: starting XML-RPC server
[rospy.init][INFO] 2025-08-11 15:05:47,910: registered with master
[rospy.rosout][INFO] 2025-08-11 15:05:47,910: initializing /rosout core topic
[rospy.rosout][INFO] 2025-08-11 15:05:47,921: connected to core topic /rosout
[rospy.simtime][INFO] 2025-08-11 15:05:47,925: /use_sim_time is not set, will not subscribe to simulated time [/clock] topic
[rosout][INFO] 2025-08-11 15:05:47,963: Creating input listener...
[rosout][INFO] 2025-08-11 15:05:47,975: Input listener successfully initialised... Robot will now receive commands via Joy messages
[rosout][INFO] 2025-08-11 15:05:47,982: Summary of current gait parameters:
[rosout][INFO] 2025-08-11 15:05:47,987: overlap time: 0.04
[rosout][INFO] 2025-08-11 15:05:47,992: swing time: 0.07
[rosout][INFO] 2025-08-11 15:05:47,999: z clearance: 0.08
[rosout][INFO] 2025-08-11 15:05:48,007: back leg x shift: 0.00
[rosout][INFO] 2025-08-11 15:05:48,022: front leg x shift: 0.05
[rosout][INFO] 2025-08-11 15:05:48,026: Manual robot control active. Currently not accepting external commands
[rospy.internal][INFO] 2025-08-11 15:05:48,270: topic[/rosout] adding connection to [/rosout], count 0
[rospy.internal][INFO] 2025-08-11 15:05:48,626: topic[/kelpie/battery/voltage] adding connection to [http://localhost:46123/], count 0
[rospy.internal][INFO] 2025-08-11 15:05:48,633: topic[/kelpie/leg_control/currents] adding connection to [http://localhost:46123/], count 0
[rospy.internal][INFO] 2025-08-11 15:05:48,634: topic[/kelpie/imu] adding connection to [http://localhost:46123/], count 0
[rospy.internal][INFO] 2025-08-11 15:05:48,755: topic[/kelpie/leg_control/joint_states] adding connection to [/hardware], count 0
[rospy.internal][INFO] 2025-08-11 15:05:48,828: topic[/kelpie/command_input] adding connection to [http://localhost:46123/], count 0
[rospy.internal][INFO] 2025-08-11 15:06:03,431: topic[/kelpie/leg_control/currents] removing connection to http://localhost:46123/
[rospy.internal][INFO] 2025-08-11 15:06:03,432: topic[/kelpie/imu] removing connection to http://localhost:46123/
[rospy.internal][INFO] 2025-08-11 15:06:03,433: topic[/kelpie/battery/voltage] removing connection to http://localhost:46123/
[rospy.internal][INFO] 2025-08-11 15:06:03,434: topic[/kelpie/command_input] removing connection to http://localhost:46123/
[rospy.internal][INFO] 2025-08-11 15:06:03,574: topic[/kelpie/leg_control/joint_states] removing connection to /hardware
[rospy.core][INFO] 2025-08-11 15:06:18,438: signal_shutdown [signal-15]
[rospy.internal][INFO] 2025-08-11 15:06:18,446: topic[/rosout] removing connection to /rosout
[rospy.impl.masterslave][INFO] 2025-08-11 15:06:18,447: signal-15
