[rosmaster.main][INFO] 2025-08-11 15:05:46,087: initialization complete, waiting for shutdown
[rosmaster.main][INFO] 2025-08-11 15:05:46,088: Starting ROS Master Node
[xmlrpc][INFO] 2025-08-11 15:05:46,089: XML-RPC server binding to 127.0.0.1:11311
[xmlrpc][INFO] 2025-08-11 15:05:46,090: Started XML-RPC server [http://localhost:11311/]
[rosmaster.master][INFO] 2025-08-11 15:05:46,090: Master initialized: port[11311], uri[http://localhost:11311/]
[xmlrpc][INFO] 2025-08-11 15:05:46,091: xml rpc node: starting XML-RPC server
[rosmaster.master][INFO] 2025-08-11 15:05:46,109: +PARAM [/run_id] by /roslaunch
[rosmaster.master][INFO] 2025-08-11 15:05:46,113: +PARAM [/roslaunch/uris/host_localhost__33591] by /roslaunch
[rosmaster.master][INFO] 2025-08-11 15:05:46,249: +PARAM [/rosversion] by /roslaunch
[rosmaster.master][INFO] 2025-08-11 15:05:46,249: +PARAM [/rosdistro] by /roslaunch
[rosmaster.master][INFO] 2025-08-11 15:05:46,250: +PARAM [/rosbridge_websocket/authenticate] by /roslaunch
[rosmaster.master][INFO] 2025-08-11 15:05:46,250: +PARAM [/rosbridge_websocket/port] by /roslaunch
[rosmaster.master][INFO] 2025-08-11 15:05:46,250: +PARAM [/rosbridge_websocket/address] by /roslaunch
[rosmaster.master][INFO] 2025-08-11 15:05:46,250: +PARAM [/rosbridge_websocket/retry_startup_delay] by /roslaunch
[rosmaster.master][INFO] 2025-08-11 15:05:46,251: +PARAM [/rosbridge_websocket/fragment_timeout] by /roslaunch
[rosmaster.master][INFO] 2025-08-11 15:05:46,251: +PARAM [/rosbridge_websocket/delay_between_messages] by /roslaunch
[rosmaster.master][INFO] 2025-08-11 15:05:46,251: +PARAM [/rosbridge_websocket/max_message_size] by /roslaunch
[rosmaster.master][INFO] 2025-08-11 15:05:46,251: +PARAM [/rosbridge_websocket/unregister_timeout] by /roslaunch
[rosmaster.master][INFO] 2025-08-11 15:05:46,252: +PARAM [/rosbridge_websocket/use_compression] by /roslaunch
[rosmaster.master][INFO] 2025-08-11 15:05:46,252: +PARAM [/rosbridge_websocket/websocket_ping_interval] by /roslaunch
[rosmaster.master][INFO] 2025-08-11 15:05:46,252: +PARAM [/rosbridge_websocket/websocket_ping_timeout] by /roslaunch
[rosmaster.master][INFO] 2025-08-11 15:05:46,252: +PARAM [/rosbridge_websocket/websocket_external_port] by /roslaunch
[rosmaster.master][INFO] 2025-08-11 15:05:46,252: +PARAM [/rosbridge_websocket/topics_glob] by /roslaunch
[rosmaster.master][INFO] 2025-08-11 15:05:46,253: +PARAM [/rosbridge_websocket/services_glob] by /roslaunch
[rosmaster.master][INFO] 2025-08-11 15:05:46,253: +PARAM [/rosbridge_websocket/params_glob] by /roslaunch
[rosmaster.master][INFO] 2025-08-11 15:05:46,253: +PARAM [/rosbridge_websocket/bson_only_mode] by /roslaunch
[rosmaster.master][INFO] 2025-08-11 15:05:46,253: +PARAM [/rosapi/topics_glob] by /roslaunch
[rosmaster.master][INFO] 2025-08-11 15:05:46,254: +PARAM [/rosapi/services_glob] by /roslaunch
[rosmaster.master][INFO] 2025-08-11 15:05:46,255: +PARAM [/rosapi/params_glob] by /roslaunch
[rosmaster.master][INFO] 2025-08-11 15:05:46,259: +SERVICE [/rosout/get_loggers] /rosout http://localhost:34627/
[rosmaster.master][INFO] 2025-08-11 15:05:46,262: +SERVICE [/rosout/set_logger_level] /rosout http://localhost:34627/
[rosmaster.master][INFO] 2025-08-11 15:05:46,268: +PUB [/rosout_agg] /rosout http://localhost:34627/
[rosmaster.master][INFO] 2025-08-11 15:05:46,280: +SUB [/rosout] /rosout http://localhost:34627/
[rosmaster.master][INFO] 2025-08-11 15:05:47,919: +PUB [/rosout] /kelpie http://localhost:41973/
[rosmaster.master][INFO] 2025-08-11 15:05:47,927: +PUB [/rosout] /rosapi http://localhost:45965/
[rosmaster.master][INFO] 2025-08-11 15:05:47,929: +SERVICE [/kelpie/get_loggers] /kelpie http://localhost:41973/
[rosmaster.master][INFO] 2025-08-11 15:05:47,933: +SERVICE [/kelpie/set_logger_level] /kelpie http://localhost:41973/
[rosmaster.master][INFO] 2025-08-11 15:05:47,937: +SERVICE [/rosapi/get_loggers] /rosapi http://localhost:45965/
[rosmaster.master][INFO] 2025-08-11 15:05:47,940: +SUB [/kelpie/imu] /kelpie http://localhost:41973/
[rosmaster.master][INFO] 2025-08-11 15:05:47,942: +SERVICE [/rosapi/set_logger_level] /rosapi http://localhost:45965/
[rosmaster.master][INFO] 2025-08-11 15:05:47,948: +SUB [/kelpie/leg_control/currents] /kelpie http://localhost:41973/
[rosmaster.master][INFO] 2025-08-11 15:05:47,954: +SERVICE [/rosapi/topics] /rosapi http://localhost:45965/
[rosmaster.master][INFO] 2025-08-11 15:05:47,955: +SUB [/kelpie/battery/voltage] /kelpie http://localhost:41973/
[rosmaster.master][INFO] 2025-08-11 15:05:47,958: +SERVICE [/rosapi/topics_for_type] /rosapi http://localhost:45965/
[rosmaster.master][INFO] 2025-08-11 15:05:47,959: +PUB [/kelpie/leg_control/joint_states] /kelpie http://localhost:41973/
[rosmaster.master][INFO] 2025-08-11 15:05:47,962: +SERVICE [/rosapi/services] /rosapi http://localhost:45965/
[rosmaster.master][INFO] 2025-08-11 15:05:47,964: +CACHEDPARAM [/rosout_disable_topics_generation] by /kelpie
[rosmaster.master][INFO] 2025-08-11 15:05:47,966: +SERVICE [/rosapi/services_for_type] /rosapi http://localhost:45965/
[rosmaster.master][INFO] 2025-08-11 15:05:47,969: +SERVICE [/rosapi/nodes] /rosapi http://localhost:45965/
[rosmaster.master][INFO] 2025-08-11 15:05:47,973: +SUB [/kelpie/command_input] /kelpie http://localhost:41973/
[rosmaster.master][INFO] 2025-08-11 15:05:47,974: +SERVICE [/rosapi/node_details] /rosapi http://localhost:45965/
[rosmaster.master][INFO] 2025-08-11 15:05:47,978: +CACHEDPARAM [/rosout_disable_topics_generation] by /kelpie
[rosmaster.master][INFO] 2025-08-11 15:05:47,980: +SERVICE [/rosapi/action_servers] /rosapi http://localhost:45965/
[rosmaster.master][INFO] 2025-08-11 15:05:47,984: +SERVICE [/rosapi/topic_type] /rosapi http://localhost:45965/
[rosmaster.master][INFO] 2025-08-11 15:05:47,985: +CACHEDPARAM [/rosout_disable_topics_generation] by /kelpie
[rosmaster.master][INFO] 2025-08-11 15:05:47,988: +SERVICE [/rosapi/service_type] /rosapi http://localhost:45965/
[rosmaster.master][INFO] 2025-08-11 15:05:47,990: +CACHEDPARAM [/rosout_disable_topics_generation] by /kelpie
[rosmaster.master][INFO] 2025-08-11 15:05:47,991: +SERVICE [/rosapi/publishers] /rosapi http://localhost:45965/
[rosmaster.master][INFO] 2025-08-11 15:05:47,993: publisherUpdate[/rosout] -> http://localhost:34627/ ['http://localhost:41973/']
[rosmaster.master][INFO] 2025-08-11 15:05:47,994: +CACHEDPARAM [/rosout_disable_topics_generation] by /kelpie
[rosmaster.master][INFO] 2025-08-11 15:05:47,997: +SERVICE [/rosapi/subscribers] /rosapi http://localhost:45965/
[rosmaster.master][INFO] 2025-08-11 15:05:48,004: +SERVICE [/rosapi/service_providers] /rosapi http://localhost:45965/
[rosmaster.master][INFO] 2025-08-11 15:05:48,005: +CACHEDPARAM [/rosout_disable_topics_generation] by /kelpie
[rosmaster.master][INFO] 2025-08-11 15:05:48,007: +SERVICE [/rosapi/service_node] /rosapi http://localhost:45965/
[rosmaster.master][INFO] 2025-08-11 15:05:48,010: publisherUpdate[/rosout] -> http://localhost:34627/ ['http://localhost:41973/']: sec=0.02, result=[1, '', 0]
[rosmaster.master][INFO] 2025-08-11 15:05:48,011: publisherUpdate[/rosout] -> http://localhost:34627/ ['http://localhost:41973/', 'http://localhost:45965/']
[rosmaster.master][INFO] 2025-08-11 15:05:48,012: +SERVICE [/rosapi/service_host] /rosapi http://localhost:45965/
[rosmaster.master][INFO] 2025-08-11 15:05:48,019: +CACHEDPARAM [/rosout_disable_topics_generation] by /kelpie
[rosmaster.master][INFO] 2025-08-11 15:05:48,019: publisherUpdate[/rosout] -> http://localhost:34627/ ['http://localhost:41973/', 'http://localhost:45965/']: sec=0.01, result=[1, '', 0]
[rosmaster.master][INFO] 2025-08-11 15:05:48,021: +SERVICE [/rosapi/message_details] /rosapi http://localhost:45965/
[rosmaster.master][INFO] 2025-08-11 15:05:48,024: +CACHEDPARAM [/rosout_disable_topics_generation] by /kelpie
[rosmaster.master][INFO] 2025-08-11 15:05:48,025: +SERVICE [/rosapi/service_request_details] /rosapi http://localhost:45965/
[rosmaster.master][INFO] 2025-08-11 15:05:48,028: +CACHEDPARAM [/rosout_disable_topics_generation] by /kelpie
[rosmaster.master][INFO] 2025-08-11 15:05:48,029: +SERVICE [/rosapi/service_response_details] /rosapi http://localhost:45965/
[rosmaster.master][INFO] 2025-08-11 15:05:48,033: +SERVICE [/rosapi/set_param] /rosapi http://localhost:45965/
[rosmaster.master][INFO] 2025-08-11 15:05:48,036: +SERVICE [/rosapi/get_param] /rosapi http://localhost:45965/
[rosmaster.master][INFO] 2025-08-11 15:05:48,039: +SERVICE [/rosapi/has_param] /rosapi http://localhost:45965/
[rosmaster.master][INFO] 2025-08-11 15:05:48,042: +SERVICE [/rosapi/search_param] /rosapi http://localhost:45965/
[rosmaster.master][INFO] 2025-08-11 15:05:48,046: +SERVICE [/rosapi/delete_param] /rosapi http://localhost:45965/
[rosmaster.master][INFO] 2025-08-11 15:05:48,049: +SERVICE [/rosapi/get_param_names] /rosapi http://localhost:45965/
[rosmaster.master][INFO] 2025-08-11 15:05:48,052: +SERVICE [/rosapi/get_time] /rosapi http://localhost:45965/
[rosmaster.master][INFO] 2025-08-11 15:05:48,055: +SERVICE [/rosapi/topics_and_raw_types] /rosapi http://localhost:45965/
[rosmaster.master][INFO] 2025-08-11 15:05:48,059: +CACHEDPARAM [/rosout_disable_topics_generation] by /rosapi
[rosmaster.master][INFO] 2025-08-11 15:05:48,229: +CACHEDPARAM [/rosout/omit_topics] by /rosout
[rosmaster.master][INFO] 2025-08-11 15:05:48,464: +PUB [/kelpie/leg_control/currents] /hardware http://localhost:46123/
[rosmaster.master][INFO] 2025-08-11 15:05:48,467: +PUB [/kelpie/battery/voltage] /hardware http://localhost:46123/
[rosmaster.master][INFO] 2025-08-11 15:05:48,469: +PUB [/kelpie/imu] /hardware http://localhost:46123/
[rosmaster.master][INFO] 2025-08-11 15:05:48,495: publisherUpdate[/kelpie/leg_control/currents] -> http://localhost:41973/ ['http://localhost:46123/']
[rosmaster.master][INFO] 2025-08-11 15:05:48,525: publisherUpdate[/kelpie/leg_control/currents] -> http://localhost:41973/ ['http://localhost:46123/']: sec=0.03, result=[1, '', 0]
[rosmaster.master][INFO] 2025-08-11 15:05:48,526: publisherUpdate[/kelpie/battery/voltage] -> http://localhost:41973/ ['http://localhost:46123/']
[rosmaster.master][INFO] 2025-08-11 15:05:48,537: publisherUpdate[/kelpie/battery/voltage] -> http://localhost:41973/ ['http://localhost:46123/']: sec=0.01, result=[1, '', 0]
[rosmaster.master][INFO] 2025-08-11 15:05:48,537: publisherUpdate[/kelpie/imu] -> http://localhost:41973/ ['http://localhost:46123/']
[rosmaster.master][INFO] 2025-08-11 15:05:48,550: publisherUpdate[/kelpie/imu] -> http://localhost:41973/ ['http://localhost:46123/']: sec=0.01, result=[1, '', 0]
[rosmaster.master][INFO] 2025-08-11 15:05:48,554: +PUB [/rosout] /hardware http://localhost:46123/
[rosmaster.master][INFO] 2025-08-11 15:05:48,556: +PUB [/rosout] /rosbridge_websocket http://localhost:44633/
[rosmaster.master][INFO] 2025-08-11 15:05:48,562: +SERVICE [/hardware/get_loggers] /hardware http://localhost:46123/
[rosmaster.master][INFO] 2025-08-11 15:05:48,564: +SERVICE [/rosbridge_websocket/get_loggers] /rosbridge_websocket http://localhost:44633/
[rosmaster.master][INFO] 2025-08-11 15:05:48,566: +SERVICE [/hardware/set_logger_level] /hardware http://localhost:46123/
[rosmaster.master][INFO] 2025-08-11 15:05:48,568: +SERVICE [/rosbridge_websocket/set_logger_level] /rosbridge_websocket http://localhost:44633/
[rosmaster.master][INFO] 2025-08-11 15:05:48,597: publisherUpdate[/rosout] -> http://localhost:34627/ ['http://localhost:41973/', 'http://localhost:45965/', 'http://localhost:46123/']
[rosmaster.master][INFO] 2025-08-11 15:05:48,601: publisherUpdate[/rosout] -> http://localhost:34627/ ['http://localhost:41973/', 'http://localhost:45965/', 'http://localhost:46123/']: sec=0.00, result=[1, '', 0]
[rosmaster.master][INFO] 2025-08-11 15:05:48,602: publisherUpdate[/rosout] -> http://localhost:34627/ ['http://localhost:41973/', 'http://localhost:45965/', 'http://localhost:46123/', 'http://localhost:44633/']
[rosmaster.master][INFO] 2025-08-11 15:05:48,606: publisherUpdate[/rosout] -> http://localhost:34627/ ['http://localhost:41973/', 'http://localhost:45965/', 'http://localhost:46123/', 'http://localhost:44633/']: sec=0.00, result=[1, '', 0]
[rosmaster.master][INFO] 2025-08-11 15:05:48,611: +PUB [/client_count] /rosbridge_websocket http://localhost:44633/
[rosmaster.master][INFO] 2025-08-11 15:05:48,614: +PUB [/connected_clients] /rosbridge_websocket http://localhost:44633/
[rosmaster.master][INFO] 2025-08-11 15:05:48,623: +PARAM [/rosbridge_websocket/actual_port] by /rosbridge_websocket
[rosmaster.master][INFO] 2025-08-11 15:05:48,630: +CACHEDPARAM [/rosout_disable_topics_generation] by /rosbridge_websocket
[rosmaster.master][INFO] 2025-08-11 15:05:48,638: +SUB [/kelpie/leg_control/joint_states] /hardware http://localhost:46123/
[rosmaster.master][INFO] 2025-08-11 15:05:48,646: +SUB [/joy] /hardware http://localhost:46123/
[rosmaster.master][INFO] 2025-08-11 15:05:48,649: +PUB [/kelpie/command_input] /hardware http://localhost:46123/
[rosmaster.master][INFO] 2025-08-11 15:05:48,650: publisherUpdate[/kelpie/command_input] -> http://localhost:41973/ ['http://localhost:46123/']
[rosmaster.master][INFO] 2025-08-11 15:05:48,662: publisherUpdate[/kelpie/command_input] -> http://localhost:41973/ ['http://localhost:46123/']: sec=0.01, result=[1, '', 0]
[rosmaster.master][INFO] 2025-08-11 15:06:03,411: -SUB [/kelpie/leg_control/joint_states] /hardware http://localhost:46123/
[rosmaster.master][INFO] 2025-08-11 15:06:03,417: -PUB [/rosout] /rosapi http://localhost:45965/
[rosmaster.master][INFO] 2025-08-11 15:06:03,417: -PUB [/rosout] /rosbridge_websocket http://localhost:44633/
[rosmaster.master][INFO] 2025-08-11 15:06:03,417: -SUB [/joy] /hardware http://localhost:46123/
[rosmaster.master][INFO] 2025-08-11 15:06:03,417: -SERVICE [/rosapi/get_loggers] /rosapi rosrpc://localhost:38663
[rosmaster.master][INFO] 2025-08-11 15:06:03,418: -PUB [/client_count] /rosbridge_websocket http://localhost:44633/
[rosmaster.master][INFO] 2025-08-11 15:06:03,418: -PUB [/kelpie/leg_control/currents] /hardware http://localhost:46123/
[rosmaster.master][INFO] 2025-08-11 15:06:03,418: -SERVICE [/rosapi/set_logger_level] /rosapi rosrpc://localhost:38663
[rosmaster.master][INFO] 2025-08-11 15:06:03,418: -PUB [/connected_clients] /rosbridge_websocket http://localhost:44633/
[rosmaster.master][INFO] 2025-08-11 15:06:03,419: -PUB [/kelpie/battery/voltage] /hardware http://localhost:46123/
[rosmaster.master][INFO] 2025-08-11 15:06:03,419: -SERVICE [/rosapi/topics] /rosapi rosrpc://localhost:38663
[rosmaster.master][INFO] 2025-08-11 15:06:03,419: -SERVICE [/rosbridge_websocket/get_loggers] /rosbridge_websocket rosrpc://localhost:43587
[rosmaster.master][INFO] 2025-08-11 15:06:03,419: -PUB [/kelpie/imu] /hardware http://localhost:46123/
[rosmaster.master][INFO] 2025-08-11 15:06:03,419: -SERVICE [/rosapi/topics_for_type] /rosapi rosrpc://localhost:38663
[rosmaster.master][INFO] 2025-08-11 15:06:03,420: -SERVICE [/rosbridge_websocket/set_logger_level] /rosbridge_websocket rosrpc://localhost:43587
[rosmaster.master][INFO] 2025-08-11 15:06:03,420: -PUB [/rosout] /hardware http://localhost:46123/
[rosmaster.master][INFO] 2025-08-11 15:06:03,421: -SERVICE [/rosapi/services] /rosapi rosrpc://localhost:38663
[rosmaster.master][INFO] 2025-08-11 15:06:03,421: -PUB [/kelpie/command_input] /hardware http://localhost:46123/
[rosmaster.master][INFO] 2025-08-11 15:06:03,422: -SERVICE [/rosapi/services_for_type] /rosapi rosrpc://localhost:38663
[rosmaster.master][INFO] 2025-08-11 15:06:03,422: -SERVICE [/hardware/get_loggers] /hardware rosrpc://localhost:45305
[rosmaster.master][INFO] 2025-08-11 15:06:03,423: -SERVICE [/rosapi/nodes] /rosapi rosrpc://localhost:38663
[rosmaster.master][INFO] 2025-08-11 15:06:03,423: -SERVICE [/hardware/set_logger_level] /hardware rosrpc://localhost:45305
[rosmaster.master][INFO] 2025-08-11 15:06:03,424: -SERVICE [/rosapi/node_details] /rosapi rosrpc://localhost:38663
[rosmaster.master][INFO] 2025-08-11 15:06:03,425: -SERVICE [/rosapi/action_servers] /rosapi rosrpc://localhost:38663
[rosmaster.master][INFO] 2025-08-11 15:06:03,425: -SERVICE [/rosapi/topic_type] /rosapi rosrpc://localhost:38663
[rosmaster.master][INFO] 2025-08-11 15:06:03,426: -SERVICE [/rosapi/service_type] /rosapi rosrpc://localhost:38663
[rosmaster.master][INFO] 2025-08-11 15:06:03,426: -SERVICE [/rosapi/publishers] /rosapi rosrpc://localhost:38663
[rosmaster.master][INFO] 2025-08-11 15:06:03,427: -SERVICE [/rosapi/subscribers] /rosapi rosrpc://localhost:38663
[rosmaster.master][INFO] 2025-08-11 15:06:03,427: -SERVICE [/rosapi/service_providers] /rosapi rosrpc://localhost:38663
[rosmaster.master][INFO] 2025-08-11 15:06:03,427: -SERVICE [/rosapi/service_node] /rosapi rosrpc://localhost:38663
[rosmaster.master][INFO] 2025-08-11 15:06:03,428: publisherUpdate[/rosout] -> http://localhost:34627/ ['http://localhost:41973/', 'http://localhost:46123/', 'http://localhost:44633/']
[rosmaster.master][INFO] 2025-08-11 15:06:03,428: -SERVICE [/rosapi/service_host] /rosapi rosrpc://localhost:38663
[rosmaster.master][INFO] 2025-08-11 15:06:03,430: -SERVICE [/rosapi/message_details] /rosapi rosrpc://localhost:38663
[rosmaster.master][INFO] 2025-08-11 15:06:03,431: publisherUpdate[/rosout] -> http://localhost:34627/ ['http://localhost:41973/', 'http://localhost:46123/', 'http://localhost:44633/']: sec=0.00, result=[1, '', 0]
[rosmaster.master][INFO] 2025-08-11 15:06:03,433: publisherUpdate[/rosout] -> http://localhost:34627/ ['http://localhost:41973/', 'http://localhost:46123/']
[rosmaster.master][INFO] 2025-08-11 15:06:03,432: -SERVICE [/rosapi/service_request_details] /rosapi rosrpc://localhost:38663
[rosmaster.master][INFO] 2025-08-11 15:06:03,435: publisherUpdate[/rosout] -> http://localhost:34627/ ['http://localhost:41973/', 'http://localhost:46123/']: sec=0.00, result=[1, '', 0]
[rosmaster.master][INFO] 2025-08-11 15:06:03,436: -SERVICE [/rosapi/service_response_details] /rosapi rosrpc://localhost:38663
[rosmaster.master][INFO] 2025-08-11 15:06:03,436: publisherUpdate[/kelpie/leg_control/currents] -> http://localhost:41973/ []
[rosmaster.master][INFO] 2025-08-11 15:06:03,436: -SERVICE [/rosapi/set_param] /rosapi rosrpc://localhost:38663
[rosmaster.master][INFO] 2025-08-11 15:06:03,437: -SERVICE [/rosapi/get_param] /rosapi rosrpc://localhost:38663
[rosmaster.master][INFO] 2025-08-11 15:06:03,438: -SERVICE [/rosapi/has_param] /rosapi rosrpc://localhost:38663
[rosmaster.master][INFO] 2025-08-11 15:06:03,438: -SERVICE [/rosapi/search_param] /rosapi rosrpc://localhost:38663
[rosmaster.master][INFO] 2025-08-11 15:06:03,439: -SERVICE [/rosapi/delete_param] /rosapi rosrpc://localhost:38663
[rosmaster.master][INFO] 2025-08-11 15:06:03,439: -SERVICE [/rosapi/get_param_names] /rosapi rosrpc://localhost:38663
[rosmaster.master][INFO] 2025-08-11 15:06:03,439: -SERVICE [/rosapi/get_time] /rosapi rosrpc://localhost:38663
[rosmaster.master][INFO] 2025-08-11 15:06:03,440: -SERVICE [/rosapi/topics_and_raw_types] /rosapi rosrpc://localhost:38663
[rosmaster.master][INFO] 2025-08-11 15:06:03,443: publisherUpdate[/kelpie/leg_control/currents] -> http://localhost:41973/ []: sec=0.01, result=[1, '', 0]
[rosmaster.master][INFO] 2025-08-11 15:06:03,444: publisherUpdate[/rosout] -> http://localhost:34627/ ['http://localhost:41973/']
[rosmaster.master][INFO] 2025-08-11 15:06:03,444: publisherUpdate[/kelpie/battery/voltage] -> http://localhost:41973/ []
[rosmaster.master][INFO] 2025-08-11 15:06:03,446: publisherUpdate[/rosout] -> http://localhost:34627/ ['http://localhost:41973/']: sec=0.00, result=[1, '', 0]
[rosmaster.master][INFO] 2025-08-11 15:06:03,447: publisherUpdate[/kelpie/battery/voltage] -> http://localhost:41973/ []: sec=0.00, result=[1, '', 0]
[rosmaster.master][INFO] 2025-08-11 15:06:03,448: publisherUpdate[/kelpie/imu] -> http://localhost:41973/ []
[rosmaster.master][INFO] 2025-08-11 15:06:03,450: publisherUpdate[/kelpie/imu] -> http://localhost:41973/ []: sec=0.00, result=[1, '', 0]
[rosmaster.master][INFO] 2025-08-11 15:06:03,450: publisherUpdate[/kelpie/command_input] -> http://localhost:41973/ []
[rosmaster.master][INFO] 2025-08-11 15:06:03,453: publisherUpdate[/kelpie/command_input] -> http://localhost:41973/ []: sec=0.00, result=[1, '', 0]
[rosmaster.master][INFO] 2025-08-11 15:06:18,441: -SUB [/kelpie/imu] /kelpie http://localhost:41973/
[rosmaster.master][INFO] 2025-08-11 15:06:18,442: -SUB [/kelpie/leg_control/currents] /kelpie http://localhost:41973/
[rosmaster.master][INFO] 2025-08-11 15:06:18,442: -SUB [/kelpie/battery/voltage] /kelpie http://localhost:41973/
[rosmaster.master][INFO] 2025-08-11 15:06:18,442: -SUB [/kelpie/command_input] /kelpie http://localhost:41973/
[rosmaster.master][INFO] 2025-08-11 15:06:18,442: -PUB [/rosout] /kelpie http://localhost:41973/
[rosmaster.master][INFO] 2025-08-11 15:06:18,443: -PUB [/kelpie/leg_control/joint_states] /kelpie http://localhost:41973/
[rosmaster.master][INFO] 2025-08-11 15:06:18,443: -SERVICE [/kelpie/get_loggers] /kelpie rosrpc://localhost:37205
[rosmaster.master][INFO] 2025-08-11 15:06:18,443: -SERVICE [/kelpie/set_logger_level] /kelpie rosrpc://localhost:37205
[rosmaster.master][INFO] 2025-08-11 15:06:18,468: publisherUpdate[/rosout] -> http://localhost:34627/ []
[rosmaster.master][INFO] 2025-08-11 15:06:18,470: publisherUpdate[/rosout] -> http://localhost:34627/ []: sec=0.00, result=[1, '', 0]
[rosmaster.master][INFO] 2025-08-11 15:06:20,573: -PUB [/rosout_agg] /rosout http://localhost:34627/
[rosmaster.master][INFO] 2025-08-11 15:06:20,575: -SUB [/rosout] /rosout http://localhost:34627/
[rosmaster.master][INFO] 2025-08-11 15:06:20,576: -SERVICE [/rosout/get_loggers] /rosout rosrpc://localhost:53335
[rosmaster.master][INFO] 2025-08-11 15:06:20,577: -SERVICE [/rosout/set_logger_level] /rosout rosrpc://localhost:53335
[rosmaster.master][INFO] 2025-08-11 15:06:20,579: -CACHEDPARAM [/rosout/omit_topics] by /rosout
[rosmaster.main][INFO] 2025-08-11 15:06:20,652: keyboard interrupt, will exit
[rosmaster.main][INFO] 2025-08-11 15:06:20,653: stopping master...
[rospy.core][INFO] 2025-08-11 15:06:20,654: signal_shutdown [atexit]
