[rospy.client][INFO] 2025-08-14 17:20:40,356: init_node, name[/hardware], pid[1750]
[xmlrpc][INFO] 2025-08-14 17:20:40,357: XML-RPC server binding to 127.0.0.1:0
[xmlrpc][INFO] 2025-08-14 17:20:40,358: Started XML-RPC server [http://localhost:43317/]
[rospy.init][INFO] 2025-08-14 17:20:40,359: ROS Slave URI: [http://localhost:43317/]
[rospy.impl.masterslave][INFO] 2025-08-14 17:20:40,359: _ready: http://localhost:43317/
[rospy.registration][INFO] 2025-08-14 17:20:40,361: Registering with master node http://localhost:11311
[xmlrpc][INFO] 2025-08-14 17:20:40,361: xml rpc node: starting XML-RPC server
[rospy.registration][INFO] 2025-08-14 17:20:40,362: Registering publisher topic [/kelpie/leg_control/currents] type [kelpie/joint_states] with master
[rospy.registration][INFO] 2025-08-14 17:20:40,376: Registering publisher topic [/kelpie/battery/voltage] type [kelpie/vec_3d_float32] with master
[rospy.registration][INFO] 2025-08-14 17:20:40,379: Registering publisher topic [/kelpie/imu] type [kelpie/imu] with master
[rospy.init][INFO] 2025-08-14 17:20:40,460: registered with master
[rospy.rosout][INFO] 2025-08-14 17:20:40,460: initializing /rosout core topic
[rospy.rosout][INFO] 2025-08-14 17:20:40,464: connected to core topic /rosout
[rospy.simtime][INFO] 2025-08-14 17:20:40,467: /use_sim_time is not set, will not subscribe to simulated time [/clock] topic
[rospy.internal][INFO] 2025-08-14 17:20:40,571: topic[/joy] adding connection to [http://localhost:34805/], count 0
[rospy.internal][INFO] 2025-08-14 17:20:40,579: topic[/kelpie/leg_control/joint_states] adding connection to [http://localhost:40691/], count 0
[rospy.internal][INFO] 2025-08-14 17:20:40,620: topic[/rosout] adding connection to [/rosout], count 0
[rospy.internal][INFO] 2025-08-14 17:20:40,701: topic[/kelpie/leg_control/currents] adding connection to [/kelpie], count 0
[rospy.internal][INFO] 2025-08-14 17:20:40,702: topic[/kelpie/imu] adding connection to [/kelpie], count 0
[rospy.internal][INFO] 2025-08-14 17:20:40,725: topic[/kelpie/battery/voltage] adding connection to [/kelpie], count 0
[rospy.internal][INFO] 2025-08-14 17:20:40,759: topic[/kelpie/command_input] adding connection to [/kelpie], count 0
[rospy.internal][INFO] 2025-08-14 17:22:28,689: topic[/joy] adding connection to [http://localhost:36341/], count 1
[rospy.internal][INFO] 2025-08-14 17:22:28,755: topic[/joy] removing connection to http://localhost:34805/
[rospy.internal][INFO] 2025-08-14 17:22:30,929: topic[/kelpie/leg_control/joint_states] removing connection to http://localhost:40691/
[rospy.client][INFO] 2025-08-14 17:22:30,933: init_node, name[/hardware], pid[1873]
[xmlrpc][INFO] 2025-08-14 17:22:30,937: XML-RPC server binding to 127.0.0.1:0
[xmlrpc][INFO] 2025-08-14 17:22:30,940: Started XML-RPC server [http://localhost:40739/]
[rospy.init][INFO] 2025-08-14 17:22:30,941: ROS Slave URI: [http://localhost:40739/]
[rospy.impl.masterslave][INFO] 2025-08-14 17:22:30,942: _ready: http://localhost:40739/
[rospy.registration][INFO] 2025-08-14 17:22:30,947: Registering with master node http://localhost:11311/
[xmlrpc][INFO] 2025-08-14 17:22:30,947: xml rpc node: starting XML-RPC server
[rospy.registration][INFO] 2025-08-14 17:22:30,948: Registering publisher topic [/kelpie/leg_control/currents] type [kelpie/joint_states] with master
[rospy.registration][INFO] 2025-08-14 17:22:30,976: Registering publisher topic [/kelpie/battery/voltage] type [kelpie/vec_3d_float32] with master
[rospy.internal][INFO] 2025-08-14 17:22:30,981: topic[/kelpie/leg_control/joint_states] adding connection to [http://localhost:40075/], count 0
[rospy.registration][INFO] 2025-08-14 17:22:30,982: Registering publisher topic [/kelpie/imu] type [kelpie/imu] with master
[rospy.internal][INFO] 2025-08-14 17:22:30,989: topic[/kelpie/command_input] removing connection to /kelpie
[rospy.impl.masterslave][INFO] 2025-08-14 17:22:30,995: external shutdown request from [/master]: [/hardware] Reason: new node registered with same name
[rospy.core][INFO] 2025-08-14 17:22:30,996: signal_shutdown [external shutdown request from [/master]: [[/hardware] Reason: new node registered with same name]]
[rospy.internal][INFO] 2025-08-14 17:22:31,000: topic[/kelpie/leg_control/currents] removing connection to /kelpie
[rospy.internal][INFO] 2025-08-14 17:22:31,001: topic[/kelpie/battery/voltage] removing connection to /kelpie
[rospy.internal][INFO] 2025-08-14 17:22:31,001: topic[/kelpie/imu] removing connection to /kelpie
[rospy.internal][INFO] 2025-08-14 17:22:31,004: topic[/kelpie/imu] adding connection to [/kelpie], count 0
[rospy.internal][INFO] 2025-08-14 17:22:31,011: topic[/kelpie/imu] removing connection to /kelpie
[rospy.internal][INFO] 2025-08-14 17:22:31,018: topic[/rosout] removing connection to /rosout
[rospy.impl.masterslave][ERROR] 2025-08-14 17:22:31,019: Traceback (most recent call last):
  File "/opt/ros/noetic/lib/python3/dist-packages/rospy/impl/masterslave.py", line 146, in validated_f
    retval = f(*newArgs, **kwds)
  File "/opt/ros/noetic/lib/python3/dist-packages/rospy/impl/masterslave.py", line 543, in requestTopic
    for h in self.protocol_handlers:
TypeError: 'NoneType' object is not iterable

[rospy.internal][INFO] 2025-08-14 17:22:31,020: topic[/kelpie/leg_control/joint_states] removing connection to http://localhost:40075/
[rospy.internal][INFO] 2025-08-14 17:22:31,024: topic[/joy] removing connection to http://localhost:36341/
[rospy.internal][INFO] 2025-08-14 17:22:31,026: topic[/joy] removing connection to http://localhost:36341/
[rospy.init][INFO] 2025-08-14 17:22:31,042: registered with master
[rospy.rosout][INFO] 2025-08-14 17:22:31,043: initializing /rosout core topic
[rospy.rosout][INFO] 2025-08-14 17:22:31,048: connected to core topic /rosout
[rospy.simtime][INFO] 2025-08-14 17:22:31,054: /use_sim_time is not set, will not subscribe to simulated time [/clock] topic
[rospy.core][INFO] 2025-08-14 17:22:31,106: signal_shutdown [atexit]
[rospy.internal][INFO] 2025-08-14 17:22:31,179: topic[/kelpie/leg_control/currents] adding connection to [/kelpie], count 0
[rospy.internal][INFO] 2025-08-14 17:22:31,191: topic[/kelpie/battery/voltage] adding connection to [/kelpie], count 0
[rospy.internal][INFO] 2025-08-14 17:22:31,218: topic[/kelpie/imu] adding connection to [/kelpie], count 0
[rospy.internal][INFO] 2025-08-14 17:22:31,230: topic[/joy] adding connection to [http://localhost:36341/], count 0
[rospy.internal][INFO] 2025-08-14 17:22:31,241: topic[/kelpie/leg_control/joint_states] adding connection to [http://localhost:40075/], count 0
[rospy.internal][INFO] 2025-08-14 17:22:31,290: topic[/rosout] adding connection to [/rosout], count 0
[rospy.internal][INFO] 2025-08-14 17:22:31,403: topic[/kelpie/command_input] adding connection to [/kelpie], count 0
[rospy.core][INFO] 2025-08-14 17:22:42,137: signal_shutdown [signal-2]
[rospy.internal][INFO] 2025-08-14 17:22:42,147: topic[/kelpie/leg_control/currents] removing connection to /kelpie
[rospy.internal][INFO] 2025-08-14 17:22:42,148: topic[/kelpie/battery/voltage] removing connection to /kelpie
[rospy.internal][INFO] 2025-08-14 17:22:42,149: topic[/kelpie/imu] removing connection to /kelpie
[rospy.internal][INFO] 2025-08-14 17:22:42,150: topic[/rosout] removing connection to /rosout
[rospy.internal][INFO] 2025-08-14 17:22:42,151: topic[/kelpie/command_input] removing connection to /kelpie
[rospy.internal][INFO] 2025-08-14 17:22:42,152: topic[/kelpie/leg_control/joint_states] removing connection to http://localhost:40075/
[rospy.internal][INFO] 2025-08-14 17:22:42,155: topic[/joy] removing connection to http://localhost:36341/
[rospy.internal][INFO] 2025-08-14 17:22:42,155: topic[/joy] removing connection to http://localhost:36341/
[rospy.impl.masterslave][INFO] 2025-08-14 17:22:42,156: signal-2
[rospy.core][INFO] 2025-08-14 17:22:57,170: signal_shutdown [signal-15]
[rospy.client][INFO] 2025-08-14 17:23:29,343: init_node, name[/hardware], pid[2014]
[xmlrpc][INFO] 2025-08-14 17:23:29,344: XML-RPC server binding to 127.0.0.1:0
[xmlrpc][INFO] 2025-08-14 17:23:29,345: Started XML-RPC server [http://localhost:35425/]
[rospy.init][INFO] 2025-08-14 17:23:29,346: ROS Slave URI: [http://localhost:35425/]
[rospy.impl.masterslave][INFO] 2025-08-14 17:23:29,346: _ready: http://localhost:35425/
[rospy.registration][INFO] 2025-08-14 17:23:29,348: Registering with master node http://localhost:11311
[xmlrpc][INFO] 2025-08-14 17:23:29,348: xml rpc node: starting XML-RPC server
[rospy.registration][INFO] 2025-08-14 17:23:29,348: Registering publisher topic [/kelpie/leg_control/currents] type [kelpie/joint_states] with master
[rospy.registration][INFO] 2025-08-14 17:23:29,361: Registering publisher topic [/kelpie/battery/voltage] type [kelpie/vec_3d_float32] with master
[rospy.registration][INFO] 2025-08-14 17:23:29,364: Registering publisher topic [/kelpie/imu] type [kelpie/imu] with master
[rospy.init][INFO] 2025-08-14 17:23:29,446: registered with master
[rospy.rosout][INFO] 2025-08-14 17:23:29,447: initializing /rosout core topic
[rospy.rosout][INFO] 2025-08-14 17:23:29,452: connected to core topic /rosout
[rospy.simtime][INFO] 2025-08-14 17:23:29,456: /use_sim_time is not set, will not subscribe to simulated time [/clock] topic
[rospy.internal][INFO] 2025-08-14 17:23:29,543: topic[/joy] adding connection to [http://localhost:46567/], count 0
[rospy.internal][INFO] 2025-08-14 17:23:29,576: topic[/kelpie/leg_control/joint_states] adding connection to [http://localhost:42967/], count 0
[rospy.internal][INFO] 2025-08-14 17:23:29,731: topic[/kelpie/battery/voltage] adding connection to [/kelpie], count 0
[rospy.internal][INFO] 2025-08-14 17:23:29,733: topic[/rosout] adding connection to [/rosout], count 0
[rospy.internal][INFO] 2025-08-14 17:23:29,789: topic[/kelpie/leg_control/currents] adding connection to [/kelpie], count 0
[rospy.internal][INFO] 2025-08-14 17:23:29,790: topic[/kelpie/imu] adding connection to [/kelpie], count 0
[rospy.internal][INFO] 2025-08-14 17:23:29,890: topic[/kelpie/command_input] adding connection to [/kelpie], count 0
[rospy.internal][INFO] 2025-08-14 17:23:51,597: topic[/kelpie/leg_control/joint_states] removing connection to http://localhost:42967/
[rospy.internal][INFO] 2025-08-14 17:23:51,687: topic[/kelpie/command_input] removing connection to /kelpie
[rospy.internal][INFO] 2025-08-14 17:23:51,714: topic[/kelpie/leg_control/currents] removing connection to /kelpie
[rospy.internal][INFO] 2025-08-14 17:23:51,716: topic[/kelpie/battery/voltage] removing connection to /kelpie
[rospy.internal][INFO] 2025-08-14 17:23:51,719: topic[/kelpie/imu] removing connection to /kelpie
[rospy.internal][INFO] 2025-08-14 17:23:51,758: topic[/kelpie/battery/voltage] adding connection to [/kelpie], count 0
[rospy.internal][INFO] 2025-08-14 17:23:51,762: topic[/kelpie/imu] adding connection to [/kelpie], count 0
[rospy.internal][INFO] 2025-08-14 17:23:51,770: topic[/kelpie/leg_control/currents] adding connection to [/kelpie], count 0
[rospy.internal][INFO] 2025-08-14 17:23:51,771: topic[/kelpie/command_input] adding connection to [/kelpie], count 0
[rospy.internal][INFO] 2025-08-14 17:23:51,792: topic[/kelpie/leg_control/joint_states] adding connection to [http://localhost:45763/], count 0
[rospy.client][INFO] 2025-08-14 17:23:52,431: init_node, name[/hardware], pid[2111]
[xmlrpc][INFO] 2025-08-14 17:23:52,447: XML-RPC server binding to 127.0.0.1:0
[xmlrpc][INFO] 2025-08-14 17:23:52,448: Started XML-RPC server [http://localhost:44101/]
[rospy.init][INFO] 2025-08-14 17:23:52,448: ROS Slave URI: [http://localhost:44101/]
[rospy.impl.masterslave][INFO] 2025-08-14 17:23:52,457: _ready: http://localhost:44101/
[rospy.registration][INFO] 2025-08-14 17:23:52,479: Registering with master node http://localhost:11311/
[rospy.registration][INFO] 2025-08-14 17:23:52,479: Registering publisher topic [/kelpie/leg_control/currents] type [kelpie/joint_states] with master
[xmlrpc][INFO] 2025-08-14 17:23:52,480: xml rpc node: starting XML-RPC server
[rospy.core][INFO] 2025-08-14 17:23:52,485: signal_shutdown [atexit]
[rospy.internal][INFO] 2025-08-14 17:23:52,504: topic[/kelpie/leg_control/currents] removing connection to /kelpie
[rospy.internal][INFO] 2025-08-14 17:23:52,505: topic[/kelpie/battery/voltage] removing connection to /kelpie
[rospy.internal][INFO] 2025-08-14 17:23:52,506: topic[/kelpie/imu] removing connection to /kelpie
[rospy.internal][INFO] 2025-08-14 17:23:52,507: topic[/rosout] removing connection to /rosout
[rospy.internal][INFO] 2025-08-14 17:23:52,512: topic[/kelpie/command_input] removing connection to /kelpie
[rospy.internal][INFO] 2025-08-14 17:23:52,516: topic[/kelpie/leg_control/joint_states] removing connection to http://localhost:45763/
[rospy.registration][INFO] 2025-08-14 17:23:52,518: Registering publisher topic [/kelpie/battery/voltage] type [kelpie/vec_3d_float32] with master
[rospy.registration][INFO] 2025-08-14 17:23:52,521: Registering publisher topic [/kelpie/imu] type [kelpie/imu] with master
[rospy.internal][INFO] 2025-08-14 17:23:52,529: topic[/kelpie/leg_control/joint_states] removing connection to http://localhost:45763/
[rospy.internal][INFO] 2025-08-14 17:23:52,532: topic[/joy] removing connection to http://localhost:46567/
[rospy.internal][INFO] 2025-08-14 17:23:52,532: topic[/joy] removing connection to http://localhost:46567/
[rospy.impl.masterslave][INFO] 2025-08-14 17:23:52,533: atexit
[rospy.init][INFO] 2025-08-14 17:23:52,557: registered with master
[rospy.rosout][INFO] 2025-08-14 17:23:52,558: initializing /rosout core topic
[rospy.rosout][INFO] 2025-08-14 17:23:52,562: connected to core topic /rosout
[rospy.simtime][INFO] 2025-08-14 17:23:52,566: /use_sim_time is not set, will not subscribe to simulated time [/clock] topic
[rospy.internal][INFO] 2025-08-14 17:23:52,660: topic[/joy] adding connection to [http://localhost:46567/], count 0
[rospy.internal][INFO] 2025-08-14 17:23:52,685: topic[/kelpie/leg_control/joint_states] adding connection to [http://localhost:45763/], count 0
[rospy.internal][INFO] 2025-08-14 17:23:52,782: topic[/kelpie/battery/voltage] adding connection to [/kelpie], count 0
[rospy.internal][INFO] 2025-08-14 17:23:52,802: topic[/kelpie/leg_control/currents] adding connection to [/kelpie], count 0
[rospy.internal][INFO] 2025-08-14 17:23:52,822: topic[/kelpie/imu] adding connection to [/kelpie], count 0
[rosout][WARNING] 2025-08-14 17:23:52,835: Inbound TCP/IP connection failed: connection from sender terminated before handshake header received. 0 bytes were received. Please check sender for additional details.
[rospy.internal][ERROR] 2025-08-14 17:23:52,841: Inbound TCP/IP connection failed:
Traceback (most recent call last):
  File "/opt/ros/noetic/lib/python3/dist-packages/rospy/impl/tcpros_base.py", line 334, in _tcp_server_callback
    header = read_ros_handshake_header(sock, BytesIO(), buff_size)
  File "/opt/ros/noetic/lib/python3/dist-packages/rosgraph/network.py", line 359, in read_ros_handshake_header
    raise ROSHandshakeException("connection from sender terminated before handshake header received. %s bytes were received. Please check sender for additional details."%b.tell())
rosgraph.network.ROSHandshakeException: connection from sender terminated before handshake header received. 0 bytes were received. Please check sender for additional details.

[rospy.internal][INFO] 2025-08-14 17:23:52,848: topic[/kelpie/command_input] adding connection to [/kelpie], count 0
[rospy.internal][INFO] 2025-08-14 17:23:52,914: topic[/rosout] adding connection to [/rosout], count 0
[rospy.internal][INFO] 2025-08-14 17:24:09,393: topic[/joy] removing connection to http://localhost:46567/
[rospy.internal][INFO] 2025-08-14 17:24:19,958: topic[/kelpie/leg_control/currents] adding connection to [/rosbridge_websocket], count 1
[rospy.internal][INFO] 2025-08-14 17:24:19,960: topic[/kelpie/battery/voltage] adding connection to [/rosbridge_websocket], count 1
[rospy.internal][INFO] 2025-08-14 17:24:19,970: topic[/kelpie/imu] adding connection to [/rosbridge_websocket], count 1
[rospy.internal][INFO] 2025-08-14 17:24:52,048: topic[/kelpie/leg_control/currents] removing connection to /rosbridge_websocket
[rospy.internal][INFO] 2025-08-14 17:24:52,115: topic[/kelpie/imu] removing connection to /rosbridge_websocket
[rospy.internal][INFO] 2025-08-14 17:24:52,188: topic[/kelpie/battery/voltage] removing connection to /rosbridge_websocket
[rospy.internal][INFO] 2025-08-14 17:25:03,904: topic[/kelpie/leg_control/currents] adding connection to [/rosbridge_websocket], count 1
[rospy.internal][INFO] 2025-08-14 17:25:03,925: topic[/kelpie/battery/voltage] adding connection to [/rosbridge_websocket], count 1
[rospy.internal][INFO] 2025-08-14 17:25:03,943: topic[/kelpie/imu] adding connection to [/rosbridge_websocket], count 1
[rospy.core][INFO] 2025-08-14 17:25:20,482: signal_shutdown [signal-2]
[rospy.internal][INFO] 2025-08-14 17:25:20,499: topic[/kelpie/leg_control/currents] removing connection to /kelpie
[rospy.internal][INFO] 2025-08-14 17:25:20,500: topic[/kelpie/leg_control/currents] removing connection to /rosbridge_websocket
[rospy.internal][INFO] 2025-08-14 17:25:20,501: topic[/kelpie/battery/voltage] removing connection to /kelpie
[rospy.internal][INFO] 2025-08-14 17:25:20,502: topic[/kelpie/battery/voltage] removing connection to /rosbridge_websocket
[rospy.internal][INFO] 2025-08-14 17:25:20,504: topic[/kelpie/imu] removing connection to /kelpie
[rospy.internal][INFO] 2025-08-14 17:25:20,505: topic[/kelpie/imu] removing connection to /rosbridge_websocket
[rospy.internal][INFO] 2025-08-14 17:25:20,506: topic[/rosout] removing connection to /rosout
[rospy.internal][INFO] 2025-08-14 17:25:20,507: topic[/kelpie/command_input] removing connection to /kelpie
[rospy.internal][INFO] 2025-08-14 17:25:20,508: topic[/kelpie/leg_control/joint_states] removing connection to http://localhost:45763/
[rospy.internal][INFO] 2025-08-14 17:25:20,508: topic[/kelpie/leg_control/joint_states] removing connection to http://localhost:45763/
[rospy.impl.masterslave][INFO] 2025-08-14 17:25:20,509: signal-2
[rospy.core][INFO] 2025-08-14 17:25:35,521: signal_shutdown [signal-15]
