

1755156002.282206827  Node Startup
1755156039.855153322 INFO /rosapi [rosapi_node:202(<module>)] [topics: /rosout] Rosapi started
1755156039.864709138 INFO /kelpie [main_driver.py:99(KelpieDriver.run)] [topics: /kelpie/battery/voltage, /rosout, /kelpie/imu, /kelpie/leg_control/currents, /kelpie/command_input, /kelpie/leg_control/joint_states] Manual robot control active. Currently not accepting external commands
1755156040.583080291 INFO /rosbridge_websocket [rosbridge_websocket:312(<module>)] [topics: /connected_clients, /client_count, /rosout] Rosbridge WebSocket server started at ws://0.0.0.0:9090
1755156100.321938814 INFO /JOYSTICK [/tmp/binarydeb/ros-noetic-joy-1.15.1/src/joy_node.cpp:464(main)] [topics: /rosout, /diagnostics, /joy] Opened joystick: /dev/input/js0 (Microsoft X-Box 360 pad). deadzone_: 0.050000.
1755156150.515615463 INFO /rosapi [rosapi_node:202(<module>)] [topics: /rosout] Rosapi started
1755156150.984457254 INFO /kelpie [main_driver.py:99(KelpieDriver.run)] [topics: /kelpie/battery/voltage, /kelpie/imu, /kelpie/command_input, /rosout, /kelpie/leg_control/joint_states, /kelpie/leg_control/currents] Manual robot control active. Currently not accepting external commands
1755156151.567352771 WARN /rosbridge_websocket [rosbridge_websocket:315(<module>)] [topics: /client_count, /rosout, /connected_clients] Unable to start server: Couldn't listen on any:9090: [Errno 98] Address already in use. Retrying in 5s.
1755156156.576830625 WARN /rosbridge_websocket [rosbridge_websocket:315(<module>)] [topics: /client_count, /rosout, /connected_clients] Unable to start server: Couldn't listen on any:9090: [Errno 98] Address already in use. Retrying in 5s.
1755156161.592971324 WARN /rosbridge_websocket [rosbridge_websocket:315(<module>)] [topics: /client_count, /rosout, /connected_clients] Unable to start server: Couldn't listen on any:9090: [Errno 98] Address already in use. Retrying in 5s.
1755156208.888450384 INFO /rosapi [rosapi_node:202(<module>)] [topics: /rosout] Rosapi started
1755156208.852849721 INFO /kelpie [main_driver.py:99(KelpieDriver.run)] [topics: /kelpie/leg_control/joint_states, /kelpie/battery/voltage, /kelpie/leg_control/currents, /kelpie/command_input, /kelpie/imu, /rosout] Manual robot control active. Currently not accepting external commands
1755156209.490195751 INFO /rosbridge_websocket [rosbridge_websocket:312(<module>)] [topics: /rosout, /connected_clients, /client_count] Rosbridge WebSocket server started at ws://0.0.0.0:9090
1755156231.758574247 INFO /kelpie [main_driver.py:99(KelpieDriver.run)] [topics: /kelpie/imu, /kelpie/leg_control/currents, /kelpie/command_input, /kelpie/leg_control/joint_states, /kelpie/battery/voltage, /rosout] Manual robot control active. Currently not accepting external commands
1755156231.838288545 INFO /rosapi [rosapi_node:202(<module>)] [topics: /rosout] Rosapi started
1755156232.590732812 WARN /rosbridge_websocket [rosbridge_websocket:315(<module>)] [topics: /rosout, /connected_clients, /client_count] Unable to start server: Couldn't listen on any:9090: [Errno 98] Address already in use. Retrying in 5s.
1755156232.839335680 WARN /hardware [tcpros_base.py:362(TCPROSServer._tcp_server_callback)] [topics: /kelpie/imu, /rosout, /kelpie/command_input, /kelpie/leg_control/joint_states, /kelpie/leg_control/currents, /joy, /kelpie/battery/voltage] Inbound TCP/IP connection failed: connection from sender terminated before handshake header received. 0 bytes were received. Please check sender for additional details.
1755156237.603122711 WARN /rosbridge_websocket [rosbridge_websocket:315(<module>)] [topics: /rosout, /connected_clients, /client_count] Unable to start server: Couldn't listen on any:9090: [Errno 98] Address already in use. Retrying in 5s.
1755156242.615530490 WARN /rosbridge_websocket [rosbridge_websocket:315(<module>)] [topics: /rosout, /connected_clients, /client_count] Unable to start server: Couldn't listen on any:9090: [Errno 98] Address already in use. Retrying in 5s.
1755156247.629357337 WARN /rosbridge_websocket [rosbridge_websocket:315(<module>)] [topics: /rosout, /connected_clients, /client_count] Unable to start server: Couldn't listen on any:9090: [Errno 98] Address already in use. Retrying in 5s.
1755156252.641340970 INFO /rosbridge_websocket [rosbridge_websocket:312(<module>)] [topics: /rosout, /connected_clients, /client_count] Rosbridge WebSocket server started at ws://0.0.0.0:9090
1755156258.783228635 INFO /rosbridge_websocket [autobahn_websocket.py:195(RosbridgeWebSocket.onOpen)] [topics: /rosout, /connected_clients, /client_count] Client connected.  1 clients total.
1755156259.885823726 INFO /rosbridge_websocket [protocol.py:403(RosbridgeProtocol.log)] [topics: /kelpie/leg_control/joint_states, /rosout, /connected_clients, /client_count] [Client 0] Subscribed to /kelpie/leg_control/joint_states
1755156259.904223680 INFO /rosbridge_websocket [protocol.py:403(RosbridgeProtocol.log)] [topics: /kelpie/leg_control/joint_states, /client_count, /connected_clients, /kelpie/leg_control/currents, /rosout] [Client 0] Subscribed to /kelpie/leg_control/currents
1755156259.927100658 INFO /rosbridge_websocket [protocol.py:403(RosbridgeProtocol.log)] [topics: /kelpie/battery/voltage, /kelpie/leg_control/joint_states, /client_count, /connected_clients, /kelpie/leg_control/currents, /rosout] [Client 0] Subscribed to /kelpie/battery/voltage
1755156259.954033613 INFO /rosbridge_websocket [protocol.py:403(RosbridgeProtocol.log)] [topics: /kelpie/battery/voltage, /kelpie/leg_control/joint_states, /client_count, /kelpie/imu, /connected_clients, /kelpie/leg_control/currents, /rosout] [Client 0] Subscribed to /kelpie/imu
1755156291.976495504 INFO /rosbridge_websocket [autobahn_websocket.py:255(RosbridgeWebSocket.onClose)] [topics: /kelpie/battery/voltage, /kelpie/leg_control/joint_states, /client_count, /kelpie/imu, /connected_clients, /kelpie/leg_control/currents, /rosout] Client disconnected. 0 clients total.
1755156292.040537834 INFO /rosbridge_websocket [autobahn_websocket.py:195(RosbridgeWebSocket.onOpen)] [topics: /rosout, /connected_clients, /client_count] Client connected.  1 clients total.
1755156302.225135564 INFO /rosbridge_websocket [autobahn_websocket.py:255(RosbridgeWebSocket.onClose)] [topics: /kelpie/command_input, /rosout, /connected_clients, /client_count] Client disconnected. 0 clients total.
1755156302.235673427 INFO /rosbridge_websocket [autobahn_websocket.py:195(RosbridgeWebSocket.onOpen)] [topics: /kelpie/command_input, /rosout, /connected_clients, /client_count] Client connected.  1 clients total.
1755156303.810084342 INFO /rosbridge_websocket [autobahn_websocket.py:255(RosbridgeWebSocket.onClose)] [topics: /kelpie/command_input, /rosout, /connected_clients, /client_count] Client disconnected. 0 clients total.
1755156303.851830720 INFO /rosbridge_websocket [autobahn_websocket.py:195(RosbridgeWebSocket.onOpen)] [topics: /kelpie/command_input, /rosout, /connected_clients, /client_count] Client connected.  1 clients total.
1755156303.877259016 INFO /rosbridge_websocket [protocol.py:403(RosbridgeProtocol.log)] [topics: /kelpie/leg_control/joint_states, /client_count, /connected_clients, /kelpie/command_input, /rosout] [Client 3] Subscribed to /kelpie/leg_control/joint_states
1755156303.892808437 INFO /rosbridge_websocket [protocol.py:403(RosbridgeProtocol.log)] [topics: /kelpie/leg_control/joint_states, /client_count, /connected_clients, /kelpie/leg_control/currents, /kelpie/command_input, /rosout] [Client 3] Subscribed to /kelpie/leg_control/currents
1755156303.912569046 INFO /rosbridge_websocket [protocol.py:403(RosbridgeProtocol.log)] [topics: /kelpie/battery/voltage, /kelpie/leg_control/joint_states, /client_count, /connected_clients, /kelpie/leg_control/currents, /kelpie/command_input, /rosout] [Client 3] Subscribed to /kelpie/battery/voltage
1755156303.934224128 INFO /rosbridge_websocket [protocol.py:403(RosbridgeProtocol.log)] [topics: /kelpie/battery/voltage, /kelpie/leg_control/joint_states, /client_count, /connected_clients, /kelpie/command_input, /kelpie/imu, /kelpie/leg_control/currents, /rosout] [Client 3] Subscribed to /kelpie/imu
