[rospy.client][INFO] 2025-08-19 14:51:49,808: init_node, name[/rosapi], pid[2709]
[xmlrpc][INFO] 2025-08-19 14:51:49,810: XML-RPC server binding to 0.0.0.0:0
[xmlrpc][INFO] 2025-08-19 14:51:49,811: Started XML-RPC server [http://10.176.33.207:46147/]
[rospy.init][INFO] 2025-08-19 14:51:49,813: ROS Slave URI: [http://10.176.33.207:46147/]
[rospy.impl.masterslave][INFO] 2025-08-19 14:51:49,813: _ready: http://10.176.33.207:46147/
[rospy.registration][INFO] 2025-08-19 14:51:49,817: Registering with master node http://localhost:11311/
[xmlrpc][INFO] 2025-08-19 14:51:49,818: xml rpc node: starting XML-RPC server
[rospy.init][INFO] 2025-08-19 14:51:49,914: registered with master
[rospy.rosout][INFO] 2025-08-19 14:51:49,915: initializing /rosout core topic
[rospy.rosout][INFO] 2025-08-19 14:51:49,932: connected to core topic /rosout
[rospy.simtime][INFO] 2025-08-19 14:51:49,936: /use_sim_time is not set, will not subscribe to simulated time [/clock] topic
[rosout][INFO] 2025-08-19 14:51:50,028: Rosapi started
[rospy.internal][INFO] 2025-08-19 14:51:50,198: topic[/rosout] adding connection to [/rosout], count 0
[rospy.client][INFO] 2025-08-19 14:52:09,497: init_node, name[/rosapi], pid[2787]
[xmlrpc][INFO] 2025-08-19 14:52:09,499: XML-RPC server binding to 127.0.0.1:0
[xmlrpc][INFO] 2025-08-19 14:52:09,500: Started XML-RPC server [http://localhost:43289/]
[rospy.init][INFO] 2025-08-19 14:52:09,501: ROS Slave URI: [http://localhost:43289/]
[rospy.impl.masterslave][INFO] 2025-08-19 14:52:09,501: _ready: http://localhost:43289/
[rospy.registration][INFO] 2025-08-19 14:52:09,503: Registering with master node http://localhost:11311
[xmlrpc][INFO] 2025-08-19 14:52:09,504: xml rpc node: starting XML-RPC server
[rospy.init][INFO] 2025-08-19 14:52:09,602: registered with master
[rospy.rosout][INFO] 2025-08-19 14:52:09,602: initializing /rosout core topic
[rospy.rosout][INFO] 2025-08-19 14:52:09,620: connected to core topic /rosout
[rospy.simtime][INFO] 2025-08-19 14:52:09,624: /use_sim_time is not set, will not subscribe to simulated time [/clock] topic
[rospy.impl.masterslave][INFO] 2025-08-19 14:52:09,674: external shutdown request from [/master]: [/rosapi] Reason: new node registered with same name
[rospy.core][INFO] 2025-08-19 14:52:09,674: signal_shutdown [external shutdown request from [/master]: [[/rosapi] Reason: new node registered with same name]]
[rospy.internal][INFO] 2025-08-19 14:52:09,682: topic[/rosout] removing connection to /rosout
[rosout][INFO] 2025-08-19 14:52:09,818: Rosapi started
[rospy.internal][INFO] 2025-08-19 14:52:09,885: topic[/rosout] adding connection to [/rosout], count 0
[rospy.core][INFO] 2025-08-19 14:52:10,055: signal_shutdown [atexit]
[rospy.core][INFO] 2025-08-19 14:52:20,402: signal_shutdown [signal-2]
[rospy.internal][INFO] 2025-08-19 14:52:20,442: topic[/rosout] removing connection to /rosout
[rospy.impl.masterslave][INFO] 2025-08-19 14:52:20,442: signal-2
[rospy.core][INFO] 2025-08-19 14:52:21,005: signal_shutdown [atexit]
[rospy.client][INFO] 2025-08-19 14:53:21,183: init_node, name[/rosapi], pid[2985]
[xmlrpc][INFO] 2025-08-19 14:53:21,185: XML-RPC server binding to 127.0.0.1:0
[xmlrpc][INFO] 2025-08-19 14:53:21,187: Started XML-RPC server [http://localhost:33171/]
[rospy.init][INFO] 2025-08-19 14:53:21,188: ROS Slave URI: [http://localhost:33171/]
[rospy.impl.masterslave][INFO] 2025-08-19 14:53:21,188: _ready: http://localhost:33171/
[rospy.registration][INFO] 2025-08-19 14:53:21,202: Registering with master node http://localhost:11311
[xmlrpc][INFO] 2025-08-19 14:53:21,213: xml rpc node: starting XML-RPC server
[rospy.init][INFO] 2025-08-19 14:53:21,289: registered with master
[rospy.rosout][INFO] 2025-08-19 14:53:21,289: initializing /rosout core topic
[rospy.rosout][INFO] 2025-08-19 14:53:21,309: connected to core topic /rosout
[rospy.simtime][INFO] 2025-08-19 14:53:21,315: /use_sim_time is not set, will not subscribe to simulated time [/clock] topic
[rosout][INFO] 2025-08-19 14:53:21,444: Rosapi started
[rospy.internal][INFO] 2025-08-19 14:53:21,583: topic[/rosout] adding connection to [/rosout], count 0
[rospy.core][INFO] 2025-08-19 14:54:08,964: signal_shutdown [signal-2]
[rospy.internal][INFO] 2025-08-19 14:54:09,022: topic[/rosout] removing connection to /rosout
[rospy.impl.masterslave][INFO] 2025-08-19 14:54:09,023: signal-2
[rospy.core][INFO] 2025-08-19 14:54:09,574: signal_shutdown [atexit]
[rospy.client][INFO] 2025-08-19 14:54:15,776: init_node, name[/rosapi], pid[3085]
[xmlrpc][INFO] 2025-08-19 14:54:15,785: XML-RPC server binding to 0.0.0.0:0
[xmlrpc][INFO] 2025-08-19 14:54:15,786: Started XML-RPC server [http://10.176.33.207:46349/]
[rospy.init][INFO] 2025-08-19 14:54:15,787: ROS Slave URI: [http://10.176.33.207:46349/]
[rospy.impl.masterslave][INFO] 2025-08-19 14:54:15,787: _ready: http://10.176.33.207:46349/
[rospy.registration][INFO] 2025-08-19 14:54:15,790: Registering with master node http://localhost:11311/
[xmlrpc][INFO] 2025-08-19 14:54:15,790: xml rpc node: starting XML-RPC server
[rospy.init][INFO] 2025-08-19 14:54:15,888: registered with master
[rospy.rosout][INFO] 2025-08-19 14:54:15,889: initializing /rosout core topic
[rospy.rosout][INFO] 2025-08-19 14:54:15,917: connected to core topic /rosout
[rospy.simtime][INFO] 2025-08-19 14:54:15,921: /use_sim_time is not set, will not subscribe to simulated time [/clock] topic
[rosout][INFO] 2025-08-19 14:54:16,064: Rosapi started
[rospy.internal][INFO] 2025-08-19 14:54:16,125: topic[/rosout] adding connection to [/rosout], count 0
[rospy.core][INFO] 2025-08-19 14:55:36,984: signal_shutdown [signal-2]
[rospy.internal][INFO] 2025-08-19 14:55:37,028: topic[/rosout] removing connection to /rosout
[rospy.impl.masterslave][INFO] 2025-08-19 14:55:37,028: signal-2
[rospy.core][INFO] 2025-08-19 14:55:37,589: signal_shutdown [atexit]
[rospy.client][INFO] 2025-08-19 14:57:57,029: init_node, name[/rosapi], pid[3225]
[xmlrpc][INFO] 2025-08-19 14:57:57,031: XML-RPC server binding to 0.0.0.0:0
[xmlrpc][INFO] 2025-08-19 14:57:57,033: Started XML-RPC server [http://10.176.33.207:46443/]
[rospy.init][INFO] 2025-08-19 14:57:57,035: ROS Slave URI: [http://10.176.33.207:46443/]
[rospy.impl.masterslave][INFO] 2025-08-19 14:57:57,036: _ready: http://10.176.33.207:46443/
[rospy.registration][INFO] 2025-08-19 14:57:57,038: Registering with master node http://localhost:11311/
[xmlrpc][INFO] 2025-08-19 14:57:57,039: xml rpc node: starting XML-RPC server
[rospy.init][INFO] 2025-08-19 14:57:57,137: registered with master
[rospy.rosout][INFO] 2025-08-19 14:57:57,138: initializing /rosout core topic
[rospy.rosout][INFO] 2025-08-19 14:57:57,152: connected to core topic /rosout
[rospy.simtime][INFO] 2025-08-19 14:57:57,156: /use_sim_time is not set, will not subscribe to simulated time [/clock] topic
[rosout][INFO] 2025-08-19 14:57:57,279: Rosapi started
[rospy.internal][INFO] 2025-08-19 14:57:57,441: topic[/rosout] adding connection to [/rosout], count 0
[rospy.client][INFO] 2025-08-19 14:59:08,836: init_node, name[/rosapi], pid[3325]
[xmlrpc][INFO] 2025-08-19 14:59:08,839: XML-RPC server binding to 127.0.0.1:0
[xmlrpc][INFO] 2025-08-19 14:59:08,842: Started XML-RPC server [http://localhost:44303/]
[rospy.impl.masterslave][INFO] 2025-08-19 14:59:08,844: _ready: http://localhost:44303/
[rospy.init][INFO] 2025-08-19 14:59:08,849: ROS Slave URI: [http://localhost:44303/]
[rospy.registration][INFO] 2025-08-19 14:59:08,856: Registering with master node http://localhost:11311
[xmlrpc][INFO] 2025-08-19 14:59:08,857: xml rpc node: starting XML-RPC server
[rospy.init][INFO] 2025-08-19 14:59:08,951: registered with master
[rospy.rosout][INFO] 2025-08-19 14:59:08,952: initializing /rosout core topic
[rospy.rosout][INFO] 2025-08-19 14:59:08,965: connected to core topic /rosout
[rospy.simtime][INFO] 2025-08-19 14:59:08,968: /use_sim_time is not set, will not subscribe to simulated time [/clock] topic
[rospy.impl.masterslave][INFO] 2025-08-19 14:59:09,001: external shutdown request from [/master]: [/rosapi] Reason: new node registered with same name
[rospy.core][INFO] 2025-08-19 14:59:09,001: signal_shutdown [external shutdown request from [/master]: [[/rosapi] Reason: new node registered with same name]]
[rospy.internal][INFO] 2025-08-19 14:59:09,008: topic[/rosout] removing connection to /rosout
[rosout][INFO] 2025-08-19 14:59:09,112: Rosapi started
[rospy.internal][INFO] 2025-08-19 14:59:09,231: topic[/rosout] adding connection to [/rosout], count 0
[rospy.core][INFO] 2025-08-19 14:59:09,366: signal_shutdown [atexit]
[rospy.core][INFO] 2025-08-19 14:59:48,552: signal_shutdown [signal-2]
[rospy.internal][INFO] 2025-08-19 14:59:48,596: topic[/rosout] removing connection to /rosout
[rospy.impl.masterslave][INFO] 2025-08-19 14:59:48,596: signal-2
[rospy.core][INFO] 2025-08-19 14:59:49,159: signal_shutdown [atexit]
[rospy.client][INFO] 2025-08-19 15:01:01,482: init_node, name[/rosapi], pid[3461]
[xmlrpc][INFO] 2025-08-19 15:01:01,483: XML-RPC server binding to 127.0.0.1:0
[xmlrpc][INFO] 2025-08-19 15:01:01,499: Started XML-RPC server [http://localhost:43393/]
[rospy.impl.masterslave][INFO] 2025-08-19 15:01:01,500: _ready: http://localhost:43393/
[rospy.init][INFO] 2025-08-19 15:01:01,501: ROS Slave URI: [http://localhost:43393/]
[rospy.registration][INFO] 2025-08-19 15:01:01,507: Registering with master node http://localhost:11311
[xmlrpc][INFO] 2025-08-19 15:01:01,507: xml rpc node: starting XML-RPC server
[rospy.init][INFO] 2025-08-19 15:01:01,602: registered with master
[rospy.rosout][INFO] 2025-08-19 15:01:01,603: initializing /rosout core topic
[rospy.rosout][INFO] 2025-08-19 15:01:01,614: connected to core topic /rosout
[rospy.simtime][INFO] 2025-08-19 15:01:01,617: /use_sim_time is not set, will not subscribe to simulated time [/clock] topic
[rosout][INFO] 2025-08-19 15:01:01,721: Rosapi started
[rospy.internal][INFO] 2025-08-19 15:01:01,881: topic[/rosout] adding connection to [/rosout], count 0
[rospy.internal][INFO] 2025-08-19 15:01:17,014: topic[/rosout] removing connection to /rosout
[rospy.core][INFO] 2025-08-19 15:01:33,146: signal_shutdown [signal-2]
[rospy.registration][WARNING] 2025-08-19 15:01:33,149: cannot unregister with master due to network issues
[rospy.impl.masterslave][INFO] 2025-08-19 15:01:33,150: signal-2
[rospy.core][INFO] 2025-08-19 15:01:33,749: signal_shutdown [atexit]
