[rosmaster.main][INFO] 2025-08-11 16:17:47,330: initialization complete, waiting for shutdown
[rosmaster.main][INFO] 2025-08-11 16:17:47,330: Starting ROS Master Node
[xmlrpc][INFO] 2025-08-11 16:17:47,332: XML-RPC server binding to 127.0.0.1:11311
[xmlrpc][INFO] 2025-08-11 16:17:47,333: Started XML-RPC server [http://localhost:11311/]
[rosmaster.master][INFO] 2025-08-11 16:17:47,333: Master initialized: port[11311], uri[http://localhost:11311/]
[xmlrpc][INFO] 2025-08-11 16:17:47,333: xml rpc node: starting XML-RPC server
[rosmaster.master][INFO] 2025-08-11 16:17:47,352: +PARAM [/run_id] by /roslaunch
[rosmaster.master][INFO] 2025-08-11 16:17:47,356: +PARAM [/roslaunch/uris/host_localhost__32881] by /roslaunch
[rosmaster.master][INFO] 2025-08-11 16:17:47,495: +PARAM [/rosversion] by /roslaunch
[rosmaster.master][INFO] 2025-08-11 16:17:47,495: +PARAM [/rosdistro] by /roslaunch
[rosmaster.master][INFO] 2025-08-11 16:17:47,496: +PARAM [/rosbridge_websocket/authenticate] by /roslaunch
[rosmaster.master][INFO] 2025-08-11 16:17:47,496: +PARAM [/rosbridge_websocket/port] by /roslaunch
[rosmaster.master][INFO] 2025-08-11 16:17:47,496: +PARAM [/rosbridge_websocket/address] by /roslaunch
[rosmaster.master][INFO] 2025-08-11 16:17:47,496: +PARAM [/rosbridge_websocket/retry_startup_delay] by /roslaunch
[rosmaster.master][INFO] 2025-08-11 16:17:47,497: +PARAM [/rosbridge_websocket/fragment_timeout] by /roslaunch
[rosmaster.master][INFO] 2025-08-11 16:17:47,497: +PARAM [/rosbridge_websocket/delay_between_messages] by /roslaunch
[rosmaster.master][INFO] 2025-08-11 16:17:47,497: +PARAM [/rosbridge_websocket/max_message_size] by /roslaunch
[rosmaster.master][INFO] 2025-08-11 16:17:47,497: +PARAM [/rosbridge_websocket/unregister_timeout] by /roslaunch
[rosmaster.master][INFO] 2025-08-11 16:17:47,498: +PARAM [/rosbridge_websocket/use_compression] by /roslaunch
[rosmaster.master][INFO] 2025-08-11 16:17:47,498: +PARAM [/rosbridge_websocket/websocket_ping_interval] by /roslaunch
[rosmaster.master][INFO] 2025-08-11 16:17:47,498: +PARAM [/rosbridge_websocket/websocket_ping_timeout] by /roslaunch
[rosmaster.master][INFO] 2025-08-11 16:17:47,498: +PARAM [/rosbridge_websocket/websocket_external_port] by /roslaunch
[rosmaster.master][INFO] 2025-08-11 16:17:47,499: +PARAM [/rosbridge_websocket/topics_glob] by /roslaunch
[rosmaster.master][INFO] 2025-08-11 16:17:47,499: +PARAM [/rosbridge_websocket/services_glob] by /roslaunch
[rosmaster.master][INFO] 2025-08-11 16:17:47,499: +PARAM [/rosbridge_websocket/params_glob] by /roslaunch
[rosmaster.master][INFO] 2025-08-11 16:17:47,499: +PARAM [/rosbridge_websocket/bson_only_mode] by /roslaunch
[rosmaster.master][INFO] 2025-08-11 16:17:47,500: +PARAM [/rosapi/topics_glob] by /roslaunch
[rosmaster.master][INFO] 2025-08-11 16:17:47,500: +PARAM [/rosapi/services_glob] by /roslaunch
[rosmaster.master][INFO] 2025-08-11 16:17:47,501: +PARAM [/rosapi/params_glob] by /roslaunch
[rosmaster.master][INFO] 2025-08-11 16:17:47,502: +PARAM [/JOYSTICK/autorepeat_rate] by /roslaunch
[rosmaster.master][INFO] 2025-08-11 16:17:47,502: +PARAM [/JOYSTICK/joy_node/dev] by /roslaunch
[rosmaster.master][INFO] 2025-08-11 16:17:47,504: +SERVICE [/rosout/get_loggers] /rosout http://localhost:42547/
[rosmaster.master][INFO] 2025-08-11 16:17:47,506: +SERVICE [/rosout/set_logger_level] /rosout http://localhost:42547/
[rosmaster.master][INFO] 2025-08-11 16:17:47,512: +PUB [/rosout_agg] /rosout http://localhost:42547/
[rosmaster.master][INFO] 2025-08-11 16:17:47,524: +SUB [/rosout] /rosout http://localhost:42547/
[rosmaster.master][INFO] 2025-08-11 16:17:47,777: +PUB [/rosout] /JOYSTICK http://localhost:34707/
[rosmaster.master][INFO] 2025-08-11 16:17:47,779: +SERVICE [/JOYSTICK/get_loggers] /JOYSTICK http://localhost:34707/
[rosmaster.master][INFO] 2025-08-11 16:17:47,781: +SERVICE [/JOYSTICK/set_logger_level] /JOYSTICK http://localhost:34707/
[rosmaster.master][INFO] 2025-08-11 16:17:47,792: +PUB [/diagnostics] /JOYSTICK http://localhost:34707/
[rosmaster.master][INFO] 2025-08-11 16:17:47,794: +CACHEDPARAM [/JOYSTICK/diagnostic_period] by /JOYSTICK
[rosmaster.master][INFO] 2025-08-11 16:17:47,800: +PUB [/joy] /JOYSTICK http://localhost:34707/
[rosmaster.master][INFO] 2025-08-11 16:17:47,826: +SUB [/joy/set_feedback] /JOYSTICK http://localhost:34707/
[rosmaster.master][INFO] 2025-08-11 16:17:47,833: publisherUpdate[/rosout] -> http://localhost:42547/ ['http://localhost:34707/']
[rosmaster.master][INFO] 2025-08-11 16:17:47,858: publisherUpdate[/rosout] -> http://localhost:42547/ ['http://localhost:34707/']: sec=0.02, result=[1, '', 0]
[rosmaster.master][INFO] 2025-08-11 16:17:47,929: +CACHEDPARAM [/rosout_disable_topics_generation] by /JOYSTICK
[rosmaster.master][INFO] 2025-08-11 16:17:49,202: +PUB [/rosout] /rosapi http://localhost:44699/
[rosmaster.master][INFO] 2025-08-11 16:17:49,210: +SERVICE [/rosapi/get_loggers] /rosapi http://localhost:44699/
[rosmaster.master][INFO] 2025-08-11 16:17:49,213: +SERVICE [/rosapi/set_logger_level] /rosapi http://localhost:44699/
[rosmaster.master][INFO] 2025-08-11 16:17:49,224: +SERVICE [/rosapi/topics] /rosapi http://localhost:44699/
[rosmaster.master][INFO] 2025-08-11 16:17:49,227: +SERVICE [/rosapi/topics_for_type] /rosapi http://localhost:44699/
[rosmaster.master][INFO] 2025-08-11 16:17:49,231: +SERVICE [/rosapi/services] /rosapi http://localhost:44699/
[rosmaster.master][INFO] 2025-08-11 16:17:49,234: +SERVICE [/rosapi/services_for_type] /rosapi http://localhost:44699/
[rosmaster.master][INFO] 2025-08-11 16:17:49,237: publisherUpdate[/rosout] -> http://localhost:42547/ ['http://localhost:34707/', 'http://localhost:44699/']
[rosmaster.master][INFO] 2025-08-11 16:17:49,241: +SERVICE [/rosapi/nodes] /rosapi http://localhost:44699/
[rosmaster.master][INFO] 2025-08-11 16:17:49,243: publisherUpdate[/rosout] -> http://localhost:42547/ ['http://localhost:34707/', 'http://localhost:44699/']: sec=0.01, result=[1, '', 0]
[rosmaster.master][INFO] 2025-08-11 16:17:49,248: +SERVICE [/rosapi/node_details] /rosapi http://localhost:44699/
[rosmaster.master][INFO] 2025-08-11 16:17:49,256: +PUB [/rosout] /kelpie http://localhost:38167/
[rosmaster.master][INFO] 2025-08-11 16:17:49,258: +SERVICE [/rosapi/action_servers] /rosapi http://localhost:44699/
[rosmaster.master][INFO] 2025-08-11 16:17:49,262: +SERVICE [/rosapi/topic_type] /rosapi http://localhost:44699/
[rosmaster.master][INFO] 2025-08-11 16:17:49,263: publisherUpdate[/rosout] -> http://localhost:42547/ ['http://localhost:34707/', 'http://localhost:44699/', 'http://localhost:38167/']
[rosmaster.master][INFO] 2025-08-11 16:17:49,266: publisherUpdate[/rosout] -> http://localhost:42547/ ['http://localhost:34707/', 'http://localhost:44699/', 'http://localhost:38167/']: sec=0.00, result=[1, '', 0]
[rosmaster.master][INFO] 2025-08-11 16:17:49,269: +SERVICE [/rosapi/service_type] /rosapi http://localhost:44699/
[rosmaster.master][INFO] 2025-08-11 16:17:49,273: +SERVICE [/kelpie/get_loggers] /kelpie http://localhost:38167/
[rosmaster.master][INFO] 2025-08-11 16:17:49,275: +SERVICE [/rosapi/publishers] /rosapi http://localhost:44699/
[rosmaster.master][INFO] 2025-08-11 16:17:49,278: +SERVICE [/kelpie/set_logger_level] /kelpie http://localhost:38167/
[rosmaster.master][INFO] 2025-08-11 16:17:49,280: +SERVICE [/rosapi/subscribers] /rosapi http://localhost:44699/
[rosmaster.master][INFO] 2025-08-11 16:17:49,284: +SERVICE [/rosapi/service_providers] /rosapi http://localhost:44699/
[rosmaster.master][INFO] 2025-08-11 16:17:49,286: +SUB [/kelpie/imu] /kelpie http://localhost:38167/
[rosmaster.master][INFO] 2025-08-11 16:17:49,288: +SERVICE [/rosapi/service_node] /rosapi http://localhost:44699/
[rosmaster.master][INFO] 2025-08-11 16:17:49,292: +SERVICE [/rosapi/service_host] /rosapi http://localhost:44699/
[rosmaster.master][INFO] 2025-08-11 16:17:49,295: +SUB [/kelpie/leg_control/currents] /kelpie http://localhost:38167/
[rosmaster.master][INFO] 2025-08-11 16:17:49,299: +SERVICE [/rosapi/message_details] /rosapi http://localhost:44699/
[rosmaster.master][INFO] 2025-08-11 16:17:49,303: +SUB [/kelpie/battery/voltage] /kelpie http://localhost:38167/
[rosmaster.master][INFO] 2025-08-11 16:17:49,305: +SERVICE [/rosapi/service_request_details] /rosapi http://localhost:44699/
[rosmaster.master][INFO] 2025-08-11 16:17:49,308: +PUB [/kelpie/leg_control/joint_states] /kelpie http://localhost:38167/
[rosmaster.master][INFO] 2025-08-11 16:17:49,309: +SERVICE [/rosapi/service_response_details] /rosapi http://localhost:44699/
[rosmaster.master][INFO] 2025-08-11 16:17:49,314: +SERVICE [/rosapi/set_param] /rosapi http://localhost:44699/
[rosmaster.master][INFO] 2025-08-11 16:17:49,315: +CACHEDPARAM [/rosout_disable_topics_generation] by /kelpie
[rosmaster.master][INFO] 2025-08-11 16:17:49,318: +SERVICE [/rosapi/get_param] /rosapi http://localhost:44699/
[rosmaster.master][INFO] 2025-08-11 16:17:49,322: +SERVICE [/rosapi/has_param] /rosapi http://localhost:44699/
[rosmaster.master][INFO] 2025-08-11 16:17:49,324: +SUB [/kelpie/command_input] /kelpie http://localhost:38167/
[rosmaster.master][INFO] 2025-08-11 16:17:49,327: +SERVICE [/rosapi/search_param] /rosapi http://localhost:44699/
[rosmaster.master][INFO] 2025-08-11 16:17:49,329: +CACHEDPARAM [/rosout_disable_topics_generation] by /kelpie
[rosmaster.master][INFO] 2025-08-11 16:17:49,330: +SERVICE [/rosapi/delete_param] /rosapi http://localhost:44699/
[rosmaster.master][INFO] 2025-08-11 16:17:49,334: +CACHEDPARAM [/rosout_disable_topics_generation] by /kelpie
[rosmaster.master][INFO] 2025-08-11 16:17:49,335: +SERVICE [/rosapi/get_param_names] /rosapi http://localhost:44699/
[rosmaster.master][INFO] 2025-08-11 16:17:49,340: +CACHEDPARAM [/rosout_disable_topics_generation] by /kelpie
[rosmaster.master][INFO] 2025-08-11 16:17:49,341: +SERVICE [/rosapi/get_time] /rosapi http://localhost:44699/
[rosmaster.master][INFO] 2025-08-11 16:17:49,347: +SERVICE [/rosapi/topics_and_raw_types] /rosapi http://localhost:44699/
[rosmaster.master][INFO] 2025-08-11 16:17:49,350: +CACHEDPARAM [/rosout_disable_topics_generation] by /kelpie
[rosmaster.master][INFO] 2025-08-11 16:17:49,356: +CACHEDPARAM [/rosout_disable_topics_generation] by /rosapi
[rosmaster.master][INFO] 2025-08-11 16:17:49,360: +CACHEDPARAM [/rosout_disable_topics_generation] by /kelpie
[rosmaster.master][INFO] 2025-08-11 16:17:49,367: +CACHEDPARAM [/rosout_disable_topics_generation] by /kelpie
[rosmaster.master][INFO] 2025-08-11 16:17:49,379: +CACHEDPARAM [/rosout_disable_topics_generation] by /kelpie
[rosmaster.master][INFO] 2025-08-11 16:17:49,384: +CACHEDPARAM [/rosout/omit_topics] by /rosout
[rosmaster.master][INFO] 2025-08-11 16:17:49,387: +CACHEDPARAM [/rosout_disable_topics_generation] by /kelpie
[rosmaster.master][INFO] 2025-08-11 16:17:50,066: +PUB [/rosout] /rosbridge_websocket http://localhost:39195/
[rosmaster.master][INFO] 2025-08-11 16:17:50,069: publisherUpdate[/rosout] -> http://localhost:42547/ ['http://localhost:34707/', 'http://localhost:44699/', 'http://localhost:38167/', 'http://localhost:39195/']
[rosmaster.master][INFO] 2025-08-11 16:17:50,072: publisherUpdate[/rosout] -> http://localhost:42547/ ['http://localhost:34707/', 'http://localhost:44699/', 'http://localhost:38167/', 'http://localhost:39195/']: sec=0.00, result=[1, '', 0]
[rosmaster.master][INFO] 2025-08-11 16:17:50,074: +SERVICE [/rosbridge_websocket/get_loggers] /rosbridge_websocket http://localhost:39195/
[rosmaster.master][INFO] 2025-08-11 16:17:50,077: +SERVICE [/rosbridge_websocket/set_logger_level] /rosbridge_websocket http://localhost:39195/
[rosmaster.master][INFO] 2025-08-11 16:17:50,109: +PUB [/client_count] /rosbridge_websocket http://localhost:39195/
[rosmaster.master][INFO] 2025-08-11 16:17:50,111: +PUB [/connected_clients] /rosbridge_websocket http://localhost:39195/
[rosmaster.master][INFO] 2025-08-11 16:17:50,119: +PARAM [/rosbridge_websocket/actual_port] by /rosbridge_websocket
[rosmaster.master][INFO] 2025-08-11 16:17:50,125: +CACHEDPARAM [/rosout_disable_topics_generation] by /rosbridge_websocket
[rosmaster.master][INFO] 2025-08-11 16:17:53,913: +CACHEDPARAM [/rosout_disable_topics_generation] by /rosbridge_websocket
[rosmaster.master][INFO] 2025-08-11 16:22:15,144: -PUB [/rosout] /rosbridge_websocket http://localhost:39195/
[rosmaster.master][INFO] 2025-08-11 16:22:15,148: -PUB [/rosout] /rosapi http://localhost:44699/
[rosmaster.master][INFO] 2025-08-11 16:22:15,148: -PUB [/client_count] /rosbridge_websocket http://localhost:39195/
[rosmaster.master][INFO] 2025-08-11 16:22:15,148: -SERVICE [/rosapi/get_loggers] /rosapi rosrpc://localhost:39525
[rosmaster.master][INFO] 2025-08-11 16:22:15,148: -PUB [/connected_clients] /rosbridge_websocket http://localhost:39195/
[rosmaster.master][INFO] 2025-08-11 16:22:15,149: -SERVICE [/rosapi/set_logger_level] /rosapi rosrpc://localhost:39525
[rosmaster.master][INFO] 2025-08-11 16:22:15,149: -SERVICE [/rosbridge_websocket/get_loggers] /rosbridge_websocket rosrpc://localhost:41541
[rosmaster.master][INFO] 2025-08-11 16:22:15,149: -SERVICE [/rosapi/topics] /rosapi rosrpc://localhost:39525
[rosmaster.master][INFO] 2025-08-11 16:22:15,149: -SERVICE [/rosbridge_websocket/set_logger_level] /rosbridge_websocket rosrpc://localhost:41541
[rosmaster.master][INFO] 2025-08-11 16:22:15,150: -SERVICE [/rosapi/topics_for_type] /rosapi rosrpc://localhost:39525
[rosmaster.master][INFO] 2025-08-11 16:22:15,150: -SERVICE [/rosapi/services] /rosapi rosrpc://localhost:39525
[rosmaster.master][INFO] 2025-08-11 16:22:15,151: -SERVICE [/rosapi/services_for_type] /rosapi rosrpc://localhost:39525
[rosmaster.master][INFO] 2025-08-11 16:22:15,151: -SERVICE [/rosapi/nodes] /rosapi rosrpc://localhost:39525
[rosmaster.master][INFO] 2025-08-11 16:22:15,151: -SERVICE [/rosapi/node_details] /rosapi rosrpc://localhost:39525
[rosmaster.master][INFO] 2025-08-11 16:22:15,152: -SERVICE [/rosapi/action_servers] /rosapi rosrpc://localhost:39525
[rosmaster.master][INFO] 2025-08-11 16:22:15,152: -SERVICE [/rosapi/topic_type] /rosapi rosrpc://localhost:39525
[rosmaster.master][INFO] 2025-08-11 16:22:15,152: -SERVICE [/rosapi/service_type] /rosapi rosrpc://localhost:39525
[rosmaster.master][INFO] 2025-08-11 16:22:15,152: -SERVICE [/rosapi/publishers] /rosapi rosrpc://localhost:39525
[rosmaster.master][INFO] 2025-08-11 16:22:15,153: -SERVICE [/rosapi/subscribers] /rosapi rosrpc://localhost:39525
[rosmaster.master][INFO] 2025-08-11 16:22:15,153: -SERVICE [/rosapi/service_providers] /rosapi rosrpc://localhost:39525
[rosmaster.master][INFO] 2025-08-11 16:22:15,154: -SERVICE [/rosapi/service_node] /rosapi rosrpc://localhost:39525
[rosmaster.master][INFO] 2025-08-11 16:22:15,154: -SERVICE [/rosapi/service_host] /rosapi rosrpc://localhost:39525
[rosmaster.master][INFO] 2025-08-11 16:22:15,154: -SERVICE [/rosapi/message_details] /rosapi rosrpc://localhost:39525
[rosmaster.master][INFO] 2025-08-11 16:22:15,154: -SERVICE [/rosapi/service_request_details] /rosapi rosrpc://localhost:39525
[rosmaster.master][INFO] 2025-08-11 16:22:15,155: -SERVICE [/rosapi/service_response_details] /rosapi rosrpc://localhost:39525
[rosmaster.master][INFO] 2025-08-11 16:22:15,155: -SERVICE [/rosapi/set_param] /rosapi rosrpc://localhost:39525
[rosmaster.master][INFO] 2025-08-11 16:22:15,155: -SERVICE [/rosapi/get_param] /rosapi rosrpc://localhost:39525
[rosmaster.master][INFO] 2025-08-11 16:22:15,155: -SERVICE [/rosapi/has_param] /rosapi rosrpc://localhost:39525
[rosmaster.master][INFO] 2025-08-11 16:22:15,156: -SERVICE [/rosapi/search_param] /rosapi rosrpc://localhost:39525
[rosmaster.master][INFO] 2025-08-11 16:22:15,156: -SERVICE [/rosapi/delete_param] /rosapi rosrpc://localhost:39525
[rosmaster.master][INFO] 2025-08-11 16:22:15,156: -SERVICE [/rosapi/get_param_names] /rosapi rosrpc://localhost:39525
[rosmaster.master][INFO] 2025-08-11 16:22:15,156: -SERVICE [/rosapi/get_time] /rosapi rosrpc://localhost:39525
[rosmaster.master][INFO] 2025-08-11 16:22:15,157: -SERVICE [/rosapi/topics_and_raw_types] /rosapi rosrpc://localhost:39525
[rosmaster.master][INFO] 2025-08-11 16:22:15,186: publisherUpdate[/rosout] -> http://localhost:42547/ ['http://localhost:34707/', 'http://localhost:44699/', 'http://localhost:38167/']
[rosmaster.master][INFO] 2025-08-11 16:22:15,192: publisherUpdate[/rosout] -> http://localhost:42547/ ['http://localhost:34707/', 'http://localhost:44699/', 'http://localhost:38167/']: sec=0.00, result=[1, '', 0]
[rosmaster.master][INFO] 2025-08-11 16:22:15,192: publisherUpdate[/rosout] -> http://localhost:42547/ ['http://localhost:34707/', 'http://localhost:38167/']
[rosmaster.master][INFO] 2025-08-11 16:22:15,195: publisherUpdate[/rosout] -> http://localhost:42547/ ['http://localhost:34707/', 'http://localhost:38167/']: sec=0.00, result=[1, '', 0]
[rosmaster.master][INFO] 2025-08-11 16:22:15,293: -PUB [/rosout] /JOYSTICK http://localhost:34707/
[rosmaster.master][INFO] 2025-08-11 16:22:15,296: -PUB [/diagnostics] /JOYSTICK http://localhost:34707/
[rosmaster.master][INFO] 2025-08-11 16:22:15,297: publisherUpdate[/rosout] -> http://localhost:42547/ ['http://localhost:38167/']
[rosmaster.master][INFO] 2025-08-11 16:22:15,299: -PUB [/joy] /JOYSTICK http://localhost:34707/
[rosmaster.master][INFO] 2025-08-11 16:22:15,301: publisherUpdate[/rosout] -> http://localhost:42547/ ['http://localhost:38167/']: sec=0.00, result=[1, '', 0]
[rosmaster.master][INFO] 2025-08-11 16:22:15,302: -SUB [/joy/set_feedback] /JOYSTICK http://localhost:34707/
[rosmaster.master][INFO] 2025-08-11 16:22:15,304: -SERVICE [/JOYSTICK/get_loggers] /JOYSTICK rosrpc://localhost:60747
[rosmaster.master][INFO] 2025-08-11 16:22:15,305: -SERVICE [/JOYSTICK/set_logger_level] /JOYSTICK rosrpc://localhost:60747
[rosmaster.master][INFO] 2025-08-11 16:22:15,307: -CACHEDPARAM [/JOYSTICK/diagnostic_period] by /JOYSTICK
[rosmaster.master][INFO] 2025-08-11 16:22:15,309: -CACHEDPARAM [/rosout_disable_topics_generation] by /JOYSTICK
[rosmaster.master][INFO] 2025-08-11 16:22:15,748: +CACHEDPARAM [/rosout_disable_topics_generation] by /rosbridge_websocket
[rosmaster.master][INFO] 2025-08-11 16:22:30,181: -SUB [/kelpie/imu] /kelpie http://localhost:38167/
[rosmaster.master][INFO] 2025-08-11 16:22:30,182: -SUB [/kelpie/leg_control/currents] /kelpie http://localhost:38167/
[rosmaster.master][INFO] 2025-08-11 16:22:30,183: -SUB [/kelpie/battery/voltage] /kelpie http://localhost:38167/
[rosmaster.master][INFO] 2025-08-11 16:22:30,183: -SUB [/kelpie/command_input] /kelpie http://localhost:38167/
[rosmaster.master][INFO] 2025-08-11 16:22:30,184: -PUB [/rosout] /kelpie http://localhost:38167/
[rosmaster.master][INFO] 2025-08-11 16:22:30,185: -PUB [/kelpie/leg_control/joint_states] /kelpie http://localhost:38167/
[rosmaster.master][INFO] 2025-08-11 16:22:30,185: -SERVICE [/kelpie/get_loggers] /kelpie rosrpc://localhost:36563
[rosmaster.master][INFO] 2025-08-11 16:22:30,185: -SERVICE [/kelpie/set_logger_level] /kelpie rosrpc://localhost:36563
[rosmaster.master][INFO] 2025-08-11 16:22:30,212: publisherUpdate[/rosout] -> http://localhost:42547/ []
[rosmaster.master][INFO] 2025-08-11 16:22:30,216: publisherUpdate[/rosout] -> http://localhost:42547/ []: sec=0.00, result=[1, '', 0]
[rosmaster.master][INFO] 2025-08-11 16:22:32,218: -PUB [/rosout_agg] /rosout http://localhost:42547/
[rosmaster.master][INFO] 2025-08-11 16:22:32,220: -SUB [/rosout] /rosout http://localhost:42547/
[rosmaster.master][INFO] 2025-08-11 16:22:32,221: -SERVICE [/rosout/get_loggers] /rosout rosrpc://localhost:43561
[rosmaster.master][INFO] 2025-08-11 16:22:32,222: -SERVICE [/rosout/set_logger_level] /rosout rosrpc://localhost:43561
[rosmaster.master][INFO] 2025-08-11 16:22:32,224: -CACHEDPARAM [/rosout/omit_topics] by /rosout
[rosmaster.main][INFO] 2025-08-11 16:22:32,284: keyboard interrupt, will exit
[rosmaster.main][INFO] 2025-08-11 16:22:32,284: stopping master...
[rospy.core][INFO] 2025-08-11 16:22:32,285: signal_shutdown [atexit]
