

1755579731.418140253  Node Startup
1755579737.775246381 INFO /rosapi [rosapi_node:202(<module>)] [topics: /rosout] Rosapi started
1755579737.843738317 INFO /kelpie [main_driver.py:87(KelpieDriver.__init__)] [topics: /kelpie/imu, /kelpie/battery/voltage, /kelpie/leg_control/currents, /kelpie/command_input, /kelpie/leg_control/joint_states, /rosout] front leg x shift: 0.05
1755579738.437712430 INFO /rosbridge_websocket [rosbridge_websocket:312(<module>)] [topics: /client_count, /connected_clients, /rosout] Rosbridge WebSocket server started at ws://0.0.0.0:9090
1755579750.413860559 INFO /rosbridge_websocket [autobahn_websocket.py:195(RosbridgeWebSocket.onOpen)] [topics: /client_count, /connected_clients, /rosout] Client connected.  1 clients total.
1755579751.271619796 INFO /rosbridge_websocket [protocol.py:403(RosbridgeProtocol.log)] [topics: /client_count, /kelpie/leg_control/joint_states, /connected_clients, /rosout] [Client 0] Subscribed to /kelpie/leg_control/joint_states
1755579751.292725563 INFO /rosbridge_websocket [protocol.py:403(RosbridgeProtocol.log)] [topics: /kelpie/leg_control/joint_states, /connected_clients, /client_count, /rosout, /kelpie/leg_control/currents] [Client 0] Subscribed to /kelpie/leg_control/currents
1755579751.315476179 INFO /rosbridge_websocket [protocol.py:403(RosbridgeProtocol.log)] [topics: /kelpie/battery/voltage, /kelpie/leg_control/joint_states, /connected_clients, /client_count, /rosout, /kelpie/leg_control/currents] [Client 0] Subscribed to /kelpie/battery/voltage
1755579751.336491584 INFO /rosbridge_websocket [protocol.py:403(RosbridgeProtocol.log)] [topics: /kelpie/battery/voltage, /kelpie/imu, /kelpie/leg_control/joint_states, /connected_clients, /client_count, /rosout, /kelpie/leg_control/currents] [Client 0] Subscribed to /kelpie/imu
1755579765.477546641 WARN /JOYSTICK [/tmp/binarydeb/ros-noetic-roscpp-1.17.4/src/libros/init.cpp:165(shutdownCallback)] [topics: /rosout, /diagnostics, /joy] Shutdown request received.
1755579767.215514183 INFO /rosapi [rosapi_node:202(<module>)] [topics: /rosout] Rosapi started
1755579767.121424436 INFO /kelpie [main_driver.py:87(KelpieDriver.__init__)] [topics: /rosout, /kelpie/leg_control/joint_states, /kelpie/command_input, /kelpie/imu, /kelpie/battery/voltage, /kelpie/leg_control/currents] front leg x shift: 0.05
1755579768.155608892 WARN /rosbridge_websocket [rosbridge_websocket:315(<module>)] [topics: /rosout, /connected_clients, /client_count] Unable to start server: Couldn't listen on any:9090: [Errno 98] Address already in use. Retrying in 5s.
1755579773.165079832 WARN /rosbridge_websocket [rosbridge_websocket:315(<module>)] [topics: /rosout, /connected_clients, /client_count] Unable to start server: Couldn't listen on any:9090: [Errno 98] Address already in use. Retrying in 5s.
1755579778.173940420 WARN /rosbridge_websocket [rosbridge_websocket:315(<module>)] [topics: /rosout, /connected_clients, /client_count] Unable to start server: Couldn't listen on any:9090: [Errno 98] Address already in use. Retrying in 5s.
1755579783.183831691 WARN /rosbridge_websocket [rosbridge_websocket:315(<module>)] [topics: /rosout, /connected_clients, /client_count] Unable to start server: Couldn't listen on any:9090: [Errno 98] Address already in use. Retrying in 5s.
1755579788.192968130 WARN /rosbridge_websocket [rosbridge_websocket:315(<module>)] [topics: /rosout, /connected_clients, /client_count] Unable to start server: Couldn't listen on any:9090: [Errno 98] Address already in use. Retrying in 5s.
1755579793.204472541 WARN /rosbridge_websocket [rosbridge_websocket:315(<module>)] [topics: /rosout, /connected_clients, /client_count] Unable to start server: Couldn't listen on any:9090: [Errno 98] Address already in use. Retrying in 5s.
1755579798.216648817 WARN /rosbridge_websocket [rosbridge_websocket:315(<module>)] [topics: /rosout, /connected_clients, /client_count] Unable to start server: Couldn't listen on any:9090: [Errno 98] Address already in use. Retrying in 5s.
1755579803.229131221 WARN /rosbridge_websocket [rosbridge_websocket:315(<module>)] [topics: /rosout, /connected_clients, /client_count] Unable to start server: Couldn't listen on any:9090: [Errno 98] Address already in use. Retrying in 5s.
1755579808.237167596 WARN /rosbridge_websocket [rosbridge_websocket:315(<module>)] [topics: /rosout, /connected_clients, /client_count] Unable to start server: Couldn't listen on any:9090: [Errno 98] Address already in use. Retrying in 5s.
1755579813.252951383 WARN /rosbridge_websocket [rosbridge_websocket:315(<module>)] [topics: /rosout, /connected_clients, /client_count] Unable to start server: Couldn't listen on any:9090: [Errno 98] Address already in use. Retrying in 5s.
1755579864.581876516 INFO /rosapi [rosapi_node:202(<module>)] [topics: /rosout] Rosapi started
1755579864.550564527 INFO /kelpie [main_driver.py:87(KelpieDriver.__init__)] [topics: /rosout, /kelpie/command_input, /kelpie/leg_control/currents, /kelpie/leg_control/joint_states, /kelpie/battery/voltage, /kelpie/imu] front leg x shift: 0.05
1755579865.176080703 INFO /rosbridge_websocket [rosbridge_websocket:312(<module>)] [topics: /connected_clients, /client_count, /rosout] Rosbridge WebSocket server started at ws://0.0.0.0:9090
1755579918.383503437 INFO /rosbridge_websocket [autobahn_websocket.py:195(RosbridgeWebSocket.onOpen)] [topics: /connected_clients, /client_count, /rosout] Client connected.  1 clients total.
1755579919.212397098 INFO /rosbridge_websocket [protocol.py:403(RosbridgeProtocol.log)] [topics: /connected_clients, /kelpie/leg_control/joint_states, /client_count, /rosout] [Client 0] Subscribed to /kelpie/leg_control/joint_states
1755579919.232851266 INFO /rosbridge_websocket [protocol.py:403(RosbridgeProtocol.log)] [topics: /kelpie/leg_control/joint_states, /kelpie/leg_control/currents, /connected_clients, /client_count, /rosout] [Client 0] Subscribed to /kelpie/leg_control/currents
1755579919.252135276 INFO /rosbridge_websocket [protocol.py:403(RosbridgeProtocol.log)] [topics: /kelpie/leg_control/joint_states, /kelpie/leg_control/currents, /kelpie/battery/voltage, /connected_clients, /client_count, /rosout] [Client 0] Subscribed to /kelpie/battery/voltage
1755579919.277207136 INFO /rosbridge_websocket [protocol.py:403(RosbridgeProtocol.log)] [topics: /kelpie/leg_control/joint_states, /kelpie/imu, /kelpie/leg_control/currents, /kelpie/battery/voltage, /connected_clients, /client_count, /rosout] [Client 0] Subscribed to /kelpie/imu
1755579921.098747491 INFO /rosbridge_websocket [autobahn_websocket.py:255(RosbridgeWebSocket.onClose)] [topics: /kelpie/leg_control/joint_states, /kelpie/imu, /kelpie/leg_control/currents, /kelpie/battery/voltage, /connected_clients, /client_count, /rosout] Client disconnected. 0 clients total.
1755579921.204849958 INFO /rosbridge_websocket [autobahn_websocket.py:195(RosbridgeWebSocket.onOpen)] [topics: /connected_clients, /client_count, /rosout] Client connected.  1 clients total.
1755579921.233452081 INFO /rosbridge_websocket [protocol.py:403(RosbridgeProtocol.log)] [topics: /connected_clients, /kelpie/leg_control/joint_states, /client_count, /rosout] [Client 1] Subscribed to /kelpie/leg_control/joint_states
1755579921.252991676 INFO /rosbridge_websocket [protocol.py:403(RosbridgeProtocol.log)] [topics: /kelpie/leg_control/joint_states, /kelpie/leg_control/currents, /connected_clients, /client_count, /rosout] [Client 1] Subscribed to /kelpie/leg_control/currents
1755579921.271512508 INFO /rosbridge_websocket [protocol.py:403(RosbridgeProtocol.log)] [topics: /kelpie/leg_control/joint_states, /kelpie/leg_control/currents, /kelpie/battery/voltage, /connected_clients, /client_count, /rosout] [Client 1] Subscribed to /kelpie/battery/voltage
1755579921.290881872 INFO /rosbridge_websocket [protocol.py:403(RosbridgeProtocol.log)] [topics: /kelpie/leg_control/joint_states, /kelpie/imu, /kelpie/leg_control/currents, /kelpie/battery/voltage, /connected_clients, /client_count, /rosout] [Client 1] Subscribed to /kelpie/imu
1755579936.979503046 WARN /JOYSTICK [/tmp/binarydeb/ros-noetic-roscpp-1.17.4/src/libros/init.cpp:165(shutdownCallback)] [topics: /rosout, /diagnostics, /joy] Shutdown request received.
1755579938.711696386 INFO /rosapi [rosapi_node:202(<module>)] [topics: /rosout] Rosapi started
1755579939.105570793 INFO /kelpie [main_driver.py:87(KelpieDriver.__init__)] [topics: /kelpie/leg_control/joint_states, /kelpie/command_input, /rosout, /kelpie/battery/voltage, /kelpie/imu, /kelpie/leg_control/currents] front leg x shift: 0.05
1755579939.447091341 WARN /rosbridge_websocket [rosbridge_websocket:315(<module>)] [topics: /client_count, /rosout, /connected_clients] Unable to start server: Couldn't listen on any:9090: [Errno 98] Address already in use. Retrying in 5s.
1755579944.460007190 INFO /rosbridge_websocket [rosbridge_websocket:312(<module>)] [topics: /client_count, /rosout, /connected_clients] Rosbridge WebSocket server started at ws://0.0.0.0:9090
1755579960.860737800 INFO /rosbridge_websocket [autobahn_websocket.py:195(RosbridgeWebSocket.onOpen)] [topics: /client_count, /rosout, /connected_clients] Client connected.  1 clients total.
1755579961.716074466 INFO /rosbridge_websocket [protocol.py:403(RosbridgeProtocol.log)] [topics: /client_count, /rosout, /connected_clients, /kelpie/leg_control/joint_states] [Client 0] Subscribed to /kelpie/leg_control/joint_states
1755579961.739048004 INFO /rosbridge_websocket [protocol.py:403(RosbridgeProtocol.log)] [topics: /client_count, /kelpie/leg_control/currents, /kelpie/leg_control/joint_states, /rosout, /connected_clients] [Client 0] Subscribed to /kelpie/leg_control/currents
1755579961.762404203 INFO /rosbridge_websocket [protocol.py:403(RosbridgeProtocol.log)] [topics: /client_count, /kelpie/battery/voltage, /kelpie/leg_control/currents, /kelpie/leg_control/joint_states, /rosout, /connected_clients] [Client 0] Subscribed to /kelpie/battery/voltage
1755579961.779702425 INFO /rosbridge_websocket [protocol.py:403(RosbridgeProtocol.log)] [topics: /client_count, /kelpie/battery/voltage, /kelpie/leg_control/currents, /kelpie/leg_control/joint_states, /rosout, /kelpie/imu, /connected_clients] [Client 0] Subscribed to /kelpie/imu
