[rosmaster.main][INFO] 2025-08-13 17:53:25,596: initialization complete, waiting for shutdown
[rosmaster.main][INFO] 2025-08-13 17:53:25,597: Starting ROS Master Node
[xmlrpc][INFO] 2025-08-13 17:53:25,598: XML-RPC server binding to 127.0.0.1:11311
[xmlrpc][INFO] 2025-08-13 17:53:25,599: Started XML-RPC server [http://localhost:11311/]
[rosmaster.master][INFO] 2025-08-13 17:53:25,600: Master initialized: port[11311], uri[http://localhost:11311/]
[xmlrpc][INFO] 2025-08-13 17:53:25,600: xml rpc node: starting XML-RPC server
[rosmaster.master][INFO] 2025-08-13 17:53:25,644: +PARAM [/run_id] by /roslaunch
[rosmaster.master][INFO] 2025-08-13 17:53:25,647: +PARAM [/roslaunch/uris/host_localhost__38165] by /roslaunch
[rosmaster.master][INFO] 2025-08-13 17:53:25,789: +PARAM [/rosversion] by /roslaunch
[rosmaster.master][INFO] 2025-08-13 17:53:25,790: +PARAM [/rosdistro] by /roslaunch
[rosmaster.master][INFO] 2025-08-13 17:53:25,790: +PARAM [/right_cam/right_cam_stream/camera_name] by /roslaunch
[rosmaster.master][INFO] 2025-08-13 17:53:25,790: +PARAM [/right_cam/right_cam_stream/video_stream_provider] by /roslaunch
[rosmaster.master][INFO] 2025-08-13 17:53:25,791: +PARAM [/right_cam/right_cam_stream/set_camera_fps] by /roslaunch
[rosmaster.master][INFO] 2025-08-13 17:53:25,791: +PARAM [/right_cam/right_cam_stream/buffer_queue_size] by /roslaunch
[rosmaster.master][INFO] 2025-08-13 17:53:25,792: +PARAM [/right_cam/right_cam_stream/fps] by /roslaunch
[rosmaster.master][INFO] 2025-08-13 17:53:25,792: +PARAM [/right_cam/right_cam_stream/frame_id] by /roslaunch
[rosmaster.master][INFO] 2025-08-13 17:53:25,792: +PARAM [/right_cam/right_cam_stream/camera_info_url] by /roslaunch
[rosmaster.master][INFO] 2025-08-13 17:53:25,792: +PARAM [/right_cam/right_cam_stream/flip_horizontal] by /roslaunch
[rosmaster.master][INFO] 2025-08-13 17:53:25,793: +PARAM [/right_cam/right_cam_stream/flip_vertical] by /roslaunch
[rosmaster.master][INFO] 2025-08-13 17:53:25,793: +PARAM [/right_cam/right_cam_stream/loop_videofile] by /roslaunch
[rosmaster.master][INFO] 2025-08-13 17:53:25,793: +PARAM [/right_cam/right_cam_stream/start_frame] by /roslaunch
[rosmaster.master][INFO] 2025-08-13 17:53:25,794: +PARAM [/right_cam/right_cam_stream/stop_frame] by /roslaunch
[rosmaster.master][INFO] 2025-08-13 17:53:25,794: +PARAM [/right_cam/right_cam_stream/width] by /roslaunch
[rosmaster.master][INFO] 2025-08-13 17:53:25,794: +PARAM [/right_cam/right_cam_stream/height] by /roslaunch
[rosmaster.master][INFO] 2025-08-13 17:53:25,802: +SERVICE [/rosout/get_loggers] /rosout http://localhost:35529/
[rosmaster.master][INFO] 2025-08-13 17:53:25,805: +SERVICE [/rosout/set_logger_level] /rosout http://localhost:35529/
[rosmaster.master][INFO] 2025-08-13 17:53:25,811: +PUB [/rosout_agg] /rosout http://localhost:35529/
[rosmaster.master][INFO] 2025-08-13 17:53:25,821: +SUB [/rosout] /rosout http://localhost:35529/
[rosmaster.master][INFO] 2025-08-13 17:53:25,985: +PUB [/rosout] /right_cam/right_cam_stream http://localhost:44823/
[rosmaster.master][INFO] 2025-08-13 17:53:25,986: +SERVICE [/right_cam/right_cam_stream/get_loggers] /right_cam/right_cam_stream http://localhost:44823/
[rosmaster.master][INFO] 2025-08-13 17:53:25,988: +SERVICE [/right_cam/right_cam_stream/set_logger_level] /right_cam/right_cam_stream http://localhost:44823/
[rosmaster.master][INFO] 2025-08-13 17:53:25,993: +CACHEDPARAM [/rosout_disable_topics_generation] by /right_cam/right_cam_stream
[rosmaster.master][INFO] 2025-08-13 17:53:25,997: +SERVICE [/right_cam/right_cam_stream/load_nodelet] /right_cam/right_cam_stream http://localhost:44823/
[rosmaster.master][INFO] 2025-08-13 17:53:25,998: +SERVICE [/right_cam/right_cam_stream/unload_nodelet] /right_cam/right_cam_stream http://localhost:44823/
[rosmaster.master][INFO] 2025-08-13 17:53:25,999: publisherUpdate[/rosout] -> http://localhost:35529/ ['http://localhost:44823/']
[rosmaster.master][INFO] 2025-08-13 17:53:26,002: +SERVICE [/right_cam/right_cam_stream/list] /right_cam/right_cam_stream http://localhost:44823/
[rosmaster.master][INFO] 2025-08-13 17:53:26,010: +PUB [/rosout] /right_cam/right_cam_image_view http://localhost:44627/
[rosmaster.master][INFO] 2025-08-13 17:53:26,012: +SERVICE [/right_cam/right_cam_image_view/get_loggers] /right_cam/right_cam_image_view http://localhost:44627/
[rosmaster.master][INFO] 2025-08-13 17:53:26,015: +SERVICE [/right_cam/right_cam_image_view/set_logger_level] /right_cam/right_cam_image_view http://localhost:44627/
[rosmaster.master][INFO] 2025-08-13 17:53:26,016: publisherUpdate[/rosout] -> http://localhost:35529/ ['http://localhost:44823/']: sec=0.02, result=[1, '', 0]
[rosmaster.master][INFO] 2025-08-13 17:53:26,017: publisherUpdate[/rosout] -> http://localhost:35529/ ['http://localhost:44823/', 'http://localhost:44627/']
[rosmaster.master][INFO] 2025-08-13 17:53:26,026: publisherUpdate[/rosout] -> http://localhost:35529/ ['http://localhost:44823/', 'http://localhost:44627/']: sec=0.01, result=[1, '', 0]
[rosmaster.master][INFO] 2025-08-13 17:53:26,027: +CACHEDPARAM [/rosout_disable_topics_generation] by /right_cam/right_cam_image_view
[rosmaster.master][INFO] 2025-08-13 17:53:26,031: +SERVICE [/right_cam/right_cam_image_view/load_nodelet] /right_cam/right_cam_image_view http://localhost:44627/
[rosmaster.master][INFO] 2025-08-13 17:53:26,033: +SERVICE [/right_cam/right_cam_image_view/unload_nodelet] /right_cam/right_cam_image_view http://localhost:44627/
[rosmaster.master][INFO] 2025-08-13 17:53:26,034: +SERVICE [/right_cam/right_cam_image_view/list] /right_cam/right_cam_image_view http://localhost:44627/
[rosmaster.master][INFO] 2025-08-13 17:53:26,387: +SERVICE [/right_cam/right_cam_image_view/set_parameters] /right_cam/right_cam_image_view http://localhost:44627/
[rosmaster.master][INFO] 2025-08-13 17:53:26,390: +PUB [/right_cam/right_cam_image_view/parameter_descriptions] /right_cam/right_cam_image_view http://localhost:44627/
[rosmaster.master][INFO] 2025-08-13 17:53:26,392: +PUB [/right_cam/right_cam_image_view/parameter_updates] /right_cam/right_cam_image_view http://localhost:44627/
[rosmaster.master][INFO] 2025-08-13 17:53:26,400: +PARAM [/right_cam/right_cam_image_view/do_dynamic_scaling] by /right_cam/right_cam_image_view
[rosmaster.master][INFO] 2025-08-13 17:53:26,401: +PARAM [/right_cam/right_cam_image_view/colormap] by /right_cam/right_cam_image_view
[rosmaster.master][INFO] 2025-08-13 17:53:26,403: +PARAM [/right_cam/right_cam_image_view/min_image_value] by /right_cam/right_cam_image_view
[rosmaster.master][INFO] 2025-08-13 17:53:26,405: +PARAM [/right_cam/right_cam_image_view/max_image_value] by /right_cam/right_cam_image_view
[rosmaster.master][INFO] 2025-08-13 17:53:26,410: +CACHEDPARAM [/rosout/omit_topics] by /rosout
[rosmaster.master][INFO] 2025-08-13 17:53:26,546: +SERVICE [/right_cam/right_cam_stream/set_parameters] /right_cam/right_cam_stream http://localhost:44823/
[rosmaster.master][INFO] 2025-08-13 17:53:26,548: +PUB [/right_cam/right_cam_stream/parameter_descriptions] /right_cam/right_cam_stream http://localhost:44823/
[rosmaster.master][INFO] 2025-08-13 17:53:26,550: +PUB [/right_cam/right_cam_stream/parameter_updates] /right_cam/right_cam_stream http://localhost:44823/
[rosmaster.master][INFO] 2025-08-13 17:53:26,580: +PARAM [/right_cam/right_cam_stream/camera_name] by /right_cam/right_cam_stream
[rosmaster.master][INFO] 2025-08-13 17:53:26,582: +PARAM [/right_cam/right_cam_stream/set_camera_fps] by /right_cam/right_cam_stream
[rosmaster.master][INFO] 2025-08-13 17:53:26,584: +PARAM [/right_cam/right_cam_stream/buffer_queue_size] by /right_cam/right_cam_stream
[rosmaster.master][INFO] 2025-08-13 17:53:26,586: +PARAM [/right_cam/right_cam_stream/fps] by /right_cam/right_cam_stream
[rosmaster.master][INFO] 2025-08-13 17:53:26,588: +PARAM [/right_cam/right_cam_stream/frame_id] by /right_cam/right_cam_stream
[rosmaster.master][INFO] 2025-08-13 17:53:26,591: +PARAM [/right_cam/right_cam_stream/camera_info_url] by /right_cam/right_cam_stream
[rosmaster.master][INFO] 2025-08-13 17:53:26,593: +PARAM [/right_cam/right_cam_stream/flip_horizontal] by /right_cam/right_cam_stream
[rosmaster.master][INFO] 2025-08-13 17:53:26,595: +PARAM [/right_cam/right_cam_stream/flip_vertical] by /right_cam/right_cam_stream
[rosmaster.master][INFO] 2025-08-13 17:53:26,597: +PARAM [/right_cam/right_cam_stream/width] by /right_cam/right_cam_stream
[rosmaster.master][INFO] 2025-08-13 17:53:26,598: +PARAM [/right_cam/right_cam_stream/height] by /right_cam/right_cam_stream
[rosmaster.master][INFO] 2025-08-13 17:53:26,601: +PARAM [/right_cam/right_cam_stream/brightness] by /right_cam/right_cam_stream
[rosmaster.master][INFO] 2025-08-13 17:53:26,602: +PARAM [/right_cam/right_cam_stream/contrast] by /right_cam/right_cam_stream
[rosmaster.master][INFO] 2025-08-13 17:53:26,604: +PARAM [/right_cam/right_cam_stream/hue] by /right_cam/right_cam_stream
[rosmaster.master][INFO] 2025-08-13 17:53:26,606: +PARAM [/right_cam/right_cam_stream/saturation] by /right_cam/right_cam_stream
[rosmaster.master][INFO] 2025-08-13 17:53:26,608: +PARAM [/right_cam/right_cam_stream/auto_exposure] by /right_cam/right_cam_stream
[rosmaster.master][INFO] 2025-08-13 17:53:26,609: +PARAM [/right_cam/right_cam_stream/exposure] by /right_cam/right_cam_stream
[rosmaster.master][INFO] 2025-08-13 17:53:26,611: +PARAM [/right_cam/right_cam_stream/loop_videofile] by /right_cam/right_cam_stream
[rosmaster.master][INFO] 2025-08-13 17:53:26,613: +PARAM [/right_cam/right_cam_stream/reopen_on_read_failure] by /right_cam/right_cam_stream
[rosmaster.master][INFO] 2025-08-13 17:53:26,614: +PARAM [/right_cam/right_cam_stream/output_encoding] by /right_cam/right_cam_stream
[rosmaster.master][INFO] 2025-08-13 17:53:26,616: +PARAM [/right_cam/right_cam_stream/start_frame] by /right_cam/right_cam_stream
[rosmaster.master][INFO] 2025-08-13 17:53:26,618: +PARAM [/right_cam/right_cam_stream/stop_frame] by /right_cam/right_cam_stream
[rosmaster.master][INFO] 2025-08-13 17:53:26,626: +PARAM [/right_cam/right_cam_stream/camera_name] by /right_cam/right_cam_stream
[rosmaster.master][INFO] 2025-08-13 17:53:26,628: +PARAM [/right_cam/right_cam_stream/set_camera_fps] by /right_cam/right_cam_stream
[rosmaster.master][INFO] 2025-08-13 17:53:26,631: +PARAM [/right_cam/right_cam_stream/buffer_queue_size] by /right_cam/right_cam_stream
[rosmaster.master][INFO] 2025-08-13 17:53:26,633: +PARAM [/right_cam/right_cam_stream/fps] by /right_cam/right_cam_stream
[rosmaster.master][INFO] 2025-08-13 17:53:26,635: +PARAM [/right_cam/right_cam_stream/frame_id] by /right_cam/right_cam_stream
[rosmaster.master][INFO] 2025-08-13 17:53:26,636: +PARAM [/right_cam/right_cam_stream/camera_info_url] by /right_cam/right_cam_stream
[rosmaster.master][INFO] 2025-08-13 17:53:26,638: +PARAM [/right_cam/right_cam_stream/flip_horizontal] by /right_cam/right_cam_stream
[rosmaster.master][INFO] 2025-08-13 17:53:26,640: +PARAM [/right_cam/right_cam_stream/flip_vertical] by /right_cam/right_cam_stream
[rosmaster.master][INFO] 2025-08-13 17:53:26,642: +PARAM [/right_cam/right_cam_stream/width] by /right_cam/right_cam_stream
[rosmaster.master][INFO] 2025-08-13 17:53:26,644: +PARAM [/right_cam/right_cam_stream/height] by /right_cam/right_cam_stream
[rosmaster.master][INFO] 2025-08-13 17:53:26,646: +PARAM [/right_cam/right_cam_stream/brightness] by /right_cam/right_cam_stream
[rosmaster.master][INFO] 2025-08-13 17:53:26,647: +PARAM [/right_cam/right_cam_stream/contrast] by /right_cam/right_cam_stream
[rosmaster.master][INFO] 2025-08-13 17:53:26,649: +PARAM [/right_cam/right_cam_stream/hue] by /right_cam/right_cam_stream
[rosmaster.master][INFO] 2025-08-13 17:53:26,651: +PARAM [/right_cam/right_cam_stream/saturation] by /right_cam/right_cam_stream
[rosmaster.master][INFO] 2025-08-13 17:53:26,652: +PARAM [/right_cam/right_cam_stream/auto_exposure] by /right_cam/right_cam_stream
[rosmaster.master][INFO] 2025-08-13 17:53:26,654: +PARAM [/right_cam/right_cam_stream/exposure] by /right_cam/right_cam_stream
[rosmaster.master][INFO] 2025-08-13 17:53:26,656: +PARAM [/right_cam/right_cam_stream/loop_videofile] by /right_cam/right_cam_stream
[rosmaster.master][INFO] 2025-08-13 17:53:26,658: +PARAM [/right_cam/right_cam_stream/reopen_on_read_failure] by /right_cam/right_cam_stream
[rosmaster.master][INFO] 2025-08-13 17:53:26,659: +PARAM [/right_cam/right_cam_stream/output_encoding] by /right_cam/right_cam_stream
[rosmaster.master][INFO] 2025-08-13 17:53:26,661: +PARAM [/right_cam/right_cam_stream/start_frame] by /right_cam/right_cam_stream
[rosmaster.master][INFO] 2025-08-13 17:53:26,662: +PARAM [/right_cam/right_cam_stream/stop_frame] by /right_cam/right_cam_stream
[rosmaster.master][INFO] 2025-08-13 17:53:26,678: +PUB [/right_cam/image_raw/compressedDepth] /right_cam/right_cam_stream http://localhost:44823/
[rosmaster.master][INFO] 2025-08-13 17:53:26,680: +SERVICE [/right_cam/image_raw/compressedDepth/set_parameters] /right_cam/right_cam_stream http://localhost:44823/
[rosmaster.master][INFO] 2025-08-13 17:53:26,681: +PUB [/right_cam/image_raw/compressedDepth/parameter_descriptions] /right_cam/right_cam_stream http://localhost:44823/
[rosmaster.master][INFO] 2025-08-13 17:53:26,683: +PUB [/right_cam/image_raw/compressedDepth/parameter_updates] /right_cam/right_cam_stream http://localhost:44823/
[rosmaster.master][INFO] 2025-08-13 17:53:26,691: +PARAM [/right_cam/image_raw/compressedDepth/format] by /right_cam/right_cam_stream
[rosmaster.master][INFO] 2025-08-13 17:53:26,693: +PARAM [/right_cam/image_raw/compressedDepth/depth_max] by /right_cam/right_cam_stream
[rosmaster.master][INFO] 2025-08-13 17:53:26,695: +PARAM [/right_cam/image_raw/compressedDepth/depth_quantization] by /right_cam/right_cam_stream
[rosmaster.master][INFO] 2025-08-13 17:53:26,697: +PARAM [/right_cam/image_raw/compressedDepth/png_level] by /right_cam/right_cam_stream
[rosmaster.master][INFO] 2025-08-13 17:53:26,699: +PARAM [/right_cam/image_raw/compressedDepth/format] by /right_cam/right_cam_stream
[rosmaster.master][INFO] 2025-08-13 17:53:26,701: +PARAM [/right_cam/image_raw/compressedDepth/depth_max] by /right_cam/right_cam_stream
[rosmaster.master][INFO] 2025-08-13 17:53:26,703: +PARAM [/right_cam/image_raw/compressedDepth/depth_quantization] by /right_cam/right_cam_stream
[rosmaster.master][INFO] 2025-08-13 17:53:26,705: +PARAM [/right_cam/image_raw/compressedDepth/png_level] by /right_cam/right_cam_stream
[rosmaster.master][INFO] 2025-08-13 17:53:26,716: +PUB [/right_cam/image_raw/compressed] /right_cam/right_cam_stream http://localhost:44823/
[rosmaster.master][INFO] 2025-08-13 17:53:26,718: +SERVICE [/right_cam/image_raw/compressed/set_parameters] /right_cam/right_cam_stream http://localhost:44823/
[rosmaster.master][INFO] 2025-08-13 17:53:26,720: +PUB [/right_cam/image_raw/compressed/parameter_descriptions] /right_cam/right_cam_stream http://localhost:44823/
[rosmaster.master][INFO] 2025-08-13 17:53:26,722: +PUB [/right_cam/image_raw/compressed/parameter_updates] /right_cam/right_cam_stream http://localhost:44823/
[rosmaster.master][INFO] 2025-08-13 17:53:26,730: +PARAM [/right_cam/image_raw/compressed/format] by /right_cam/right_cam_stream
[rosmaster.master][INFO] 2025-08-13 17:53:26,732: +PARAM [/right_cam/image_raw/compressed/jpeg_quality] by /right_cam/right_cam_stream
[rosmaster.master][INFO] 2025-08-13 17:53:26,734: +PARAM [/right_cam/image_raw/compressed/jpeg_progressive] by /right_cam/right_cam_stream
[rosmaster.master][INFO] 2025-08-13 17:53:26,735: +PARAM [/right_cam/image_raw/compressed/jpeg_optimize] by /right_cam/right_cam_stream
[rosmaster.master][INFO] 2025-08-13 17:53:26,737: +PARAM [/right_cam/image_raw/compressed/jpeg_restart_interval] by /right_cam/right_cam_stream
[rosmaster.master][INFO] 2025-08-13 17:53:26,738: +PARAM [/right_cam/image_raw/compressed/png_level] by /right_cam/right_cam_stream
[rosmaster.master][INFO] 2025-08-13 17:53:26,740: +PARAM [/right_cam/image_raw/compressed/format] by /right_cam/right_cam_stream
[rosmaster.master][INFO] 2025-08-13 17:53:26,742: +PARAM [/right_cam/image_raw/compressed/jpeg_quality] by /right_cam/right_cam_stream
[rosmaster.master][INFO] 2025-08-13 17:53:26,743: +PARAM [/right_cam/image_raw/compressed/jpeg_progressive] by /right_cam/right_cam_stream
[rosmaster.master][INFO] 2025-08-13 17:53:26,744: +PARAM [/right_cam/image_raw/compressed/jpeg_optimize] by /right_cam/right_cam_stream
[rosmaster.master][INFO] 2025-08-13 17:53:26,746: +PARAM [/right_cam/image_raw/compressed/jpeg_restart_interval] by /right_cam/right_cam_stream
[rosmaster.master][INFO] 2025-08-13 17:53:26,747: +PARAM [/right_cam/image_raw/compressed/png_level] by /right_cam/right_cam_stream
[rosmaster.master][INFO] 2025-08-13 17:53:26,754: +PUB [/right_cam/image_raw] /right_cam/right_cam_stream http://localhost:44823/
[rosmaster.master][INFO] 2025-08-13 17:53:26,764: +PUB [/right_cam/image_raw/theora] /right_cam/right_cam_stream http://localhost:44823/
[rosmaster.master][INFO] 2025-08-13 17:53:26,766: +SERVICE [/right_cam/image_raw/theora/set_parameters] /right_cam/right_cam_stream http://localhost:44823/
[rosmaster.master][INFO] 2025-08-13 17:53:26,767: +PUB [/right_cam/image_raw/theora/parameter_descriptions] /right_cam/right_cam_stream http://localhost:44823/
[rosmaster.master][INFO] 2025-08-13 17:53:26,770: +PUB [/right_cam/image_raw/theora/parameter_updates] /right_cam/right_cam_stream http://localhost:44823/
[rosmaster.master][INFO] 2025-08-13 17:53:26,776: +PARAM [/right_cam/image_raw/theora/optimize_for] by /right_cam/right_cam_stream
[rosmaster.master][INFO] 2025-08-13 17:53:26,777: +PARAM [/right_cam/image_raw/theora/target_bitrate] by /right_cam/right_cam_stream
[rosmaster.master][INFO] 2025-08-13 17:53:26,779: +PARAM [/right_cam/image_raw/theora/quality] by /right_cam/right_cam_stream
[rosmaster.master][INFO] 2025-08-13 17:53:26,781: +PARAM [/right_cam/image_raw/theora/keyframe_frequency] by /right_cam/right_cam_stream
[rosmaster.master][INFO] 2025-08-13 17:53:26,782: +PARAM [/right_cam/image_raw/theora/optimize_for] by /right_cam/right_cam_stream
[rosmaster.master][INFO] 2025-08-13 17:53:26,784: +PARAM [/right_cam/image_raw/theora/target_bitrate] by /right_cam/right_cam_stream
[rosmaster.master][INFO] 2025-08-13 17:53:26,786: +PARAM [/right_cam/image_raw/theora/quality] by /right_cam/right_cam_stream
[rosmaster.master][INFO] 2025-08-13 17:53:26,787: +PARAM [/right_cam/image_raw/theora/keyframe_frequency] by /right_cam/right_cam_stream
[rosmaster.master][INFO] 2025-08-13 17:53:26,789: +PUB [/right_cam/camera_info] /right_cam/right_cam_stream http://localhost:44823/
[rosmaster.master][INFO] 2025-08-13 17:53:43,314: +CACHEDPARAM [/rosout_disable_topics_generation] by /rosbridge_websocket
[rosmaster.master][INFO] 2025-08-13 17:53:44,212: +SUB [/raspicam_node/image/compressed] /rosbridge_websocket http://localhost:36483/
[rosmaster.master][INFO] 2025-08-13 17:53:44,216: +CACHEDPARAM [/rosout_disable_topics_generation] by /rosbridge_websocket
[rosmaster.master][INFO] 2025-08-13 17:53:45,517: +CACHEDPARAM [/rosout_disable_topics_generation] by /rosbridge_websocket
[rosmaster.master][INFO] 2025-08-13 17:53:45,521: -SUB [/raspicam_node/image/compressed] /rosbridge_websocket http://localhost:36483/
[rosmaster.master][INFO] 2025-08-13 17:53:45,544: +CACHEDPARAM [/rosout_disable_topics_generation] by /rosbridge_websocket
[rosmaster.master][INFO] 2025-08-13 17:53:45,596: +SUB [/kelpie/leg_control/joint_states] /rosbridge_websocket http://localhost:36483/
[rosmaster.master][INFO] 2025-08-13 17:53:45,600: +CACHEDPARAM [/rosout_disable_topics_generation] by /rosbridge_websocket
[rosmaster.master][INFO] 2025-08-13 17:53:45,612: +SUB [/kelpie/leg_control/currents] /rosbridge_websocket http://localhost:36483/
[rosmaster.master][INFO] 2025-08-13 17:53:45,615: +CACHEDPARAM [/rosout_disable_topics_generation] by /rosbridge_websocket
[rosmaster.master][INFO] 2025-08-13 17:53:45,626: +SUB [/kelpie/battery/voltage] /rosbridge_websocket http://localhost:36483/
[rosmaster.master][INFO] 2025-08-13 17:53:45,629: +CACHEDPARAM [/rosout_disable_topics_generation] by /rosbridge_websocket
[rosmaster.master][INFO] 2025-08-13 17:53:45,640: +SUB [/kelpie/imu] /rosbridge_websocket http://localhost:36483/
[rosmaster.master][INFO] 2025-08-13 17:53:45,644: +CACHEDPARAM [/rosout_disable_topics_generation] by /rosbridge_websocket
[rosmaster.master][INFO] 2025-08-13 17:53:52,944: +CACHEDPARAM [/rosout_disable_topics_generation] by /rosbridge_websocket
[rosmaster.master][INFO] 2025-08-13 17:53:52,948: -SUB [/kelpie/leg_control/joint_states] /rosbridge_websocket http://localhost:36483/
[rosmaster.master][INFO] 2025-08-13 17:53:52,951: -SUB [/kelpie/leg_control/currents] /rosbridge_websocket http://localhost:36483/
[rosmaster.master][INFO] 2025-08-13 17:53:52,955: -SUB [/kelpie/battery/voltage] /rosbridge_websocket http://localhost:36483/
[rosmaster.master][INFO] 2025-08-13 17:53:52,957: -SUB [/kelpie/imu] /rosbridge_websocket http://localhost:36483/
[rosmaster.master][INFO] 2025-08-13 17:53:53,105: +CACHEDPARAM [/rosout_disable_topics_generation] by /rosbridge_websocket
[rosmaster.master][INFO] 2025-08-13 17:53:53,173: -PUB [/rosout] /right_cam/right_cam_stream http://localhost:44823/
[rosmaster.master][INFO] 2025-08-13 17:53:53,175: -PUB [/right_cam/right_cam_stream/parameter_descriptions] /right_cam/right_cam_stream http://localhost:44823/
[rosmaster.master][INFO] 2025-08-13 17:53:53,176: -PUB [/right_cam/right_cam_stream/parameter_updates] /right_cam/right_cam_stream http://localhost:44823/
[rosmaster.master][INFO] 2025-08-13 17:53:53,178: -PUB [/right_cam/image_raw/compressedDepth] /right_cam/right_cam_stream http://localhost:44823/
[rosmaster.master][INFO] 2025-08-13 17:53:53,179: -PUB [/right_cam/image_raw/compressedDepth/parameter_descriptions] /right_cam/right_cam_stream http://localhost:44823/
[rosmaster.master][INFO] 2025-08-13 17:53:53,180: -PUB [/right_cam/image_raw/compressedDepth/parameter_updates] /right_cam/right_cam_stream http://localhost:44823/
[rosmaster.master][INFO] 2025-08-13 17:53:53,182: -PUB [/right_cam/image_raw/compressed] /right_cam/right_cam_stream http://localhost:44823/
[rosmaster.master][INFO] 2025-08-13 17:53:53,183: -PUB [/right_cam/image_raw/compressed/parameter_descriptions] /right_cam/right_cam_stream http://localhost:44823/
[rosmaster.master][INFO] 2025-08-13 17:53:53,185: -PUB [/right_cam/image_raw/compressed/parameter_updates] /right_cam/right_cam_stream http://localhost:44823/
[rosmaster.master][INFO] 2025-08-13 17:53:53,186: -PUB [/right_cam/image_raw] /right_cam/right_cam_stream http://localhost:44823/
[rosmaster.master][INFO] 2025-08-13 17:53:53,188: -PUB [/right_cam/image_raw/theora] /right_cam/right_cam_stream http://localhost:44823/
[rosmaster.master][INFO] 2025-08-13 17:53:53,190: -PUB [/right_cam/image_raw/theora/parameter_descriptions] /right_cam/right_cam_stream http://localhost:44823/
[rosmaster.master][INFO] 2025-08-13 17:53:53,192: -PUB [/right_cam/image_raw/theora/parameter_updates] /right_cam/right_cam_stream http://localhost:44823/
[rosmaster.master][INFO] 2025-08-13 17:53:53,196: -PUB [/right_cam/camera_info] /right_cam/right_cam_stream http://localhost:44823/
[rosmaster.master][INFO] 2025-08-13 17:53:53,198: -SERVICE [/right_cam/right_cam_stream/get_loggers] /right_cam/right_cam_stream rosrpc://localhost:49971
[rosmaster.master][INFO] 2025-08-13 17:53:53,200: -SERVICE [/right_cam/right_cam_stream/set_logger_level] /right_cam/right_cam_stream rosrpc://localhost:49971
[rosmaster.master][INFO] 2025-08-13 17:53:53,202: -SERVICE [/right_cam/right_cam_stream/load_nodelet] /right_cam/right_cam_stream rosrpc://localhost:49971
[rosmaster.master][INFO] 2025-08-13 17:53:53,205: -SERVICE [/right_cam/right_cam_stream/unload_nodelet] /right_cam/right_cam_stream rosrpc://localhost:49971
[rosmaster.master][INFO] 2025-08-13 17:53:53,206: +SUB [/kelpie/leg_control/joint_states] /rosbridge_websocket http://localhost:36483/
[rosmaster.master][INFO] 2025-08-13 17:53:53,207: -SERVICE [/right_cam/right_cam_stream/list] /right_cam/right_cam_stream rosrpc://localhost:49971
[rosmaster.master][INFO] 2025-08-13 17:53:53,209: -SERVICE [/right_cam/right_cam_stream/set_parameters] /right_cam/right_cam_stream rosrpc://localhost:49971
[rosmaster.master][INFO] 2025-08-13 17:53:53,211: +CACHEDPARAM [/rosout_disable_topics_generation] by /rosbridge_websocket
[rosmaster.master][INFO] 2025-08-13 17:53:53,212: -SERVICE [/right_cam/image_raw/compressedDepth/set_parameters] /right_cam/right_cam_stream rosrpc://localhost:49971
[rosmaster.master][INFO] 2025-08-13 17:53:53,214: -SERVICE [/right_cam/image_raw/compressed/set_parameters] /right_cam/right_cam_stream rosrpc://localhost:49971
[rosmaster.master][INFO] 2025-08-13 17:53:53,218: -SERVICE [/right_cam/image_raw/theora/set_parameters] /right_cam/right_cam_stream rosrpc://localhost:49971
[rosmaster.master][INFO] 2025-08-13 17:53:53,221: -CACHEDPARAM [/rosout_disable_topics_generation] by /right_cam/right_cam_stream
[rosmaster.master][INFO] 2025-08-13 17:53:53,225: +SUB [/kelpie/leg_control/currents] /rosbridge_websocket http://localhost:36483/
[rosmaster.master][INFO] 2025-08-13 17:53:53,229: +CACHEDPARAM [/rosout_disable_topics_generation] by /rosbridge_websocket
[rosmaster.master][INFO] 2025-08-13 17:53:53,240: +SUB [/kelpie/battery/voltage] /rosbridge_websocket http://localhost:36483/
[rosmaster.master][INFO] 2025-08-13 17:53:53,241: publisherUpdate[/rosout] -> http://localhost:35529/ ['http://localhost:44627/']
[rosmaster.master][INFO] 2025-08-13 17:53:53,244: +CACHEDPARAM [/rosout_disable_topics_generation] by /rosbridge_websocket
[rosmaster.master][INFO] 2025-08-13 17:53:53,245: publisherUpdate[/rosout] -> http://localhost:35529/ ['http://localhost:44627/']: sec=0.00, result=[1, '', 0]
[rosmaster.master][INFO] 2025-08-13 17:53:53,258: +SUB [/kelpie/imu] /rosbridge_websocket http://localhost:36483/
[rosmaster.master][INFO] 2025-08-13 17:53:53,263: +CACHEDPARAM [/rosout_disable_topics_generation] by /rosbridge_websocket
[rosmaster.master][INFO] 2025-08-13 17:53:53,545: -PUB [/rosout_agg] /rosout http://localhost:35529/
[rosmaster.master][INFO] 2025-08-13 17:53:53,547: -SUB [/rosout] /rosout http://localhost:35529/
[rosmaster.master][INFO] 2025-08-13 17:53:53,548: -SERVICE [/rosout/get_loggers] /rosout rosrpc://localhost:43965
[rosmaster.master][INFO] 2025-08-13 17:53:53,549: -SERVICE [/rosout/set_logger_level] /rosout rosrpc://localhost:43965
[rosmaster.master][INFO] 2025-08-13 17:53:53,551: -CACHEDPARAM [/rosout/omit_topics] by /rosout
[rosmaster.main][INFO] 2025-08-13 17:53:53,576: keyboard interrupt, will exit
[rosmaster.main][INFO] 2025-08-13 17:53:53,576: stopping master...
[rospy.core][INFO] 2025-08-13 17:53:53,576: signal_shutdown [atexit]
