[rospy.client][INFO] 2025-09-09 15:26:21,112: init_node, name[/hardware], pid[1977]
[xmlrpc][INFO] 2025-09-09 15:26:21,113: XML-RPC server binding to 0.0.0.0:0
[xmlrpc][INFO] 2025-09-09 15:26:21,114: Started XML-RPC server [http://10.237.54.207:46815/]
[rospy.init][INFO] 2025-09-09 15:26:21,115: ROS Slave URI: [http://10.237.54.207:46815/]
[rospy.impl.masterslave][INFO] 2025-09-09 15:26:21,115: _ready: http://10.237.54.207:46815/
[rospy.registration][INFO] 2025-09-09 15:26:21,117: Registering with master node http://localhost:11311/
[xmlrpc][INFO] 2025-09-09 15:26:21,117: xml rpc node: starting XML-RPC server
[rospy.registration][INFO] 2025-09-09 15:26:21,117: Registering publisher topic [/kelpie/leg_control/currents] type [kelpie/joint_states] with master
[rospy.registration][INFO] 2025-09-09 15:26:21,132: Registering publisher topic [/kelpie/battery/voltage] type [kelpie/vec_3d_float32] with master
[rospy.registration][INFO] 2025-09-09 15:26:21,135: Registering publisher topic [/kelpie/imu] type [kelpie/imu] with master
[rospy.init][INFO] 2025-09-09 15:26:21,215: registered with master
[rospy.rosout][INFO] 2025-09-09 15:26:21,216: initializing /rosout core topic
[rospy.rosout][INFO] 2025-09-09 15:26:21,219: connected to core topic /rosout
[rospy.simtime][INFO] 2025-09-09 15:26:21,223: /use_sim_time is not set, will not subscribe to simulated time [/clock] topic
[rospy.internal][INFO] 2025-09-09 15:26:21,317: topic[/kelpie/leg_control/currents] adding connection to [/kelpie], count 0
[rospy.internal][INFO] 2025-09-09 15:26:21,320: topic[/joy] adding connection to [http://10.237.54.207:38785/], count 0
[rospy.internal][INFO] 2025-09-09 15:26:21,322: topic[/kelpie/imu] adding connection to [/kelpie], count 0
[rospy.internal][INFO] 2025-09-09 15:26:21,325: topic[/kelpie/battery/voltage] adding connection to [/kelpie], count 0
[rospy.internal][INFO] 2025-09-09 15:26:21,339: topic[/kelpie/leg_control/joint_states] adding connection to [http://10.237.54.207:44775/], count 0
[rospy.internal][INFO] 2025-09-09 15:26:21,440: topic[/rosout] adding connection to [/rosout], count 0
[rospy.internal][INFO] 2025-09-09 15:26:21,555: topic[/kelpie/command_input] adding connection to [/kelpie], count 0
[rosout][ERROR] 2025-09-09 15:26:43,871: bad callback: <bound method ServoSubscriber.callback of <kelpie_hardware_interface.servo.servo_subscriber.ServoSubscriber object at 0xffffab5128e0>>
Traceback (most recent call last):
  File "/opt/ros/noetic/lib/python3/dist-packages/rospy/topics.py", line 750, in _invoke_callback
    cb(msg)
  File "/home/kelpie2/Kelpie/kelpie_ws/src/kelpie_hardware_interface/src/kelpie_hardware_interface/servo/servo_subscriber.py", line 17, in callback
    self.servo_interface.set_actuator_postions(joint_angles)
  File "/home/kelpie2/Kelpie/kelpie_ws/src/kelpie_hardware_interface/src/kelpie_hardware_interface/servo/Interface.py", line 92, in set_actuator_postions
    possible_joint_angles = self.impose_physical_limits(joint_angles)
  File "/home/kelpie2/Kelpie/kelpie_ws/src/kelpie_hardware_interface/src/kelpie_hardware_interface/servo/Interface.py", line 191, in impose_physical_limits
    print(upper, self._workspace_boundary_LUT[round(upper)]) if i == 0 else 0
KeyError: -32.0

[rosout][ERROR] 2025-09-09 15:26:56,834: bad callback: <bound method ServoSubscriber.callback of <kelpie_hardware_interface.servo.servo_subscriber.ServoSubscriber object at 0xffffab5128e0>>
Traceback (most recent call last):
  File "/opt/ros/noetic/lib/python3/dist-packages/rospy/topics.py", line 750, in _invoke_callback
    cb(msg)
  File "/home/kelpie2/Kelpie/kelpie_ws/src/kelpie_hardware_interface/src/kelpie_hardware_interface/servo/servo_subscriber.py", line 17, in callback
    self.servo_interface.set_actuator_postions(joint_angles)
  File "/home/kelpie2/Kelpie/kelpie_ws/src/kelpie_hardware_interface/src/kelpie_hardware_interface/servo/Interface.py", line 92, in set_actuator_postions
    possible_joint_angles = self.impose_physical_limits(joint_angles)
  File "/home/kelpie2/Kelpie/kelpie_ws/src/kelpie_hardware_interface/src/kelpie_hardware_interface/servo/Interface.py", line 191, in impose_physical_limits
    print(upper, self._workspace_boundary_LUT[round(upper)]) if i == 0 else 0
KeyError: -39.0

[rosout][ERROR] 2025-09-09 15:26:57,491: bad callback: <bound method ServoSubscriber.callback of <kelpie_hardware_interface.servo.servo_subscriber.ServoSubscriber object at 0xffffab5128e0>>
Traceback (most recent call last):
  File "/opt/ros/noetic/lib/python3/dist-packages/rospy/topics.py", line 750, in _invoke_callback
    cb(msg)
  File "/home/kelpie2/Kelpie/kelpie_ws/src/kelpie_hardware_interface/src/kelpie_hardware_interface/servo/servo_subscriber.py", line 17, in callback
    self.servo_interface.set_actuator_postions(joint_angles)
  File "/home/kelpie2/Kelpie/kelpie_ws/src/kelpie_hardware_interface/src/kelpie_hardware_interface/servo/Interface.py", line 92, in set_actuator_postions
    possible_joint_angles = self.impose_physical_limits(joint_angles)
  File "/home/kelpie2/Kelpie/kelpie_ws/src/kelpie_hardware_interface/src/kelpie_hardware_interface/servo/Interface.py", line 191, in impose_physical_limits
    print(upper, self._workspace_boundary_LUT[round(upper)]) if i == 0 else 0
KeyError: -15.0

[rosout][ERROR] 2025-09-09 15:27:02,733: bad callback: <bound method ServoSubscriber.callback of <kelpie_hardware_interface.servo.servo_subscriber.ServoSubscriber object at 0xffffab5128e0>>
Traceback (most recent call last):
  File "/opt/ros/noetic/lib/python3/dist-packages/rospy/topics.py", line 750, in _invoke_callback
    cb(msg)
  File "/home/kelpie2/Kelpie/kelpie_ws/src/kelpie_hardware_interface/src/kelpie_hardware_interface/servo/servo_subscriber.py", line 17, in callback
    self.servo_interface.set_actuator_postions(joint_angles)
  File "/home/kelpie2/Kelpie/kelpie_ws/src/kelpie_hardware_interface/src/kelpie_hardware_interface/servo/Interface.py", line 92, in set_actuator_postions
    possible_joint_angles = self.impose_physical_limits(joint_angles)
  File "/home/kelpie2/Kelpie/kelpie_ws/src/kelpie_hardware_interface/src/kelpie_hardware_interface/servo/Interface.py", line 191, in impose_physical_limits
    print(upper, self._workspace_boundary_LUT[round(upper)]) if i == 0 else 0
KeyError: -25.0

[rospy.core][INFO] 2025-09-09 15:27:11,091: signal_shutdown [signal-2]
[rospy.internal][INFO] 2025-09-09 15:27:11,120: topic[/kelpie/leg_control/currents] removing connection to /kelpie
[rospy.internal][INFO] 2025-09-09 15:27:11,121: topic[/kelpie/battery/voltage] removing connection to /kelpie
[rospy.internal][INFO] 2025-09-09 15:27:11,123: topic[/kelpie/imu] removing connection to /kelpie
[rospy.internal][INFO] 2025-09-09 15:27:11,124: topic[/rosout] removing connection to /rosout
[rospy.internal][INFO] 2025-09-09 15:27:11,125: topic[/kelpie/command_input] removing connection to /kelpie
[rospy.internal][INFO] 2025-09-09 15:27:11,126: topic[/kelpie/leg_control/joint_states] removing connection to http://10.237.54.207:44775/
[rospy.internal][INFO] 2025-09-09 15:27:11,127: topic[/joy] removing connection to http://10.237.54.207:38785/
[rospy.impl.masterslave][INFO] 2025-09-09 15:27:11,129: signal-2
[rospy.core][INFO] 2025-09-09 15:27:26,123: signal_shutdown [signal-15]
[rospy.client][INFO] 2025-09-09 15:51:12,969: init_node, name[/hardware], pid[2293]
[xmlrpc][INFO] 2025-09-09 15:51:12,970: XML-RPC server binding to 0.0.0.0:0
[xmlrpc][INFO] 2025-09-09 15:51:12,971: Started XML-RPC server [http://10.237.54.207:44763/]
[rospy.impl.masterslave][INFO] 2025-09-09 15:51:12,972: _ready: http://10.237.54.207:44763/
[rospy.init][INFO] 2025-09-09 15:51:12,972: ROS Slave URI: [http://10.237.54.207:44763/]
[rospy.registration][INFO] 2025-09-09 15:51:12,975: Registering with master node http://localhost:11311/
[xmlrpc][INFO] 2025-09-09 15:51:12,975: xml rpc node: starting XML-RPC server
[rospy.registration][INFO] 2025-09-09 15:51:12,975: Registering publisher topic [/kelpie/leg_control/currents] type [kelpie/joint_states] with master
[rospy.registration][INFO] 2025-09-09 15:51:12,988: Registering publisher topic [/kelpie/battery/voltage] type [kelpie/vec_3d_float32] with master
[rospy.registration][INFO] 2025-09-09 15:51:12,991: Registering publisher topic [/kelpie/imu] type [kelpie/imu] with master
[rospy.init][INFO] 2025-09-09 15:51:13,074: registered with master
[rospy.rosout][INFO] 2025-09-09 15:51:13,074: initializing /rosout core topic
[rospy.rosout][INFO] 2025-09-09 15:51:13,079: connected to core topic /rosout
[rospy.simtime][INFO] 2025-09-09 15:51:13,085: /use_sim_time is not set, will not subscribe to simulated time [/clock] topic
[rospy.internal][INFO] 2025-09-09 15:51:13,132: topic[/kelpie/battery/voltage] adding connection to [/kelpie], count 0
[rospy.internal][INFO] 2025-09-09 15:51:13,144: topic[/kelpie/leg_control/currents] adding connection to [/kelpie], count 0
[rospy.internal][INFO] 2025-09-09 15:51:13,187: topic[/joy] adding connection to [http://10.237.54.207:36695/], count 0
[rospy.internal][INFO] 2025-09-09 15:51:13,199: topic[/kelpie/imu] adding connection to [/kelpie], count 0
[rospy.internal][INFO] 2025-09-09 15:51:13,203: topic[/kelpie/leg_control/joint_states] adding connection to [http://10.237.54.207:35297/], count 0
[rospy.internal][INFO] 2025-09-09 15:51:13,302: topic[/rosout] adding connection to [/rosout], count 0
[rospy.internal][INFO] 2025-09-09 15:51:13,359: topic[/kelpie/command_input] adding connection to [/kelpie], count 0
[rosout][ERROR] 2025-09-09 15:51:20,735: bad callback: <bound method ServoSubscriber.callback of <kelpie_hardware_interface.servo.servo_subscriber.ServoSubscriber object at 0xffff8cc94be0>>
Traceback (most recent call last):
  File "/opt/ros/noetic/lib/python3/dist-packages/rospy/topics.py", line 750, in _invoke_callback
    cb(msg)
  File "/home/kelpie2/Kelpie/kelpie_ws/src/kelpie_hardware_interface/src/kelpie_hardware_interface/servo/servo_subscriber.py", line 17, in callback
    self.servo_interface.set_actuator_postions(joint_angles)
  File "/home/kelpie2/Kelpie/kelpie_ws/src/kelpie_hardware_interface/src/kelpie_hardware_interface/servo/Interface.py", line 92, in set_actuator_postions
    possible_joint_angles = self.impose_physical_limits(joint_angles)
  File "/home/kelpie2/Kelpie/kelpie_ws/src/kelpie_hardware_interface/src/kelpie_hardware_interface/servo/Interface.py", line 191, in impose_physical_limits
    print(upper, self._workspace_boundary_LUT[round(upper)]) if i == 0 else 0
KeyError: -21.0

[rosout][ERROR] 2025-09-09 15:51:26,974: bad callback: <bound method ServoSubscriber.callback of <kelpie_hardware_interface.servo.servo_subscriber.ServoSubscriber object at 0xffff8cc94be0>>
Traceback (most recent call last):
  File "/opt/ros/noetic/lib/python3/dist-packages/rospy/topics.py", line 750, in _invoke_callback
    cb(msg)
  File "/home/kelpie2/Kelpie/kelpie_ws/src/kelpie_hardware_interface/src/kelpie_hardware_interface/servo/servo_subscriber.py", line 17, in callback
    self.servo_interface.set_actuator_postions(joint_angles)
  File "/home/kelpie2/Kelpie/kelpie_ws/src/kelpie_hardware_interface/src/kelpie_hardware_interface/servo/Interface.py", line 92, in set_actuator_postions
    possible_joint_angles = self.impose_physical_limits(joint_angles)
  File "/home/kelpie2/Kelpie/kelpie_ws/src/kelpie_hardware_interface/src/kelpie_hardware_interface/servo/Interface.py", line 191, in impose_physical_limits
    print(upper, self._workspace_boundary_LUT[round(upper)]) if i == 0 else 0
KeyError: -26.0

[rosout][ERROR] 2025-09-09 15:51:27,547: bad callback: <bound method ServoSubscriber.callback of <kelpie_hardware_interface.servo.servo_subscriber.ServoSubscriber object at 0xffff8cc94be0>>
Traceback (most recent call last):
  File "/opt/ros/noetic/lib/python3/dist-packages/rospy/topics.py", line 750, in _invoke_callback
    cb(msg)
  File "/home/kelpie2/Kelpie/kelpie_ws/src/kelpie_hardware_interface/src/kelpie_hardware_interface/servo/servo_subscriber.py", line 17, in callback
    self.servo_interface.set_actuator_postions(joint_angles)
  File "/home/kelpie2/Kelpie/kelpie_ws/src/kelpie_hardware_interface/src/kelpie_hardware_interface/servo/Interface.py", line 92, in set_actuator_postions
    possible_joint_angles = self.impose_physical_limits(joint_angles)
  File "/home/kelpie2/Kelpie/kelpie_ws/src/kelpie_hardware_interface/src/kelpie_hardware_interface/servo/Interface.py", line 191, in impose_physical_limits
    print(upper, self._workspace_boundary_LUT[round(upper)]) if i == 0 else 0
KeyError: -5.0

[rosout][ERROR] 2025-09-09 15:51:34,003: bad callback: <bound method ServoSubscriber.callback of <kelpie_hardware_interface.servo.servo_subscriber.ServoSubscriber object at 0xffff8cc94be0>>
Traceback (most recent call last):
  File "/opt/ros/noetic/lib/python3/dist-packages/rospy/topics.py", line 750, in _invoke_callback
    cb(msg)
  File "/home/kelpie2/Kelpie/kelpie_ws/src/kelpie_hardware_interface/src/kelpie_hardware_interface/servo/servo_subscriber.py", line 17, in callback
    self.servo_interface.set_actuator_postions(joint_angles)
  File "/home/kelpie2/Kelpie/kelpie_ws/src/kelpie_hardware_interface/src/kelpie_hardware_interface/servo/Interface.py", line 92, in set_actuator_postions
    possible_joint_angles = self.impose_physical_limits(joint_angles)
  File "/home/kelpie2/Kelpie/kelpie_ws/src/kelpie_hardware_interface/src/kelpie_hardware_interface/servo/Interface.py", line 191, in impose_physical_limits
    print(upper, self._workspace_boundary_LUT[round(upper)]) if i == 0 else 0
KeyError: -1.0

[rosout][ERROR] 2025-09-09 15:51:34,947: bad callback: <bound method ServoSubscriber.callback of <kelpie_hardware_interface.servo.servo_subscriber.ServoSubscriber object at 0xffff8cc94be0>>
Traceback (most recent call last):
  File "/opt/ros/noetic/lib/python3/dist-packages/rospy/topics.py", line 750, in _invoke_callback
    cb(msg)
  File "/home/kelpie2/Kelpie/kelpie_ws/src/kelpie_hardware_interface/src/kelpie_hardware_interface/servo/servo_subscriber.py", line 17, in callback
    self.servo_interface.set_actuator_postions(joint_angles)
  File "/home/kelpie2/Kelpie/kelpie_ws/src/kelpie_hardware_interface/src/kelpie_hardware_interface/servo/Interface.py", line 92, in set_actuator_postions
    possible_joint_angles = self.impose_physical_limits(joint_angles)
  File "/home/kelpie2/Kelpie/kelpie_ws/src/kelpie_hardware_interface/src/kelpie_hardware_interface/servo/Interface.py", line 191, in impose_physical_limits
    print(upper, self._workspace_boundary_LUT[round(upper)]) if i == 0 else 0
KeyError: -37.0

[rosout][ERROR] 2025-09-09 15:51:35,338: bad callback: <bound method ServoSubscriber.callback of <kelpie_hardware_interface.servo.servo_subscriber.ServoSubscriber object at 0xffff8cc94be0>>
Traceback (most recent call last):
  File "/opt/ros/noetic/lib/python3/dist-packages/rospy/topics.py", line 750, in _invoke_callback
    cb(msg)
  File "/home/kelpie2/Kelpie/kelpie_ws/src/kelpie_hardware_interface/src/kelpie_hardware_interface/servo/servo_subscriber.py", line 17, in callback
    self.servo_interface.set_actuator_postions(joint_angles)
  File "/home/kelpie2/Kelpie/kelpie_ws/src/kelpie_hardware_interface/src/kelpie_hardware_interface/servo/Interface.py", line 92, in set_actuator_postions
    possible_joint_angles = self.impose_physical_limits(joint_angles)
  File "/home/kelpie2/Kelpie/kelpie_ws/src/kelpie_hardware_interface/src/kelpie_hardware_interface/servo/Interface.py", line 191, in impose_physical_limits
    print(upper, self._workspace_boundary_LUT[round(upper)]) if i == 0 else 0
KeyError: -32.0

[rosout][ERROR] 2025-09-09 15:51:35,777: bad callback: <bound method ServoSubscriber.callback of <kelpie_hardware_interface.servo.servo_subscriber.ServoSubscriber object at 0xffff8cc94be0>>
Traceback (most recent call last):
  File "/opt/ros/noetic/lib/python3/dist-packages/rospy/topics.py", line 750, in _invoke_callback
    cb(msg)
  File "/home/kelpie2/Kelpie/kelpie_ws/src/kelpie_hardware_interface/src/kelpie_hardware_interface/servo/servo_subscriber.py", line 17, in callback
    self.servo_interface.set_actuator_postions(joint_angles)
  File "/home/kelpie2/Kelpie/kelpie_ws/src/kelpie_hardware_interface/src/kelpie_hardware_interface/servo/Interface.py", line 92, in set_actuator_postions
    possible_joint_angles = self.impose_physical_limits(joint_angles)
  File "/home/kelpie2/Kelpie/kelpie_ws/src/kelpie_hardware_interface/src/kelpie_hardware_interface/servo/Interface.py", line 191, in impose_physical_limits
    print(upper, self._workspace_boundary_LUT[round(upper)]) if i == 0 else 0
KeyError: -17.0

[rospy.core][INFO] 2025-09-09 15:51:47,811: signal_shutdown [signal-2]
[rospy.internal][INFO] 2025-09-09 15:51:47,843: topic[/kelpie/leg_control/currents] removing connection to /kelpie
[rospy.internal][INFO] 2025-09-09 15:51:47,844: topic[/kelpie/battery/voltage] removing connection to /kelpie
[rospy.internal][INFO] 2025-09-09 15:51:47,845: topic[/kelpie/imu] removing connection to /kelpie
[rospy.internal][INFO] 2025-09-09 15:51:47,846: topic[/rosout] removing connection to /rosout
[rospy.internal][INFO] 2025-09-09 15:51:47,847: topic[/kelpie/command_input] removing connection to /kelpie
[rospy.internal][INFO] 2025-09-09 15:51:47,849: topic[/kelpie/leg_control/joint_states] removing connection to http://10.237.54.207:35297/
[rospy.internal][INFO] 2025-09-09 15:51:47,851: topic[/joy] removing connection to http://10.237.54.207:36695/
[rospy.internal][INFO] 2025-09-09 15:51:47,853: topic[/joy] removing connection to http://10.237.54.207:36695/
[rospy.impl.masterslave][INFO] 2025-09-09 15:51:47,854: signal-2
[rospy.core][INFO] 2025-09-09 15:52:02,838: signal_shutdown [signal-15]
[rospy.client][INFO] 2025-09-09 15:52:47,050: init_node, name[/hardware], pid[2541]
[xmlrpc][INFO] 2025-09-09 15:52:47,051: XML-RPC server binding to 0.0.0.0:0
[xmlrpc][INFO] 2025-09-09 15:52:47,052: Started XML-RPC server [http://10.237.54.207:33195/]
[rospy.impl.masterslave][INFO] 2025-09-09 15:52:47,053: _ready: http://10.237.54.207:33195/
[rospy.init][INFO] 2025-09-09 15:52:47,053: ROS Slave URI: [http://10.237.54.207:33195/]
[rospy.registration][INFO] 2025-09-09 15:52:47,055: Registering with master node http://localhost:11311/
[xmlrpc][INFO] 2025-09-09 15:52:47,056: xml rpc node: starting XML-RPC server
[rospy.registration][INFO] 2025-09-09 15:52:47,056: Registering publisher topic [/kelpie/leg_control/currents] type [kelpie/joint_states] with master
[rospy.registration][INFO] 2025-09-09 15:52:47,072: Registering publisher topic [/kelpie/battery/voltage] type [kelpie/vec_3d_float32] with master
[rospy.registration][INFO] 2025-09-09 15:52:47,075: Registering publisher topic [/kelpie/imu] type [kelpie/imu] with master
[rospy.init][INFO] 2025-09-09 15:52:47,154: registered with master
[rospy.rosout][INFO] 2025-09-09 15:52:47,155: initializing /rosout core topic
[rospy.rosout][INFO] 2025-09-09 15:52:47,158: connected to core topic /rosout
[rospy.simtime][INFO] 2025-09-09 15:52:47,160: /use_sim_time is not set, will not subscribe to simulated time [/clock] topic
[rospy.internal][INFO] 2025-09-09 15:52:47,240: topic[/joy] adding connection to [http://10.237.54.207:45811/], count 0
[rospy.internal][INFO] 2025-09-09 15:52:47,296: topic[/kelpie/leg_control/joint_states] adding connection to [http://10.237.54.207:36453/], count 0
[rospy.internal][INFO] 2025-09-09 15:52:47,386: topic[/kelpie/leg_control/currents] adding connection to [/kelpie], count 0
[rospy.internal][INFO] 2025-09-09 15:52:47,391: topic[/kelpie/battery/voltage] adding connection to [/kelpie], count 0
[rospy.internal][INFO] 2025-09-09 15:52:47,413: topic[/kelpie/imu] adding connection to [/kelpie], count 0
[rospy.internal][INFO] 2025-09-09 15:52:47,414: topic[/rosout] adding connection to [/rosout], count 0
[rospy.internal][INFO] 2025-09-09 15:52:47,530: topic[/kelpie/command_input] adding connection to [/kelpie], count 0
[rosout][ERROR] 2025-09-09 15:53:04,828: bad callback: <bound method ServoSubscriber.callback of <kelpie_hardware_interface.servo.servo_subscriber.ServoSubscriber object at 0xffff7da79610>>
Traceback (most recent call last):
  File "/opt/ros/noetic/lib/python3/dist-packages/rospy/topics.py", line 750, in _invoke_callback
    cb(msg)
  File "/home/kelpie2/Kelpie/kelpie_ws/src/kelpie_hardware_interface/src/kelpie_hardware_interface/servo/servo_subscriber.py", line 17, in callback
    self.servo_interface.set_actuator_postions(joint_angles)
  File "/home/kelpie2/Kelpie/kelpie_ws/src/kelpie_hardware_interface/src/kelpie_hardware_interface/servo/Interface.py", line 92, in set_actuator_postions
    possible_joint_angles = self.impose_physical_limits(joint_angles)
  File "/home/kelpie2/Kelpie/kelpie_ws/src/kelpie_hardware_interface/src/kelpie_hardware_interface/servo/Interface.py", line 191, in impose_physical_limits
    print(upper, self._workspace_boundary_LUT[round(upper)]) if i == 0 else 0
KeyError: -32.0

[rosout][ERROR] 2025-09-09 15:53:05,682: bad callback: <bound method ServoSubscriber.callback of <kelpie_hardware_interface.servo.servo_subscriber.ServoSubscriber object at 0xffff7da79610>>
Traceback (most recent call last):
  File "/opt/ros/noetic/lib/python3/dist-packages/rospy/topics.py", line 750, in _invoke_callback
    cb(msg)
  File "/home/kelpie2/Kelpie/kelpie_ws/src/kelpie_hardware_interface/src/kelpie_hardware_interface/servo/servo_subscriber.py", line 17, in callback
    self.servo_interface.set_actuator_postions(joint_angles)
  File "/home/kelpie2/Kelpie/kelpie_ws/src/kelpie_hardware_interface/src/kelpie_hardware_interface/servo/Interface.py", line 92, in set_actuator_postions
    possible_joint_angles = self.impose_physical_limits(joint_angles)
  File "/home/kelpie2/Kelpie/kelpie_ws/src/kelpie_hardware_interface/src/kelpie_hardware_interface/servo/Interface.py", line 191, in impose_physical_limits
    print(upper, self._workspace_boundary_LUT[round(upper)]) if i == 0 else 0
KeyError: -19.0

[rosout][ERROR] 2025-09-09 15:53:10,862: bad callback: <bound method ServoSubscriber.callback of <kelpie_hardware_interface.servo.servo_subscriber.ServoSubscriber object at 0xffff7da79610>>
Traceback (most recent call last):
  File "/opt/ros/noetic/lib/python3/dist-packages/rospy/topics.py", line 750, in _invoke_callback
    cb(msg)
  File "/home/kelpie2/Kelpie/kelpie_ws/src/kelpie_hardware_interface/src/kelpie_hardware_interface/servo/servo_subscriber.py", line 17, in callback
    self.servo_interface.set_actuator_postions(joint_angles)
  File "/home/kelpie2/Kelpie/kelpie_ws/src/kelpie_hardware_interface/src/kelpie_hardware_interface/servo/Interface.py", line 92, in set_actuator_postions
    possible_joint_angles = self.impose_physical_limits(joint_angles)
  File "/home/kelpie2/Kelpie/kelpie_ws/src/kelpie_hardware_interface/src/kelpie_hardware_interface/servo/Interface.py", line 191, in impose_physical_limits
    print(upper, self._workspace_boundary_LUT[round(upper)]) if i == 0 else 0
KeyError: -18.0

[rosout][ERROR] 2025-09-09 15:53:11,871: bad callback: <bound method ServoSubscriber.callback of <kelpie_hardware_interface.servo.servo_subscriber.ServoSubscriber object at 0xffff7da79610>>
Traceback (most recent call last):
  File "/opt/ros/noetic/lib/python3/dist-packages/rospy/topics.py", line 750, in _invoke_callback
    cb(msg)
  File "/home/kelpie2/Kelpie/kelpie_ws/src/kelpie_hardware_interface/src/kelpie_hardware_interface/servo/servo_subscriber.py", line 17, in callback
    self.servo_interface.set_actuator_postions(joint_angles)
  File "/home/kelpie2/Kelpie/kelpie_ws/src/kelpie_hardware_interface/src/kelpie_hardware_interface/servo/Interface.py", line 92, in set_actuator_postions
    possible_joint_angles = self.impose_physical_limits(joint_angles)
  File "/home/kelpie2/Kelpie/kelpie_ws/src/kelpie_hardware_interface/src/kelpie_hardware_interface/servo/Interface.py", line 191, in impose_physical_limits
    print(upper, self._workspace_boundary_LUT[round(upper)]) if i == 0 else 0
KeyError: -27.0

[rosout][ERROR] 2025-09-09 15:53:12,496: bad callback: <bound method ServoSubscriber.callback of <kelpie_hardware_interface.servo.servo_subscriber.ServoSubscriber object at 0xffff7da79610>>
Traceback (most recent call last):
  File "/opt/ros/noetic/lib/python3/dist-packages/rospy/topics.py", line 750, in _invoke_callback
    cb(msg)
  File "/home/kelpie2/Kelpie/kelpie_ws/src/kelpie_hardware_interface/src/kelpie_hardware_interface/servo/servo_subscriber.py", line 17, in callback
    self.servo_interface.set_actuator_postions(joint_angles)
  File "/home/kelpie2/Kelpie/kelpie_ws/src/kelpie_hardware_interface/src/kelpie_hardware_interface/servo/Interface.py", line 92, in set_actuator_postions
    possible_joint_angles = self.impose_physical_limits(joint_angles)
  File "/home/kelpie2/Kelpie/kelpie_ws/src/kelpie_hardware_interface/src/kelpie_hardware_interface/servo/Interface.py", line 191, in impose_physical_limits
    print(upper, self._workspace_boundary_LUT[round(upper)]) if i == 0 else 0
KeyError: -5.0

[rosout][ERROR] 2025-09-09 15:53:23,915: bad callback: <bound method ServoSubscriber.callback of <kelpie_hardware_interface.servo.servo_subscriber.ServoSubscriber object at 0xffff7da79610>>
Traceback (most recent call last):
  File "/opt/ros/noetic/lib/python3/dist-packages/rospy/topics.py", line 750, in _invoke_callback
    cb(msg)
  File "/home/kelpie2/Kelpie/kelpie_ws/src/kelpie_hardware_interface/src/kelpie_hardware_interface/servo/servo_subscriber.py", line 17, in callback
    self.servo_interface.set_actuator_postions(joint_angles)
  File "/home/kelpie2/Kelpie/kelpie_ws/src/kelpie_hardware_interface/src/kelpie_hardware_interface/servo/Interface.py", line 92, in set_actuator_postions
    possible_joint_angles = self.impose_physical_limits(joint_angles)
  File "/home/kelpie2/Kelpie/kelpie_ws/src/kelpie_hardware_interface/src/kelpie_hardware_interface/servo/Interface.py", line 191, in impose_physical_limits
    print(upper, self._workspace_boundary_LUT[round(upper)]) if i == 0 else 0
KeyError: -4.0

[rospy.core][INFO] 2025-09-09 15:53:40,964: signal_shutdown [signal-2]
[rospy.internal][INFO] 2025-09-09 15:53:40,988: topic[/kelpie/leg_control/currents] removing connection to /kelpie
[rospy.internal][INFO] 2025-09-09 15:53:40,992: topic[/kelpie/battery/voltage] removing connection to /kelpie
[rospy.internal][INFO] 2025-09-09 15:53:40,992: topic[/kelpie/imu] removing connection to /kelpie
[rospy.internal][INFO] 2025-09-09 15:53:40,993: topic[/rosout] removing connection to /rosout
[rospy.internal][INFO] 2025-09-09 15:53:40,994: topic[/kelpie/command_input] removing connection to /kelpie
[rospy.internal][INFO] 2025-09-09 15:53:40,995: topic[/kelpie/leg_control/joint_states] removing connection to http://10.237.54.207:36453/
[rospy.internal][INFO] 2025-09-09 15:53:40,997: topic[/joy] removing connection to http://10.237.54.207:45811/
[rospy.impl.masterslave][INFO] 2025-09-09 15:53:41,000: signal-2
[rospy.core][INFO] 2025-09-09 15:53:55,992: signal_shutdown [signal-15]
