[rospy.client][INFO] 2025-08-20 15:48:18,457: init_node, name[/rosapi], pid[2425]
[xmlrpc][INFO] 2025-08-20 15:48:18,460: XML-RPC server binding to 0.0.0.0:0
[xmlrpc][INFO] 2025-08-20 15:48:18,462: Started XML-RPC server [http://kelpie2:37267/]
[rospy.init][INFO] 2025-08-20 15:48:18,463: ROS Slave URI: [http://kelpie2:37267/]
[rospy.impl.masterslave][INFO] 2025-08-20 15:48:18,464: _ready: http://kelpie2:37267/
[rospy.registration][INFO] 2025-08-20 15:48:18,469: Registering with master node http://localhost:11311
[xmlrpc][INFO] 2025-08-20 15:48:18,470: xml rpc node: starting XML-RPC server
[rospy.init][INFO] 2025-08-20 15:48:18,565: registered with master
[rospy.rosout][INFO] 2025-08-20 15:48:18,565: initializing /rosout core topic
[rospy.rosout][INFO] 2025-08-20 15:48:18,578: connected to core topic /rosout
[rospy.simtime][INFO] 2025-08-20 15:48:18,581: /use_sim_time is not set, will not subscribe to simulated time [/clock] topic
[rosout][INFO] 2025-08-20 15:48:18,705: Rosapi started
[rospy.internal][INFO] 2025-08-20 15:48:18,800: topic[/rosout] adding connection to [/rosout], count 0
[rospy.core][INFO] 2025-08-20 15:49:49,874: signal_shutdown [signal-2]
[rospy.internal][INFO] 2025-08-20 15:49:49,911: topic[/rosout] removing connection to /rosout
[rospy.impl.masterslave][INFO] 2025-08-20 15:49:49,912: signal-2
[rospy.core][INFO] 2025-08-20 15:49:50,476: signal_shutdown [atexit]
[rospy.client][INFO] 2025-08-20 15:50:17,939: init_node, name[/rosapi], pid[2548]
[xmlrpc][INFO] 2025-08-20 15:50:17,941: XML-RPC server binding to 0.0.0.0:0
[xmlrpc][INFO] 2025-08-20 15:50:17,942: Started XML-RPC server [http://kelpie2:34855/]
[rospy.init][INFO] 2025-08-20 15:50:17,944: ROS Slave URI: [http://kelpie2:34855/]
[rospy.impl.masterslave][INFO] 2025-08-20 15:50:17,944: _ready: http://kelpie2:34855/
[rospy.registration][INFO] 2025-08-20 15:50:17,947: Registering with master node http://localhost:11311
[xmlrpc][INFO] 2025-08-20 15:50:17,948: xml rpc node: starting XML-RPC server
[rospy.init][INFO] 2025-08-20 15:50:18,045: registered with master
[rospy.rosout][INFO] 2025-08-20 15:50:18,045: initializing /rosout core topic
[rospy.rosout][INFO] 2025-08-20 15:50:18,058: connected to core topic /rosout
[rospy.simtime][INFO] 2025-08-20 15:50:18,061: /use_sim_time is not set, will not subscribe to simulated time [/clock] topic
[rosout][INFO] 2025-08-20 15:50:18,181: Rosapi started
[rospy.internal][INFO] 2025-08-20 15:50:18,230: topic[/rosout] adding connection to [/rosout], count 0
[rospy.client][INFO] 2025-08-20 15:52:46,277: init_node, name[/rosapi], pid[2707]
[xmlrpc][INFO] 2025-08-20 15:52:46,278: XML-RPC server binding to 0.0.0.0:0
[xmlrpc][INFO] 2025-08-20 15:52:46,280: Started XML-RPC server [http://kelpie2:46763/]
[rospy.init][INFO] 2025-08-20 15:52:46,281: ROS Slave URI: [http://kelpie2:46763/]
[rospy.impl.masterslave][INFO] 2025-08-20 15:52:46,281: _ready: http://kelpie2:46763/
[rospy.registration][INFO] 2025-08-20 15:52:46,283: Registering with master node http://localhost:11311
[xmlrpc][INFO] 2025-08-20 15:52:46,284: xml rpc node: starting XML-RPC server
[rospy.init][INFO] 2025-08-20 15:52:46,382: registered with master
[rospy.rosout][INFO] 2025-08-20 15:52:46,382: initializing /rosout core topic
[rospy.rosout][INFO] 2025-08-20 15:52:46,402: connected to core topic /rosout
[rospy.simtime][INFO] 2025-08-20 15:52:46,407: /use_sim_time is not set, will not subscribe to simulated time [/clock] topic
[rospy.impl.masterslave][INFO] 2025-08-20 15:52:46,429: external shutdown request from [/master]: [/rosapi] Reason: new node registered with same name
[rospy.core][INFO] 2025-08-20 15:52:46,430: signal_shutdown [external shutdown request from [/master]: [[/rosapi] Reason: new node registered with same name]]
[rospy.internal][INFO] 2025-08-20 15:52:46,475: topic[/rosout] removing connection to /rosout
[rosout][INFO] 2025-08-20 15:52:46,578: Rosapi started
[rospy.internal][INFO] 2025-08-20 15:52:46,598: topic[/rosout] adding connection to [/rosout], count 0
[rospy.core][INFO] 2025-08-20 15:52:46,843: signal_shutdown [atexit]
[rospy.core][INFO] 2025-08-20 15:53:23,257: signal_shutdown [signal-2]
[rospy.internal][INFO] 2025-08-20 15:53:23,274: topic[/rosout] removing connection to /rosout
[rospy.impl.masterslave][INFO] 2025-08-20 15:53:23,275: signal-2
[rospy.core][INFO] 2025-08-20 15:53:23,862: signal_shutdown [atexit]
[rospy.client][INFO] 2025-08-20 15:54:22,960: init_node, name[/rosapi], pid[2869]
[xmlrpc][INFO] 2025-08-20 15:54:22,961: XML-RPC server binding to 0.0.0.0:0
[xmlrpc][INFO] 2025-08-20 15:54:22,962: Started XML-RPC server [http://kelpie2:38827/]
[rospy.init][INFO] 2025-08-20 15:54:22,963: ROS Slave URI: [http://kelpie2:38827/]
[rospy.impl.masterslave][INFO] 2025-08-20 15:54:22,964: _ready: http://kelpie2:38827/
[rospy.registration][INFO] 2025-08-20 15:54:22,966: Registering with master node http://localhost:11311
[xmlrpc][INFO] 2025-08-20 15:54:22,967: xml rpc node: starting XML-RPC server
[rospy.init][INFO] 2025-08-20 15:54:23,065: registered with master
[rospy.rosout][INFO] 2025-08-20 15:54:23,065: initializing /rosout core topic
[rospy.rosout][INFO] 2025-08-20 15:54:23,080: connected to core topic /rosout
[rospy.simtime][INFO] 2025-08-20 15:54:23,086: /use_sim_time is not set, will not subscribe to simulated time [/clock] topic
[rosout][INFO] 2025-08-20 15:54:23,197: Rosapi started
[rospy.internal][INFO] 2025-08-20 15:54:23,300: topic[/rosout] adding connection to [/rosout], count 0
[rospy.client][INFO] 2025-08-20 15:56:24,701: init_node, name[/rosapi], pid[3006]
[xmlrpc][INFO] 2025-08-20 15:56:24,703: XML-RPC server binding to 0.0.0.0:0
[xmlrpc][INFO] 2025-08-20 15:56:24,704: Started XML-RPC server [http://kelpie2:40055/]
[rospy.init][INFO] 2025-08-20 15:56:24,705: ROS Slave URI: [http://kelpie2:40055/]
[rospy.impl.masterslave][INFO] 2025-08-20 15:56:24,709: _ready: http://kelpie2:40055/
[rospy.registration][INFO] 2025-08-20 15:56:24,715: Registering with master node http://localhost:11311
[xmlrpc][INFO] 2025-08-20 15:56:24,718: xml rpc node: starting XML-RPC server
[rospy.init][INFO] 2025-08-20 15:56:24,810: registered with master
[rospy.rosout][INFO] 2025-08-20 15:56:24,811: initializing /rosout core topic
[rospy.rosout][INFO] 2025-08-20 15:56:24,844: connected to core topic /rosout
[rospy.simtime][INFO] 2025-08-20 15:56:24,851: /use_sim_time is not set, will not subscribe to simulated time [/clock] topic
[rospy.impl.masterslave][INFO] 2025-08-20 15:56:24,855: external shutdown request from [/master]: [/rosapi] Reason: new node registered with same name
[rospy.core][INFO] 2025-08-20 15:56:24,856: signal_shutdown [external shutdown request from [/master]: [[/rosapi] Reason: new node registered with same name]]
[rospy.internal][INFO] 2025-08-20 15:56:24,891: topic[/rosout] removing connection to /rosout
[rosout][INFO] 2025-08-20 15:56:25,005: Rosapi started
[rospy.internal][INFO] 2025-08-20 15:56:25,024: topic[/rosout] adding connection to [/rosout], count 0
[rospy.core][INFO] 2025-08-20 15:56:25,334: signal_shutdown [atexit]
[rospy.core][INFO] 2025-08-20 15:56:39,712: signal_shutdown [signal-2]
[rospy.internal][INFO] 2025-08-20 15:56:39,730: topic[/rosout] removing connection to /rosout
[rospy.impl.masterslave][INFO] 2025-08-20 15:56:39,731: signal-2
[rospy.core][INFO] 2025-08-20 15:56:40,315: signal_shutdown [atexit]
[rospy.client][INFO] 2025-08-20 15:57:11,549: init_node, name[/rosapi], pid[3131]
[xmlrpc][INFO] 2025-08-20 15:57:11,551: XML-RPC server binding to 0.0.0.0:0
[xmlrpc][INFO] 2025-08-20 15:57:11,553: Started XML-RPC server [http://kelpie2:40139/]
[rospy.init][INFO] 2025-08-20 15:57:11,554: ROS Slave URI: [http://kelpie2:40139/]
[rospy.impl.masterslave][INFO] 2025-08-20 15:57:11,555: _ready: http://kelpie2:40139/
[rospy.registration][INFO] 2025-08-20 15:57:11,558: Registering with master node http://localhost:11311
[xmlrpc][INFO] 2025-08-20 15:57:11,558: xml rpc node: starting XML-RPC server
[rospy.init][INFO] 2025-08-20 15:57:11,656: registered with master
[rospy.rosout][INFO] 2025-08-20 15:57:11,656: initializing /rosout core topic
[rospy.rosout][INFO] 2025-08-20 15:57:11,669: connected to core topic /rosout
[rospy.simtime][INFO] 2025-08-20 15:57:11,673: /use_sim_time is not set, will not subscribe to simulated time [/clock] topic
[rosout][INFO] 2025-08-20 15:57:11,765: Rosapi started
[rospy.internal][INFO] 2025-08-20 15:57:11,928: topic[/rosout] adding connection to [/rosout], count 0
