[rospy.client][INFO] 2025-08-11 16:15:00,083: init_node, name[/kelpie], pid[3082]
[xmlrpc][INFO] 2025-08-11 16:15:00,085: XML-RPC server binding to 127.0.0.1:0
[xmlrpc][INFO] 2025-08-11 16:15:00,087: Started XML-RPC server [http://localhost:37587/]
[rospy.init][INFO] 2025-08-11 16:15:00,087: ROS Slave URI: [http://localhost:37587/]
[rospy.impl.masterslave][INFO] 2025-08-11 16:15:00,088: _ready: http://localhost:37587/
[rospy.registration][INFO] 2025-08-11 16:15:00,091: Registering with master node http://localhost:11311
[xmlrpc][INFO] 2025-08-11 16:15:00,092: xml rpc node: starting XML-RPC server
[rospy.init][INFO] 2025-08-11 16:15:00,189: registered with master
[rospy.rosout][INFO] 2025-08-11 16:15:00,190: initializing /rosout core topic
[rospy.rosout][INFO] 2025-08-11 16:15:00,202: connected to core topic /rosout
[rospy.simtime][INFO] 2025-08-11 16:15:00,205: /use_sim_time is not set, will not subscribe to simulated time [/clock] topic
[rosout][INFO] 2025-08-11 16:15:00,248: Creating input listener...
[rosout][INFO] 2025-08-11 16:15:00,260: Input listener successfully initialised... Robot will now receive commands via Joy messages
[rosout][INFO] 2025-08-11 16:15:00,265: Summary of current gait parameters:
[rosout][INFO] 2025-08-11 16:15:00,273: overlap time: 0.04
[rosout][INFO] 2025-08-11 16:15:00,279: swing time: 0.07
[rosout][INFO] 2025-08-11 16:15:00,286: z clearance: 0.08
[rosout][INFO] 2025-08-11 16:15:00,299: back leg x shift: 0.00
[rosout][INFO] 2025-08-11 16:15:00,309: front leg x shift: 0.05
[rosout][INFO] 2025-08-11 16:15:00,316: Manual robot control active. Currently not accepting external commands
[rospy.internal][INFO] 2025-08-11 16:15:00,544: topic[/rosout] adding connection to [/rosout], count 0
[rospy.core][INFO] 2025-08-11 16:15:37,519: signal_shutdown [signal-15]
[rospy.internal][INFO] 2025-08-11 16:15:37,535: topic[/rosout] removing connection to /rosout
[rospy.impl.masterslave][INFO] 2025-08-11 16:15:37,535: signal-15
