[rosmaster.main][INFO] 2025-08-11 11:09:26,197: initialization complete, waiting for shutdown
[rosmaster.main][INFO] 2025-08-11 11:09:26,197: Starting ROS Master Node
[xmlrpc][INFO] 2025-08-11 11:09:26,199: XML-RPC server binding to 127.0.0.1:11311
[xmlrpc][INFO] 2025-08-11 11:09:26,200: Started XML-RPC server [http://localhost:11311/]
[rosmaster.master][INFO] 2025-08-11 11:09:26,200: Master initialized: port[11311], uri[http://localhost:11311/]
[xmlrpc][INFO] 2025-08-11 11:09:26,200: xml rpc node: starting XML-RPC server
[rosmaster.master][INFO] 2025-08-11 11:09:26,226: +PARAM [/run_id] by /roslaunch
[rosmaster.master][INFO] 2025-08-11 11:09:26,229: +PARAM [/roslaunch/uris/host_localhost__37631] by /roslaunch
[rosmaster.master][INFO] 2025-08-11 11:09:26,347: +PARAM [/rosversion] by /roslaunch
[rosmaster.master][INFO] 2025-08-11 11:09:26,347: +PARAM [/rosdistro] by /roslaunch
[rosmaster.master][INFO] 2025-08-11 11:09:26,348: +PARAM [/rosbridge_websocket/authenticate] by /roslaunch
[rosmaster.master][INFO] 2025-08-11 11:09:26,348: +PARAM [/rosbridge_websocket/port] by /roslaunch
[rosmaster.master][INFO] 2025-08-11 11:09:26,348: +PARAM [/rosbridge_websocket/address] by /roslaunch
[rosmaster.master][INFO] 2025-08-11 11:09:26,348: +PARAM [/rosbridge_websocket/retry_startup_delay] by /roslaunch
[rosmaster.master][INFO] 2025-08-11 11:09:26,349: +PARAM [/rosbridge_websocket/fragment_timeout] by /roslaunch
[rosmaster.master][INFO] 2025-08-11 11:09:26,349: +PARAM [/rosbridge_websocket/delay_between_messages] by /roslaunch
[rosmaster.master][INFO] 2025-08-11 11:09:26,349: +PARAM [/rosbridge_websocket/max_message_size] by /roslaunch
[rosmaster.master][INFO] 2025-08-11 11:09:26,349: +PARAM [/rosbridge_websocket/unregister_timeout] by /roslaunch
[rosmaster.master][INFO] 2025-08-11 11:09:26,349: +PARAM [/rosbridge_websocket/use_compression] by /roslaunch
[rosmaster.master][INFO] 2025-08-11 11:09:26,350: +PARAM [/rosbridge_websocket/websocket_ping_interval] by /roslaunch
[rosmaster.master][INFO] 2025-08-11 11:09:26,350: +PARAM [/rosbridge_websocket/websocket_ping_timeout] by /roslaunch
[rosmaster.master][INFO] 2025-08-11 11:09:26,350: +PARAM [/rosbridge_websocket/websocket_external_port] by /roslaunch
[rosmaster.master][INFO] 2025-08-11 11:09:26,350: +PARAM [/rosbridge_websocket/topics_glob] by /roslaunch
[rosmaster.master][INFO] 2025-08-11 11:09:26,351: +PARAM [/rosbridge_websocket/services_glob] by /roslaunch
[rosmaster.master][INFO] 2025-08-11 11:09:26,351: +PARAM [/rosbridge_websocket/params_glob] by /roslaunch
[rosmaster.master][INFO] 2025-08-11 11:09:26,351: +PARAM [/rosbridge_websocket/bson_only_mode] by /roslaunch
[rosmaster.master][INFO] 2025-08-11 11:09:26,351: +PARAM [/rosapi/topics_glob] by /roslaunch
[rosmaster.master][INFO] 2025-08-11 11:09:26,351: +PARAM [/rosapi/services_glob] by /roslaunch
[rosmaster.master][INFO] 2025-08-11 11:09:26,351: +PARAM [/rosapi/params_glob] by /roslaunch
[rosmaster.master][INFO] 2025-08-11 11:09:26,527: +SERVICE [/rosout/get_loggers] /rosout http://localhost:40025/
[rosmaster.master][INFO] 2025-08-11 11:09:26,529: +SERVICE [/rosout/set_logger_level] /rosout http://localhost:40025/
[rosmaster.master][INFO] 2025-08-11 11:09:26,533: +PUB [/rosout_agg] /rosout http://localhost:40025/
[rosmaster.master][INFO] 2025-08-11 11:09:26,543: +SUB [/rosout] /rosout http://localhost:40025/
[rosmaster.master][INFO] 2025-08-11 11:09:27,729: +PUB [/rosout] /rosapi http://localhost:46463/
[rosmaster.master][INFO] 2025-08-11 11:09:27,736: +SERVICE [/rosapi/get_loggers] /rosapi http://localhost:46463/
[rosmaster.master][INFO] 2025-08-11 11:09:27,739: +SERVICE [/rosapi/set_logger_level] /rosapi http://localhost:46463/
[rosmaster.master][INFO] 2025-08-11 11:09:27,749: +SERVICE [/rosapi/topics] /rosapi http://localhost:46463/
[rosmaster.master][INFO] 2025-08-11 11:09:27,752: +SERVICE [/rosapi/topics_for_type] /rosapi http://localhost:46463/
[rosmaster.master][INFO] 2025-08-11 11:09:27,755: +SERVICE [/rosapi/services] /rosapi http://localhost:46463/
[rosmaster.master][INFO] 2025-08-11 11:09:27,759: +SERVICE [/rosapi/services_for_type] /rosapi http://localhost:46463/
[rosmaster.master][INFO] 2025-08-11 11:09:27,762: +SERVICE [/rosapi/nodes] /rosapi http://localhost:46463/
[rosmaster.master][INFO] 2025-08-11 11:09:27,765: +SERVICE [/rosapi/node_details] /rosapi http://localhost:46463/
[rosmaster.master][INFO] 2025-08-11 11:09:27,768: +SERVICE [/rosapi/action_servers] /rosapi http://localhost:46463/
[rosmaster.master][INFO] 2025-08-11 11:09:27,771: +SERVICE [/rosapi/topic_type] /rosapi http://localhost:46463/
[rosmaster.master][INFO] 2025-08-11 11:09:27,775: +SERVICE [/rosapi/service_type] /rosapi http://localhost:46463/
[rosmaster.master][INFO] 2025-08-11 11:09:27,778: +SERVICE [/rosapi/publishers] /rosapi http://localhost:46463/
[rosmaster.master][INFO] 2025-08-11 11:09:27,781: +SERVICE [/rosapi/subscribers] /rosapi http://localhost:46463/
[rosmaster.master][INFO] 2025-08-11 11:09:27,784: +SERVICE [/rosapi/service_providers] /rosapi http://localhost:46463/
[rosmaster.master][INFO] 2025-08-11 11:09:27,788: +SERVICE [/rosapi/service_node] /rosapi http://localhost:46463/
[rosmaster.master][INFO] 2025-08-11 11:09:27,791: +SERVICE [/rosapi/service_host] /rosapi http://localhost:46463/
[rosmaster.master][INFO] 2025-08-11 11:09:27,794: +SERVICE [/rosapi/message_details] /rosapi http://localhost:46463/
[rosmaster.master][INFO] 2025-08-11 11:09:27,798: +SERVICE [/rosapi/service_request_details] /rosapi http://localhost:46463/
[rosmaster.master][INFO] 2025-08-11 11:09:27,801: +SERVICE [/rosapi/service_response_details] /rosapi http://localhost:46463/
[rosmaster.master][INFO] 2025-08-11 11:09:27,802: publisherUpdate[/rosout] -> http://localhost:40025/ ['http://localhost:46463/']
[rosmaster.master][INFO] 2025-08-11 11:09:27,805: +SERVICE [/rosapi/set_param] /rosapi http://localhost:46463/
[rosmaster.master][INFO] 2025-08-11 11:09:27,811: +SERVICE [/rosapi/get_param] /rosapi http://localhost:46463/
[rosmaster.master][INFO] 2025-08-11 11:09:27,815: publisherUpdate[/rosout] -> http://localhost:40025/ ['http://localhost:46463/']: sec=0.01, result=[1, '', 0]
[rosmaster.master][INFO] 2025-08-11 11:09:27,816: +SERVICE [/rosapi/has_param] /rosapi http://localhost:46463/
[rosmaster.master][INFO] 2025-08-11 11:09:27,819: +SERVICE [/rosapi/search_param] /rosapi http://localhost:46463/
[rosmaster.master][INFO] 2025-08-11 11:09:27,822: +SERVICE [/rosapi/delete_param] /rosapi http://localhost:46463/
[rosmaster.master][INFO] 2025-08-11 11:09:27,825: +SERVICE [/rosapi/get_param_names] /rosapi http://localhost:46463/
[rosmaster.master][INFO] 2025-08-11 11:09:27,829: +SERVICE [/rosapi/get_time] /rosapi http://localhost:46463/
[rosmaster.master][INFO] 2025-08-11 11:09:27,832: +SERVICE [/rosapi/topics_and_raw_types] /rosapi http://localhost:46463/
[rosmaster.master][INFO] 2025-08-11 11:09:27,836: +CACHEDPARAM [/rosout_disable_topics_generation] by /rosapi
[rosmaster.master][INFO] 2025-08-11 11:09:28,022: +CACHEDPARAM [/rosout/omit_topics] by /rosout
[rosmaster.master][INFO] 2025-08-11 11:09:28,486: +PUB [/rosout] /rosbridge_websocket http://localhost:45209/
[rosmaster.master][INFO] 2025-08-11 11:09:28,494: +SERVICE [/rosbridge_websocket/get_loggers] /rosbridge_websocket http://localhost:45209/
[rosmaster.master][INFO] 2025-08-11 11:09:28,497: +SERVICE [/rosbridge_websocket/set_logger_level] /rosbridge_websocket http://localhost:45209/
[rosmaster.master][INFO] 2025-08-11 11:09:28,504: publisherUpdate[/rosout] -> http://localhost:40025/ ['http://localhost:46463/', 'http://localhost:45209/']
[rosmaster.master][INFO] 2025-08-11 11:09:28,514: publisherUpdate[/rosout] -> http://localhost:40025/ ['http://localhost:46463/', 'http://localhost:45209/']: sec=0.01, result=[1, '', 0]
[rosmaster.master][INFO] 2025-08-11 11:09:28,540: +PUB [/client_count] /rosbridge_websocket http://localhost:45209/
[rosmaster.master][INFO] 2025-08-11 11:09:28,543: +PUB [/connected_clients] /rosbridge_websocket http://localhost:45209/
[rosmaster.master][INFO] 2025-08-11 11:09:28,552: +PARAM [/rosbridge_websocket/actual_port] by /rosbridge_websocket
[rosmaster.master][INFO] 2025-08-11 11:09:28,558: +CACHEDPARAM [/rosout_disable_topics_generation] by /rosbridge_websocket
[rosmaster.master][INFO] 2025-08-11 11:10:53,362: -PUB [/rosout] /rosbridge_websocket http://localhost:45209/
[rosmaster.master][INFO] 2025-08-11 11:10:53,366: -PUB [/rosout] /rosapi http://localhost:46463/
[rosmaster.master][INFO] 2025-08-11 11:10:53,367: -PUB [/client_count] /rosbridge_websocket http://localhost:45209/
[rosmaster.master][INFO] 2025-08-11 11:10:53,367: -SERVICE [/rosapi/get_loggers] /rosapi rosrpc://localhost:33289
[rosmaster.master][INFO] 2025-08-11 11:10:53,367: -PUB [/connected_clients] /rosbridge_websocket http://localhost:45209/
[rosmaster.master][INFO] 2025-08-11 11:10:53,368: -SERVICE [/rosapi/set_logger_level] /rosapi rosrpc://localhost:33289
[rosmaster.master][INFO] 2025-08-11 11:10:53,368: -SERVICE [/rosbridge_websocket/get_loggers] /rosbridge_websocket rosrpc://localhost:38547
[rosmaster.master][INFO] 2025-08-11 11:10:53,368: -SERVICE [/rosapi/topics] /rosapi rosrpc://localhost:33289
[rosmaster.master][INFO] 2025-08-11 11:10:53,369: -SERVICE [/rosbridge_websocket/set_logger_level] /rosbridge_websocket rosrpc://localhost:38547
[rosmaster.master][INFO] 2025-08-11 11:10:53,370: -SERVICE [/rosapi/topics_for_type] /rosapi rosrpc://localhost:33289
[rosmaster.master][INFO] 2025-08-11 11:10:53,370: -SERVICE [/rosapi/services] /rosapi rosrpc://localhost:33289
[rosmaster.master][INFO] 2025-08-11 11:10:53,371: -SERVICE [/rosapi/services_for_type] /rosapi rosrpc://localhost:33289
[rosmaster.master][INFO] 2025-08-11 11:10:53,371: -SERVICE [/rosapi/nodes] /rosapi rosrpc://localhost:33289
[rosmaster.master][INFO] 2025-08-11 11:10:53,371: -SERVICE [/rosapi/node_details] /rosapi rosrpc://localhost:33289
[rosmaster.master][INFO] 2025-08-11 11:10:53,372: -SERVICE [/rosapi/action_servers] /rosapi rosrpc://localhost:33289
[rosmaster.master][INFO] 2025-08-11 11:10:53,372: -SERVICE [/rosapi/topic_type] /rosapi rosrpc://localhost:33289
[rosmaster.master][INFO] 2025-08-11 11:10:53,372: -SERVICE [/rosapi/service_type] /rosapi rosrpc://localhost:33289
[rosmaster.master][INFO] 2025-08-11 11:10:53,373: -SERVICE [/rosapi/publishers] /rosapi rosrpc://localhost:33289
[rosmaster.master][INFO] 2025-08-11 11:10:53,373: -SERVICE [/rosapi/subscribers] /rosapi rosrpc://localhost:33289
[rosmaster.master][INFO] 2025-08-11 11:10:53,374: -SERVICE [/rosapi/service_providers] /rosapi rosrpc://localhost:33289
[rosmaster.master][INFO] 2025-08-11 11:10:53,374: -SERVICE [/rosapi/service_node] /rosapi rosrpc://localhost:33289
[rosmaster.master][INFO] 2025-08-11 11:10:53,374: -SERVICE [/rosapi/service_host] /rosapi rosrpc://localhost:33289
[rosmaster.master][INFO] 2025-08-11 11:10:53,374: -SERVICE [/rosapi/message_details] /rosapi rosrpc://localhost:33289
[rosmaster.master][INFO] 2025-08-11 11:10:53,375: -SERVICE [/rosapi/service_request_details] /rosapi rosrpc://localhost:33289
[rosmaster.master][INFO] 2025-08-11 11:10:53,375: -SERVICE [/rosapi/service_response_details] /rosapi rosrpc://localhost:33289
[rosmaster.master][INFO] 2025-08-11 11:10:53,375: -SERVICE [/rosapi/set_param] /rosapi rosrpc://localhost:33289
[rosmaster.master][INFO] 2025-08-11 11:10:53,375: -SERVICE [/rosapi/get_param] /rosapi rosrpc://localhost:33289
[rosmaster.master][INFO] 2025-08-11 11:10:53,376: -SERVICE [/rosapi/has_param] /rosapi rosrpc://localhost:33289
[rosmaster.master][INFO] 2025-08-11 11:10:53,376: -SERVICE [/rosapi/search_param] /rosapi rosrpc://localhost:33289
[rosmaster.master][INFO] 2025-08-11 11:10:53,376: -SERVICE [/rosapi/delete_param] /rosapi rosrpc://localhost:33289
[rosmaster.master][INFO] 2025-08-11 11:10:53,376: -SERVICE [/rosapi/get_param_names] /rosapi rosrpc://localhost:33289
[rosmaster.master][INFO] 2025-08-11 11:10:53,377: -SERVICE [/rosapi/get_time] /rosapi rosrpc://localhost:33289
[rosmaster.master][INFO] 2025-08-11 11:10:53,377: -SERVICE [/rosapi/topics_and_raw_types] /rosapi rosrpc://localhost:33289
[rosmaster.master][INFO] 2025-08-11 11:10:53,453: publisherUpdate[/rosout] -> http://localhost:40025/ ['http://localhost:46463/']
[rosmaster.master][INFO] 2025-08-11 11:10:53,455: publisherUpdate[/rosout] -> http://localhost:40025/ ['http://localhost:46463/']: sec=0.00, result=[1, '', 0]
[rosmaster.master][INFO] 2025-08-11 11:10:53,455: publisherUpdate[/rosout] -> http://localhost:40025/ []
[rosmaster.master][INFO] 2025-08-11 11:10:53,456: publisherUpdate[/rosout] -> http://localhost:40025/ []: sec=0.00, result=[1, '', 0]
[rosmaster.master][INFO] 2025-08-11 11:10:54,458: -PUB [/rosout_agg] /rosout http://localhost:40025/
[rosmaster.master][INFO] 2025-08-11 11:10:54,460: -SUB [/rosout] /rosout http://localhost:40025/
[rosmaster.master][INFO] 2025-08-11 11:10:54,461: -SERVICE [/rosout/get_loggers] /rosout rosrpc://localhost:49879
[rosmaster.master][INFO] 2025-08-11 11:10:54,462: -SERVICE [/rosout/set_logger_level] /rosout rosrpc://localhost:49879
[rosmaster.master][INFO] 2025-08-11 11:10:54,464: -CACHEDPARAM [/rosout/omit_topics] by /rosout
[rosmaster.main][INFO] 2025-08-11 11:10:54,568: keyboard interrupt, will exit
[rosmaster.main][INFO] 2025-08-11 11:10:54,569: stopping master...
[rospy.core][INFO] 2025-08-11 11:10:54,569: signal_shutdown [atexit]
