[rosmaster.main][INFO] 2025-08-11 16:03:42,098: initialization complete, waiting for shutdown
[rosmaster.main][INFO] 2025-08-11 16:03:42,098: Starting ROS Master Node
[xmlrpc][INFO] 2025-08-11 16:03:42,100: XML-RPC server binding to 127.0.0.1:11311
[xmlrpc][INFO] 2025-08-11 16:03:42,100: Started XML-RPC server [http://localhost:11311/]
[rosmaster.master][INFO] 2025-08-11 16:03:42,101: Master initialized: port[11311], uri[http://localhost:11311/]
[xmlrpc][INFO] 2025-08-11 16:03:42,101: xml rpc node: starting XML-RPC server
[rosmaster.master][INFO] 2025-08-11 16:03:42,123: +PARAM [/run_id] by /roslaunch
[rosmaster.master][INFO] 2025-08-11 16:03:42,126: +PARAM [/roslaunch/uris/host_localhost__33925] by /roslaunch
[rosmaster.master][INFO] 2025-08-11 16:03:42,263: +PARAM [/rosversion] by /roslaunch
[rosmaster.master][INFO] 2025-08-11 16:03:42,263: +PARAM [/rosdistro] by /roslaunch
[rosmaster.master][INFO] 2025-08-11 16:03:42,264: +PARAM [/rosbridge_websocket/authenticate] by /roslaunch
[rosmaster.master][INFO] 2025-08-11 16:03:42,264: +PARAM [/rosbridge_websocket/port] by /roslaunch
[rosmaster.master][INFO] 2025-08-11 16:03:42,264: +PARAM [/rosbridge_websocket/address] by /roslaunch
[rosmaster.master][INFO] 2025-08-11 16:03:42,264: +PARAM [/rosbridge_websocket/retry_startup_delay] by /roslaunch
[rosmaster.master][INFO] 2025-08-11 16:03:42,265: +PARAM [/rosbridge_websocket/fragment_timeout] by /roslaunch
[rosmaster.master][INFO] 2025-08-11 16:03:42,265: +PARAM [/rosbridge_websocket/delay_between_messages] by /roslaunch
[rosmaster.master][INFO] 2025-08-11 16:03:42,265: +PARAM [/rosbridge_websocket/max_message_size] by /roslaunch
[rosmaster.master][INFO] 2025-08-11 16:03:42,265: +PARAM [/rosbridge_websocket/unregister_timeout] by /roslaunch
[rosmaster.master][INFO] 2025-08-11 16:03:42,265: +PARAM [/rosbridge_websocket/use_compression] by /roslaunch
[rosmaster.master][INFO] 2025-08-11 16:03:42,266: +PARAM [/rosbridge_websocket/websocket_ping_interval] by /roslaunch
[rosmaster.master][INFO] 2025-08-11 16:03:42,266: +PARAM [/rosbridge_websocket/websocket_ping_timeout] by /roslaunch
[rosmaster.master][INFO] 2025-08-11 16:03:42,266: +PARAM [/rosbridge_websocket/websocket_external_port] by /roslaunch
[rosmaster.master][INFO] 2025-08-11 16:03:42,266: +PARAM [/rosbridge_websocket/topics_glob] by /roslaunch
[rosmaster.master][INFO] 2025-08-11 16:03:42,266: +PARAM [/rosbridge_websocket/services_glob] by /roslaunch
[rosmaster.master][INFO] 2025-08-11 16:03:42,267: +PARAM [/rosbridge_websocket/params_glob] by /roslaunch
[rosmaster.master][INFO] 2025-08-11 16:03:42,267: +PARAM [/rosbridge_websocket/bson_only_mode] by /roslaunch
[rosmaster.master][INFO] 2025-08-11 16:03:42,267: +PARAM [/rosapi/topics_glob] by /roslaunch
[rosmaster.master][INFO] 2025-08-11 16:03:42,267: +PARAM [/rosapi/services_glob] by /roslaunch
[rosmaster.master][INFO] 2025-08-11 16:03:42,268: +PARAM [/rosapi/params_glob] by /roslaunch
[rosmaster.master][INFO] 2025-08-11 16:03:42,274: +SERVICE [/rosout/get_loggers] /rosout http://localhost:39749/
[rosmaster.master][INFO] 2025-08-11 16:03:42,277: +SERVICE [/rosout/set_logger_level] /rosout http://localhost:39749/
[rosmaster.master][INFO] 2025-08-11 16:03:42,283: +PUB [/rosout_agg] /rosout http://localhost:39749/
[rosmaster.master][INFO] 2025-08-11 16:03:42,295: +SUB [/rosout] /rosout http://localhost:39749/
[rosmaster.master][INFO] 2025-08-11 16:03:43,944: +PUB [/rosout] /kelpie http://localhost:38393/
[rosmaster.master][INFO] 2025-08-11 16:03:43,949: +PUB [/rosout] /rosapi http://localhost:40547/
[rosmaster.master][INFO] 2025-08-11 16:03:43,957: +SERVICE [/kelpie/get_loggers] /kelpie http://localhost:38393/
[rosmaster.master][INFO] 2025-08-11 16:03:43,961: +SERVICE [/rosapi/get_loggers] /rosapi http://localhost:40547/
[rosmaster.master][INFO] 2025-08-11 16:03:43,963: +SERVICE [/kelpie/set_logger_level] /kelpie http://localhost:38393/
[rosmaster.master][INFO] 2025-08-11 16:03:43,965: +SERVICE [/rosapi/set_logger_level] /rosapi http://localhost:40547/
[rosmaster.master][INFO] 2025-08-11 16:03:43,971: +SUB [/kelpie/imu] /kelpie http://localhost:38393/
[rosmaster.master][INFO] 2025-08-11 16:03:43,978: +SUB [/kelpie/leg_control/currents] /kelpie http://localhost:38393/
[rosmaster.master][INFO] 2025-08-11 16:03:43,980: +SERVICE [/rosapi/topics] /rosapi http://localhost:40547/
[rosmaster.master][INFO] 2025-08-11 16:03:43,984: +SERVICE [/rosapi/topics_for_type] /rosapi http://localhost:40547/
[rosmaster.master][INFO] 2025-08-11 16:03:43,986: +SUB [/kelpie/battery/voltage] /kelpie http://localhost:38393/
[rosmaster.master][INFO] 2025-08-11 16:03:43,987: +SERVICE [/rosapi/services] /rosapi http://localhost:40547/
[rosmaster.master][INFO] 2025-08-11 16:03:43,990: +PUB [/kelpie/leg_control/joint_states] /kelpie http://localhost:38393/
[rosmaster.master][INFO] 2025-08-11 16:03:43,992: +SERVICE [/rosapi/services_for_type] /rosapi http://localhost:40547/
[rosmaster.master][INFO] 2025-08-11 16:03:43,995: +SERVICE [/rosapi/nodes] /rosapi http://localhost:40547/
[rosmaster.master][INFO] 2025-08-11 16:03:43,997: +CACHEDPARAM [/rosout_disable_topics_generation] by /kelpie
[rosmaster.master][INFO] 2025-08-11 16:03:44,000: +SERVICE [/rosapi/node_details] /rosapi http://localhost:40547/
[rosmaster.master][INFO] 2025-08-11 16:03:44,003: publisherUpdate[/rosout] -> http://localhost:39749/ ['http://localhost:38393/']
[rosmaster.master][INFO] 2025-08-11 16:03:44,009: +SUB [/kelpie/command_input] /kelpie http://localhost:38393/
[rosmaster.master][INFO] 2025-08-11 16:03:44,016: +SERVICE [/rosapi/action_servers] /rosapi http://localhost:40547/
[rosmaster.master][INFO] 2025-08-11 16:03:44,020: +CACHEDPARAM [/rosout_disable_topics_generation] by /kelpie
[rosmaster.master][INFO] 2025-08-11 16:03:44,021: +SERVICE [/rosapi/topic_type] /rosapi http://localhost:40547/
[rosmaster.master][INFO] 2025-08-11 16:03:44,026: publisherUpdate[/rosout] -> http://localhost:39749/ ['http://localhost:38393/']: sec=0.02, result=[1, '', 0]
[rosmaster.master][INFO] 2025-08-11 16:03:44,027: publisherUpdate[/rosout] -> http://localhost:39749/ ['http://localhost:38393/', 'http://localhost:40547/']
[rosmaster.master][INFO] 2025-08-11 16:03:44,029: +SERVICE [/rosapi/service_type] /rosapi http://localhost:40547/
[rosmaster.master][INFO] 2025-08-11 16:03:44,031: +CACHEDPARAM [/rosout_disable_topics_generation] by /kelpie
[rosmaster.master][INFO] 2025-08-11 16:03:44,033: publisherUpdate[/rosout] -> http://localhost:39749/ ['http://localhost:38393/', 'http://localhost:40547/']: sec=0.01, result=[1, '', 0]
[rosmaster.master][INFO] 2025-08-11 16:03:44,034: +SERVICE [/rosapi/publishers] /rosapi http://localhost:40547/
[rosmaster.master][INFO] 2025-08-11 16:03:44,037: +CACHEDPARAM [/rosout_disable_topics_generation] by /kelpie
[rosmaster.master][INFO] 2025-08-11 16:03:44,039: +SERVICE [/rosapi/subscribers] /rosapi http://localhost:40547/
[rosmaster.master][INFO] 2025-08-11 16:03:44,042: +CACHEDPARAM [/rosout_disable_topics_generation] by /kelpie
[rosmaster.master][INFO] 2025-08-11 16:03:44,044: +SERVICE [/rosapi/service_providers] /rosapi http://localhost:40547/
[rosmaster.master][INFO] 2025-08-11 16:03:44,048: +SERVICE [/rosapi/service_node] /rosapi http://localhost:40547/
[rosmaster.master][INFO] 2025-08-11 16:03:44,055: +CACHEDPARAM [/rosout_disable_topics_generation] by /kelpie
[rosmaster.master][INFO] 2025-08-11 16:03:44,057: +SERVICE [/rosapi/service_host] /rosapi http://localhost:40547/
[rosmaster.master][INFO] 2025-08-11 16:03:44,060: +CACHEDPARAM [/rosout_disable_topics_generation] by /kelpie
[rosmaster.master][INFO] 2025-08-11 16:03:44,061: +SERVICE [/rosapi/message_details] /rosapi http://localhost:40547/
[rosmaster.master][INFO] 2025-08-11 16:03:44,066: +SERVICE [/rosapi/service_request_details] /rosapi http://localhost:40547/
[rosmaster.master][INFO] 2025-08-11 16:03:44,068: +CACHEDPARAM [/rosout_disable_topics_generation] by /kelpie
[rosmaster.master][INFO] 2025-08-11 16:03:44,072: +SERVICE [/rosapi/service_response_details] /rosapi http://localhost:40547/
[rosmaster.master][INFO] 2025-08-11 16:03:44,075: +CACHEDPARAM [/rosout_disable_topics_generation] by /kelpie
[rosmaster.master][INFO] 2025-08-11 16:03:44,077: +SERVICE [/rosapi/set_param] /rosapi http://localhost:40547/
[rosmaster.master][INFO] 2025-08-11 16:03:44,084: +SERVICE [/rosapi/get_param] /rosapi http://localhost:40547/
[rosmaster.master][INFO] 2025-08-11 16:03:44,091: +SERVICE [/rosapi/has_param] /rosapi http://localhost:40547/
[rosmaster.master][INFO] 2025-08-11 16:03:44,097: +SERVICE [/rosapi/search_param] /rosapi http://localhost:40547/
[rosmaster.master][INFO] 2025-08-11 16:03:44,104: +SERVICE [/rosapi/delete_param] /rosapi http://localhost:40547/
[rosmaster.master][INFO] 2025-08-11 16:03:44,110: +SERVICE [/rosapi/get_param_names] /rosapi http://localhost:40547/
[rosmaster.master][INFO] 2025-08-11 16:03:44,116: +SERVICE [/rosapi/get_time] /rosapi http://localhost:40547/
[rosmaster.master][INFO] 2025-08-11 16:03:44,121: +SERVICE [/rosapi/topics_and_raw_types] /rosapi http://localhost:40547/
[rosmaster.master][INFO] 2025-08-11 16:03:44,127: +CACHEDPARAM [/rosout_disable_topics_generation] by /rosapi
[rosmaster.master][INFO] 2025-08-11 16:03:44,244: +CACHEDPARAM [/rosout/omit_topics] by /rosout
[rosmaster.master][INFO] 2025-08-11 16:03:44,778: +PUB [/rosout] /rosbridge_websocket http://localhost:37481/
[rosmaster.master][INFO] 2025-08-11 16:03:44,785: +SERVICE [/rosbridge_websocket/get_loggers] /rosbridge_websocket http://localhost:37481/
[rosmaster.master][INFO] 2025-08-11 16:03:44,787: +SERVICE [/rosbridge_websocket/set_logger_level] /rosbridge_websocket http://localhost:37481/
[rosmaster.master][INFO] 2025-08-11 16:03:44,809: publisherUpdate[/rosout] -> http://localhost:39749/ ['http://localhost:38393/', 'http://localhost:40547/', 'http://localhost:37481/']
[rosmaster.master][INFO] 2025-08-11 16:03:44,815: publisherUpdate[/rosout] -> http://localhost:39749/ ['http://localhost:38393/', 'http://localhost:40547/', 'http://localhost:37481/']: sec=0.00, result=[1, '', 0]
[rosmaster.master][INFO] 2025-08-11 16:03:44,820: +PUB [/client_count] /rosbridge_websocket http://localhost:37481/
[rosmaster.master][INFO] 2025-08-11 16:03:44,823: +PUB [/connected_clients] /rosbridge_websocket http://localhost:37481/
[rosmaster.master][INFO] 2025-08-11 16:03:44,830: +PARAM [/rosbridge_websocket/actual_port] by /rosbridge_websocket
[rosmaster.master][INFO] 2025-08-11 16:03:44,836: +CACHEDPARAM [/rosout_disable_topics_generation] by /rosbridge_websocket
[rosmaster.master][INFO] 2025-08-11 16:09:33,134: -PUB [/rosout] /rosapi http://localhost:40547/
[rosmaster.master][INFO] 2025-08-11 16:09:33,136: -PUB [/rosout] /rosbridge_websocket http://localhost:37481/
[rosmaster.master][INFO] 2025-08-11 16:09:33,136: -SERVICE [/rosapi/get_loggers] /rosapi rosrpc://localhost:36765
[rosmaster.master][INFO] 2025-08-11 16:09:33,137: -PUB [/client_count] /rosbridge_websocket http://localhost:37481/
[rosmaster.master][INFO] 2025-08-11 16:09:33,137: -SERVICE [/rosapi/set_logger_level] /rosapi rosrpc://localhost:36765
[rosmaster.master][INFO] 2025-08-11 16:09:33,137: -PUB [/connected_clients] /rosbridge_websocket http://localhost:37481/
[rosmaster.master][INFO] 2025-08-11 16:09:33,137: -SERVICE [/rosapi/topics] /rosapi rosrpc://localhost:36765
[rosmaster.master][INFO] 2025-08-11 16:09:33,137: -SERVICE [/rosbridge_websocket/get_loggers] /rosbridge_websocket rosrpc://localhost:39075
[rosmaster.master][INFO] 2025-08-11 16:09:33,138: -SERVICE [/rosapi/topics_for_type] /rosapi rosrpc://localhost:36765
[rosmaster.master][INFO] 2025-08-11 16:09:33,138: -SERVICE [/rosbridge_websocket/set_logger_level] /rosbridge_websocket rosrpc://localhost:39075
[rosmaster.master][INFO] 2025-08-11 16:09:33,139: -SERVICE [/rosapi/services] /rosapi rosrpc://localhost:36765
[rosmaster.master][INFO] 2025-08-11 16:09:33,139: -SERVICE [/rosapi/services_for_type] /rosapi rosrpc://localhost:36765
[rosmaster.master][INFO] 2025-08-11 16:09:33,140: -SERVICE [/rosapi/nodes] /rosapi rosrpc://localhost:36765
[rosmaster.master][INFO] 2025-08-11 16:09:33,140: -SERVICE [/rosapi/node_details] /rosapi rosrpc://localhost:36765
[rosmaster.master][INFO] 2025-08-11 16:09:33,140: -SERVICE [/rosapi/action_servers] /rosapi rosrpc://localhost:36765
[rosmaster.master][INFO] 2025-08-11 16:09:33,140: -SERVICE [/rosapi/topic_type] /rosapi rosrpc://localhost:36765
[rosmaster.master][INFO] 2025-08-11 16:09:33,141: -SERVICE [/rosapi/service_type] /rosapi rosrpc://localhost:36765
[rosmaster.master][INFO] 2025-08-11 16:09:33,141: -SERVICE [/rosapi/publishers] /rosapi rosrpc://localhost:36765
[rosmaster.master][INFO] 2025-08-11 16:09:33,141: -SERVICE [/rosapi/subscribers] /rosapi rosrpc://localhost:36765
[rosmaster.master][INFO] 2025-08-11 16:09:33,142: -SERVICE [/rosapi/service_providers] /rosapi rosrpc://localhost:36765
[rosmaster.master][INFO] 2025-08-11 16:09:33,142: -SERVICE [/rosapi/service_node] /rosapi rosrpc://localhost:36765
[rosmaster.master][INFO] 2025-08-11 16:09:33,142: -SERVICE [/rosapi/service_host] /rosapi rosrpc://localhost:36765
[rosmaster.master][INFO] 2025-08-11 16:09:33,143: -SERVICE [/rosapi/message_details] /rosapi rosrpc://localhost:36765
[rosmaster.master][INFO] 2025-08-11 16:09:33,143: -SERVICE [/rosapi/service_request_details] /rosapi rosrpc://localhost:36765
[rosmaster.master][INFO] 2025-08-11 16:09:33,143: -SERVICE [/rosapi/service_response_details] /rosapi rosrpc://localhost:36765
[rosmaster.master][INFO] 2025-08-11 16:09:33,143: -SERVICE [/rosapi/set_param] /rosapi rosrpc://localhost:36765
[rosmaster.master][INFO] 2025-08-11 16:09:33,144: -SERVICE [/rosapi/get_param] /rosapi rosrpc://localhost:36765
[rosmaster.master][INFO] 2025-08-11 16:09:33,144: -SERVICE [/rosapi/has_param] /rosapi rosrpc://localhost:36765
[rosmaster.master][INFO] 2025-08-11 16:09:33,144: -SERVICE [/rosapi/search_param] /rosapi rosrpc://localhost:36765
[rosmaster.master][INFO] 2025-08-11 16:09:33,144: -SERVICE [/rosapi/delete_param] /rosapi rosrpc://localhost:36765
[rosmaster.master][INFO] 2025-08-11 16:09:33,144: -SERVICE [/rosapi/get_param_names] /rosapi rosrpc://localhost:36765
[rosmaster.master][INFO] 2025-08-11 16:09:33,145: -SERVICE [/rosapi/get_time] /rosapi rosrpc://localhost:36765
[rosmaster.master][INFO] 2025-08-11 16:09:33,145: -SERVICE [/rosapi/topics_and_raw_types] /rosapi rosrpc://localhost:36765
[rosmaster.master][INFO] 2025-08-11 16:09:33,156: publisherUpdate[/rosout] -> http://localhost:39749/ ['http://localhost:38393/', 'http://localhost:37481/']
[rosmaster.master][INFO] 2025-08-11 16:09:33,158: publisherUpdate[/rosout] -> http://localhost:39749/ ['http://localhost:38393/', 'http://localhost:37481/']: sec=0.00, result=[1, '', 0]
[rosmaster.master][INFO] 2025-08-11 16:09:33,159: publisherUpdate[/rosout] -> http://localhost:39749/ ['http://localhost:38393/']
[rosmaster.master][INFO] 2025-08-11 16:09:33,160: publisherUpdate[/rosout] -> http://localhost:39749/ ['http://localhost:38393/']: sec=0.00, result=[1, '', 0]
[rosmaster.master][INFO] 2025-08-11 16:09:48,170: -SUB [/kelpie/imu] /kelpie http://localhost:38393/
[rosmaster.master][INFO] 2025-08-11 16:09:48,171: -SUB [/kelpie/leg_control/currents] /kelpie http://localhost:38393/
[rosmaster.master][INFO] 2025-08-11 16:09:48,172: -SUB [/kelpie/battery/voltage] /kelpie http://localhost:38393/
[rosmaster.master][INFO] 2025-08-11 16:09:48,172: -SUB [/kelpie/command_input] /kelpie http://localhost:38393/
[rosmaster.master][INFO] 2025-08-11 16:09:48,173: -PUB [/rosout] /kelpie http://localhost:38393/
[rosmaster.master][INFO] 2025-08-11 16:09:48,173: -PUB [/kelpie/leg_control/joint_states] /kelpie http://localhost:38393/
[rosmaster.master][INFO] 2025-08-11 16:09:48,173: -SERVICE [/kelpie/get_loggers] /kelpie rosrpc://localhost:41295
[rosmaster.master][INFO] 2025-08-11 16:09:48,174: -SERVICE [/kelpie/set_logger_level] /kelpie rosrpc://localhost:41295
[rosmaster.master][INFO] 2025-08-11 16:09:48,181: publisherUpdate[/rosout] -> http://localhost:39749/ []
[rosmaster.master][INFO] 2025-08-11 16:09:48,185: publisherUpdate[/rosout] -> http://localhost:39749/ []: sec=0.00, result=[1, '', 0]
[rosmaster.master][INFO] 2025-08-11 16:09:50,287: -PUB [/rosout_agg] /rosout http://localhost:39749/
[rosmaster.master][INFO] 2025-08-11 16:09:50,289: -SUB [/rosout] /rosout http://localhost:39749/
[rosmaster.master][INFO] 2025-08-11 16:09:50,290: -SERVICE [/rosout/get_loggers] /rosout rosrpc://localhost:39935
[rosmaster.master][INFO] 2025-08-11 16:09:50,292: -SERVICE [/rosout/set_logger_level] /rosout rosrpc://localhost:39935
[rosmaster.master][INFO] 2025-08-11 16:09:50,293: -CACHEDPARAM [/rosout/omit_topics] by /rosout
[rosmaster.main][INFO] 2025-08-11 16:09:50,374: keyboard interrupt, will exit
[rosmaster.main][INFO] 2025-08-11 16:09:50,374: stopping master...
[rospy.core][INFO] 2025-08-11 16:09:50,375: signal_shutdown [atexit]
