[rosmaster.main][INFO] 2025-08-13 17:54:02,076: initialization complete, waiting for shutdown
[rosmaster.main][INFO] 2025-08-13 17:54:02,077: Starting ROS Master Node
[xmlrpc][INFO] 2025-08-13 17:54:02,078: XML-RPC server binding to 127.0.0.1:11311
[xmlrpc][INFO] 2025-08-13 17:54:02,079: Started XML-RPC server [http://localhost:11311/]
[rosmaster.master][INFO] 2025-08-13 17:54:02,080: Master initialized: port[11311], uri[http://localhost:11311/]
[xmlrpc][INFO] 2025-08-13 17:54:02,080: xml rpc node: starting XML-RPC server
[rosmaster.master][INFO] 2025-08-13 17:54:02,143: +PARAM [/run_id] by /roslaunch
[rosmaster.master][INFO] 2025-08-13 17:54:02,146: +PARAM [/roslaunch/uris/host_localhost__36901] by /roslaunch
[rosmaster.master][INFO] 2025-08-13 17:54:02,285: +PARAM [/rosversion] by /roslaunch
[rosmaster.master][INFO] 2025-08-13 17:54:02,285: +PARAM [/rosdistro] by /roslaunch
[rosmaster.master][INFO] 2025-08-13 17:54:02,297: +SERVICE [/rosout/get_loggers] /rosout http://localhost:32907/
[rosmaster.master][INFO] 2025-08-13 17:54:02,299: +SERVICE [/rosout/set_logger_level] /rosout http://localhost:32907/
[rosmaster.master][INFO] 2025-08-13 17:54:02,302: +PUB [/rosout_agg] /rosout http://localhost:32907/
[rosmaster.master][INFO] 2025-08-13 17:54:02,311: +SUB [/rosout] /rosout http://localhost:32907/
[rosmaster.master][INFO] 2025-08-13 17:54:02,798: -PUB [/rosout_agg] /rosout http://localhost:32907/
[rosmaster.master][INFO] 2025-08-13 17:54:02,800: -SUB [/rosout] /rosout http://localhost:32907/
[rosmaster.master][INFO] 2025-08-13 17:54:02,801: -SERVICE [/rosout/get_loggers] /rosout rosrpc://localhost:39587
[rosmaster.master][INFO] 2025-08-13 17:54:02,802: -SERVICE [/rosout/set_logger_level] /rosout rosrpc://localhost:39587
[rosmaster.main][INFO] 2025-08-13 17:54:02,890: keyboard interrupt, will exit
[rosmaster.main][INFO] 2025-08-13 17:54:02,891: stopping master...
[rospy.core][INFO] 2025-08-13 17:54:02,891: signal_shutdown [atexit]
