Symlinking /home/kelpie2/Kelpie/kelpie_ws/devel/include/kelpie/imu.h
Symlinking /home/kelpie2/Kelpie/kelpie_ws/devel/include/kelpie/leg_state.h
Symlinking /home/kelpie2/Kelpie/kelpie_ws/devel/include/kelpie/att.h
Symlinking /home/kelpie2/Kelpie/kelpie_ws/devel/include/kelpie/joint_states.h
Symlinking /home/kelpie2/Kelpie/kelpie_ws/devel/include/kelpie/vec_3d_float32.h
Symlinking /home/kelpie2/Kelpie/kelpie_ws/devel/include/kelpie/commands.h
Symlinking /home/kelpie2/Kelpie/kelpie_ws/devel/lib/pkgconfig/kelpie.pc
Symlinking /home/kelpie2/Kelpie/kelpie_ws/devel/lib/python3/dist-packages/kelpie/__init__.py
Symlinking /home/kelpie2/Kelpie/kelpie_ws/devel/lib/python3/dist-packages/kelpie/msg/_imu.py
Symlinking /home/kelpie2/Kelpie/kelpie_ws/devel/lib/python3/dist-packages/kelpie/msg/_att.py
Symlinking /home/kelpie2/Kelpie/kelpie_ws/devel/lib/python3/dist-packages/kelpie/msg/_commands.py
Symlinking /home/kelpie2/Kelpie/kelpie_ws/devel/lib/python3/dist-packages/kelpie/msg/_vec_3d_float32.py
Symlinking /home/kelpie2/Kelpie/kelpie_ws/devel/lib/python3/dist-packages/kelpie/msg/_joint_states.py
Symlinking /home/kelpie2/Kelpie/kelpie_ws/devel/lib/python3/dist-packages/kelpie/msg/_leg_state.py
Symlinking /home/kelpie2/Kelpie/kelpie_ws/devel/lib/python3/dist-packages/kelpie/msg/__init__.py
Symlinking /home/kelpie2/Kelpie/kelpie_ws/devel/share/kelpie/cmake/kelpieConfig.cmake
Symlinking /home/kelpie2/Kelpie/kelpie_ws/devel/share/kelpie/cmake/kelpie-msg-paths.cmake
Symlinking /home/kelpie2/Kelpie/kelpie_ws/devel/share/kelpie/cmake/kelpieConfig-version.cmake
Symlinking /home/kelpie2/Kelpie/kelpie_ws/devel/share/kelpie/cmake/kelpie-msg-extras.cmake
Symlinking /home/kelpie2/Kelpie/kelpie_ws/devel/share/roseus/ros/kelpie/manifest.l
Symlinking /home/kelpie2/Kelpie/kelpie_ws/devel/share/roseus/ros/kelpie/msg/joint_states.l
Symlinking /home/kelpie2/Kelpie/kelpie_ws/devel/share/roseus/ros/kelpie/msg/vec_3d_float32.l
Symlinking /home/kelpie2/Kelpie/kelpie_ws/devel/share/roseus/ros/kelpie/msg/leg_state.l
Symlinking /home/kelpie2/Kelpie/kelpie_ws/devel/share/roseus/ros/kelpie/msg/att.l
Symlinking /home/kelpie2/Kelpie/kelpie_ws/devel/share/roseus/ros/kelpie/msg/commands.l
Symlinking /home/kelpie2/Kelpie/kelpie_ws/devel/share/roseus/ros/kelpie/msg/imu.l
Symlinking /home/kelpie2/Kelpie/kelpie_ws/devel/share/common-lisp/ros/kelpie/msg/leg_state.lisp
Symlinking /home/kelpie2/Kelpie/kelpie_ws/devel/share/common-lisp/ros/kelpie/msg/vec_3d_float32.lisp
Symlinking /home/kelpie2/Kelpie/kelpie_ws/devel/share/common-lisp/ros/kelpie/msg/_package_commands.lisp
Symlinking /home/kelpie2/Kelpie/kelpie_ws/devel/share/common-lisp/ros/kelpie/msg/_package_joint_states.lisp
Symlinking /home/kelpie2/Kelpie/kelpie_ws/devel/share/common-lisp/ros/kelpie/msg/_package_leg_state.lisp
Symlinking /home/kelpie2/Kelpie/kelpie_ws/devel/share/common-lisp/ros/kelpie/msg/commands.lisp
Symlinking /home/kelpie2/Kelpie/kelpie_ws/devel/share/common-lisp/ros/kelpie/msg/att.lisp
Symlinking /home/kelpie2/Kelpie/kelpie_ws/devel/share/common-lisp/ros/kelpie/msg/_package_imu.lisp
Symlinking /home/kelpie2/Kelpie/kelpie_ws/devel/share/common-lisp/ros/kelpie/msg/kelpie-msg.asd
Symlinking /home/kelpie2/Kelpie/kelpie_ws/devel/share/common-lisp/ros/kelpie/msg/_package.lisp
Symlinking /home/kelpie2/Kelpie/kelpie_ws/devel/share/common-lisp/ros/kelpie/msg/_package_att.lisp
Symlinking /home/kelpie2/Kelpie/kelpie_ws/devel/share/common-lisp/ros/kelpie/msg/joint_states.lisp
Symlinking /home/kelpie2/Kelpie/kelpie_ws/devel/share/common-lisp/ros/kelpie/msg/_package_vec_3d_float32.lisp
Symlinking /home/kelpie2/Kelpie/kelpie_ws/devel/share/common-lisp/ros/kelpie/msg/imu.lisp
Symlinking /home/kelpie2/Kelpie/kelpie_ws/devel/share/gennodejs/ros/kelpie/_index.js
Symlinking /home/kelpie2/Kelpie/kelpie_ws/devel/share/gennodejs/ros/kelpie/msg/joint_states.js
Symlinking /home/kelpie2/Kelpie/kelpie_ws/devel/share/gennodejs/ros/kelpie/msg/_index.js
Symlinking /home/kelpie2/Kelpie/kelpie_ws/devel/share/gennodejs/ros/kelpie/msg/leg_state.js
Symlinking /home/kelpie2/Kelpie/kelpie_ws/devel/share/gennodejs/ros/kelpie/msg/att.js
Symlinking /home/kelpie2/Kelpie/kelpie_ws/devel/share/gennodejs/ros/kelpie/msg/imu.js
Symlinking /home/kelpie2/Kelpie/kelpie_ws/devel/share/gennodejs/ros/kelpie/msg/vec_3d_float32.js
Symlinking /home/kelpie2/Kelpie/kelpie_ws/devel/share/gennodejs/ros/kelpie/msg/commands.js
