[35m[1mScanning dependencies of target _kelpie_generate_messages_check_deps_imu[0m
[  0%] Built target _kelpie_generate_messages_check_deps_imu
[35m[1mScanning dependencies of target _kelpie_generate_messages_check_deps_joint_states[0m
[  0%] Built target _kelpie_generate_messages_check_deps_joint_states
[35m[1mScanning dependencies of target std_msgs_generate_messages_cpp[0m
[  0%] Built target std_msgs_generate_messages_cpp
[35m[1mScanning dependencies of target _kelpie_generate_messages_check_deps_commands[0m
[  0%] Built target _kelpie_generate_messages_check_deps_commands
[35m[1mScanning dependencies of target _kelpie_generate_messages_check_deps_leg_state[0m
[35m[1mScanning dependencies of target _kelpie_generate_messages_check_deps_vec_3d_float32[0m
[  0%] Built target _kelpie_generate_messages_check_deps_leg_state
[35m[1mScanning dependencies of target _kelpie_generate_messages_check_deps_att[0m
[  0%] Built target _kelpie_generate_messages_check_deps_vec_3d_float32
[35m[1mScanning dependencies of target std_msgs_generate_messages_nodejs[0m
[  0%] Built target std_msgs_generate_messages_nodejs
[35m[1mScanning dependencies of target std_msgs_generate_messages_lisp[0m
[  0%] Built target std_msgs_generate_messages_lisp
[35m[1mScanning dependencies of target std_msgs_generate_messages_eus[0m
[  0%] Built target _kelpie_generate_messages_check_deps_att
[  0%] Built target std_msgs_generate_messages_eus
[35m[1mScanning dependencies of target std_msgs_generate_messages_py[0m
[35m[1mScanning dependencies of target kelpie_generate_messages_cpp[0m
[  0%] Built target std_msgs_generate_messages_py
[  3%] [34m[1mGenerating C++ code from kelpie/joint_states.msg[0m
[35m[1mScanning dependencies of target kelpie_generate_messages_nodejs[0m
[  6%] [34m[1mGenerating Javascript code from kelpie/joint_states.msg[0m
[  9%] [34m[1mGenerating Javascript code from kelpie/leg_state.msg[0m
[ 12%] [34m[1mGenerating C++ code from kelpie/leg_state.msg[0m
[ 15%] [34m[1mGenerating Javascript code from kelpie/commands.msg[0m
[ 18%] [34m[1mGenerating Javascript code from kelpie/att.msg[0m
[ 21%] [34m[1mGenerating C++ code from kelpie/commands.msg[0m
[ 25%] [34m[1mGenerating Javascript code from kelpie/imu.msg[0m
[ 28%] [34m[1mGenerating Javascript code from kelpie/vec_3d_float32.msg[0m
[ 31%] [34m[1mGenerating C++ code from kelpie/att.msg[0m
[ 31%] Built target kelpie_generate_messages_nodejs
[ 34%] [34m[1mGenerating C++ code from kelpie/imu.msg[0m
[35m[1mScanning dependencies of target kelpie_generate_messages_lisp[0m
[ 37%] [34m[1mGenerating Lisp code from kelpie/joint_states.msg[0m
[ 40%] [34m[1mGenerating C++ code from kelpie/vec_3d_float32.msg[0m
[ 43%] [34m[1mGenerating Lisp code from kelpie/leg_state.msg[0m
[ 46%] [34m[1mGenerating Lisp code from kelpie/commands.msg[0m
[ 46%] Built target kelpie_generate_messages_cpp
[35m[1mScanning dependencies of target kelpie_generate_messages_eus[0m
[ 50%] [34m[1mGenerating EusLisp code from kelpie/joint_states.msg[0m
[ 53%] [34m[1mGenerating Lisp code from kelpie/att.msg[0m
[ 56%] [34m[1mGenerating Lisp code from kelpie/imu.msg[0m
[ 59%] [34m[1mGenerating EusLisp code from kelpie/leg_state.msg[0m
[ 62%] [34m[1mGenerating Lisp code from kelpie/vec_3d_float32.msg[0m
[ 65%] [34m[1mGenerating EusLisp code from kelpie/commands.msg[0m
[ 65%] Built target kelpie_generate_messages_lisp
[ 68%] [34m[1mGenerating EusLisp code from kelpie/att.msg[0m
[35m[1mScanning dependencies of target kelpie_generate_messages_py[0m
[ 71%] [34m[1mGenerating Python from MSG kelpie/joint_states[0m
[ 75%] [34m[1mGenerating EusLisp code from kelpie/imu.msg[0m
[ 78%] [34m[1mGenerating EusLisp code from kelpie/vec_3d_float32.msg[0m
[ 81%] [34m[1mGenerating Python from MSG kelpie/leg_state[0m
[ 84%] [34m[1mGenerating EusLisp manifest code for kelpie[0m
[ 87%] [34m[1mGenerating Python from MSG kelpie/commands[0m
[ 90%] [34m[1mGenerating Python from MSG kelpie/att[0m
[ 93%] [34m[1mGenerating Python from MSG kelpie/imu[0m
[ 96%] [34m[1mGenerating Python from MSG kelpie/vec_3d_float32[0m
[ 96%] Built target kelpie_generate_messages_eus
[100%] [34m[1mGenerating Python msg __init__.py for kelpie[0m
[100%] Built target kelpie_generate_messages_py
[35m[1mScanning dependencies of target kelpie_generate_messages[0m
[100%] Built target kelpie_generate_messages
