Linked: (/home/kelpie2/Kelpie/kelpie_ws/devel/.private/kelpie/include/kelpie/imu.h, /home/kelpie2/Kelpie/kelpie_ws/devel/include/kelpie/imu.h)
Linked: (/home/kelpie2/Kelpie/kelpie_ws/devel/.private/kelpie/include/kelpie/leg_state.h, /home/kelpie2/Kelpie/kelpie_ws/devel/include/kelpie/leg_state.h)
Linked: (/home/kelpie2/Kelpie/kelpie_ws/devel/.private/kelpie/include/kelpie/att.h, /home/kelpie2/Kelpie/kelpie_ws/devel/include/kelpie/att.h)
Linked: (/home/kelpie2/Kelpie/kelpie_ws/devel/.private/kelpie/include/kelpie/joint_states.h, /home/kelpie2/Kelpie/kelpie_ws/devel/include/kelpie/joint_states.h)
Linked: (/home/kelpie2/Kelpie/kelpie_ws/devel/.private/kelpie/include/kelpie/vec_3d_float32.h, /home/kelpie2/Kelpie/kelpie_ws/devel/include/kelpie/vec_3d_float32.h)
Linked: (/home/kelpie2/Kelpie/kelpie_ws/devel/.private/kelpie/include/kelpie/commands.h, /home/kelpie2/Kelpie/kelpie_ws/devel/include/kelpie/commands.h)
Linked: (/home/kelpie2/Kelpie/kelpie_ws/devel/.private/kelpie/lib/pkgconfig/kelpie.pc, /home/kelpie2/Kelpie/kelpie_ws/devel/lib/pkgconfig/kelpie.pc)
Linked: (/home/kelpie2/Kelpie/kelpie_ws/devel/.private/kelpie/lib/python3/dist-packages/kelpie/__init__.py, /home/kelpie2/Kelpie/kelpie_ws/devel/lib/python3/dist-packages/kelpie/__init__.py)
Linked: (/home/kelpie2/Kelpie/kelpie_ws/devel/.private/kelpie/lib/python3/dist-packages/kelpie/msg/_imu.py, /home/kelpie2/Kelpie/kelpie_ws/devel/lib/python3/dist-packages/kelpie/msg/_imu.py)
Linked: (/home/kelpie2/Kelpie/kelpie_ws/devel/.private/kelpie/lib/python3/dist-packages/kelpie/msg/_att.py, /home/kelpie2/Kelpie/kelpie_ws/devel/lib/python3/dist-packages/kelpie/msg/_att.py)
Linked: (/home/kelpie2/Kelpie/kelpie_ws/devel/.private/kelpie/lib/python3/dist-packages/kelpie/msg/_commands.py, /home/kelpie2/Kelpie/kelpie_ws/devel/lib/python3/dist-packages/kelpie/msg/_commands.py)
Linked: (/home/kelpie2/Kelpie/kelpie_ws/devel/.private/kelpie/lib/python3/dist-packages/kelpie/msg/_vec_3d_float32.py, /home/kelpie2/Kelpie/kelpie_ws/devel/lib/python3/dist-packages/kelpie/msg/_vec_3d_float32.py)
Linked: (/home/kelpie2/Kelpie/kelpie_ws/devel/.private/kelpie/lib/python3/dist-packages/kelpie/msg/_joint_states.py, /home/kelpie2/Kelpie/kelpie_ws/devel/lib/python3/dist-packages/kelpie/msg/_joint_states.py)
Linked: (/home/kelpie2/Kelpie/kelpie_ws/devel/.private/kelpie/lib/python3/dist-packages/kelpie/msg/_leg_state.py, /home/kelpie2/Kelpie/kelpie_ws/devel/lib/python3/dist-packages/kelpie/msg/_leg_state.py)
Linked: (/home/kelpie2/Kelpie/kelpie_ws/devel/.private/kelpie/lib/python3/dist-packages/kelpie/msg/__init__.py, /home/kelpie2/Kelpie/kelpie_ws/devel/lib/python3/dist-packages/kelpie/msg/__init__.py)
Linked: (/home/kelpie2/Kelpie/kelpie_ws/devel/.private/kelpie/share/kelpie/cmake/kelpieConfig.cmake, /home/kelpie2/Kelpie/kelpie_ws/devel/share/kelpie/cmake/kelpieConfig.cmake)
Linked: (/home/kelpie2/Kelpie/kelpie_ws/devel/.private/kelpie/share/kelpie/cmake/kelpie-msg-paths.cmake, /home/kelpie2/Kelpie/kelpie_ws/devel/share/kelpie/cmake/kelpie-msg-paths.cmake)
Linked: (/home/kelpie2/Kelpie/kelpie_ws/devel/.private/kelpie/share/kelpie/cmake/kelpieConfig-version.cmake, /home/kelpie2/Kelpie/kelpie_ws/devel/share/kelpie/cmake/kelpieConfig-version.cmake)
Linked: (/home/kelpie2/Kelpie/kelpie_ws/devel/.private/kelpie/share/kelpie/cmake/kelpie-msg-extras.cmake, /home/kelpie2/Kelpie/kelpie_ws/devel/share/kelpie/cmake/kelpie-msg-extras.cmake)
Linked: (/home/kelpie2/Kelpie/kelpie_ws/devel/.private/kelpie/share/roseus/ros/kelpie/manifest.l, /home/kelpie2/Kelpie/kelpie_ws/devel/share/roseus/ros/kelpie/manifest.l)
Linked: (/home/kelpie2/Kelpie/kelpie_ws/devel/.private/kelpie/share/roseus/ros/kelpie/msg/joint_states.l, /home/kelpie2/Kelpie/kelpie_ws/devel/share/roseus/ros/kelpie/msg/joint_states.l)
Linked: (/home/kelpie2/Kelpie/kelpie_ws/devel/.private/kelpie/share/roseus/ros/kelpie/msg/vec_3d_float32.l, /home/kelpie2/Kelpie/kelpie_ws/devel/share/roseus/ros/kelpie/msg/vec_3d_float32.l)
Linked: (/home/kelpie2/Kelpie/kelpie_ws/devel/.private/kelpie/share/roseus/ros/kelpie/msg/leg_state.l, /home/kelpie2/Kelpie/kelpie_ws/devel/share/roseus/ros/kelpie/msg/leg_state.l)
Linked: (/home/kelpie2/Kelpie/kelpie_ws/devel/.private/kelpie/share/roseus/ros/kelpie/msg/att.l, /home/kelpie2/Kelpie/kelpie_ws/devel/share/roseus/ros/kelpie/msg/att.l)
Linked: (/home/kelpie2/Kelpie/kelpie_ws/devel/.private/kelpie/share/roseus/ros/kelpie/msg/commands.l, /home/kelpie2/Kelpie/kelpie_ws/devel/share/roseus/ros/kelpie/msg/commands.l)
Linked: (/home/kelpie2/Kelpie/kelpie_ws/devel/.private/kelpie/share/roseus/ros/kelpie/msg/imu.l, /home/kelpie2/Kelpie/kelpie_ws/devel/share/roseus/ros/kelpie/msg/imu.l)
Linked: (/home/kelpie2/Kelpie/kelpie_ws/devel/.private/kelpie/share/common-lisp/ros/kelpie/msg/leg_state.lisp, /home/kelpie2/Kelpie/kelpie_ws/devel/share/common-lisp/ros/kelpie/msg/leg_state.lisp)
Linked: (/home/kelpie2/Kelpie/kelpie_ws/devel/.private/kelpie/share/common-lisp/ros/kelpie/msg/vec_3d_float32.lisp, /home/kelpie2/Kelpie/kelpie_ws/devel/share/common-lisp/ros/kelpie/msg/vec_3d_float32.lisp)
Linked: (/home/kelpie2/Kelpie/kelpie_ws/devel/.private/kelpie/share/common-lisp/ros/kelpie/msg/_package_commands.lisp, /home/kelpie2/Kelpie/kelpie_ws/devel/share/common-lisp/ros/kelpie/msg/_package_commands.lisp)
Linked: (/home/kelpie2/Kelpie/kelpie_ws/devel/.private/kelpie/share/common-lisp/ros/kelpie/msg/_package_joint_states.lisp, /home/kelpie2/Kelpie/kelpie_ws/devel/share/common-lisp/ros/kelpie/msg/_package_joint_states.lisp)
Linked: (/home/kelpie2/Kelpie/kelpie_ws/devel/.private/kelpie/share/common-lisp/ros/kelpie/msg/_package_leg_state.lisp, /home/kelpie2/Kelpie/kelpie_ws/devel/share/common-lisp/ros/kelpie/msg/_package_leg_state.lisp)
Linked: (/home/kelpie2/Kelpie/kelpie_ws/devel/.private/kelpie/share/common-lisp/ros/kelpie/msg/commands.lisp, /home/kelpie2/Kelpie/kelpie_ws/devel/share/common-lisp/ros/kelpie/msg/commands.lisp)
Linked: (/home/kelpie2/Kelpie/kelpie_ws/devel/.private/kelpie/share/common-lisp/ros/kelpie/msg/att.lisp, /home/kelpie2/Kelpie/kelpie_ws/devel/share/common-lisp/ros/kelpie/msg/att.lisp)
Linked: (/home/kelpie2/Kelpie/kelpie_ws/devel/.private/kelpie/share/common-lisp/ros/kelpie/msg/_package_imu.lisp, /home/kelpie2/Kelpie/kelpie_ws/devel/share/common-lisp/ros/kelpie/msg/_package_imu.lisp)
Linked: (/home/kelpie2/Kelpie/kelpie_ws/devel/.private/kelpie/share/common-lisp/ros/kelpie/msg/kelpie-msg.asd, /home/kelpie2/Kelpie/kelpie_ws/devel/share/common-lisp/ros/kelpie/msg/kelpie-msg.asd)
Linked: (/home/kelpie2/Kelpie/kelpie_ws/devel/.private/kelpie/share/common-lisp/ros/kelpie/msg/_package.lisp, /home/kelpie2/Kelpie/kelpie_ws/devel/share/common-lisp/ros/kelpie/msg/_package.lisp)
Linked: (/home/kelpie2/Kelpie/kelpie_ws/devel/.private/kelpie/share/common-lisp/ros/kelpie/msg/_package_att.lisp, /home/kelpie2/Kelpie/kelpie_ws/devel/share/common-lisp/ros/kelpie/msg/_package_att.lisp)
Linked: (/home/kelpie2/Kelpie/kelpie_ws/devel/.private/kelpie/share/common-lisp/ros/kelpie/msg/joint_states.lisp, /home/kelpie2/Kelpie/kelpie_ws/devel/share/common-lisp/ros/kelpie/msg/joint_states.lisp)
Linked: (/home/kelpie2/Kelpie/kelpie_ws/devel/.private/kelpie/share/common-lisp/ros/kelpie/msg/_package_vec_3d_float32.lisp, /home/kelpie2/Kelpie/kelpie_ws/devel/share/common-lisp/ros/kelpie/msg/_package_vec_3d_float32.lisp)
Linked: (/home/kelpie2/Kelpie/kelpie_ws/devel/.private/kelpie/share/common-lisp/ros/kelpie/msg/imu.lisp, /home/kelpie2/Kelpie/kelpie_ws/devel/share/common-lisp/ros/kelpie/msg/imu.lisp)
Linked: (/home/kelpie2/Kelpie/kelpie_ws/devel/.private/kelpie/share/gennodejs/ros/kelpie/_index.js, /home/kelpie2/Kelpie/kelpie_ws/devel/share/gennodejs/ros/kelpie/_index.js)
Linked: (/home/kelpie2/Kelpie/kelpie_ws/devel/.private/kelpie/share/gennodejs/ros/kelpie/msg/joint_states.js, /home/kelpie2/Kelpie/kelpie_ws/devel/share/gennodejs/ros/kelpie/msg/joint_states.js)
Linked: (/home/kelpie2/Kelpie/kelpie_ws/devel/.private/kelpie/share/gennodejs/ros/kelpie/msg/_index.js, /home/kelpie2/Kelpie/kelpie_ws/devel/share/gennodejs/ros/kelpie/msg/_index.js)
Linked: (/home/kelpie2/Kelpie/kelpie_ws/devel/.private/kelpie/share/gennodejs/ros/kelpie/msg/leg_state.js, /home/kelpie2/Kelpie/kelpie_ws/devel/share/gennodejs/ros/kelpie/msg/leg_state.js)
Linked: (/home/kelpie2/Kelpie/kelpie_ws/devel/.private/kelpie/share/gennodejs/ros/kelpie/msg/att.js, /home/kelpie2/Kelpie/kelpie_ws/devel/share/gennodejs/ros/kelpie/msg/att.js)
Linked: (/home/kelpie2/Kelpie/kelpie_ws/devel/.private/kelpie/share/gennodejs/ros/kelpie/msg/imu.js, /home/kelpie2/Kelpie/kelpie_ws/devel/share/gennodejs/ros/kelpie/msg/imu.js)
Linked: (/home/kelpie2/Kelpie/kelpie_ws/devel/.private/kelpie/share/gennodejs/ros/kelpie/msg/vec_3d_float32.js, /home/kelpie2/Kelpie/kelpie_ws/devel/share/gennodejs/ros/kelpie/msg/vec_3d_float32.js)
Linked: (/home/kelpie2/Kelpie/kelpie_ws/devel/.private/kelpie/share/gennodejs/ros/kelpie/msg/commands.js, /home/kelpie2/Kelpie/kelpie_ws/devel/share/gennodejs/ros/kelpie/msg/commands.js)
