[rospy.client][INFO] 2025-08-11 14:22:53,091: init_node, name[/hardware], pid[1467]
[xmlrpc][INFO] 2025-08-11 14:22:53,092: XML-RPC server binding to 127.0.0.1:0
[xmlrpc][INFO] 2025-08-11 14:22:53,093: Started XML-RPC server [http://localhost:33967/]
[rospy.init][INFO] 2025-08-11 14:22:53,093: ROS Slave URI: [http://localhost:33967/]
[rospy.impl.masterslave][INFO] 2025-08-11 14:22:53,093: _ready: http://localhost:33967/
[rospy.registration][INFO] 2025-08-11 14:22:53,095: Registering with master node http://localhost:11311
[xmlrpc][INFO] 2025-08-11 14:22:53,095: xml rpc node: starting XML-RPC server
[rospy.registration][INFO] 2025-08-11 14:22:53,095: Registering publisher topic [/kelpie/leg_control/currents] type [kelpie/joint_states] with master
[rospy.registration][INFO] 2025-08-11 14:22:53,108: Registering publisher topic [/kelpie/battery/voltage] type [kelpie/vec_3d_float32] with master
[rospy.registration][INFO] 2025-08-11 14:22:53,111: Registering publisher topic [/kelpie/imu] type [kelpie/imu] with master
[rospy.init][INFO] 2025-08-11 14:22:53,194: registered with master
[rospy.rosout][INFO] 2025-08-11 14:22:53,194: initializing /rosout core topic
[rospy.rosout][INFO] 2025-08-11 14:22:53,197: connected to core topic /rosout
[rospy.simtime][INFO] 2025-08-11 14:22:53,200: /use_sim_time is not set, will not subscribe to simulated time [/clock] topic
[rospy.internal][INFO] 2025-08-11 14:22:53,284: topic[/joy] adding connection to [http://localhost:41397/], count 0
[rospy.internal][INFO] 2025-08-11 14:22:53,353: topic[/kelpie/leg_control/joint_states] adding connection to [http://localhost:45347/], count 0
[rospy.internal][INFO] 2025-08-11 14:22:53,455: topic[/rosout] adding connection to [/rosout], count 0
[rospy.internal][INFO] 2025-08-11 14:22:53,533: topic[/kelpie/leg_control/currents] adding connection to [/kelpie], count 0
[rospy.internal][INFO] 2025-08-11 14:22:53,555: topic[/kelpie/imu] adding connection to [/kelpie], count 0
[rospy.internal][INFO] 2025-08-11 14:22:53,557: topic[/kelpie/battery/voltage] adding connection to [/kelpie], count 0
[rospy.internal][INFO] 2025-08-11 14:22:53,618: topic[/kelpie/command_input] adding connection to [/kelpie], count 0
[rospy.core][INFO] 2025-08-11 14:23:52,321: signal_shutdown [signal-2]
[rospy.internal][INFO] 2025-08-11 14:23:52,349: topic[/kelpie/leg_control/currents] removing connection to /kelpie
[rospy.internal][INFO] 2025-08-11 14:23:52,350: topic[/kelpie/battery/voltage] removing connection to /kelpie
[rospy.internal][INFO] 2025-08-11 14:23:52,351: topic[/kelpie/imu] removing connection to /kelpie
[rospy.internal][INFO] 2025-08-11 14:23:52,352: topic[/rosout] removing connection to /rosout
[rospy.internal][INFO] 2025-08-11 14:23:52,352: topic[/kelpie/command_input] removing connection to /kelpie
[rospy.internal][INFO] 2025-08-11 14:23:52,355: topic[/kelpie/leg_control/joint_states] removing connection to http://localhost:45347/
[rospy.internal][INFO] 2025-08-11 14:23:52,356: topic[/kelpie/leg_control/joint_states] removing connection to http://localhost:45347/
[rospy.internal][INFO] 2025-08-11 14:23:52,356: topic[/joy] removing connection to http://localhost:41397/
[rospy.impl.masterslave][INFO] 2025-08-11 14:23:52,357: signal-2
[rospy.core][INFO] 2025-08-11 14:24:07,346: signal_shutdown [signal-15]
