[rospy.client][INFO] 2025-08-11 14:22:52,400: init_node, name[/kelpie], pid[1464]
[xmlrpc][INFO] 2025-08-11 14:22:52,407: XML-RPC server binding to 127.0.0.1:0
[xmlrpc][INFO] 2025-08-11 14:22:52,410: Started XML-RPC server [http://localhost:45347/]
[rospy.init][INFO] 2025-08-11 14:22:52,411: ROS Slave URI: [http://localhost:45347/]
[rospy.impl.masterslave][INFO] 2025-08-11 14:22:52,412: _ready: http://localhost:45347/
[rospy.registration][INFO] 2025-08-11 14:22:52,417: Registering with master node http://localhost:11311
[xmlrpc][INFO] 2025-08-11 14:22:52,417: xml rpc node: starting XML-RPC server
[rospy.init][INFO] 2025-08-11 14:22:52,512: registered with master
[rospy.rosout][INFO] 2025-08-11 14:22:52,513: initializing /rosout core topic
[rospy.rosout][INFO] 2025-08-11 14:22:52,525: connected to core topic /rosout
[rospy.simtime][INFO] 2025-08-11 14:22:52,529: /use_sim_time is not set, will not subscribe to simulated time [/clock] topic
[rosout][INFO] 2025-08-11 14:22:52,566: Creating input listener...
[rosout][INFO] 2025-08-11 14:22:52,576: Input listener successfully initialised... Robot will now receive commands via Joy messages
[rosout][INFO] 2025-08-11 14:22:52,579: Summary of current gait parameters:
[rosout][INFO] 2025-08-11 14:22:52,583: overlap time: 0.04
[rosout][INFO] 2025-08-11 14:22:52,586: swing time: 0.07
[rosout][INFO] 2025-08-11 14:22:52,590: z clearance: 0.08
[rosout][INFO] 2025-08-11 14:22:52,594: back leg x shift: 0.00
[rosout][INFO] 2025-08-11 14:22:52,597: front leg x shift: 0.05
[rosout][INFO] 2025-08-11 14:22:52,601: Manual robot control active. Currently not accepting external commands
[rospy.internal][INFO] 2025-08-11 14:22:52,801: topic[/rosout] adding connection to [/rosout], count 0
[rospy.internal][INFO] 2025-08-11 14:22:53,351: topic[/kelpie/imu] adding connection to [http://localhost:33967/], count 0
[rospy.internal][INFO] 2025-08-11 14:22:53,370: topic[/kelpie/leg_control/currents] adding connection to [http://localhost:33967/], count 0
[rospy.internal][INFO] 2025-08-11 14:22:53,394: topic[/kelpie/leg_control/joint_states] adding connection to [/hardware], count 0
[rospy.internal][INFO] 2025-08-11 14:22:53,394: topic[/kelpie/battery/voltage] adding connection to [http://localhost:33967/], count 0
[rospy.internal][INFO] 2025-08-11 14:22:53,553: topic[/kelpie/command_input] adding connection to [http://localhost:33967/], count 0
[rospy.internal][INFO] 2025-08-11 14:23:52,351: topic[/kelpie/leg_control/currents] removing connection to http://localhost:33967/
[rospy.internal][INFO] 2025-08-11 14:23:52,352: topic[/kelpie/imu] removing connection to http://localhost:33967/
[rospy.internal][INFO] 2025-08-11 14:23:52,354: topic[/kelpie/battery/voltage] removing connection to http://localhost:33967/
[rospy.internal][INFO] 2025-08-11 14:23:52,355: topic[/kelpie/command_input] removing connection to http://localhost:33967/
[rospy.internal][INFO] 2025-08-11 14:23:52,708: topic[/kelpie/leg_control/joint_states] removing connection to /hardware
[rospy.core][INFO] 2025-08-11 14:24:07,344: signal_shutdown [signal-15]
[rospy.internal][INFO] 2025-08-11 14:24:07,352: topic[/rosout] removing connection to /rosout
[rospy.impl.masterslave][INFO] 2025-08-11 14:24:07,353: signal-15
