[rospy.client][INFO] 2025-08-20 16:35:59,370: init_node, name[/hardware], pid[1615]
[xmlrpc][INFO] 2025-08-20 16:35:59,371: XML-RPC server binding to 0.0.0.0:0
[xmlrpc][INFO] 2025-08-20 16:35:59,372: Started XML-RPC server [http://kelpie2:35859/]
[rospy.init][INFO] 2025-08-20 16:35:59,372: ROS Slave URI: [http://kelpie2:35859/]
[rospy.impl.masterslave][INFO] 2025-08-20 16:35:59,373: _ready: http://kelpie2:35859/
[rospy.registration][INFO] 2025-08-20 16:35:59,375: Registering with master node http://localhost:11311
[xmlrpc][INFO] 2025-08-20 16:35:59,375: xml rpc node: starting XML-RPC server
[rospy.registration][INFO] 2025-08-20 16:35:59,375: Registering publisher topic [/kelpie/leg_control/currents] type [kelpie/joint_states] with master
[rospy.registration][INFO] 2025-08-20 16:35:59,389: Registering publisher topic [/kelpie/battery/voltage] type [kelpie/vec_3d_float32] with master
[rospy.registration][INFO] 2025-08-20 16:35:59,392: Registering publisher topic [/kelpie/imu] type [kelpie/imu] with master
[rospy.init][INFO] 2025-08-20 16:35:59,473: registered with master
[rospy.rosout][INFO] 2025-08-20 16:35:59,474: initializing /rosout core topic
[rospy.rosout][INFO] 2025-08-20 16:35:59,477: connected to core topic /rosout
[rospy.simtime][INFO] 2025-08-20 16:35:59,479: /use_sim_time is not set, will not subscribe to simulated time [/clock] topic
[rospy.internal][INFO] 2025-08-20 16:35:59,575: topic[/joy] adding connection to [http://kelpie2:33915/], count 0
[rospy.internal][INFO] 2025-08-20 16:35:59,623: topic[/kelpie/leg_control/joint_states] adding connection to [http://kelpie2:45275/], count 0
[rospy.internal][INFO] 2025-08-20 16:35:59,634: topic[/kelpie/battery/voltage] adding connection to [/kelpie], count 0
[rospy.internal][INFO] 2025-08-20 16:35:59,636: topic[/kelpie/imu] adding connection to [/kelpie], count 0
[rospy.internal][INFO] 2025-08-20 16:35:59,638: topic[/kelpie/leg_control/currents] adding connection to [/kelpie], count 0
[rospy.internal][INFO] 2025-08-20 16:35:59,742: topic[/kelpie/command_input] adding connection to [/kelpie], count 0
[rospy.internal][INFO] 2025-08-20 16:35:59,757: topic[/rosout] adding connection to [/rosout], count 0
[rospy.internal][INFO] 2025-08-20 16:36:21,414: topic[/kelpie/leg_control/currents] adding connection to [/rosbridge_websocket], count 1
[rospy.internal][INFO] 2025-08-20 16:36:21,428: topic[/kelpie/battery/voltage] adding connection to [/rosbridge_websocket], count 1
[rospy.internal][INFO] 2025-08-20 16:36:21,448: topic[/kelpie/imu] adding connection to [/rosbridge_websocket], count 1
[rospy.internal][INFO] 2025-08-20 16:36:50,455: topic[/kelpie/leg_control/currents] removing connection to /rosbridge_websocket
[rospy.internal][INFO] 2025-08-20 16:36:50,460: topic[/kelpie/imu] removing connection to /rosbridge_websocket
[rospy.internal][INFO] 2025-08-20 16:36:50,596: topic[/kelpie/battery/voltage] removing connection to /rosbridge_websocket
[rospy.internal][INFO] 2025-08-20 16:36:56,817: topic[/kelpie/leg_control/currents] adding connection to [/rosbridge_websocket], count 1
[rospy.internal][INFO] 2025-08-20 16:36:56,843: topic[/kelpie/battery/voltage] adding connection to [/rosbridge_websocket], count 1
[rospy.internal][INFO] 2025-08-20 16:36:56,862: topic[/kelpie/imu] adding connection to [/rosbridge_websocket], count 1
[rospy.internal][INFO] 2025-08-20 16:37:06,810: topic[/kelpie/leg_control/currents] removing connection to /rosbridge_websocket
[rospy.internal][INFO] 2025-08-20 16:37:06,815: topic[/kelpie/imu] removing connection to /rosbridge_websocket
[rospy.internal][INFO] 2025-08-20 16:37:06,861: topic[/kelpie/leg_control/currents] adding connection to [/rosbridge_websocket], count 1
[rospy.internal][INFO] 2025-08-20 16:37:06,888: topic[/kelpie/battery/voltage] adding connection to [/rosbridge_websocket], count 2
[rospy.internal][INFO] 2025-08-20 16:37:06,889: topic[/kelpie/battery/voltage] removing connection to /rosbridge_websocket
[rospy.internal][INFO] 2025-08-20 16:37:06,902: topic[/kelpie/imu] adding connection to [/rosbridge_websocket], count 1
