[rosmaster.main][INFO] 2025-08-11 12:54:38,143: initialization complete, waiting for shutdown
[rosmaster.main][INFO] 2025-08-11 12:54:38,144: Starting ROS Master Node
[xmlrpc][INFO] 2025-08-11 12:54:38,145: XML-RPC server binding to 127.0.0.1:11311
[xmlrpc][INFO] 2025-08-11 12:54:38,146: Started XML-RPC server [http://localhost:11311/]
[rosmaster.master][INFO] 2025-08-11 12:54:38,146: Master initialized: port[11311], uri[http://localhost:11311/]
[xmlrpc][INFO] 2025-08-11 12:54:38,147: xml rpc node: starting XML-RPC server
[rosmaster.master][INFO] 2025-08-11 12:54:38,264: +PARAM [/run_id] by /roslaunch
[rosmaster.master][INFO] 2025-08-11 12:54:38,267: +PARAM [/roslaunch/uris/host_localhost__37283] by /roslaunch
[rosmaster.master][INFO] 2025-08-11 12:54:38,402: +PARAM [/rosversion] by /roslaunch
[rosmaster.master][INFO] 2025-08-11 12:54:38,402: +PARAM [/rosdistro] by /roslaunch
[rosmaster.master][INFO] 2025-08-11 12:54:38,403: +PARAM [/rosbridge_websocket/authenticate] by /roslaunch
[rosmaster.master][INFO] 2025-08-11 12:54:38,403: +PARAM [/rosbridge_websocket/port] by /roslaunch
[rosmaster.master][INFO] 2025-08-11 12:54:38,403: +PARAM [/rosbridge_websocket/address] by /roslaunch
[rosmaster.master][INFO] 2025-08-11 12:54:38,403: +PARAM [/rosbridge_websocket/retry_startup_delay] by /roslaunch
[rosmaster.master][INFO] 2025-08-11 12:54:38,404: +PARAM [/rosbridge_websocket/fragment_timeout] by /roslaunch
[rosmaster.master][INFO] 2025-08-11 12:54:38,404: +PARAM [/rosbridge_websocket/delay_between_messages] by /roslaunch
[rosmaster.master][INFO] 2025-08-11 12:54:38,404: +PARAM [/rosbridge_websocket/max_message_size] by /roslaunch
[rosmaster.master][INFO] 2025-08-11 12:54:38,404: +PARAM [/rosbridge_websocket/unregister_timeout] by /roslaunch
[rosmaster.master][INFO] 2025-08-11 12:54:38,405: +PARAM [/rosbridge_websocket/use_compression] by /roslaunch
[rosmaster.master][INFO] 2025-08-11 12:54:38,405: +PARAM [/rosbridge_websocket/websocket_ping_interval] by /roslaunch
[rosmaster.master][INFO] 2025-08-11 12:54:38,405: +PARAM [/rosbridge_websocket/websocket_ping_timeout] by /roslaunch
[rosmaster.master][INFO] 2025-08-11 12:54:38,405: +PARAM [/rosbridge_websocket/websocket_external_port] by /roslaunch
[rosmaster.master][INFO] 2025-08-11 12:54:38,405: +PARAM [/rosbridge_websocket/topics_glob] by /roslaunch
[rosmaster.master][INFO] 2025-08-11 12:54:38,406: +PARAM [/rosbridge_websocket/services_glob] by /roslaunch
[rosmaster.master][INFO] 2025-08-11 12:54:38,406: +PARAM [/rosbridge_websocket/params_glob] by /roslaunch
[rosmaster.master][INFO] 2025-08-11 12:54:38,407: +PARAM [/rosbridge_websocket/bson_only_mode] by /roslaunch
[rosmaster.master][INFO] 2025-08-11 12:54:38,408: +PARAM [/rosapi/topics_glob] by /roslaunch
[rosmaster.master][INFO] 2025-08-11 12:54:38,408: +PARAM [/rosapi/services_glob] by /roslaunch
[rosmaster.master][INFO] 2025-08-11 12:54:38,409: +PARAM [/rosapi/params_glob] by /roslaunch
[rosmaster.master][INFO] 2025-08-11 12:54:38,409: +PARAM [/JOYSTICK/autorepeat_rate] by /roslaunch
[rosmaster.master][INFO] 2025-08-11 12:54:38,409: +PARAM [/JOYSTICK/joy_node/dev] by /roslaunch
[rosmaster.master][INFO] 2025-08-11 12:54:38,411: +SERVICE [/rosout/get_loggers] /rosout http://localhost:34723/
[rosmaster.master][INFO] 2025-08-11 12:54:38,412: +SERVICE [/rosout/set_logger_level] /rosout http://localhost:34723/
[rosmaster.master][INFO] 2025-08-11 12:54:38,419: +PUB [/rosout_agg] /rosout http://localhost:34723/
[rosmaster.master][INFO] 2025-08-11 12:54:38,431: +SUB [/rosout] /rosout http://localhost:34723/
[rosmaster.master][INFO] 2025-08-11 12:54:38,607: +PUB [/rosout] /JOYSTICK http://localhost:43835/
[rosmaster.master][INFO] 2025-08-11 12:54:38,609: +SERVICE [/JOYSTICK/get_loggers] /JOYSTICK http://localhost:43835/
[rosmaster.master][INFO] 2025-08-11 12:54:38,611: +SERVICE [/JOYSTICK/set_logger_level] /JOYSTICK http://localhost:43835/
[rosmaster.master][INFO] 2025-08-11 12:54:38,615: +PUB [/diagnostics] /JOYSTICK http://localhost:43835/
[rosmaster.master][INFO] 2025-08-11 12:54:38,616: +CACHEDPARAM [/JOYSTICK/diagnostic_period] by /JOYSTICK
[rosmaster.master][INFO] 2025-08-11 12:54:38,620: +PUB [/joy] /JOYSTICK http://localhost:43835/
[rosmaster.master][INFO] 2025-08-11 12:54:38,629: +SUB [/joy/set_feedback] /JOYSTICK http://localhost:43835/
[rosmaster.master][INFO] 2025-08-11 12:54:38,644: +CACHEDPARAM [/rosout_disable_topics_generation] by /JOYSTICK
[rosmaster.master][INFO] 2025-08-11 12:54:38,646: publisherUpdate[/rosout] -> http://localhost:34723/ ['http://localhost:43835/']
[rosmaster.master][INFO] 2025-08-11 12:54:38,657: publisherUpdate[/rosout] -> http://localhost:34723/ ['http://localhost:43835/']: sec=0.01, result=[1, '', 0]
[rosmaster.master][INFO] 2025-08-11 12:54:39,680: +PUB [/rosout] /rosapi http://localhost:36565/
[rosmaster.master][INFO] 2025-08-11 12:54:39,687: +SERVICE [/rosapi/get_loggers] /rosapi http://localhost:36565/
[rosmaster.master][INFO] 2025-08-11 12:54:39,690: +SERVICE [/rosapi/set_logger_level] /rosapi http://localhost:36565/
[rosmaster.master][INFO] 2025-08-11 12:54:39,700: +SERVICE [/rosapi/topics] /rosapi http://localhost:36565/
[rosmaster.master][INFO] 2025-08-11 12:54:39,702: +SERVICE [/rosapi/topics_for_type] /rosapi http://localhost:36565/
[rosmaster.master][INFO] 2025-08-11 12:54:39,705: +SERVICE [/rosapi/services] /rosapi http://localhost:36565/
[rosmaster.master][INFO] 2025-08-11 12:54:39,708: +SERVICE [/rosapi/services_for_type] /rosapi http://localhost:36565/
[rosmaster.master][INFO] 2025-08-11 12:54:39,711: +SERVICE [/rosapi/nodes] /rosapi http://localhost:36565/
[rosmaster.master][INFO] 2025-08-11 12:54:39,714: +SERVICE [/rosapi/node_details] /rosapi http://localhost:36565/
[rosmaster.master][INFO] 2025-08-11 12:54:39,718: +SERVICE [/rosapi/action_servers] /rosapi http://localhost:36565/
[rosmaster.master][INFO] 2025-08-11 12:54:39,721: +SERVICE [/rosapi/topic_type] /rosapi http://localhost:36565/
[rosmaster.master][INFO] 2025-08-11 12:54:39,724: +SERVICE [/rosapi/service_type] /rosapi http://localhost:36565/
[rosmaster.master][INFO] 2025-08-11 12:54:39,727: +SERVICE [/rosapi/publishers] /rosapi http://localhost:36565/
[rosmaster.master][INFO] 2025-08-11 12:54:39,730: +SERVICE [/rosapi/subscribers] /rosapi http://localhost:36565/
[rosmaster.master][INFO] 2025-08-11 12:54:39,733: +SERVICE [/rosapi/service_providers] /rosapi http://localhost:36565/
[rosmaster.master][INFO] 2025-08-11 12:54:39,735: +SERVICE [/rosapi/service_node] /rosapi http://localhost:36565/
[rosmaster.master][INFO] 2025-08-11 12:54:39,738: +SERVICE [/rosapi/service_host] /rosapi http://localhost:36565/
[rosmaster.master][INFO] 2025-08-11 12:54:39,741: +SERVICE [/rosapi/message_details] /rosapi http://localhost:36565/
[rosmaster.master][INFO] 2025-08-11 12:54:39,744: +SERVICE [/rosapi/service_request_details] /rosapi http://localhost:36565/
[rosmaster.master][INFO] 2025-08-11 12:54:39,747: +SERVICE [/rosapi/service_response_details] /rosapi http://localhost:36565/
[rosmaster.master][INFO] 2025-08-11 12:54:39,749: publisherUpdate[/rosout] -> http://localhost:34723/ ['http://localhost:43835/', 'http://localhost:36565/']
[rosmaster.master][INFO] 2025-08-11 12:54:39,750: +SERVICE [/rosapi/set_param] /rosapi http://localhost:36565/
[rosmaster.master][INFO] 2025-08-11 12:54:39,757: +SERVICE [/rosapi/get_param] /rosapi http://localhost:36565/
[rosmaster.master][INFO] 2025-08-11 12:54:39,759: publisherUpdate[/rosout] -> http://localhost:34723/ ['http://localhost:43835/', 'http://localhost:36565/']: sec=0.01, result=[1, '', 0]
[rosmaster.master][INFO] 2025-08-11 12:54:39,761: +SERVICE [/rosapi/has_param] /rosapi http://localhost:36565/
[rosmaster.master][INFO] 2025-08-11 12:54:39,764: +SERVICE [/rosapi/search_param] /rosapi http://localhost:36565/
[rosmaster.master][INFO] 2025-08-11 12:54:39,767: +SERVICE [/rosapi/delete_param] /rosapi http://localhost:36565/
[rosmaster.master][INFO] 2025-08-11 12:54:39,770: +SERVICE [/rosapi/get_param_names] /rosapi http://localhost:36565/
[rosmaster.master][INFO] 2025-08-11 12:54:39,772: +SERVICE [/rosapi/get_time] /rosapi http://localhost:36565/
[rosmaster.master][INFO] 2025-08-11 12:54:39,776: +SERVICE [/rosapi/topics_and_raw_types] /rosapi http://localhost:36565/
[rosmaster.master][INFO] 2025-08-11 12:54:39,780: +CACHEDPARAM [/rosout_disable_topics_generation] by /rosapi
[rosmaster.master][INFO] 2025-08-11 12:54:39,966: +CACHEDPARAM [/rosout/omit_topics] by /rosout
[rosmaster.master][INFO] 2025-08-11 12:54:40,247: +PUB [/rosout] /rosbridge_websocket http://localhost:39961/
[rosmaster.master][INFO] 2025-08-11 12:54:40,252: publisherUpdate[/rosout] -> http://localhost:34723/ ['http://localhost:43835/', 'http://localhost:36565/', 'http://localhost:39961/']
[rosmaster.master][INFO] 2025-08-11 12:54:40,257: publisherUpdate[/rosout] -> http://localhost:34723/ ['http://localhost:43835/', 'http://localhost:36565/', 'http://localhost:39961/']: sec=0.00, result=[1, '', 0]
[rosmaster.master][INFO] 2025-08-11 12:54:40,257: +SERVICE [/rosbridge_websocket/get_loggers] /rosbridge_websocket http://localhost:39961/
[rosmaster.master][INFO] 2025-08-11 12:54:40,260: +SERVICE [/rosbridge_websocket/set_logger_level] /rosbridge_websocket http://localhost:39961/
[rosmaster.master][INFO] 2025-08-11 12:54:40,296: +PUB [/client_count] /rosbridge_websocket http://localhost:39961/
[rosmaster.master][INFO] 2025-08-11 12:54:40,299: +PUB [/connected_clients] /rosbridge_websocket http://localhost:39961/
[rosmaster.master][INFO] 2025-08-11 12:54:40,308: +PARAM [/rosbridge_websocket/actual_port] by /rosbridge_websocket
[rosmaster.master][INFO] 2025-08-11 12:54:40,315: +CACHEDPARAM [/rosout_disable_topics_generation] by /rosbridge_websocket
[rosmaster.master][INFO] 2025-08-11 12:55:36,653: -PUB [/rosout] /rosbridge_websocket http://localhost:39961/
[rosmaster.master][INFO] 2025-08-11 12:55:36,654: -PUB [/client_count] /rosbridge_websocket http://localhost:39961/
[rosmaster.master][INFO] 2025-08-11 12:55:36,654: -PUB [/connected_clients] /rosbridge_websocket http://localhost:39961/
[rosmaster.master][INFO] 2025-08-11 12:55:36,654: -SERVICE [/rosbridge_websocket/get_loggers] /rosbridge_websocket rosrpc://localhost:42157
[rosmaster.master][INFO] 2025-08-11 12:55:36,654: -SERVICE [/rosbridge_websocket/set_logger_level] /rosbridge_websocket rosrpc://localhost:42157
[rosmaster.master][INFO] 2025-08-11 12:55:36,656: publisherUpdate[/rosout] -> http://localhost:34723/ ['http://localhost:43835/', 'http://localhost:36565/']
[rosmaster.master][INFO] 2025-08-11 12:55:36,661: -PUB [/rosout] /rosapi http://localhost:36565/
[rosmaster.master][INFO] 2025-08-11 12:55:36,662: -SERVICE [/rosapi/get_loggers] /rosapi rosrpc://localhost:37233
[rosmaster.master][INFO] 2025-08-11 12:55:36,663: -SERVICE [/rosapi/set_logger_level] /rosapi rosrpc://localhost:37233
[rosmaster.master][INFO] 2025-08-11 12:55:36,664: publisherUpdate[/rosout] -> http://localhost:34723/ ['http://localhost:43835/', 'http://localhost:36565/']: sec=0.00, result=[1, '', 0]
[rosmaster.master][INFO] 2025-08-11 12:55:36,665: -SERVICE [/rosapi/topics] /rosapi rosrpc://localhost:37233
[rosmaster.master][INFO] 2025-08-11 12:55:36,665: publisherUpdate[/rosout] -> http://localhost:34723/ ['http://localhost:43835/']
[rosmaster.master][INFO] 2025-08-11 12:55:36,665: -SERVICE [/rosapi/topics_for_type] /rosapi rosrpc://localhost:37233
[rosmaster.master][INFO] 2025-08-11 12:55:36,667: -SERVICE [/rosapi/services] /rosapi rosrpc://localhost:37233
[rosmaster.master][INFO] 2025-08-11 12:55:36,667: -SERVICE [/rosapi/services_for_type] /rosapi rosrpc://localhost:37233
[rosmaster.master][INFO] 2025-08-11 12:55:36,668: publisherUpdate[/rosout] -> http://localhost:34723/ ['http://localhost:43835/']: sec=0.00, result=[1, '', 0]
[rosmaster.master][INFO] 2025-08-11 12:55:36,669: -SERVICE [/rosapi/nodes] /rosapi rosrpc://localhost:37233
[rosmaster.master][INFO] 2025-08-11 12:55:36,669: -SERVICE [/rosapi/node_details] /rosapi rosrpc://localhost:37233
[rosmaster.master][INFO] 2025-08-11 12:55:36,669: -SERVICE [/rosapi/action_servers] /rosapi rosrpc://localhost:37233
[rosmaster.master][INFO] 2025-08-11 12:55:36,670: -SERVICE [/rosapi/topic_type] /rosapi rosrpc://localhost:37233
[rosmaster.master][INFO] 2025-08-11 12:55:36,670: -SERVICE [/rosapi/service_type] /rosapi rosrpc://localhost:37233
[rosmaster.master][INFO] 2025-08-11 12:55:36,670: -SERVICE [/rosapi/publishers] /rosapi rosrpc://localhost:37233
[rosmaster.master][INFO] 2025-08-11 12:55:36,670: -SERVICE [/rosapi/subscribers] /rosapi rosrpc://localhost:37233
[rosmaster.master][INFO] 2025-08-11 12:55:36,671: -SERVICE [/rosapi/service_providers] /rosapi rosrpc://localhost:37233
[rosmaster.master][INFO] 2025-08-11 12:55:36,671: -SERVICE [/rosapi/service_node] /rosapi rosrpc://localhost:37233
[rosmaster.master][INFO] 2025-08-11 12:55:36,671: -SERVICE [/rosapi/service_host] /rosapi rosrpc://localhost:37233
[rosmaster.master][INFO] 2025-08-11 12:55:36,671: -SERVICE [/rosapi/message_details] /rosapi rosrpc://localhost:37233
[rosmaster.master][INFO] 2025-08-11 12:55:36,671: -SERVICE [/rosapi/service_request_details] /rosapi rosrpc://localhost:37233
[rosmaster.master][INFO] 2025-08-11 12:55:36,672: -SERVICE [/rosapi/service_response_details] /rosapi rosrpc://localhost:37233
[rosmaster.master][INFO] 2025-08-11 12:55:36,672: -SERVICE [/rosapi/set_param] /rosapi rosrpc://localhost:37233
[rosmaster.master][INFO] 2025-08-11 12:55:36,672: -SERVICE [/rosapi/get_param] /rosapi rosrpc://localhost:37233
[rosmaster.master][INFO] 2025-08-11 12:55:36,672: -SERVICE [/rosapi/has_param] /rosapi rosrpc://localhost:37233
[rosmaster.master][INFO] 2025-08-11 12:55:36,672: -SERVICE [/rosapi/search_param] /rosapi rosrpc://localhost:37233
[rosmaster.master][INFO] 2025-08-11 12:55:36,673: -SERVICE [/rosapi/delete_param] /rosapi rosrpc://localhost:37233
[rosmaster.master][INFO] 2025-08-11 12:55:36,673: -SERVICE [/rosapi/get_param_names] /rosapi rosrpc://localhost:37233
[rosmaster.master][INFO] 2025-08-11 12:55:36,673: -SERVICE [/rosapi/get_time] /rosapi rosrpc://localhost:37233
[rosmaster.master][INFO] 2025-08-11 12:55:36,673: -SERVICE [/rosapi/topics_and_raw_types] /rosapi rosrpc://localhost:37233
[rosmaster.master][INFO] 2025-08-11 12:55:36,849: -PUB [/rosout] /JOYSTICK http://localhost:43835/
[rosmaster.master][INFO] 2025-08-11 12:55:36,851: -PUB [/diagnostics] /JOYSTICK http://localhost:43835/
[rosmaster.master][INFO] 2025-08-11 12:55:36,853: -PUB [/joy] /JOYSTICK http://localhost:43835/
[rosmaster.master][INFO] 2025-08-11 12:55:36,854: -SUB [/joy/set_feedback] /JOYSTICK http://localhost:43835/
[rosmaster.master][INFO] 2025-08-11 12:55:36,855: -SERVICE [/JOYSTICK/get_loggers] /JOYSTICK rosrpc://localhost:48465
[rosmaster.master][INFO] 2025-08-11 12:55:36,857: -SERVICE [/JOYSTICK/set_logger_level] /JOYSTICK rosrpc://localhost:48465
[rosmaster.master][INFO] 2025-08-11 12:55:36,858: -CACHEDPARAM [/JOYSTICK/diagnostic_period] by /JOYSTICK
[rosmaster.master][INFO] 2025-08-11 12:55:36,860: -CACHEDPARAM [/rosout_disable_topics_generation] by /JOYSTICK
[rosmaster.master][INFO] 2025-08-11 12:55:36,869: publisherUpdate[/rosout] -> http://localhost:34723/ []
[rosmaster.master][INFO] 2025-08-11 12:55:36,871: publisherUpdate[/rosout] -> http://localhost:34723/ []: sec=0.00, result=[1, '', 0]
[rosmaster.master][INFO] 2025-08-11 12:55:37,773: -PUB [/rosout_agg] /rosout http://localhost:34723/
[rosmaster.master][INFO] 2025-08-11 12:55:37,774: -SUB [/rosout] /rosout http://localhost:34723/
[rosmaster.master][INFO] 2025-08-11 12:55:37,776: -SERVICE [/rosout/get_loggers] /rosout rosrpc://localhost:56303
[rosmaster.master][INFO] 2025-08-11 12:55:37,777: -SERVICE [/rosout/set_logger_level] /rosout rosrpc://localhost:56303
[rosmaster.master][INFO] 2025-08-11 12:55:37,778: -CACHEDPARAM [/rosout/omit_topics] by /rosout
[rosmaster.main][INFO] 2025-08-11 12:55:37,863: keyboard interrupt, will exit
[rosmaster.main][INFO] 2025-08-11 12:55:37,863: stopping master...
[rospy.core][INFO] 2025-08-11 12:55:37,864: signal_shutdown [atexit]
