[rospy.client][INFO] 2025-08-14 17:06:06,410: init_node, name[/hardware], pid[1963]
[xmlrpc][INFO] 2025-08-14 17:06:06,412: XML-RPC server binding to 127.0.0.1:0
[xmlrpc][INFO] 2025-08-14 17:06:06,413: Started XML-RPC server [http://localhost:33897/]
[rospy.init][INFO] 2025-08-14 17:06:06,414: ROS Slave URI: [http://localhost:33897/]
[rospy.impl.masterslave][INFO] 2025-08-14 17:06:06,414: _ready: http://localhost:33897/
[rospy.registration][INFO] 2025-08-14 17:06:06,418: Registering with master node http://localhost:11311/
[xmlrpc][INFO] 2025-08-14 17:06:06,419: xml rpc node: starting XML-RPC server
[rospy.registration][INFO] 2025-08-14 17:06:06,419: Registering publisher topic [/kelpie/leg_control/currents] type [kelpie/joint_states] with master
[rospy.registration][INFO] 2025-08-14 17:06:06,440: Registering publisher topic [/kelpie/battery/voltage] type [kelpie/vec_3d_float32] with master
[rospy.registration][INFO] 2025-08-14 17:06:06,443: Registering publisher topic [/kelpie/imu] type [kelpie/imu] with master
[rospy.init][INFO] 2025-08-14 17:06:06,515: registered with master
[rospy.rosout][INFO] 2025-08-14 17:06:06,516: initializing /rosout core topic
[rospy.rosout][INFO] 2025-08-14 17:06:06,519: connected to core topic /rosout
[rospy.simtime][INFO] 2025-08-14 17:06:06,522: /use_sim_time is not set, will not subscribe to simulated time [/clock] topic
[rospy.internal][INFO] 2025-08-14 17:06:06,641: topic[/kelpie/leg_control/joint_states] adding connection to [http://localhost:37289/], count 0
[rospy.internal][INFO] 2025-08-14 17:06:06,685: topic[/kelpie/battery/voltage] adding connection to [/kelpie], count 0
[rospy.internal][INFO] 2025-08-14 17:06:06,696: topic[/kelpie/imu] adding connection to [/kelpie], count 0
[rospy.internal][INFO] 2025-08-14 17:06:06,699: topic[/kelpie/leg_control/currents] adding connection to [/kelpie], count 0
[rospy.internal][INFO] 2025-08-14 17:06:06,787: topic[/rosout] adding connection to [/rosout], count 0
[rosout][WARNING] 2025-08-14 17:06:06,794: Inbound TCP/IP connection failed: connection from sender terminated before handshake header received. 0 bytes were received. Please check sender for additional details.
[rospy.internal][ERROR] 2025-08-14 17:06:06,800: Inbound TCP/IP connection failed:
Traceback (most recent call last):
  File "/opt/ros/noetic/lib/python3/dist-packages/rospy/impl/tcpros_base.py", line 334, in _tcp_server_callback
    header = read_ros_handshake_header(sock, BytesIO(), buff_size)
  File "/opt/ros/noetic/lib/python3/dist-packages/rosgraph/network.py", line 359, in read_ros_handshake_header
    raise ROSHandshakeException("connection from sender terminated before handshake header received. %s bytes were received. Please check sender for additional details."%b.tell())
rosgraph.network.ROSHandshakeException: connection from sender terminated before handshake header received. 0 bytes were received. Please check sender for additional details.

[rospy.internal][INFO] 2025-08-14 17:06:06,857: topic[/kelpie/command_input] adding connection to [/kelpie], count 0
[rospy.internal][INFO] 2025-08-14 17:06:34,777: topic[/kelpie/leg_control/joint_states] removing connection to http://localhost:37289/
[rospy.internal][INFO] 2025-08-14 17:06:34,802: topic[/kelpie/leg_control/currents] removing connection to /kelpie
[rospy.internal][INFO] 2025-08-14 17:06:34,803: topic[/kelpie/battery/voltage] removing connection to /kelpie
[rospy.internal][INFO] 2025-08-14 17:06:34,804: topic[/kelpie/imu] removing connection to /kelpie
[rospy.internal][INFO] 2025-08-14 17:06:34,806: topic[/kelpie/command_input] removing connection to /kelpie
[rospy.internal][INFO] 2025-08-14 17:06:34,853: topic[/kelpie/imu] adding connection to [/kelpie], count 0
[rospy.internal][INFO] 2025-08-14 17:06:34,858: topic[/kelpie/leg_control/currents] adding connection to [/kelpie], count 0
[rospy.internal][INFO] 2025-08-14 17:06:34,871: topic[/kelpie/leg_control/joint_states] adding connection to [http://localhost:40475/], count 0
[rospy.internal][INFO] 2025-08-14 17:06:34,890: topic[/kelpie/battery/voltage] adding connection to [/kelpie], count 0
[rospy.internal][INFO] 2025-08-14 17:06:34,929: topic[/kelpie/command_input] adding connection to [/kelpie], count 0
[rospy.core][INFO] 2025-08-14 17:06:35,782: signal_shutdown [atexit]
[rospy.internal][INFO] 2025-08-14 17:06:35,804: topic[/kelpie/leg_control/currents] removing connection to /kelpie
[rospy.internal][INFO] 2025-08-14 17:06:35,813: topic[/kelpie/battery/voltage] removing connection to /kelpie
[rospy.internal][INFO] 2025-08-14 17:06:35,815: topic[/kelpie/imu] removing connection to /kelpie
[rospy.internal][INFO] 2025-08-14 17:06:35,821: topic[/rosout] removing connection to /rosout
[rospy.internal][INFO] 2025-08-14 17:06:35,823: topic[/kelpie/command_input] removing connection to /kelpie
[rospy.internal][INFO] 2025-08-14 17:06:35,825: topic[/kelpie/leg_control/joint_states] removing connection to http://localhost:40475/
[rospy.impl.masterslave][INFO] 2025-08-14 17:06:35,827: atexit
[rospy.client][INFO] 2025-08-14 17:06:36,099: init_node, name[/hardware], pid[2049]
[xmlrpc][INFO] 2025-08-14 17:06:36,113: XML-RPC server binding to 127.0.0.1:0
[xmlrpc][INFO] 2025-08-14 17:06:36,115: Started XML-RPC server [http://localhost:44499/]
[rospy.init][INFO] 2025-08-14 17:06:36,116: ROS Slave URI: [http://localhost:44499/]
[rospy.impl.masterslave][INFO] 2025-08-14 17:06:36,117: _ready: http://localhost:44499/
[rospy.registration][INFO] 2025-08-14 17:06:36,142: Registering with master node http://localhost:11311/
[xmlrpc][INFO] 2025-08-14 17:06:36,143: xml rpc node: starting XML-RPC server
[rospy.registration][INFO] 2025-08-14 17:06:36,144: Registering publisher topic [/kelpie/leg_control/currents] type [kelpie/joint_states] with master
[rospy.registration][INFO] 2025-08-14 17:06:36,210: Registering publisher topic [/kelpie/battery/voltage] type [kelpie/vec_3d_float32] with master
[rospy.registration][INFO] 2025-08-14 17:06:36,213: Registering publisher topic [/kelpie/imu] type [kelpie/imu] with master
[rospy.init][INFO] 2025-08-14 17:06:36,218: registered with master
[rospy.rosout][INFO] 2025-08-14 17:06:36,219: initializing /rosout core topic
[rospy.rosout][INFO] 2025-08-14 17:06:36,227: connected to core topic /rosout
[rospy.simtime][INFO] 2025-08-14 17:06:36,230: /use_sim_time is not set, will not subscribe to simulated time [/clock] topic
[rospy.internal][INFO] 2025-08-14 17:06:36,357: topic[/kelpie/leg_control/currents] adding connection to [/kelpie], count 0
[rospy.internal][INFO] 2025-08-14 17:06:36,405: topic[/kelpie/battery/voltage] adding connection to [/kelpie], count 0
[rospy.internal][INFO] 2025-08-14 17:06:36,420: topic[/kelpie/leg_control/joint_states] adding connection to [http://localhost:40475/], count 0
[rospy.internal][INFO] 2025-08-14 17:06:36,423: topic[/kelpie/imu] adding connection to [/kelpie], count 0
[rospy.internal][INFO] 2025-08-14 17:06:36,464: topic[/rosout] adding connection to [/rosout], count 0
[rospy.internal][INFO] 2025-08-14 17:06:36,589: topic[/kelpie/command_input] adding connection to [/kelpie], count 0
[rospy.internal][INFO] 2025-08-14 17:06:36,796: topic[/kelpie/leg_control/currents] adding connection to [/rosbridge_websocket], count 1
[rospy.internal][INFO] 2025-08-14 17:06:36,913: topic[/kelpie/leg_control/currents] removing connection to /rosbridge_websocket
[rospy.core][INFO] 2025-08-14 17:07:20,594: signal_shutdown [signal-2]
[rospy.internal][INFO] 2025-08-14 17:07:20,609: topic[/kelpie/leg_control/currents] removing connection to /kelpie
[rospy.internal][INFO] 2025-08-14 17:07:20,610: topic[/kelpie/battery/voltage] removing connection to /kelpie
[rospy.internal][INFO] 2025-08-14 17:07:20,613: topic[/kelpie/imu] removing connection to /kelpie
[rospy.internal][INFO] 2025-08-14 17:07:20,614: topic[/rosout] removing connection to /rosout
[rospy.internal][INFO] 2025-08-14 17:07:20,614: topic[/kelpie/command_input] removing connection to /kelpie
[rospy.internal][INFO] 2025-08-14 17:07:20,615: topic[/kelpie/leg_control/joint_states] removing connection to http://localhost:40475/
[rospy.impl.masterslave][INFO] 2025-08-14 17:07:20,617: signal-2
[rospy.core][INFO] 2025-08-14 17:07:35,621: signal_shutdown [signal-15]
[rospy.client][INFO] 2025-08-14 17:07:41,042: init_node, name[/hardware], pid[2188]
[xmlrpc][INFO] 2025-08-14 17:07:41,043: XML-RPC server binding to 127.0.0.1:0
[xmlrpc][INFO] 2025-08-14 17:07:41,044: Started XML-RPC server [http://localhost:40713/]
[rospy.init][INFO] 2025-08-14 17:07:41,045: ROS Slave URI: [http://localhost:40713/]
[rospy.impl.masterslave][INFO] 2025-08-14 17:07:41,045: _ready: http://localhost:40713/
[rospy.registration][INFO] 2025-08-14 17:07:41,048: Registering with master node http://localhost:11311/
[rospy.registration][INFO] 2025-08-14 17:07:41,048: Registering publisher topic [/kelpie/leg_control/currents] type [kelpie/joint_states] with master
[xmlrpc][INFO] 2025-08-14 17:07:41,048: xml rpc node: starting XML-RPC server
[rospy.registration][INFO] 2025-08-14 17:07:41,064: Registering publisher topic [/kelpie/battery/voltage] type [kelpie/vec_3d_float32] with master
[rospy.registration][INFO] 2025-08-14 17:07:41,067: Registering publisher topic [/kelpie/imu] type [kelpie/imu] with master
[rospy.init][INFO] 2025-08-14 17:07:41,146: registered with master
[rospy.rosout][INFO] 2025-08-14 17:07:41,146: initializing /rosout core topic
[rospy.rosout][INFO] 2025-08-14 17:07:41,150: connected to core topic /rosout
[rospy.simtime][INFO] 2025-08-14 17:07:41,152: /use_sim_time is not set, will not subscribe to simulated time [/clock] topic
[rospy.internal][INFO] 2025-08-14 17:07:41,258: topic[/kelpie/leg_control/joint_states] adding connection to [http://localhost:33573/], count 0
[rospy.internal][INFO] 2025-08-14 17:07:41,286: topic[/kelpie/leg_control/currents] adding connection to [/kelpie], count 0
[rospy.internal][INFO] 2025-08-14 17:07:41,393: topic[/kelpie/imu] adding connection to [/kelpie], count 0
[rospy.internal][INFO] 2025-08-14 17:07:41,399: topic[/kelpie/battery/voltage] adding connection to [/kelpie], count 0
[rospy.internal][INFO] 2025-08-14 17:07:41,440: topic[/rosout] adding connection to [/rosout], count 0
[rospy.internal][INFO] 2025-08-14 17:07:41,557: topic[/kelpie/command_input] adding connection to [/kelpie], count 0
[rospy.internal][INFO] 2025-08-14 17:07:55,379: topic[/kelpie/leg_control/currents] adding connection to [/rosbridge_websocket], count 1
[rospy.internal][INFO] 2025-08-14 17:07:55,387: topic[/kelpie/battery/voltage] adding connection to [/rosbridge_websocket], count 1
[rospy.internal][INFO] 2025-08-14 17:07:55,402: topic[/kelpie/imu] adding connection to [/rosbridge_websocket], count 1
[rospy.core][INFO] 2025-08-14 17:09:05,583: signal_shutdown [signal-2]
[rospy.internal][INFO] 2025-08-14 17:09:05,609: topic[/kelpie/leg_control/currents] removing connection to /kelpie
[rospy.internal][INFO] 2025-08-14 17:09:05,610: topic[/kelpie/leg_control/currents] removing connection to /rosbridge_websocket
[rospy.internal][INFO] 2025-08-14 17:09:05,612: topic[/kelpie/battery/voltage] removing connection to /kelpie
[rospy.internal][INFO] 2025-08-14 17:09:05,613: topic[/kelpie/battery/voltage] removing connection to /rosbridge_websocket
[rospy.internal][INFO] 2025-08-14 17:09:05,619: topic[/kelpie/imu] removing connection to /kelpie
[rospy.internal][INFO] 2025-08-14 17:09:05,620: topic[/kelpie/imu] removing connection to /rosbridge_websocket
[rospy.internal][INFO] 2025-08-14 17:09:05,621: topic[/rosout] removing connection to /rosout
[rospy.internal][INFO] 2025-08-14 17:09:05,622: topic[/kelpie/command_input] removing connection to /kelpie
[rospy.internal][INFO] 2025-08-14 17:09:05,623: topic[/kelpie/leg_control/joint_states] removing connection to http://localhost:33573/
[rospy.impl.masterslave][INFO] 2025-08-14 17:09:05,624: signal-2
[rospy.core][INFO] 2025-08-14 17:09:20,617: signal_shutdown [signal-15]
[rospy.client][INFO] 2025-08-14 17:09:31,732: init_node, name[/hardware], pid[2428]
[xmlrpc][INFO] 2025-08-14 17:09:31,734: XML-RPC server binding to 127.0.0.1:0
[xmlrpc][INFO] 2025-08-14 17:09:31,734: Started XML-RPC server [http://localhost:42141/]
[rospy.init][INFO] 2025-08-14 17:09:31,735: ROS Slave URI: [http://localhost:42141/]
[rospy.impl.masterslave][INFO] 2025-08-14 17:09:31,735: _ready: http://localhost:42141/
[rospy.registration][INFO] 2025-08-14 17:09:31,737: Registering with master node http://localhost:11311
[xmlrpc][INFO] 2025-08-14 17:09:31,737: xml rpc node: starting XML-RPC server
[rospy.registration][INFO] 2025-08-14 17:09:31,737: Registering publisher topic [/kelpie/leg_control/currents] type [kelpie/joint_states] with master
[rospy.registration][INFO] 2025-08-14 17:09:31,751: Registering publisher topic [/kelpie/battery/voltage] type [kelpie/vec_3d_float32] with master
[rospy.registration][INFO] 2025-08-14 17:09:31,753: Registering publisher topic [/kelpie/imu] type [kelpie/imu] with master
[rospy.init][INFO] 2025-08-14 17:09:31,836: registered with master
[rospy.rosout][INFO] 2025-08-14 17:09:31,836: initializing /rosout core topic
[rospy.rosout][INFO] 2025-08-14 17:09:31,842: connected to core topic /rosout
[rospy.simtime][INFO] 2025-08-14 17:09:31,845: /use_sim_time is not set, will not subscribe to simulated time [/clock] topic
[rospy.internal][INFO] 2025-08-14 17:09:31,969: topic[/kelpie/leg_control/joint_states] adding connection to [http://localhost:35221/], count 0
[rospy.internal][INFO] 2025-08-14 17:09:32,068: topic[/rosout] adding connection to [/rosout], count 0
[rospy.internal][INFO] 2025-08-14 17:09:32,136: topic[/kelpie/leg_control/currents] adding connection to [/kelpie], count 0
[rospy.internal][INFO] 2025-08-14 17:09:32,137: topic[/kelpie/imu] adding connection to [/kelpie], count 0
[rospy.internal][INFO] 2025-08-14 17:09:32,189: topic[/kelpie/battery/voltage] adding connection to [/kelpie], count 0
[rospy.internal][INFO] 2025-08-14 17:09:32,263: topic[/kelpie/command_input] adding connection to [/kelpie], count 0
[rospy.core][INFO] 2025-08-14 17:09:42,559: signal_shutdown [signal-2]
[rospy.internal][INFO] 2025-08-14 17:09:42,580: topic[/kelpie/leg_control/currents] removing connection to /kelpie
[rospy.internal][INFO] 2025-08-14 17:09:42,581: topic[/kelpie/battery/voltage] removing connection to /kelpie
[rospy.internal][INFO] 2025-08-14 17:09:42,583: topic[/kelpie/imu] removing connection to /kelpie
[rospy.internal][INFO] 2025-08-14 17:09:42,585: topic[/rosout] removing connection to /rosout
[rospy.internal][INFO] 2025-08-14 17:09:42,586: topic[/kelpie/command_input] removing connection to /kelpie
[rospy.internal][INFO] 2025-08-14 17:09:42,587: topic[/kelpie/leg_control/joint_states] removing connection to http://localhost:35221/
[rospy.impl.masterslave][INFO] 2025-08-14 17:09:42,589: signal-2
[rospy.core][INFO] 2025-08-14 17:09:57,585: signal_shutdown [signal-15]
