[rosmaster.main][INFO] 2025-08-14 17:05:04,651: initialization complete, waiting for shutdown
[rosmaster.main][INFO] 2025-08-14 17:05:04,651: Starting ROS Master Node
[xmlrpc][INFO] 2025-08-14 17:05:04,654: XML-RPC server binding to 127.0.0.1:11311
[xmlrpc][INFO] 2025-08-14 17:05:04,655: Started XML-RPC server [http://localhost:11311/]
[rosmaster.master][INFO] 2025-08-14 17:05:04,655: Master initialized: port[11311], uri[http://localhost:11311/]
[xmlrpc][INFO] 2025-08-14 17:05:04,655: xml rpc node: starting XML-RPC server
[rosmaster.master][INFO] 2025-08-14 17:05:04,775: +PARAM [/run_id] by /roslaunch
[rosmaster.master][INFO] 2025-08-14 17:05:04,778: +PARAM [/roslaunch/uris/host_localhost__41353] by /roslaunch
[rosmaster.master][INFO] 2025-08-14 17:05:04,913: +PARAM [/rosversion] by /roslaunch
[rosmaster.master][INFO] 2025-08-14 17:05:04,914: +PARAM [/rosdistro] by /roslaunch
[rosmaster.master][INFO] 2025-08-14 17:05:04,925: +SERVICE [/rosout/get_loggers] /rosout http://localhost:38173/
[rosmaster.master][INFO] 2025-08-14 17:05:04,926: +SERVICE [/rosout/set_logger_level] /rosout http://localhost:38173/
[rosmaster.master][INFO] 2025-08-14 17:05:04,929: +PUB [/rosout_agg] /rosout http://localhost:38173/
[rosmaster.master][INFO] 2025-08-14 17:05:04,935: +SUB [/rosout] /rosout http://localhost:38173/
[rosmaster.master][INFO] 2025-08-14 17:06:03,734: +PARAM [/roslaunch/uris/host_localhost__43105] by /roslaunch
[rosmaster.master][INFO] 2025-08-14 17:06:03,746: +PARAM [/rosversion] by /roslaunch
[rosmaster.master][INFO] 2025-08-14 17:06:03,746: +PARAM [/rosdistro] by /roslaunch
[rosmaster.master][INFO] 2025-08-14 17:06:03,746: +PARAM [/rosbridge_websocket/authenticate] by /roslaunch
[rosmaster.master][INFO] 2025-08-14 17:06:03,746: +PARAM [/rosbridge_websocket/port] by /roslaunch
[rosmaster.master][INFO] 2025-08-14 17:06:03,747: +PARAM [/rosbridge_websocket/address] by /roslaunch
[rosmaster.master][INFO] 2025-08-14 17:06:03,747: +PARAM [/rosbridge_websocket/retry_startup_delay] by /roslaunch
[rosmaster.master][INFO] 2025-08-14 17:06:03,747: +PARAM [/rosbridge_websocket/fragment_timeout] by /roslaunch
[rosmaster.master][INFO] 2025-08-14 17:06:03,747: +PARAM [/rosbridge_websocket/delay_between_messages] by /roslaunch
[rosmaster.master][INFO] 2025-08-14 17:06:03,748: +PARAM [/rosbridge_websocket/max_message_size] by /roslaunch
[rosmaster.master][INFO] 2025-08-14 17:06:03,748: +PARAM [/rosbridge_websocket/unregister_timeout] by /roslaunch
[rosmaster.master][INFO] 2025-08-14 17:06:03,748: +PARAM [/rosbridge_websocket/use_compression] by /roslaunch
[rosmaster.master][INFO] 2025-08-14 17:06:03,748: +PARAM [/rosbridge_websocket/websocket_ping_interval] by /roslaunch
[rosmaster.master][INFO] 2025-08-14 17:06:03,748: +PARAM [/rosbridge_websocket/websocket_ping_timeout] by /roslaunch
[rosmaster.master][INFO] 2025-08-14 17:06:03,749: +PARAM [/rosbridge_websocket/websocket_external_port] by /roslaunch
[rosmaster.master][INFO] 2025-08-14 17:06:03,749: +PARAM [/rosbridge_websocket/topics_glob] by /roslaunch
[rosmaster.master][INFO] 2025-08-14 17:06:03,749: +PARAM [/rosbridge_websocket/services_glob] by /roslaunch
[rosmaster.master][INFO] 2025-08-14 17:06:03,749: +PARAM [/rosbridge_websocket/params_glob] by /roslaunch
[rosmaster.master][INFO] 2025-08-14 17:06:03,750: +PARAM [/rosbridge_websocket/bson_only_mode] by /roslaunch
[rosmaster.master][INFO] 2025-08-14 17:06:03,750: +PARAM [/rosapi/topics_glob] by /roslaunch
[rosmaster.master][INFO] 2025-08-14 17:06:03,750: +PARAM [/rosapi/services_glob] by /roslaunch
[rosmaster.master][INFO] 2025-08-14 17:06:03,750: +PARAM [/rosapi/params_glob] by /roslaunch
[rosmaster.master][INFO] 2025-08-14 17:06:06,000: +PUB [/rosout] /rosapi http://localhost:40585/
[rosmaster.master][INFO] 2025-08-14 17:06:06,008: +SERVICE [/rosapi/get_loggers] /rosapi http://localhost:40585/
[rosmaster.master][INFO] 2025-08-14 17:06:06,011: +SERVICE [/rosapi/set_logger_level] /rosapi http://localhost:40585/
[rosmaster.master][INFO] 2025-08-14 17:06:06,020: +SERVICE [/rosapi/topics] /rosapi http://localhost:40585/
[rosmaster.master][INFO] 2025-08-14 17:06:06,024: +SERVICE [/rosapi/topics_for_type] /rosapi http://localhost:40585/
[rosmaster.master][INFO] 2025-08-14 17:06:06,027: +SERVICE [/rosapi/services] /rosapi http://localhost:40585/
[rosmaster.master][INFO] 2025-08-14 17:06:06,030: +SERVICE [/rosapi/services_for_type] /rosapi http://localhost:40585/
[rosmaster.master][INFO] 2025-08-14 17:06:06,033: +SERVICE [/rosapi/nodes] /rosapi http://localhost:40585/
[rosmaster.master][INFO] 2025-08-14 17:06:06,037: +SERVICE [/rosapi/node_details] /rosapi http://localhost:40585/
[rosmaster.master][INFO] 2025-08-14 17:06:06,041: +SERVICE [/rosapi/action_servers] /rosapi http://localhost:40585/
[rosmaster.master][INFO] 2025-08-14 17:06:06,043: +PUB [/rosout] /kelpie http://localhost:37289/
[rosmaster.master][INFO] 2025-08-14 17:06:06,046: +SERVICE [/rosapi/topic_type] /rosapi http://localhost:40585/
[rosmaster.master][INFO] 2025-08-14 17:06:06,050: +SERVICE [/rosapi/service_type] /rosapi http://localhost:40585/
[rosmaster.master][INFO] 2025-08-14 17:06:06,052: +SERVICE [/kelpie/get_loggers] /kelpie http://localhost:37289/
[rosmaster.master][INFO] 2025-08-14 17:06:06,055: +SERVICE [/rosapi/publishers] /rosapi http://localhost:40585/
[rosmaster.master][INFO] 2025-08-14 17:06:06,061: +SERVICE [/kelpie/set_logger_level] /kelpie http://localhost:37289/
[rosmaster.master][INFO] 2025-08-14 17:06:06,062: +SERVICE [/rosapi/subscribers] /rosapi http://localhost:40585/
[rosmaster.master][INFO] 2025-08-14 17:06:06,066: +SERVICE [/rosapi/service_providers] /rosapi http://localhost:40585/
[rosmaster.master][INFO] 2025-08-14 17:06:06,068: +SUB [/kelpie/imu] /kelpie http://localhost:37289/
[rosmaster.master][INFO] 2025-08-14 17:06:06,069: publisherUpdate[/rosout] -> http://localhost:38173/ ['http://localhost:40585/']
[rosmaster.master][INFO] 2025-08-14 17:06:06,072: +SERVICE [/rosapi/service_node] /rosapi http://localhost:40585/
[rosmaster.master][INFO] 2025-08-14 17:06:06,080: +SERVICE [/rosapi/service_host] /rosapi http://localhost:40585/
[rosmaster.master][INFO] 2025-08-14 17:06:06,081: +SUB [/kelpie/leg_control/currents] /kelpie http://localhost:37289/
[rosmaster.master][INFO] 2025-08-14 17:06:06,083: +SERVICE [/rosapi/message_details] /rosapi http://localhost:40585/
[rosmaster.master][INFO] 2025-08-14 17:06:06,088: +SUB [/kelpie/battery/voltage] /kelpie http://localhost:37289/
[rosmaster.master][INFO] 2025-08-14 17:06:06,090: publisherUpdate[/rosout] -> http://localhost:38173/ ['http://localhost:40585/']: sec=0.02, result=[1, '', 0]
[rosmaster.master][INFO] 2025-08-14 17:06:06,091: +SERVICE [/rosapi/service_request_details] /rosapi http://localhost:40585/
[rosmaster.master][INFO] 2025-08-14 17:06:06,091: publisherUpdate[/rosout] -> http://localhost:38173/ ['http://localhost:40585/', 'http://localhost:37289/']
[rosmaster.master][INFO] 2025-08-14 17:06:06,099: +PUB [/kelpie/leg_control/joint_states] /kelpie http://localhost:37289/
[rosmaster.master][INFO] 2025-08-14 17:06:06,104: publisherUpdate[/rosout] -> http://localhost:38173/ ['http://localhost:40585/', 'http://localhost:37289/']: sec=0.00, result=[1, '', 0]
[rosmaster.master][INFO] 2025-08-14 17:06:06,104: +SERVICE [/rosapi/service_response_details] /rosapi http://localhost:40585/
[rosmaster.master][INFO] 2025-08-14 17:06:06,107: +SERVICE [/rosapi/set_param] /rosapi http://localhost:40585/
[rosmaster.master][INFO] 2025-08-14 17:06:06,111: +SERVICE [/rosapi/get_param] /rosapi http://localhost:40585/
[rosmaster.master][INFO] 2025-08-14 17:06:06,113: +CACHEDPARAM [/rosout_disable_topics_generation] by /kelpie
[rosmaster.master][INFO] 2025-08-14 17:06:06,116: +SERVICE [/rosapi/has_param] /rosapi http://localhost:40585/
[rosmaster.master][INFO] 2025-08-14 17:06:06,119: +SERVICE [/rosapi/search_param] /rosapi http://localhost:40585/
[rosmaster.master][INFO] 2025-08-14 17:06:06,120: +SUB [/kelpie/command_input] /kelpie http://localhost:37289/
[rosmaster.master][INFO] 2025-08-14 17:06:06,123: +SERVICE [/rosapi/delete_param] /rosapi http://localhost:40585/
[rosmaster.master][INFO] 2025-08-14 17:06:06,125: +CACHEDPARAM [/rosout_disable_topics_generation] by /kelpie
[rosmaster.master][INFO] 2025-08-14 17:06:06,126: +SERVICE [/rosapi/get_param_names] /rosapi http://localhost:40585/
[rosmaster.master][INFO] 2025-08-14 17:06:06,129: +CACHEDPARAM [/rosout_disable_topics_generation] by /kelpie
[rosmaster.master][INFO] 2025-08-14 17:06:06,130: +SERVICE [/rosapi/get_time] /rosapi http://localhost:40585/
[rosmaster.master][INFO] 2025-08-14 17:06:06,134: +CACHEDPARAM [/rosout_disable_topics_generation] by /kelpie
[rosmaster.master][INFO] 2025-08-14 17:06:06,135: +SERVICE [/rosapi/topics_and_raw_types] /rosapi http://localhost:40585/
[rosmaster.master][INFO] 2025-08-14 17:06:06,139: +CACHEDPARAM [/rosout_disable_topics_generation] by /kelpie
[rosmaster.master][INFO] 2025-08-14 17:06:06,140: +CACHEDPARAM [/rosout_disable_topics_generation] by /rosapi
[rosmaster.master][INFO] 2025-08-14 17:06:06,144: +CACHEDPARAM [/rosout_disable_topics_generation] by /kelpie
[rosmaster.master][INFO] 2025-08-14 17:06:06,147: +CACHEDPARAM [/rosout_disable_topics_generation] by /kelpie
[rosmaster.master][INFO] 2025-08-14 17:06:06,151: +CACHEDPARAM [/rosout_disable_topics_generation] by /kelpie
[rosmaster.master][INFO] 2025-08-14 17:06:06,155: +CACHEDPARAM [/rosout_disable_topics_generation] by /kelpie
[rosmaster.master][INFO] 2025-08-14 17:06:06,319: +CACHEDPARAM [/rosout/omit_topics] by /rosout
[rosmaster.master][INFO] 2025-08-14 17:06:06,438: +PUB [/kelpie/leg_control/currents] /hardware http://localhost:33897/
[rosmaster.master][INFO] 2025-08-14 17:06:06,442: +PUB [/kelpie/battery/voltage] /hardware http://localhost:33897/
[rosmaster.master][INFO] 2025-08-14 17:06:06,445: +PUB [/kelpie/imu] /hardware http://localhost:33897/
[rosmaster.master][INFO] 2025-08-14 17:06:06,471: publisherUpdate[/kelpie/leg_control/currents] -> http://localhost:37289/ ['http://localhost:33897/']
[rosmaster.master][INFO] 2025-08-14 17:06:06,494: publisherUpdate[/kelpie/leg_control/currents] -> http://localhost:37289/ ['http://localhost:33897/']: sec=0.02, result=[1, '', 0]
[rosmaster.master][INFO] 2025-08-14 17:06:06,495: publisherUpdate[/kelpie/battery/voltage] -> http://localhost:37289/ ['http://localhost:33897/']
[rosmaster.master][INFO] 2025-08-14 17:06:06,509: publisherUpdate[/kelpie/battery/voltage] -> http://localhost:37289/ ['http://localhost:33897/']: sec=0.01, result=[1, '', 0]
[rosmaster.master][INFO] 2025-08-14 17:06:06,509: publisherUpdate[/kelpie/imu] -> http://localhost:37289/ ['http://localhost:33897/']
[rosmaster.master][INFO] 2025-08-14 17:06:06,515: publisherUpdate[/kelpie/imu] -> http://localhost:37289/ ['http://localhost:33897/']: sec=0.01, result=[1, '', 0]
[rosmaster.master][INFO] 2025-08-14 17:06:06,517: +PUB [/rosout] /hardware http://localhost:33897/
[rosmaster.master][INFO] 2025-08-14 17:06:06,525: +SERVICE [/hardware/get_loggers] /hardware http://localhost:33897/
[rosmaster.master][INFO] 2025-08-14 17:06:06,528: +SERVICE [/hardware/set_logger_level] /hardware http://localhost:33897/
[rosmaster.master][INFO] 2025-08-14 17:06:06,572: publisherUpdate[/rosout] -> http://localhost:38173/ ['http://localhost:40585/', 'http://localhost:37289/', 'http://localhost:33897/']
[rosmaster.master][INFO] 2025-08-14 17:06:06,576: publisherUpdate[/rosout] -> http://localhost:38173/ ['http://localhost:40585/', 'http://localhost:37289/', 'http://localhost:33897/']: sec=0.00, result=[1, '', 0]
[rosmaster.master][INFO] 2025-08-14 17:06:06,588: +SUB [/kelpie/leg_control/joint_states] /hardware http://localhost:33897/
[rosmaster.master][INFO] 2025-08-14 17:06:06,597: +SUB [/joy] /hardware http://localhost:33897/
[rosmaster.master][INFO] 2025-08-14 17:06:06,603: +PUB [/rosout] /keyboard http://localhost:44077/
[rosmaster.master][INFO] 2025-08-14 17:06:06,604: +PUB [/kelpie/command_input] /hardware http://localhost:33897/
[rosmaster.master][INFO] 2025-08-14 17:06:06,606: publisherUpdate[/rosout] -> http://localhost:38173/ ['http://localhost:40585/', 'http://localhost:37289/', 'http://localhost:33897/', 'http://localhost:44077/']
[rosmaster.master][INFO] 2025-08-14 17:06:06,609: publisherUpdate[/rosout] -> http://localhost:38173/ ['http://localhost:40585/', 'http://localhost:37289/', 'http://localhost:33897/', 'http://localhost:44077/']: sec=0.00, result=[1, '', 0]
[rosmaster.master][INFO] 2025-08-14 17:06:06,610: publisherUpdate[/kelpie/command_input] -> http://localhost:37289/ ['http://localhost:33897/']
[rosmaster.master][INFO] 2025-08-14 17:06:06,613: +SERVICE [/keyboard/get_loggers] /keyboard http://localhost:44077/
[rosmaster.master][INFO] 2025-08-14 17:06:06,616: +SERVICE [/keyboard/set_logger_level] /keyboard http://localhost:44077/
[rosmaster.master][INFO] 2025-08-14 17:06:06,624: +PUB [/kelpie/command_input] /keyboard http://localhost:44077/
[rosmaster.master][INFO] 2025-08-14 17:06:06,633: +PUB [/rosout] /rosbridge_websocket http://localhost:37595/
[rosmaster.master][INFO] 2025-08-14 17:06:06,640: +SERVICE [/rosbridge_websocket/get_loggers] /rosbridge_websocket http://localhost:37595/
[rosmaster.master][INFO] 2025-08-14 17:06:06,643: +SERVICE [/rosbridge_websocket/set_logger_level] /rosbridge_websocket http://localhost:37595/
[rosmaster.master][INFO] 2025-08-14 17:06:06,650: publisherUpdate[/kelpie/command_input] -> http://localhost:37289/ ['http://localhost:33897/']: sec=0.04, result=[1, '', 0]
[rosmaster.master][INFO] 2025-08-14 17:06:06,651: publisherUpdate[/kelpie/command_input] -> http://localhost:37289/ ['http://localhost:33897/', 'http://localhost:44077/']
[rosmaster.master][INFO] 2025-08-14 17:06:06,677: publisherUpdate[/kelpie/command_input] -> http://localhost:37289/ ['http://localhost:33897/', 'http://localhost:44077/']: sec=0.02, result=[1, '', 0]
[rosmaster.master][INFO] 2025-08-14 17:06:06,677: publisherUpdate[/rosout] -> http://localhost:38173/ ['http://localhost:40585/', 'http://localhost:37289/', 'http://localhost:33897/', 'http://localhost:44077/', 'http://localhost:37595/']
[rosmaster.master][INFO] 2025-08-14 17:06:06,682: publisherUpdate[/rosout] -> http://localhost:38173/ ['http://localhost:40585/', 'http://localhost:37289/', 'http://localhost:33897/', 'http://localhost:44077/', 'http://localhost:37595/']: sec=0.00, result=[1, '', 0]
[rosmaster.master][INFO] 2025-08-14 17:06:06,687: +PUB [/client_count] /rosbridge_websocket http://localhost:37595/
[rosmaster.master][INFO] 2025-08-14 17:06:06,690: +PUB [/connected_clients] /rosbridge_websocket http://localhost:37595/
[rosmaster.master][INFO] 2025-08-14 17:06:06,700: +PARAM [/rosbridge_websocket/actual_port] by /rosbridge_websocket
[rosmaster.master][INFO] 2025-08-14 17:06:06,706: +CACHEDPARAM [/rosout_disable_topics_generation] by /rosbridge_websocket
[rosmaster.master][INFO] 2025-08-14 17:06:06,796: +CACHEDPARAM [/rosout_disable_topics_generation] by /hardware
[rosmaster.master][INFO] 2025-08-14 17:06:32,147: +PARAM [/roslaunch/uris/host_localhost__45451] by /roslaunch
[rosmaster.master][INFO] 2025-08-14 17:06:32,158: +PARAM [/rosversion] by /roslaunch
[rosmaster.master][INFO] 2025-08-14 17:06:32,158: +PARAM [/rosdistro] by /roslaunch
[rosmaster.master][INFO] 2025-08-14 17:06:32,158: +PARAM [/rosbridge_websocket/authenticate] by /roslaunch
[rosmaster.master][INFO] 2025-08-14 17:06:32,158: +PARAM [/rosbridge_websocket/port] by /roslaunch
[rosmaster.master][INFO] 2025-08-14 17:06:32,159: +PARAM [/rosbridge_websocket/address] by /roslaunch
[rosmaster.master][INFO] 2025-08-14 17:06:32,159: +PARAM [/rosbridge_websocket/retry_startup_delay] by /roslaunch
[rosmaster.master][INFO] 2025-08-14 17:06:32,159: +PARAM [/rosbridge_websocket/fragment_timeout] by /roslaunch
[rosmaster.master][INFO] 2025-08-14 17:06:32,159: +PARAM [/rosbridge_websocket/delay_between_messages] by /roslaunch
[rosmaster.master][INFO] 2025-08-14 17:06:32,159: +PARAM [/rosbridge_websocket/max_message_size] by /roslaunch
[rosmaster.master][INFO] 2025-08-14 17:06:32,160: +PARAM [/rosbridge_websocket/unregister_timeout] by /roslaunch
[rosmaster.master][INFO] 2025-08-14 17:06:32,160: +PARAM [/rosbridge_websocket/use_compression] by /roslaunch
[rosmaster.master][INFO] 2025-08-14 17:06:32,160: +PARAM [/rosbridge_websocket/websocket_ping_interval] by /roslaunch
[rosmaster.master][INFO] 2025-08-14 17:06:32,160: +PARAM [/rosbridge_websocket/websocket_ping_timeout] by /roslaunch
[rosmaster.master][INFO] 2025-08-14 17:06:32,160: +PARAM [/rosbridge_websocket/websocket_external_port] by /roslaunch
[rosmaster.master][INFO] 2025-08-14 17:06:32,161: +PARAM [/rosbridge_websocket/topics_glob] by /roslaunch
[rosmaster.master][INFO] 2025-08-14 17:06:32,161: +PARAM [/rosbridge_websocket/services_glob] by /roslaunch
[rosmaster.master][INFO] 2025-08-14 17:06:32,161: +PARAM [/rosbridge_websocket/params_glob] by /roslaunch
[rosmaster.master][INFO] 2025-08-14 17:06:32,162: +PARAM [/rosbridge_websocket/bson_only_mode] by /roslaunch
[rosmaster.master][INFO] 2025-08-14 17:06:32,162: +PARAM [/rosapi/topics_glob] by /roslaunch
[rosmaster.master][INFO] 2025-08-14 17:06:32,162: +PARAM [/rosapi/services_glob] by /roslaunch
[rosmaster.master][INFO] 2025-08-14 17:06:32,162: +PARAM [/rosapi/params_glob] by /roslaunch
[rosmaster.master][INFO] 2025-08-14 17:06:34,260: +CACHEDPARAM [/rosout_disable_topics_generation] by /rosbridge_websocket
[rosmaster.master][INFO] 2025-08-14 17:06:34,588: +PUB [/rosout] /rosapi http://localhost:37469/
[rosmaster.master][INFO] 2025-08-14 17:06:34,603: +SERVICE [/rosapi/get_loggers] /rosapi http://localhost:37469/
[rosmaster.master][INFO] 2025-08-14 17:06:34,607: +SERVICE [/rosapi/set_logger_level] /rosapi http://localhost:37469/
[rosmaster.master][INFO] 2025-08-14 17:06:34,619: +SERVICE [/rosapi/topics] /rosapi http://localhost:37469/
[rosmaster.master][INFO] 2025-08-14 17:06:34,627: publisherUpdate[/rosout] -> http://localhost:38173/ ['http://localhost:37289/', 'http://localhost:33897/', 'http://localhost:44077/', 'http://localhost:37595/', 'http://localhost:37469/']
[rosmaster.master][INFO] 2025-08-14 17:06:34,629: +SERVICE [/rosapi/topics_for_type] /rosapi http://localhost:37469/
[rosmaster.master][INFO] 2025-08-14 17:06:34,633: publisherUpdate[/rosout] -> http://localhost:38173/ ['http://localhost:37289/', 'http://localhost:33897/', 'http://localhost:44077/', 'http://localhost:37595/', 'http://localhost:37469/']: sec=0.01, result=[1, '', 0]
[rosmaster.master][INFO] 2025-08-14 17:06:34,637: +SERVICE [/rosapi/services] /rosapi http://localhost:37469/
[rosmaster.master][INFO] 2025-08-14 17:06:34,652: +SERVICE [/rosapi/services_for_type] /rosapi http://localhost:37469/
[rosmaster.master][INFO] 2025-08-14 17:06:34,657: -PUB [/rosout] /rosapi http://localhost:40585/
[rosmaster.master][INFO] 2025-08-14 17:06:34,660: +SERVICE [/rosapi/nodes] /rosapi http://localhost:37469/
[rosmaster.master][INFO] 2025-08-14 17:06:34,661: -SERVICE [/rosapi/get_loggers] /rosapi rosrpc://localhost:37291
[rosmaster.master][INFO] 2025-08-14 17:06:34,671: +SERVICE [/rosapi/node_details] /rosapi http://localhost:37469/
[rosmaster.master][INFO] 2025-08-14 17:06:34,677: -SERVICE [/rosapi/set_logger_level] /rosapi rosrpc://localhost:37291
[rosmaster.master][INFO] 2025-08-14 17:06:34,678: -SERVICE [/rosapi/topics] /rosapi rosrpc://localhost:37291
[rosmaster.master][INFO] 2025-08-14 17:06:34,678: -SERVICE [/rosapi/topics_for_type] /rosapi rosrpc://localhost:37291
[rosmaster.master][INFO] 2025-08-14 17:06:34,678: -SERVICE [/rosapi/services] /rosapi rosrpc://localhost:37291
[rosmaster.master][INFO] 2025-08-14 17:06:34,679: -SERVICE [/rosapi/services_for_type] /rosapi rosrpc://localhost:37291
[rosmaster.master][INFO] 2025-08-14 17:06:34,679: -SERVICE [/rosapi/nodes] /rosapi rosrpc://localhost:37291
[rosmaster.master][INFO] 2025-08-14 17:06:34,680: -SERVICE [/rosapi/node_details] /rosapi rosrpc://localhost:37291
[rosmaster.master][INFO] 2025-08-14 17:06:34,680: -SERVICE [/rosapi/action_servers] /rosapi rosrpc://localhost:37291
[rosmaster.master][INFO] 2025-08-14 17:06:34,683: +PUB [/rosout] /kelpie http://localhost:40475/
[rosmaster.master][INFO] 2025-08-14 17:06:34,684: -SERVICE [/rosapi/topic_type] /rosapi rosrpc://localhost:37291
[rosmaster.master][INFO] 2025-08-14 17:06:34,685: -SERVICE [/rosapi/service_type] /rosapi rosrpc://localhost:37291
[rosmaster.master][INFO] 2025-08-14 17:06:34,686: -SERVICE [/rosapi/publishers] /rosapi rosrpc://localhost:37291
[rosmaster.master][INFO] 2025-08-14 17:06:34,686: -SERVICE [/rosapi/subscribers] /rosapi rosrpc://localhost:37291
[rosmaster.master][INFO] 2025-08-14 17:06:34,687: -SERVICE [/rosapi/service_providers] /rosapi rosrpc://localhost:37291
[rosmaster.master][INFO] 2025-08-14 17:06:34,687: -SERVICE [/rosapi/service_node] /rosapi rosrpc://localhost:37291
[rosmaster.master][INFO] 2025-08-14 17:06:34,688: -SERVICE [/rosapi/service_host] /rosapi rosrpc://localhost:37291
[rosmaster.master][INFO] 2025-08-14 17:06:34,688: -SERVICE [/rosapi/message_details] /rosapi rosrpc://localhost:37291
[rosmaster.master][INFO] 2025-08-14 17:06:34,696: +SERVICE [/rosapi/action_servers] /rosapi http://localhost:37469/
[rosmaster.master][INFO] 2025-08-14 17:06:34,697: -SERVICE [/rosapi/service_request_details] /rosapi rosrpc://localhost:37291
[rosmaster.master][INFO] 2025-08-14 17:06:34,698: -SERVICE [/rosapi/service_response_details] /rosapi rosrpc://localhost:37291
[rosmaster.master][INFO] 2025-08-14 17:06:34,698: -SERVICE [/rosapi/set_param] /rosapi rosrpc://localhost:37291
[rosmaster.master][INFO] 2025-08-14 17:06:34,699: -SERVICE [/rosapi/get_param] /rosapi rosrpc://localhost:37291
[rosmaster.master][INFO] 2025-08-14 17:06:34,701: +SERVICE [/rosapi/topic_type] /rosapi http://localhost:37469/
[rosmaster.master][INFO] 2025-08-14 17:06:34,702: -SERVICE [/rosapi/has_param] /rosapi rosrpc://localhost:37291
[rosmaster.master][INFO] 2025-08-14 17:06:34,710: -SERVICE [/rosapi/search_param] /rosapi rosrpc://localhost:37291
[rosmaster.master][INFO] 2025-08-14 17:06:34,711: +SERVICE [/kelpie/get_loggers] /kelpie http://localhost:40475/
[rosmaster.master][INFO] 2025-08-14 17:06:34,714: -SERVICE [/rosapi/delete_param] /rosapi rosrpc://localhost:37291
[rosmaster.master][INFO] 2025-08-14 17:06:34,716: +SERVICE [/rosapi/service_type] /rosapi http://localhost:37469/
[rosmaster.master][INFO] 2025-08-14 17:06:34,717: +SERVICE [/kelpie/set_logger_level] /kelpie http://localhost:40475/
[rosmaster.master][INFO] 2025-08-14 17:06:34,719: -SERVICE [/rosapi/get_param_names] /rosapi rosrpc://localhost:37291
[rosmaster.master][INFO] 2025-08-14 17:06:34,719: -SERVICE [/rosapi/get_time] /rosapi rosrpc://localhost:37291
[rosmaster.master][INFO] 2025-08-14 17:06:34,720: -SERVICE [/rosapi/topics_and_raw_types] /rosapi rosrpc://localhost:37291
[rosmaster.master][INFO] 2025-08-14 17:06:34,724: +SERVICE [/rosapi/publishers] /rosapi http://localhost:37469/
[rosmaster.master][INFO] 2025-08-14 17:06:34,727: +SUB [/kelpie/imu] /kelpie http://localhost:40475/
[rosmaster.master][INFO] 2025-08-14 17:06:34,730: +SERVICE [/rosapi/subscribers] /rosapi http://localhost:37469/
[rosmaster.master][INFO] 2025-08-14 17:06:34,734: +SUB [/kelpie/leg_control/currents] /kelpie http://localhost:40475/
[rosmaster.master][INFO] 2025-08-14 17:06:34,737: +SERVICE [/rosapi/service_providers] /rosapi http://localhost:37469/
[rosmaster.master][INFO] 2025-08-14 17:06:34,743: +SERVICE [/rosapi/service_node] /rosapi http://localhost:37469/
[rosmaster.master][INFO] 2025-08-14 17:06:34,747: +SERVICE [/rosapi/service_host] /rosapi http://localhost:37469/
[rosmaster.master][INFO] 2025-08-14 17:06:34,749: +SUB [/kelpie/battery/voltage] /kelpie http://localhost:40475/
[rosmaster.master][INFO] 2025-08-14 17:06:34,751: +SERVICE [/rosapi/message_details] /rosapi http://localhost:37469/
[rosmaster.master][INFO] 2025-08-14 17:06:34,756: -SUB [/kelpie/imu] /kelpie http://localhost:37289/
[rosmaster.master][INFO] 2025-08-14 17:06:34,757: -SUB [/kelpie/leg_control/currents] /kelpie http://localhost:37289/
[rosmaster.master][INFO] 2025-08-14 17:06:34,757: -SUB [/kelpie/battery/voltage] /kelpie http://localhost:37289/
[rosmaster.master][INFO] 2025-08-14 17:06:34,758: -SUB [/kelpie/command_input] /kelpie http://localhost:37289/
[rosmaster.master][INFO] 2025-08-14 17:06:34,758: -PUB [/rosout] /kelpie http://localhost:37289/
[rosmaster.master][INFO] 2025-08-14 17:06:34,759: -PUB [/kelpie/leg_control/joint_states] /kelpie http://localhost:37289/
[rosmaster.master][INFO] 2025-08-14 17:06:34,759: -SERVICE [/kelpie/get_loggers] /kelpie rosrpc://localhost:42329
[rosmaster.master][INFO] 2025-08-14 17:06:34,759: -SERVICE [/kelpie/set_logger_level] /kelpie rosrpc://localhost:42329
[rosmaster.master][INFO] 2025-08-14 17:06:34,763: +PUB [/kelpie/leg_control/joint_states] /kelpie http://localhost:40475/
[rosmaster.master][INFO] 2025-08-14 17:06:34,767: +SERVICE [/rosapi/service_request_details] /rosapi http://localhost:37469/
[rosmaster.master][INFO] 2025-08-14 17:06:34,771: +SERVICE [/rosapi/service_response_details] /rosapi http://localhost:37469/
[rosmaster.master][INFO] 2025-08-14 17:06:34,771: publisherUpdate[/rosout] -> http://localhost:38173/ ['http://localhost:33897/', 'http://localhost:44077/', 'http://localhost:37595/', 'http://localhost:37469/', 'http://localhost:40475/']
[rosmaster.master][INFO] 2025-08-14 17:06:34,779: +SERVICE [/rosapi/set_param] /rosapi http://localhost:37469/
[rosmaster.master][INFO] 2025-08-14 17:06:34,781: publisherUpdate[/rosout] -> http://localhost:38173/ ['http://localhost:33897/', 'http://localhost:44077/', 'http://localhost:37595/', 'http://localhost:37469/', 'http://localhost:40475/']: sec=0.01, result=[1, '', 0]
[rosmaster.master][INFO] 2025-08-14 17:06:34,781: publisherUpdate[/kelpie/leg_control/joint_states] -> http://localhost:33897/ ['http://localhost:40475/']
[rosmaster.master][INFO] 2025-08-14 17:06:34,783: +SERVICE [/rosapi/get_param] /rosapi http://localhost:37469/
[rosmaster.master][INFO] 2025-08-14 17:06:34,788: +CACHEDPARAM [/rosout_disable_topics_generation] by /kelpie
[rosmaster.master][INFO] 2025-08-14 17:06:34,792: +SERVICE [/rosapi/has_param] /rosapi http://localhost:37469/
[rosmaster.master][INFO] 2025-08-14 17:06:34,810: publisherUpdate[/kelpie/leg_control/joint_states] -> http://localhost:33897/ ['http://localhost:40475/']: sec=0.03, result=[1, '', 0]
[rosmaster.master][INFO] 2025-08-14 17:06:34,813: +SERVICE [/rosapi/search_param] /rosapi http://localhost:37469/
[rosmaster.master][INFO] 2025-08-14 17:06:34,817: +SUB [/kelpie/command_input] /kelpie http://localhost:40475/
[rosmaster.master][INFO] 2025-08-14 17:06:34,822: +SERVICE [/rosapi/delete_param] /rosapi http://localhost:37469/
[rosmaster.master][INFO] 2025-08-14 17:06:34,826: +CACHEDPARAM [/rosout_disable_topics_generation] by /kelpie
[rosmaster.master][INFO] 2025-08-14 17:06:34,830: +SERVICE [/rosapi/get_param_names] /rosapi http://localhost:37469/
[rosmaster.master][INFO] 2025-08-14 17:06:34,836: +CACHEDPARAM [/rosout_disable_topics_generation] by /kelpie
[rosmaster.master][INFO] 2025-08-14 17:06:34,839: +SERVICE [/rosapi/get_time] /rosapi http://localhost:37469/
[rosmaster.master][INFO] 2025-08-14 17:06:34,844: +SERVICE [/rosapi/topics_and_raw_types] /rosapi http://localhost:37469/
[rosmaster.master][INFO] 2025-08-14 17:06:34,847: +CACHEDPARAM [/rosout_disable_topics_generation] by /kelpie
[rosmaster.master][INFO] 2025-08-14 17:06:34,855: +CACHEDPARAM [/rosout_disable_topics_generation] by /rosapi
[rosmaster.master][INFO] 2025-08-14 17:06:34,856: +CACHEDPARAM [/rosout_disable_topics_generation] by /kelpie
[rosmaster.master][INFO] 2025-08-14 17:06:34,866: +CACHEDPARAM [/rosout_disable_topics_generation] by /kelpie
[rosmaster.master][INFO] 2025-08-14 17:06:34,876: +CACHEDPARAM [/rosout_disable_topics_generation] by /kelpie
[rosmaster.master][INFO] 2025-08-14 17:06:34,882: +CACHEDPARAM [/rosout_disable_topics_generation] by /kelpie
[rosmaster.master][INFO] 2025-08-14 17:06:34,894: +CACHEDPARAM [/rosout_disable_topics_generation] by /kelpie
[rosmaster.master][INFO] 2025-08-14 17:06:35,792: -SUB [/kelpie/leg_control/joint_states] /hardware http://localhost:33897/
[rosmaster.master][INFO] 2025-08-14 17:06:35,793: -SUB [/joy] /hardware http://localhost:33897/
[rosmaster.master][INFO] 2025-08-14 17:06:35,794: -PUB [/kelpie/leg_control/currents] /hardware http://localhost:33897/
[rosmaster.master][INFO] 2025-08-14 17:06:35,795: -PUB [/kelpie/battery/voltage] /hardware http://localhost:33897/
[rosmaster.master][INFO] 2025-08-14 17:06:35,796: -PUB [/kelpie/imu] /hardware http://localhost:33897/
[rosmaster.master][INFO] 2025-08-14 17:06:35,797: -PUB [/rosout] /hardware http://localhost:33897/
[rosmaster.master][INFO] 2025-08-14 17:06:35,798: -PUB [/kelpie/command_input] /hardware http://localhost:33897/
[rosmaster.master][INFO] 2025-08-14 17:06:35,799: -SERVICE [/hardware/get_loggers] /hardware rosrpc://localhost:33551
[rosmaster.master][INFO] 2025-08-14 17:06:35,799: -SERVICE [/hardware/set_logger_level] /hardware rosrpc://localhost:33551
[rosmaster.master][INFO] 2025-08-14 17:06:35,806: publisherUpdate[/kelpie/leg_control/currents] -> http://localhost:40475/ []
[rosmaster.master][INFO] 2025-08-14 17:06:35,825: publisherUpdate[/rosout] -> http://localhost:38173/ ['http://localhost:44077/', 'http://localhost:37595/', 'http://localhost:37469/', 'http://localhost:40475/']
[rosmaster.master][INFO] 2025-08-14 17:06:35,828: publisherUpdate[/rosout] -> http://localhost:38173/ ['http://localhost:44077/', 'http://localhost:37595/', 'http://localhost:37469/', 'http://localhost:40475/']: sec=0.00, result=[1, '', 0]
[rosmaster.master][INFO] 2025-08-14 17:06:35,841: publisherUpdate[/kelpie/leg_control/currents] -> http://localhost:40475/ []: sec=0.03, result=[1, '', 0]
[rosmaster.master][INFO] 2025-08-14 17:06:35,842: publisherUpdate[/kelpie/battery/voltage] -> http://localhost:40475/ []
[rosmaster.master][INFO] 2025-08-14 17:06:35,862: publisherUpdate[/kelpie/battery/voltage] -> http://localhost:40475/ []: sec=0.02, result=[1, '', 0]
[rosmaster.master][INFO] 2025-08-14 17:06:35,863: publisherUpdate[/kelpie/imu] -> http://localhost:40475/ []
[rosmaster.master][INFO] 2025-08-14 17:06:35,871: publisherUpdate[/kelpie/imu] -> http://localhost:40475/ []: sec=0.01, result=[1, '', 0]
[rosmaster.master][INFO] 2025-08-14 17:06:35,872: publisherUpdate[/kelpie/command_input] -> http://localhost:40475/ ['http://localhost:44077/']
[rosmaster.master][INFO] 2025-08-14 17:06:35,888: publisherUpdate[/kelpie/command_input] -> http://localhost:40475/ ['http://localhost:44077/']: sec=0.02, result=[1, '', 0]
[rosmaster.master][INFO] 2025-08-14 17:06:36,208: +PUB [/kelpie/leg_control/currents] /hardware http://localhost:44499/
[rosmaster.master][INFO] 2025-08-14 17:06:36,211: +PUB [/kelpie/battery/voltage] /hardware http://localhost:44499/
[rosmaster.master][INFO] 2025-08-14 17:06:36,215: +PUB [/kelpie/imu] /hardware http://localhost:44499/
[rosmaster.master][INFO] 2025-08-14 17:06:36,224: +PUB [/rosout] /hardware http://localhost:44499/
[rosmaster.master][INFO] 2025-08-14 17:06:36,233: publisherUpdate[/kelpie/leg_control/currents] -> http://localhost:40475/ ['http://localhost:44499/']
[rosmaster.master][INFO] 2025-08-14 17:06:36,240: publisherUpdate[/rosout] -> http://localhost:38173/ ['http://localhost:44077/', 'http://localhost:37595/', 'http://localhost:37469/', 'http://localhost:40475/', 'http://localhost:44499/']
[rosmaster.master][INFO] 2025-08-14 17:06:36,244: publisherUpdate[/rosout] -> http://localhost:38173/ ['http://localhost:44077/', 'http://localhost:37595/', 'http://localhost:37469/', 'http://localhost:40475/', 'http://localhost:44499/']: sec=0.00, result=[1, '', 0]
[rosmaster.master][INFO] 2025-08-14 17:06:36,245: +SERVICE [/hardware/get_loggers] /hardware http://localhost:44499/
[rosmaster.master][INFO] 2025-08-14 17:06:36,251: +SERVICE [/hardware/set_logger_level] /hardware http://localhost:44499/
[rosmaster.master][INFO] 2025-08-14 17:06:36,267: publisherUpdate[/kelpie/leg_control/currents] -> http://localhost:40475/ ['http://localhost:44499/']: sec=0.03, result=[1, '', 0]
[rosmaster.master][INFO] 2025-08-14 17:06:36,268: publisherUpdate[/kelpie/battery/voltage] -> http://localhost:40475/ ['http://localhost:44499/']
[rosmaster.master][INFO] 2025-08-14 17:06:36,281: publisherUpdate[/kelpie/battery/voltage] -> http://localhost:40475/ ['http://localhost:44499/']: sec=0.01, result=[1, '', 0]
[rosmaster.master][INFO] 2025-08-14 17:06:36,281: publisherUpdate[/kelpie/imu] -> http://localhost:40475/ ['http://localhost:44499/']
[rosmaster.master][INFO] 2025-08-14 17:06:36,286: publisherUpdate[/kelpie/imu] -> http://localhost:40475/ ['http://localhost:44499/']: sec=0.00, result=[1, '', 0]
[rosmaster.master][INFO] 2025-08-14 17:06:36,367: +SUB [/kelpie/leg_control/joint_states] /hardware http://localhost:44499/
[rosmaster.master][INFO] 2025-08-14 17:06:36,377: +SUB [/joy] /hardware http://localhost:44499/
[rosmaster.master][INFO] 2025-08-14 17:06:36,406: +PUB [/kelpie/command_input] /hardware http://localhost:44499/
[rosmaster.master][INFO] 2025-08-14 17:06:36,445: publisherUpdate[/kelpie/command_input] -> http://localhost:40475/ ['http://localhost:44077/', 'http://localhost:44499/']
[rosmaster.master][INFO] 2025-08-14 17:06:36,465: publisherUpdate[/kelpie/command_input] -> http://localhost:40475/ ['http://localhost:44077/', 'http://localhost:44499/']: sec=0.02, result=[1, '', 0]
[rosmaster.master][INFO] 2025-08-14 17:06:36,695: +PUB [/rosout] /rosbridge_websocket http://localhost:45941/
[rosmaster.master][INFO] 2025-08-14 17:06:36,697: +SUB [/kelpie/leg_control/joint_states] /rosbridge_websocket http://localhost:37595/
[rosmaster.master][INFO] 2025-08-14 17:06:36,709: +CACHEDPARAM [/rosout_disable_topics_generation] by /rosbridge_websocket
[rosmaster.master][INFO] 2025-08-14 17:06:36,718: +SERVICE [/rosbridge_websocket/get_loggers] /rosbridge_websocket http://localhost:45941/
[rosmaster.master][INFO] 2025-08-14 17:06:36,722: +SERVICE [/rosbridge_websocket/set_logger_level] /rosbridge_websocket http://localhost:45941/
[rosmaster.master][INFO] 2025-08-14 17:06:36,746: +SUB [/kelpie/leg_control/currents] /rosbridge_websocket http://localhost:37595/
[rosmaster.master][INFO] 2025-08-14 17:06:36,759: +CACHEDPARAM [/rosout_disable_topics_generation] by /rosbridge_websocket
[rosmaster.master][INFO] 2025-08-14 17:06:36,789: publisherUpdate[/rosout] -> http://localhost:38173/ ['http://localhost:44077/', 'http://localhost:37469/', 'http://localhost:40475/', 'http://localhost:44499/', 'http://localhost:45941/']
[rosmaster.master][INFO] 2025-08-14 17:06:36,795: -SUB [/kelpie/leg_control/joint_states] /rosbridge_websocket http://localhost:37595/
[rosmaster.master][INFO] 2025-08-14 17:06:36,797: -SUB [/kelpie/leg_control/currents] /rosbridge_websocket http://localhost:37595/
[rosmaster.master][INFO] 2025-08-14 17:06:36,798: -PUB [/rosout] /rosbridge_websocket http://localhost:37595/
[rosmaster.master][INFO] 2025-08-14 17:06:36,799: publisherUpdate[/rosout] -> http://localhost:38173/ ['http://localhost:44077/', 'http://localhost:37469/', 'http://localhost:40475/', 'http://localhost:44499/', 'http://localhost:45941/']: sec=0.01, result=[1, '', 0]
[rosmaster.master][INFO] 2025-08-14 17:06:36,799: -PUB [/client_count] /rosbridge_websocket http://localhost:37595/
[rosmaster.master][INFO] 2025-08-14 17:06:36,802: -PUB [/connected_clients] /rosbridge_websocket http://localhost:37595/
[rosmaster.master][INFO] 2025-08-14 17:06:36,802: -SERVICE [/rosbridge_websocket/get_loggers] /rosbridge_websocket rosrpc://localhost:34829
[rosmaster.master][INFO] 2025-08-14 17:06:36,803: -SERVICE [/rosbridge_websocket/set_logger_level] /rosbridge_websocket rosrpc://localhost:34829
[rosmaster.master][INFO] 2025-08-14 17:06:36,814: +CACHEDPARAM [/rosout_disable_topics_generation] by /rosbridge_websocket
[rosmaster.master][INFO] 2025-08-14 17:06:36,821: -PUB [/rosout] /rosbridge_websocket http://localhost:45941/
[rosmaster.master][INFO] 2025-08-14 17:06:36,822: -SERVICE [/rosbridge_websocket/get_loggers] /rosbridge_websocket rosrpc://localhost:34741
[rosmaster.master][INFO] 2025-08-14 17:06:36,822: -SERVICE [/rosbridge_websocket/set_logger_level] /rosbridge_websocket rosrpc://localhost:34741
[rosmaster.master][INFO] 2025-08-14 17:06:36,827: +PARAM [/rosbridge_websocket/actual_port] by /rosbridge_websocket
[rosmaster.master][INFO] 2025-08-14 17:06:36,833: +CACHEDPARAM [/rosout_disable_topics_generation] by /rosbridge_websocket
[rosmaster.master][INFO] 2025-08-14 17:06:36,844: +CACHEDPARAM [/rosout_disable_topics_generation] by /rosbridge_websocket
[rosmaster.master][INFO] 2025-08-14 17:06:39,004: +CACHEDPARAM [/rosout_disable_topics_generation] by /rosbridge_websocket
[rosmaster.master][INFO] 2025-08-14 17:07:14,653: -PUB [/rosout] /keyboard http://localhost:44077/
[rosmaster.master][INFO] 2025-08-14 17:07:14,654: -PUB [/kelpie/command_input] /keyboard http://localhost:44077/
[rosmaster.master][INFO] 2025-08-14 17:07:14,654: -SERVICE [/keyboard/get_loggers] /keyboard rosrpc://localhost:46327
[rosmaster.master][INFO] 2025-08-14 17:07:14,655: -SERVICE [/keyboard/set_logger_level] /keyboard rosrpc://localhost:46327
[rosmaster.master][INFO] 2025-08-14 17:07:14,659: publisherUpdate[/rosout] -> http://localhost:38173/ ['http://localhost:37469/', 'http://localhost:40475/', 'http://localhost:44499/']
[rosmaster.master][INFO] 2025-08-14 17:07:14,660: publisherUpdate[/kelpie/command_input] -> http://localhost:40475/ ['http://localhost:44499/']
[rosmaster.master][INFO] 2025-08-14 17:07:14,662: publisherUpdate[/rosout] -> http://localhost:38173/ ['http://localhost:37469/', 'http://localhost:40475/', 'http://localhost:44499/']: sec=0.00, result=[1, '', 0]
[rosmaster.master][INFO] 2025-08-14 17:07:14,684: publisherUpdate[/kelpie/command_input] -> http://localhost:40475/ ['http://localhost:44499/']: sec=0.02, result=[1, '', 0]
[rosmaster.master][INFO] 2025-08-14 17:07:20,597: -SUB [/kelpie/leg_control/joint_states] /hardware http://localhost:44499/
[rosmaster.master][INFO] 2025-08-14 17:07:20,602: -PUB [/rosout] /rosapi http://localhost:37469/
[rosmaster.master][INFO] 2025-08-14 17:07:20,602: -SUB [/joy] /hardware http://localhost:44499/
[rosmaster.master][INFO] 2025-08-14 17:07:20,602: -SERVICE [/rosapi/get_loggers] /rosapi rosrpc://localhost:41045
[rosmaster.master][INFO] 2025-08-14 17:07:20,603: -PUB [/kelpie/leg_control/currents] /hardware http://localhost:44499/
[rosmaster.master][INFO] 2025-08-14 17:07:20,603: -SERVICE [/rosapi/set_logger_level] /rosapi rosrpc://localhost:41045
[rosmaster.master][INFO] 2025-08-14 17:07:20,603: -PUB [/kelpie/battery/voltage] /hardware http://localhost:44499/
[rosmaster.master][INFO] 2025-08-14 17:07:20,603: -SERVICE [/rosapi/topics] /rosapi rosrpc://localhost:41045
[rosmaster.master][INFO] 2025-08-14 17:07:20,604: -PUB [/kelpie/imu] /hardware http://localhost:44499/
[rosmaster.master][INFO] 2025-08-14 17:07:20,604: -SERVICE [/rosapi/topics_for_type] /rosapi rosrpc://localhost:41045
[rosmaster.master][INFO] 2025-08-14 17:07:20,604: -PUB [/rosout] /hardware http://localhost:44499/
[rosmaster.master][INFO] 2025-08-14 17:07:20,604: -SERVICE [/rosapi/services] /rosapi rosrpc://localhost:41045
[rosmaster.master][INFO] 2025-08-14 17:07:20,605: -PUB [/kelpie/command_input] /hardware http://localhost:44499/
[rosmaster.master][INFO] 2025-08-14 17:07:20,605: -SERVICE [/rosapi/services_for_type] /rosapi rosrpc://localhost:41045
[rosmaster.master][INFO] 2025-08-14 17:07:20,605: -SERVICE [/hardware/get_loggers] /hardware rosrpc://localhost:44677
[rosmaster.master][INFO] 2025-08-14 17:07:20,606: -SERVICE [/rosapi/nodes] /rosapi rosrpc://localhost:41045
[rosmaster.master][INFO] 2025-08-14 17:07:20,606: -SERVICE [/hardware/set_logger_level] /hardware rosrpc://localhost:44677
[rosmaster.master][INFO] 2025-08-14 17:07:20,606: -SERVICE [/rosapi/node_details] /rosapi rosrpc://localhost:41045
[rosmaster.master][INFO] 2025-08-14 17:07:20,607: -SERVICE [/rosapi/action_servers] /rosapi rosrpc://localhost:41045
[rosmaster.master][INFO] 2025-08-14 17:07:20,607: -SERVICE [/rosapi/topic_type] /rosapi rosrpc://localhost:41045
[rosmaster.master][INFO] 2025-08-14 17:07:20,608: -SERVICE [/rosapi/service_type] /rosapi rosrpc://localhost:41045
[rosmaster.master][INFO] 2025-08-14 17:07:20,608: -SERVICE [/rosapi/publishers] /rosapi rosrpc://localhost:41045
[rosmaster.master][INFO] 2025-08-14 17:07:20,608: -SERVICE [/rosapi/subscribers] /rosapi rosrpc://localhost:41045
[rosmaster.master][INFO] 2025-08-14 17:07:20,608: -SERVICE [/rosapi/service_providers] /rosapi rosrpc://localhost:41045
[rosmaster.master][INFO] 2025-08-14 17:07:20,609: -SERVICE [/rosapi/service_node] /rosapi rosrpc://localhost:41045
[rosmaster.master][INFO] 2025-08-14 17:07:20,609: -SERVICE [/rosapi/service_host] /rosapi rosrpc://localhost:41045
[rosmaster.master][INFO] 2025-08-14 17:07:20,610: -SERVICE [/rosapi/message_details] /rosapi rosrpc://localhost:41045
[rosmaster.master][INFO] 2025-08-14 17:07:20,610: -SERVICE [/rosapi/service_request_details] /rosapi rosrpc://localhost:41045
[rosmaster.master][INFO] 2025-08-14 17:07:20,610: -SERVICE [/rosapi/service_response_details] /rosapi rosrpc://localhost:41045
[rosmaster.master][INFO] 2025-08-14 17:07:20,611: -SERVICE [/rosapi/set_param] /rosapi rosrpc://localhost:41045
[rosmaster.master][INFO] 2025-08-14 17:07:20,611: -SERVICE [/rosapi/get_param] /rosapi rosrpc://localhost:41045
[rosmaster.master][INFO] 2025-08-14 17:07:20,612: -SERVICE [/rosapi/has_param] /rosapi rosrpc://localhost:41045
[rosmaster.master][INFO] 2025-08-14 17:07:20,612: -SERVICE [/rosapi/search_param] /rosapi rosrpc://localhost:41045
[rosmaster.master][INFO] 2025-08-14 17:07:20,612: -SERVICE [/rosapi/delete_param] /rosapi rosrpc://localhost:41045
[rosmaster.master][INFO] 2025-08-14 17:07:20,613: -SERVICE [/rosapi/get_param_names] /rosapi rosrpc://localhost:41045
[rosmaster.master][INFO] 2025-08-14 17:07:20,613: -SERVICE [/rosapi/get_time] /rosapi rosrpc://localhost:41045
[rosmaster.master][INFO] 2025-08-14 17:07:20,613: -SERVICE [/rosapi/topics_and_raw_types] /rosapi rosrpc://localhost:41045
[rosmaster.master][INFO] 2025-08-14 17:07:20,651: publisherUpdate[/rosout] -> http://localhost:38173/ ['http://localhost:40475/', 'http://localhost:44499/']
[rosmaster.master][INFO] 2025-08-14 17:07:20,653: publisherUpdate[/rosout] -> http://localhost:38173/ ['http://localhost:40475/', 'http://localhost:44499/']: sec=0.00, result=[1, '', 0]
[rosmaster.master][INFO] 2025-08-14 17:07:20,653: publisherUpdate[/kelpie/leg_control/currents] -> http://localhost:40475/ []
[rosmaster.master][INFO] 2025-08-14 17:07:20,656: publisherUpdate[/kelpie/leg_control/currents] -> http://localhost:40475/ []: sec=0.00, result=[1, '', 0]
[rosmaster.master][INFO] 2025-08-14 17:07:20,656: publisherUpdate[/kelpie/battery/voltage] -> http://localhost:40475/ []
[rosmaster.master][INFO] 2025-08-14 17:07:20,658: publisherUpdate[/kelpie/battery/voltage] -> http://localhost:40475/ []: sec=0.00, result=[1, '', 0]
[rosmaster.master][INFO] 2025-08-14 17:07:20,659: publisherUpdate[/kelpie/imu] -> http://localhost:40475/ []
[rosmaster.master][INFO] 2025-08-14 17:07:20,661: publisherUpdate[/kelpie/imu] -> http://localhost:40475/ []: sec=0.00, result=[1, '', 0]
[rosmaster.master][INFO] 2025-08-14 17:07:20,661: publisherUpdate[/rosout] -> http://localhost:38173/ ['http://localhost:40475/']
[rosmaster.master][INFO] 2025-08-14 17:07:20,663: publisherUpdate[/rosout] -> http://localhost:38173/ ['http://localhost:40475/']: sec=0.00, result=[1, '', 0]
[rosmaster.master][INFO] 2025-08-14 17:07:20,663: publisherUpdate[/kelpie/command_input] -> http://localhost:40475/ []
[rosmaster.master][INFO] 2025-08-14 17:07:20,665: publisherUpdate[/kelpie/command_input] -> http://localhost:40475/ []: sec=0.00, result=[1, '', 0]
[rosmaster.master][INFO] 2025-08-14 17:07:35,627: -SUB [/kelpie/imu] /kelpie http://localhost:40475/
[rosmaster.master][INFO] 2025-08-14 17:07:35,627: -SUB [/kelpie/leg_control/currents] /kelpie http://localhost:40475/
[rosmaster.master][INFO] 2025-08-14 17:07:35,628: -SUB [/kelpie/battery/voltage] /kelpie http://localhost:40475/
[rosmaster.master][INFO] 2025-08-14 17:07:35,629: -SUB [/kelpie/command_input] /kelpie http://localhost:40475/
[rosmaster.master][INFO] 2025-08-14 17:07:35,630: -PUB [/rosout] /kelpie http://localhost:40475/
[rosmaster.master][INFO] 2025-08-14 17:07:35,631: -PUB [/kelpie/leg_control/joint_states] /kelpie http://localhost:40475/
[rosmaster.master][INFO] 2025-08-14 17:07:35,632: -SERVICE [/kelpie/get_loggers] /kelpie rosrpc://localhost:40915
[rosmaster.master][INFO] 2025-08-14 17:07:35,632: -SERVICE [/kelpie/set_logger_level] /kelpie rosrpc://localhost:40915
[rosmaster.master][INFO] 2025-08-14 17:07:35,688: publisherUpdate[/rosout] -> http://localhost:38173/ []
[rosmaster.master][INFO] 2025-08-14 17:07:35,691: publisherUpdate[/rosout] -> http://localhost:38173/ []: sec=0.00, result=[1, '', 0]
[rosmaster.master][INFO] 2025-08-14 17:07:38,407: +PARAM [/roslaunch/uris/host_localhost__40171] by /roslaunch
[rosmaster.master][INFO] 2025-08-14 17:07:38,419: +PARAM [/rosversion] by /roslaunch
[rosmaster.master][INFO] 2025-08-14 17:07:38,420: +PARAM [/rosdistro] by /roslaunch
[rosmaster.master][INFO] 2025-08-14 17:07:38,420: +PARAM [/rosbridge_websocket/authenticate] by /roslaunch
[rosmaster.master][INFO] 2025-08-14 17:07:38,420: +PARAM [/rosbridge_websocket/port] by /roslaunch
[rosmaster.master][INFO] 2025-08-14 17:07:38,420: +PARAM [/rosbridge_websocket/address] by /roslaunch
[rosmaster.master][INFO] 2025-08-14 17:07:38,420: +PARAM [/rosbridge_websocket/retry_startup_delay] by /roslaunch
[rosmaster.master][INFO] 2025-08-14 17:07:38,421: +PARAM [/rosbridge_websocket/fragment_timeout] by /roslaunch
[rosmaster.master][INFO] 2025-08-14 17:07:38,421: +PARAM [/rosbridge_websocket/delay_between_messages] by /roslaunch
[rosmaster.master][INFO] 2025-08-14 17:07:38,421: +PARAM [/rosbridge_websocket/max_message_size] by /roslaunch
[rosmaster.master][INFO] 2025-08-14 17:07:38,422: +PARAM [/rosbridge_websocket/unregister_timeout] by /roslaunch
[rosmaster.master][INFO] 2025-08-14 17:07:38,422: +PARAM [/rosbridge_websocket/use_compression] by /roslaunch
[rosmaster.master][INFO] 2025-08-14 17:07:38,422: +PARAM [/rosbridge_websocket/websocket_ping_interval] by /roslaunch
[rosmaster.master][INFO] 2025-08-14 17:07:38,422: +PARAM [/rosbridge_websocket/websocket_ping_timeout] by /roslaunch
[rosmaster.master][INFO] 2025-08-14 17:07:38,423: +PARAM [/rosbridge_websocket/websocket_external_port] by /roslaunch
[rosmaster.master][INFO] 2025-08-14 17:07:38,423: +PARAM [/rosbridge_websocket/topics_glob] by /roslaunch
[rosmaster.master][INFO] 2025-08-14 17:07:38,423: +PARAM [/rosbridge_websocket/services_glob] by /roslaunch
[rosmaster.master][INFO] 2025-08-14 17:07:38,424: +PARAM [/rosbridge_websocket/params_glob] by /roslaunch
[rosmaster.master][INFO] 2025-08-14 17:07:38,424: +PARAM [/rosbridge_websocket/bson_only_mode] by /roslaunch
[rosmaster.master][INFO] 2025-08-14 17:07:38,424: +PARAM [/rosapi/topics_glob] by /roslaunch
[rosmaster.master][INFO] 2025-08-14 17:07:38,424: +PARAM [/rosapi/services_glob] by /roslaunch
[rosmaster.master][INFO] 2025-08-14 17:07:38,425: +PARAM [/rosapi/params_glob] by /roslaunch
[rosmaster.master][INFO] 2025-08-14 17:07:40,517: +PUB [/rosout] /kelpie http://localhost:33573/
[rosmaster.master][INFO] 2025-08-14 17:07:40,523: +PUB [/rosout] /rosapi http://localhost:42169/
[rosmaster.master][INFO] 2025-08-14 17:07:40,526: +SERVICE [/kelpie/get_loggers] /kelpie http://localhost:33573/
[rosmaster.master][INFO] 2025-08-14 17:07:40,529: +SERVICE [/kelpie/set_logger_level] /kelpie http://localhost:33573/
[rosmaster.master][INFO] 2025-08-14 17:07:40,532: publisherUpdate[/rosout] -> http://localhost:38173/ ['http://localhost:33573/']
[rosmaster.master][INFO] 2025-08-14 17:07:40,534: +SERVICE [/rosapi/get_loggers] /rosapi http://localhost:42169/
[rosmaster.master][INFO] 2025-08-14 17:07:40,535: publisherUpdate[/rosout] -> http://localhost:38173/ ['http://localhost:33573/']: sec=0.00, result=[1, '', 0]
[rosmaster.master][INFO] 2025-08-14 17:07:40,539: +SERVICE [/rosapi/set_logger_level] /rosapi http://localhost:42169/
[rosmaster.master][INFO] 2025-08-14 17:07:40,540: publisherUpdate[/rosout] -> http://localhost:38173/ ['http://localhost:33573/', 'http://localhost:42169/']
[rosmaster.master][INFO] 2025-08-14 17:07:40,542: +SUB [/kelpie/imu] /kelpie http://localhost:33573/
[rosmaster.master][INFO] 2025-08-14 17:07:40,543: publisherUpdate[/rosout] -> http://localhost:38173/ ['http://localhost:33573/', 'http://localhost:42169/']: sec=0.00, result=[1, '', 0]
[rosmaster.master][INFO] 2025-08-14 17:07:40,549: +SUB [/kelpie/leg_control/currents] /kelpie http://localhost:33573/
[rosmaster.master][INFO] 2025-08-14 17:07:40,556: +SUB [/kelpie/battery/voltage] /kelpie http://localhost:33573/
[rosmaster.master][INFO] 2025-08-14 17:07:40,558: +SERVICE [/rosapi/topics] /rosapi http://localhost:42169/
[rosmaster.master][INFO] 2025-08-14 17:07:40,561: +PUB [/kelpie/leg_control/joint_states] /kelpie http://localhost:33573/
[rosmaster.master][INFO] 2025-08-14 17:07:40,563: +SERVICE [/rosapi/topics_for_type] /rosapi http://localhost:42169/
[rosmaster.master][INFO] 2025-08-14 17:07:40,569: +SERVICE [/rosapi/services] /rosapi http://localhost:42169/
[rosmaster.master][INFO] 2025-08-14 17:07:40,576: +CACHEDPARAM [/rosout_disable_topics_generation] by /kelpie
[rosmaster.master][INFO] 2025-08-14 17:07:40,578: +SERVICE [/rosapi/services_for_type] /rosapi http://localhost:42169/
[rosmaster.master][INFO] 2025-08-14 17:07:40,584: +SERVICE [/rosapi/nodes] /rosapi http://localhost:42169/
[rosmaster.master][INFO] 2025-08-14 17:07:40,587: +SUB [/kelpie/command_input] /kelpie http://localhost:33573/
[rosmaster.master][INFO] 2025-08-14 17:07:40,589: +SERVICE [/rosapi/node_details] /rosapi http://localhost:42169/
[rosmaster.master][INFO] 2025-08-14 17:07:40,595: +CACHEDPARAM [/rosout_disable_topics_generation] by /kelpie
[rosmaster.master][INFO] 2025-08-14 17:07:40,597: +SERVICE [/rosapi/action_servers] /rosapi http://localhost:42169/
[rosmaster.master][INFO] 2025-08-14 17:07:40,604: +SERVICE [/rosapi/topic_type] /rosapi http://localhost:42169/
[rosmaster.master][INFO] 2025-08-14 17:07:40,606: +CACHEDPARAM [/rosout_disable_topics_generation] by /kelpie
[rosmaster.master][INFO] 2025-08-14 17:07:40,610: +SERVICE [/rosapi/service_type] /rosapi http://localhost:42169/
[rosmaster.master][INFO] 2025-08-14 17:07:40,612: +CACHEDPARAM [/rosout_disable_topics_generation] by /kelpie
[rosmaster.master][INFO] 2025-08-14 17:07:40,614: +SERVICE [/rosapi/publishers] /rosapi http://localhost:42169/
[rosmaster.master][INFO] 2025-08-14 17:07:40,618: +CACHEDPARAM [/rosout_disable_topics_generation] by /kelpie
[rosmaster.master][INFO] 2025-08-14 17:07:40,619: +SERVICE [/rosapi/subscribers] /rosapi http://localhost:42169/
[rosmaster.master][INFO] 2025-08-14 17:07:40,626: +CACHEDPARAM [/rosout_disable_topics_generation] by /kelpie
[rosmaster.master][INFO] 2025-08-14 17:07:40,627: +SERVICE [/rosapi/service_providers] /rosapi http://localhost:42169/
[rosmaster.master][INFO] 2025-08-14 17:07:40,630: +CACHEDPARAM [/rosout_disable_topics_generation] by /kelpie
[rosmaster.master][INFO] 2025-08-14 17:07:40,631: +SERVICE [/rosapi/service_node] /rosapi http://localhost:42169/
[rosmaster.master][INFO] 2025-08-14 17:07:40,634: +CACHEDPARAM [/rosout_disable_topics_generation] by /kelpie
[rosmaster.master][INFO] 2025-08-14 17:07:40,638: +CACHEDPARAM [/rosout_disable_topics_generation] by /kelpie
[rosmaster.master][INFO] 2025-08-14 17:07:40,639: +SERVICE [/rosapi/service_host] /rosapi http://localhost:42169/
[rosmaster.master][INFO] 2025-08-14 17:07:40,645: +SERVICE [/rosapi/message_details] /rosapi http://localhost:42169/
[rosmaster.master][INFO] 2025-08-14 17:07:40,648: +SERVICE [/rosapi/service_request_details] /rosapi http://localhost:42169/
[rosmaster.master][INFO] 2025-08-14 17:07:40,652: +SERVICE [/rosapi/service_response_details] /rosapi http://localhost:42169/
[rosmaster.master][INFO] 2025-08-14 17:07:40,655: +SERVICE [/rosapi/set_param] /rosapi http://localhost:42169/
[rosmaster.master][INFO] 2025-08-14 17:07:40,658: +SERVICE [/rosapi/get_param] /rosapi http://localhost:42169/
[rosmaster.master][INFO] 2025-08-14 17:07:40,662: +SERVICE [/rosapi/has_param] /rosapi http://localhost:42169/
[rosmaster.master][INFO] 2025-08-14 17:07:40,666: +SERVICE [/rosapi/search_param] /rosapi http://localhost:42169/
[rosmaster.master][INFO] 2025-08-14 17:07:40,669: +SERVICE [/rosapi/delete_param] /rosapi http://localhost:42169/
[rosmaster.master][INFO] 2025-08-14 17:07:40,672: +SERVICE [/rosapi/get_param_names] /rosapi http://localhost:42169/
[rosmaster.master][INFO] 2025-08-14 17:07:40,676: +SERVICE [/rosapi/get_time] /rosapi http://localhost:42169/
[rosmaster.master][INFO] 2025-08-14 17:07:40,680: +SERVICE [/rosapi/topics_and_raw_types] /rosapi http://localhost:42169/
[rosmaster.master][INFO] 2025-08-14 17:07:40,684: +CACHEDPARAM [/rosout_disable_topics_generation] by /rosapi
[rosmaster.master][INFO] 2025-08-14 17:07:40,952: +PUB [/rosout] /keyboard http://localhost:42389/
[rosmaster.master][INFO] 2025-08-14 17:07:40,962: +SERVICE [/keyboard/get_loggers] /keyboard http://localhost:42389/
[rosmaster.master][INFO] 2025-08-14 17:07:40,966: +SERVICE [/keyboard/set_logger_level] /keyboard http://localhost:42389/
[rosmaster.master][INFO] 2025-08-14 17:07:40,975: +PUB [/kelpie/command_input] /keyboard http://localhost:42389/
[rosmaster.master][INFO] 2025-08-14 17:07:41,002: publisherUpdate[/rosout] -> http://localhost:38173/ ['http://localhost:33573/', 'http://localhost:42169/', 'http://localhost:42389/']
[rosmaster.master][INFO] 2025-08-14 17:07:41,004: publisherUpdate[/kelpie/command_input] -> http://localhost:33573/ ['http://localhost:42389/']
[rosmaster.master][INFO] 2025-08-14 17:07:41,007: publisherUpdate[/rosout] -> http://localhost:38173/ ['http://localhost:33573/', 'http://localhost:42169/', 'http://localhost:42389/']: sec=0.00, result=[1, '', 0]
[rosmaster.master][INFO] 2025-08-14 17:07:41,031: publisherUpdate[/kelpie/command_input] -> http://localhost:33573/ ['http://localhost:42389/']: sec=0.03, result=[1, '', 0]
[rosmaster.master][INFO] 2025-08-14 17:07:41,062: +PUB [/kelpie/leg_control/currents] /hardware http://localhost:40713/
[rosmaster.master][INFO] 2025-08-14 17:07:41,065: +PUB [/kelpie/battery/voltage] /hardware http://localhost:40713/
[rosmaster.master][INFO] 2025-08-14 17:07:41,070: +PUB [/kelpie/imu] /hardware http://localhost:40713/
[rosmaster.master][INFO] 2025-08-14 17:07:41,108: publisherUpdate[/kelpie/leg_control/currents] -> http://localhost:33573/ ['http://localhost:40713/']
[rosmaster.master][INFO] 2025-08-14 17:07:41,131: publisherUpdate[/kelpie/leg_control/currents] -> http://localhost:33573/ ['http://localhost:40713/']: sec=0.02, result=[1, '', 0]
[rosmaster.master][INFO] 2025-08-14 17:07:41,131: publisherUpdate[/kelpie/battery/voltage] -> http://localhost:33573/ ['http://localhost:40713/']
[rosmaster.master][INFO] 2025-08-14 17:07:41,148: +PUB [/rosout] /hardware http://localhost:40713/
[rosmaster.master][INFO] 2025-08-14 17:07:41,156: +SERVICE [/hardware/get_loggers] /hardware http://localhost:40713/
[rosmaster.master][INFO] 2025-08-14 17:07:41,159: +SERVICE [/hardware/set_logger_level] /hardware http://localhost:40713/
[rosmaster.master][INFO] 2025-08-14 17:07:41,163: publisherUpdate[/kelpie/battery/voltage] -> http://localhost:33573/ ['http://localhost:40713/']: sec=0.03, result=[1, '', 0]
[rosmaster.master][INFO] 2025-08-14 17:07:41,163: publisherUpdate[/kelpie/imu] -> http://localhost:33573/ ['http://localhost:40713/']
[rosmaster.master][INFO] 2025-08-14 17:07:41,170: publisherUpdate[/kelpie/imu] -> http://localhost:33573/ ['http://localhost:40713/']: sec=0.01, result=[1, '', 0]
[rosmaster.master][INFO] 2025-08-14 17:07:41,170: publisherUpdate[/rosout] -> http://localhost:38173/ ['http://localhost:33573/', 'http://localhost:42169/', 'http://localhost:42389/', 'http://localhost:40713/']
[rosmaster.master][INFO] 2025-08-14 17:07:41,172: publisherUpdate[/rosout] -> http://localhost:38173/ ['http://localhost:33573/', 'http://localhost:42169/', 'http://localhost:42389/', 'http://localhost:40713/']: sec=0.00, result=[1, '', 0]
[rosmaster.master][INFO] 2025-08-14 17:07:41,226: +SUB [/kelpie/leg_control/joint_states] /hardware http://localhost:40713/
[rosmaster.master][INFO] 2025-08-14 17:07:41,233: +SUB [/joy] /hardware http://localhost:40713/
[rosmaster.master][INFO] 2025-08-14 17:07:41,236: +PUB [/kelpie/command_input] /hardware http://localhost:40713/
[rosmaster.master][INFO] 2025-08-14 17:07:41,246: publisherUpdate[/kelpie/command_input] -> http://localhost:33573/ ['http://localhost:42389/', 'http://localhost:40713/']
[rosmaster.master][INFO] 2025-08-14 17:07:41,284: publisherUpdate[/kelpie/command_input] -> http://localhost:33573/ ['http://localhost:42389/', 'http://localhost:40713/']: sec=0.04, result=[1, '', 0]
[rosmaster.master][INFO] 2025-08-14 17:07:41,325: +PUB [/rosout] /rosbridge_websocket http://localhost:43363/
[rosmaster.master][INFO] 2025-08-14 17:07:41,333: +SERVICE [/rosbridge_websocket/get_loggers] /rosbridge_websocket http://localhost:43363/
[rosmaster.master][INFO] 2025-08-14 17:07:41,334: publisherUpdate[/rosout] -> http://localhost:38173/ ['http://localhost:33573/', 'http://localhost:42169/', 'http://localhost:42389/', 'http://localhost:40713/', 'http://localhost:43363/']
[rosmaster.master][INFO] 2025-08-14 17:07:41,336: +SERVICE [/rosbridge_websocket/set_logger_level] /rosbridge_websocket http://localhost:43363/
[rosmaster.master][INFO] 2025-08-14 17:07:41,338: publisherUpdate[/rosout] -> http://localhost:38173/ ['http://localhost:33573/', 'http://localhost:42169/', 'http://localhost:42389/', 'http://localhost:40713/', 'http://localhost:43363/']: sec=0.00, result=[1, '', 0]
[rosmaster.master][INFO] 2025-08-14 17:07:41,375: +PUB [/client_count] /rosbridge_websocket http://localhost:43363/
[rosmaster.master][INFO] 2025-08-14 17:07:41,379: +PUB [/connected_clients] /rosbridge_websocket http://localhost:43363/
[rosmaster.master][INFO] 2025-08-14 17:07:41,388: +PARAM [/rosbridge_websocket/actual_port] by /rosbridge_websocket
[rosmaster.master][INFO] 2025-08-14 17:07:41,395: +CACHEDPARAM [/rosout_disable_topics_generation] by /rosbridge_websocket
[rosmaster.master][INFO] 2025-08-14 17:07:54,476: +CACHEDPARAM [/rosout_disable_topics_generation] by /rosbridge_websocket
[rosmaster.master][INFO] 2025-08-14 17:07:55,329: +SUB [/kelpie/leg_control/joint_states] /rosbridge_websocket http://localhost:43363/
[rosmaster.master][INFO] 2025-08-14 17:07:55,334: +CACHEDPARAM [/rosout_disable_topics_generation] by /rosbridge_websocket
[rosmaster.master][INFO] 2025-08-14 17:07:55,345: +SUB [/kelpie/leg_control/currents] /rosbridge_websocket http://localhost:43363/
[rosmaster.master][INFO] 2025-08-14 17:07:55,349: +CACHEDPARAM [/rosout_disable_topics_generation] by /rosbridge_websocket
[rosmaster.master][INFO] 2025-08-14 17:07:55,366: +SUB [/kelpie/battery/voltage] /rosbridge_websocket http://localhost:43363/
[rosmaster.master][INFO] 2025-08-14 17:07:55,374: +CACHEDPARAM [/rosout_disable_topics_generation] by /rosbridge_websocket
[rosmaster.master][INFO] 2025-08-14 17:07:55,388: +SUB [/kelpie/imu] /rosbridge_websocket http://localhost:43363/
[rosmaster.master][INFO] 2025-08-14 17:07:55,392: +CACHEDPARAM [/rosout_disable_topics_generation] by /rosbridge_websocket
[rosmaster.master][INFO] 2025-08-14 17:09:05,587: -SUB [/kelpie/leg_control/joint_states] /hardware http://localhost:40713/
[rosmaster.master][INFO] 2025-08-14 17:09:05,593: -PUB [/rosout] /keyboard http://localhost:42389/
[rosmaster.master][INFO] 2025-08-14 17:09:05,594: -SUB [/joy] /hardware http://localhost:40713/
[rosmaster.master][INFO] 2025-08-14 17:09:05,594: -SUB [/kelpie/leg_control/joint_states] /rosbridge_websocket http://localhost:43363/
[rosmaster.master][INFO] 2025-08-14 17:09:05,594: -PUB [/rosout] /rosapi http://localhost:42169/
[rosmaster.master][INFO] 2025-08-14 17:09:05,595: -PUB [/kelpie/command_input] /keyboard http://localhost:42389/
[rosmaster.master][INFO] 2025-08-14 17:09:05,595: -PUB [/kelpie/leg_control/currents] /hardware http://localhost:40713/
[rosmaster.master][INFO] 2025-08-14 17:09:05,595: -SUB [/kelpie/leg_control/currents] /rosbridge_websocket http://localhost:43363/
[rosmaster.master][INFO] 2025-08-14 17:09:05,595: -SERVICE [/rosapi/get_loggers] /rosapi rosrpc://localhost:42683
[rosmaster.master][INFO] 2025-08-14 17:09:05,596: -SERVICE [/keyboard/get_loggers] /keyboard rosrpc://localhost:34353
[rosmaster.master][INFO] 2025-08-14 17:09:05,596: -PUB [/kelpie/battery/voltage] /hardware http://localhost:40713/
[rosmaster.master][INFO] 2025-08-14 17:09:05,596: -SUB [/kelpie/battery/voltage] /rosbridge_websocket http://localhost:43363/
[rosmaster.master][INFO] 2025-08-14 17:09:05,596: -SERVICE [/rosapi/set_logger_level] /rosapi rosrpc://localhost:42683
[rosmaster.master][INFO] 2025-08-14 17:09:05,597: -SERVICE [/keyboard/set_logger_level] /keyboard rosrpc://localhost:34353
[rosmaster.master][INFO] 2025-08-14 17:09:05,597: -PUB [/kelpie/imu] /hardware http://localhost:40713/
[rosmaster.master][INFO] 2025-08-14 17:09:05,598: -SUB [/kelpie/imu] /rosbridge_websocket http://localhost:43363/
[rosmaster.master][INFO] 2025-08-14 17:09:05,598: -SERVICE [/rosapi/topics] /rosapi rosrpc://localhost:42683
[rosmaster.master][INFO] 2025-08-14 17:09:05,599: -SERVICE [/rosapi/topics_for_type] /rosapi rosrpc://localhost:42683
[rosmaster.master][INFO] 2025-08-14 17:09:05,599: -PUB [/rosout] /rosbridge_websocket http://localhost:43363/
[rosmaster.master][INFO] 2025-08-14 17:09:05,600: -PUB [/rosout] /hardware http://localhost:40713/
[rosmaster.master][INFO] 2025-08-14 17:09:05,600: -SERVICE [/rosapi/services] /rosapi rosrpc://localhost:42683
[rosmaster.master][INFO] 2025-08-14 17:09:05,601: -PUB [/client_count] /rosbridge_websocket http://localhost:43363/
[rosmaster.master][INFO] 2025-08-14 17:09:05,602: -PUB [/kelpie/command_input] /hardware http://localhost:40713/
[rosmaster.master][INFO] 2025-08-14 17:09:05,602: -SERVICE [/rosapi/services_for_type] /rosapi rosrpc://localhost:42683
[rosmaster.master][INFO] 2025-08-14 17:09:05,603: -PUB [/connected_clients] /rosbridge_websocket http://localhost:43363/
[rosmaster.master][INFO] 2025-08-14 17:09:05,603: -SERVICE [/hardware/get_loggers] /hardware rosrpc://localhost:37109
[rosmaster.master][INFO] 2025-08-14 17:09:05,603: -SERVICE [/rosapi/nodes] /rosapi rosrpc://localhost:42683
[rosmaster.master][INFO] 2025-08-14 17:09:05,604: -SERVICE [/rosbridge_websocket/get_loggers] /rosbridge_websocket rosrpc://localhost:37743
[rosmaster.master][INFO] 2025-08-14 17:09:05,604: -SERVICE [/hardware/set_logger_level] /hardware rosrpc://localhost:37109
[rosmaster.master][INFO] 2025-08-14 17:09:05,605: publisherUpdate[/rosout] -> http://localhost:38173/ ['http://localhost:33573/', 'http://localhost:42169/', 'http://localhost:40713/', 'http://localhost:43363/']
[rosmaster.master][INFO] 2025-08-14 17:09:05,605: -SERVICE [/rosapi/node_details] /rosapi rosrpc://localhost:42683
[rosmaster.master][INFO] 2025-08-14 17:09:05,607: -SERVICE [/rosbridge_websocket/set_logger_level] /rosbridge_websocket rosrpc://localhost:37743
[rosmaster.master][INFO] 2025-08-14 17:09:05,608: publisherUpdate[/rosout] -> http://localhost:38173/ ['http://localhost:33573/', 'http://localhost:42169/', 'http://localhost:40713/', 'http://localhost:43363/']: sec=0.00, result=[1, '', 0]
[rosmaster.master][INFO] 2025-08-14 17:09:05,610: publisherUpdate[/rosout] -> http://localhost:38173/ ['http://localhost:33573/', 'http://localhost:40713/', 'http://localhost:43363/']
[rosmaster.master][INFO] 2025-08-14 17:09:05,611: -SERVICE [/rosapi/action_servers] /rosapi rosrpc://localhost:42683
[rosmaster.master][INFO] 2025-08-14 17:09:05,613: -SERVICE [/rosapi/topic_type] /rosapi rosrpc://localhost:42683
[rosmaster.master][INFO] 2025-08-14 17:09:05,613: publisherUpdate[/kelpie/command_input] -> http://localhost:33573/ ['http://localhost:40713/']
[rosmaster.master][INFO] 2025-08-14 17:09:05,613: publisherUpdate[/rosout] -> http://localhost:38173/ ['http://localhost:33573/', 'http://localhost:40713/', 'http://localhost:43363/']: sec=0.00, result=[1, '', 0]
[rosmaster.master][INFO] 2025-08-14 17:09:05,615: publisherUpdate[/kelpie/leg_control/currents] -> http://localhost:43363/ []
[rosmaster.master][INFO] 2025-08-14 17:09:05,614: -SERVICE [/rosapi/service_type] /rosapi rosrpc://localhost:42683
[rosmaster.master][INFO] 2025-08-14 17:09:05,618: -SERVICE [/rosapi/publishers] /rosapi rosrpc://localhost:42683
[rosmaster.master][INFO] 2025-08-14 17:09:05,619: -SERVICE [/rosapi/subscribers] /rosapi rosrpc://localhost:42683
[rosmaster.master][INFO] 2025-08-14 17:09:05,621: -SERVICE [/rosapi/service_providers] /rosapi rosrpc://localhost:42683
[rosmaster.master][INFO] 2025-08-14 17:09:05,622: publisherUpdate[/kelpie/command_input] -> http://localhost:33573/ ['http://localhost:40713/']: sec=0.01, result=[1, '', 0]
[rosmaster.master][INFO] 2025-08-14 17:09:05,624: publisherUpdate[/kelpie/leg_control/currents] -> http://localhost:33573/ []
[rosmaster.master][INFO] 2025-08-14 17:09:05,623: -SERVICE [/rosapi/service_node] /rosapi rosrpc://localhost:42683
[rosmaster.master][INFO] 2025-08-14 17:09:05,625: -SERVICE [/rosapi/service_host] /rosapi rosrpc://localhost:42683
[rosmaster.master][INFO] 2025-08-14 17:09:05,626: -SERVICE [/rosapi/message_details] /rosapi rosrpc://localhost:42683
[rosmaster.master][INFO] 2025-08-14 17:09:05,627: publisherUpdate[/kelpie/leg_control/currents] -> http://localhost:33573/ []: sec=0.00, result=[1, '', 0]
[rosmaster.master][INFO] 2025-08-14 17:09:05,627: -SERVICE [/rosapi/service_request_details] /rosapi rosrpc://localhost:42683
[rosmaster.master][INFO] 2025-08-14 17:09:05,628: publisherUpdate[/kelpie/battery/voltage] -> http://localhost:33573/ []
[rosmaster.master][INFO] 2025-08-14 17:09:05,628: -SERVICE [/rosapi/service_response_details] /rosapi rosrpc://localhost:42683
[rosmaster.master][INFO] 2025-08-14 17:09:05,629: -SERVICE [/rosapi/set_param] /rosapi rosrpc://localhost:42683
[rosmaster.master][INFO] 2025-08-14 17:09:05,630: -SERVICE [/rosapi/get_param] /rosapi rosrpc://localhost:42683
[rosmaster.master][INFO] 2025-08-14 17:09:05,630: -SERVICE [/rosapi/has_param] /rosapi rosrpc://localhost:42683
[rosmaster.master][INFO] 2025-08-14 17:09:05,631: publisherUpdate[/kelpie/battery/voltage] -> http://localhost:33573/ []: sec=0.00, result=[1, '', 0]
[rosmaster.master][INFO] 2025-08-14 17:09:05,631: -SERVICE [/rosapi/search_param] /rosapi rosrpc://localhost:42683
[rosmaster.master][INFO] 2025-08-14 17:09:05,632: publisherUpdate[/kelpie/imu] -> http://localhost:33573/ []
[rosmaster.master][INFO] 2025-08-14 17:09:05,632: publisherUpdate[/kelpie/leg_control/currents] -> http://localhost:43363/ []: sec=0.02, exception=[Errno 111] Connection refused
[rosmaster.master][INFO] 2025-08-14 17:09:05,632: -SERVICE [/rosapi/delete_param] /rosapi rosrpc://localhost:42683
[rosmaster.master][INFO] 2025-08-14 17:09:05,635: publisherUpdate[/kelpie/imu] -> http://localhost:33573/ []: sec=0.00, result=[1, '', 0]
[rosmaster.master][INFO] 2025-08-14 17:09:05,636: -SERVICE [/rosapi/get_param_names] /rosapi rosrpc://localhost:42683
[rosmaster.master][INFO] 2025-08-14 17:09:05,636: publisherUpdate[/kelpie/battery/voltage] -> http://localhost:43363/ []
[rosmaster.master][INFO] 2025-08-14 17:09:05,637: -SERVICE [/rosapi/get_time] /rosapi rosrpc://localhost:42683
[rosmaster.master][INFO] 2025-08-14 17:09:05,638: -SERVICE [/rosapi/topics_and_raw_types] /rosapi rosrpc://localhost:42683
[rosmaster.master][INFO] 2025-08-14 17:09:05,640: publisherUpdate[/kelpie/battery/voltage] -> http://localhost:43363/ []: sec=0.00, exception=[Errno 111] Connection refused
[rosmaster.threadpool][ERROR] 2025-08-14 17:09:05,650: Traceback (most recent call last):
  File "/opt/ros/noetic/lib/python3/dist-packages/rosmaster/threadpool.py", line 218, in run
    result = cmd(*args)
  File "/opt/ros/noetic/lib/python3/dist-packages/rosmaster/master_api.py", line 210, in publisher_update_task
    ret = xmlrpcapi(api).publisherUpdate('/master', topic, pub_uris)
  File "/usr/lib/python3.8/xmlrpc/client.py", line 1109, in __call__
    return self.__send(self.__name, args)
  File "/usr/lib/python3.8/xmlrpc/client.py", line 1450, in __request
    response = self.__transport.request(
  File "/usr/lib/python3.8/xmlrpc/client.py", line 1153, in request
    return self.single_request(host, handler, request_body, verbose)
  File "/usr/lib/python3.8/xmlrpc/client.py", line 1165, in single_request
    http_conn = self.send_request(host, handler, request_body, verbose)
  File "/usr/lib/python3.8/xmlrpc/client.py", line 1278, in send_request
    self.send_content(connection, request_body)
  File "/usr/lib/python3.8/xmlrpc/client.py", line 1308, in send_content
    connection.endheaders(request_body)
  File "/usr/lib/python3.8/http/client.py", line 1251, in endheaders
    self._send_output(message_body, encode_chunked=encode_chunked)
  File "/usr/lib/python3.8/http/client.py", line 1011, in _send_output
    self.send(msg)
  File "/usr/lib/python3.8/http/client.py", line 951, in send
    self.connect()
  File "/usr/lib/python3.8/http/client.py", line 922, in connect
    self.sock = self._create_connection(
  File "/usr/lib/python3.8/socket.py", line 808, in create_connection
    raise err
  File "/usr/lib/python3.8/socket.py", line 796, in create_connection
    sock.connect(sa)
ConnectionRefusedError: [Errno 111] Connection refused

[rosmaster.threadpool][ERROR] 2025-08-14 17:09:05,651: Traceback (most recent call last):
  File "/opt/ros/noetic/lib/python3/dist-packages/rosmaster/threadpool.py", line 218, in run
    result = cmd(*args)
  File "/opt/ros/noetic/lib/python3/dist-packages/rosmaster/master_api.py", line 210, in publisher_update_task
    ret = xmlrpcapi(api).publisherUpdate('/master', topic, pub_uris)
  File "/usr/lib/python3.8/xmlrpc/client.py", line 1109, in __call__
    return self.__send(self.__name, args)
  File "/usr/lib/python3.8/xmlrpc/client.py", line 1450, in __request
    response = self.__transport.request(
  File "/usr/lib/python3.8/xmlrpc/client.py", line 1153, in request
    return self.single_request(host, handler, request_body, verbose)
  File "/usr/lib/python3.8/xmlrpc/client.py", line 1165, in single_request
    http_conn = self.send_request(host, handler, request_body, verbose)
  File "/usr/lib/python3.8/xmlrpc/client.py", line 1278, in send_request
    self.send_content(connection, request_body)
  File "/usr/lib/python3.8/xmlrpc/client.py", line 1308, in send_content
    connection.endheaders(request_body)
  File "/usr/lib/python3.8/http/client.py", line 1251, in endheaders
    self._send_output(message_body, encode_chunked=encode_chunked)
  File "/usr/lib/python3.8/http/client.py", line 1011, in _send_output
    self.send(msg)
  File "/usr/lib/python3.8/http/client.py", line 951, in send
    self.connect()
  File "/usr/lib/python3.8/http/client.py", line 922, in connect
    self.sock = self._create_connection(
  File "/usr/lib/python3.8/socket.py", line 808, in create_connection
    raise err
  File "/usr/lib/python3.8/socket.py", line 796, in create_connection
    sock.connect(sa)
ConnectionRefusedError: [Errno 111] Connection refused

[rosmaster.master][INFO] 2025-08-14 17:09:05,651: publisherUpdate[/kelpie/imu] -> http://localhost:43363/ []
[rosmaster.master][INFO] 2025-08-14 17:09:05,651: publisherUpdate[/rosout] -> http://localhost:38173/ ['http://localhost:33573/', 'http://localhost:40713/']
[rosmaster.master][INFO] 2025-08-14 17:09:05,653: publisherUpdate[/rosout] -> http://localhost:38173/ ['http://localhost:33573/', 'http://localhost:40713/']: sec=0.00, result=[1, '', 0]
[rosmaster.master][INFO] 2025-08-14 17:09:05,653: publisherUpdate[/kelpie/imu] -> http://localhost:43363/ []: sec=0.00, exception=[Errno 111] Connection refused
[rosmaster.master][INFO] 2025-08-14 17:09:05,654: publisherUpdate[/rosout] -> http://localhost:38173/ ['http://localhost:33573/']
[rosmaster.threadpool][ERROR] 2025-08-14 17:09:05,655: Traceback (most recent call last):
  File "/opt/ros/noetic/lib/python3/dist-packages/rosmaster/threadpool.py", line 218, in run
    result = cmd(*args)
  File "/opt/ros/noetic/lib/python3/dist-packages/rosmaster/master_api.py", line 210, in publisher_update_task
    ret = xmlrpcapi(api).publisherUpdate('/master', topic, pub_uris)
  File "/usr/lib/python3.8/xmlrpc/client.py", line 1109, in __call__
    return self.__send(self.__name, args)
  File "/usr/lib/python3.8/xmlrpc/client.py", line 1450, in __request
    response = self.__transport.request(
  File "/usr/lib/python3.8/xmlrpc/client.py", line 1153, in request
    return self.single_request(host, handler, request_body, verbose)
  File "/usr/lib/python3.8/xmlrpc/client.py", line 1165, in single_request
    http_conn = self.send_request(host, handler, request_body, verbose)
  File "/usr/lib/python3.8/xmlrpc/client.py", line 1278, in send_request
    self.send_content(connection, request_body)
  File "/usr/lib/python3.8/xmlrpc/client.py", line 1308, in send_content
    connection.endheaders(request_body)
  File "/usr/lib/python3.8/http/client.py", line 1251, in endheaders
    self._send_output(message_body, encode_chunked=encode_chunked)
  File "/usr/lib/python3.8/http/client.py", line 1011, in _send_output
    self.send(msg)
  File "/usr/lib/python3.8/http/client.py", line 951, in send
    self.connect()
  File "/usr/lib/python3.8/http/client.py", line 922, in connect
    self.sock = self._create_connection(
  File "/usr/lib/python3.8/socket.py", line 808, in create_connection
    raise err
  File "/usr/lib/python3.8/socket.py", line 796, in create_connection
    sock.connect(sa)
ConnectionRefusedError: [Errno 111] Connection refused

[rosmaster.master][INFO] 2025-08-14 17:09:05,655: publisherUpdate[/kelpie/command_input] -> http://localhost:33573/ []
[rosmaster.master][INFO] 2025-08-14 17:09:05,656: publisherUpdate[/rosout] -> http://localhost:38173/ ['http://localhost:33573/']: sec=0.00, result=[1, '', 0]
[rosmaster.master][INFO] 2025-08-14 17:09:05,658: publisherUpdate[/kelpie/command_input] -> http://localhost:33573/ []: sec=0.00, result=[1, '', 0]
[rosmaster.master][INFO] 2025-08-14 17:09:06,196: +CACHEDPARAM [/rosout_disable_topics_generation] by /rosbridge_websocket
[rosmaster.master][INFO] 2025-08-14 17:09:20,621: -SUB [/kelpie/imu] /kelpie http://localhost:33573/
[rosmaster.master][INFO] 2025-08-14 17:09:20,621: -SUB [/kelpie/leg_control/currents] /kelpie http://localhost:33573/
[rosmaster.master][INFO] 2025-08-14 17:09:20,622: -SUB [/kelpie/battery/voltage] /kelpie http://localhost:33573/
[rosmaster.master][INFO] 2025-08-14 17:09:20,622: -SUB [/kelpie/command_input] /kelpie http://localhost:33573/
[rosmaster.master][INFO] 2025-08-14 17:09:20,622: -PUB [/rosout] /kelpie http://localhost:33573/
[rosmaster.master][INFO] 2025-08-14 17:09:20,623: -PUB [/kelpie/leg_control/joint_states] /kelpie http://localhost:33573/
[rosmaster.master][INFO] 2025-08-14 17:09:20,623: -SERVICE [/kelpie/get_loggers] /kelpie rosrpc://localhost:44341
[rosmaster.master][INFO] 2025-08-14 17:09:20,623: -SERVICE [/kelpie/set_logger_level] /kelpie rosrpc://localhost:44341
[rosmaster.master][INFO] 2025-08-14 17:09:20,681: publisherUpdate[/rosout] -> http://localhost:38173/ []
[rosmaster.master][INFO] 2025-08-14 17:09:20,683: publisherUpdate[/rosout] -> http://localhost:38173/ []: sec=0.00, result=[1, '', 0]
[rosmaster.master][INFO] 2025-08-14 17:09:28,823: +PARAM [/roslaunch/uris/host_localhost__43011] by /roslaunch
[rosmaster.master][INFO] 2025-08-14 17:09:28,835: +PARAM [/rosversion] by /roslaunch
[rosmaster.master][INFO] 2025-08-14 17:09:28,835: +PARAM [/rosdistro] by /roslaunch
[rosmaster.master][INFO] 2025-08-14 17:09:28,835: +PARAM [/rosbridge_websocket/authenticate] by /roslaunch
[rosmaster.master][INFO] 2025-08-14 17:09:28,835: +PARAM [/rosbridge_websocket/port] by /roslaunch
[rosmaster.master][INFO] 2025-08-14 17:09:28,836: +PARAM [/rosbridge_websocket/address] by /roslaunch
[rosmaster.master][INFO] 2025-08-14 17:09:28,836: +PARAM [/rosbridge_websocket/retry_startup_delay] by /roslaunch
[rosmaster.master][INFO] 2025-08-14 17:09:28,836: +PARAM [/rosbridge_websocket/fragment_timeout] by /roslaunch
[rosmaster.master][INFO] 2025-08-14 17:09:28,836: +PARAM [/rosbridge_websocket/delay_between_messages] by /roslaunch
[rosmaster.master][INFO] 2025-08-14 17:09:28,837: +PARAM [/rosbridge_websocket/max_message_size] by /roslaunch
[rosmaster.master][INFO] 2025-08-14 17:09:28,837: +PARAM [/rosbridge_websocket/unregister_timeout] by /roslaunch
[rosmaster.master][INFO] 2025-08-14 17:09:28,837: +PARAM [/rosbridge_websocket/use_compression] by /roslaunch
[rosmaster.master][INFO] 2025-08-14 17:09:28,837: +PARAM [/rosbridge_websocket/websocket_ping_interval] by /roslaunch
[rosmaster.master][INFO] 2025-08-14 17:09:28,838: +PARAM [/rosbridge_websocket/websocket_ping_timeout] by /roslaunch
[rosmaster.master][INFO] 2025-08-14 17:09:28,838: +PARAM [/rosbridge_websocket/websocket_external_port] by /roslaunch
[rosmaster.master][INFO] 2025-08-14 17:09:28,838: +PARAM [/rosbridge_websocket/topics_glob] by /roslaunch
[rosmaster.master][INFO] 2025-08-14 17:09:28,838: +PARAM [/rosbridge_websocket/services_glob] by /roslaunch
[rosmaster.master][INFO] 2025-08-14 17:09:28,838: +PARAM [/rosbridge_websocket/params_glob] by /roslaunch
[rosmaster.master][INFO] 2025-08-14 17:09:28,839: +PARAM [/rosbridge_websocket/bson_only_mode] by /roslaunch
[rosmaster.master][INFO] 2025-08-14 17:09:28,839: +PARAM [/rosapi/topics_glob] by /roslaunch
[rosmaster.master][INFO] 2025-08-14 17:09:28,839: +PARAM [/rosapi/services_glob] by /roslaunch
[rosmaster.master][INFO] 2025-08-14 17:09:28,839: +PARAM [/rosapi/params_glob] by /roslaunch
[rosmaster.master][INFO] 2025-08-14 17:09:30,916: +PUB [/rosout] /rosapi http://localhost:37355/
[rosmaster.master][INFO] 2025-08-14 17:09:30,927: +SERVICE [/rosapi/get_loggers] /rosapi http://localhost:37355/
[rosmaster.master][INFO] 2025-08-14 17:09:30,931: +SERVICE [/rosapi/set_logger_level] /rosapi http://localhost:37355/
[rosmaster.master][INFO] 2025-08-14 17:09:30,956: +SERVICE [/rosapi/topics] /rosapi http://localhost:37355/
[rosmaster.master][INFO] 2025-08-14 17:09:30,960: +SERVICE [/rosapi/topics_for_type] /rosapi http://localhost:37355/
[rosmaster.master][INFO] 2025-08-14 17:09:30,965: +SERVICE [/rosapi/services] /rosapi http://localhost:37355/
[rosmaster.master][INFO] 2025-08-14 17:09:30,969: +SERVICE [/rosapi/services_for_type] /rosapi http://localhost:37355/
[rosmaster.master][INFO] 2025-08-14 17:09:30,973: +SERVICE [/rosapi/nodes] /rosapi http://localhost:37355/
[rosmaster.master][INFO] 2025-08-14 17:09:30,977: +SERVICE [/rosapi/node_details] /rosapi http://localhost:37355/
[rosmaster.master][INFO] 2025-08-14 17:09:30,980: +PUB [/rosout] /kelpie http://localhost:35221/
[rosmaster.master][INFO] 2025-08-14 17:09:30,982: +SERVICE [/rosapi/action_servers] /rosapi http://localhost:37355/
[rosmaster.master][INFO] 2025-08-14 17:09:30,986: +SERVICE [/rosapi/topic_type] /rosapi http://localhost:37355/
[rosmaster.master][INFO] 2025-08-14 17:09:30,989: +SERVICE [/rosapi/service_type] /rosapi http://localhost:37355/
[rosmaster.master][INFO] 2025-08-14 17:09:30,993: +SERVICE [/rosapi/publishers] /rosapi http://localhost:37355/
[rosmaster.master][INFO] 2025-08-14 17:09:30,997: +SERVICE [/rosapi/subscribers] /rosapi http://localhost:37355/
[rosmaster.master][INFO] 2025-08-14 17:09:31,000: +SERVICE [/kelpie/get_loggers] /kelpie http://localhost:35221/
[rosmaster.master][INFO] 2025-08-14 17:09:31,006: publisherUpdate[/rosout] -> http://localhost:38173/ ['http://localhost:37355/']
[rosmaster.master][INFO] 2025-08-14 17:09:31,006: +SERVICE [/kelpie/set_logger_level] /kelpie http://localhost:35221/
[rosmaster.master][INFO] 2025-08-14 17:09:31,012: +SERVICE [/rosapi/service_providers] /rosapi http://localhost:37355/
[rosmaster.master][INFO] 2025-08-14 17:09:31,014: publisherUpdate[/rosout] -> http://localhost:38173/ ['http://localhost:37355/']: sec=0.00, result=[1, '', 0]
[rosmaster.master][INFO] 2025-08-14 17:09:31,014: publisherUpdate[/rosout] -> http://localhost:38173/ ['http://localhost:37355/', 'http://localhost:35221/']
[rosmaster.master][INFO] 2025-08-14 17:09:31,016: +SERVICE [/rosapi/service_node] /rosapi http://localhost:37355/
[rosmaster.master][INFO] 2025-08-14 17:09:31,024: publisherUpdate[/rosout] -> http://localhost:38173/ ['http://localhost:37355/', 'http://localhost:35221/']: sec=0.01, result=[1, '', 0]
[rosmaster.master][INFO] 2025-08-14 17:09:31,027: +SUB [/kelpie/imu] /kelpie http://localhost:35221/
[rosmaster.master][INFO] 2025-08-14 17:09:31,031: +SERVICE [/rosapi/service_host] /rosapi http://localhost:37355/
[rosmaster.master][INFO] 2025-08-14 17:09:31,039: +SUB [/kelpie/leg_control/currents] /kelpie http://localhost:35221/
[rosmaster.master][INFO] 2025-08-14 17:09:31,045: +SERVICE [/rosapi/message_details] /rosapi http://localhost:37355/
[rosmaster.master][INFO] 2025-08-14 17:09:31,055: +SERVICE [/rosapi/service_request_details] /rosapi http://localhost:37355/
[rosmaster.master][INFO] 2025-08-14 17:09:31,058: +SUB [/kelpie/battery/voltage] /kelpie http://localhost:35221/
[rosmaster.master][INFO] 2025-08-14 17:09:31,062: +SERVICE [/rosapi/service_response_details] /rosapi http://localhost:37355/
[rosmaster.master][INFO] 2025-08-14 17:09:31,065: +PUB [/kelpie/leg_control/joint_states] /kelpie http://localhost:35221/
[rosmaster.master][INFO] 2025-08-14 17:09:31,070: +SERVICE [/rosapi/set_param] /rosapi http://localhost:37355/
[rosmaster.master][INFO] 2025-08-14 17:09:31,075: +CACHEDPARAM [/rosout_disable_topics_generation] by /kelpie
[rosmaster.master][INFO] 2025-08-14 17:09:31,079: +SERVICE [/rosapi/get_param] /rosapi http://localhost:37355/
[rosmaster.master][INFO] 2025-08-14 17:09:31,083: +SERVICE [/rosapi/has_param] /rosapi http://localhost:37355/
[rosmaster.master][INFO] 2025-08-14 17:09:31,085: +SUB [/kelpie/command_input] /kelpie http://localhost:35221/
[rosmaster.master][INFO] 2025-08-14 17:09:31,090: +SERVICE [/rosapi/search_param] /rosapi http://localhost:37355/
[rosmaster.master][INFO] 2025-08-14 17:09:31,092: +CACHEDPARAM [/rosout_disable_topics_generation] by /kelpie
[rosmaster.master][INFO] 2025-08-14 17:09:31,094: +SERVICE [/rosapi/delete_param] /rosapi http://localhost:37355/
[rosmaster.master][INFO] 2025-08-14 17:09:31,098: +SERVICE [/rosapi/get_param_names] /rosapi http://localhost:37355/
[rosmaster.master][INFO] 2025-08-14 17:09:31,100: +CACHEDPARAM [/rosout_disable_topics_generation] by /kelpie
[rosmaster.master][INFO] 2025-08-14 17:09:31,102: +SERVICE [/rosapi/get_time] /rosapi http://localhost:37355/
[rosmaster.master][INFO] 2025-08-14 17:09:31,107: +CACHEDPARAM [/rosout_disable_topics_generation] by /kelpie
[rosmaster.master][INFO] 2025-08-14 17:09:31,109: +SERVICE [/rosapi/topics_and_raw_types] /rosapi http://localhost:37355/
[rosmaster.master][INFO] 2025-08-14 17:09:31,116: +CACHEDPARAM [/rosout_disable_topics_generation] by /rosapi
[rosmaster.master][INFO] 2025-08-14 17:09:31,118: +CACHEDPARAM [/rosout_disable_topics_generation] by /kelpie
[rosmaster.master][INFO] 2025-08-14 17:09:31,123: +CACHEDPARAM [/rosout_disable_topics_generation] by /kelpie
[rosmaster.master][INFO] 2025-08-14 17:09:31,128: +CACHEDPARAM [/rosout_disable_topics_generation] by /kelpie
[rosmaster.master][INFO] 2025-08-14 17:09:31,134: +CACHEDPARAM [/rosout_disable_topics_generation] by /kelpie
[rosmaster.master][INFO] 2025-08-14 17:09:31,140: +CACHEDPARAM [/rosout_disable_topics_generation] by /kelpie
[rosmaster.master][INFO] 2025-08-14 17:09:31,749: +PUB [/kelpie/leg_control/currents] /hardware http://localhost:42141/
[rosmaster.master][INFO] 2025-08-14 17:09:31,752: +PUB [/kelpie/battery/voltage] /hardware http://localhost:42141/
[rosmaster.master][INFO] 2025-08-14 17:09:31,755: +PUB [/kelpie/imu] /hardware http://localhost:42141/
[rosmaster.master][INFO] 2025-08-14 17:09:31,789: +PUB [/rosout] /rosbridge_websocket http://localhost:38671/
[rosmaster.master][INFO] 2025-08-14 17:09:31,795: +SERVICE [/rosbridge_websocket/get_loggers] /rosbridge_websocket http://localhost:38671/
[rosmaster.master][INFO] 2025-08-14 17:09:31,798: +SERVICE [/rosbridge_websocket/set_logger_level] /rosbridge_websocket http://localhost:38671/
[rosmaster.master][INFO] 2025-08-14 17:09:31,811: publisherUpdate[/kelpie/leg_control/currents] -> http://localhost:35221/ ['http://localhost:42141/']
[rosmaster.master][INFO] 2025-08-14 17:09:31,814: publisherUpdate[/rosout] -> http://localhost:38173/ ['http://localhost:37355/', 'http://localhost:35221/', 'http://localhost:38671/']
[rosmaster.master][INFO] 2025-08-14 17:09:31,817: publisherUpdate[/rosout] -> http://localhost:38173/ ['http://localhost:37355/', 'http://localhost:35221/', 'http://localhost:38671/']: sec=0.00, result=[1, '', 0]
[rosmaster.master][INFO] 2025-08-14 17:09:31,832: +PUB [/client_count] /rosbridge_websocket http://localhost:38671/
[rosmaster.master][INFO] 2025-08-14 17:09:31,835: +PUB [/connected_clients] /rosbridge_websocket http://localhost:38671/
[rosmaster.master][INFO] 2025-08-14 17:09:31,838: publisherUpdate[/kelpie/leg_control/currents] -> http://localhost:35221/ ['http://localhost:42141/']: sec=0.03, result=[1, '', 0]
[rosmaster.master][INFO] 2025-08-14 17:09:31,839: publisherUpdate[/kelpie/battery/voltage] -> http://localhost:35221/ ['http://localhost:42141/']
[rosmaster.master][INFO] 2025-08-14 17:09:31,841: +PUB [/rosout] /hardware http://localhost:42141/
[rosmaster.master][INFO] 2025-08-14 17:09:31,846: publisherUpdate[/kelpie/battery/voltage] -> http://localhost:35221/ ['http://localhost:42141/']: sec=0.01, result=[1, '', 0]
[rosmaster.master][INFO] 2025-08-14 17:09:31,847: publisherUpdate[/kelpie/imu] -> http://localhost:35221/ ['http://localhost:42141/']
[rosmaster.master][INFO] 2025-08-14 17:09:31,848: +PARAM [/rosbridge_websocket/actual_port] by /rosbridge_websocket
[rosmaster.master][INFO] 2025-08-14 17:09:31,850: +SERVICE [/hardware/get_loggers] /hardware http://localhost:42141/
[rosmaster.master][INFO] 2025-08-14 17:09:31,855: publisherUpdate[/kelpie/imu] -> http://localhost:35221/ ['http://localhost:42141/']: sec=0.01, result=[1, '', 0]
[rosmaster.master][INFO] 2025-08-14 17:09:31,856: +SERVICE [/hardware/set_logger_level] /hardware http://localhost:42141/
[rosmaster.master][INFO] 2025-08-14 17:09:31,856: publisherUpdate[/rosout] -> http://localhost:38173/ ['http://localhost:37355/', 'http://localhost:35221/', 'http://localhost:38671/', 'http://localhost:42141/']
[rosmaster.master][INFO] 2025-08-14 17:09:31,858: +CACHEDPARAM [/rosout_disable_topics_generation] by /rosbridge_websocket
[rosmaster.master][INFO] 2025-08-14 17:09:31,862: publisherUpdate[/rosout] -> http://localhost:38173/ ['http://localhost:37355/', 'http://localhost:35221/', 'http://localhost:38671/', 'http://localhost:42141/']: sec=0.00, result=[1, '', 0]
[rosmaster.master][INFO] 2025-08-14 17:09:31,914: +SUB [/kelpie/leg_control/joint_states] /hardware http://localhost:42141/
[rosmaster.master][INFO] 2025-08-14 17:09:31,923: +SUB [/joy] /hardware http://localhost:42141/
[rosmaster.master][INFO] 2025-08-14 17:09:31,926: +PUB [/kelpie/command_input] /hardware http://localhost:42141/
[rosmaster.master][INFO] 2025-08-14 17:09:31,927: publisherUpdate[/kelpie/command_input] -> http://localhost:35221/ ['http://localhost:42141/']
[rosmaster.master][INFO] 2025-08-14 17:09:32,003: publisherUpdate[/kelpie/command_input] -> http://localhost:35221/ ['http://localhost:42141/']: sec=0.08, result=[1, '', 0]
[rosmaster.master][INFO] 2025-08-14 17:09:42,563: -PUB [/rosout] /rosbridge_websocket http://localhost:38671/
[rosmaster.master][INFO] 2025-08-14 17:09:42,568: -PUB [/rosout] /rosapi http://localhost:37355/
[rosmaster.master][INFO] 2025-08-14 17:09:42,568: -SUB [/kelpie/leg_control/joint_states] /hardware http://localhost:42141/
[rosmaster.master][INFO] 2025-08-14 17:09:42,569: -PUB [/client_count] /rosbridge_websocket http://localhost:38671/
[rosmaster.master][INFO] 2025-08-14 17:09:42,569: -SERVICE [/rosapi/get_loggers] /rosapi rosrpc://localhost:41541
[rosmaster.master][INFO] 2025-08-14 17:09:42,569: -SUB [/joy] /hardware http://localhost:42141/
[rosmaster.master][INFO] 2025-08-14 17:09:42,569: -PUB [/connected_clients] /rosbridge_websocket http://localhost:38671/
[rosmaster.master][INFO] 2025-08-14 17:09:42,570: -SERVICE [/rosapi/set_logger_level] /rosapi rosrpc://localhost:41541
[rosmaster.master][INFO] 2025-08-14 17:09:42,570: -PUB [/kelpie/leg_control/currents] /hardware http://localhost:42141/
[rosmaster.master][INFO] 2025-08-14 17:09:42,570: -SERVICE [/rosbridge_websocket/get_loggers] /rosbridge_websocket rosrpc://localhost:37279
[rosmaster.master][INFO] 2025-08-14 17:09:42,570: -SERVICE [/rosapi/topics] /rosapi rosrpc://localhost:41541
[rosmaster.master][INFO] 2025-08-14 17:09:42,571: -PUB [/kelpie/battery/voltage] /hardware http://localhost:42141/
[rosmaster.master][INFO] 2025-08-14 17:09:42,571: -SERVICE [/rosbridge_websocket/set_logger_level] /rosbridge_websocket rosrpc://localhost:37279
[rosmaster.master][INFO] 2025-08-14 17:09:42,572: -SERVICE [/rosapi/topics_for_type] /rosapi rosrpc://localhost:41541
[rosmaster.master][INFO] 2025-08-14 17:09:42,572: -PUB [/kelpie/imu] /hardware http://localhost:42141/
[rosmaster.master][INFO] 2025-08-14 17:09:42,573: -SERVICE [/rosapi/services] /rosapi rosrpc://localhost:41541
[rosmaster.master][INFO] 2025-08-14 17:09:42,573: -PUB [/rosout] /hardware http://localhost:42141/
[rosmaster.master][INFO] 2025-08-14 17:09:42,574: -SERVICE [/rosapi/services_for_type] /rosapi rosrpc://localhost:41541
[rosmaster.master][INFO] 2025-08-14 17:09:42,574: -PUB [/kelpie/command_input] /hardware http://localhost:42141/
[rosmaster.master][INFO] 2025-08-14 17:09:42,574: -SERVICE [/rosapi/nodes] /rosapi rosrpc://localhost:41541
[rosmaster.master][INFO] 2025-08-14 17:09:42,575: -SERVICE [/hardware/get_loggers] /hardware rosrpc://localhost:39939
[rosmaster.master][INFO] 2025-08-14 17:09:42,575: -SERVICE [/rosapi/node_details] /rosapi rosrpc://localhost:41541
[rosmaster.master][INFO] 2025-08-14 17:09:42,576: -SERVICE [/hardware/set_logger_level] /hardware rosrpc://localhost:39939
[rosmaster.master][INFO] 2025-08-14 17:09:42,576: -SERVICE [/rosapi/action_servers] /rosapi rosrpc://localhost:41541
[rosmaster.master][INFO] 2025-08-14 17:09:42,577: -SERVICE [/rosapi/topic_type] /rosapi rosrpc://localhost:41541
[rosmaster.master][INFO] 2025-08-14 17:09:42,577: -SERVICE [/rosapi/service_type] /rosapi rosrpc://localhost:41541
[rosmaster.master][INFO] 2025-08-14 17:09:42,578: -SERVICE [/rosapi/publishers] /rosapi rosrpc://localhost:41541
[rosmaster.master][INFO] 2025-08-14 17:09:42,578: publisherUpdate[/rosout] -> http://localhost:38173/ ['http://localhost:37355/', 'http://localhost:35221/', 'http://localhost:42141/']
[rosmaster.master][INFO] 2025-08-14 17:09:42,578: -SERVICE [/rosapi/subscribers] /rosapi rosrpc://localhost:41541
[rosmaster.master][INFO] 2025-08-14 17:09:42,579: -SERVICE [/rosapi/service_providers] /rosapi rosrpc://localhost:41541
[rosmaster.master][INFO] 2025-08-14 17:09:42,581: publisherUpdate[/rosout] -> http://localhost:38173/ ['http://localhost:37355/', 'http://localhost:35221/', 'http://localhost:42141/']: sec=0.00, result=[1, '', 0]
[rosmaster.master][INFO] 2025-08-14 17:09:42,582: publisherUpdate[/rosout] -> http://localhost:38173/ ['http://localhost:35221/', 'http://localhost:42141/']
[rosmaster.master][INFO] 2025-08-14 17:09:42,586: publisherUpdate[/rosout] -> http://localhost:38173/ ['http://localhost:35221/', 'http://localhost:42141/']: sec=0.00, result=[1, '', 0]
[rosmaster.master][INFO] 2025-08-14 17:09:42,586: publisherUpdate[/kelpie/leg_control/currents] -> http://localhost:35221/ []
[rosmaster.master][INFO] 2025-08-14 17:09:42,582: -SERVICE [/rosapi/service_node] /rosapi rosrpc://localhost:41541
[rosmaster.master][INFO] 2025-08-14 17:09:42,588: -SERVICE [/rosapi/service_host] /rosapi rosrpc://localhost:41541
[rosmaster.master][INFO] 2025-08-14 17:09:42,589: -SERVICE [/rosapi/message_details] /rosapi rosrpc://localhost:41541
[rosmaster.master][INFO] 2025-08-14 17:09:42,589: -SERVICE [/rosapi/service_request_details] /rosapi rosrpc://localhost:41541
[rosmaster.master][INFO] 2025-08-14 17:09:42,590: publisherUpdate[/kelpie/leg_control/currents] -> http://localhost:35221/ []: sec=0.00, result=[1, '', 0]
[rosmaster.master][INFO] 2025-08-14 17:09:42,591: -SERVICE [/rosapi/service_response_details] /rosapi rosrpc://localhost:41541
[rosmaster.master][INFO] 2025-08-14 17:09:42,591: publisherUpdate[/kelpie/battery/voltage] -> http://localhost:35221/ []
[rosmaster.master][INFO] 2025-08-14 17:09:42,591: -SERVICE [/rosapi/set_param] /rosapi rosrpc://localhost:41541
[rosmaster.master][INFO] 2025-08-14 17:09:42,592: -SERVICE [/rosapi/get_param] /rosapi rosrpc://localhost:41541
[rosmaster.master][INFO] 2025-08-14 17:09:42,592: -SERVICE [/rosapi/has_param] /rosapi rosrpc://localhost:41541
[rosmaster.master][INFO] 2025-08-14 17:09:42,593: -SERVICE [/rosapi/search_param] /rosapi rosrpc://localhost:41541
[rosmaster.master][INFO] 2025-08-14 17:09:42,594: publisherUpdate[/kelpie/battery/voltage] -> http://localhost:35221/ []: sec=0.00, result=[1, '', 0]
[rosmaster.master][INFO] 2025-08-14 17:09:42,594: -SERVICE [/rosapi/delete_param] /rosapi rosrpc://localhost:41541
[rosmaster.master][INFO] 2025-08-14 17:09:42,594: publisherUpdate[/kelpie/imu] -> http://localhost:35221/ []
[rosmaster.master][INFO] 2025-08-14 17:09:42,595: -SERVICE [/rosapi/get_param_names] /rosapi rosrpc://localhost:41541
[rosmaster.master][INFO] 2025-08-14 17:09:42,596: -SERVICE [/rosapi/get_time] /rosapi rosrpc://localhost:41541
[rosmaster.master][INFO] 2025-08-14 17:09:42,596: -SERVICE [/rosapi/topics_and_raw_types] /rosapi rosrpc://localhost:41541
[rosmaster.master][INFO] 2025-08-14 17:09:42,598: publisherUpdate[/kelpie/imu] -> http://localhost:35221/ []: sec=0.00, result=[1, '', 0]
[rosmaster.master][INFO] 2025-08-14 17:09:42,598: publisherUpdate[/rosout] -> http://localhost:38173/ ['http://localhost:35221/']
[rosmaster.master][INFO] 2025-08-14 17:09:42,600: publisherUpdate[/rosout] -> http://localhost:38173/ ['http://localhost:35221/']: sec=0.00, result=[1, '', 0]
[rosmaster.master][INFO] 2025-08-14 17:09:42,600: publisherUpdate[/kelpie/command_input] -> http://localhost:35221/ []
[rosmaster.master][INFO] 2025-08-14 17:09:42,603: publisherUpdate[/kelpie/command_input] -> http://localhost:35221/ []: sec=0.00, result=[1, '', 0]
[rosmaster.master][INFO] 2025-08-14 17:09:57,590: -SUB [/kelpie/imu] /kelpie http://localhost:35221/
[rosmaster.master][INFO] 2025-08-14 17:09:57,590: -SUB [/kelpie/leg_control/currents] /kelpie http://localhost:35221/
[rosmaster.master][INFO] 2025-08-14 17:09:57,590: -SUB [/kelpie/battery/voltage] /kelpie http://localhost:35221/
[rosmaster.master][INFO] 2025-08-14 17:09:57,590: -SUB [/kelpie/command_input] /kelpie http://localhost:35221/
[rosmaster.master][INFO] 2025-08-14 17:09:57,591: -PUB [/rosout] /kelpie http://localhost:35221/
[rosmaster.master][INFO] 2025-08-14 17:09:57,591: -PUB [/kelpie/leg_control/joint_states] /kelpie http://localhost:35221/
[rosmaster.master][INFO] 2025-08-14 17:09:57,591: -SERVICE [/kelpie/get_loggers] /kelpie rosrpc://localhost:38985
[rosmaster.master][INFO] 2025-08-14 17:09:57,591: -SERVICE [/kelpie/set_logger_level] /kelpie rosrpc://localhost:38985
[rosmaster.master][INFO] 2025-08-14 17:09:57,625: publisherUpdate[/rosout] -> http://localhost:38173/ []
[rosmaster.master][INFO] 2025-08-14 17:09:57,627: publisherUpdate[/rosout] -> http://localhost:38173/ []: sec=0.00, result=[1, '', 0]
[rosmaster.master][INFO] 2025-08-14 17:10:20,969: -PUB [/rosout_agg] /rosout http://localhost:38173/
[rosmaster.master][INFO] 2025-08-14 17:10:20,970: -SUB [/rosout] /rosout http://localhost:38173/
[rosmaster.master][INFO] 2025-08-14 17:10:20,972: -SERVICE [/rosout/get_loggers] /rosout rosrpc://localhost:36777
[rosmaster.master][INFO] 2025-08-14 17:10:20,973: -SERVICE [/rosout/set_logger_level] /rosout rosrpc://localhost:36777
[rosmaster.master][INFO] 2025-08-14 17:10:20,974: -CACHEDPARAM [/rosout/omit_topics] by /rosout
[rosmaster.main][INFO] 2025-08-14 17:10:21,023: keyboard interrupt, will exit
[rosmaster.main][INFO] 2025-08-14 17:10:21,024: stopping master...
[rospy.core][INFO] 2025-08-14 17:10:21,025: signal_shutdown [atexit]
