

1755155104.928747478  Node Startup
1755155166.142310142 INFO /rosapi [rosapi_node:202(<module>)] [topics: /rosout] Rosapi started
1755155166.156969547 INFO /kelpie [main_driver.py:99(KelpieDriver.run)] [topics: /kelpie/battery/voltage, /rosout, /kelpie/imu, /kelpie/leg_control/currents, /kelpie/command_input, /kelpie/leg_control/joint_states] Manual robot control active. Currently not accepting external commands
1755155166.708225727 INFO /rosbridge_websocket [rosbridge_websocket:312(<module>)] [topics: /client_count, /connected_clients, /rosout] Rosbridge WebSocket server started at ws://0.0.0.0:9090
1755155166.798168182 WARN /hardware [tcpros_base.py:362(TCPROSServer._tcp_server_callback)] [topics: /kelpie/battery/voltage, /rosout, /kelpie/command_input, /kelpie/leg_control/currents, /kelpie/leg_control/joint_states, /kelpie/imu, /joy] Inbound TCP/IP connection failed: connection from sender terminated before handshake header received. 0 bytes were received. Please check sender for additional details.
1755155194.264111042 INFO /rosbridge_websocket [autobahn_websocket.py:195(RosbridgeWebSocket.onOpen)] [topics: /client_count, /connected_clients, /rosout] Client connected.  1 clients total.
1755155194.856854200 INFO /rosapi [rosapi_node:202(<module>)] [topics: /rosout] Rosapi started
1755155194.896524429 INFO /kelpie [main_driver.py:99(KelpieDriver.run)] [topics: /kelpie/leg_control/currents, /kelpie/command_input, /rosout, /kelpie/battery/voltage, /kelpie/leg_control/joint_states, /kelpie/imu] Manual robot control active. Currently not accepting external commands
1755155196.713642358 INFO /rosbridge_websocket [protocol.py:403(RosbridgeProtocol.log)] [topics: /client_count, /connected_clients, /rosout, /kelpie/leg_control/joint_states] [Client 0] Subscribed to /kelpie/leg_control/joint_states
1755155196.766008377 INFO /rosbridge_websocket [protocol.py:403(RosbridgeProtocol.log)] [topics: /client_count, /connected_clients, /kelpie/leg_control/joint_states, /rosout, /kelpie/leg_control/currents] [Client 0] Subscribed to /kelpie/leg_control/currents
1755155260.686487197 INFO /rosapi [rosapi_node:202(<module>)] [topics: /rosout] Rosapi started
1755155260.641179084 INFO /kelpie [main_driver.py:99(KelpieDriver.run)] [topics: /kelpie/imu, /kelpie/command_input, /kelpie/battery/voltage, /kelpie/leg_control/joint_states, /rosout, /kelpie/leg_control/currents] Manual robot control active. Currently not accepting external commands
1755155261.396779298 INFO /rosbridge_websocket [rosbridge_websocket:312(<module>)] [topics: /rosout, /client_count, /connected_clients] Rosbridge WebSocket server started at ws://0.0.0.0:9090
1755155274.478796005 INFO /rosbridge_websocket [autobahn_websocket.py:195(RosbridgeWebSocket.onOpen)] [topics: /rosout, /client_count, /connected_clients] Client connected.  1 clients total.
1755155275.335633754 INFO /rosbridge_websocket [protocol.py:403(RosbridgeProtocol.log)] [topics: /rosout, /client_count, /kelpie/leg_control/joint_states, /connected_clients] [Client 0] Subscribed to /kelpie/leg_control/joint_states
1755155275.351209640 INFO /rosbridge_websocket [protocol.py:403(RosbridgeProtocol.log)] [topics: /kelpie/leg_control/currents, /rosout, /connected_clients, /client_count, /kelpie/leg_control/joint_states] [Client 0] Subscribed to /kelpie/leg_control/currents
1755155275.376462697 INFO /rosbridge_websocket [protocol.py:403(RosbridgeProtocol.log)] [topics: /kelpie/leg_control/currents, /rosout, /connected_clients, /kelpie/battery/voltage, /client_count, /kelpie/leg_control/joint_states] [Client 0] Subscribed to /kelpie/battery/voltage
1755155275.393935918 INFO /rosbridge_websocket [protocol.py:403(RosbridgeProtocol.log)] [topics: /kelpie/leg_control/currents, /rosout, /kelpie/imu, /connected_clients, /kelpie/battery/voltage, /client_count, /kelpie/leg_control/joint_states] [Client 0] Subscribed to /kelpie/imu
1755155371.118954896 INFO /rosapi [rosapi_node:202(<module>)] [topics: /rosout] Rosapi started
1755155371.143367528 INFO /kelpie [main_driver.py:99(KelpieDriver.run)] [topics: /kelpie/battery/voltage, /rosout, /kelpie/command_input, /kelpie/leg_control/joint_states, /kelpie/leg_control/currents, /kelpie/imu] Manual robot control active. Currently not accepting external commands
1755155371.862461328 INFO /rosbridge_websocket [rosbridge_websocket:312(<module>)] [topics: /rosout, /client_count, /connected_clients] Rosbridge WebSocket server started at ws://0.0.0.0:9090
