[rospy.client][INFO] 2025-08-25 14:15:12,087: init_node, name[/hardware], pid[2975]
[xmlrpc][INFO] 2025-08-25 14:15:12,089: XML-RPC server binding to 0.0.0.0:0
[xmlrpc][INFO] 2025-08-25 14:15:12,089: Started XML-RPC server [http://10.176.33.207:36757/]
[rospy.init][INFO] 2025-08-25 14:15:12,090: ROS Slave URI: [http://10.176.33.207:36757/]
[rospy.impl.masterslave][INFO] 2025-08-25 14:15:12,090: _ready: http://10.176.33.207:36757/
[rospy.registration][INFO] 2025-08-25 14:15:12,092: Registering with master node http://localhost:11311/
[xmlrpc][INFO] 2025-08-25 14:15:12,093: xml rpc node: starting XML-RPC server
[rospy.registration][INFO] 2025-08-25 14:15:12,093: Registering publisher topic [/kelpie/leg_control/currents] type [kelpie/joint_states] with master
[rospy.registration][INFO] 2025-08-25 14:15:12,107: Registering publisher topic [/kelpie/battery/voltage] type [kelpie/vec_3d_float32] with master
[rospy.registration][INFO] 2025-08-25 14:15:12,109: Registering publisher topic [/kelpie/imu] type [kelpie/imu] with master
[rospy.init][INFO] 2025-08-25 14:15:12,191: registered with master
[rospy.rosout][INFO] 2025-08-25 14:15:12,191: initializing /rosout core topic
[rospy.rosout][INFO] 2025-08-25 14:15:12,194: connected to core topic /rosout
[rospy.simtime][INFO] 2025-08-25 14:15:12,197: /use_sim_time is not set, will not subscribe to simulated time [/clock] topic
[rospy.internal][INFO] 2025-08-25 14:15:12,283: topic[/joy] adding connection to [http://10.176.33.207:38525/], count 0
[rospy.internal][INFO] 2025-08-25 14:15:12,295: topic[/kelpie/leg_control/joint_states] adding connection to [http://10.176.33.207:37745/], count 0
[rospy.internal][INFO] 2025-08-25 14:15:12,308: topic[/kelpie/imu] adding connection to [/kelpie], count 0
[rospy.internal][INFO] 2025-08-25 14:15:12,320: topic[/kelpie/leg_control/currents] adding connection to [/kelpie], count 0
[rospy.internal][INFO] 2025-08-25 14:15:12,331: topic[/kelpie/battery/voltage] adding connection to [/kelpie], count 0
[rospy.internal][INFO] 2025-08-25 14:15:12,402: topic[/rosout] adding connection to [/rosout], count 0
[rospy.internal][INFO] 2025-08-25 14:15:12,455: topic[/kelpie/command_input] adding connection to [/kelpie], count 0
[rospy.internal][INFO] 2025-08-25 14:16:49,441: topic[/kelpie/leg_control/currents] adding connection to [/rosbridge_websocket], count 1
[rospy.internal][INFO] 2025-08-25 14:16:49,464: topic[/kelpie/battery/voltage] adding connection to [/rosbridge_websocket], count 1
[rospy.internal][INFO] 2025-08-25 14:16:49,476: topic[/kelpie/imu] adding connection to [/rosbridge_websocket], count 1
[rospy.internal][INFO] 2025-08-25 14:17:27,140: topic[/joy] adding connection to [http://kelpie2:36457/], count 1
[rospy.internal][INFO] 2025-08-25 14:17:27,212: topic[/joy] removing connection to http://10.176.33.207:38525/
[rospy.internal][INFO] 2025-08-25 14:17:28,880: topic[/kelpie/leg_control/joint_states] removing connection to http://10.176.33.207:37745/
[rospy.internal][INFO] 2025-08-25 14:17:28,989: topic[/kelpie/leg_control/currents] removing connection to /kelpie
[rospy.internal][INFO] 2025-08-25 14:17:28,990: topic[/kelpie/imu] adding connection to [/kelpie], count 2
[rospy.internal][INFO] 2025-08-25 14:17:28,992: topic[/kelpie/imu] removing connection to /kelpie
[rospy.internal][INFO] 2025-08-25 14:17:28,993: topic[/kelpie/command_input] removing connection to /kelpie
[rospy.internal][INFO] 2025-08-25 14:17:28,996: topic[/kelpie/battery/voltage] removing connection to /kelpie
[rospy.internal][INFO] 2025-08-25 14:17:29,018: topic[/kelpie/leg_control/currents] adding connection to [/kelpie], count 1
[rospy.internal][INFO] 2025-08-25 14:17:29,049: topic[/kelpie/battery/voltage] adding connection to [/kelpie], count 1
[rospy.internal][INFO] 2025-08-25 14:17:29,052: topic[/kelpie/leg_control/joint_states] adding connection to [http://kelpie2:42885/], count 0
[rospy.internal][INFO] 2025-08-25 14:17:29,058: topic[/kelpie/command_input] adding connection to [/kelpie], count 0
[rospy.client][INFO] 2025-08-25 14:17:29,586: init_node, name[/hardware], pid[3113]
[xmlrpc][INFO] 2025-08-25 14:17:29,598: XML-RPC server binding to 0.0.0.0:0
[rospy.init][INFO] 2025-08-25 14:17:29,611: ROS Slave URI: [http://kelpie2:45743/]
[xmlrpc][INFO] 2025-08-25 14:17:29,599: Started XML-RPC server [http://kelpie2:45743/]
[rospy.impl.masterslave][INFO] 2025-08-25 14:17:29,612: _ready: http://kelpie2:45743/
[rospy.registration][INFO] 2025-08-25 14:17:29,625: Registering with master node http://localhost:11311
[xmlrpc][INFO] 2025-08-25 14:17:29,625: xml rpc node: starting XML-RPC server
[rospy.registration][INFO] 2025-08-25 14:17:29,626: Registering publisher topic [/kelpie/leg_control/currents] type [kelpie/joint_states] with master
[rospy.registration][INFO] 2025-08-25 14:17:29,673: Registering publisher topic [/kelpie/battery/voltage] type [kelpie/vec_3d_float32] with master
[rospy.registration][INFO] 2025-08-25 14:17:29,681: Registering publisher topic [/kelpie/imu] type [kelpie/imu] with master
[rospy.impl.masterslave][INFO] 2025-08-25 14:17:29,699: external shutdown request from [/master]: [/hardware] Reason: new node registered with same name
[rospy.core][INFO] 2025-08-25 14:17:29,699: signal_shutdown [external shutdown request from [/master]: [[/hardware] Reason: new node registered with same name]]
[rospy.init][INFO] 2025-08-25 14:17:29,712: registered with master
[rospy.rosout][INFO] 2025-08-25 14:17:29,713: initializing /rosout core topic
[rospy.internal][INFO] 2025-08-25 14:17:29,714: topic[/kelpie/leg_control/currents] removing connection to /rosbridge_websocket
[rospy.internal][INFO] 2025-08-25 14:17:29,716: topic[/kelpie/leg_control/currents] removing connection to /kelpie
[rospy.rosout][INFO] 2025-08-25 14:17:29,717: connected to core topic /rosout
[rospy.internal][INFO] 2025-08-25 14:17:29,719: topic[/kelpie/battery/voltage] removing connection to /rosbridge_websocket
[rospy.internal][INFO] 2025-08-25 14:17:29,720: topic[/kelpie/battery/voltage] removing connection to /kelpie
[rospy.internal][INFO] 2025-08-25 14:17:29,720: topic[/kelpie/imu] removing connection to /rosbridge_websocket
[rospy.internal][INFO] 2025-08-25 14:17:29,721: topic[/kelpie/imu] removing connection to /kelpie
[rospy.simtime][INFO] 2025-08-25 14:17:29,723: /use_sim_time is not set, will not subscribe to simulated time [/clock] topic
[rospy.internal][INFO] 2025-08-25 14:17:29,726: topic[/rosout] removing connection to /rosout
[rospy.internal][INFO] 2025-08-25 14:17:29,727: topic[/kelpie/command_input] removing connection to /kelpie
[rospy.internal][INFO] 2025-08-25 14:17:29,728: topic[/kelpie/leg_control/joint_states] removing connection to http://kelpie2:42885/
[rospy.internal][INFO] 2025-08-25 14:17:29,802: topic[/joy] removing connection to http://kelpie2:36457/
[rospy.core][INFO] 2025-08-25 14:17:29,823: signal_shutdown [atexit]
[rospy.internal][INFO] 2025-08-25 14:17:29,833: topic[/kelpie/leg_control/currents] adding connection to [/rosbridge_websocket], count 0
[rospy.internal][INFO] 2025-08-25 14:17:29,847: topic[/kelpie/battery/voltage] adding connection to [/rosbridge_websocket], count 0
[rospy.internal][INFO] 2025-08-25 14:17:29,873: topic[/kelpie/imu] adding connection to [/rosbridge_websocket], count 0
[rospy.internal][INFO] 2025-08-25 14:17:29,907: topic[/kelpie/leg_control/currents] adding connection to [/kelpie], count 1
[rospy.internal][INFO] 2025-08-25 14:17:29,929: topic[/kelpie/imu] adding connection to [/kelpie], count 1
[rospy.internal][INFO] 2025-08-25 14:17:29,934: topic[/kelpie/battery/voltage] adding connection to [/kelpie], count 1
[rospy.internal][INFO] 2025-08-25 14:17:29,953: topic[/kelpie/leg_control/joint_states] adding connection to [http://kelpie2:42885/], count 0
[rospy.internal][INFO] 2025-08-25 14:17:29,956: topic[/joy] adding connection to [http://kelpie2:36457/], count 0
[rospy.internal][INFO] 2025-08-25 14:17:30,003: topic[/rosout] adding connection to [/rosout], count 0
[rospy.internal][INFO] 2025-08-25 14:17:30,149: topic[/kelpie/command_input] adding connection to [/kelpie], count 0
[rospy.internal][INFO] 2025-08-25 14:17:30,255: topic[/kelpie/leg_control/currents] removing connection to /rosbridge_websocket
[rospy.internal][INFO] 2025-08-25 14:17:30,264: topic[/kelpie/imu] removing connection to /rosbridge_websocket
[rospy.internal][INFO] 2025-08-25 14:17:30,446: topic[/kelpie/battery/voltage] removing connection to /rosbridge_websocket
[rosout][ERROR] 2025-08-25 14:18:07,549: bad callback: <bound method ServoSubscriber.callback of <kelpie_hardware_interface.servo.servo_subscriber.ServoSubscriber object at 0xffffb53875b0>>
Traceback (most recent call last):
  File "/opt/ros/noetic/lib/python3/dist-packages/rospy/topics.py", line 750, in _invoke_callback
    cb(msg)
  File "/home/kelpie2/Kelpie/kelpie_ws/src/kelpie_hardware_interface/src/kelpie_hardware_interface/servo/servo_subscriber.py", line 17, in callback
    self.servo_interface.set_actuator_postions(joint_angles)
  File "/home/kelpie2/Kelpie/kelpie_ws/src/kelpie_hardware_interface/src/kelpie_hardware_interface/servo/Interface.py", line 92, in set_actuator_postions
    possible_joint_angles = self.impose_physical_limits(joint_angles)
  File "/home/kelpie2/Kelpie/kelpie_ws/src/kelpie_hardware_interface/src/kelpie_hardware_interface/servo/Interface.py", line 191, in impose_physical_limits
    print(upper, self._workspace_boundary_LUT[round(upper)]) if i == 0 else 0
KeyError: -7.0

[rosout][ERROR] 2025-08-25 14:18:07,593: bad callback: <bound method ServoSubscriber.callback of <kelpie_hardware_interface.servo.servo_subscriber.ServoSubscriber object at 0xffffb53875b0>>
Traceback (most recent call last):
  File "/opt/ros/noetic/lib/python3/dist-packages/rospy/topics.py", line 750, in _invoke_callback
    cb(msg)
  File "/home/kelpie2/Kelpie/kelpie_ws/src/kelpie_hardware_interface/src/kelpie_hardware_interface/servo/servo_subscriber.py", line 17, in callback
    self.servo_interface.set_actuator_postions(joint_angles)
  File "/home/kelpie2/Kelpie/kelpie_ws/src/kelpie_hardware_interface/src/kelpie_hardware_interface/servo/Interface.py", line 92, in set_actuator_postions
    possible_joint_angles = self.impose_physical_limits(joint_angles)
  File "/home/kelpie2/Kelpie/kelpie_ws/src/kelpie_hardware_interface/src/kelpie_hardware_interface/servo/Interface.py", line 191, in impose_physical_limits
    print(upper, self._workspace_boundary_LUT[round(upper)]) if i == 0 else 0
KeyError: -7.0

