

1756095054.009903236  Node Startup
1756095311.573003053 INFO /rosapi [rosapi_node:202(<module>)] [topics: /rosout] Rosapi started
1756095311.694903850 WARN /kelpie [Kinematics.py:87(leg_explicit_inverse_kinematics)] [topics: /kelpie/battery/voltage, /kelpie/command_input, /rosout, /kelpie/leg_control/joint_states, /kelpie/imu, /kelpie/leg_control/currents] target coordinate: [0.023000 -0.011381 -0.204084]
1756095312.361041307 INFO /rosbridge_websocket [rosbridge_websocket:312(<module>)] [topics: /client_count, /connected_clients, /rosout] Rosbridge WebSocket server started at ws://0.0.0.0:9090
1756095408.490393161 INFO /rosbridge_websocket [autobahn_websocket.py:195(RosbridgeWebSocket.onOpen)] [topics: /client_count, /connected_clients, /rosout] Client connected.  1 clients total.
1756095409.411704063 INFO /rosbridge_websocket [protocol.py:403(RosbridgeProtocol.log)] [topics: /client_count, /connected_clients, /kelpie/leg_control/joint_states, /rosout] [Client 0] Subscribed to /kelpie/leg_control/joint_states
1756095409.427435159 INFO /rosbridge_websocket [protocol.py:403(RosbridgeProtocol.log)] [topics: /client_count, /kelpie/leg_control/currents, /connected_clients, /kelpie/leg_control/joint_states, /rosout] [Client 0] Subscribed to /kelpie/leg_control/currents
1756095409.451936006 INFO /rosbridge_websocket [protocol.py:403(RosbridgeProtocol.log)] [topics: /client_count, /kelpie/leg_control/currents, /kelpie/battery/voltage, /connected_clients, /kelpie/leg_control/joint_states, /rosout] [Client 0] Subscribed to /kelpie/battery/voltage
1756095409.468993902 INFO /rosbridge_websocket [protocol.py:403(RosbridgeProtocol.log)] [topics: /client_count, /kelpie/leg_control/currents, /kelpie/battery/voltage, /kelpie/imu, /connected_clients, /kelpie/leg_control/joint_states, /rosout] [Client 0] Subscribed to /kelpie/imu
1756095441.071602703 INFO /JOYSTICK [/tmp/binarydeb/ros-noetic-joy-1.15.1/src/joy_node.cpp:464(main)] [topics: /rosout, /diagnostics, /joy] Opened joystick: /dev/input/js0 (DualSense Wireless Controller). deadzone_: 0.050000.
1756095447.099443193 WARN /JOYSTICK [/tmp/binarydeb/ros-noetic-roscpp-1.17.4/src/libros/init.cpp:165(shutdownCallback)] [topics: /rosout, /diagnostics, /joy] Shutdown request received.
1756095449.108892202 WARN /kelpie [Kinematics.py:87(leg_explicit_inverse_kinematics)] [topics: /kelpie/leg_control/joint_states, /kelpie/battery/voltage, /kelpie/imu, /kelpie/command_input, /rosout, /kelpie/leg_control/currents] target coordinate: [0.027000 -0.011143 -0.203256]
1756095449.117342233 WARN /kelpie [Kinematics.py:87(leg_explicit_inverse_kinematics)] [topics: /kelpie/leg_control/joint_states, /kelpie/battery/voltage, /kelpie/imu, /kelpie/command_input, /rosout, /kelpie/leg_control/currents] target coordinate: [0.023000 -0.011143 -0.203256]
1756095449.126576900 WARN /kelpie [Kinematics.py:87(leg_explicit_inverse_kinematics)] [topics: /kelpie/leg_control/joint_states, /kelpie/battery/voltage, /kelpie/imu, /kelpie/command_input, /rosout, /kelpie/leg_control/currents] target coordinate: [0.023000 -0.011143 -0.203256]
1756095449.134456396 INFO /kelpie [main_driver.py:158(KelpieDriver.run)] [topics: /kelpie/leg_control/joint_states, /kelpie/battery/voltage, /kelpie/imu, /kelpie/command_input, /rosout, /kelpie/leg_control/currents] Manual Control deactivated. Now accepting external commands
1756095449.144557714 WARN /kelpie [Kinematics.py:87(leg_explicit_inverse_kinematics)] [topics: /kelpie/leg_control/joint_states, /kelpie/battery/voltage, /kelpie/imu, /kelpie/command_input, /rosout, /kelpie/leg_control/currents] target coordinate: [0.027000 -0.011143 -0.203256]
1756095449.154764175 WARN /kelpie [Kinematics.py:87(leg_explicit_inverse_kinematics)] [topics: /kelpie/leg_control/joint_states, /kelpie/battery/voltage, /kelpie/imu, /kelpie/command_input, /rosout, /kelpie/leg_control/currents] target coordinate: [0.027000 -0.011143 -0.203256]
1756095449.161189317 WARN /kelpie [Kinematics.py:87(leg_explicit_inverse_kinematics)] [topics: /kelpie/leg_control/joint_states, /kelpie/battery/voltage, /kelpie/imu, /kelpie/command_input, /rosout, /kelpie/leg_control/currents] target coordinate: [0.023000 -0.011143 -0.203256]
1756095449.167783737 WARN /kelpie [Kinematics.py:87(leg_explicit_inverse_kinematics)] [topics: /kelpie/leg_control/joint_states, /kelpie/battery/voltage, /kelpie/imu, /kelpie/command_input, /rosout, /kelpie/leg_control/currents] target coordinate: [0.023000 -0.011143 -0.203256]
1756095449.139737606 INFO /rosapi [rosapi_node:202(<module>)] [topics: /rosout] Rosapi started
1756095475.917388916 INFO /kelpie [main_driver.py:114(KelpieDriver.run)] [topics: /kelpie/leg_control/joint_states, /kelpie/battery/voltage, /kelpie/imu, /kelpie/command_input, /rosout, /kelpie/leg_control/currents] BattVol0.0
1756095475.921181917 INFO /kelpie [main_driver.py:121(KelpieDriver.run)] [topics: /kelpie/leg_control/joint_states, /kelpie/battery/voltage, /kelpie/imu, /kelpie/command_input, /rosout, /kelpie/leg_control/currents] 
Command is: <gait_controller.Command.Command object at 0xffff913c5280>

1756095475.926899433 WARN /kelpie [Kinematics.py:87(leg_explicit_inverse_kinematics)] [topics: /kelpie/leg_control/joint_states, /kelpie/battery/voltage, /kelpie/imu, /kelpie/command_input, /rosout, /kelpie/leg_control/currents] target coordinate: [0.027000 -0.011143 -0.203256]
1756095475.932422399 WARN /kelpie [Kinematics.py:87(leg_explicit_inverse_kinematics)] [topics: /kelpie/leg_control/joint_states, /kelpie/battery/voltage, /kelpie/imu, /kelpie/command_input, /rosout, /kelpie/leg_control/currents] target coordinate: [0.027000 -0.011143 -0.203256]
1756095475.937465190 WARN /kelpie [Kinematics.py:87(leg_explicit_inverse_kinematics)] [topics: /kelpie/leg_control/joint_states, /kelpie/battery/voltage, /kelpie/imu, /kelpie/command_input, /rosout, /kelpie/leg_control/currents] target coordinate: [0.023000 -0.011143 -0.203256]
1756095475.942472219 WARN /kelpie [Kinematics.py:87(leg_explicit_inverse_kinematics)] [topics: /kelpie/leg_control/joint_states, /kelpie/battery/voltage, /kelpie/imu, /kelpie/command_input, /rosout, /kelpie/leg_control/currents] target coordinate: [0.023000 -0.011143 -0.203256]
1756095475.950351715 INFO /kelpie [main_driver.py:158(KelpieDriver.run)] [topics: /kelpie/leg_control/joint_states, /kelpie/battery/voltage, /kelpie/imu, /kelpie/command_input, /rosout, /kelpie/leg_control/currents] Manual Control deactivated. Now accepting external commands
1756095475.957565546 WARN /kelpie [Kinematics.py:87(leg_explicit_inverse_kinematics)] [topics: /kelpie/leg_control/joint_states, /kelpie/battery/voltage, /kelpie/imu, /kelpie/command_input, /rosout, /kelpie/leg_control/currents] target coordinate: [0.027000 -0.011143 -0.203256]
1756095475.962798833 WARN /kelpie [Kinematics.py:87(leg_explicit_inverse_kinematics)] [topics: /kelpie/leg_control/joint_states, /kelpie/battery/voltage, /kelpie/imu, /kelpie/command_input, /rosout, /kelpie/leg_control/currents] target coordinate: [0.027000 -0.011143 -0.203256]
1756095475.968506813 WARN /kelpie [Kinematics.py:87(leg_explicit_inverse_kinematics)] [topics: /kelpie/leg_control/joint_states, /kelpie/battery/voltage, /kelpie/imu, /kelpie/command_input, /rosout, /kelpie/leg_control/currents] target coordinate: [0.023000 -0.011143 -0.203256]
1756095475.973573446 WARN /kelpie [Kinematics.py:87(leg_explicit_inverse_kinematics)] [topics: /kelpie/leg_control/joint_states, /kelpie/battery/voltage, /kelpie/imu, /kelpie/command_input, /rosout, /kelpie/leg_control/currents] target coordinate: [0.023000 -0.011143 -0.203256]
1756095478.209275245 INFO /kelpie [main_driver.py:114(KelpieDriver.run)] [topics: /kelpie/leg_control/joint_states, /kelpie/battery/voltage, /kelpie/imu, /kelpie/command_input, /rosout, /kelpie/leg_control/currents] BattVol0.0
1756095478.213665723 INFO /kelpie [main_driver.py:121(KelpieDriver.run)] [topics: /kelpie/leg_control/joint_states, /kelpie/battery/voltage, /kelpie/imu, /kelpie/command_input, /rosout, /kelpie/leg_control/currents] 
Command is: <gait_controller.Command.Command object at 0xffff913c5040>

1756095478.219712734 WARN /kelpie [Kinematics.py:87(leg_explicit_inverse_kinematics)] [topics: /kelpie/leg_control/joint_states, /kelpie/battery/voltage, /kelpie/imu, /kelpie/command_input, /rosout, /kelpie/leg_control/currents] target coordinate: [0.027000 -0.011143 -0.203256]
1756095478.224956512 WARN /kelpie [Kinematics.py:87(leg_explicit_inverse_kinematics)] [topics: /kelpie/leg_control/joint_states, /kelpie/battery/voltage, /kelpie/imu, /kelpie/command_input, /rosout, /kelpie/leg_control/currents] target coordinate: [0.027000 -0.011143 -0.203256]
1756095478.230393171 WARN /kelpie [Kinematics.py:87(leg_explicit_inverse_kinematics)] [topics: /kelpie/leg_control/joint_states, /kelpie/battery/voltage, /kelpie/imu, /kelpie/command_input, /rosout, /kelpie/leg_control/currents] target coordinate: [0.023000 -0.011143 -0.203256]
1756095478.235690355 WARN /kelpie [Kinematics.py:87(leg_explicit_inverse_kinematics)] [topics: /kelpie/leg_control/joint_states, /kelpie/battery/voltage, /kelpie/imu, /kelpie/command_input, /rosout, /kelpie/leg_control/currents] target coordinate: [0.023000 -0.011143 -0.203256]
1756095478.240948438 INFO /kelpie [main_driver.py:158(KelpieDriver.run)] [topics: /kelpie/leg_control/joint_states, /kelpie/battery/voltage, /kelpie/imu, /kelpie/command_input, /rosout, /kelpie/leg_control/currents] Manual Control deactivated. Now accepting external commands
1756095478.247196674 WARN /kelpie [Kinematics.py:87(leg_explicit_inverse_kinematics)] [topics: /kelpie/leg_control/joint_states, /kelpie/battery/voltage, /kelpie/imu, /kelpie/command_input, /rosout, /kelpie/leg_control/currents] target coordinate: [0.027000 -0.011143 -0.203256]
1756095478.252410888 WARN /kelpie [Kinematics.py:87(leg_explicit_inverse_kinematics)] [topics: /kelpie/leg_control/joint_states, /kelpie/battery/voltage, /kelpie/imu, /kelpie/command_input, /rosout, /kelpie/leg_control/currents] target coordinate: [0.027000 -0.011143 -0.203256]
1756095478.257639884 WARN /kelpie [Kinematics.py:87(leg_explicit_inverse_kinematics)] [topics: /kelpie/leg_control/joint_states, /kelpie/battery/voltage, /kelpie/imu, /kelpie/command_input, /rosout, /kelpie/leg_control/currents] target coordinate: [0.023000 -0.011143 -0.203256]
1756095478.262530565 WARN /kelpie [Kinematics.py:87(leg_explicit_inverse_kinematics)] [topics: /kelpie/leg_control/joint_states, /kelpie/battery/voltage, /kelpie/imu, /kelpie/command_input, /rosout, /kelpie/leg_control/currents] target coordinate: [0.023000 -0.011143 -0.203256]
1756095480.305787563 INFO /kelpie [main_driver.py:114(KelpieDriver.run)] [topics: /kelpie/leg_control/joint_states, /kelpie/battery/voltage, /kelpie/imu, /kelpie/command_input, /rosout, /kelpie/leg_control/currents] BattVol0.0
1756095480.309744358 INFO /kelpie [main_driver.py:121(KelpieDriver.run)] [topics: /kelpie/leg_control/joint_states, /kelpie/battery/voltage, /kelpie/imu, /kelpie/command_input, /rosout, /kelpie/leg_control/currents] 
Command is: <gait_controller.Command.Command object at 0xffff913d1130>

1756095480.315870761 WARN /kelpie [Kinematics.py:87(leg_explicit_inverse_kinematics)] [topics: /kelpie/leg_control/joint_states, /kelpie/battery/voltage, /kelpie/imu, /kelpie/command_input, /rosout, /kelpie/leg_control/currents] target coordinate: [0.027000 -0.011143 -0.203256]
1756095480.320864915 WARN /kelpie [Kinematics.py:87(leg_explicit_inverse_kinematics)] [topics: /kelpie/leg_control/joint_states, /kelpie/battery/voltage, /kelpie/imu, /kelpie/command_input, /rosout, /kelpie/leg_control/currents] target coordinate: [0.027000 -0.011143 -0.203256]
1756095480.326811075 WARN /kelpie [Kinematics.py:87(leg_explicit_inverse_kinematics)] [topics: /kelpie/leg_control/joint_states, /kelpie/battery/voltage, /kelpie/imu, /kelpie/command_input, /rosout, /kelpie/leg_control/currents] target coordinate: [0.023000 -0.011143 -0.203256]
1756095480.331707477 WARN /kelpie [Kinematics.py:87(leg_explicit_inverse_kinematics)] [topics: /kelpie/leg_control/joint_states, /kelpie/battery/voltage, /kelpie/imu, /kelpie/command_input, /rosout, /kelpie/leg_control/currents] target coordinate: [0.023000 -0.011143 -0.203256]
1756095480.338971138 INFO /kelpie [main_driver.py:158(KelpieDriver.run)] [topics: /kelpie/leg_control/joint_states, /kelpie/battery/voltage, /kelpie/imu, /kelpie/command_input, /rosout, /kelpie/leg_control/currents] Manual Control deactivated. Now accepting external commands
1756095480.345055341 WARN /kelpie [Kinematics.py:87(leg_explicit_inverse_kinematics)] [topics: /kelpie/leg_control/joint_states, /kelpie/battery/voltage, /kelpie/imu, /kelpie/command_input, /rosout, /kelpie/leg_control/currents] target coordinate: [0.027000 -0.011143 -0.203256]
1756095480.349801778 WARN /kelpie [Kinematics.py:87(leg_explicit_inverse_kinematics)] [topics: /kelpie/leg_control/joint_states, /kelpie/battery/voltage, /kelpie/imu, /kelpie/command_input, /rosout, /kelpie/leg_control/currents] target coordinate: [0.027000 -0.011143 -0.203256]
1756095480.355772733 WARN /kelpie [Kinematics.py:87(leg_explicit_inverse_kinematics)] [topics: /kelpie/leg_control/joint_states, /kelpie/battery/voltage, /kelpie/imu, /kelpie/command_input, /rosout, /kelpie/leg_control/currents] target coordinate: [0.023000 -0.011143 -0.203256]
1756095480.360824108 WARN /kelpie [Kinematics.py:87(leg_explicit_inverse_kinematics)] [topics: /kelpie/leg_control/joint_states, /kelpie/battery/voltage, /kelpie/imu, /kelpie/command_input, /rosout, /kelpie/leg_control/currents] target coordinate: [0.023000 -0.011143 -0.203256]
1756095481.408418655 INFO /kelpie [main_driver.py:114(KelpieDriver.run)] [topics: /kelpie/leg_control/joint_states, /kelpie/battery/voltage, /kelpie/imu, /kelpie/command_input, /rosout, /kelpie/leg_control/currents] BattVol0.0
1756095481.412454605 INFO /kelpie [main_driver.py:121(KelpieDriver.run)] [topics: /kelpie/leg_control/joint_states, /kelpie/battery/voltage, /kelpie/imu, /kelpie/command_input, /rosout, /kelpie/leg_control/currents] 
Command is: <gait_controller.Command.Command object at 0xffff913c5dc0>

1756095481.418362379 WARN /kelpie [Kinematics.py:87(leg_explicit_inverse_kinematics)] [topics: /kelpie/leg_control/joint_states, /kelpie/battery/voltage, /kelpie/imu, /kelpie/command_input, /rosout, /kelpie/leg_control/currents] target coordinate: [0.025886 -0.009543 -0.203717]
1756095481.427459478 WARN /kelpie [Kinematics.py:87(leg_explicit_inverse_kinematics)] [topics: /kelpie/leg_control/joint_states, /kelpie/battery/voltage, /kelpie/imu, /kelpie/command_input, /rosout, /kelpie/leg_control/currents] target coordinate: [0.028098 -0.012753 -0.202792]
1756095481.432229280 WARN /kelpie [Kinematics.py:87(leg_explicit_inverse_kinematics)] [topics: /kelpie/leg_control/joint_states, /kelpie/battery/voltage, /kelpie/imu, /kelpie/command_input, /rosout, /kelpie/leg_control/currents] target coordinate: [0.021900 -0.012272 -0.202930]
1756095481.436774730 WARN /kelpie [Kinematics.py:87(leg_explicit_inverse_kinematics)] [topics: /kelpie/leg_control/joint_states, /kelpie/battery/voltage, /kelpie/imu, /kelpie/command_input, /rosout, /kelpie/leg_control/currents] target coordinate: [0.024112 -0.010024 -0.203578]
1756095481.443580627 INFO /kelpie [main_driver.py:158(KelpieDriver.run)] [topics: /kelpie/leg_control/joint_states, /kelpie/battery/voltage, /kelpie/imu, /kelpie/command_input, /rosout, /kelpie/leg_control/currents] Manual Control deactivated. Now accepting external commands
1756095481.449616909 WARN /kelpie [Kinematics.py:87(leg_explicit_inverse_kinematics)] [topics: /kelpie/leg_control/joint_states, /kelpie/battery/voltage, /kelpie/imu, /kelpie/command_input, /rosout, /kelpie/leg_control/currents] target coordinate: [0.024664 -0.007978 -0.204248]
1756095481.456519842 WARN /kelpie [Kinematics.py:87(leg_explicit_inverse_kinematics)] [topics: /kelpie/leg_control/joint_states, /kelpie/battery/voltage, /kelpie/imu, /kelpie/command_input, /rosout, /kelpie/leg_control/currents] target coordinate: [0.029087 -0.014392 -0.202399]
1756095481.462669849 WARN /kelpie [Kinematics.py:87(leg_explicit_inverse_kinematics)] [topics: /kelpie/leg_control/joint_states, /kelpie/battery/voltage, /kelpie/imu, /kelpie/command_input, /rosout, /kelpie/leg_control/currents] target coordinate: [0.020720 -0.013399 -0.202549]
1756095481.468210697 WARN /kelpie [Kinematics.py:87(leg_explicit_inverse_kinematics)] [topics: /kelpie/leg_control/joint_states, /kelpie/battery/voltage, /kelpie/imu, /kelpie/command_input, /rosout, /kelpie/leg_control/currents] target coordinate: [0.025144 -0.008899 -0.203847]
1756095483.729707717 INFO /kelpie [main_driver.py:114(KelpieDriver.run)] [topics: /kelpie/leg_control/joint_states, /kelpie/battery/voltage, /kelpie/imu, /kelpie/command_input, /rosout, /kelpie/leg_control/currents] BattVol0.0
1756095483.735755920 INFO /kelpie [main_driver.py:121(KelpieDriver.run)] [topics: /kelpie/leg_control/joint_states, /kelpie/battery/voltage, /kelpie/imu, /kelpie/command_input, /rosout, /kelpie/leg_control/currents] 
Command is: <gait_controller.Command.Command object at 0xffff913d1130>

1756095483.741066455 WARN /kelpie [Kinematics.py:87(leg_explicit_inverse_kinematics)] [topics: /kelpie/leg_control/joint_states, /kelpie/battery/voltage, /kelpie/imu, /kelpie/command_input, /rosout, /kelpie/leg_control/currents] target coordinate: [0.028530 -0.008893 -0.201556]
1756095483.746100425 WARN /kelpie [Kinematics.py:87(leg_explicit_inverse_kinematics)] [topics: /kelpie/leg_control/joint_states, /kelpie/battery/voltage, /kelpie/imu, /kelpie/command_input, /rosout, /kelpie/leg_control/currents] target coordinate: [0.030742 -0.012153 -0.200616]
1756095483.750988721 WARN /kelpie [Kinematics.py:87(leg_explicit_inverse_kinematics)] [topics: /kelpie/leg_control/joint_states, /kelpie/battery/voltage, /kelpie/imu, /kelpie/command_input, /rosout, /kelpie/leg_control/currents] target coordinate: [0.024570 -0.012676 -0.204428]
1756095483.756735086 WARN /kelpie [Kinematics.py:87(leg_explicit_inverse_kinematics)] [topics: /kelpie/leg_control/joint_states, /kelpie/battery/voltage, /kelpie/imu, /kelpie/command_input, /rosout, /kelpie/leg_control/currents] target coordinate: [0.026782 -0.010479 -0.205061]
1756095483.765602588 INFO /kelpie [main_driver.py:158(KelpieDriver.run)] [topics: /kelpie/leg_control/joint_states, /kelpie/battery/voltage, /kelpie/imu, /kelpie/command_input, /rosout, /kelpie/leg_control/currents] Manual Control deactivated. Now accepting external commands
1756095483.772398948 WARN /kelpie [Kinematics.py:87(leg_explicit_inverse_kinematics)] [topics: /kelpie/leg_control/joint_states, /kelpie/battery/voltage, /kelpie/imu, /kelpie/command_input, /rosout, /kelpie/leg_control/currents] target coordinate: [0.029165 -0.010632 -0.201485]
1756095483.777429819 WARN /kelpie [Kinematics.py:87(leg_explicit_inverse_kinematics)] [topics: /kelpie/leg_control/joint_states, /kelpie/battery/voltage, /kelpie/imu, /kelpie/command_input, /rosout, /kelpie/leg_control/currents] target coordinate: [0.029165 -0.010632 -0.201485]
1756095483.782184600 WARN /kelpie [Kinematics.py:87(leg_explicit_inverse_kinematics)] [topics: /kelpie/leg_control/joint_states, /kelpie/battery/voltage, /kelpie/imu, /kelpie/command_input, /rosout, /kelpie/leg_control/currents] target coordinate: [0.025183 -0.011495 -0.204477]
1756095483.787141323 WARN /kelpie [Kinematics.py:87(leg_explicit_inverse_kinematics)] [topics: /kelpie/leg_control/joint_states, /kelpie/battery/voltage, /kelpie/imu, /kelpie/command_input, /rosout, /kelpie/leg_control/currents] target coordinate: [0.025183 -0.011495 -0.204477]
1756095484.361651420 INFO /kelpie [main_driver.py:114(KelpieDriver.run)] [topics: /kelpie/leg_control/joint_states, /kelpie/battery/voltage, /kelpie/imu, /kelpie/command_input, /rosout, /kelpie/leg_control/currents] BattVol0.0
1756095484.366159200 INFO /kelpie [main_driver.py:121(KelpieDriver.run)] [topics: /kelpie/leg_control/joint_states, /kelpie/battery/voltage, /kelpie/imu, /kelpie/command_input, /rosout, /kelpie/leg_control/currents] 
Command is: <gait_controller.Command.Command object at 0xffff913c5280>

1756095484.373188495 WARN /kelpie [Kinematics.py:87(leg_explicit_inverse_kinematics)] [topics: /kelpie/leg_control/joint_states, /kelpie/battery/voltage, /kelpie/imu, /kelpie/command_input, /rosout, /kelpie/leg_control/currents] target coordinate: [0.007833 -0.016831 -0.217669]
1756095484.381456613 WARN /kelpie [Kinematics.py:87(leg_explicit_inverse_kinematics)] [topics: /kelpie/leg_control/joint_states, /kelpie/battery/voltage, /kelpie/imu, /kelpie/command_input, /rosout, /kelpie/leg_control/currents] target coordinate: [0.005621 -0.014011 -0.218482]
1756095484.393045425 WARN /kelpie [Kinematics.py:87(leg_explicit_inverse_kinematics)] [topics: /kelpie/leg_control/joint_states, /kelpie/battery/voltage, /kelpie/imu, /kelpie/command_input, /rosout, /kelpie/leg_control/currents] target coordinate: [0.005217 -0.006398 -0.191684]
1756095484.399039506 WARN /kelpie [Kinematics.py:87(leg_explicit_inverse_kinematics)] [topics: /kelpie/leg_control/joint_states, /kelpie/battery/voltage, /kelpie/imu, /kelpie/command_input, /rosout, /kelpie/leg_control/currents] target coordinate: [0.003005 -0.009009 -0.190931]
1756095484.407117366 INFO /kelpie [main_driver.py:158(KelpieDriver.run)] [topics: /kelpie/leg_control/joint_states, /kelpie/battery/voltage, /kelpie/imu, /kelpie/command_input, /rosout, /kelpie/leg_control/currents] Manual Control deactivated. Now accepting external commands
1756095484.413870334 WARN /kelpie [Kinematics.py:87(leg_explicit_inverse_kinematics)] [topics: /kelpie/leg_control/joint_states, /kelpie/battery/voltage, /kelpie/imu, /kelpie/command_input, /rosout, /kelpie/leg_control/currents] target coordinate: [0.008375 -0.018059 -0.217563]
1756095484.418667078 WARN /kelpie [Kinematics.py:87(leg_explicit_inverse_kinematics)] [topics: /kelpie/leg_control/joint_states, /kelpie/battery/voltage, /kelpie/imu, /kelpie/command_input, /rosout, /kelpie/leg_control/currents] target coordinate: [0.004349 -0.012939 -0.219039]
1756095484.423597812 WARN /kelpie [Kinematics.py:87(leg_explicit_inverse_kinematics)] [topics: /kelpie/leg_control/joint_states, /kelpie/battery/voltage, /kelpie/imu, /kelpie/command_input, /rosout, /kelpie/leg_control/currents] target coordinate: [0.005837 -0.005273 -0.191778]
1756095484.431223630 WARN /kelpie [Kinematics.py:87(leg_explicit_inverse_kinematics)] [topics: /kelpie/leg_control/joint_states, /kelpie/battery/voltage, /kelpie/imu, /kelpie/command_input, /rosout, /kelpie/leg_control/currents] target coordinate: [0.001811 -0.010036 -0.190404]
1756095485.262781858 INFO /kelpie [main_driver.py:114(KelpieDriver.run)] [topics: /kelpie/leg_control/joint_states, /kelpie/battery/voltage, /kelpie/imu, /kelpie/command_input, /rosout, /kelpie/leg_control/currents] BattVol0.0
1756095485.267506837 INFO /kelpie [main_driver.py:121(KelpieDriver.run)] [topics: /kelpie/leg_control/joint_states, /kelpie/battery/voltage, /kelpie/imu, /kelpie/command_input, /rosout, /kelpie/leg_control/currents] 
Command is: <gait_controller.Command.Command object at 0xffff913d1cd0>

1756095485.278650283 WARN /kelpie [Kinematics.py:87(leg_explicit_inverse_kinematics)] [topics: /kelpie/leg_control/joint_states, /kelpie/battery/voltage, /kelpie/imu, /kelpie/command_input, /rosout, /kelpie/leg_control/currents] target coordinate: [0.118931 0.029918 -0.044451]
1756095485.285201311 WARN /kelpie [Kinematics.py:87(leg_explicit_inverse_kinematics)] [topics: /kelpie/leg_control/joint_states, /kelpie/battery/voltage, /kelpie/imu, /kelpie/command_input, /rosout, /kelpie/leg_control/currents] target coordinate: [0.115039 0.038608 -0.046956]
1756095485.290393352 WARN /kelpie [Kinematics.py:87(leg_explicit_inverse_kinematics)] [topics: /kelpie/leg_control/joint_states, /kelpie/battery/voltage, /kelpie/imu, /kelpie/command_input, /rosout, /kelpie/leg_control/currents] target coordinate: [0.188846 -0.019460 -0.229065]
1756095485.294475078 WARN /kelpie [Kinematics.py:91(leg_explicit_inverse_kinematics)] [topics: /kelpie/leg_control/joint_states, /kelpie/battery/voltage, /kelpie/imu, /kelpie/command_input, /rosout, /kelpie/leg_control/currents] target coordinate: [0.188846 -0.019460 -0.229065] too far away
1756095485.299667596 WARN /kelpie [Kinematics.py:87(leg_explicit_inverse_kinematics)] [topics: /kelpie/leg_control/joint_states, /kelpie/battery/voltage, /kelpie/imu, /kelpie/command_input, /rosout, /kelpie/leg_control/currents] target coordinate: [0.184955 -0.017874 -0.229522]
1756095485.303976774 WARN /kelpie [Kinematics.py:91(leg_explicit_inverse_kinematics)] [topics: /kelpie/leg_control/joint_states, /kelpie/battery/voltage, /kelpie/imu, /kelpie/command_input, /rosout, /kelpie/leg_control/currents] target coordinate: [0.184955 -0.017874 -0.229522] too far away
1756095485.309002399 INFO /kelpie [main_driver.py:158(KelpieDriver.run)] [topics: /kelpie/leg_control/joint_states, /kelpie/battery/voltage, /kelpie/imu, /kelpie/command_input, /rosout, /kelpie/leg_control/currents] Manual Control deactivated. Now accepting external commands
1756095485.317647218 WARN /kelpie [Kinematics.py:87(leg_explicit_inverse_kinematics)] [topics: /kelpie/leg_control/joint_states, /kelpie/battery/voltage, /kelpie/imu, /kelpie/command_input, /rosout, /kelpie/leg_control/currents] target coordinate: [0.118682 0.029689 -0.045805]
1756095485.322870254 WARN /kelpie [Kinematics.py:87(leg_explicit_inverse_kinematics)] [topics: /kelpie/leg_control/joint_states, /kelpie/battery/voltage, /kelpie/imu, /kelpie/command_input, /rosout, /kelpie/leg_control/currents] target coordinate: [0.114920 0.038083 -0.048225]
1756095485.328159093 WARN /kelpie [Kinematics.py:87(leg_explicit_inverse_kinematics)] [topics: /kelpie/leg_control/joint_states, /kelpie/battery/voltage, /kelpie/imu, /kelpie/command_input, /rosout, /kelpie/leg_control/currents] target coordinate: [0.187584 -0.019481 -0.229315]
1756095485.332309007 WARN /kelpie [Kinematics.py:91(leg_explicit_inverse_kinematics)] [topics: /kelpie/leg_control/joint_states, /kelpie/battery/voltage, /kelpie/imu, /kelpie/command_input, /rosout, /kelpie/leg_control/currents] target coordinate: [0.187584 -0.019481 -0.229315] too far away
1756095485.337393522 WARN /kelpie [Kinematics.py:87(leg_explicit_inverse_kinematics)] [topics: /kelpie/leg_control/joint_states, /kelpie/battery/voltage, /kelpie/imu, /kelpie/command_input, /rosout, /kelpie/leg_control/currents] target coordinate: [0.183823 -0.017987 -0.229746]
1756095485.341161489 WARN /kelpie [Kinematics.py:91(leg_explicit_inverse_kinematics)] [topics: /kelpie/leg_control/joint_states, /kelpie/battery/voltage, /kelpie/imu, /kelpie/command_input, /rosout, /kelpie/leg_control/currents] target coordinate: [0.183823 -0.017987 -0.229746] too far away
1756095485.857444763 INFO /kelpie [main_driver.py:114(KelpieDriver.run)] [topics: /kelpie/leg_control/joint_states, /kelpie/battery/voltage, /kelpie/imu, /kelpie/command_input, /rosout, /kelpie/leg_control/currents] BattVol0.0
1756095485.863325595 INFO /kelpie [main_driver.py:121(KelpieDriver.run)] [topics: /kelpie/leg_control/joint_states, /kelpie/battery/voltage, /kelpie/imu, /kelpie/command_input, /rosout, /kelpie/leg_control/currents] 
Command is: <gait_controller.Command.Command object at 0xffff913c5400>

1756095485.870050668 WARN /kelpie [Kinematics.py:87(leg_explicit_inverse_kinematics)] [topics: /kelpie/leg_control/joint_states, /kelpie/battery/voltage, /kelpie/imu, /kelpie/command_input, /rosout, /kelpie/leg_control/currents] target coordinate: [0.066281 -0.002979 -0.164722]
1756095485.876291275 WARN /kelpie [Kinematics.py:87(leg_explicit_inverse_kinematics)] [topics: /kelpie/leg_control/joint_states, /kelpie/battery/voltage, /kelpie/imu, /kelpie/command_input, /rosout, /kelpie/leg_control/currents] target coordinate: [0.063234 0.002441 -0.166285]
1756095485.881388902 WARN /kelpie [Kinematics.py:87(leg_explicit_inverse_kinematics)] [topics: /kelpie/leg_control/joint_states, /kelpie/battery/voltage, /kelpie/imu, /kelpie/command_input, /rosout, /kelpie/leg_control/currents] target coordinate: [0.068580 -0.015748 -0.222818]
1756095485.886893272 WARN /kelpie [Kinematics.py:87(leg_explicit_inverse_kinematics)] [topics: /kelpie/leg_control/joint_states, /kelpie/battery/voltage, /kelpie/imu, /kelpie/command_input, /rosout, /kelpie/leg_control/currents] target coordinate: [0.065533 -0.017679 -0.222262]
1756095485.895588636 INFO /kelpie [main_driver.py:158(KelpieDriver.run)] [topics: /kelpie/leg_control/joint_states, /kelpie/battery/voltage, /kelpie/imu, /kelpie/command_input, /rosout, /kelpie/leg_control/currents] Manual Control deactivated. Now accepting external commands
1756095485.902888298 WARN /kelpie [Kinematics.py:87(leg_explicit_inverse_kinematics)] [topics: /kelpie/leg_control/joint_states, /kelpie/battery/voltage, /kelpie/imu, /kelpie/command_input, /rosout, /kelpie/leg_control/currents] target coordinate: [0.067286 -0.001638 -0.163136]
1756095485.908131122 WARN /kelpie [Kinematics.py:87(leg_explicit_inverse_kinematics)] [topics: /kelpie/leg_control/joint_states, /kelpie/battery/voltage, /kelpie/imu, /kelpie/command_input, /rosout, /kelpie/leg_control/currents] target coordinate: [0.065167 0.002160 -0.164231]
1756095485.913324117 WARN /kelpie [Kinematics.py:87(leg_explicit_inverse_kinematics)] [topics: /kelpie/leg_control/joint_states, /kelpie/battery/voltage, /kelpie/imu, /kelpie/command_input, /rosout, /kelpie/leg_control/currents] target coordinate: [0.070131 -0.016239 -0.223367]
1756095485.918306827 WARN /kelpie [Kinematics.py:87(leg_explicit_inverse_kinematics)] [topics: /kelpie/leg_control/joint_states, /kelpie/battery/voltage, /kelpie/imu, /kelpie/command_input, /rosout, /kelpie/leg_control/currents] target coordinate: [0.068012 -0.017545 -0.222991]
1756095487.507627248 INFO /kelpie [main_driver.py:114(KelpieDriver.run)] [topics: /kelpie/leg_control/joint_states, /kelpie/battery/voltage, /kelpie/imu, /kelpie/command_input, /rosout, /kelpie/leg_control/currents] BattVol0.0
1756095487.511630058 INFO /kelpie [main_driver.py:121(KelpieDriver.run)] [topics: /kelpie/leg_control/joint_states, /kelpie/battery/voltage, /kelpie/imu, /kelpie/command_input, /rosout, /kelpie/leg_control/currents] 
Command is: <gait_controller.Command.Command object at 0xffff913c5040>

1756095487.517577886 WARN /kelpie [Kinematics.py:87(leg_explicit_inverse_kinematics)] [topics: /kelpie/leg_control/joint_states, /kelpie/battery/voltage, /kelpie/imu, /kelpie/command_input, /rosout, /kelpie/leg_control/currents] target coordinate: [-0.300769 -0.010888 -0.207766]
1756095487.521478891 WARN /kelpie [Kinematics.py:91(leg_explicit_inverse_kinematics)] [topics: /kelpie/leg_control/joint_states, /kelpie/battery/voltage, /kelpie/imu, /kelpie/command_input, /rosout, /kelpie/leg_control/currents] target coordinate: [-0.300769 -0.010888 -0.207766] too far away
1756095487.526244163 WARN /kelpie [Kinematics.py:87(leg_explicit_inverse_kinematics)] [topics: /kelpie/leg_control/joint_states, /kelpie/battery/voltage, /kelpie/imu, /kelpie/command_input, /rosout, /kelpie/leg_control/currents] target coordinate: [-0.302818 -0.013768 -0.206935]
1756095487.530011177 WARN /kelpie [Kinematics.py:91(leg_explicit_inverse_kinematics)] [topics: /kelpie/leg_control/joint_states, /kelpie/battery/voltage, /kelpie/imu, /kelpie/command_input, /rosout, /kelpie/leg_control/currents] target coordinate: [-0.302818 -0.013768 -0.206935] too far away
1756095487.535316228 WARN /kelpie [Kinematics.py:87(leg_explicit_inverse_kinematics)] [topics: /kelpie/leg_control/joint_states, /kelpie/battery/voltage, /kelpie/imu, /kelpie/command_input, /rosout, /kelpie/leg_control/currents] target coordinate: [-0.076441 0.066755 0.059682]
1756095487.540297269 WARN /kelpie [Kinematics.py:87(leg_explicit_inverse_kinematics)] [topics: /kelpie/leg_control/joint_states, /kelpie/battery/voltage, /kelpie/imu, /kelpie/command_input, /rosout, /kelpie/leg_control/currents] target coordinate: [-0.078490 0.062885 0.060798]
1756095487.546994924 INFO /kelpie [main_driver.py:158(KelpieDriver.run)] [topics: /kelpie/leg_control/joint_states, /kelpie/battery/voltage, /kelpie/imu, /kelpie/command_input, /rosout, /kelpie/leg_control/currents] Manual Control deactivated. Now accepting external commands
1756095487.559319734 ERROR /hardware [topics.py:753(_SubscriberImpl._invoke_callback)] [topics: /rosout, /joy, /kelpie/leg_control/currents, /kelpie/imu, /kelpie/battery/voltage, /kelpie/command_input, /kelpie/leg_control/joint_states] bad callback: <bound method ServoSubscriber.callback of <kelpie_hardware_interface.servo.servo_subscriber.ServoSubscriber object at 0xffffb53875b0>>
Traceback (most recent call last):
  File "/opt/ros/noetic/lib/python3/dist-packages/rospy/topics.py", line 750, in _invoke_callback
    cb(msg)
  File "/home/kelpie2/Kelpie/kelpie_ws/src/kelpie_hardware_interface/src/kelpie_hardware_interface/servo/servo_subscriber.py", line 17, in callback
    self.servo_interface.set_actuator_postions(joint_angles)
  File "/home/kelpie2/Kelpie/kelpie_ws/src/kelpie_hardware_interface/src/kelpie_hardware_interface/servo/Interface.py", line 92, in set_actuator_postions
    possible_joint_angles = self.impose_physical_limits(joint_angles)
  File "/home/kelpie2/Kelpie/kelpie_ws/src/kelpie_hardware_interface/src/kelpie_hardware_interface/servo/Interface.py", line 191, in impose_physical_limits
    print(upper, self._workspace_boundary_LUT[round(upper)]) if i == 0 else 0
KeyError: -7.0

1756095487.560915708 WARN /kelpie [Kinematics.py:87(leg_explicit_inverse_kinematics)] [topics: /kelpie/leg_control/joint_states, /kelpie/battery/voltage, /kelpie/imu, /kelpie/command_input, /rosout, /kelpie/leg_control/currents] target coordinate: [-0.299461 -0.011242 -0.208772]
1756095487.568224906 WARN /kelpie [Kinematics.py:91(leg_explicit_inverse_kinematics)] [topics: /kelpie/leg_control/joint_states, /kelpie/battery/voltage, /kelpie/imu, /kelpie/command_input, /rosout, /kelpie/leg_control/currents] target coordinate: [-0.299461 -0.011242 -0.208772] too far away
1756095487.573259830 WARN /kelpie [Kinematics.py:87(leg_explicit_inverse_kinematics)] [topics: /kelpie/leg_control/joint_states, /kelpie/battery/voltage, /kelpie/imu, /kelpie/command_input, /rosout, /kelpie/leg_control/currents] target coordinate: [-0.301442 -0.014003 -0.207976]
1756095487.577042341 WARN /kelpie [Kinematics.py:91(leg_explicit_inverse_kinematics)] [topics: /kelpie/leg_control/joint_states, /kelpie/battery/voltage, /kelpie/imu, /kelpie/command_input, /rosout, /kelpie/leg_control/currents] target coordinate: [-0.301442 -0.014003 -0.207976] too far away
1756095487.581611156 WARN /kelpie [Kinematics.py:87(leg_explicit_inverse_kinematics)] [topics: /kelpie/leg_control/joint_states, /kelpie/battery/voltage, /kelpie/imu, /kelpie/command_input, /rosout, /kelpie/leg_control/currents] target coordinate: [-0.076972 0.066297 0.058317]
1756095487.586320638 WARN /kelpie [Kinematics.py:87(leg_explicit_inverse_kinematics)] [topics: /kelpie/leg_control/joint_states, /kelpie/battery/voltage, /kelpie/imu, /kelpie/command_input, /rosout, /kelpie/leg_control/currents] target coordinate: [-0.078952 0.062547 0.059398]
1756095487.596624851 ERROR /hardware [topics.py:753(_SubscriberImpl._invoke_callback)] [topics: /rosout, /joy, /kelpie/leg_control/currents, /kelpie/imu, /kelpie/battery/voltage, /kelpie/command_input, /kelpie/leg_control/joint_states] bad callback: <bound method ServoSubscriber.callback of <kelpie_hardware_interface.servo.servo_subscriber.ServoSubscriber object at 0xffffb53875b0>>
Traceback (most recent call last):
  File "/opt/ros/noetic/lib/python3/dist-packages/rospy/topics.py", line 750, in _invoke_callback
    cb(msg)
  File "/home/kelpie2/Kelpie/kelpie_ws/src/kelpie_hardware_interface/src/kelpie_hardware_interface/servo/servo_subscriber.py", line 17, in callback
    self.servo_interface.set_actuator_postions(joint_angles)
  File "/home/kelpie2/Kelpie/kelpie_ws/src/kelpie_hardware_interface/src/kelpie_hardware_interface/servo/Interface.py", line 92, in set_actuator_postions
    possible_joint_angles = self.impose_physical_limits(joint_angles)
  File "/home/kelpie2/Kelpie/kelpie_ws/src/kelpie_hardware_interface/src/kelpie_hardware_interface/servo/Interface.py", line 191, in impose_physical_limits
    print(upper, self._workspace_boundary_LUT[round(upper)]) if i == 0 else 0
KeyError: -7.0

1756095489.769218206 INFO /kelpie [main_driver.py:114(KelpieDriver.run)] [topics: /kelpie/leg_control/joint_states, /kelpie/battery/voltage, /kelpie/imu, /kelpie/command_input, /rosout, /kelpie/leg_control/currents] BattVol0.0
1756095489.773697614 INFO /kelpie [main_driver.py:121(KelpieDriver.run)] [topics: /kelpie/leg_control/joint_states, /kelpie/battery/voltage, /kelpie/imu, /kelpie/command_input, /rosout, /kelpie/leg_control/currents] 
Command is: <gait_controller.Command.Command object at 0xffff913c5b50>

