[rospy.client][INFO] 2025-08-20 17:29:39,288: init_node, name[/hardware], pid[1563]
[xmlrpc][INFO] 2025-08-20 17:29:39,289: XML-RPC server binding to 0.0.0.0:0
[xmlrpc][INFO] 2025-08-20 17:29:39,290: Started XML-RPC server [http://kelpie2:46403/]
[rospy.init][INFO] 2025-08-20 17:29:39,291: ROS Slave URI: [http://kelpie2:46403/]
[rospy.impl.masterslave][INFO] 2025-08-20 17:29:39,291: _ready: http://kelpie2:46403/
[rospy.registration][INFO] 2025-08-20 17:29:39,293: Registering with master node http://localhost:11311
[xmlrpc][INFO] 2025-08-20 17:29:39,293: xml rpc node: starting XML-RPC server
[rospy.registration][INFO] 2025-08-20 17:29:39,294: Registering publisher topic [/kelpie/leg_control/currents] type [kelpie/joint_states] with master
[rospy.registration][INFO] 2025-08-20 17:29:39,308: Registering publisher topic [/kelpie/battery/voltage] type [kelpie/vec_3d_float32] with master
[rospy.registration][INFO] 2025-08-20 17:29:39,311: Registering publisher topic [/kelpie/imu] type [kelpie/imu] with master
[rospy.init][INFO] 2025-08-20 17:29:39,391: registered with master
[rospy.rosout][INFO] 2025-08-20 17:29:39,392: initializing /rosout core topic
[rospy.rosout][INFO] 2025-08-20 17:29:39,395: connected to core topic /rosout
[rospy.simtime][INFO] 2025-08-20 17:29:39,397: /use_sim_time is not set, will not subscribe to simulated time [/clock] topic
[rospy.internal][INFO] 2025-08-20 17:29:39,490: topic[/joy] adding connection to [http://kelpie2:37151/], count 0
[rospy.internal][INFO] 2025-08-20 17:29:39,499: topic[/kelpie/leg_control/joint_states] adding connection to [http://kelpie2:40935/], count 0
[rospy.internal][INFO] 2025-08-20 17:29:39,587: topic[/kelpie/leg_control/currents] adding connection to [/kelpie], count 0
[rospy.internal][INFO] 2025-08-20 17:29:39,589: topic[/kelpie/battery/voltage] adding connection to [/kelpie], count 0
[rospy.internal][INFO] 2025-08-20 17:29:39,599: topic[/kelpie/imu] adding connection to [/kelpie], count 0
[rospy.internal][INFO] 2025-08-20 17:29:39,600: topic[/rosout] adding connection to [/rosout], count 0
[rospy.internal][INFO] 2025-08-20 17:29:39,678: topic[/kelpie/command_input] adding connection to [/kelpie], count 0
[rospy.internal][INFO] 2025-08-20 17:29:55,366: topic[/kelpie/leg_control/currents] adding connection to [/rosbridge_websocket], count 1
[rospy.internal][INFO] 2025-08-20 17:29:55,388: topic[/kelpie/battery/voltage] adding connection to [/rosbridge_websocket], count 1
[rospy.internal][INFO] 2025-08-20 17:29:55,403: topic[/kelpie/imu] adding connection to [/rosbridge_websocket], count 1
