[rosmaster.main][INFO] 2025-08-20 17:28:56,873: initialization complete, waiting for shutdown
[rosmaster.main][INFO] 2025-08-20 17:28:56,873: Starting ROS Master Node
[xmlrpc][INFO] 2025-08-20 17:28:56,874: XML-RPC server binding to 0.0.0.0:11311
[xmlrpc][INFO] 2025-08-20 17:28:56,875: Started XML-RPC server [http://kelpie2:11311/]
[rosmaster.master][INFO] 2025-08-20 17:28:56,876: Master initialized: port[11311], uri[http://kelpie2:11311/]
[xmlrpc][INFO] 2025-08-20 17:28:56,876: xml rpc node: starting XML-RPC server
[rosmaster.master][INFO] 2025-08-20 17:28:56,984: +PARAM [/run_id] by /roslaunch
[rosmaster.master][INFO] 2025-08-20 17:28:56,987: +PARAM [/roslaunch/uris/host_kelpie2__46311] by /roslaunch
[rosmaster.master][INFO] 2025-08-20 17:28:57,136: +PARAM [/rosversion] by /roslaunch
[rosmaster.master][INFO] 2025-08-20 17:28:57,137: +PARAM [/rosdistro] by /roslaunch
[rosmaster.master][INFO] 2025-08-20 17:28:57,317: +SERVICE [/rosout/get_loggers] /rosout http://kelpie2:36175/
[rosmaster.master][INFO] 2025-08-20 17:28:57,319: +SERVICE [/rosout/set_logger_level] /rosout http://kelpie2:36175/
[rosmaster.master][INFO] 2025-08-20 17:28:57,323: +PUB [/rosout_agg] /rosout http://kelpie2:36175/
[rosmaster.master][INFO] 2025-08-20 17:28:57,331: +SUB [/rosout] /rosout http://kelpie2:36175/
[rosmaster.master][INFO] 2025-08-20 17:29:36,702: +PARAM [/roslaunch/uris/host_kelpie2__38303] by /roslaunch
[rosmaster.master][INFO] 2025-08-20 17:29:36,714: +PARAM [/rosversion] by /roslaunch
[rosmaster.master][INFO] 2025-08-20 17:29:36,714: +PARAM [/rosdistro] by /roslaunch
[rosmaster.master][INFO] 2025-08-20 17:29:36,715: +PARAM [/rosbridge_websocket/authenticate] by /roslaunch
[rosmaster.master][INFO] 2025-08-20 17:29:36,715: +PARAM [/rosbridge_websocket/port] by /roslaunch
[rosmaster.master][INFO] 2025-08-20 17:29:36,715: +PARAM [/rosbridge_websocket/address] by /roslaunch
[rosmaster.master][INFO] 2025-08-20 17:29:36,715: +PARAM [/rosbridge_websocket/retry_startup_delay] by /roslaunch
[rosmaster.master][INFO] 2025-08-20 17:29:36,715: +PARAM [/rosbridge_websocket/fragment_timeout] by /roslaunch
[rosmaster.master][INFO] 2025-08-20 17:29:36,716: +PARAM [/rosbridge_websocket/delay_between_messages] by /roslaunch
[rosmaster.master][INFO] 2025-08-20 17:29:36,716: +PARAM [/rosbridge_websocket/max_message_size] by /roslaunch
[rosmaster.master][INFO] 2025-08-20 17:29:36,716: +PARAM [/rosbridge_websocket/unregister_timeout] by /roslaunch
[rosmaster.master][INFO] 2025-08-20 17:29:36,716: +PARAM [/rosbridge_websocket/use_compression] by /roslaunch
[rosmaster.master][INFO] 2025-08-20 17:29:36,717: +PARAM [/rosbridge_websocket/websocket_ping_interval] by /roslaunch
[rosmaster.master][INFO] 2025-08-20 17:29:36,717: +PARAM [/rosbridge_websocket/websocket_ping_timeout] by /roslaunch
[rosmaster.master][INFO] 2025-08-20 17:29:36,717: +PARAM [/rosbridge_websocket/websocket_external_port] by /roslaunch
[rosmaster.master][INFO] 2025-08-20 17:29:36,717: +PARAM [/rosbridge_websocket/topics_glob] by /roslaunch
[rosmaster.master][INFO] 2025-08-20 17:29:36,717: +PARAM [/rosbridge_websocket/services_glob] by /roslaunch
[rosmaster.master][INFO] 2025-08-20 17:29:36,718: +PARAM [/rosbridge_websocket/params_glob] by /roslaunch
[rosmaster.master][INFO] 2025-08-20 17:29:36,718: +PARAM [/rosbridge_websocket/bson_only_mode] by /roslaunch
[rosmaster.master][INFO] 2025-08-20 17:29:36,718: +PARAM [/rosapi/topics_glob] by /roslaunch
[rosmaster.master][INFO] 2025-08-20 17:29:36,718: +PARAM [/rosapi/services_glob] by /roslaunch
[rosmaster.master][INFO] 2025-08-20 17:29:36,719: +PARAM [/rosapi/params_glob] by /roslaunch
[rosmaster.master][INFO] 2025-08-20 17:29:36,719: +PARAM [/JOYSTICK/autorepeat_rate] by /roslaunch
[rosmaster.master][INFO] 2025-08-20 17:29:36,719: +PARAM [/JOYSTICK/joy_node/dev] by /roslaunch
[rosmaster.master][INFO] 2025-08-20 17:29:37,150: +PUB [/rosout] /JOYSTICK http://kelpie2:37151/
[rosmaster.master][INFO] 2025-08-20 17:29:37,151: publisherUpdate[/rosout] -> http://kelpie2:36175/ ['http://kelpie2:37151/']
[rosmaster.master][INFO] 2025-08-20 17:29:37,155: +SERVICE [/JOYSTICK/get_loggers] /JOYSTICK http://kelpie2:37151/
[rosmaster.master][INFO] 2025-08-20 17:29:37,157: +SERVICE [/JOYSTICK/set_logger_level] /JOYSTICK http://kelpie2:37151/
[rosmaster.master][INFO] 2025-08-20 17:29:37,167: +PUB [/diagnostics] /JOYSTICK http://kelpie2:37151/
[rosmaster.master][INFO] 2025-08-20 17:29:37,170: +CACHEDPARAM [/JOYSTICK/diagnostic_period] by /JOYSTICK
[rosmaster.master][INFO] 2025-08-20 17:29:37,174: publisherUpdate[/rosout] -> http://kelpie2:36175/ ['http://kelpie2:37151/']: sec=0.02, result=[1, '', 0]
[rosmaster.master][INFO] 2025-08-20 17:29:37,179: +PUB [/joy] /JOYSTICK http://kelpie2:37151/
[rosmaster.master][INFO] 2025-08-20 17:29:37,200: +SUB [/joy/set_feedback] /JOYSTICK http://kelpie2:37151/
[rosmaster.master][INFO] 2025-08-20 17:29:37,241: +CACHEDPARAM [/rosout_disable_topics_generation] by /JOYSTICK
[rosmaster.master][INFO] 2025-08-20 17:29:38,697: +PUB [/rosout] /rosapi http://kelpie2:35659/
[rosmaster.master][INFO] 2025-08-20 17:29:38,704: +SERVICE [/rosapi/get_loggers] /rosapi http://kelpie2:35659/
[rosmaster.master][INFO] 2025-08-20 17:29:38,708: +SERVICE [/rosapi/set_logger_level] /rosapi http://kelpie2:35659/
[rosmaster.master][INFO] 2025-08-20 17:29:38,719: +SERVICE [/rosapi/topics] /rosapi http://kelpie2:35659/
[rosmaster.master][INFO] 2025-08-20 17:29:38,722: +SERVICE [/rosapi/topics_for_type] /rosapi http://kelpie2:35659/
[rosmaster.master][INFO] 2025-08-20 17:29:38,726: +SERVICE [/rosapi/services] /rosapi http://kelpie2:35659/
[rosmaster.master][INFO] 2025-08-20 17:29:38,729: +SERVICE [/rosapi/services_for_type] /rosapi http://kelpie2:35659/
[rosmaster.master][INFO] 2025-08-20 17:29:38,733: +SERVICE [/rosapi/nodes] /rosapi http://kelpie2:35659/
[rosmaster.master][INFO] 2025-08-20 17:29:38,736: +SERVICE [/rosapi/node_details] /rosapi http://kelpie2:35659/
[rosmaster.master][INFO] 2025-08-20 17:29:38,739: +SERVICE [/rosapi/action_servers] /rosapi http://kelpie2:35659/
[rosmaster.master][INFO] 2025-08-20 17:29:38,742: +SERVICE [/rosapi/topic_type] /rosapi http://kelpie2:35659/
[rosmaster.master][INFO] 2025-08-20 17:29:38,746: +SERVICE [/rosapi/service_type] /rosapi http://kelpie2:35659/
[rosmaster.master][INFO] 2025-08-20 17:29:38,749: +SERVICE [/rosapi/publishers] /rosapi http://kelpie2:35659/
[rosmaster.master][INFO] 2025-08-20 17:29:38,752: +SERVICE [/rosapi/subscribers] /rosapi http://kelpie2:35659/
[rosmaster.master][INFO] 2025-08-20 17:29:38,755: +SERVICE [/rosapi/service_providers] /rosapi http://kelpie2:35659/
[rosmaster.master][INFO] 2025-08-20 17:29:38,758: +SERVICE [/rosapi/service_node] /rosapi http://kelpie2:35659/
[rosmaster.master][INFO] 2025-08-20 17:29:38,759: publisherUpdate[/rosout] -> http://kelpie2:36175/ ['http://kelpie2:37151/', 'http://kelpie2:35659/']
[rosmaster.master][INFO] 2025-08-20 17:29:38,767: +SERVICE [/rosapi/service_host] /rosapi http://kelpie2:35659/
[rosmaster.master][INFO] 2025-08-20 17:29:38,769: publisherUpdate[/rosout] -> http://kelpie2:36175/ ['http://kelpie2:37151/', 'http://kelpie2:35659/']: sec=0.01, result=[1, '', 0]
[rosmaster.master][INFO] 2025-08-20 17:29:38,771: +SERVICE [/rosapi/message_details] /rosapi http://kelpie2:35659/
[rosmaster.master][INFO] 2025-08-20 17:29:38,774: +SERVICE [/rosapi/service_request_details] /rosapi http://kelpie2:35659/
[rosmaster.master][INFO] 2025-08-20 17:29:38,777: +SERVICE [/rosapi/service_response_details] /rosapi http://kelpie2:35659/
[rosmaster.master][INFO] 2025-08-20 17:29:38,780: +PUB [/rosout] /kelpie http://kelpie2:40935/
[rosmaster.master][INFO] 2025-08-20 17:29:38,782: +SERVICE [/rosapi/set_param] /rosapi http://kelpie2:35659/
[rosmaster.master][INFO] 2025-08-20 17:29:38,785: +SERVICE [/rosapi/get_param] /rosapi http://kelpie2:35659/
[rosmaster.master][INFO] 2025-08-20 17:29:38,789: +SERVICE [/rosapi/has_param] /rosapi http://kelpie2:35659/
[rosmaster.master][INFO] 2025-08-20 17:29:38,791: +SERVICE [/kelpie/get_loggers] /kelpie http://kelpie2:40935/
[rosmaster.master][INFO] 2025-08-20 17:29:38,793: +SERVICE [/rosapi/search_param] /rosapi http://kelpie2:35659/
[rosmaster.master][INFO] 2025-08-20 17:29:38,794: +SERVICE [/kelpie/set_logger_level] /kelpie http://kelpie2:40935/
[rosmaster.master][INFO] 2025-08-20 17:29:38,797: +SERVICE [/rosapi/delete_param] /rosapi http://kelpie2:35659/
[rosmaster.master][INFO] 2025-08-20 17:29:38,800: +SERVICE [/rosapi/get_param_names] /rosapi http://kelpie2:35659/
[rosmaster.master][INFO] 2025-08-20 17:29:38,802: +SUB [/kelpie/imu] /kelpie http://kelpie2:40935/
[rosmaster.master][INFO] 2025-08-20 17:29:38,804: +SERVICE [/rosapi/get_time] /rosapi http://kelpie2:35659/
[rosmaster.master][INFO] 2025-08-20 17:29:38,808: +SERVICE [/rosapi/topics_and_raw_types] /rosapi http://kelpie2:35659/
[rosmaster.master][INFO] 2025-08-20 17:29:38,809: +SUB [/kelpie/leg_control/currents] /kelpie http://kelpie2:40935/
[rosmaster.master][INFO] 2025-08-20 17:29:38,812: +CACHEDPARAM [/rosout_disable_topics_generation] by /rosapi
[rosmaster.master][INFO] 2025-08-20 17:29:38,816: +SUB [/kelpie/battery/voltage] /kelpie http://kelpie2:40935/
[rosmaster.master][INFO] 2025-08-20 17:29:38,820: +PUB [/kelpie/leg_control/joint_states] /kelpie http://kelpie2:40935/
[rosmaster.master][INFO] 2025-08-20 17:29:38,824: +CACHEDPARAM [/rosout_disable_topics_generation] by /kelpie
[rosmaster.master][INFO] 2025-08-20 17:29:38,830: +SUB [/kelpie/command_input] /kelpie http://kelpie2:40935/
[rosmaster.master][INFO] 2025-08-20 17:29:38,834: +CACHEDPARAM [/rosout_disable_topics_generation] by /kelpie
[rosmaster.master][INFO] 2025-08-20 17:29:38,839: +CACHEDPARAM [/rosout_disable_topics_generation] by /kelpie
[rosmaster.master][INFO] 2025-08-20 17:29:38,843: +CACHEDPARAM [/rosout_disable_topics_generation] by /kelpie
[rosmaster.master][INFO] 2025-08-20 17:29:38,846: +CACHEDPARAM [/rosout_disable_topics_generation] by /kelpie
[rosmaster.master][INFO] 2025-08-20 17:29:38,852: +CACHEDPARAM [/rosout_disable_topics_generation] by /kelpie
[rosmaster.master][INFO] 2025-08-20 17:29:38,856: +CACHEDPARAM [/rosout_disable_topics_generation] by /kelpie
[rosmaster.master][INFO] 2025-08-20 17:29:38,860: +CACHEDPARAM [/rosout_disable_topics_generation] by /kelpie
[rosmaster.master][INFO] 2025-08-20 17:29:38,861: publisherUpdate[/rosout] -> http://kelpie2:36175/ ['http://kelpie2:37151/', 'http://kelpie2:35659/', 'http://kelpie2:40935/']
[rosmaster.master][INFO] 2025-08-20 17:29:38,865: publisherUpdate[/rosout] -> http://kelpie2:36175/ ['http://kelpie2:37151/', 'http://kelpie2:35659/', 'http://kelpie2:40935/']: sec=0.00, result=[1, '', 0]
[rosmaster.master][INFO] 2025-08-20 17:29:38,866: +CACHEDPARAM [/rosout_disable_topics_generation] by /kelpie
[rosmaster.master][INFO] 2025-08-20 17:29:38,877: +CACHEDPARAM [/rosout_disable_topics_generation] by /kelpie
[rosmaster.master][INFO] 2025-08-20 17:29:38,882: +CACHEDPARAM [/rosout_disable_topics_generation] by /kelpie
[rosmaster.master][INFO] 2025-08-20 17:29:38,887: +CACHEDPARAM [/rosout_disable_topics_generation] by /kelpie
[rosmaster.master][INFO] 2025-08-20 17:29:38,891: +CACHEDPARAM [/rosout_disable_topics_generation] by /kelpie
[rosmaster.master][INFO] 2025-08-20 17:29:38,896: +CACHEDPARAM [/rosout_disable_topics_generation] by /kelpie
[rosmaster.master][INFO] 2025-08-20 17:29:38,900: +CACHEDPARAM [/rosout_disable_topics_generation] by /kelpie
[rosmaster.master][INFO] 2025-08-20 17:29:38,904: +CACHEDPARAM [/rosout_disable_topics_generation] by /kelpie
[rosmaster.master][INFO] 2025-08-20 17:29:38,910: +CACHEDPARAM [/rosout_disable_topics_generation] by /kelpie
[rosmaster.master][INFO] 2025-08-20 17:29:38,916: +CACHEDPARAM [/rosout_disable_topics_generation] by /kelpie
[rosmaster.master][INFO] 2025-08-20 17:29:38,921: +CACHEDPARAM [/rosout_disable_topics_generation] by /kelpie
[rosmaster.master][INFO] 2025-08-20 17:29:38,926: +CACHEDPARAM [/rosout_disable_topics_generation] by /kelpie
[rosmaster.master][INFO] 2025-08-20 17:29:38,930: +CACHEDPARAM [/rosout_disable_topics_generation] by /kelpie
[rosmaster.master][INFO] 2025-08-20 17:29:38,936: +CACHEDPARAM [/rosout_disable_topics_generation] by /kelpie
[rosmaster.master][INFO] 2025-08-20 17:29:38,942: +CACHEDPARAM [/rosout_disable_topics_generation] by /kelpie
[rosmaster.master][INFO] 2025-08-20 17:29:38,947: +CACHEDPARAM [/rosout_disable_topics_generation] by /kelpie
[rosmaster.master][INFO] 2025-08-20 17:29:38,953: +CACHEDPARAM [/rosout_disable_topics_generation] by /kelpie
[rosmaster.master][INFO] 2025-08-20 17:29:38,970: +CACHEDPARAM [/rosout/omit_topics] by /rosout
[rosmaster.master][INFO] 2025-08-20 17:29:39,306: +PUB [/kelpie/leg_control/currents] /hardware http://kelpie2:46403/
[rosmaster.master][INFO] 2025-08-20 17:29:39,309: +PUB [/kelpie/battery/voltage] /hardware http://kelpie2:46403/
[rosmaster.master][INFO] 2025-08-20 17:29:39,312: +PUB [/kelpie/imu] /hardware http://kelpie2:46403/
[rosmaster.master][INFO] 2025-08-20 17:29:39,367: publisherUpdate[/kelpie/leg_control/currents] -> http://kelpie2:40935/ ['http://kelpie2:46403/']
[rosmaster.master][INFO] 2025-08-20 17:29:39,393: +PUB [/rosout] /hardware http://kelpie2:46403/
[rosmaster.master][INFO] 2025-08-20 17:29:39,399: publisherUpdate[/kelpie/leg_control/currents] -> http://kelpie2:40935/ ['http://kelpie2:46403/']: sec=0.03, result=[1, '', 0]
[rosmaster.master][INFO] 2025-08-20 17:29:39,400: publisherUpdate[/kelpie/battery/voltage] -> http://kelpie2:40935/ ['http://kelpie2:46403/']
[rosmaster.master][INFO] 2025-08-20 17:29:39,400: +SERVICE [/hardware/get_loggers] /hardware http://kelpie2:46403/
[rosmaster.master][INFO] 2025-08-20 17:29:39,403: +SERVICE [/hardware/set_logger_level] /hardware http://kelpie2:46403/
[rosmaster.master][INFO] 2025-08-20 17:29:39,412: publisherUpdate[/kelpie/battery/voltage] -> http://kelpie2:40935/ ['http://kelpie2:46403/']: sec=0.01, result=[1, '', 0]
[rosmaster.master][INFO] 2025-08-20 17:29:39,412: publisherUpdate[/kelpie/imu] -> http://kelpie2:40935/ ['http://kelpie2:46403/']
[rosmaster.master][INFO] 2025-08-20 17:29:39,424: publisherUpdate[/kelpie/imu] -> http://kelpie2:40935/ ['http://kelpie2:46403/']: sec=0.01, result=[1, '', 0]
[rosmaster.master][INFO] 2025-08-20 17:29:39,425: publisherUpdate[/rosout] -> http://kelpie2:36175/ ['http://kelpie2:37151/', 'http://kelpie2:35659/', 'http://kelpie2:40935/', 'http://kelpie2:46403/']
[rosmaster.master][INFO] 2025-08-20 17:29:39,427: publisherUpdate[/rosout] -> http://kelpie2:36175/ ['http://kelpie2:37151/', 'http://kelpie2:35659/', 'http://kelpie2:40935/', 'http://kelpie2:46403/']: sec=0.00, result=[1, '', 0]
[rosmaster.master][INFO] 2025-08-20 17:29:39,465: +SUB [/kelpie/leg_control/joint_states] /hardware http://kelpie2:46403/
[rosmaster.master][INFO] 2025-08-20 17:29:39,472: +PUB [/rosout] /rosbridge_websocket http://kelpie2:33731/
[rosmaster.master][INFO] 2025-08-20 17:29:39,476: +SUB [/joy] /hardware http://kelpie2:46403/
[rosmaster.master][INFO] 2025-08-20 17:29:39,479: publisherUpdate[/rosout] -> http://kelpie2:36175/ ['http://kelpie2:37151/', 'http://kelpie2:35659/', 'http://kelpie2:40935/', 'http://kelpie2:46403/', 'http://kelpie2:33731/']
[rosmaster.master][INFO] 2025-08-20 17:29:39,480: +PUB [/kelpie/command_input] /hardware http://kelpie2:46403/
[rosmaster.master][INFO] 2025-08-20 17:29:39,482: +SERVICE [/rosbridge_websocket/get_loggers] /rosbridge_websocket http://kelpie2:33731/
[rosmaster.master][INFO] 2025-08-20 17:29:39,485: publisherUpdate[/rosout] -> http://kelpie2:36175/ ['http://kelpie2:37151/', 'http://kelpie2:35659/', 'http://kelpie2:40935/', 'http://kelpie2:46403/', 'http://kelpie2:33731/']: sec=0.00, result=[1, '', 0]
[rosmaster.master][INFO] 2025-08-20 17:29:39,486: publisherUpdate[/kelpie/command_input] -> http://kelpie2:40935/ ['http://kelpie2:46403/']
[rosmaster.master][INFO] 2025-08-20 17:29:39,487: +SERVICE [/rosbridge_websocket/set_logger_level] /rosbridge_websocket http://kelpie2:33731/
[rosmaster.master][INFO] 2025-08-20 17:29:39,527: +PUB [/client_count] /rosbridge_websocket http://kelpie2:33731/
[rosmaster.master][INFO] 2025-08-20 17:29:39,530: publisherUpdate[/kelpie/command_input] -> http://kelpie2:40935/ ['http://kelpie2:46403/']: sec=0.04, result=[1, '', 0]
[rosmaster.master][INFO] 2025-08-20 17:29:39,531: +PUB [/connected_clients] /rosbridge_websocket http://kelpie2:33731/
[rosmaster.master][INFO] 2025-08-20 17:29:39,541: +PARAM [/rosbridge_websocket/actual_port] by /rosbridge_websocket
[rosmaster.master][INFO] 2025-08-20 17:29:39,548: +CACHEDPARAM [/rosout_disable_topics_generation] by /rosbridge_websocket
[rosmaster.master][INFO] 2025-08-20 17:29:54,307: +CACHEDPARAM [/rosout_disable_topics_generation] by /rosbridge_websocket
[rosmaster.master][INFO] 2025-08-20 17:29:55,333: +SUB [/kelpie/leg_control/joint_states] /rosbridge_websocket http://kelpie2:33731/
[rosmaster.master][INFO] 2025-08-20 17:29:55,337: +CACHEDPARAM [/rosout_disable_topics_generation] by /rosbridge_websocket
[rosmaster.master][INFO] 2025-08-20 17:29:55,348: +SUB [/kelpie/leg_control/currents] /rosbridge_websocket http://kelpie2:33731/
[rosmaster.master][INFO] 2025-08-20 17:29:55,352: +CACHEDPARAM [/rosout_disable_topics_generation] by /rosbridge_websocket
[rosmaster.master][INFO] 2025-08-20 17:29:55,370: +SUB [/kelpie/battery/voltage] /rosbridge_websocket http://kelpie2:33731/
[rosmaster.master][INFO] 2025-08-20 17:29:55,374: +CACHEDPARAM [/rosout_disable_topics_generation] by /rosbridge_websocket
[rosmaster.master][INFO] 2025-08-20 17:29:55,392: +SUB [/kelpie/imu] /rosbridge_websocket http://kelpie2:33731/
[rosmaster.master][INFO] 2025-08-20 17:29:55,396: +CACHEDPARAM [/rosout_disable_topics_generation] by /rosbridge_websocket
[rosmaster.master][INFO] 2025-08-20 17:29:57,604: +CACHEDPARAM [/rosout_disable_topics_generation] by /kelpie
[rosmaster.master][INFO] 2025-08-20 17:29:57,608: +CACHEDPARAM [/rosout_disable_topics_generation] by /kelpie
[rosmaster.master][INFO] 2025-08-20 17:29:57,614: +CACHEDPARAM [/rosout_disable_topics_generation] by /kelpie
[rosmaster.master][INFO] 2025-08-20 17:29:57,619: +CACHEDPARAM [/rosout_disable_topics_generation] by /kelpie
[rosmaster.master][INFO] 2025-08-20 17:29:57,624: +CACHEDPARAM [/rosout_disable_topics_generation] by /kelpie
[rosmaster.master][INFO] 2025-08-20 17:29:57,630: +CACHEDPARAM [/rosout_disable_topics_generation] by /kelpie
[rosmaster.master][INFO] 2025-08-20 17:29:57,636: +CACHEDPARAM [/rosout_disable_topics_generation] by /kelpie
[rosmaster.master][INFO] 2025-08-20 17:29:57,644: +CACHEDPARAM [/rosout_disable_topics_generation] by /kelpie
[rosmaster.master][INFO] 2025-08-20 17:29:57,650: +CACHEDPARAM [/rosout_disable_topics_generation] by /kelpie
[rosmaster.master][INFO] 2025-08-20 17:29:57,655: +CACHEDPARAM [/rosout_disable_topics_generation] by /kelpie
[rosmaster.master][INFO] 2025-08-20 17:29:57,660: +CACHEDPARAM [/rosout_disable_topics_generation] by /kelpie
