[rospy.client][INFO] 2025-08-20 17:29:39,364: init_node, name[/rosbridge_websocket], pid[1561]
[xmlrpc][INFO] 2025-08-20 17:29:39,365: XML-RPC server binding to 0.0.0.0:0
[xmlrpc][INFO] 2025-08-20 17:29:39,366: Started XML-RPC server [http://kelpie2:33731/]
[rospy.init][INFO] 2025-08-20 17:29:39,366: ROS Slave URI: [http://kelpie2:33731/]
[rospy.impl.masterslave][INFO] 2025-08-20 17:29:39,366: _ready: http://kelpie2:33731/
[rospy.registration][INFO] 2025-08-20 17:29:39,368: Registering with master node http://localhost:11311
[xmlrpc][INFO] 2025-08-20 17:29:39,369: xml rpc node: starting XML-RPC server
[rospy.init][INFO] 2025-08-20 17:29:39,467: registered with master
[rospy.rosout][INFO] 2025-08-20 17:29:39,467: initializing /rosout core topic
[rospy.rosout][INFO] 2025-08-20 17:29:39,474: connected to core topic /rosout
[rospy.simtime][INFO] 2025-08-20 17:29:39,478: /use_sim_time is not set, will not subscribe to simulated time [/clock] topic
[rosout][INFO] 2025-08-20 17:29:39,546: Rosbridge WebSocket server started at ws://0.0.0.0:9090
[rospy.internal][INFO] 2025-08-20 17:29:39,688: topic[/rosout] adding connection to [/rosout], count 0
[rosout][INFO] 2025-08-20 17:29:54,305: Client connected.  1 clients total.
[rosout][INFO] 2025-08-20 17:29:55,335: [Client 0] Subscribed to /kelpie/leg_control/joint_states
[rosout][INFO] 2025-08-20 17:29:55,350: [Client 0] Subscribed to /kelpie/leg_control/currents
[rospy.internal][INFO] 2025-08-20 17:29:55,357: topic[/kelpie/leg_control/currents] adding connection to [http://kelpie2:46403/], count 0
[rospy.internal][INFO] 2025-08-20 17:29:55,364: topic[/kelpie/leg_control/joint_states] adding connection to [http://kelpie2:40935/], count 0
[rosout][INFO] 2025-08-20 17:29:55,371: [Client 0] Subscribed to /kelpie/battery/voltage
[rospy.internal][INFO] 2025-08-20 17:29:55,380: topic[/kelpie/battery/voltage] adding connection to [http://kelpie2:46403/], count 0
[rosout][INFO] 2025-08-20 17:29:55,393: [Client 0] Subscribed to /kelpie/imu
[rospy.internal][INFO] 2025-08-20 17:29:55,400: topic[/kelpie/imu] adding connection to [http://kelpie2:46403/], count 0
