[rospy.client][INFO] 2025-08-19 14:44:30,442: init_node, name[/hardware], pid[1683]
[xmlrpc][INFO] 2025-08-19 14:44:30,443: XML-RPC server binding to 0.0.0.0:0
[xmlrpc][INFO] 2025-08-19 14:44:30,444: Started XML-RPC server [http://10.176.33.207:33853/]
[rospy.init][INFO] 2025-08-19 14:44:30,444: ROS Slave URI: [http://10.176.33.207:33853/]
[rospy.impl.masterslave][INFO] 2025-08-19 14:44:30,445: _ready: http://10.176.33.207:33853/
[rospy.registration][INFO] 2025-08-19 14:44:30,446: Registering with master node http://localhost:11311/
[xmlrpc][INFO] 2025-08-19 14:44:30,447: xml rpc node: starting XML-RPC server
[rospy.registration][INFO] 2025-08-19 14:44:30,447: Registering publisher topic [/kelpie/leg_control/currents] type [kelpie/joint_states] with master
[rospy.registration][INFO] 2025-08-19 14:44:30,460: Registering publisher topic [/kelpie/battery/voltage] type [kelpie/vec_3d_float32] with master
[rospy.registration][INFO] 2025-08-19 14:44:30,463: Registering publisher topic [/kelpie/imu] type [kelpie/imu] with master
[rospy.init][INFO] 2025-08-19 14:44:30,545: registered with master
[rospy.rosout][INFO] 2025-08-19 14:44:30,546: initializing /rosout core topic
[rospy.rosout][INFO] 2025-08-19 14:44:30,551: connected to core topic /rosout
[rospy.internal][INFO] 2025-08-19 14:44:30,553: topic[/kelpie/leg_control/currents] adding connection to [/kelpie], count 0
[rospy.simtime][INFO] 2025-08-19 14:44:30,555: /use_sim_time is not set, will not subscribe to simulated time [/clock] topic
[rospy.internal][INFO] 2025-08-19 14:44:30,557: topic[/kelpie/battery/voltage] adding connection to [/kelpie], count 0
[rospy.internal][INFO] 2025-08-19 14:44:30,560: topic[/kelpie/imu] adding connection to [/kelpie], count 0
[rospy.internal][INFO] 2025-08-19 14:44:30,637: topic[/kelpie/leg_control/joint_states] adding connection to [http://10.176.33.207:45431/], count 0
[rospy.internal][INFO] 2025-08-19 14:44:30,652: topic[/joy] adding connection to [http://10.176.33.207:45585/], count 0
[rospy.internal][INFO] 2025-08-19 14:44:30,759: topic[/kelpie/command_input] adding connection to [/kelpie], count 0
[rospy.internal][INFO] 2025-08-19 14:44:30,852: topic[/rosout] adding connection to [/rosout], count 0
[rospy.internal][INFO] 2025-08-19 14:44:40,008: topic[/joy] adding connection to [http://localhost:36987/], count 1
[rospy.internal][INFO] 2025-08-19 14:44:40,083: topic[/joy] removing connection to http://10.176.33.207:45585/
[rospy.internal][INFO] 2025-08-19 14:44:41,855: topic[/kelpie/leg_control/joint_states] removing connection to http://10.176.33.207:45431/
[rospy.internal][INFO] 2025-08-19 14:44:41,914: topic[/kelpie/leg_control/currents] removing connection to /kelpie
[rospy.internal][INFO] 2025-08-19 14:44:41,928: topic[/kelpie/command_input] removing connection to /kelpie
[rospy.internal][INFO] 2025-08-19 14:44:41,930: topic[/kelpie/battery/voltage] removing connection to /kelpie
[rospy.internal][INFO] 2025-08-19 14:44:41,934: topic[/kelpie/imu] removing connection to /kelpie
[rospy.internal][INFO] 2025-08-19 14:44:41,946: topic[/kelpie/imu] adding connection to [/kelpie], count 0
[rospy.internal][INFO] 2025-08-19 14:44:41,982: topic[/kelpie/leg_control/joint_states] adding connection to [http://localhost:45501/], count 0
[rospy.internal][INFO] 2025-08-19 14:44:41,994: topic[/kelpie/battery/voltage] adding connection to [/kelpie], count 0
[rospy.internal][INFO] 2025-08-19 14:44:42,006: topic[/kelpie/command_input] adding connection to [/kelpie], count 0
[rospy.internal][INFO] 2025-08-19 14:44:42,011: topic[/kelpie/leg_control/currents] adding connection to [/kelpie], count 0
[rospy.client][INFO] 2025-08-19 14:44:42,452: init_node, name[/hardware], pid[1764]
[xmlrpc][INFO] 2025-08-19 14:44:42,465: XML-RPC server binding to 127.0.0.1:0
[xmlrpc][INFO] 2025-08-19 14:44:42,467: Started XML-RPC server [http://localhost:46755/]
[rospy.impl.masterslave][INFO] 2025-08-19 14:44:42,468: _ready: http://localhost:46755/
[rospy.init][INFO] 2025-08-19 14:44:42,469: ROS Slave URI: [http://localhost:46755/]
[rospy.registration][INFO] 2025-08-19 14:44:42,481: Registering with master node http://localhost:11311
[rospy.registration][INFO] 2025-08-19 14:44:42,482: Registering publisher topic [/kelpie/leg_control/currents] type [kelpie/joint_states] with master
[xmlrpc][INFO] 2025-08-19 14:44:42,486: xml rpc node: starting XML-RPC server
[rospy.core][INFO] 2025-08-19 14:44:42,538: signal_shutdown [atexit]
[rospy.registration][INFO] 2025-08-19 14:44:42,556: Registering publisher topic [/kelpie/battery/voltage] type [kelpie/vec_3d_float32] with master
[rospy.internal][INFO] 2025-08-19 14:44:42,579: topic[/kelpie/leg_control/currents] removing connection to /kelpie
[rospy.registration][INFO] 2025-08-19 14:44:42,571: Registering publisher topic [/kelpie/imu] type [kelpie/imu] with master
[rospy.internal][INFO] 2025-08-19 14:44:42,599: topic[/kelpie/battery/voltage] removing connection to /kelpie
[rospy.internal][INFO] 2025-08-19 14:44:42,600: topic[/kelpie/imu] removing connection to /kelpie
[rospy.internal][INFO] 2025-08-19 14:44:42,603: topic[/rosout] removing connection to /rosout
[rospy.impl.masterslave][INFO] 2025-08-19 14:44:42,606: external shutdown request from [/master]: [/hardware] Reason: new node registered with same name
[rospy.core][INFO] 2025-08-19 14:44:42,606: signal_shutdown [external shutdown request from [/master]: [[/hardware] Reason: new node registered with same name]]
[rospy.internal][INFO] 2025-08-19 14:44:42,608: topic[/kelpie/command_input] removing connection to /kelpie
[rospy.internal][INFO] 2025-08-19 14:44:42,616: topic[/kelpie/leg_control/joint_states] removing connection to http://localhost:45501/
[rospy.internal][INFO] 2025-08-19 14:44:42,619: topic[/joy] removing connection to http://localhost:36987/
[rospy.internal][INFO] 2025-08-19 14:44:42,665: topic[/kelpie/battery/voltage] adding connection to [/kelpie], count 0
[rospy.internal][INFO] 2025-08-19 14:44:42,667: topic[/kelpie/leg_control/currents] adding connection to [/kelpie], count 0
[rospy.internal][INFO] 2025-08-19 14:44:42,669: topic[/kelpie/imu] adding connection to [/kelpie], count 0
[rospy.init][INFO] 2025-08-19 14:44:42,685: registered with master
[rospy.rosout][INFO] 2025-08-19 14:44:42,685: initializing /rosout core topic
[rospy.rosout][INFO] 2025-08-19 14:44:42,689: connected to core topic /rosout
[rospy.simtime][INFO] 2025-08-19 14:44:42,692: /use_sim_time is not set, will not subscribe to simulated time [/clock] topic
[rospy.internal][INFO] 2025-08-19 14:44:42,761: topic[/kelpie/leg_control/joint_states] adding connection to [http://localhost:45501/], count 0
[rospy.internal][INFO] 2025-08-19 14:44:42,773: topic[/joy] adding connection to [http://localhost:36987/], count 0
[rospy.internal][INFO] 2025-08-19 14:44:42,848: topic[/kelpie/command_input] adding connection to [/kelpie], count 0
[rospy.internal][INFO] 2025-08-19 14:44:42,944: topic[/rosout] adding connection to [/rosout], count 0
[rospy.internal][INFO] 2025-08-19 14:45:01,778: topic[/rosout] removing connection to /rosout
[rospy.core][INFO] 2025-08-19 14:45:16,855: signal_shutdown [signal-2]
[rospy.internal][INFO] 2025-08-19 14:45:16,869: topic[/kelpie/leg_control/currents] removing connection to /kelpie
[rospy.internal][INFO] 2025-08-19 14:45:16,871: topic[/kelpie/battery/voltage] removing connection to /kelpie
[rospy.internal][INFO] 2025-08-19 14:45:16,872: topic[/kelpie/imu] removing connection to /kelpie
[rospy.internal][INFO] 2025-08-19 14:45:16,873: topic[/kelpie/command_input] removing connection to /kelpie
[rospy.internal][INFO] 2025-08-19 14:45:16,873: topic[/kelpie/leg_control/joint_states] removing connection to http://localhost:45501/
[rospy.internal][INFO] 2025-08-19 14:45:16,876: topic[/joy] removing connection to http://localhost:36987/
[rospy.impl.masterslave][INFO] 2025-08-19 14:45:16,877: signal-2
[rospy.core][INFO] 2025-08-19 14:45:31,887: signal_shutdown [signal-15]
