[rospy.client][INFO] 2025-08-19 14:44:30,397: init_node, name[/rosbridge_websocket], pid[1681]
[xmlrpc][INFO] 2025-08-19 14:44:30,398: XML-RPC server binding to 0.0.0.0:0
[xmlrpc][INFO] 2025-08-19 14:44:30,399: Started XML-RPC server [http://10.176.33.207:43687/]
[rospy.init][INFO] 2025-08-19 14:44:30,400: ROS Slave URI: [http://10.176.33.207:43687/]
[rospy.impl.masterslave][INFO] 2025-08-19 14:44:30,400: _ready: http://10.176.33.207:43687/
[rospy.registration][INFO] 2025-08-19 14:44:30,402: Registering with master node http://localhost:11311/
[xmlrpc][INFO] 2025-08-19 14:44:30,403: xml rpc node: starting XML-RPC server
[rospy.init][INFO] 2025-08-19 14:44:30,501: registered with master
[rospy.rosout][INFO] 2025-08-19 14:44:30,502: initializing /rosout core topic
[rospy.rosout][INFO] 2025-08-19 14:44:30,510: connected to core topic /rosout
[rospy.simtime][INFO] 2025-08-19 14:44:30,513: /use_sim_time is not set, will not subscribe to simulated time [/clock] topic
[rosout][INFO] 2025-08-19 14:44:30,588: Rosbridge WebSocket server started at ws://0.0.0.0:9090
[rospy.internal][INFO] 2025-08-19 14:44:30,748: topic[/rosout] adding connection to [/rosout], count 0
[rosout][INFO] 2025-08-19 14:44:36,182: Client connected.  1 clients total.
[rosout][INFO] 2025-08-19 14:44:37,871: Client disconnected. 0 clients total.
[rosout][INFO] 2025-08-19 14:44:37,943: Client connected.  1 clients total.
[rospy.internal][INFO] 2025-08-19 14:44:42,373: topic[/kelpie/command_input] adding connection to [/kelpie], count 0
[rospy.client][INFO] 2025-08-19 14:44:42,688: init_node, name[/rosbridge_websocket], pid[1762]
[xmlrpc][INFO] 2025-08-19 14:44:42,689: XML-RPC server binding to 127.0.0.1:0
[xmlrpc][INFO] 2025-08-19 14:44:42,690: Started XML-RPC server [http://localhost:35591/]
[rospy.impl.masterslave][INFO] 2025-08-19 14:44:42,690: _ready: http://localhost:35591/
[rospy.init][INFO] 2025-08-19 14:44:42,691: ROS Slave URI: [http://localhost:35591/]
[rospy.registration][INFO] 2025-08-19 14:44:42,693: Registering with master node http://localhost:11311
[xmlrpc][INFO] 2025-08-19 14:44:42,693: xml rpc node: starting XML-RPC server
[rospy.init][INFO] 2025-08-19 14:44:42,794: registered with master
[rospy.rosout][INFO] 2025-08-19 14:44:42,794: initializing /rosout core topic
[rospy.rosout][INFO] 2025-08-19 14:44:42,800: connected to core topic /rosout
[rospy.simtime][INFO] 2025-08-19 14:44:42,803: /use_sim_time is not set, will not subscribe to simulated time [/clock] topic
[rospy.impl.masterslave][INFO] 2025-08-19 14:44:42,834: external shutdown request from [/master]: [/rosbridge_websocket] Reason: new node registered with same name
[rospy.core][INFO] 2025-08-19 14:44:42,834: signal_shutdown [external shutdown request from [/master]: [[/rosbridge_websocket] Reason: new node registered with same name]]
[rospy.internal][INFO] 2025-08-19 14:44:42,838: topic[/rosout] removing connection to /rosout
[rospy.internal][INFO] 2025-08-19 14:44:42,849: topic[/kelpie/command_input] removing connection to /kelpie
[rosout][WARNING] 2025-08-19 14:44:42,867: Unable to start server: Couldn't listen on any:9090: [Errno 98] Address already in use. Retrying in 5s.
[rosout][INFO] 2025-08-19 14:44:42,896: Client disconnected. 0 clients total.
[rospy.core][INFO] 2025-08-19 14:44:42,901: signal_shutdown [atexit]
[rospy.impl.masterslave][INFO] 2025-08-19 14:44:42,948: external shutdown request from [/master]: [/rosbridge_websocket] Reason: new node registered with same name
[rospy.core][INFO] 2025-08-19 14:44:42,949: signal_shutdown [external shutdown request from [/master]: [[/rosbridge_websocket] Reason: new node registered with same name]]
[rospy.core][WARNING] 2025-08-19 14:44:47,873: add_shutdown_hook called after shutdown
[rosout][WARNING] 2025-08-19 14:44:47,874: Can't stop the reactor, it wasn't running
[rospy.core][INFO] 2025-08-19 14:45:16,857: signal_shutdown [signal-2]
[rospy.core][INFO] 2025-08-19 14:45:31,890: signal_shutdown [atexit]
