[rospy.client][INFO] 2025-08-14 14:24:38,428: init_node, name[/kelpie], pid[16943]
[xmlrpc][INFO] 2025-08-14 14:24:38,430: XML-RPC server binding to 127.0.0.1:0
[xmlrpc][INFO] 2025-08-14 14:24:38,432: Started XML-RPC server [http://localhost:44485/]
[rospy.init][INFO] 2025-08-14 14:24:38,432: ROS Slave URI: [http://localhost:44485/]
[rospy.impl.masterslave][INFO] 2025-08-14 14:24:38,433: _ready: http://localhost:44485/
[rospy.registration][INFO] 2025-08-14 14:24:38,435: Registering with master node http://localhost:11311/
[xmlrpc][INFO] 2025-08-14 14:24:38,436: xml rpc node: starting XML-RPC server
[rospy.init][INFO] 2025-08-14 14:24:38,533: registered with master
[rospy.rosout][INFO] 2025-08-14 14:24:38,534: initializing /rosout core topic
[rospy.rosout][INFO] 2025-08-14 14:24:38,552: connected to core topic /rosout
[rospy.simtime][INFO] 2025-08-14 14:24:38,556: /use_sim_time is not set, will not subscribe to simulated time [/clock] topic
[rosout][INFO] 2025-08-14 14:24:38,631: Creating input listener...
[rosout][INFO] 2025-08-14 14:24:38,644: Input listener successfully initialised... Robot will now receive commands via Joy messages
[rosout][INFO] 2025-08-14 14:24:38,650: Summary of current gait parameters:
[rosout][INFO] 2025-08-14 14:24:38,655: overlap time: 0.04
[rosout][INFO] 2025-08-14 14:24:38,660: swing time: 0.07
[rosout][INFO] 2025-08-14 14:24:38,665: z clearance: 0.08
[rosout][INFO] 2025-08-14 14:24:38,670: back leg x shift: 0.00
[rosout][INFO] 2025-08-14 14:24:38,674: front leg x shift: 0.05
[rosout][INFO] 2025-08-14 14:24:38,679: Manual robot control active. Currently not accepting external commands
[rospy.internal][INFO] 2025-08-14 14:24:38,859: topic[/rosout] adding connection to [/rosout], count 0
[rospy.internal][INFO] 2025-08-14 14:24:39,318: topic[/kelpie/leg_control/currents] adding connection to [http://localhost:34245/], count 0
[rospy.internal][INFO] 2025-08-14 14:24:39,372: topic[/kelpie/imu] adding connection to [http://localhost:34245/], count 0
[rospy.internal][INFO] 2025-08-14 14:24:39,388: topic[/kelpie/battery/voltage] adding connection to [http://localhost:34245/], count 0
[rospy.internal][INFO] 2025-08-14 14:24:39,459: topic[/kelpie/leg_control/joint_states] adding connection to [/hardware], count 0
[rospy.internal][INFO] 2025-08-14 14:24:39,595: topic[/kelpie/command_input] adding connection to [http://localhost:34245/], count 0
[rospy.internal][INFO] 2025-08-14 14:26:47,855: topic[/kelpie/leg_control/currents] removing connection to http://localhost:34245/
[rospy.internal][INFO] 2025-08-14 14:26:47,857: topic[/kelpie/battery/voltage] removing connection to http://localhost:34245/
[rospy.internal][INFO] 2025-08-14 14:26:47,859: topic[/kelpie/imu] removing connection to http://localhost:34245/
[rospy.internal][INFO] 2025-08-14 14:26:47,862: topic[/kelpie/command_input] removing connection to http://localhost:34245/
[rospy.internal][INFO] 2025-08-14 14:26:48,028: topic[/kelpie/leg_control/joint_states] removing connection to /hardware
[rospy.core][INFO] 2025-08-14 14:27:02,861: signal_shutdown [signal-15]
[rospy.internal][INFO] 2025-08-14 14:27:02,870: topic[/rosout] removing connection to /rosout
[rospy.impl.masterslave][INFO] 2025-08-14 14:27:02,871: signal-15
