[rospy.client][INFO] 2025-08-11 15:55:10,317: init_node, name[/kelpie], pid[2039]
[xmlrpc][INFO] 2025-08-11 15:55:10,319: XML-RPC server binding to 127.0.0.1:0
[xmlrpc][INFO] 2025-08-11 15:55:10,321: Started XML-RPC server [http://localhost:33953/]
[rospy.init][INFO] 2025-08-11 15:55:10,322: ROS Slave URI: [http://localhost:33953/]
[rospy.impl.masterslave][INFO] 2025-08-11 15:55:10,322: _ready: http://localhost:33953/
[rospy.registration][INFO] 2025-08-11 15:55:10,325: Registering with master node http://localhost:11311
[xmlrpc][INFO] 2025-08-11 15:55:10,326: xml rpc node: starting XML-RPC server
[rospy.init][INFO] 2025-08-11 15:55:10,423: registered with master
[rospy.rosout][INFO] 2025-08-11 15:55:10,424: initializing /rosout core topic
[rospy.rosout][INFO] 2025-08-11 15:55:10,436: connected to core topic /rosout
[rospy.simtime][INFO] 2025-08-11 15:55:10,440: /use_sim_time is not set, will not subscribe to simulated time [/clock] topic
[rosout][INFO] 2025-08-11 15:55:10,503: Creating input listener...
[rosout][INFO] 2025-08-11 15:55:10,519: Input listener successfully initialised... Robot will now receive commands via Joy messages
[rosout][INFO] 2025-08-11 15:55:10,525: Summary of current gait parameters:
[rosout][INFO] 2025-08-11 15:55:10,530: overlap time: 0.04
[rosout][INFO] 2025-08-11 15:55:10,535: swing time: 0.07
[rosout][INFO] 2025-08-11 15:55:10,541: z clearance: 0.08
[rosout][INFO] 2025-08-11 15:55:10,546: back leg x shift: 0.00
[rosout][INFO] 2025-08-11 15:55:10,552: front leg x shift: 0.05
[rosout][INFO] 2025-08-11 15:55:10,558: Manual robot control active. Currently not accepting external commands
[rospy.internal][INFO] 2025-08-11 15:55:10,627: topic[/rosout] adding connection to [/rosout], count 0
[rospy.core][INFO] 2025-08-11 15:58:23,138: signal_shutdown [signal-15]
[rospy.internal][INFO] 2025-08-11 15:58:23,152: topic[/rosout] removing connection to /rosout
[rospy.impl.masterslave][INFO] 2025-08-11 15:58:23,153: signal-15
