[rosmaster.main][INFO] 2025-08-11 12:56:24,995: initialization complete, waiting for shutdown
[rosmaster.main][INFO] 2025-08-11 12:56:24,995: Starting ROS Master Node
[xmlrpc][INFO] 2025-08-11 12:56:24,997: XML-RPC server binding to 127.0.0.1:11311
[xmlrpc][INFO] 2025-08-11 12:56:24,998: Started XML-RPC server [http://localhost:11311/]
[rosmaster.master][INFO] 2025-08-11 12:56:24,998: Master initialized: port[11311], uri[http://localhost:11311/]
[xmlrpc][INFO] 2025-08-11 12:56:24,998: xml rpc node: starting XML-RPC server
[rosmaster.master][INFO] 2025-08-11 12:56:25,116: +PARAM [/run_id] by /roslaunch
[rosmaster.master][INFO] 2025-08-11 12:56:25,119: +PARAM [/roslaunch/uris/host_localhost__34007] by /roslaunch
[rosmaster.master][INFO] 2025-08-11 12:56:25,255: +PARAM [/rosversion] by /roslaunch
[rosmaster.master][INFO] 2025-08-11 12:56:25,255: +PARAM [/rosdistro] by /roslaunch
[rosmaster.master][INFO] 2025-08-11 12:56:25,255: +PARAM [/rosbridge_websocket/authenticate] by /roslaunch
[rosmaster.master][INFO] 2025-08-11 12:56:25,256: +PARAM [/rosbridge_websocket/port] by /roslaunch
[rosmaster.master][INFO] 2025-08-11 12:56:25,256: +PARAM [/rosbridge_websocket/address] by /roslaunch
[rosmaster.master][INFO] 2025-08-11 12:56:25,256: +PARAM [/rosbridge_websocket/retry_startup_delay] by /roslaunch
[rosmaster.master][INFO] 2025-08-11 12:56:25,257: +PARAM [/rosbridge_websocket/fragment_timeout] by /roslaunch
[rosmaster.master][INFO] 2025-08-11 12:56:25,257: +PARAM [/rosbridge_websocket/delay_between_messages] by /roslaunch
[rosmaster.master][INFO] 2025-08-11 12:56:25,257: +PARAM [/rosbridge_websocket/max_message_size] by /roslaunch
[rosmaster.master][INFO] 2025-08-11 12:56:25,257: +PARAM [/rosbridge_websocket/unregister_timeout] by /roslaunch
[rosmaster.master][INFO] 2025-08-11 12:56:25,257: +PARAM [/rosbridge_websocket/use_compression] by /roslaunch
[rosmaster.master][INFO] 2025-08-11 12:56:25,258: +PARAM [/rosbridge_websocket/websocket_ping_interval] by /roslaunch
[rosmaster.master][INFO] 2025-08-11 12:56:25,258: +PARAM [/rosbridge_websocket/websocket_ping_timeout] by /roslaunch
[rosmaster.master][INFO] 2025-08-11 12:56:25,258: +PARAM [/rosbridge_websocket/websocket_external_port] by /roslaunch
[rosmaster.master][INFO] 2025-08-11 12:56:25,258: +PARAM [/rosbridge_websocket/topics_glob] by /roslaunch
[rosmaster.master][INFO] 2025-08-11 12:56:25,259: +PARAM [/rosbridge_websocket/services_glob] by /roslaunch
[rosmaster.master][INFO] 2025-08-11 12:56:25,259: +PARAM [/rosbridge_websocket/params_glob] by /roslaunch
[rosmaster.master][INFO] 2025-08-11 12:56:25,259: +PARAM [/rosbridge_websocket/bson_only_mode] by /roslaunch
[rosmaster.master][INFO] 2025-08-11 12:56:25,259: +PARAM [/rosapi/topics_glob] by /roslaunch
[rosmaster.master][INFO] 2025-08-11 12:56:25,260: +PARAM [/rosapi/services_glob] by /roslaunch
[rosmaster.master][INFO] 2025-08-11 12:56:25,261: +PARAM [/rosapi/params_glob] by /roslaunch
[rosmaster.master][INFO] 2025-08-11 12:56:25,264: +SERVICE [/rosout/get_loggers] /rosout http://localhost:35265/
[rosmaster.master][INFO] 2025-08-11 12:56:25,267: +SERVICE [/rosout/set_logger_level] /rosout http://localhost:35265/
[rosmaster.master][INFO] 2025-08-11 12:56:25,273: +PUB [/rosout_agg] /rosout http://localhost:35265/
[rosmaster.master][INFO] 2025-08-11 12:56:25,286: +SUB [/rosout] /rosout http://localhost:35265/
[rosmaster.master][INFO] 2025-08-11 12:56:26,517: +PUB [/rosout] /rosapi http://localhost:46165/
[rosmaster.master][INFO] 2025-08-11 12:56:26,524: +SERVICE [/rosapi/get_loggers] /rosapi http://localhost:46165/
[rosmaster.master][INFO] 2025-08-11 12:56:26,527: +SERVICE [/rosapi/set_logger_level] /rosapi http://localhost:46165/
[rosmaster.master][INFO] 2025-08-11 12:56:26,536: +SERVICE [/rosapi/topics] /rosapi http://localhost:46165/
[rosmaster.master][INFO] 2025-08-11 12:56:26,539: +SERVICE [/rosapi/topics_for_type] /rosapi http://localhost:46165/
[rosmaster.master][INFO] 2025-08-11 12:56:26,542: +SERVICE [/rosapi/services] /rosapi http://localhost:46165/
[rosmaster.master][INFO] 2025-08-11 12:56:26,545: +SERVICE [/rosapi/services_for_type] /rosapi http://localhost:46165/
[rosmaster.master][INFO] 2025-08-11 12:56:26,548: +SERVICE [/rosapi/nodes] /rosapi http://localhost:46165/
[rosmaster.master][INFO] 2025-08-11 12:56:26,551: +SERVICE [/rosapi/node_details] /rosapi http://localhost:46165/
[rosmaster.master][INFO] 2025-08-11 12:56:26,554: +SERVICE [/rosapi/action_servers] /rosapi http://localhost:46165/
[rosmaster.master][INFO] 2025-08-11 12:56:26,558: +SERVICE [/rosapi/topic_type] /rosapi http://localhost:46165/
[rosmaster.master][INFO] 2025-08-11 12:56:26,561: +SERVICE [/rosapi/service_type] /rosapi http://localhost:46165/
[rosmaster.master][INFO] 2025-08-11 12:56:26,564: +SERVICE [/rosapi/publishers] /rosapi http://localhost:46165/
[rosmaster.master][INFO] 2025-08-11 12:56:26,567: +SERVICE [/rosapi/subscribers] /rosapi http://localhost:46165/
[rosmaster.master][INFO] 2025-08-11 12:56:26,569: +SERVICE [/rosapi/service_providers] /rosapi http://localhost:46165/
[rosmaster.master][INFO] 2025-08-11 12:56:26,572: +SERVICE [/rosapi/service_node] /rosapi http://localhost:46165/
[rosmaster.master][INFO] 2025-08-11 12:56:26,575: +SERVICE [/rosapi/service_host] /rosapi http://localhost:46165/
[rosmaster.master][INFO] 2025-08-11 12:56:26,578: +SERVICE [/rosapi/message_details] /rosapi http://localhost:46165/
[rosmaster.master][INFO] 2025-08-11 12:56:26,580: +SERVICE [/rosapi/service_request_details] /rosapi http://localhost:46165/
[rosmaster.master][INFO] 2025-08-11 12:56:26,583: +SERVICE [/rosapi/service_response_details] /rosapi http://localhost:46165/
[rosmaster.master][INFO] 2025-08-11 12:56:26,586: +SERVICE [/rosapi/set_param] /rosapi http://localhost:46165/
[rosmaster.master][INFO] 2025-08-11 12:56:26,589: +SERVICE [/rosapi/get_param] /rosapi http://localhost:46165/
[rosmaster.master][INFO] 2025-08-11 12:56:26,591: +SERVICE [/rosapi/has_param] /rosapi http://localhost:46165/
[rosmaster.master][INFO] 2025-08-11 12:56:26,594: +SERVICE [/rosapi/search_param] /rosapi http://localhost:46165/
[rosmaster.master][INFO] 2025-08-11 12:56:26,597: +SERVICE [/rosapi/delete_param] /rosapi http://localhost:46165/
[rosmaster.master][INFO] 2025-08-11 12:56:26,599: publisherUpdate[/rosout] -> http://localhost:35265/ ['http://localhost:46165/']
[rosmaster.master][INFO] 2025-08-11 12:56:26,600: +SERVICE [/rosapi/get_param_names] /rosapi http://localhost:46165/
[rosmaster.master][INFO] 2025-08-11 12:56:26,607: +SERVICE [/rosapi/get_time] /rosapi http://localhost:46165/
[rosmaster.master][INFO] 2025-08-11 12:56:26,611: +SERVICE [/rosapi/topics_and_raw_types] /rosapi http://localhost:46165/
[rosmaster.master][INFO] 2025-08-11 12:56:26,612: publisherUpdate[/rosout] -> http://localhost:35265/ ['http://localhost:46165/']: sec=0.01, result=[1, '', 0]
[rosmaster.master][INFO] 2025-08-11 12:56:26,616: +CACHEDPARAM [/rosout_disable_topics_generation] by /rosapi
[rosmaster.master][INFO] 2025-08-11 12:56:26,818: +CACHEDPARAM [/rosout/omit_topics] by /rosout
[rosmaster.master][INFO] 2025-08-11 12:56:27,087: +PUB [/rosout] /rosbridge_websocket http://localhost:37097/
[rosmaster.master][INFO] 2025-08-11 12:56:27,095: +SERVICE [/rosbridge_websocket/get_loggers] /rosbridge_websocket http://localhost:37097/
[rosmaster.master][INFO] 2025-08-11 12:56:27,098: +SERVICE [/rosbridge_websocket/set_logger_level] /rosbridge_websocket http://localhost:37097/
[rosmaster.master][INFO] 2025-08-11 12:56:27,101: publisherUpdate[/rosout] -> http://localhost:35265/ ['http://localhost:46165/', 'http://localhost:37097/']
[rosmaster.master][INFO] 2025-08-11 12:56:27,110: publisherUpdate[/rosout] -> http://localhost:35265/ ['http://localhost:46165/', 'http://localhost:37097/']: sec=0.01, result=[1, '', 0]
[rosmaster.master][INFO] 2025-08-11 12:56:27,139: +PUB [/client_count] /rosbridge_websocket http://localhost:37097/
[rosmaster.master][INFO] 2025-08-11 12:56:27,142: +PUB [/connected_clients] /rosbridge_websocket http://localhost:37097/
[rosmaster.master][INFO] 2025-08-11 12:56:27,151: +PARAM [/rosbridge_websocket/actual_port] by /rosbridge_websocket
[rosmaster.master][INFO] 2025-08-11 12:56:27,159: +CACHEDPARAM [/rosout_disable_topics_generation] by /rosbridge_websocket
[rosmaster.master][INFO] 2025-08-11 12:57:19,291: -PUB [/rosout] /rosapi http://localhost:46165/
[rosmaster.master][INFO] 2025-08-11 12:57:19,293: -PUB [/rosout] /rosbridge_websocket http://localhost:37097/
[rosmaster.master][INFO] 2025-08-11 12:57:19,293: -SERVICE [/rosapi/get_loggers] /rosapi rosrpc://localhost:33013
[rosmaster.master][INFO] 2025-08-11 12:57:19,294: -PUB [/client_count] /rosbridge_websocket http://localhost:37097/
[rosmaster.master][INFO] 2025-08-11 12:57:19,294: -SERVICE [/rosapi/set_logger_level] /rosapi rosrpc://localhost:33013
[rosmaster.master][INFO] 2025-08-11 12:57:19,294: publisherUpdate[/rosout] -> http://localhost:35265/ ['http://localhost:37097/']
[rosmaster.master][INFO] 2025-08-11 12:57:19,294: -PUB [/connected_clients] /rosbridge_websocket http://localhost:37097/
[rosmaster.master][INFO] 2025-08-11 12:57:19,295: -SERVICE [/rosapi/topics] /rosapi rosrpc://localhost:33013
[rosmaster.master][INFO] 2025-08-11 12:57:19,296: -SERVICE [/rosbridge_websocket/get_loggers] /rosbridge_websocket rosrpc://localhost:43853
[rosmaster.master][INFO] 2025-08-11 12:57:19,296: -SERVICE [/rosapi/topics_for_type] /rosapi rosrpc://localhost:33013
[rosmaster.master][INFO] 2025-08-11 12:57:19,297: -SERVICE [/rosbridge_websocket/set_logger_level] /rosbridge_websocket rosrpc://localhost:43853
[rosmaster.master][INFO] 2025-08-11 12:57:19,298: publisherUpdate[/rosout] -> http://localhost:35265/ ['http://localhost:37097/']: sec=0.00, result=[1, '', 0]
[rosmaster.master][INFO] 2025-08-11 12:57:19,299: -SERVICE [/rosapi/services] /rosapi rosrpc://localhost:33013
[rosmaster.master][INFO] 2025-08-11 12:57:19,299: publisherUpdate[/rosout] -> http://localhost:35265/ []
[rosmaster.master][INFO] 2025-08-11 12:57:19,300: -SERVICE [/rosapi/services_for_type] /rosapi rosrpc://localhost:33013
[rosmaster.master][INFO] 2025-08-11 12:57:19,301: -SERVICE [/rosapi/nodes] /rosapi rosrpc://localhost:33013
[rosmaster.master][INFO] 2025-08-11 12:57:19,302: publisherUpdate[/rosout] -> http://localhost:35265/ []: sec=0.00, result=[1, '', 0]
[rosmaster.master][INFO] 2025-08-11 12:57:19,302: -SERVICE [/rosapi/node_details] /rosapi rosrpc://localhost:33013
[rosmaster.master][INFO] 2025-08-11 12:57:19,303: -SERVICE [/rosapi/action_servers] /rosapi rosrpc://localhost:33013
[rosmaster.master][INFO] 2025-08-11 12:57:19,303: -SERVICE [/rosapi/topic_type] /rosapi rosrpc://localhost:33013
[rosmaster.master][INFO] 2025-08-11 12:57:19,304: -SERVICE [/rosapi/service_type] /rosapi rosrpc://localhost:33013
[rosmaster.master][INFO] 2025-08-11 12:57:19,304: -SERVICE [/rosapi/publishers] /rosapi rosrpc://localhost:33013
[rosmaster.master][INFO] 2025-08-11 12:57:19,304: -SERVICE [/rosapi/subscribers] /rosapi rosrpc://localhost:33013
[rosmaster.master][INFO] 2025-08-11 12:57:19,304: -SERVICE [/rosapi/service_providers] /rosapi rosrpc://localhost:33013
[rosmaster.master][INFO] 2025-08-11 12:57:19,305: -SERVICE [/rosapi/service_node] /rosapi rosrpc://localhost:33013
[rosmaster.master][INFO] 2025-08-11 12:57:19,305: -SERVICE [/rosapi/service_host] /rosapi rosrpc://localhost:33013
[rosmaster.master][INFO] 2025-08-11 12:57:19,305: -SERVICE [/rosapi/message_details] /rosapi rosrpc://localhost:33013
[rosmaster.master][INFO] 2025-08-11 12:57:19,305: -SERVICE [/rosapi/service_request_details] /rosapi rosrpc://localhost:33013
[rosmaster.master][INFO] 2025-08-11 12:57:19,306: -SERVICE [/rosapi/service_response_details] /rosapi rosrpc://localhost:33013
[rosmaster.master][INFO] 2025-08-11 12:57:19,306: -SERVICE [/rosapi/set_param] /rosapi rosrpc://localhost:33013
[rosmaster.master][INFO] 2025-08-11 12:57:19,306: -SERVICE [/rosapi/get_param] /rosapi rosrpc://localhost:33013
[rosmaster.master][INFO] 2025-08-11 12:57:19,306: -SERVICE [/rosapi/has_param] /rosapi rosrpc://localhost:33013
[rosmaster.master][INFO] 2025-08-11 12:57:19,307: -SERVICE [/rosapi/search_param] /rosapi rosrpc://localhost:33013
[rosmaster.master][INFO] 2025-08-11 12:57:19,307: -SERVICE [/rosapi/delete_param] /rosapi rosrpc://localhost:33013
[rosmaster.master][INFO] 2025-08-11 12:57:19,307: -SERVICE [/rosapi/get_param_names] /rosapi rosrpc://localhost:33013
[rosmaster.master][INFO] 2025-08-11 12:57:19,307: -SERVICE [/rosapi/get_time] /rosapi rosrpc://localhost:33013
[rosmaster.master][INFO] 2025-08-11 12:57:19,308: -SERVICE [/rosapi/topics_and_raw_types] /rosapi rosrpc://localhost:33013
[rosmaster.master][INFO] 2025-08-11 12:57:20,404: -PUB [/rosout_agg] /rosout http://localhost:35265/
[rosmaster.master][INFO] 2025-08-11 12:57:20,406: -SUB [/rosout] /rosout http://localhost:35265/
[rosmaster.master][INFO] 2025-08-11 12:57:20,407: -SERVICE [/rosout/get_loggers] /rosout rosrpc://localhost:35285
[rosmaster.master][INFO] 2025-08-11 12:57:20,408: -SERVICE [/rosout/set_logger_level] /rosout rosrpc://localhost:35285
[rosmaster.master][INFO] 2025-08-11 12:57:20,410: -CACHEDPARAM [/rosout/omit_topics] by /rosout
[rosmaster.main][INFO] 2025-08-11 12:57:20,495: keyboard interrupt, will exit
[rosmaster.main][INFO] 2025-08-11 12:57:20,495: stopping master...
[rospy.core][INFO] 2025-08-11 12:57:20,496: signal_shutdown [atexit]
