[rospy.client][INFO] 2025-08-11 15:40:46,536: init_node, name[/kelpie], pid[1671]
[xmlrpc][INFO] 2025-08-11 15:40:46,538: XML-RPC server binding to 127.0.0.1:0
[xmlrpc][INFO] 2025-08-11 15:40:46,539: Started XML-RPC server [http://localhost:39391/]
[rospy.init][INFO] 2025-08-11 15:40:46,540: ROS Slave URI: [http://localhost:39391/]
[rospy.impl.masterslave][INFO] 2025-08-11 15:40:46,541: _ready: http://localhost:39391/
[rospy.registration][INFO] 2025-08-11 15:40:46,543: Registering with master node http://localhost:11311
[xmlrpc][INFO] 2025-08-11 15:40:46,544: xml rpc node: starting XML-RPC server
[rospy.init][INFO] 2025-08-11 15:40:46,641: registered with master
[rospy.rosout][INFO] 2025-08-11 15:40:46,642: initializing /rosout core topic
[rospy.rosout][INFO] 2025-08-11 15:40:46,656: connected to core topic /rosout
[rospy.simtime][INFO] 2025-08-11 15:40:46,660: /use_sim_time is not set, will not subscribe to simulated time [/clock] topic
[rosout][INFO] 2025-08-11 15:40:46,698: Creating input listener...
[rosout][INFO] 2025-08-11 15:40:46,713: Input listener successfully initialised... Robot will now receive commands via Joy messages
[rosout][INFO] 2025-08-11 15:40:46,725: Summary of current gait parameters:
[rosout][INFO] 2025-08-11 15:40:46,736: overlap time: 0.04
[rosout][INFO] 2025-08-11 15:40:46,746: swing time: 0.07
[rosout][INFO] 2025-08-11 15:40:46,762: z clearance: 0.08
[rosout][INFO] 2025-08-11 15:40:46,767: back leg x shift: 0.00
[rosout][INFO] 2025-08-11 15:40:46,773: front leg x shift: 0.05
[rosout][INFO] 2025-08-11 15:40:46,781: Manual robot control active. Currently not accepting external commands
[rospy.internal][INFO] 2025-08-11 15:40:46,982: topic[/rosout] adding connection to [/rosout], count 0
[rospy.core][INFO] 2025-08-11 15:41:20,168: signal_shutdown [signal-15]
[rospy.internal][INFO] 2025-08-11 15:41:20,182: topic[/rosout] removing connection to /rosout
[rospy.impl.masterslave][INFO] 2025-08-11 15:41:20,183: signal-15
