[rospy.client][INFO] 2025-08-13 17:07:01,440: init_node, name[/hardware], pid[2246]
[xmlrpc][INFO] 2025-08-13 17:07:01,460: XML-RPC server binding to 127.0.0.1:0
[xmlrpc][INFO] 2025-08-13 17:07:01,461: Started XML-RPC server [http://localhost:34233/]
[rospy.init][INFO] 2025-08-13 17:07:01,461: ROS Slave URI: [http://localhost:34233/]
[rospy.impl.masterslave][INFO] 2025-08-13 17:07:01,462: _ready: http://localhost:34233/
[rospy.registration][INFO] 2025-08-13 17:07:01,465: Registering with master node http://localhost:11311
[xmlrpc][INFO] 2025-08-13 17:07:01,466: xml rpc node: starting XML-RPC server
[rospy.registration][INFO] 2025-08-13 17:07:01,466: Registering publisher topic [/kelpie/leg_control/currents] type [kelpie/joint_states] with master
[rospy.registration][INFO] 2025-08-13 17:07:01,496: Registering publisher topic [/kelpie/battery/voltage] type [kelpie/vec_3d_float32] with master
[rospy.registration][INFO] 2025-08-13 17:07:01,503: Registering publisher topic [/kelpie/imu] type [kelpie/imu] with master
[rospy.init][INFO] 2025-08-13 17:07:01,563: registered with master
[rospy.rosout][INFO] 2025-08-13 17:07:01,564: initializing /rosout core topic
[rospy.rosout][INFO] 2025-08-13 17:07:01,572: connected to core topic /rosout
[rospy.simtime][INFO] 2025-08-13 17:07:01,577: /use_sim_time is not set, will not subscribe to simulated time [/clock] topic
[rospy.internal][INFO] 2025-08-13 17:07:01,673: topic[/kelpie/leg_control/currents] adding connection to [/kelpie], count 0
[rospy.internal][INFO] 2025-08-13 17:07:01,680: topic[/kelpie/imu] adding connection to [/kelpie], count 0
[rospy.internal][INFO] 2025-08-13 17:07:01,685: topic[/kelpie/battery/voltage] adding connection to [/kelpie], count 0
[rospy.internal][INFO] 2025-08-13 17:07:01,758: topic[/kelpie/leg_control/joint_states] adding connection to [http://localhost:42597/], count 0
[rospy.internal][INFO] 2025-08-13 17:07:01,806: topic[/rosout] adding connection to [/rosout], count 0
[rospy.internal][INFO] 2025-08-13 17:07:01,990: topic[/kelpie/command_input] adding connection to [/kelpie], count 0
[rospy.core][INFO] 2025-08-13 17:07:14,617: signal_shutdown [signal-2]
[rospy.internal][INFO] 2025-08-13 17:07:14,648: topic[/kelpie/leg_control/currents] removing connection to /kelpie
[rospy.internal][INFO] 2025-08-13 17:07:14,649: topic[/kelpie/battery/voltage] removing connection to /kelpie
[rospy.internal][INFO] 2025-08-13 17:07:14,650: topic[/kelpie/imu] removing connection to /kelpie
[rospy.internal][INFO] 2025-08-13 17:07:14,651: topic[/rosout] removing connection to /rosout
[rospy.internal][INFO] 2025-08-13 17:07:14,652: topic[/kelpie/command_input] removing connection to /kelpie
[rospy.internal][INFO] 2025-08-13 17:07:14,654: topic[/kelpie/leg_control/joint_states] removing connection to http://localhost:42597/
[rospy.impl.masterslave][INFO] 2025-08-13 17:07:14,656: signal-2
[rospy.core][INFO] 2025-08-13 17:07:29,656: signal_shutdown [signal-15]
