[rospy.client][INFO] 2025-08-13 17:07:00,792: init_node, name[/kelpie], pid[2243]
[xmlrpc][INFO] 2025-08-13 17:07:00,794: XML-RPC server binding to 127.0.0.1:0
[xmlrpc][INFO] 2025-08-13 17:07:00,795: Started XML-RPC server [http://localhost:42597/]
[rospy.impl.masterslave][INFO] 2025-08-13 17:07:00,796: _ready: http://localhost:42597/
[rospy.init][INFO] 2025-08-13 17:07:00,797: ROS Slave URI: [http://localhost:42597/]
[rospy.registration][INFO] 2025-08-13 17:07:00,799: Registering with master node http://localhost:11311
[xmlrpc][INFO] 2025-08-13 17:07:00,799: xml rpc node: starting XML-RPC server
[rospy.init][INFO] 2025-08-13 17:07:00,899: registered with master
[rospy.rosout][INFO] 2025-08-13 17:07:00,900: initializing /rosout core topic
[rospy.rosout][INFO] 2025-08-13 17:07:00,926: connected to core topic /rosout
[rospy.simtime][INFO] 2025-08-13 17:07:00,931: /use_sim_time is not set, will not subscribe to simulated time [/clock] topic
[rosout][INFO] 2025-08-13 17:07:00,976: Creating input listener...
[rosout][INFO] 2025-08-13 17:07:00,990: Input listener successfully initialised... Robot will now receive commands via Joy messages
[rosout][INFO] 2025-08-13 17:07:01,003: Summary of current gait parameters:
[rosout][INFO] 2025-08-13 17:07:01,012: overlap time: 0.04
[rosout][INFO] 2025-08-13 17:07:01,022: swing time: 0.07
[rosout][INFO] 2025-08-13 17:07:01,033: z clearance: 0.08
[rosout][INFO] 2025-08-13 17:07:01,047: back leg x shift: 0.00
[rosout][INFO] 2025-08-13 17:07:01,058: front leg x shift: 0.05
[rosout][INFO] 2025-08-13 17:07:01,069: Manual robot control active. Currently not accepting external commands
[rospy.internal][INFO] 2025-08-13 17:07:01,189: topic[/rosout] adding connection to [/rosout], count 0
[rospy.internal][INFO] 2025-08-13 17:07:01,608: topic[/kelpie/leg_control/currents] adding connection to [http://localhost:34233/], count 0
[rospy.internal][INFO] 2025-08-13 17:07:01,610: topic[/kelpie/battery/voltage] adding connection to [http://localhost:34233/], count 0
[rospy.internal][INFO] 2025-08-13 17:07:01,643: topic[/kelpie/imu] adding connection to [http://localhost:34233/], count 0
[rospy.internal][INFO] 2025-08-13 17:07:01,819: topic[/kelpie/leg_control/joint_states] adding connection to [/hardware], count 0
[rospy.internal][INFO] 2025-08-13 17:07:01,929: topic[/kelpie/command_input] adding connection to [http://localhost:34233/], count 0
[rospy.internal][INFO] 2025-08-13 17:07:14,650: topic[/kelpie/leg_control/currents] removing connection to http://localhost:34233/
[rospy.internal][INFO] 2025-08-13 17:07:14,653: topic[/kelpie/battery/voltage] removing connection to http://localhost:34233/
[rospy.internal][INFO] 2025-08-13 17:07:14,654: topic[/kelpie/command_input] removing connection to http://localhost:34233/
[rospy.internal][INFO] 2025-08-13 17:07:14,656: topic[/kelpie/imu] removing connection to http://localhost:34233/
[rospy.internal][INFO] 2025-08-13 17:07:14,660: topic[/kelpie/leg_control/joint_states] removing connection to /hardware
[rospy.core][INFO] 2025-08-13 17:07:29,656: signal_shutdown [signal-15]
[rospy.internal][INFO] 2025-08-13 17:07:29,665: topic[/rosout] removing connection to /rosout
[rospy.impl.masterslave][INFO] 2025-08-13 17:07:29,666: signal-15
