[rosmaster.main][INFO] 2025-08-13 17:06:58,800: initialization complete, waiting for shutdown
[rosmaster.main][INFO] 2025-08-13 17:06:58,800: Starting ROS Master Node
[xmlrpc][INFO] 2025-08-13 17:06:58,802: XML-RPC server binding to 127.0.0.1:11311
[xmlrpc][INFO] 2025-08-13 17:06:58,802: Started XML-RPC server [http://localhost:11311/]
[rosmaster.master][INFO] 2025-08-13 17:06:58,803: Master initialized: port[11311], uri[http://localhost:11311/]
[xmlrpc][INFO] 2025-08-13 17:06:58,803: xml rpc node: starting XML-RPC server
[rosmaster.master][INFO] 2025-08-13 17:06:58,819: +PARAM [/run_id] by /roslaunch
[rosmaster.master][INFO] 2025-08-13 17:06:58,822: +PARAM [/roslaunch/uris/host_localhost__46151] by /roslaunch
[rosmaster.master][INFO] 2025-08-13 17:06:58,957: +PARAM [/rosversion] by /roslaunch
[rosmaster.master][INFO] 2025-08-13 17:06:58,957: +PARAM [/rosdistro] by /roslaunch
[rosmaster.master][INFO] 2025-08-13 17:06:58,958: +PARAM [/rosbridge_websocket/authenticate] by /roslaunch
[rosmaster.master][INFO] 2025-08-13 17:06:58,958: +PARAM [/rosbridge_websocket/port] by /roslaunch
[rosmaster.master][INFO] 2025-08-13 17:06:58,958: +PARAM [/rosbridge_websocket/address] by /roslaunch
[rosmaster.master][INFO] 2025-08-13 17:06:58,958: +PARAM [/rosbridge_websocket/retry_startup_delay] by /roslaunch
[rosmaster.master][INFO] 2025-08-13 17:06:58,959: +PARAM [/rosbridge_websocket/fragment_timeout] by /roslaunch
[rosmaster.master][INFO] 2025-08-13 17:06:58,959: +PARAM [/rosbridge_websocket/delay_between_messages] by /roslaunch
[rosmaster.master][INFO] 2025-08-13 17:06:58,959: +PARAM [/rosbridge_websocket/max_message_size] by /roslaunch
[rosmaster.master][INFO] 2025-08-13 17:06:58,959: +PARAM [/rosbridge_websocket/unregister_timeout] by /roslaunch
[rosmaster.master][INFO] 2025-08-13 17:06:58,959: +PARAM [/rosbridge_websocket/use_compression] by /roslaunch
[rosmaster.master][INFO] 2025-08-13 17:06:58,960: +PARAM [/rosbridge_websocket/websocket_ping_interval] by /roslaunch
[rosmaster.master][INFO] 2025-08-13 17:06:58,960: +PARAM [/rosbridge_websocket/websocket_ping_timeout] by /roslaunch
[rosmaster.master][INFO] 2025-08-13 17:06:58,960: +PARAM [/rosbridge_websocket/websocket_external_port] by /roslaunch
[rosmaster.master][INFO] 2025-08-13 17:06:58,960: +PARAM [/rosbridge_websocket/topics_glob] by /roslaunch
[rosmaster.master][INFO] 2025-08-13 17:06:58,961: +PARAM [/rosbridge_websocket/services_glob] by /roslaunch
[rosmaster.master][INFO] 2025-08-13 17:06:58,961: +PARAM [/rosbridge_websocket/params_glob] by /roslaunch
[rosmaster.master][INFO] 2025-08-13 17:06:58,961: +PARAM [/rosbridge_websocket/bson_only_mode] by /roslaunch
[rosmaster.master][INFO] 2025-08-13 17:06:58,962: +PARAM [/rosapi/topics_glob] by /roslaunch
[rosmaster.master][INFO] 2025-08-13 17:06:58,962: +PARAM [/rosapi/services_glob] by /roslaunch
[rosmaster.master][INFO] 2025-08-13 17:06:58,963: +PARAM [/rosapi/params_glob] by /roslaunch
[rosmaster.master][INFO] 2025-08-13 17:06:58,966: +SERVICE [/rosout/get_loggers] /rosout http://localhost:45849/
[rosmaster.master][INFO] 2025-08-13 17:06:58,969: +SERVICE [/rosout/set_logger_level] /rosout http://localhost:45849/
[rosmaster.master][INFO] 2025-08-13 17:06:58,975: +PUB [/rosout_agg] /rosout http://localhost:45849/
[rosmaster.master][INFO] 2025-08-13 17:06:58,987: +SUB [/rosout] /rosout http://localhost:45849/
[rosmaster.master][INFO] 2025-08-13 17:07:00,884: +PUB [/rosout] /rosapi http://localhost:42671/
[rosmaster.master][INFO] 2025-08-13 17:07:00,893: +SERVICE [/rosapi/get_loggers] /rosapi http://localhost:42671/
[rosmaster.master][INFO] 2025-08-13 17:07:00,896: +SERVICE [/rosapi/set_logger_level] /rosapi http://localhost:42671/
[rosmaster.master][INFO] 2025-08-13 17:07:00,909: publisherUpdate[/rosout] -> http://localhost:45849/ ['http://localhost:42671/']
[rosmaster.master][INFO] 2025-08-13 17:07:00,914: +PUB [/rosout] /kelpie http://localhost:42597/
[rosmaster.master][INFO] 2025-08-13 17:07:00,924: publisherUpdate[/rosout] -> http://localhost:45849/ ['http://localhost:42671/']: sec=0.01, result=[1, '', 0]
[rosmaster.master][INFO] 2025-08-13 17:07:00,925: +SERVICE [/rosapi/topics] /rosapi http://localhost:42671/
[rosmaster.master][INFO] 2025-08-13 17:07:00,926: publisherUpdate[/rosout] -> http://localhost:45849/ ['http://localhost:42671/', 'http://localhost:42597/']
[rosmaster.master][INFO] 2025-08-13 17:07:00,931: +SERVICE [/rosapi/topics_for_type] /rosapi http://localhost:42671/
[rosmaster.master][INFO] 2025-08-13 17:07:00,935: +SERVICE [/kelpie/get_loggers] /kelpie http://localhost:42597/
[rosmaster.master][INFO] 2025-08-13 17:07:00,938: +SERVICE [/rosapi/services] /rosapi http://localhost:42671/
[rosmaster.master][INFO] 2025-08-13 17:07:00,942: +SERVICE [/kelpie/set_logger_level] /kelpie http://localhost:42597/
[rosmaster.master][INFO] 2025-08-13 17:07:00,944: publisherUpdate[/rosout] -> http://localhost:45849/ ['http://localhost:42671/', 'http://localhost:42597/']: sec=0.01, result=[1, '', 0]
[rosmaster.master][INFO] 2025-08-13 17:07:00,945: +SERVICE [/rosapi/services_for_type] /rosapi http://localhost:42671/
[rosmaster.master][INFO] 2025-08-13 17:07:00,951: +SUB [/kelpie/imu] /kelpie http://localhost:42597/
[rosmaster.master][INFO] 2025-08-13 17:07:00,953: +SERVICE [/rosapi/nodes] /rosapi http://localhost:42671/
[rosmaster.master][INFO] 2025-08-13 17:07:00,958: +SERVICE [/rosapi/node_details] /rosapi http://localhost:42671/
[rosmaster.master][INFO] 2025-08-13 17:07:00,959: +SUB [/kelpie/leg_control/currents] /kelpie http://localhost:42597/
[rosmaster.master][INFO] 2025-08-13 17:07:00,961: +SERVICE [/rosapi/action_servers] /rosapi http://localhost:42671/
[rosmaster.master][INFO] 2025-08-13 17:07:00,966: +SERVICE [/rosapi/topic_type] /rosapi http://localhost:42671/
[rosmaster.master][INFO] 2025-08-13 17:07:00,968: +SUB [/kelpie/battery/voltage] /kelpie http://localhost:42597/
[rosmaster.master][INFO] 2025-08-13 17:07:00,971: +SERVICE [/rosapi/service_type] /rosapi http://localhost:42671/
[rosmaster.master][INFO] 2025-08-13 17:07:00,973: +PUB [/kelpie/leg_control/joint_states] /kelpie http://localhost:42597/
[rosmaster.master][INFO] 2025-08-13 17:07:00,976: +SERVICE [/rosapi/publishers] /rosapi http://localhost:42671/
[rosmaster.master][INFO] 2025-08-13 17:07:00,979: +CACHEDPARAM [/rosout_disable_topics_generation] by /kelpie
[rosmaster.master][INFO] 2025-08-13 17:07:00,982: +SERVICE [/rosapi/subscribers] /rosapi http://localhost:42671/
[rosmaster.master][INFO] 2025-08-13 17:07:00,987: +SUB [/kelpie/command_input] /kelpie http://localhost:42597/
[rosmaster.master][INFO] 2025-08-13 17:07:00,989: +SERVICE [/rosapi/service_providers] /rosapi http://localhost:42671/
[rosmaster.master][INFO] 2025-08-13 17:07:00,993: +CACHEDPARAM [/rosout_disable_topics_generation] by /kelpie
[rosmaster.master][INFO] 2025-08-13 17:07:01,002: +SERVICE [/rosapi/service_node] /rosapi http://localhost:42671/
[rosmaster.master][INFO] 2025-08-13 17:07:01,008: +SERVICE [/rosapi/service_host] /rosapi http://localhost:42671/
[rosmaster.master][INFO] 2025-08-13 17:07:01,010: +CACHEDPARAM [/rosout_disable_topics_generation] by /kelpie
[rosmaster.master][INFO] 2025-08-13 17:07:01,016: +SERVICE [/rosapi/message_details] /rosapi http://localhost:42671/
[rosmaster.master][INFO] 2025-08-13 17:07:01,018: +CACHEDPARAM [/rosout_disable_topics_generation] by /kelpie
[rosmaster.master][INFO] 2025-08-13 17:07:01,023: +SERVICE [/rosapi/service_request_details] /rosapi http://localhost:42671/
[rosmaster.master][INFO] 2025-08-13 17:07:01,029: +CACHEDPARAM [/rosout_disable_topics_generation] by /kelpie
[rosmaster.master][INFO] 2025-08-13 17:07:01,032: +SERVICE [/rosapi/service_response_details] /rosapi http://localhost:42671/
[rosmaster.master][INFO] 2025-08-13 17:07:01,038: +CACHEDPARAM [/rosout_disable_topics_generation] by /kelpie
[rosmaster.master][INFO] 2025-08-13 17:07:01,045: +SERVICE [/rosapi/set_param] /rosapi http://localhost:42671/
[rosmaster.master][INFO] 2025-08-13 17:07:01,052: +CACHEDPARAM [/rosout_disable_topics_generation] by /kelpie
[rosmaster.master][INFO] 2025-08-13 17:07:01,054: +SERVICE [/rosapi/get_param] /rosapi http://localhost:42671/
[rosmaster.master][INFO] 2025-08-13 17:07:01,061: +SERVICE [/rosapi/has_param] /rosapi http://localhost:42671/
[rosmaster.master][INFO] 2025-08-13 17:07:01,064: +CACHEDPARAM [/rosout_disable_topics_generation] by /kelpie
[rosmaster.master][INFO] 2025-08-13 17:07:01,071: +SERVICE [/rosapi/search_param] /rosapi http://localhost:42671/
[rosmaster.master][INFO] 2025-08-13 17:07:01,073: +CACHEDPARAM [/rosout_disable_topics_generation] by /kelpie
[rosmaster.master][INFO] 2025-08-13 17:07:01,076: +SERVICE [/rosapi/delete_param] /rosapi http://localhost:42671/
[rosmaster.master][INFO] 2025-08-13 17:07:01,081: +SERVICE [/rosapi/get_param_names] /rosapi http://localhost:42671/
[rosmaster.master][INFO] 2025-08-13 17:07:01,084: +SERVICE [/rosapi/get_time] /rosapi http://localhost:42671/
[rosmaster.master][INFO] 2025-08-13 17:07:01,089: +SERVICE [/rosapi/topics_and_raw_types] /rosapi http://localhost:42671/
[rosmaster.master][INFO] 2025-08-13 17:07:01,093: +CACHEDPARAM [/rosout_disable_topics_generation] by /rosapi
[rosmaster.master][INFO] 2025-08-13 17:07:01,168: +CACHEDPARAM [/rosout/omit_topics] by /rosout
[rosmaster.master][INFO] 2025-08-13 17:07:01,492: +PUB [/kelpie/leg_control/currents] /hardware http://localhost:34233/
[rosmaster.master][INFO] 2025-08-13 17:07:01,500: +PUB [/kelpie/battery/voltage] /hardware http://localhost:34233/
[rosmaster.master][INFO] 2025-08-13 17:07:01,507: +PUB [/kelpie/imu] /hardware http://localhost:34233/
[rosmaster.master][INFO] 2025-08-13 17:07:01,514: publisherUpdate[/kelpie/leg_control/currents] -> http://localhost:42597/ ['http://localhost:34233/']
[rosmaster.master][INFO] 2025-08-13 17:07:01,549: publisherUpdate[/kelpie/leg_control/currents] -> http://localhost:42597/ ['http://localhost:34233/']: sec=0.03, result=[1, '', 0]
[rosmaster.master][INFO] 2025-08-13 17:07:01,550: publisherUpdate[/kelpie/battery/voltage] -> http://localhost:42597/ ['http://localhost:34233/']
[rosmaster.master][INFO] 2025-08-13 17:07:01,562: publisherUpdate[/kelpie/battery/voltage] -> http://localhost:42597/ ['http://localhost:34233/']: sec=0.01, result=[1, '', 0]
[rosmaster.master][INFO] 2025-08-13 17:07:01,562: publisherUpdate[/kelpie/imu] -> http://localhost:42597/ ['http://localhost:34233/']
[rosmaster.master][INFO] 2025-08-13 17:07:01,569: +PUB [/rosout] /hardware http://localhost:34233/
[rosmaster.master][INFO] 2025-08-13 17:07:01,587: +SERVICE [/hardware/get_loggers] /hardware http://localhost:34233/
[rosmaster.master][INFO] 2025-08-13 17:07:01,595: publisherUpdate[/kelpie/imu] -> http://localhost:42597/ ['http://localhost:34233/']: sec=0.03, result=[1, '', 0]
[rosmaster.master][INFO] 2025-08-13 17:07:01,597: publisherUpdate[/rosout] -> http://localhost:45849/ ['http://localhost:42671/', 'http://localhost:42597/', 'http://localhost:34233/']
[rosmaster.master][INFO] 2025-08-13 17:07:01,604: publisherUpdate[/rosout] -> http://localhost:45849/ ['http://localhost:42671/', 'http://localhost:42597/', 'http://localhost:34233/']: sec=0.01, result=[1, '', 0]
[rosmaster.master][INFO] 2025-08-13 17:07:01,610: +SERVICE [/hardware/set_logger_level] /hardware http://localhost:34233/
[rosmaster.master][INFO] 2025-08-13 17:07:01,712: +SUB [/kelpie/leg_control/joint_states] /hardware http://localhost:34233/
[rosmaster.master][INFO] 2025-08-13 17:07:01,721: +SUB [/joy] /hardware http://localhost:34233/
[rosmaster.master][INFO] 2025-08-13 17:07:01,724: +PUB [/kelpie/command_input] /hardware http://localhost:34233/
[rosmaster.master][INFO] 2025-08-13 17:07:01,749: publisherUpdate[/kelpie/command_input] -> http://localhost:42597/ ['http://localhost:34233/']
[rosmaster.master][INFO] 2025-08-13 17:07:01,796: publisherUpdate[/kelpie/command_input] -> http://localhost:42597/ ['http://localhost:34233/']: sec=0.05, result=[1, '', 0]
[rosmaster.master][INFO] 2025-08-13 17:07:01,923: +PUB [/rosout] /rosbridge_websocket http://localhost:33255/
[rosmaster.master][INFO] 2025-08-13 17:07:01,930: +SERVICE [/rosbridge_websocket/get_loggers] /rosbridge_websocket http://localhost:33255/
[rosmaster.master][INFO] 2025-08-13 17:07:01,933: +SERVICE [/rosbridge_websocket/set_logger_level] /rosbridge_websocket http://localhost:33255/
[rosmaster.master][INFO] 2025-08-13 17:07:01,966: +PUB [/client_count] /rosbridge_websocket http://localhost:33255/
[rosmaster.master][INFO] 2025-08-13 17:07:01,968: +PUB [/connected_clients] /rosbridge_websocket http://localhost:33255/
[rosmaster.master][INFO] 2025-08-13 17:07:01,976: +PARAM [/rosbridge_websocket/actual_port] by /rosbridge_websocket
[rosmaster.master][INFO] 2025-08-13 17:07:01,982: +CACHEDPARAM [/rosout_disable_topics_generation] by /rosbridge_websocket
[rosmaster.master][INFO] 2025-08-13 17:07:01,997: publisherUpdate[/rosout] -> http://localhost:45849/ ['http://localhost:42671/', 'http://localhost:42597/', 'http://localhost:34233/', 'http://localhost:33255/']
[rosmaster.master][INFO] 2025-08-13 17:07:01,999: publisherUpdate[/rosout] -> http://localhost:45849/ ['http://localhost:42671/', 'http://localhost:42597/', 'http://localhost:34233/', 'http://localhost:33255/']: sec=0.00, result=[1, '', 0]
[rosmaster.master][INFO] 2025-08-13 17:07:14,621: -SUB [/kelpie/leg_control/joint_states] /hardware http://localhost:34233/
[rosmaster.master][INFO] 2025-08-13 17:07:14,621: -SUB [/joy] /hardware http://localhost:34233/
[rosmaster.master][INFO] 2025-08-13 17:07:14,622: -PUB [/kelpie/leg_control/currents] /hardware http://localhost:34233/
[rosmaster.master][INFO] 2025-08-13 17:07:14,622: -PUB [/kelpie/battery/voltage] /hardware http://localhost:34233/
[rosmaster.master][INFO] 2025-08-13 17:07:14,622: publisherUpdate[/kelpie/leg_control/currents] -> http://localhost:42597/ []
[rosmaster.master][INFO] 2025-08-13 17:07:14,623: -PUB [/kelpie/imu] /hardware http://localhost:34233/
[rosmaster.master][INFO] 2025-08-13 17:07:14,628: publisherUpdate[/kelpie/leg_control/currents] -> http://localhost:42597/ []: sec=0.01, result=[1, '', 0]
[rosmaster.master][INFO] 2025-08-13 17:07:14,631: -PUB [/rosout] /rosapi http://localhost:42671/
[rosmaster.master][INFO] 2025-08-13 17:07:14,631: publisherUpdate[/kelpie/battery/voltage] -> http://localhost:42597/ []
[rosmaster.master][INFO] 2025-08-13 17:07:14,632: -PUB [/rosout] /hardware http://localhost:34233/
[rosmaster.master][INFO] 2025-08-13 17:07:14,633: -PUB [/rosout] /rosbridge_websocket http://localhost:33255/
[rosmaster.master][INFO] 2025-08-13 17:07:14,633: -SERVICE [/rosapi/get_loggers] /rosapi rosrpc://localhost:43017
[rosmaster.master][INFO] 2025-08-13 17:07:14,634: publisherUpdate[/kelpie/battery/voltage] -> http://localhost:42597/ []: sec=0.00, result=[1, '', 0]
[rosmaster.master][INFO] 2025-08-13 17:07:14,635: -PUB [/kelpie/command_input] /hardware http://localhost:34233/
[rosmaster.master][INFO] 2025-08-13 17:07:14,635: publisherUpdate[/kelpie/imu] -> http://localhost:42597/ []
[rosmaster.master][INFO] 2025-08-13 17:07:14,635: -PUB [/client_count] /rosbridge_websocket http://localhost:33255/
[rosmaster.master][INFO] 2025-08-13 17:07:14,636: -SERVICE [/rosapi/set_logger_level] /rosapi rosrpc://localhost:43017
[rosmaster.master][INFO] 2025-08-13 17:07:14,637: -SERVICE [/hardware/get_loggers] /hardware rosrpc://localhost:43535
[rosmaster.master][INFO] 2025-08-13 17:07:14,637: publisherUpdate[/rosout] -> http://localhost:45849/ ['http://localhost:42597/', 'http://localhost:34233/', 'http://localhost:33255/']
[rosmaster.master][INFO] 2025-08-13 17:07:14,638: publisherUpdate[/kelpie/imu] -> http://localhost:42597/ []: sec=0.00, result=[1, '', 0]
[rosmaster.master][INFO] 2025-08-13 17:07:14,638: -PUB [/connected_clients] /rosbridge_websocket http://localhost:33255/
[rosmaster.master][INFO] 2025-08-13 17:07:14,639: publisherUpdate[/kelpie/command_input] -> http://localhost:42597/ []
[rosmaster.master][INFO] 2025-08-13 17:07:14,640: -SERVICE [/rosapi/topics] /rosapi rosrpc://localhost:43017
[rosmaster.master][INFO] 2025-08-13 17:07:14,641: -SERVICE [/hardware/set_logger_level] /hardware rosrpc://localhost:43535
[rosmaster.master][INFO] 2025-08-13 17:07:14,642: publisherUpdate[/kelpie/command_input] -> http://localhost:42597/ []: sec=0.00, result=[1, '', 0]
[rosmaster.master][INFO] 2025-08-13 17:07:14,643: publisherUpdate[/rosout] -> http://localhost:45849/ ['http://localhost:42597/', 'http://localhost:34233/', 'http://localhost:33255/']: sec=0.00, result=[1, '', 0]
[rosmaster.master][INFO] 2025-08-13 17:07:14,644: -SERVICE [/rosbridge_websocket/get_loggers] /rosbridge_websocket rosrpc://localhost:40195
[rosmaster.master][INFO] 2025-08-13 17:07:14,645: publisherUpdate[/rosout] -> http://localhost:45849/ ['http://localhost:42597/', 'http://localhost:33255/']
[rosmaster.master][INFO] 2025-08-13 17:07:14,646: -SERVICE [/rosapi/topics_for_type] /rosapi rosrpc://localhost:43017
[rosmaster.master][INFO] 2025-08-13 17:07:14,647: -SERVICE [/rosapi/services] /rosapi rosrpc://localhost:43017
[rosmaster.master][INFO] 2025-08-13 17:07:14,649: -SERVICE [/rosbridge_websocket/set_logger_level] /rosbridge_websocket rosrpc://localhost:40195
[rosmaster.master][INFO] 2025-08-13 17:07:14,649: publisherUpdate[/rosout] -> http://localhost:45849/ ['http://localhost:42597/', 'http://localhost:33255/']: sec=0.00, result=[1, '', 0]
[rosmaster.master][INFO] 2025-08-13 17:07:14,651: -SERVICE [/rosapi/services_for_type] /rosapi rosrpc://localhost:43017
[rosmaster.master][INFO] 2025-08-13 17:07:14,652: -SERVICE [/rosapi/nodes] /rosapi rosrpc://localhost:43017
[rosmaster.master][INFO] 2025-08-13 17:07:14,651: publisherUpdate[/rosout] -> http://localhost:45849/ ['http://localhost:42597/']
[rosmaster.master][INFO] 2025-08-13 17:07:14,653: -SERVICE [/rosapi/node_details] /rosapi rosrpc://localhost:43017
[rosmaster.master][INFO] 2025-08-13 17:07:14,655: -SERVICE [/rosapi/action_servers] /rosapi rosrpc://localhost:43017
[rosmaster.master][INFO] 2025-08-13 17:07:14,656: -SERVICE [/rosapi/topic_type] /rosapi rosrpc://localhost:43017
[rosmaster.master][INFO] 2025-08-13 17:07:14,657: -SERVICE [/rosapi/service_type] /rosapi rosrpc://localhost:43017
[rosmaster.master][INFO] 2025-08-13 17:07:14,658: publisherUpdate[/rosout] -> http://localhost:45849/ ['http://localhost:42597/']: sec=0.00, result=[1, '', 0]
[rosmaster.master][INFO] 2025-08-13 17:07:14,658: -SERVICE [/rosapi/publishers] /rosapi rosrpc://localhost:43017
[rosmaster.master][INFO] 2025-08-13 17:07:14,659: -SERVICE [/rosapi/subscribers] /rosapi rosrpc://localhost:43017
[rosmaster.master][INFO] 2025-08-13 17:07:14,659: -SERVICE [/rosapi/service_providers] /rosapi rosrpc://localhost:43017
[rosmaster.master][INFO] 2025-08-13 17:07:14,659: -SERVICE [/rosapi/service_node] /rosapi rosrpc://localhost:43017
[rosmaster.master][INFO] 2025-08-13 17:07:14,659: -SERVICE [/rosapi/service_host] /rosapi rosrpc://localhost:43017
[rosmaster.master][INFO] 2025-08-13 17:07:14,660: -SERVICE [/rosapi/message_details] /rosapi rosrpc://localhost:43017
[rosmaster.master][INFO] 2025-08-13 17:07:14,660: -SERVICE [/rosapi/service_request_details] /rosapi rosrpc://localhost:43017
[rosmaster.master][INFO] 2025-08-13 17:07:14,660: -SERVICE [/rosapi/service_response_details] /rosapi rosrpc://localhost:43017
[rosmaster.master][INFO] 2025-08-13 17:07:14,660: -SERVICE [/rosapi/set_param] /rosapi rosrpc://localhost:43017
[rosmaster.master][INFO] 2025-08-13 17:07:14,661: -SERVICE [/rosapi/get_param] /rosapi rosrpc://localhost:43017
[rosmaster.master][INFO] 2025-08-13 17:07:14,661: -SERVICE [/rosapi/has_param] /rosapi rosrpc://localhost:43017
[rosmaster.master][INFO] 2025-08-13 17:07:14,661: -SERVICE [/rosapi/search_param] /rosapi rosrpc://localhost:43017
[rosmaster.master][INFO] 2025-08-13 17:07:14,661: -SERVICE [/rosapi/delete_param] /rosapi rosrpc://localhost:43017
[rosmaster.master][INFO] 2025-08-13 17:07:14,662: -SERVICE [/rosapi/get_param_names] /rosapi rosrpc://localhost:43017
[rosmaster.master][INFO] 2025-08-13 17:07:14,662: -SERVICE [/rosapi/get_time] /rosapi rosrpc://localhost:43017
[rosmaster.master][INFO] 2025-08-13 17:07:14,662: -SERVICE [/rosapi/topics_and_raw_types] /rosapi rosrpc://localhost:43017
[rosmaster.master][INFO] 2025-08-13 17:07:29,660: -SUB [/kelpie/imu] /kelpie http://localhost:42597/
[rosmaster.master][INFO] 2025-08-13 17:07:29,661: -SUB [/kelpie/leg_control/currents] /kelpie http://localhost:42597/
[rosmaster.master][INFO] 2025-08-13 17:07:29,661: -SUB [/kelpie/battery/voltage] /kelpie http://localhost:42597/
[rosmaster.master][INFO] 2025-08-13 17:07:29,661: -SUB [/kelpie/command_input] /kelpie http://localhost:42597/
[rosmaster.master][INFO] 2025-08-13 17:07:29,661: -PUB [/rosout] /kelpie http://localhost:42597/
[rosmaster.master][INFO] 2025-08-13 17:07:29,662: -PUB [/kelpie/leg_control/joint_states] /kelpie http://localhost:42597/
[rosmaster.master][INFO] 2025-08-13 17:07:29,662: -SERVICE [/kelpie/get_loggers] /kelpie rosrpc://localhost:35329
[rosmaster.master][INFO] 2025-08-13 17:07:29,662: -SERVICE [/kelpie/set_logger_level] /kelpie rosrpc://localhost:35329
[rosmaster.master][INFO] 2025-08-13 17:07:29,666: publisherUpdate[/rosout] -> http://localhost:45849/ []
[rosmaster.master][INFO] 2025-08-13 17:07:29,668: publisherUpdate[/rosout] -> http://localhost:45849/ []: sec=0.00, result=[1, '', 0]
[rosmaster.master][INFO] 2025-08-13 17:07:31,771: -PUB [/rosout_agg] /rosout http://localhost:45849/
[rosmaster.master][INFO] 2025-08-13 17:07:31,772: -SUB [/rosout] /rosout http://localhost:45849/
[rosmaster.master][INFO] 2025-08-13 17:07:31,774: -SERVICE [/rosout/get_loggers] /rosout rosrpc://localhost:44977
[rosmaster.master][INFO] 2025-08-13 17:07:31,775: -SERVICE [/rosout/set_logger_level] /rosout rosrpc://localhost:44977
[rosmaster.master][INFO] 2025-08-13 17:07:31,776: -CACHEDPARAM [/rosout/omit_topics] by /rosout
[rosmaster.main][INFO] 2025-08-13 17:07:31,871: keyboard interrupt, will exit
[rosmaster.main][INFO] 2025-08-13 17:07:31,872: stopping master...
[rospy.core][INFO] 2025-08-13 17:07:31,873: signal_shutdown [atexit]
