[rosmaster.main][INFO] 2025-08-11 15:52:09,259: initialization complete, waiting for shutdown
[rosmaster.main][INFO] 2025-08-11 15:52:09,259: Starting ROS Master Node
[xmlrpc][INFO] 2025-08-11 15:52:09,261: XML-RPC server binding to 127.0.0.1:11311
[xmlrpc][INFO] 2025-08-11 15:52:09,261: Started XML-RPC server [http://localhost:11311/]
[rosmaster.master][INFO] 2025-08-11 15:52:09,262: Master initialized: port[11311], uri[http://localhost:11311/]
[xmlrpc][INFO] 2025-08-11 15:52:09,262: xml rpc node: starting XML-RPC server
[rosmaster.master][INFO] 2025-08-11 15:52:09,281: +PARAM [/run_id] by /roslaunch
[rosmaster.master][INFO] 2025-08-11 15:52:09,285: +PARAM [/roslaunch/uris/host_localhost__45543] by /roslaunch
[rosmaster.master][INFO] 2025-08-11 15:52:09,416: +PARAM [/rosversion] by /roslaunch
[rosmaster.master][INFO] 2025-08-11 15:52:09,416: +PARAM [/rosdistro] by /roslaunch
[rosmaster.master][INFO] 2025-08-11 15:52:09,416: +PARAM [/rosbridge_websocket/authenticate] by /roslaunch
[rosmaster.master][INFO] 2025-08-11 15:52:09,417: +PARAM [/rosbridge_websocket/port] by /roslaunch
[rosmaster.master][INFO] 2025-08-11 15:52:09,417: +PARAM [/rosbridge_websocket/address] by /roslaunch
[rosmaster.master][INFO] 2025-08-11 15:52:09,417: +PARAM [/rosbridge_websocket/retry_startup_delay] by /roslaunch
[rosmaster.master][INFO] 2025-08-11 15:52:09,418: +PARAM [/rosbridge_websocket/fragment_timeout] by /roslaunch
[rosmaster.master][INFO] 2025-08-11 15:52:09,418: +PARAM [/rosbridge_websocket/delay_between_messages] by /roslaunch
[rosmaster.master][INFO] 2025-08-11 15:52:09,418: +PARAM [/rosbridge_websocket/max_message_size] by /roslaunch
[rosmaster.master][INFO] 2025-08-11 15:52:09,418: +PARAM [/rosbridge_websocket/unregister_timeout] by /roslaunch
[rosmaster.master][INFO] 2025-08-11 15:52:09,418: +PARAM [/rosbridge_websocket/use_compression] by /roslaunch
[rosmaster.master][INFO] 2025-08-11 15:52:09,419: +PARAM [/rosbridge_websocket/websocket_ping_interval] by /roslaunch
[rosmaster.master][INFO] 2025-08-11 15:52:09,419: +PARAM [/rosbridge_websocket/websocket_ping_timeout] by /roslaunch
[rosmaster.master][INFO] 2025-08-11 15:52:09,419: +PARAM [/rosbridge_websocket/websocket_external_port] by /roslaunch
[rosmaster.master][INFO] 2025-08-11 15:52:09,419: +PARAM [/rosbridge_websocket/topics_glob] by /roslaunch
[rosmaster.master][INFO] 2025-08-11 15:52:09,420: +PARAM [/rosbridge_websocket/services_glob] by /roslaunch
[rosmaster.master][INFO] 2025-08-11 15:52:09,420: +PARAM [/rosbridge_websocket/params_glob] by /roslaunch
[rosmaster.master][INFO] 2025-08-11 15:52:09,420: +PARAM [/rosbridge_websocket/bson_only_mode] by /roslaunch
[rosmaster.master][INFO] 2025-08-11 15:52:09,421: +PARAM [/rosapi/topics_glob] by /roslaunch
[rosmaster.master][INFO] 2025-08-11 15:52:09,421: +PARAM [/rosapi/services_glob] by /roslaunch
[rosmaster.master][INFO] 2025-08-11 15:52:09,422: +PARAM [/rosapi/params_glob] by /roslaunch
[rosmaster.master][INFO] 2025-08-11 15:52:09,425: +SERVICE [/rosout/get_loggers] /rosout http://localhost:39639/
[rosmaster.master][INFO] 2025-08-11 15:52:09,428: +SERVICE [/rosout/set_logger_level] /rosout http://localhost:39639/
[rosmaster.master][INFO] 2025-08-11 15:52:09,434: +PUB [/rosout_agg] /rosout http://localhost:39639/
[rosmaster.master][INFO] 2025-08-11 15:52:09,446: +SUB [/rosout] /rosout http://localhost:39639/
[rosmaster.master][INFO] 2025-08-11 15:52:10,647: +PUB [/rosout] /rosapi http://localhost:35373/
[rosmaster.master][INFO] 2025-08-11 15:52:10,655: +SERVICE [/rosapi/get_loggers] /rosapi http://localhost:35373/
[rosmaster.master][INFO] 2025-08-11 15:52:10,658: +SERVICE [/rosapi/set_logger_level] /rosapi http://localhost:35373/
[rosmaster.master][INFO] 2025-08-11 15:52:10,663: publisherUpdate[/rosout] -> http://localhost:39639/ ['http://localhost:35373/']
[rosmaster.master][INFO] 2025-08-11 15:52:10,671: +SERVICE [/rosapi/topics] /rosapi http://localhost:35373/
[rosmaster.master][INFO] 2025-08-11 15:52:10,675: publisherUpdate[/rosout] -> http://localhost:39639/ ['http://localhost:35373/']: sec=0.01, result=[1, '', 0]
[rosmaster.master][INFO] 2025-08-11 15:52:10,676: +SERVICE [/rosapi/topics_for_type] /rosapi http://localhost:35373/
[rosmaster.master][INFO] 2025-08-11 15:52:10,679: +SERVICE [/rosapi/services] /rosapi http://localhost:35373/
[rosmaster.master][INFO] 2025-08-11 15:52:10,682: +SERVICE [/rosapi/services_for_type] /rosapi http://localhost:35373/
[rosmaster.master][INFO] 2025-08-11 15:52:10,686: +SERVICE [/rosapi/nodes] /rosapi http://localhost:35373/
[rosmaster.master][INFO] 2025-08-11 15:52:10,689: +SERVICE [/rosapi/node_details] /rosapi http://localhost:35373/
[rosmaster.master][INFO] 2025-08-11 15:52:10,692: +SERVICE [/rosapi/action_servers] /rosapi http://localhost:35373/
[rosmaster.master][INFO] 2025-08-11 15:52:10,695: +SERVICE [/rosapi/topic_type] /rosapi http://localhost:35373/
[rosmaster.master][INFO] 2025-08-11 15:52:10,698: +SERVICE [/rosapi/service_type] /rosapi http://localhost:35373/
[rosmaster.master][INFO] 2025-08-11 15:52:10,700: +SERVICE [/rosapi/publishers] /rosapi http://localhost:35373/
[rosmaster.master][INFO] 2025-08-11 15:52:10,703: +SERVICE [/rosapi/subscribers] /rosapi http://localhost:35373/
[rosmaster.master][INFO] 2025-08-11 15:52:10,706: +SERVICE [/rosapi/service_providers] /rosapi http://localhost:35373/
[rosmaster.master][INFO] 2025-08-11 15:52:10,709: +SERVICE [/rosapi/service_node] /rosapi http://localhost:35373/
[rosmaster.master][INFO] 2025-08-11 15:52:10,711: +SERVICE [/rosapi/service_host] /rosapi http://localhost:35373/
[rosmaster.master][INFO] 2025-08-11 15:52:10,714: +SERVICE [/rosapi/message_details] /rosapi http://localhost:35373/
[rosmaster.master][INFO] 2025-08-11 15:52:10,717: +SERVICE [/rosapi/service_request_details] /rosapi http://localhost:35373/
[rosmaster.master][INFO] 2025-08-11 15:52:10,720: +SERVICE [/rosapi/service_response_details] /rosapi http://localhost:35373/
[rosmaster.master][INFO] 2025-08-11 15:52:10,722: +SERVICE [/rosapi/set_param] /rosapi http://localhost:35373/
[rosmaster.master][INFO] 2025-08-11 15:52:10,725: +SERVICE [/rosapi/get_param] /rosapi http://localhost:35373/
[rosmaster.master][INFO] 2025-08-11 15:52:10,728: +SERVICE [/rosapi/has_param] /rosapi http://localhost:35373/
[rosmaster.master][INFO] 2025-08-11 15:52:10,731: +SERVICE [/rosapi/search_param] /rosapi http://localhost:35373/
[rosmaster.master][INFO] 2025-08-11 15:52:10,734: +SERVICE [/rosapi/delete_param] /rosapi http://localhost:35373/
[rosmaster.master][INFO] 2025-08-11 15:52:10,736: +SERVICE [/rosapi/get_param_names] /rosapi http://localhost:35373/
[rosmaster.master][INFO] 2025-08-11 15:52:10,739: +SERVICE [/rosapi/get_time] /rosapi http://localhost:35373/
[rosmaster.master][INFO] 2025-08-11 15:52:10,743: +SERVICE [/rosapi/topics_and_raw_types] /rosapi http://localhost:35373/
[rosmaster.master][INFO] 2025-08-11 15:52:10,746: +CACHEDPARAM [/rosout_disable_topics_generation] by /rosapi
[rosmaster.master][INFO] 2025-08-11 15:52:10,881: +CACHEDPARAM [/rosout/omit_topics] by /rosout
[rosmaster.master][INFO] 2025-08-11 15:52:11,213: +PUB [/rosout] /rosbridge_websocket http://localhost:38075/
[rosmaster.master][INFO] 2025-08-11 15:52:11,222: +SERVICE [/rosbridge_websocket/get_loggers] /rosbridge_websocket http://localhost:38075/
[rosmaster.master][INFO] 2025-08-11 15:52:11,225: +SERVICE [/rosbridge_websocket/set_logger_level] /rosbridge_websocket http://localhost:38075/
[rosmaster.master][INFO] 2025-08-11 15:52:11,260: +PUB [/client_count] /rosbridge_websocket http://localhost:38075/
[rosmaster.master][INFO] 2025-08-11 15:52:11,263: +PUB [/connected_clients] /rosbridge_websocket http://localhost:38075/
[rosmaster.master][INFO] 2025-08-11 15:52:11,265: publisherUpdate[/rosout] -> http://localhost:39639/ ['http://localhost:35373/', 'http://localhost:38075/']
[rosmaster.master][INFO] 2025-08-11 15:52:11,274: publisherUpdate[/rosout] -> http://localhost:39639/ ['http://localhost:35373/', 'http://localhost:38075/']: sec=0.00, result=[1, '', 0]
[rosmaster.master][INFO] 2025-08-11 15:52:11,280: +PARAM [/rosbridge_websocket/actual_port] by /rosbridge_websocket
[rosmaster.master][INFO] 2025-08-11 15:52:11,287: +CACHEDPARAM [/rosout_disable_topics_generation] by /rosbridge_websocket
[rosmaster.master][INFO] 2025-08-11 15:53:13,998: -PUB [/rosout] /rosapi http://localhost:35373/
[rosmaster.master][INFO] 2025-08-11 15:53:14,000: -PUB [/rosout] /rosbridge_websocket http://localhost:38075/
[rosmaster.master][INFO] 2025-08-11 15:53:14,001: -SERVICE [/rosapi/get_loggers] /rosapi rosrpc://localhost:40967
[rosmaster.master][INFO] 2025-08-11 15:53:14,001: -PUB [/client_count] /rosbridge_websocket http://localhost:38075/
[rosmaster.master][INFO] 2025-08-11 15:53:14,002: -SERVICE [/rosapi/set_logger_level] /rosapi rosrpc://localhost:40967
[rosmaster.master][INFO] 2025-08-11 15:53:14,002: -PUB [/connected_clients] /rosbridge_websocket http://localhost:38075/
[rosmaster.master][INFO] 2025-08-11 15:53:14,002: -SERVICE [/rosapi/topics] /rosapi rosrpc://localhost:40967
[rosmaster.master][INFO] 2025-08-11 15:53:14,003: -SERVICE [/rosbridge_websocket/get_loggers] /rosbridge_websocket rosrpc://localhost:41467
[rosmaster.master][INFO] 2025-08-11 15:53:14,003: -SERVICE [/rosapi/topics_for_type] /rosapi rosrpc://localhost:40967
[rosmaster.master][INFO] 2025-08-11 15:53:14,003: -SERVICE [/rosbridge_websocket/set_logger_level] /rosbridge_websocket rosrpc://localhost:41467
[rosmaster.master][INFO] 2025-08-11 15:53:14,004: -SERVICE [/rosapi/services] /rosapi rosrpc://localhost:40967
[rosmaster.master][INFO] 2025-08-11 15:53:14,004: -SERVICE [/rosapi/services_for_type] /rosapi rosrpc://localhost:40967
[rosmaster.master][INFO] 2025-08-11 15:53:14,005: -SERVICE [/rosapi/nodes] /rosapi rosrpc://localhost:40967
[rosmaster.master][INFO] 2025-08-11 15:53:14,005: -SERVICE [/rosapi/node_details] /rosapi rosrpc://localhost:40967
[rosmaster.master][INFO] 2025-08-11 15:53:14,005: -SERVICE [/rosapi/action_servers] /rosapi rosrpc://localhost:40967
[rosmaster.master][INFO] 2025-08-11 15:53:14,006: -SERVICE [/rosapi/topic_type] /rosapi rosrpc://localhost:40967
[rosmaster.master][INFO] 2025-08-11 15:53:14,006: -SERVICE [/rosapi/service_type] /rosapi rosrpc://localhost:40967
[rosmaster.master][INFO] 2025-08-11 15:53:14,006: -SERVICE [/rosapi/publishers] /rosapi rosrpc://localhost:40967
[rosmaster.master][INFO] 2025-08-11 15:53:14,007: -SERVICE [/rosapi/subscribers] /rosapi rosrpc://localhost:40967
[rosmaster.master][INFO] 2025-08-11 15:53:14,007: -SERVICE [/rosapi/service_providers] /rosapi rosrpc://localhost:40967
[rosmaster.master][INFO] 2025-08-11 15:53:14,008: -SERVICE [/rosapi/service_node] /rosapi rosrpc://localhost:40967
[rosmaster.master][INFO] 2025-08-11 15:53:14,008: -SERVICE [/rosapi/service_host] /rosapi rosrpc://localhost:40967
[rosmaster.master][INFO] 2025-08-11 15:53:14,008: -SERVICE [/rosapi/message_details] /rosapi rosrpc://localhost:40967
[rosmaster.master][INFO] 2025-08-11 15:53:14,008: -SERVICE [/rosapi/service_request_details] /rosapi rosrpc://localhost:40967
[rosmaster.master][INFO] 2025-08-11 15:53:14,009: -SERVICE [/rosapi/service_response_details] /rosapi rosrpc://localhost:40967
[rosmaster.master][INFO] 2025-08-11 15:53:14,009: -SERVICE [/rosapi/set_param] /rosapi rosrpc://localhost:40967
[rosmaster.master][INFO] 2025-08-11 15:53:14,009: -SERVICE [/rosapi/get_param] /rosapi rosrpc://localhost:40967
[rosmaster.master][INFO] 2025-08-11 15:53:14,009: -SERVICE [/rosapi/has_param] /rosapi rosrpc://localhost:40967
[rosmaster.master][INFO] 2025-08-11 15:53:14,010: -SERVICE [/rosapi/search_param] /rosapi rosrpc://localhost:40967
[rosmaster.master][INFO] 2025-08-11 15:53:14,010: -SERVICE [/rosapi/delete_param] /rosapi rosrpc://localhost:40967
[rosmaster.master][INFO] 2025-08-11 15:53:14,010: -SERVICE [/rosapi/get_param_names] /rosapi rosrpc://localhost:40967
[rosmaster.master][INFO] 2025-08-11 15:53:14,010: -SERVICE [/rosapi/get_time] /rosapi rosrpc://localhost:40967
[rosmaster.master][INFO] 2025-08-11 15:53:14,010: -SERVICE [/rosapi/topics_and_raw_types] /rosapi rosrpc://localhost:40967
[rosmaster.master][INFO] 2025-08-11 15:53:14,081: publisherUpdate[/rosout] -> http://localhost:39639/ ['http://localhost:38075/']
[rosmaster.master][INFO] 2025-08-11 15:53:14,086: publisherUpdate[/rosout] -> http://localhost:39639/ ['http://localhost:38075/']: sec=0.00, result=[1, '', 0]
[rosmaster.master][INFO] 2025-08-11 15:53:14,087: publisherUpdate[/rosout] -> http://localhost:39639/ []
[rosmaster.master][INFO] 2025-08-11 15:53:14,090: publisherUpdate[/rosout] -> http://localhost:39639/ []: sec=0.00, result=[1, '', 0]
[rosmaster.master][INFO] 2025-08-11 15:53:15,191: -PUB [/rosout_agg] /rosout http://localhost:39639/
[rosmaster.master][INFO] 2025-08-11 15:53:15,193: -SUB [/rosout] /rosout http://localhost:39639/
[rosmaster.master][INFO] 2025-08-11 15:53:15,194: -SERVICE [/rosout/get_loggers] /rosout rosrpc://localhost:55743
[rosmaster.master][INFO] 2025-08-11 15:53:15,195: -SERVICE [/rosout/set_logger_level] /rosout rosrpc://localhost:55743
[rosmaster.master][INFO] 2025-08-11 15:53:15,197: -CACHEDPARAM [/rosout/omit_topics] by /rosout
[rosmaster.main][INFO] 2025-08-11 15:53:15,303: keyboard interrupt, will exit
[rosmaster.main][INFO] 2025-08-11 15:53:15,303: stopping master...
[rospy.core][INFO] 2025-08-11 15:53:15,304: signal_shutdown [atexit]
