[rospy.client][INFO] 2025-08-11 14:28:17,617: init_node, name[/hardware], pid[1777]
[xmlrpc][INFO] 2025-08-11 14:28:17,618: XML-RPC server binding to 127.0.0.1:0
[xmlrpc][INFO] 2025-08-11 14:28:17,620: Started XML-RPC server [http://localhost:42819/]
[rospy.init][INFO] 2025-08-11 14:28:17,620: ROS Slave URI: [http://localhost:42819/]
[rospy.impl.masterslave][INFO] 2025-08-11 14:28:17,620: _ready: http://localhost:42819/
[rospy.registration][INFO] 2025-08-11 14:28:17,622: Registering with master node http://localhost:11311
[xmlrpc][INFO] 2025-08-11 14:28:17,623: xml rpc node: starting XML-RPC server
[rospy.registration][INFO] 2025-08-11 14:28:17,623: Registering publisher topic [/kelpie/leg_control/currents] type [kelpie/joint_states] with master
[rospy.registration][INFO] 2025-08-11 14:28:17,636: Registering publisher topic [/kelpie/battery/voltage] type [kelpie/vec_3d_float32] with master
[rospy.registration][INFO] 2025-08-11 14:28:17,639: Registering publisher topic [/kelpie/imu] type [kelpie/imu] with master
[rospy.init][INFO] 2025-08-11 14:28:17,721: registered with master
[rospy.rosout][INFO] 2025-08-11 14:28:17,722: initializing /rosout core topic
[rospy.rosout][INFO] 2025-08-11 14:28:17,726: connected to core topic /rosout
[rospy.simtime][INFO] 2025-08-11 14:28:17,730: /use_sim_time is not set, will not subscribe to simulated time [/clock] topic
[rospy.internal][INFO] 2025-08-11 14:28:17,849: topic[/kelpie/leg_control/joint_states] adding connection to [http://localhost:46789/], count 0
[rospy.internal][INFO] 2025-08-11 14:28:17,960: topic[/kelpie/imu] adding connection to [/kelpie], count 0
[rospy.internal][INFO] 2025-08-11 14:28:17,981: topic[/kelpie/leg_control/currents] adding connection to [/kelpie], count 0
[rospy.internal][INFO] 2025-08-11 14:28:18,007: topic[/kelpie/battery/voltage] adding connection to [/kelpie], count 0
[rospy.internal][INFO] 2025-08-11 14:28:18,008: topic[/rosout] adding connection to [/rosout], count 0
[rospy.internal][INFO] 2025-08-11 14:28:18,150: topic[/kelpie/command_input] adding connection to [/kelpie], count 0
