[rosmaster.main][INFO] 2025-08-19 11:24:06,186: initialization complete, waiting for shutdown
[rosmaster.main][INFO] 2025-08-19 11:24:06,187: Starting ROS Master Node
[xmlrpc][INFO] 2025-08-19 11:24:06,189: XML-RPC server binding to 127.0.0.1:11311
[xmlrpc][INFO] 2025-08-19 11:24:06,189: Started XML-RPC server [http://localhost:11311/]
[rosmaster.master][INFO] 2025-08-19 11:24:06,190: Master initialized: port[11311], uri[http://localhost:11311/]
[xmlrpc][INFO] 2025-08-19 11:24:06,190: xml rpc node: starting XML-RPC server
[rosmaster.master][INFO] 2025-08-19 11:24:06,307: +PARAM [/run_id] by /roslaunch
[rosmaster.master][INFO] 2025-08-19 11:24:06,311: +PARAM [/roslaunch/uris/host_localhost__36815] by /roslaunch
[rosmaster.master][INFO] 2025-08-19 11:24:06,531: +PARAM [/rosversion] by /roslaunch
[rosmaster.master][INFO] 2025-08-19 11:24:06,532: +PARAM [/rosdistro] by /roslaunch
[rosmaster.master][INFO] 2025-08-19 11:24:06,547: +SERVICE [/rosout/get_loggers] /rosout http://localhost:44989/
[rosmaster.master][INFO] 2025-08-19 11:24:06,549: +SERVICE [/rosout/set_logger_level] /rosout http://localhost:44989/
[rosmaster.master][INFO] 2025-08-19 11:24:06,552: +PUB [/rosout_agg] /rosout http://localhost:44989/
[rosmaster.master][INFO] 2025-08-19 11:24:06,563: +SUB [/rosout] /rosout http://localhost:44989/
[rosmaster.master][INFO] 2025-08-19 11:39:05,659: +PARAM [/roslaunch/uris/host_localhost__38481] by /roslaunch
[rosmaster.master][INFO] 2025-08-19 11:39:05,672: +PARAM [/rosversion] by /roslaunch
[rosmaster.master][INFO] 2025-08-19 11:39:05,673: +PARAM [/rosdistro] by /roslaunch
[rosmaster.master][INFO] 2025-08-19 11:39:05,673: +PARAM [/rosbridge_websocket/authenticate] by /roslaunch
[rosmaster.master][INFO] 2025-08-19 11:39:05,673: +PARAM [/rosbridge_websocket/port] by /roslaunch
[rosmaster.master][INFO] 2025-08-19 11:39:05,674: +PARAM [/rosbridge_websocket/address] by /roslaunch
[rosmaster.master][INFO] 2025-08-19 11:39:05,674: +PARAM [/rosbridge_websocket/retry_startup_delay] by /roslaunch
[rosmaster.master][INFO] 2025-08-19 11:39:05,674: +PARAM [/rosbridge_websocket/fragment_timeout] by /roslaunch
[rosmaster.master][INFO] 2025-08-19 11:39:05,674: +PARAM [/rosbridge_websocket/delay_between_messages] by /roslaunch
[rosmaster.master][INFO] 2025-08-19 11:39:05,675: +PARAM [/rosbridge_websocket/max_message_size] by /roslaunch
[rosmaster.master][INFO] 2025-08-19 11:39:05,675: +PARAM [/rosbridge_websocket/unregister_timeout] by /roslaunch
[rosmaster.master][INFO] 2025-08-19 11:39:05,675: +PARAM [/rosbridge_websocket/use_compression] by /roslaunch
[rosmaster.master][INFO] 2025-08-19 11:39:05,675: +PARAM [/rosbridge_websocket/websocket_ping_interval] by /roslaunch
[rosmaster.master][INFO] 2025-08-19 11:39:05,676: +PARAM [/rosbridge_websocket/websocket_ping_timeout] by /roslaunch
[rosmaster.master][INFO] 2025-08-19 11:39:05,676: +PARAM [/rosbridge_websocket/websocket_external_port] by /roslaunch
[rosmaster.master][INFO] 2025-08-19 11:39:05,676: +PARAM [/rosbridge_websocket/topics_glob] by /roslaunch
[rosmaster.master][INFO] 2025-08-19 11:39:05,676: +PARAM [/rosbridge_websocket/services_glob] by /roslaunch
[rosmaster.master][INFO] 2025-08-19 11:39:05,677: +PARAM [/rosbridge_websocket/params_glob] by /roslaunch
[rosmaster.master][INFO] 2025-08-19 11:39:05,677: +PARAM [/rosbridge_websocket/bson_only_mode] by /roslaunch
[rosmaster.master][INFO] 2025-08-19 11:39:05,677: +PARAM [/rosapi/topics_glob] by /roslaunch
[rosmaster.master][INFO] 2025-08-19 11:39:05,677: +PARAM [/rosapi/services_glob] by /roslaunch
[rosmaster.master][INFO] 2025-08-19 11:39:05,678: +PARAM [/rosapi/params_glob] by /roslaunch
[rosmaster.master][INFO] 2025-08-19 11:39:05,678: +PARAM [/JOYSTICK/autorepeat_rate] by /roslaunch
[rosmaster.master][INFO] 2025-08-19 11:39:05,678: +PARAM [/JOYSTICK/joy_node/dev] by /roslaunch
[rosmaster.master][INFO] 2025-08-19 11:39:06,151: +PUB [/rosout] /JOYSTICK http://localhost:39489/
[rosmaster.master][INFO] 2025-08-19 11:39:06,153: +SERVICE [/JOYSTICK/get_loggers] /JOYSTICK http://localhost:39489/
[rosmaster.master][INFO] 2025-08-19 11:39:06,157: +SERVICE [/JOYSTICK/set_logger_level] /JOYSTICK http://localhost:39489/
[rosmaster.master][INFO] 2025-08-19 11:39:06,158: publisherUpdate[/rosout] -> http://localhost:44989/ ['http://localhost:39489/']
[rosmaster.master][INFO] 2025-08-19 11:39:06,165: +PUB [/diagnostics] /JOYSTICK http://localhost:39489/
[rosmaster.master][INFO] 2025-08-19 11:39:06,172: +CACHEDPARAM [/JOYSTICK/diagnostic_period] by /JOYSTICK
[rosmaster.master][INFO] 2025-08-19 11:39:06,176: +PUB [/joy] /JOYSTICK http://localhost:39489/
[rosmaster.master][INFO] 2025-08-19 11:39:06,180: publisherUpdate[/rosout] -> http://localhost:44989/ ['http://localhost:39489/']: sec=0.02, result=[1, '', 0]
[rosmaster.master][INFO] 2025-08-19 11:39:06,201: +SUB [/joy/set_feedback] /JOYSTICK http://localhost:39489/
[rosmaster.master][INFO] 2025-08-19 11:39:06,290: +CACHEDPARAM [/rosout_disable_topics_generation] by /JOYSTICK
[rosmaster.master][INFO] 2025-08-19 11:39:07,713: +PUB [/rosout] /rosapi http://localhost:40639/
[rosmaster.master][INFO] 2025-08-19 11:39:07,721: +SERVICE [/rosapi/get_loggers] /rosapi http://localhost:40639/
[rosmaster.master][INFO] 2025-08-19 11:39:07,725: +SERVICE [/rosapi/set_logger_level] /rosapi http://localhost:40639/
[rosmaster.master][INFO] 2025-08-19 11:39:07,734: +PUB [/rosout] /kelpie http://localhost:33347/
[rosmaster.master][INFO] 2025-08-19 11:39:07,747: +SERVICE [/kelpie/get_loggers] /kelpie http://localhost:33347/
[rosmaster.master][INFO] 2025-08-19 11:39:07,748: +SERVICE [/rosapi/topics] /rosapi http://localhost:40639/
[rosmaster.master][INFO] 2025-08-19 11:39:07,750: +SERVICE [/kelpie/set_logger_level] /kelpie http://localhost:33347/
[rosmaster.master][INFO] 2025-08-19 11:39:07,751: +SERVICE [/rosapi/topics_for_type] /rosapi http://localhost:40639/
[rosmaster.master][INFO] 2025-08-19 11:39:07,755: +SERVICE [/rosapi/services] /rosapi http://localhost:40639/
[rosmaster.master][INFO] 2025-08-19 11:39:07,757: +SUB [/kelpie/imu] /kelpie http://localhost:33347/
[rosmaster.master][INFO] 2025-08-19 11:39:07,758: +SERVICE [/rosapi/services_for_type] /rosapi http://localhost:40639/
[rosmaster.master][INFO] 2025-08-19 11:39:07,763: +SERVICE [/rosapi/nodes] /rosapi http://localhost:40639/
[rosmaster.master][INFO] 2025-08-19 11:39:07,763: publisherUpdate[/rosout] -> http://localhost:44989/ ['http://localhost:39489/', 'http://localhost:40639/']
[rosmaster.master][INFO] 2025-08-19 11:39:07,767: +SUB [/kelpie/leg_control/currents] /kelpie http://localhost:33347/
[rosmaster.master][INFO] 2025-08-19 11:39:07,768: +SERVICE [/rosapi/node_details] /rosapi http://localhost:40639/
[rosmaster.master][INFO] 2025-08-19 11:39:07,771: publisherUpdate[/rosout] -> http://localhost:44989/ ['http://localhost:39489/', 'http://localhost:40639/']: sec=0.01, result=[1, '', 0]
[rosmaster.master][INFO] 2025-08-19 11:39:07,773: +SERVICE [/rosapi/action_servers] /rosapi http://localhost:40639/
[rosmaster.master][INFO] 2025-08-19 11:39:07,773: publisherUpdate[/rosout] -> http://localhost:44989/ ['http://localhost:39489/', 'http://localhost:40639/', 'http://localhost:33347/']
[rosmaster.master][INFO] 2025-08-19 11:39:07,777: +SUB [/kelpie/battery/voltage] /kelpie http://localhost:33347/
[rosmaster.master][INFO] 2025-08-19 11:39:07,778: publisherUpdate[/rosout] -> http://localhost:44989/ ['http://localhost:39489/', 'http://localhost:40639/', 'http://localhost:33347/']: sec=0.00, result=[1, '', 0]
[rosmaster.master][INFO] 2025-08-19 11:39:07,780: +SERVICE [/rosapi/topic_type] /rosapi http://localhost:40639/
[rosmaster.master][INFO] 2025-08-19 11:39:07,782: +PUB [/kelpie/leg_control/joint_states] /kelpie http://localhost:33347/
[rosmaster.master][INFO] 2025-08-19 11:39:07,784: +SERVICE [/rosapi/service_type] /rosapi http://localhost:40639/
[rosmaster.master][INFO] 2025-08-19 11:39:07,787: +CACHEDPARAM [/rosout_disable_topics_generation] by /kelpie
[rosmaster.master][INFO] 2025-08-19 11:39:07,789: +SERVICE [/rosapi/publishers] /rosapi http://localhost:40639/
[rosmaster.master][INFO] 2025-08-19 11:39:07,794: +SERVICE [/rosapi/subscribers] /rosapi http://localhost:40639/
[rosmaster.master][INFO] 2025-08-19 11:39:07,796: +SUB [/kelpie/command_input] /kelpie http://localhost:33347/
[rosmaster.master][INFO] 2025-08-19 11:39:07,797: +SERVICE [/rosapi/service_providers] /rosapi http://localhost:40639/
[rosmaster.master][INFO] 2025-08-19 11:39:07,800: +CACHEDPARAM [/rosout_disable_topics_generation] by /kelpie
[rosmaster.master][INFO] 2025-08-19 11:39:07,801: +SERVICE [/rosapi/service_node] /rosapi http://localhost:40639/
[rosmaster.master][INFO] 2025-08-19 11:39:07,805: +SERVICE [/rosapi/service_host] /rosapi http://localhost:40639/
[rosmaster.master][INFO] 2025-08-19 11:39:07,807: +CACHEDPARAM [/rosout_disable_topics_generation] by /kelpie
[rosmaster.master][INFO] 2025-08-19 11:39:07,808: +SERVICE [/rosapi/message_details] /rosapi http://localhost:40639/
[rosmaster.master][INFO] 2025-08-19 11:39:07,812: +CACHEDPARAM [/rosout_disable_topics_generation] by /kelpie
[rosmaster.master][INFO] 2025-08-19 11:39:07,816: +SERVICE [/rosapi/service_request_details] /rosapi http://localhost:40639/
[rosmaster.master][INFO] 2025-08-19 11:39:07,817: +CACHEDPARAM [/rosout_disable_topics_generation] by /kelpie
[rosmaster.master][INFO] 2025-08-19 11:39:07,820: +SERVICE [/rosapi/service_response_details] /rosapi http://localhost:40639/
[rosmaster.master][INFO] 2025-08-19 11:39:07,822: +CACHEDPARAM [/rosout_disable_topics_generation] by /kelpie
[rosmaster.master][INFO] 2025-08-19 11:39:07,824: +SERVICE [/rosapi/set_param] /rosapi http://localhost:40639/
[rosmaster.master][INFO] 2025-08-19 11:39:07,827: +CACHEDPARAM [/rosout_disable_topics_generation] by /kelpie
[rosmaster.master][INFO] 2025-08-19 11:39:07,829: +SERVICE [/rosapi/get_param] /rosapi http://localhost:40639/
[rosmaster.master][INFO] 2025-08-19 11:39:07,831: +CACHEDPARAM [/rosout_disable_topics_generation] by /kelpie
[rosmaster.master][INFO] 2025-08-19 11:39:07,833: +SERVICE [/rosapi/has_param] /rosapi http://localhost:40639/
[rosmaster.master][INFO] 2025-08-19 11:39:07,836: +CACHEDPARAM [/rosout_disable_topics_generation] by /kelpie
[rosmaster.master][INFO] 2025-08-19 11:39:07,837: +SERVICE [/rosapi/search_param] /rosapi http://localhost:40639/
[rosmaster.master][INFO] 2025-08-19 11:39:07,841: +SERVICE [/rosapi/delete_param] /rosapi http://localhost:40639/
[rosmaster.master][INFO] 2025-08-19 11:39:07,845: +SERVICE [/rosapi/get_param_names] /rosapi http://localhost:40639/
[rosmaster.master][INFO] 2025-08-19 11:39:07,850: +SERVICE [/rosapi/get_time] /rosapi http://localhost:40639/
[rosmaster.master][INFO] 2025-08-19 11:39:07,853: +SERVICE [/rosapi/topics_and_raw_types] /rosapi http://localhost:40639/
[rosmaster.master][INFO] 2025-08-19 11:39:07,858: +CACHEDPARAM [/rosout_disable_topics_generation] by /rosapi
[rosmaster.master][INFO] 2025-08-19 11:39:07,990: +CACHEDPARAM [/rosout/omit_topics] by /rosout
[rosmaster.master][INFO] 2025-08-19 11:39:08,418: +PUB [/kelpie/leg_control/currents] /hardware http://localhost:34237/
[rosmaster.master][INFO] 2025-08-19 11:39:08,421: +PUB [/kelpie/battery/voltage] /hardware http://localhost:34237/
[rosmaster.master][INFO] 2025-08-19 11:39:08,424: +PUB [/kelpie/imu] /hardware http://localhost:34237/
[rosmaster.master][INFO] 2025-08-19 11:39:08,466: publisherUpdate[/kelpie/leg_control/currents] -> http://localhost:33347/ ['http://localhost:34237/']
[rosmaster.master][INFO] 2025-08-19 11:39:08,490: publisherUpdate[/kelpie/leg_control/currents] -> http://localhost:33347/ ['http://localhost:34237/']: sec=0.02, result=[1, '', 0]
[rosmaster.master][INFO] 2025-08-19 11:39:08,491: publisherUpdate[/kelpie/battery/voltage] -> http://localhost:33347/ ['http://localhost:34237/']
[rosmaster.master][INFO] 2025-08-19 11:39:08,502: publisherUpdate[/kelpie/battery/voltage] -> http://localhost:33347/ ['http://localhost:34237/']: sec=0.01, result=[1, '', 0]
[rosmaster.master][INFO] 2025-08-19 11:39:08,502: publisherUpdate[/kelpie/imu] -> http://localhost:33347/ ['http://localhost:34237/']
[rosmaster.master][INFO] 2025-08-19 11:39:08,505: +PUB [/rosout] /hardware http://localhost:34237/
[rosmaster.master][INFO] 2025-08-19 11:39:08,511: publisherUpdate[/kelpie/imu] -> http://localhost:33347/ ['http://localhost:34237/']: sec=0.01, result=[1, '', 0]
[rosmaster.master][INFO] 2025-08-19 11:39:08,512: publisherUpdate[/rosout] -> http://localhost:44989/ ['http://localhost:39489/', 'http://localhost:40639/', 'http://localhost:33347/', 'http://localhost:34237/']
[rosmaster.master][INFO] 2025-08-19 11:39:08,515: +PUB [/rosout] /rosbridge_websocket http://localhost:41227/
[rosmaster.master][INFO] 2025-08-19 11:39:08,516: +SERVICE [/hardware/get_loggers] /hardware http://localhost:34237/
[rosmaster.master][INFO] 2025-08-19 11:39:08,519: publisherUpdate[/rosout] -> http://localhost:44989/ ['http://localhost:39489/', 'http://localhost:40639/', 'http://localhost:33347/', 'http://localhost:34237/']: sec=0.01, result=[1, '', 0]
[rosmaster.master][INFO] 2025-08-19 11:39:08,522: publisherUpdate[/rosout] -> http://localhost:44989/ ['http://localhost:39489/', 'http://localhost:40639/', 'http://localhost:33347/', 'http://localhost:34237/', 'http://localhost:41227/']
[rosmaster.master][INFO] 2025-08-19 11:39:08,522: +SERVICE [/hardware/set_logger_level] /hardware http://localhost:34237/
[rosmaster.master][INFO] 2025-08-19 11:39:08,526: publisherUpdate[/rosout] -> http://localhost:44989/ ['http://localhost:39489/', 'http://localhost:40639/', 'http://localhost:33347/', 'http://localhost:34237/', 'http://localhost:41227/']: sec=0.00, result=[1, '', 0]
[rosmaster.master][INFO] 2025-08-19 11:39:08,527: +SERVICE [/rosbridge_websocket/get_loggers] /rosbridge_websocket http://localhost:41227/
[rosmaster.master][INFO] 2025-08-19 11:39:08,530: +SERVICE [/rosbridge_websocket/set_logger_level] /rosbridge_websocket http://localhost:41227/
[rosmaster.master][INFO] 2025-08-19 11:39:08,572: +PUB [/client_count] /rosbridge_websocket http://localhost:41227/
[rosmaster.master][INFO] 2025-08-19 11:39:08,575: +PUB [/connected_clients] /rosbridge_websocket http://localhost:41227/
[rosmaster.master][INFO] 2025-08-19 11:39:08,585: +PARAM [/rosbridge_websocket/actual_port] by /rosbridge_websocket
[rosmaster.master][INFO] 2025-08-19 11:39:08,593: +CACHEDPARAM [/rosout_disable_topics_generation] by /rosbridge_websocket
[rosmaster.master][INFO] 2025-08-19 11:39:08,598: +SUB [/kelpie/leg_control/joint_states] /hardware http://localhost:34237/
[rosmaster.master][INFO] 2025-08-19 11:39:08,606: +SUB [/joy] /hardware http://localhost:34237/
[rosmaster.master][INFO] 2025-08-19 11:39:08,609: +PUB [/kelpie/command_input] /hardware http://localhost:34237/
[rosmaster.master][INFO] 2025-08-19 11:39:08,628: publisherUpdate[/kelpie/command_input] -> http://localhost:33347/ ['http://localhost:34237/']
[rosmaster.master][INFO] 2025-08-19 11:39:08,636: publisherUpdate[/kelpie/command_input] -> http://localhost:33347/ ['http://localhost:34237/']: sec=0.01, result=[1, '', 0]
[rosmaster.master][INFO] 2025-08-19 11:39:13,128: +CACHEDPARAM [/rosout_disable_topics_generation] by /rosbridge_websocket
[rosmaster.master][INFO] 2025-08-19 11:39:19,310: +CACHEDPARAM [/rosout_disable_topics_generation] by /rosbridge_websocket
[rosmaster.master][INFO] 2025-08-19 11:39:19,370: +CACHEDPARAM [/rosout_disable_topics_generation] by /rosbridge_websocket
[rosmaster.master][INFO] 2025-08-19 11:39:20,364: +SUB [/kelpie/leg_control/joint_states] /rosbridge_websocket http://localhost:41227/
[rosmaster.master][INFO] 2025-08-19 11:39:20,368: +CACHEDPARAM [/rosout_disable_topics_generation] by /rosbridge_websocket
[rosmaster.master][INFO] 2025-08-19 11:39:20,380: +SUB [/kelpie/leg_control/currents] /rosbridge_websocket http://localhost:41227/
[rosmaster.master][INFO] 2025-08-19 11:39:20,384: +CACHEDPARAM [/rosout_disable_topics_generation] by /rosbridge_websocket
[rosmaster.master][INFO] 2025-08-19 11:39:20,407: +SUB [/kelpie/battery/voltage] /rosbridge_websocket http://localhost:41227/
[rosmaster.master][INFO] 2025-08-19 11:39:20,412: +CACHEDPARAM [/rosout_disable_topics_generation] by /rosbridge_websocket
[rosmaster.master][INFO] 2025-08-19 11:39:20,426: +SUB [/kelpie/imu] /rosbridge_websocket http://localhost:41227/
[rosmaster.master][INFO] 2025-08-19 11:39:20,431: +CACHEDPARAM [/rosout_disable_topics_generation] by /rosbridge_websocket
[rosmaster.master][INFO] 2025-08-19 11:41:55,189: +PARAM [/roslaunch/uris/host_localhost__44129] by /roslaunch
[rosmaster.master][INFO] 2025-08-19 11:41:55,201: +PARAM [/rosversion] by /roslaunch
[rosmaster.master][INFO] 2025-08-19 11:41:55,201: +PARAM [/rosdistro] by /roslaunch
[rosmaster.master][INFO] 2025-08-19 11:41:55,202: +PARAM [/rosbridge_websocket/authenticate] by /roslaunch
[rosmaster.master][INFO] 2025-08-19 11:41:55,202: +PARAM [/rosbridge_websocket/port] by /roslaunch
[rosmaster.master][INFO] 2025-08-19 11:41:55,202: +PARAM [/rosbridge_websocket/address] by /roslaunch
[rosmaster.master][INFO] 2025-08-19 11:41:55,202: +PARAM [/rosbridge_websocket/retry_startup_delay] by /roslaunch
[rosmaster.master][INFO] 2025-08-19 11:41:55,203: +PARAM [/rosbridge_websocket/fragment_timeout] by /roslaunch
[rosmaster.master][INFO] 2025-08-19 11:41:55,203: +PARAM [/rosbridge_websocket/delay_between_messages] by /roslaunch
[rosmaster.master][INFO] 2025-08-19 11:41:55,203: +PARAM [/rosbridge_websocket/max_message_size] by /roslaunch
[rosmaster.master][INFO] 2025-08-19 11:41:55,203: +PARAM [/rosbridge_websocket/unregister_timeout] by /roslaunch
[rosmaster.master][INFO] 2025-08-19 11:41:55,204: +PARAM [/rosbridge_websocket/use_compression] by /roslaunch
[rosmaster.master][INFO] 2025-08-19 11:41:55,204: +PARAM [/rosbridge_websocket/websocket_ping_interval] by /roslaunch
[rosmaster.master][INFO] 2025-08-19 11:41:55,204: +PARAM [/rosbridge_websocket/websocket_ping_timeout] by /roslaunch
[rosmaster.master][INFO] 2025-08-19 11:41:55,204: +PARAM [/rosbridge_websocket/websocket_external_port] by /roslaunch
[rosmaster.master][INFO] 2025-08-19 11:41:55,204: +PARAM [/rosbridge_websocket/topics_glob] by /roslaunch
[rosmaster.master][INFO] 2025-08-19 11:41:55,205: +PARAM [/rosbridge_websocket/services_glob] by /roslaunch
[rosmaster.master][INFO] 2025-08-19 11:41:55,205: +PARAM [/rosbridge_websocket/params_glob] by /roslaunch
[rosmaster.master][INFO] 2025-08-19 11:41:55,205: +PARAM [/rosbridge_websocket/bson_only_mode] by /roslaunch
[rosmaster.master][INFO] 2025-08-19 11:41:55,205: +PARAM [/rosapi/topics_glob] by /roslaunch
[rosmaster.master][INFO] 2025-08-19 11:41:55,206: +PARAM [/rosapi/services_glob] by /roslaunch
[rosmaster.master][INFO] 2025-08-19 11:41:55,206: +PARAM [/rosapi/params_glob] by /roslaunch
[rosmaster.master][INFO] 2025-08-19 11:41:55,206: +PARAM [/JOYSTICK/autorepeat_rate] by /roslaunch
[rosmaster.master][INFO] 2025-08-19 11:41:55,206: +PARAM [/JOYSTICK/joy_node/dev] by /roslaunch
[rosmaster.master][INFO] 2025-08-19 11:41:55,622: +PUB [/rosout] /JOYSTICK http://localhost:38743/
[rosmaster.master][INFO] 2025-08-19 11:41:55,624: +SERVICE [/JOYSTICK/get_loggers] /JOYSTICK http://localhost:38743/
[rosmaster.master][INFO] 2025-08-19 11:41:55,627: +SERVICE [/JOYSTICK/set_logger_level] /JOYSTICK http://localhost:38743/
[rosmaster.master][INFO] 2025-08-19 11:41:55,642: +PUB [/diagnostics] /JOYSTICK http://localhost:38743/
[rosmaster.master][INFO] 2025-08-19 11:41:55,644: publisherUpdate[/rosout] -> http://localhost:44989/ ['http://localhost:40639/', 'http://localhost:33347/', 'http://localhost:34237/', 'http://localhost:41227/', 'http://localhost:38743/']
[rosmaster.master][INFO] 2025-08-19 11:41:55,649: +CACHEDPARAM [/JOYSTICK/diagnostic_period] by /JOYSTICK
[rosmaster.master][INFO] 2025-08-19 11:41:55,651: publisherUpdate[/rosout] -> http://localhost:44989/ ['http://localhost:40639/', 'http://localhost:33347/', 'http://localhost:34237/', 'http://localhost:41227/', 'http://localhost:38743/']: sec=0.01, result=[1, '', 0]
[rosmaster.master][INFO] 2025-08-19 11:41:55,654: +PUB [/joy] /JOYSTICK http://localhost:38743/
[rosmaster.master][INFO] 2025-08-19 11:41:55,664: +SUB [/joy/set_feedback] /JOYSTICK http://localhost:38743/
[rosmaster.master][INFO] 2025-08-19 11:41:55,697: publisherUpdate[/joy] -> http://localhost:34237/ ['http://localhost:38743/']
[rosmaster.master][INFO] 2025-08-19 11:41:55,710: +CACHEDPARAM [/rosout_disable_topics_generation] by /JOYSTICK
[rosmaster.master][INFO] 2025-08-19 11:41:55,712: publisherUpdate[/joy] -> http://localhost:34237/ ['http://localhost:38743/']: sec=0.01, result=[1, '', 0]
[rosmaster.master][INFO] 2025-08-19 11:41:55,753: -PUB [/rosout] /JOYSTICK http://localhost:39489/
[rosmaster.master][INFO] 2025-08-19 11:41:55,755: -PUB [/diagnostics] /JOYSTICK http://localhost:39489/
[rosmaster.master][INFO] 2025-08-19 11:41:55,758: -PUB [/joy] /JOYSTICK http://localhost:39489/
[rosmaster.master][INFO] 2025-08-19 11:41:55,761: -SUB [/joy/set_feedback] /JOYSTICK http://localhost:39489/
[rosmaster.master][INFO] 2025-08-19 11:41:55,765: -SERVICE [/JOYSTICK/get_loggers] /JOYSTICK rosrpc://localhost:53321
[rosmaster.master][INFO] 2025-08-19 11:41:55,768: -SERVICE [/JOYSTICK/set_logger_level] /JOYSTICK rosrpc://localhost:53321
[rosmaster.master][INFO] 2025-08-19 11:41:55,773: -CACHEDPARAM [/JOYSTICK/diagnostic_period] by /JOYSTICK
[rosmaster.master][INFO] 2025-08-19 11:41:55,782: -CACHEDPARAM [/rosout_disable_topics_generation] by /JOYSTICK
[rosmaster.master][INFO] 2025-08-19 11:41:57,378: +PUB [/rosout] /kelpie http://localhost:36821/
[rosmaster.master][INFO] 2025-08-19 11:41:57,402: +SERVICE [/kelpie/get_loggers] /kelpie http://localhost:36821/
[rosmaster.master][INFO] 2025-08-19 11:41:57,410: +SERVICE [/kelpie/set_logger_level] /kelpie http://localhost:36821/
[rosmaster.master][INFO] 2025-08-19 11:41:57,419: +SUB [/kelpie/imu] /kelpie http://localhost:36821/
[rosmaster.master][INFO] 2025-08-19 11:41:57,427: +SUB [/kelpie/leg_control/currents] /kelpie http://localhost:36821/
[rosmaster.master][INFO] 2025-08-19 11:41:57,429: -SUB [/kelpie/imu] /kelpie http://localhost:33347/
[rosmaster.master][INFO] 2025-08-19 11:41:57,430: -SUB [/kelpie/leg_control/currents] /kelpie http://localhost:33347/
[rosmaster.master][INFO] 2025-08-19 11:41:57,431: -SUB [/kelpie/battery/voltage] /kelpie http://localhost:33347/
[rosmaster.master][INFO] 2025-08-19 11:41:57,431: -SUB [/kelpie/command_input] /kelpie http://localhost:33347/
[rosmaster.master][INFO] 2025-08-19 11:41:57,441: -PUB [/rosout] /kelpie http://localhost:33347/
[rosmaster.master][INFO] 2025-08-19 11:41:57,441: -PUB [/kelpie/leg_control/joint_states] /kelpie http://localhost:33347/
[rosmaster.master][INFO] 2025-08-19 11:41:57,442: -SERVICE [/kelpie/get_loggers] /kelpie rosrpc://localhost:35733
[rosmaster.master][INFO] 2025-08-19 11:41:57,442: -SERVICE [/kelpie/set_logger_level] /kelpie rosrpc://localhost:35733
[rosmaster.master][INFO] 2025-08-19 11:41:57,448: +SUB [/kelpie/battery/voltage] /kelpie http://localhost:36821/
[rosmaster.master][INFO] 2025-08-19 11:41:57,454: +PUB [/kelpie/leg_control/joint_states] /kelpie http://localhost:36821/
[rosmaster.master][INFO] 2025-08-19 11:41:57,458: publisherUpdate[/rosout] -> http://localhost:44989/ ['http://localhost:40639/', 'http://localhost:34237/', 'http://localhost:41227/', 'http://localhost:38743/', 'http://localhost:36821/']
[rosmaster.master][INFO] 2025-08-19 11:41:57,459: publisherUpdate[/kelpie/leg_control/joint_states] -> http://localhost:34237/ ['http://localhost:36821/']
[rosmaster.master][INFO] 2025-08-19 11:41:57,463: publisherUpdate[/rosout] -> http://localhost:44989/ ['http://localhost:40639/', 'http://localhost:34237/', 'http://localhost:41227/', 'http://localhost:38743/', 'http://localhost:36821/']: sec=0.00, result=[1, '', 0]
[rosmaster.master][INFO] 2025-08-19 11:41:57,464: publisherUpdate[/kelpie/leg_control/joint_states] -> http://localhost:41227/ ['http://localhost:36821/']
[rosmaster.master][INFO] 2025-08-19 11:41:57,471: +CACHEDPARAM [/rosout_disable_topics_generation] by /kelpie
[rosmaster.master][INFO] 2025-08-19 11:41:57,484: +SUB [/kelpie/command_input] /kelpie http://localhost:36821/
[rosmaster.master][INFO] 2025-08-19 11:41:57,490: +CACHEDPARAM [/rosout_disable_topics_generation] by /kelpie
[rosmaster.master][INFO] 2025-08-19 11:41:57,491: publisherUpdate[/kelpie/leg_control/joint_states] -> http://localhost:34237/ ['http://localhost:36821/']: sec=0.03, result=[1, '', 0]
[rosmaster.master][INFO] 2025-08-19 11:41:57,497: publisherUpdate[/kelpie/leg_control/joint_states] -> http://localhost:41227/ ['http://localhost:36821/']: sec=0.03, result=[1, '', 0]
[rosmaster.master][INFO] 2025-08-19 11:41:57,513: +CACHEDPARAM [/rosout_disable_topics_generation] by /kelpie
[rosmaster.master][INFO] 2025-08-19 11:41:57,519: +CACHEDPARAM [/rosout_disable_topics_generation] by /kelpie
[rosmaster.master][INFO] 2025-08-19 11:41:57,527: +CACHEDPARAM [/rosout_disable_topics_generation] by /kelpie
[rosmaster.master][INFO] 2025-08-19 11:41:57,534: +CACHEDPARAM [/rosout_disable_topics_generation] by /kelpie
[rosmaster.master][INFO] 2025-08-19 11:41:57,548: +CACHEDPARAM [/rosout_disable_topics_generation] by /kelpie
[rosmaster.master][INFO] 2025-08-19 11:41:57,556: +CACHEDPARAM [/rosout_disable_topics_generation] by /kelpie
[rosmaster.master][INFO] 2025-08-19 11:41:57,569: +CACHEDPARAM [/rosout_disable_topics_generation] by /kelpie
[rosmaster.master][INFO] 2025-08-19 11:41:57,782: +PUB [/rosout] /rosapi http://localhost:33775/
[rosmaster.master][INFO] 2025-08-19 11:41:57,798: publisherUpdate[/rosout] -> http://localhost:44989/ ['http://localhost:34237/', 'http://localhost:41227/', 'http://localhost:38743/', 'http://localhost:36821/', 'http://localhost:33775/']
[rosmaster.master][INFO] 2025-08-19 11:41:57,799: +SERVICE [/rosapi/get_loggers] /rosapi http://localhost:33775/
[rosmaster.master][INFO] 2025-08-19 11:41:57,803: publisherUpdate[/rosout] -> http://localhost:44989/ ['http://localhost:34237/', 'http://localhost:41227/', 'http://localhost:38743/', 'http://localhost:36821/', 'http://localhost:33775/']: sec=0.00, result=[1, '', 0]
[rosmaster.master][INFO] 2025-08-19 11:41:57,805: +SERVICE [/rosapi/set_logger_level] /rosapi http://localhost:33775/
[rosmaster.master][INFO] 2025-08-19 11:41:57,816: +SERVICE [/rosapi/topics] /rosapi http://localhost:33775/
[rosmaster.master][INFO] 2025-08-19 11:41:57,820: +SERVICE [/rosapi/topics_for_type] /rosapi http://localhost:33775/
[rosmaster.master][INFO] 2025-08-19 11:41:57,824: +SERVICE [/rosapi/services] /rosapi http://localhost:33775/
[rosmaster.master][INFO] 2025-08-19 11:41:57,830: -PUB [/rosout] /rosapi http://localhost:40639/
[rosmaster.master][INFO] 2025-08-19 11:41:57,831: -SERVICE [/rosapi/get_loggers] /rosapi rosrpc://localhost:43131
[rosmaster.master][INFO] 2025-08-19 11:41:57,831: -SERVICE [/rosapi/set_logger_level] /rosapi rosrpc://localhost:43131
[rosmaster.master][INFO] 2025-08-19 11:41:57,832: -SERVICE [/rosapi/topics] /rosapi rosrpc://localhost:43131
[rosmaster.master][INFO] 2025-08-19 11:41:57,833: -SERVICE [/rosapi/topics_for_type] /rosapi rosrpc://localhost:43131
[rosmaster.master][INFO] 2025-08-19 11:41:57,833: -SERVICE [/rosapi/services] /rosapi rosrpc://localhost:43131
[rosmaster.master][INFO] 2025-08-19 11:41:57,834: -SERVICE [/rosapi/services_for_type] /rosapi rosrpc://localhost:43131
[rosmaster.master][INFO] 2025-08-19 11:41:57,835: -SERVICE [/rosapi/nodes] /rosapi rosrpc://localhost:43131
[rosmaster.master][INFO] 2025-08-19 11:41:57,835: -SERVICE [/rosapi/node_details] /rosapi rosrpc://localhost:43131
[rosmaster.master][INFO] 2025-08-19 11:41:57,836: -SERVICE [/rosapi/action_servers] /rosapi rosrpc://localhost:43131
[rosmaster.master][INFO] 2025-08-19 11:41:57,842: +SERVICE [/rosapi/services_for_type] /rosapi http://localhost:33775/
[rosmaster.master][INFO] 2025-08-19 11:41:57,845: -SERVICE [/rosapi/topic_type] /rosapi rosrpc://localhost:43131
[rosmaster.master][INFO] 2025-08-19 11:41:57,851: +SERVICE [/rosapi/nodes] /rosapi http://localhost:33775/
[rosmaster.master][INFO] 2025-08-19 11:41:57,852: -SERVICE [/rosapi/service_type] /rosapi rosrpc://localhost:43131
[rosmaster.master][INFO] 2025-08-19 11:41:57,854: -SERVICE [/rosapi/publishers] /rosapi rosrpc://localhost:43131
[rosmaster.master][INFO] 2025-08-19 11:41:57,856: +SERVICE [/rosapi/node_details] /rosapi http://localhost:33775/
[rosmaster.master][INFO] 2025-08-19 11:41:57,857: -SERVICE [/rosapi/subscribers] /rosapi rosrpc://localhost:43131
[rosmaster.master][INFO] 2025-08-19 11:41:57,859: -SERVICE [/rosapi/service_providers] /rosapi rosrpc://localhost:43131
[rosmaster.master][INFO] 2025-08-19 11:41:57,860: -SERVICE [/rosapi/service_node] /rosapi rosrpc://localhost:43131
[rosmaster.master][INFO] 2025-08-19 11:41:57,862: +SERVICE [/rosapi/action_servers] /rosapi http://localhost:33775/
[rosmaster.master][INFO] 2025-08-19 11:41:57,863: -SERVICE [/rosapi/service_host] /rosapi rosrpc://localhost:43131
[rosmaster.master][INFO] 2025-08-19 11:41:57,863: -SERVICE [/rosapi/message_details] /rosapi rosrpc://localhost:43131
[rosmaster.master][INFO] 2025-08-19 11:41:57,867: -SERVICE [/rosapi/service_request_details] /rosapi rosrpc://localhost:43131
[rosmaster.master][INFO] 2025-08-19 11:41:57,868: +SERVICE [/rosapi/topic_type] /rosapi http://localhost:33775/
[rosmaster.master][INFO] 2025-08-19 11:41:57,868: -SERVICE [/rosapi/service_response_details] /rosapi rosrpc://localhost:43131
[rosmaster.master][INFO] 2025-08-19 11:41:57,869: -SERVICE [/rosapi/set_param] /rosapi rosrpc://localhost:43131
[rosmaster.master][INFO] 2025-08-19 11:41:57,869: -SERVICE [/rosapi/get_param] /rosapi rosrpc://localhost:43131
[rosmaster.master][INFO] 2025-08-19 11:41:57,873: -SERVICE [/rosapi/has_param] /rosapi rosrpc://localhost:43131
[rosmaster.master][INFO] 2025-08-19 11:41:57,874: +SERVICE [/rosapi/service_type] /rosapi http://localhost:33775/
[rosmaster.master][INFO] 2025-08-19 11:41:57,874: -SERVICE [/rosapi/search_param] /rosapi rosrpc://localhost:43131
[rosmaster.master][INFO] 2025-08-19 11:41:57,878: +SERVICE [/rosapi/publishers] /rosapi http://localhost:33775/
[rosmaster.master][INFO] 2025-08-19 11:41:57,879: -SERVICE [/rosapi/delete_param] /rosapi rosrpc://localhost:43131
[rosmaster.master][INFO] 2025-08-19 11:41:57,881: -SERVICE [/rosapi/get_param_names] /rosapi rosrpc://localhost:43131
[rosmaster.master][INFO] 2025-08-19 11:41:57,881: -SERVICE [/rosapi/get_time] /rosapi rosrpc://localhost:43131
[rosmaster.master][INFO] 2025-08-19 11:41:57,882: -SERVICE [/rosapi/topics_and_raw_types] /rosapi rosrpc://localhost:43131
[rosmaster.master][INFO] 2025-08-19 11:41:57,886: +SERVICE [/rosapi/subscribers] /rosapi http://localhost:33775/
[rosmaster.master][INFO] 2025-08-19 11:41:57,889: +SERVICE [/rosapi/service_providers] /rosapi http://localhost:33775/
[rosmaster.master][INFO] 2025-08-19 11:41:57,893: +SERVICE [/rosapi/service_node] /rosapi http://localhost:33775/
[rosmaster.master][INFO] 2025-08-19 11:41:57,897: +SERVICE [/rosapi/service_host] /rosapi http://localhost:33775/
[rosmaster.master][INFO] 2025-08-19 11:41:57,900: +SERVICE [/rosapi/message_details] /rosapi http://localhost:33775/
[rosmaster.master][INFO] 2025-08-19 11:41:57,905: +SERVICE [/rosapi/service_request_details] /rosapi http://localhost:33775/
[rosmaster.master][INFO] 2025-08-19 11:41:57,909: +SERVICE [/rosapi/service_response_details] /rosapi http://localhost:33775/
[rosmaster.master][INFO] 2025-08-19 11:41:57,912: +SERVICE [/rosapi/set_param] /rosapi http://localhost:33775/
[rosmaster.master][INFO] 2025-08-19 11:41:57,915: +SERVICE [/rosapi/get_param] /rosapi http://localhost:33775/
[rosmaster.master][INFO] 2025-08-19 11:41:57,919: +SERVICE [/rosapi/has_param] /rosapi http://localhost:33775/
[rosmaster.master][INFO] 2025-08-19 11:41:57,922: +SERVICE [/rosapi/search_param] /rosapi http://localhost:33775/
[rosmaster.master][INFO] 2025-08-19 11:41:57,925: +SERVICE [/rosapi/delete_param] /rosapi http://localhost:33775/
[rosmaster.master][INFO] 2025-08-19 11:41:57,929: +SERVICE [/rosapi/get_param_names] /rosapi http://localhost:33775/
[rosmaster.master][INFO] 2025-08-19 11:41:57,932: +SERVICE [/rosapi/get_time] /rosapi http://localhost:33775/
[rosmaster.master][INFO] 2025-08-19 11:41:57,936: +SERVICE [/rosapi/topics_and_raw_types] /rosapi http://localhost:33775/
[rosmaster.master][INFO] 2025-08-19 11:41:57,940: +CACHEDPARAM [/rosout_disable_topics_generation] by /rosapi
[rosmaster.master][INFO] 2025-08-19 11:41:58,352: +PUB [/kelpie/leg_control/currents] /hardware http://localhost:44371/
[rosmaster.master][INFO] 2025-08-19 11:41:58,357: +PUB [/kelpie/battery/voltage] /hardware http://localhost:44371/
[rosmaster.master][INFO] 2025-08-19 11:41:58,362: -SUB [/kelpie/leg_control/joint_states] /hardware http://localhost:34237/
[rosmaster.master][INFO] 2025-08-19 11:41:58,363: -SUB [/joy] /hardware http://localhost:34237/
[rosmaster.master][INFO] 2025-08-19 11:41:58,364: -PUB [/kelpie/leg_control/currents] /hardware http://localhost:34237/
[rosmaster.master][INFO] 2025-08-19 11:41:58,364: -PUB [/kelpie/battery/voltage] /hardware http://localhost:34237/
[rosmaster.master][INFO] 2025-08-19 11:41:58,365: -PUB [/kelpie/imu] /hardware http://localhost:34237/
[rosmaster.master][INFO] 2025-08-19 11:41:58,366: -PUB [/rosout] /hardware http://localhost:34237/
[rosmaster.master][INFO] 2025-08-19 11:41:58,366: -PUB [/kelpie/command_input] /hardware http://localhost:34237/
[rosmaster.master][INFO] 2025-08-19 11:41:58,367: -SERVICE [/hardware/get_loggers] /hardware rosrpc://localhost:45211
[rosmaster.master][INFO] 2025-08-19 11:41:58,367: -SERVICE [/hardware/set_logger_level] /hardware rosrpc://localhost:45211
[rosmaster.master][INFO] 2025-08-19 11:41:58,374: +PUB [/kelpie/imu] /hardware http://localhost:44371/
[rosmaster.master][INFO] 2025-08-19 11:41:58,383: publisherUpdate[/kelpie/leg_control/currents] -> http://localhost:41227/ ['http://localhost:44371/']
[rosmaster.master][INFO] 2025-08-19 11:41:58,391: publisherUpdate[/kelpie/leg_control/currents] -> http://localhost:36821/ ['http://localhost:44371/']
[rosmaster.master][INFO] 2025-08-19 11:41:58,402: publisherUpdate[/kelpie/leg_control/currents] -> http://localhost:41227/ ['http://localhost:44371/']: sec=0.02, result=[1, '', 0]
[rosmaster.master][INFO] 2025-08-19 11:41:58,402: publisherUpdate[/kelpie/battery/voltage] -> http://localhost:41227/ ['http://localhost:44371/']
[rosmaster.master][INFO] 2025-08-19 11:41:58,406: publisherUpdate[/kelpie/battery/voltage] -> http://localhost:41227/ ['http://localhost:44371/']: sec=0.00, result=[1, '', 0]
[rosmaster.master][INFO] 2025-08-19 11:41:58,406: publisherUpdate[/kelpie/imu] -> http://localhost:41227/ ['http://localhost:44371/']
[rosmaster.master][INFO] 2025-08-19 11:41:58,418: publisherUpdate[/kelpie/imu] -> http://localhost:41227/ ['http://localhost:44371/']: sec=0.01, result=[1, '', 0]
[rosmaster.master][INFO] 2025-08-19 11:41:58,425: publisherUpdate[/kelpie/leg_control/currents] -> http://localhost:36821/ ['http://localhost:44371/']: sec=0.03, result=[1, '', 0]
[rosmaster.master][INFO] 2025-08-19 11:41:58,426: publisherUpdate[/kelpie/battery/voltage] -> http://localhost:36821/ ['http://localhost:44371/']
[rosmaster.master][INFO] 2025-08-19 11:41:58,433: +PUB [/rosout] /hardware http://localhost:44371/
[rosmaster.master][INFO] 2025-08-19 11:41:58,439: publisherUpdate[/kelpie/battery/voltage] -> http://localhost:36821/ ['http://localhost:44371/']: sec=0.01, result=[1, '', 0]
[rosmaster.master][INFO] 2025-08-19 11:41:58,440: publisherUpdate[/kelpie/imu] -> http://localhost:36821/ ['http://localhost:44371/']
[rosmaster.master][INFO] 2025-08-19 11:41:58,442: +SERVICE [/hardware/get_loggers] /hardware http://localhost:44371/
[rosmaster.master][INFO] 2025-08-19 11:41:58,449: +SERVICE [/hardware/set_logger_level] /hardware http://localhost:44371/
[rosmaster.master][INFO] 2025-08-19 11:41:58,455: publisherUpdate[/kelpie/imu] -> http://localhost:36821/ ['http://localhost:44371/']: sec=0.01, result=[1, '', 0]
[rosmaster.master][INFO] 2025-08-19 11:41:58,455: publisherUpdate[/rosout] -> http://localhost:44989/ ['http://localhost:41227/', 'http://localhost:38743/', 'http://localhost:36821/', 'http://localhost:33775/', 'http://localhost:44371/']
[rosmaster.master][INFO] 2025-08-19 11:41:58,459: publisherUpdate[/rosout] -> http://localhost:44989/ ['http://localhost:41227/', 'http://localhost:38743/', 'http://localhost:36821/', 'http://localhost:33775/', 'http://localhost:44371/']: sec=0.00, result=[1, '', 0]
[rosmaster.master][INFO] 2025-08-19 11:41:58,545: +SUB [/kelpie/leg_control/joint_states] /hardware http://localhost:44371/
[rosmaster.master][INFO] 2025-08-19 11:41:58,553: +SUB [/joy] /hardware http://localhost:44371/
[rosmaster.master][INFO] 2025-08-19 11:41:58,558: +PUB [/kelpie/command_input] /hardware http://localhost:44371/
[rosmaster.master][INFO] 2025-08-19 11:41:58,559: publisherUpdate[/kelpie/command_input] -> http://localhost:36821/ ['http://localhost:44371/']
[rosmaster.master][INFO] 2025-08-19 11:41:58,569: publisherUpdate[/kelpie/command_input] -> http://localhost:36821/ ['http://localhost:44371/']: sec=0.01, result=[1, '', 0]
[rosmaster.master][INFO] 2025-08-19 11:41:58,629: +PUB [/rosout] /rosbridge_websocket http://localhost:37841/
[rosmaster.master][INFO] 2025-08-19 11:41:58,638: +SERVICE [/rosbridge_websocket/get_loggers] /rosbridge_websocket http://localhost:37841/
[rosmaster.master][INFO] 2025-08-19 11:41:58,641: +SERVICE [/rosbridge_websocket/set_logger_level] /rosbridge_websocket http://localhost:37841/
[rosmaster.master][INFO] 2025-08-19 11:41:58,689: -SUB [/kelpie/leg_control/joint_states] /rosbridge_websocket http://localhost:41227/
[rosmaster.master][INFO] 2025-08-19 11:41:58,690: -SUB [/kelpie/leg_control/currents] /rosbridge_websocket http://localhost:41227/
[rosmaster.master][INFO] 2025-08-19 11:41:58,691: -SUB [/kelpie/battery/voltage] /rosbridge_websocket http://localhost:41227/
[rosmaster.master][INFO] 2025-08-19 11:41:58,691: -SUB [/kelpie/imu] /rosbridge_websocket http://localhost:41227/
[rosmaster.master][INFO] 2025-08-19 11:41:58,691: -PUB [/rosout] /rosbridge_websocket http://localhost:41227/
[rosmaster.master][INFO] 2025-08-19 11:41:58,693: -PUB [/client_count] /rosbridge_websocket http://localhost:41227/
[rosmaster.master][INFO] 2025-08-19 11:41:58,694: -PUB [/connected_clients] /rosbridge_websocket http://localhost:41227/
[rosmaster.master][INFO] 2025-08-19 11:41:58,694: -SERVICE [/rosbridge_websocket/get_loggers] /rosbridge_websocket rosrpc://localhost:34097
[rosmaster.master][INFO] 2025-08-19 11:41:58,694: -SERVICE [/rosbridge_websocket/set_logger_level] /rosbridge_websocket rosrpc://localhost:34097
[rosmaster.master][INFO] 2025-08-19 11:41:58,696: +PUB [/client_count] /rosbridge_websocket http://localhost:37841/
[rosmaster.master][INFO] 2025-08-19 11:41:58,700: +PUB [/connected_clients] /rosbridge_websocket http://localhost:37841/
[rosmaster.master][INFO] 2025-08-19 11:41:58,705: publisherUpdate[/rosout] -> http://localhost:44989/ ['http://localhost:38743/', 'http://localhost:36821/', 'http://localhost:33775/', 'http://localhost:44371/', 'http://localhost:37841/']
[rosmaster.master][INFO] 2025-08-19 11:41:58,710: publisherUpdate[/rosout] -> http://localhost:44989/ ['http://localhost:38743/', 'http://localhost:36821/', 'http://localhost:33775/', 'http://localhost:44371/', 'http://localhost:37841/']: sec=0.00, result=[1, '', 0]
[rosmaster.master][INFO] 2025-08-19 11:41:58,716: +PARAM [/rosbridge_websocket/actual_port] by /rosbridge_websocket
[rosmaster.master][INFO] 2025-08-19 11:41:58,726: +CACHEDPARAM [/rosout_disable_topics_generation] by /rosbridge_websocket
[rosmaster.master][INFO] 2025-08-19 11:42:03,739: +CACHEDPARAM [/rosout_disable_topics_generation] by /rosbridge_websocket
[rosmaster.master][INFO] 2025-08-19 11:42:08,750: +CACHEDPARAM [/rosout_disable_topics_generation] by /rosbridge_websocket
[rosmaster.master][INFO] 2025-08-19 11:42:13,762: +CACHEDPARAM [/rosout_disable_topics_generation] by /rosbridge_websocket
[rosmaster.master][INFO] 2025-08-19 11:42:18,775: +CACHEDPARAM [/rosout_disable_topics_generation] by /rosbridge_websocket
[rosmaster.master][INFO] 2025-08-19 11:42:23,787: +CACHEDPARAM [/rosout_disable_topics_generation] by /rosbridge_websocket
[rosmaster.master][INFO] 2025-08-19 11:42:28,799: +CACHEDPARAM [/rosout_disable_topics_generation] by /rosbridge_websocket
[rosmaster.master][INFO] 2025-08-19 11:42:32,495: +CACHEDPARAM [/rosout_disable_topics_generation] by /rosbridge_websocket
[rosmaster.master][INFO] 2025-08-19 11:42:32,574: -PUB [/rosout] /rosbridge_websocket http://localhost:37841/
[rosmaster.master][INFO] 2025-08-19 11:42:32,575: -PUB [/client_count] /rosbridge_websocket http://localhost:37841/
[rosmaster.master][INFO] 2025-08-19 11:42:32,576: -PUB [/connected_clients] /rosbridge_websocket http://localhost:37841/
[rosmaster.master][INFO] 2025-08-19 11:42:32,577: -SERVICE [/rosbridge_websocket/get_loggers] /rosbridge_websocket rosrpc://localhost:38911
[rosmaster.master][INFO] 2025-08-19 11:42:32,578: -SERVICE [/rosbridge_websocket/set_logger_level] /rosbridge_websocket rosrpc://localhost:38911
[rosmaster.master][INFO] 2025-08-19 11:42:33,816: +CACHEDPARAM [/rosout_disable_topics_generation] by /rosbridge_websocket
                                                                                                                                                                                                                                                                                                                                                                                                                                                                                                                                                                                                                                                                                                                                                                                                                                                                                                                                                                                                                                                                                                                                                                                                                                                                                                                                                                                                                                                                                                                                                                                                                                                                                                                                                                                                                                                                                                                                                                                                                                                                                                                                                                                                                                                                                                                                                                                                                                                                                                                                                                                                                                                                                                                                                                                                                                                                                                                                                                                                                                                                                                                                                                                                                                                                                                                                                                                                                                                                                                                                                                                                                                                                                                                                                                                                                    