[rosmaster.main][INFO] 2025-08-13 16:19:41,255: initialization complete, waiting for shutdown
[rosmaster.main][INFO] 2025-08-13 16:19:41,255: Starting ROS Master Node
[xmlrpc][INFO] 2025-08-13 16:19:41,257: XML-RPC server binding to 127.0.0.1:11311
[xmlrpc][INFO] 2025-08-13 16:19:41,258: Started XML-RPC server [http://localhost:11311/]
[rosmaster.master][INFO] 2025-08-13 16:19:41,258: Master initialized: port[11311], uri[http://localhost:11311/]
[xmlrpc][INFO] 2025-08-13 16:19:41,258: xml rpc node: starting XML-RPC server
[rosmaster.master][INFO] 2025-08-13 16:19:41,279: +PARAM [/run_id] by /roslaunch
[rosmaster.master][INFO] 2025-08-13 16:19:41,282: +PARAM [/roslaunch/uris/host_localhost__33333] by /roslaunch
[rosmaster.master][INFO] 2025-08-13 16:19:41,399: +PARAM [/rosversion] by /roslaunch
[rosmaster.master][INFO] 2025-08-13 16:19:41,400: +PARAM [/rosdistro] by /roslaunch
[rosmaster.master][INFO] 2025-08-13 16:19:41,400: +PARAM [/rosbridge_websocket/authenticate] by /roslaunch
[rosmaster.master][INFO] 2025-08-13 16:19:41,400: +PARAM [/rosbridge_websocket/port] by /roslaunch
[rosmaster.master][INFO] 2025-08-13 16:19:41,401: +PARAM [/rosbridge_websocket/address] by /roslaunch
[rosmaster.master][INFO] 2025-08-13 16:19:41,401: +PARAM [/rosbridge_websocket/retry_startup_delay] by /roslaunch
[rosmaster.master][INFO] 2025-08-13 16:19:41,402: +PARAM [/rosbridge_websocket/fragment_timeout] by /roslaunch
[rosmaster.master][INFO] 2025-08-13 16:19:41,402: +PARAM [/rosbridge_websocket/delay_between_messages] by /roslaunch
[rosmaster.master][INFO] 2025-08-13 16:19:41,402: +PARAM [/rosbridge_websocket/max_message_size] by /roslaunch
[rosmaster.master][INFO] 2025-08-13 16:19:41,402: +PARAM [/rosbridge_websocket/unregister_timeout] by /roslaunch
[rosmaster.master][INFO] 2025-08-13 16:19:41,403: +PARAM [/rosbridge_websocket/use_compression] by /roslaunch
[rosmaster.master][INFO] 2025-08-13 16:19:41,403: +PARAM [/rosbridge_websocket/websocket_ping_interval] by /roslaunch
[rosmaster.master][INFO] 2025-08-13 16:19:41,403: +PARAM [/rosbridge_websocket/websocket_ping_timeout] by /roslaunch
[rosmaster.master][INFO] 2025-08-13 16:19:41,403: +PARAM [/rosbridge_websocket/websocket_external_port] by /roslaunch
[rosmaster.master][INFO] 2025-08-13 16:19:41,404: +PARAM [/rosbridge_websocket/topics_glob] by /roslaunch
[rosmaster.master][INFO] 2025-08-13 16:19:41,404: +PARAM [/rosbridge_websocket/services_glob] by /roslaunch
[rosmaster.master][INFO] 2025-08-13 16:19:41,404: +PARAM [/rosbridge_websocket/params_glob] by /roslaunch
[rosmaster.master][INFO] 2025-08-13 16:19:41,404: +PARAM [/rosbridge_websocket/bson_only_mode] by /roslaunch
[rosmaster.master][INFO] 2025-08-13 16:19:41,404: +PARAM [/rosapi/topics_glob] by /roslaunch
[rosmaster.master][INFO] 2025-08-13 16:19:41,405: +PARAM [/rosapi/services_glob] by /roslaunch
[rosmaster.master][INFO] 2025-08-13 16:19:41,405: +PARAM [/rosapi/params_glob] by /roslaunch
[rosmaster.master][INFO] 2025-08-13 16:19:41,582: +SERVICE [/rosout/get_loggers] /rosout http://localhost:44595/
[rosmaster.master][INFO] 2025-08-13 16:19:41,584: +SERVICE [/rosout/set_logger_level] /rosout http://localhost:44595/
[rosmaster.master][INFO] 2025-08-13 16:19:41,588: +PUB [/rosout_agg] /rosout http://localhost:44595/
[rosmaster.master][INFO] 2025-08-13 16:19:41,599: +SUB [/rosout] /rosout http://localhost:44595/
[rosmaster.master][INFO] 2025-08-13 16:19:42,782: +PUB [/rosout] /rosapi http://localhost:39733/
[rosmaster.master][INFO] 2025-08-13 16:19:42,789: +SERVICE [/rosapi/get_loggers] /rosapi http://localhost:39733/
[rosmaster.master][INFO] 2025-08-13 16:19:42,792: +SERVICE [/rosapi/set_logger_level] /rosapi http://localhost:39733/
[rosmaster.master][INFO] 2025-08-13 16:19:42,801: +SERVICE [/rosapi/topics] /rosapi http://localhost:39733/
[rosmaster.master][INFO] 2025-08-13 16:19:42,804: +SERVICE [/rosapi/topics_for_type] /rosapi http://localhost:39733/
[rosmaster.master][INFO] 2025-08-13 16:19:42,807: +SERVICE [/rosapi/services] /rosapi http://localhost:39733/
[rosmaster.master][INFO] 2025-08-13 16:19:42,809: +SERVICE [/rosapi/services_for_type] /rosapi http://localhost:39733/
[rosmaster.master][INFO] 2025-08-13 16:19:42,812: +SERVICE [/rosapi/nodes] /rosapi http://localhost:39733/
[rosmaster.master][INFO] 2025-08-13 16:19:42,815: +SERVICE [/rosapi/node_details] /rosapi http://localhost:39733/
[rosmaster.master][INFO] 2025-08-13 16:19:42,818: +SERVICE [/rosapi/action_servers] /rosapi http://localhost:39733/
[rosmaster.master][INFO] 2025-08-13 16:19:42,821: +SERVICE [/rosapi/topic_type] /rosapi http://localhost:39733/
[rosmaster.master][INFO] 2025-08-13 16:19:42,825: +SERVICE [/rosapi/service_type] /rosapi http://localhost:39733/
[rosmaster.master][INFO] 2025-08-13 16:19:42,828: +SERVICE [/rosapi/publishers] /rosapi http://localhost:39733/
[rosmaster.master][INFO] 2025-08-13 16:19:42,831: +SERVICE [/rosapi/subscribers] /rosapi http://localhost:39733/
[rosmaster.master][INFO] 2025-08-13 16:19:42,834: +SERVICE [/rosapi/service_providers] /rosapi http://localhost:39733/
[rosmaster.master][INFO] 2025-08-13 16:19:42,837: +SERVICE [/rosapi/service_node] /rosapi http://localhost:39733/
[rosmaster.master][INFO] 2025-08-13 16:19:42,839: +SERVICE [/rosapi/service_host] /rosapi http://localhost:39733/
[rosmaster.master][INFO] 2025-08-13 16:19:42,843: +SERVICE [/rosapi/message_details] /rosapi http://localhost:39733/
[rosmaster.master][INFO] 2025-08-13 16:19:42,846: +SERVICE [/rosapi/service_request_details] /rosapi http://localhost:39733/
[rosmaster.master][INFO] 2025-08-13 16:19:42,849: +SERVICE [/rosapi/service_response_details] /rosapi http://localhost:39733/
[rosmaster.master][INFO] 2025-08-13 16:19:42,852: +SERVICE [/rosapi/set_param] /rosapi http://localhost:39733/
[rosmaster.master][INFO] 2025-08-13 16:19:42,855: +SERVICE [/rosapi/get_param] /rosapi http://localhost:39733/
[rosmaster.master][INFO] 2025-08-13 16:19:42,858: +SERVICE [/rosapi/has_param] /rosapi http://localhost:39733/
[rosmaster.master][INFO] 2025-08-13 16:19:42,859: publisherUpdate[/rosout] -> http://localhost:44595/ ['http://localhost:39733/']
[rosmaster.master][INFO] 2025-08-13 16:19:42,863: +SERVICE [/rosapi/search_param] /rosapi http://localhost:39733/
[rosmaster.master][INFO] 2025-08-13 16:19:42,870: +SERVICE [/rosapi/delete_param] /rosapi http://localhost:39733/
[rosmaster.master][INFO] 2025-08-13 16:19:42,874: +SERVICE [/rosapi/get_param_names] /rosapi http://localhost:39733/
[rosmaster.master][INFO] 2025-08-13 16:19:42,875: publisherUpdate[/rosout] -> http://localhost:44595/ ['http://localhost:39733/']: sec=0.01, result=[1, '', 0]
[rosmaster.master][INFO] 2025-08-13 16:19:42,878: +SERVICE [/rosapi/get_time] /rosapi http://localhost:39733/
[rosmaster.master][INFO] 2025-08-13 16:19:42,881: +SERVICE [/rosapi/topics_and_raw_types] /rosapi http://localhost:39733/
[rosmaster.master][INFO] 2025-08-13 16:19:42,885: +CACHEDPARAM [/rosout_disable_topics_generation] by /rosapi
[rosmaster.master][INFO] 2025-08-13 16:19:43,080: +CACHEDPARAM [/rosout/omit_topics] by /rosout
[rosmaster.master][INFO] 2025-08-13 16:19:43,564: +PUB [/rosout] /rosbridge_websocket http://localhost:38831/
[rosmaster.master][INFO] 2025-08-13 16:19:43,573: +SERVICE [/rosbridge_websocket/get_loggers] /rosbridge_websocket http://localhost:38831/
[rosmaster.master][INFO] 2025-08-13 16:19:43,576: +SERVICE [/rosbridge_websocket/set_logger_level] /rosbridge_websocket http://localhost:38831/
[rosmaster.master][INFO] 2025-08-13 16:19:43,577: publisherUpdate[/rosout] -> http://localhost:44595/ ['http://localhost:39733/', 'http://localhost:38831/']
[rosmaster.master][INFO] 2025-08-13 16:19:43,584: publisherUpdate[/rosout] -> http://localhost:44595/ ['http://localhost:39733/', 'http://localhost:38831/']: sec=0.01, result=[1, '', 0]
[rosmaster.master][INFO] 2025-08-13 16:19:43,618: +PUB [/client_count] /rosbridge_websocket http://localhost:38831/
[rosmaster.master][INFO] 2025-08-13 16:19:43,621: +PUB [/connected_clients] /rosbridge_websocket http://localhost:38831/
[rosmaster.master][INFO] 2025-08-13 16:19:43,630: +PARAM [/rosbridge_websocket/actual_port] by /rosbridge_websocket
[rosmaster.master][INFO] 2025-08-13 16:19:43,638: +CACHEDPARAM [/rosout_disable_topics_generation] by /rosbridge_websocket
[rosmaster.master][INFO] 2025-08-13 16:19:45,294: +CACHEDPARAM [/rosout_disable_topics_generation] by /rosbridge_websocket
[rosmaster.master][INFO] 2025-08-13 16:19:45,420: +CACHEDPARAM [/rosout_disable_topics_generation] by /rosbridge_websocket
[rosmaster.master][INFO] 2025-08-13 16:19:45,429: +CACHEDPARAM [/rosout_disable_topics_generation] by /rosbridge_websocket
[rosmaster.master][INFO] 2025-08-13 16:19:45,439: +CACHEDPARAM [/rosout_disable_topics_generation] by /rosbridge_websocket
[rosmaster.master][INFO] 2025-08-13 16:19:45,450: +CACHEDPARAM [/rosout_disable_topics_generation] by /rosbridge_websocket
[rosmaster.master][INFO] 2025-08-13 16:19:47,828: +CACHEDPARAM [/rosout_disable_topics_generation] by /rosbridge_websocket
[rosmaster.master][INFO] 2025-08-13 16:19:47,898: +CACHEDPARAM [/rosout_disable_topics_generation] by /rosbridge_websocket
[rosmaster.master][INFO] 2025-08-13 16:19:49,308: +CACHEDPARAM [/rosout_disable_topics_generation] by /rosbridge_websocket
[rosmaster.master][INFO] 2025-08-13 16:19:49,345: +CACHEDPARAM [/rosout_disable_topics_generation] by /rosbridge_websocket
[rosmaster.master][INFO] 2025-08-13 16:19:49,369: +CACHEDPARAM [/rosout_disable_topics_generation] by /rosbridge_websocket
[rosmaster.master][INFO] 2025-08-13 16:19:49,379: +CACHEDPARAM [/rosout_disable_topics_generation] by /rosbridge_websocket
[rosmaster.master][INFO] 2025-08-13 16:19:49,389: +CACHEDPARAM [/rosout_disable_topics_generation] by /rosbridge_websocket
[rosmaster.master][INFO] 2025-08-13 16:19:49,399: +CACHEDPARAM [/rosout_disable_topics_generation] by /rosbridge_websocket
[rosmaster.master][INFO] 2025-08-13 16:19:50,689: +CACHEDPARAM [/rosout_disable_topics_generation] by /rosbridge_websocket
[rosmaster.master][INFO] 2025-08-13 16:19:50,741: +CACHEDPARAM [/rosout_disable_topics_generation] by /rosbridge_websocket
[rosmaster.master][INFO] 2025-08-13 16:19:51,866: +SUB [/raspicam_node/image/compressed] /rosbridge_websocket http://localhost:38831/
[rosmaster.master][INFO] 2025-08-13 16:19:51,870: +CACHEDPARAM [/rosout_disable_topics_generation] by /rosbridge_websocket
[rosmaster.master][INFO] 2025-08-13 16:19:52,011: +CACHEDPARAM [/rosout_disable_topics_generation] by /rosbridge_websocket
[rosmaster.master][INFO] 2025-08-13 16:19:52,017: -SUB [/raspicam_node/image/compressed] /rosbridge_websocket http://localhost:38831/
[rosmaster.master][INFO] 2025-08-13 16:19:52,046: +CACHEDPARAM [/rosout_disable_topics_generation] by /rosbridge_websocket
[rosmaster.master][INFO] 2025-08-13 16:19:52,063: +CACHEDPARAM [/rosout_disable_topics_generation] by /rosbridge_websocket
[rosmaster.master][INFO] 2025-08-13 16:19:52,073: +CACHEDPARAM [/rosout_disable_topics_generation] by /rosbridge_websocket
[rosmaster.master][INFO] 2025-08-13 16:19:52,083: +CACHEDPARAM [/rosout_disable_topics_generation] by /rosbridge_websocket
[rosmaster.master][INFO] 2025-08-13 16:19:52,092: +CACHEDPARAM [/rosout_disable_topics_generation] by /rosbridge_websocket
[rosmaster.master][INFO] 2025-08-13 16:19:53,057: +CACHEDPARAM [/rosout_disable_topics_generation] by /rosbridge_websocket
[rosmaster.master][INFO] 2025-08-13 16:19:53,098: +CACHEDPARAM [/rosout_disable_topics_generation] by /rosbridge_websocket
