[rospy.client][INFO] 2025-08-13 17:10:41,879: init_node, name[/hardware], pid[2409]
[xmlrpc][INFO] 2025-08-13 17:10:41,880: XML-RPC server binding to 127.0.0.1:0
[xmlrpc][INFO] 2025-08-13 17:10:41,881: Started XML-RPC server [http://localhost:37335/]
[rospy.init][INFO] 2025-08-13 17:10:41,882: ROS Slave URI: [http://localhost:37335/]
[rospy.impl.masterslave][INFO] 2025-08-13 17:10:41,882: _ready: http://localhost:37335/
[rospy.registration][INFO] 2025-08-13 17:10:41,886: Registering with master node http://localhost:11311
[xmlrpc][INFO] 2025-08-13 17:10:41,886: xml rpc node: starting XML-RPC server
[rospy.registration][INFO] 2025-08-13 17:10:41,886: Registering publisher topic [/kelpie/leg_control/currents] type [kelpie/joint_states] with master
[rospy.registration][INFO] 2025-08-13 17:10:41,901: Registering publisher topic [/kelpie/battery/voltage] type [kelpie/vec_3d_float32] with master
[rospy.registration][INFO] 2025-08-13 17:10:41,904: Registering publisher topic [/kelpie/imu] type [kelpie/imu] with master
[rospy.init][INFO] 2025-08-13 17:10:41,984: registered with master
[rospy.rosout][INFO] 2025-08-13 17:10:41,985: initializing /rosout core topic
[rospy.rosout][INFO] 2025-08-13 17:10:41,988: connected to core topic /rosout
[rospy.simtime][INFO] 2025-08-13 17:10:41,991: /use_sim_time is not set, will not subscribe to simulated time [/clock] topic
[rospy.internal][INFO] 2025-08-13 17:10:42,081: topic[/kelpie/leg_control/joint_states] adding connection to [http://localhost:43687/], count 0
[rospy.internal][INFO] 2025-08-13 17:10:42,186: topic[/rosout] adding connection to [/rosout], count 0
[rospy.internal][INFO] 2025-08-13 17:10:42,252: topic[/kelpie/imu] adding connection to [/kelpie], count 0
[rospy.internal][INFO] 2025-08-13 17:10:42,273: topic[/kelpie/leg_control/currents] adding connection to [/kelpie], count 0
[rospy.internal][INFO] 2025-08-13 17:10:42,274: topic[/kelpie/battery/voltage] adding connection to [/kelpie], count 0
[rospy.internal][INFO] 2025-08-13 17:10:42,308: topic[/kelpie/command_input] adding connection to [/kelpie], count 0
[rospy.core][INFO] 2025-08-13 17:11:13,793: signal_shutdown [signal-2]
[rospy.internal][INFO] 2025-08-13 17:11:13,812: topic[/kelpie/leg_control/currents] removing connection to /kelpie
[rospy.internal][INFO] 2025-08-13 17:11:13,813: topic[/kelpie/battery/voltage] removing connection to /kelpie
[rospy.internal][INFO] 2025-08-13 17:11:13,814: topic[/kelpie/imu] removing connection to /kelpie
[rospy.internal][INFO] 2025-08-13 17:11:13,816: topic[/rosout] removing connection to /rosout
[rospy.internal][INFO] 2025-08-13 17:11:13,817: topic[/kelpie/command_input] removing connection to /kelpie
[rospy.internal][INFO] 2025-08-13 17:11:13,817: topic[/kelpie/leg_control/joint_states] removing connection to http://localhost:43687/
[rospy.impl.masterslave][INFO] 2025-08-13 17:11:13,820: signal-2
[rospy.core][INFO] 2025-08-13 17:11:28,823: signal_shutdown [signal-15]
