[rospy.client][INFO] 2025-08-13 17:10:41,116: init_node, name[/kelpie], pid[2406]
[xmlrpc][INFO] 2025-08-13 17:10:41,118: XML-RPC server binding to 127.0.0.1:0
[xmlrpc][INFO] 2025-08-13 17:10:41,120: Started XML-RPC server [http://localhost:43687/]
[rospy.init][INFO] 2025-08-13 17:10:41,121: ROS Slave URI: [http://localhost:43687/]
[rospy.impl.masterslave][INFO] 2025-08-13 17:10:41,122: _ready: http://localhost:43687/
[rospy.registration][INFO] 2025-08-13 17:10:41,136: Registering with master node http://localhost:11311
[xmlrpc][INFO] 2025-08-13 17:10:41,137: xml rpc node: starting XML-RPC server
[rospy.init][INFO] 2025-08-13 17:10:41,223: registered with master
[rospy.rosout][INFO] 2025-08-13 17:10:41,224: initializing /rosout core topic
[rospy.rosout][INFO] 2025-08-13 17:10:41,239: connected to core topic /rosout
[rospy.simtime][INFO] 2025-08-13 17:10:41,244: /use_sim_time is not set, will not subscribe to simulated time [/clock] topic
[rosout][INFO] 2025-08-13 17:10:41,287: Creating input listener...
[rosout][INFO] 2025-08-13 17:10:41,305: Input listener successfully initialised... Robot will now receive commands via Joy messages
[rosout][INFO] 2025-08-13 17:10:41,312: Summary of current gait parameters:
[rosout][INFO] 2025-08-13 17:10:41,317: overlap time: 0.04
[rosout][INFO] 2025-08-13 17:10:41,322: swing time: 0.07
[rosout][INFO] 2025-08-13 17:10:41,328: z clearance: 0.08
[rosout][INFO] 2025-08-13 17:10:41,336: back leg x shift: 0.00
[rosout][INFO] 2025-08-13 17:10:41,347: front leg x shift: 0.05
[rosout][INFO] 2025-08-13 17:10:41,352: Manual robot control active. Currently not accepting external commands
[rospy.internal][INFO] 2025-08-13 17:10:41,475: topic[/rosout] adding connection to [/rosout], count 0
[rospy.internal][INFO] 2025-08-13 17:10:42,055: topic[/kelpie/leg_control/currents] adding connection to [http://localhost:37335/], count 0
[rospy.internal][INFO] 2025-08-13 17:10:42,064: topic[/kelpie/imu] adding connection to [http://localhost:37335/], count 0
[rospy.internal][INFO] 2025-08-13 17:10:42,097: topic[/kelpie/battery/voltage] adding connection to [http://localhost:37335/], count 0
[rospy.internal][INFO] 2025-08-13 17:10:42,188: topic[/kelpie/leg_control/joint_states] adding connection to [/hardware], count 0
[rospy.internal][INFO] 2025-08-13 17:10:42,245: topic[/kelpie/command_input] adding connection to [http://localhost:37335/], count 0
[rospy.internal][INFO] 2025-08-13 17:11:13,814: topic[/kelpie/leg_control/currents] removing connection to http://localhost:37335/
[rospy.internal][INFO] 2025-08-13 17:11:13,816: topic[/kelpie/imu] removing connection to http://localhost:37335/
[rospy.internal][INFO] 2025-08-13 17:11:13,818: topic[/kelpie/command_input] removing connection to http://localhost:37335/
[rospy.internal][INFO] 2025-08-13 17:11:13,818: topic[/kelpie/battery/voltage] removing connection to http://localhost:37335/
[rospy.internal][INFO] 2025-08-13 17:11:14,049: topic[/kelpie/leg_control/joint_states] removing connection to /hardware
[rospy.core][INFO] 2025-08-13 17:11:28,823: signal_shutdown [signal-15]
[rospy.internal][INFO] 2025-08-13 17:11:28,830: topic[/rosout] removing connection to /rosout
[rospy.impl.masterslave][INFO] 2025-08-13 17:11:28,831: signal-15
