[rosmaster.main][INFO] 2025-08-13 17:10:39,014: initialization complete, waiting for shutdown
[rosmaster.main][INFO] 2025-08-13 17:10:39,015: Starting ROS Master Node
[xmlrpc][INFO] 2025-08-13 17:10:39,016: XML-RPC server binding to 127.0.0.1:11311
[xmlrpc][INFO] 2025-08-13 17:10:39,017: Started XML-RPC server [http://localhost:11311/]
[rosmaster.master][INFO] 2025-08-13 17:10:39,017: Master initialized: port[11311], uri[http://localhost:11311/]
[xmlrpc][INFO] 2025-08-13 17:10:39,018: xml rpc node: starting XML-RPC server
[rosmaster.master][INFO] 2025-08-13 17:10:39,037: +PARAM [/run_id] by /roslaunch
[rosmaster.master][INFO] 2025-08-13 17:10:39,040: +PARAM [/roslaunch/uris/host_localhost__46317] by /roslaunch
[rosmaster.master][INFO] 2025-08-13 17:10:39,175: +PARAM [/rosversion] by /roslaunch
[rosmaster.master][INFO] 2025-08-13 17:10:39,176: +PARAM [/rosdistro] by /roslaunch
[rosmaster.master][INFO] 2025-08-13 17:10:39,176: +PARAM [/rosbridge_websocket/authenticate] by /roslaunch
[rosmaster.master][INFO] 2025-08-13 17:10:39,176: +PARAM [/rosbridge_websocket/port] by /roslaunch
[rosmaster.master][INFO] 2025-08-13 17:10:39,176: +PARAM [/rosbridge_websocket/address] by /roslaunch
[rosmaster.master][INFO] 2025-08-13 17:10:39,177: +PARAM [/rosbridge_websocket/retry_startup_delay] by /roslaunch
[rosmaster.master][INFO] 2025-08-13 17:10:39,177: +PARAM [/rosbridge_websocket/fragment_timeout] by /roslaunch
[rosmaster.master][INFO] 2025-08-13 17:10:39,177: +PARAM [/rosbridge_websocket/delay_between_messages] by /roslaunch
[rosmaster.master][INFO] 2025-08-13 17:10:39,177: +PARAM [/rosbridge_websocket/max_message_size] by /roslaunch
[rosmaster.master][INFO] 2025-08-13 17:10:39,177: +PARAM [/rosbridge_websocket/unregister_timeout] by /roslaunch
[rosmaster.master][INFO] 2025-08-13 17:10:39,178: +PARAM [/rosbridge_websocket/use_compression] by /roslaunch
[rosmaster.master][INFO] 2025-08-13 17:10:39,178: +PARAM [/rosbridge_websocket/websocket_ping_interval] by /roslaunch
[rosmaster.master][INFO] 2025-08-13 17:10:39,178: +PARAM [/rosbridge_websocket/websocket_ping_timeout] by /roslaunch
[rosmaster.master][INFO] 2025-08-13 17:10:39,178: +PARAM [/rosbridge_websocket/websocket_external_port] by /roslaunch
[rosmaster.master][INFO] 2025-08-13 17:10:39,179: +PARAM [/rosbridge_websocket/topics_glob] by /roslaunch
[rosmaster.master][INFO] 2025-08-13 17:10:39,179: +PARAM [/rosbridge_websocket/services_glob] by /roslaunch
[rosmaster.master][INFO] 2025-08-13 17:10:39,179: +PARAM [/rosbridge_websocket/params_glob] by /roslaunch
[rosmaster.master][INFO] 2025-08-13 17:10:39,179: +PARAM [/rosbridge_websocket/bson_only_mode] by /roslaunch
[rosmaster.master][INFO] 2025-08-13 17:10:39,180: +PARAM [/rosapi/topics_glob] by /roslaunch
[rosmaster.master][INFO] 2025-08-13 17:10:39,180: +PARAM [/rosapi/services_glob] by /roslaunch
[rosmaster.master][INFO] 2025-08-13 17:10:39,181: +PARAM [/rosapi/params_glob] by /roslaunch
[rosmaster.master][INFO] 2025-08-13 17:10:39,185: +SERVICE [/rosout/get_loggers] /rosout http://localhost:36163/
[rosmaster.master][INFO] 2025-08-13 17:10:39,188: +SERVICE [/rosout/set_logger_level] /rosout http://localhost:36163/
[rosmaster.master][INFO] 2025-08-13 17:10:39,194: +PUB [/rosout_agg] /rosout http://localhost:36163/
[rosmaster.master][INFO] 2025-08-13 17:10:39,206: +SUB [/rosout] /rosout http://localhost:36163/
[rosmaster.master][INFO] 2025-08-13 17:10:41,109: +PUB [/rosout] /rosapi http://localhost:34581/
[rosmaster.master][INFO] 2025-08-13 17:10:41,121: publisherUpdate[/rosout] -> http://localhost:36163/ ['http://localhost:34581/']
[rosmaster.master][INFO] 2025-08-13 17:10:41,135: publisherUpdate[/rosout] -> http://localhost:36163/ ['http://localhost:34581/']: sec=0.01, result=[1, '', 0]
[rosmaster.master][INFO] 2025-08-13 17:10:41,140: +SERVICE [/rosapi/get_loggers] /rosapi http://localhost:34581/
[rosmaster.master][INFO] 2025-08-13 17:10:41,147: +SERVICE [/rosapi/set_logger_level] /rosapi http://localhost:34581/
[rosmaster.master][INFO] 2025-08-13 17:10:41,169: +SERVICE [/rosapi/topics] /rosapi http://localhost:34581/
[rosmaster.master][INFO] 2025-08-13 17:10:41,176: +SERVICE [/rosapi/topics_for_type] /rosapi http://localhost:34581/
[rosmaster.master][INFO] 2025-08-13 17:10:41,181: +SERVICE [/rosapi/services] /rosapi http://localhost:34581/
[rosmaster.master][INFO] 2025-08-13 17:10:41,188: +SERVICE [/rosapi/services_for_type] /rosapi http://localhost:34581/
[rosmaster.master][INFO] 2025-08-13 17:10:41,193: +SERVICE [/rosapi/nodes] /rosapi http://localhost:34581/
[rosmaster.master][INFO] 2025-08-13 17:10:41,197: +SERVICE [/rosapi/node_details] /rosapi http://localhost:34581/
[rosmaster.master][INFO] 2025-08-13 17:10:41,201: +SERVICE [/rosapi/action_servers] /rosapi http://localhost:34581/
[rosmaster.master][INFO] 2025-08-13 17:10:41,206: +SERVICE [/rosapi/topic_type] /rosapi http://localhost:34581/
[rosmaster.master][INFO] 2025-08-13 17:10:41,210: +SERVICE [/rosapi/service_type] /rosapi http://localhost:34581/
[rosmaster.master][INFO] 2025-08-13 17:10:41,214: +SERVICE [/rosapi/publishers] /rosapi http://localhost:34581/
[rosmaster.master][INFO] 2025-08-13 17:10:41,218: +SERVICE [/rosapi/subscribers] /rosapi http://localhost:34581/
[rosmaster.master][INFO] 2025-08-13 17:10:41,222: +SERVICE [/rosapi/service_providers] /rosapi http://localhost:34581/
[rosmaster.master][INFO] 2025-08-13 17:10:41,231: +SERVICE [/rosapi/service_node] /rosapi http://localhost:34581/
[rosmaster.master][INFO] 2025-08-13 17:10:41,235: +SERVICE [/rosapi/service_host] /rosapi http://localhost:34581/
[rosmaster.master][INFO] 2025-08-13 17:10:41,237: +PUB [/rosout] /kelpie http://localhost:43687/
[rosmaster.master][INFO] 2025-08-13 17:10:41,240: +SERVICE [/rosapi/message_details] /rosapi http://localhost:34581/
[rosmaster.master][INFO] 2025-08-13 17:10:41,244: +SERVICE [/rosapi/service_request_details] /rosapi http://localhost:34581/
[rosmaster.master][INFO] 2025-08-13 17:10:41,248: +SERVICE [/rosapi/service_response_details] /rosapi http://localhost:34581/
[rosmaster.master][INFO] 2025-08-13 17:10:41,250: +SERVICE [/kelpie/get_loggers] /kelpie http://localhost:43687/
[rosmaster.master][INFO] 2025-08-13 17:10:41,252: +SERVICE [/rosapi/set_param] /rosapi http://localhost:34581/
[rosmaster.master][INFO] 2025-08-13 17:10:41,254: +SERVICE [/kelpie/set_logger_level] /kelpie http://localhost:43687/
[rosmaster.master][INFO] 2025-08-13 17:10:41,256: +SERVICE [/rosapi/get_param] /rosapi http://localhost:34581/
[rosmaster.master][INFO] 2025-08-13 17:10:41,260: +SERVICE [/rosapi/has_param] /rosapi http://localhost:34581/
[rosmaster.master][INFO] 2025-08-13 17:10:41,262: +SUB [/kelpie/imu] /kelpie http://localhost:43687/
[rosmaster.master][INFO] 2025-08-13 17:10:41,264: +SERVICE [/rosapi/search_param] /rosapi http://localhost:34581/
[rosmaster.master][INFO] 2025-08-13 17:10:41,268: +SERVICE [/rosapi/delete_param] /rosapi http://localhost:34581/
[rosmaster.master][INFO] 2025-08-13 17:10:41,270: +SUB [/kelpie/leg_control/currents] /kelpie http://localhost:43687/
[rosmaster.master][INFO] 2025-08-13 17:10:41,272: +SERVICE [/rosapi/get_param_names] /rosapi http://localhost:34581/
[rosmaster.master][INFO] 2025-08-13 17:10:41,276: +SERVICE [/rosapi/get_time] /rosapi http://localhost:34581/
[rosmaster.master][INFO] 2025-08-13 17:10:41,278: +SUB [/kelpie/battery/voltage] /kelpie http://localhost:43687/
[rosmaster.master][INFO] 2025-08-13 17:10:41,280: +SERVICE [/rosapi/topics_and_raw_types] /rosapi http://localhost:34581/
[rosmaster.master][INFO] 2025-08-13 17:10:41,282: +PUB [/kelpie/leg_control/joint_states] /kelpie http://localhost:43687/
[rosmaster.master][INFO] 2025-08-13 17:10:41,284: +CACHEDPARAM [/rosout_disable_topics_generation] by /rosapi
[rosmaster.master][INFO] 2025-08-13 17:10:41,295: +CACHEDPARAM [/rosout_disable_topics_generation] by /kelpie
[rosmaster.master][INFO] 2025-08-13 17:10:41,302: +SUB [/kelpie/command_input] /kelpie http://localhost:43687/
[rosmaster.master][INFO] 2025-08-13 17:10:41,308: +CACHEDPARAM [/rosout_disable_topics_generation] by /kelpie
[rosmaster.master][INFO] 2025-08-13 17:10:41,315: +CACHEDPARAM [/rosout_disable_topics_generation] by /kelpie
[rosmaster.master][INFO] 2025-08-13 17:10:41,320: +CACHEDPARAM [/rosout_disable_topics_generation] by /kelpie
[rosmaster.master][INFO] 2025-08-13 17:10:41,325: +CACHEDPARAM [/rosout_disable_topics_generation] by /kelpie
[rosmaster.master][INFO] 2025-08-13 17:10:41,330: publisherUpdate[/rosout] -> http://localhost:36163/ ['http://localhost:34581/', 'http://localhost:43687/']
[rosmaster.master][INFO] 2025-08-13 17:10:41,333: +CACHEDPARAM [/rosout_disable_topics_generation] by /kelpie
[rosmaster.master][INFO] 2025-08-13 17:10:41,340: publisherUpdate[/rosout] -> http://localhost:36163/ ['http://localhost:34581/', 'http://localhost:43687/']: sec=0.01, result=[1, '', 0]
[rosmaster.master][INFO] 2025-08-13 17:10:41,342: +CACHEDPARAM [/rosout_disable_topics_generation] by /kelpie
[rosmaster.master][INFO] 2025-08-13 17:10:41,345: +CACHEDPARAM [/rosout/omit_topics] by /rosout
[rosmaster.master][INFO] 2025-08-13 17:10:41,349: +CACHEDPARAM [/rosout_disable_topics_generation] by /kelpie
[rosmaster.master][INFO] 2025-08-13 17:10:41,356: +CACHEDPARAM [/rosout_disable_topics_generation] by /kelpie
[rosmaster.master][INFO] 2025-08-13 17:10:41,899: +PUB [/kelpie/leg_control/currents] /hardware http://localhost:37335/
[rosmaster.master][INFO] 2025-08-13 17:10:41,902: +PUB [/kelpie/battery/voltage] /hardware http://localhost:37335/
[rosmaster.master][INFO] 2025-08-13 17:10:41,905: +PUB [/kelpie/imu] /hardware http://localhost:37335/
[rosmaster.master][INFO] 2025-08-13 17:10:41,933: publisherUpdate[/kelpie/leg_control/currents] -> http://localhost:43687/ ['http://localhost:37335/']
[rosmaster.master][INFO] 2025-08-13 17:10:41,952: publisherUpdate[/kelpie/leg_control/currents] -> http://localhost:43687/ ['http://localhost:37335/']: sec=0.02, result=[1, '', 0]
[rosmaster.master][INFO] 2025-08-13 17:10:41,953: publisherUpdate[/kelpie/battery/voltage] -> http://localhost:43687/ ['http://localhost:37335/']
[rosmaster.master][INFO] 2025-08-13 17:10:41,964: publisherUpdate[/kelpie/battery/voltage] -> http://localhost:43687/ ['http://localhost:37335/']: sec=0.01, result=[1, '', 0]
[rosmaster.master][INFO] 2025-08-13 17:10:41,965: publisherUpdate[/kelpie/imu] -> http://localhost:43687/ ['http://localhost:37335/']
[rosmaster.master][INFO] 2025-08-13 17:10:41,977: publisherUpdate[/kelpie/imu] -> http://localhost:43687/ ['http://localhost:37335/']: sec=0.01, result=[1, '', 0]
[rosmaster.master][INFO] 2025-08-13 17:10:41,987: +PUB [/rosout] /hardware http://localhost:37335/
[rosmaster.master][INFO] 2025-08-13 17:10:41,993: +SERVICE [/hardware/get_loggers] /hardware http://localhost:37335/
[rosmaster.master][INFO] 2025-08-13 17:10:41,996: +SERVICE [/hardware/set_logger_level] /hardware http://localhost:37335/
[rosmaster.master][INFO] 2025-08-13 17:10:42,040: publisherUpdate[/rosout] -> http://localhost:36163/ ['http://localhost:34581/', 'http://localhost:43687/', 'http://localhost:37335/']
[rosmaster.master][INFO] 2025-08-13 17:10:42,043: publisherUpdate[/rosout] -> http://localhost:36163/ ['http://localhost:34581/', 'http://localhost:43687/', 'http://localhost:37335/']: sec=0.00, result=[1, '', 0]
[rosmaster.master][INFO] 2025-08-13 17:10:42,048: +PUB [/rosout] /rosbridge_websocket http://localhost:34107/
[rosmaster.master][INFO] 2025-08-13 17:10:42,056: +SERVICE [/rosbridge_websocket/get_loggers] /rosbridge_websocket http://localhost:34107/
[rosmaster.master][INFO] 2025-08-13 17:10:42,057: +SUB [/kelpie/leg_control/joint_states] /hardware http://localhost:37335/
[rosmaster.master][INFO] 2025-08-13 17:10:42,059: +SERVICE [/rosbridge_websocket/set_logger_level] /rosbridge_websocket http://localhost:34107/
[rosmaster.master][INFO] 2025-08-13 17:10:42,069: +SUB [/joy] /hardware http://localhost:37335/
[rosmaster.master][INFO] 2025-08-13 17:10:42,074: +PUB [/kelpie/command_input] /hardware http://localhost:37335/
[rosmaster.master][INFO] 2025-08-13 17:10:42,077: publisherUpdate[/rosout] -> http://localhost:36163/ ['http://localhost:34581/', 'http://localhost:43687/', 'http://localhost:37335/', 'http://localhost:34107/']
[rosmaster.master][INFO] 2025-08-13 17:10:42,082: publisherUpdate[/rosout] -> http://localhost:36163/ ['http://localhost:34581/', 'http://localhost:43687/', 'http://localhost:37335/', 'http://localhost:34107/']: sec=0.00, result=[1, '', 0]
[rosmaster.master][INFO] 2025-08-13 17:10:42,084: publisherUpdate[/kelpie/command_input] -> http://localhost:43687/ ['http://localhost:37335/']
[rosmaster.master][INFO] 2025-08-13 17:10:42,090: publisherUpdate[/kelpie/command_input] -> http://localhost:43687/ ['http://localhost:37335/']: sec=0.01, result=[1, '', 0]
[rosmaster.master][INFO] 2025-08-13 17:10:42,105: +PUB [/client_count] /rosbridge_websocket http://localhost:34107/
[rosmaster.master][INFO] 2025-08-13 17:10:42,108: +PUB [/connected_clients] /rosbridge_websocket http://localhost:34107/
[rosmaster.master][INFO] 2025-08-13 17:10:42,116: +PARAM [/rosbridge_websocket/actual_port] by /rosbridge_websocket
[rosmaster.master][INFO] 2025-08-13 17:10:42,122: +CACHEDPARAM [/rosout_disable_topics_generation] by /rosbridge_websocket
[rosmaster.master][INFO] 2025-08-13 17:11:13,796: -SUB [/kelpie/leg_control/joint_states] /hardware http://localhost:37335/
[rosmaster.master][INFO] 2025-08-13 17:11:13,798: -SUB [/joy] /hardware http://localhost:37335/
[rosmaster.master][INFO] 2025-08-13 17:11:13,802: -PUB [/rosout] /rosbridge_websocket http://localhost:34107/
[rosmaster.master][INFO] 2025-08-13 17:11:13,802: -PUB [/rosout] /rosapi http://localhost:34581/
[rosmaster.master][INFO] 2025-08-13 17:11:13,803: -PUB [/kelpie/leg_control/currents] /hardware http://localhost:37335/
[rosmaster.master][INFO] 2025-08-13 17:11:13,803: -PUB [/client_count] /rosbridge_websocket http://localhost:34107/
[rosmaster.master][INFO] 2025-08-13 17:11:13,803: -SERVICE [/rosapi/get_loggers] /rosapi rosrpc://localhost:44809
[rosmaster.master][INFO] 2025-08-13 17:11:13,803: -PUB [/kelpie/battery/voltage] /hardware http://localhost:37335/
[rosmaster.master][INFO] 2025-08-13 17:11:13,804: -PUB [/connected_clients] /rosbridge_websocket http://localhost:34107/
[rosmaster.master][INFO] 2025-08-13 17:11:13,804: -SERVICE [/rosapi/set_logger_level] /rosapi rosrpc://localhost:44809
[rosmaster.master][INFO] 2025-08-13 17:11:13,804: -PUB [/kelpie/imu] /hardware http://localhost:37335/
[rosmaster.master][INFO] 2025-08-13 17:11:13,804: -SERVICE [/rosbridge_websocket/get_loggers] /rosbridge_websocket rosrpc://localhost:44803
[rosmaster.master][INFO] 2025-08-13 17:11:13,805: -SERVICE [/rosapi/topics] /rosapi rosrpc://localhost:44809
[rosmaster.master][INFO] 2025-08-13 17:11:13,805: -PUB [/rosout] /hardware http://localhost:37335/
[rosmaster.master][INFO] 2025-08-13 17:11:13,805: -SERVICE [/rosbridge_websocket/set_logger_level] /rosbridge_websocket rosrpc://localhost:44803
[rosmaster.master][INFO] 2025-08-13 17:11:13,806: -SERVICE [/rosapi/topics_for_type] /rosapi rosrpc://localhost:44809
[rosmaster.master][INFO] 2025-08-13 17:11:13,806: -PUB [/kelpie/command_input] /hardware http://localhost:37335/
[rosmaster.master][INFO] 2025-08-13 17:11:13,807: -SERVICE [/rosapi/services] /rosapi rosrpc://localhost:44809
[rosmaster.master][INFO] 2025-08-13 17:11:13,807: -SERVICE [/hardware/get_loggers] /hardware rosrpc://localhost:44807
[rosmaster.master][INFO] 2025-08-13 17:11:13,808: -SERVICE [/rosapi/services_for_type] /rosapi rosrpc://localhost:44809
[rosmaster.master][INFO] 2025-08-13 17:11:13,808: -SERVICE [/hardware/set_logger_level] /hardware rosrpc://localhost:44807
[rosmaster.master][INFO] 2025-08-13 17:11:13,809: -SERVICE [/rosapi/nodes] /rosapi rosrpc://localhost:44809
[rosmaster.master][INFO] 2025-08-13 17:11:13,810: -SERVICE [/rosapi/node_details] /rosapi rosrpc://localhost:44809
[rosmaster.master][INFO] 2025-08-13 17:11:13,810: -SERVICE [/rosapi/action_servers] /rosapi rosrpc://localhost:44809
[rosmaster.master][INFO] 2025-08-13 17:11:13,811: -SERVICE [/rosapi/topic_type] /rosapi rosrpc://localhost:44809
[rosmaster.master][INFO] 2025-08-13 17:11:13,811: -SERVICE [/rosapi/service_type] /rosapi rosrpc://localhost:44809
[rosmaster.master][INFO] 2025-08-13 17:11:13,811: -SERVICE [/rosapi/publishers] /rosapi rosrpc://localhost:44809
[rosmaster.master][INFO] 2025-08-13 17:11:13,811: -SERVICE [/rosapi/subscribers] /rosapi rosrpc://localhost:44809
[rosmaster.master][INFO] 2025-08-13 17:11:13,812: -SERVICE [/rosapi/service_providers] /rosapi rosrpc://localhost:44809
[rosmaster.master][INFO] 2025-08-13 17:11:13,812: -SERVICE [/rosapi/service_node] /rosapi rosrpc://localhost:44809
[rosmaster.master][INFO] 2025-08-13 17:11:13,812: -SERVICE [/rosapi/service_host] /rosapi rosrpc://localhost:44809
[rosmaster.master][INFO] 2025-08-13 17:11:13,813: -SERVICE [/rosapi/message_details] /rosapi rosrpc://localhost:44809
[rosmaster.master][INFO] 2025-08-13 17:11:13,813: -SERVICE [/rosapi/service_request_details] /rosapi rosrpc://localhost:44809
[rosmaster.master][INFO] 2025-08-13 17:11:13,814: -SERVICE [/rosapi/service_response_details] /rosapi rosrpc://localhost:44809
[rosmaster.master][INFO] 2025-08-13 17:11:13,814: -SERVICE [/rosapi/set_param] /rosapi rosrpc://localhost:44809
[rosmaster.master][INFO] 2025-08-13 17:11:13,815: -SERVICE [/rosapi/get_param] /rosapi rosrpc://localhost:44809
[rosmaster.master][INFO] 2025-08-13 17:11:13,815: -SERVICE [/rosapi/has_param] /rosapi rosrpc://localhost:44809
[rosmaster.master][INFO] 2025-08-13 17:11:13,816: -SERVICE [/rosapi/search_param] /rosapi rosrpc://localhost:44809
[rosmaster.master][INFO] 2025-08-13 17:11:13,816: -SERVICE [/rosapi/delete_param] /rosapi rosrpc://localhost:44809
[rosmaster.master][INFO] 2025-08-13 17:11:13,817: -SERVICE [/rosapi/get_param_names] /rosapi rosrpc://localhost:44809
[rosmaster.master][INFO] 2025-08-13 17:11:13,817: -SERVICE [/rosapi/get_time] /rosapi rosrpc://localhost:44809
[rosmaster.master][INFO] 2025-08-13 17:11:13,818: -SERVICE [/rosapi/topics_and_raw_types] /rosapi rosrpc://localhost:44809
[rosmaster.master][INFO] 2025-08-13 17:11:13,838: publisherUpdate[/rosout] -> http://localhost:36163/ ['http://localhost:34581/', 'http://localhost:43687/', 'http://localhost:37335/']
[rosmaster.master][INFO] 2025-08-13 17:11:13,840: publisherUpdate[/rosout] -> http://localhost:36163/ ['http://localhost:34581/', 'http://localhost:43687/', 'http://localhost:37335/']: sec=0.00, result=[1, '', 0]
[rosmaster.master][INFO] 2025-08-13 17:11:13,841: publisherUpdate[/rosout] -> http://localhost:36163/ ['http://localhost:43687/', 'http://localhost:37335/']
[rosmaster.master][INFO] 2025-08-13 17:11:13,844: publisherUpdate[/rosout] -> http://localhost:36163/ ['http://localhost:43687/', 'http://localhost:37335/']: sec=0.00, result=[1, '', 0]
[rosmaster.master][INFO] 2025-08-13 17:11:13,844: publisherUpdate[/kelpie/leg_control/currents] -> http://localhost:43687/ []
[rosmaster.master][INFO] 2025-08-13 17:11:13,849: publisherUpdate[/kelpie/leg_control/currents] -> http://localhost:43687/ []: sec=0.00, result=[1, '', 0]
[rosmaster.master][INFO] 2025-08-13 17:11:13,850: publisherUpdate[/kelpie/battery/voltage] -> http://localhost:43687/ []
[rosmaster.master][INFO] 2025-08-13 17:11:13,854: publisherUpdate[/kelpie/battery/voltage] -> http://localhost:43687/ []: sec=0.00, result=[1, '', 0]
[rosmaster.master][INFO] 2025-08-13 17:11:13,854: publisherUpdate[/kelpie/imu] -> http://localhost:43687/ []
[rosmaster.master][INFO] 2025-08-13 17:11:13,856: publisherUpdate[/kelpie/imu] -> http://localhost:43687/ []: sec=0.00, result=[1, '', 0]
[rosmaster.master][INFO] 2025-08-13 17:11:13,856: publisherUpdate[/rosout] -> http://localhost:36163/ ['http://localhost:43687/']
[rosmaster.master][INFO] 2025-08-13 17:11:13,858: publisherUpdate[/rosout] -> http://localhost:36163/ ['http://localhost:43687/']: sec=0.00, result=[1, '', 0]
[rosmaster.master][INFO] 2025-08-13 17:11:13,858: publisherUpdate[/kelpie/command_input] -> http://localhost:43687/ []
[rosmaster.master][INFO] 2025-08-13 17:11:13,861: publisherUpdate[/kelpie/command_input] -> http://localhost:43687/ []: sec=0.00, result=[1, '', 0]
[rosmaster.master][INFO] 2025-08-13 17:11:28,825: -SUB [/kelpie/imu] /kelpie http://localhost:43687/
[rosmaster.master][INFO] 2025-08-13 17:11:28,826: -SUB [/kelpie/leg_control/currents] /kelpie http://localhost:43687/
[rosmaster.master][INFO] 2025-08-13 17:11:28,826: -SUB [/kelpie/battery/voltage] /kelpie http://localhost:43687/
[rosmaster.master][INFO] 2025-08-13 17:11:28,826: -SUB [/kelpie/command_input] /kelpie http://localhost:43687/
[rosmaster.master][INFO] 2025-08-13 17:11:28,827: -PUB [/rosout] /kelpie http://localhost:43687/
[rosmaster.master][INFO] 2025-08-13 17:11:28,827: -PUB [/kelpie/leg_control/joint_states] /kelpie http://localhost:43687/
[rosmaster.master][INFO] 2025-08-13 17:11:28,827: -SERVICE [/kelpie/get_loggers] /kelpie rosrpc://localhost:44675
[rosmaster.master][INFO] 2025-08-13 17:11:28,827: -SERVICE [/kelpie/set_logger_level] /kelpie rosrpc://localhost:44675
[rosmaster.master][INFO] 2025-08-13 17:11:28,883: publisherUpdate[/rosout] -> http://localhost:36163/ []
[rosmaster.master][INFO] 2025-08-13 17:11:28,885: publisherUpdate[/rosout] -> http://localhost:36163/ []: sec=0.00, result=[1, '', 0]
[rosmaster.master][INFO] 2025-08-13 17:11:30,988: -PUB [/rosout_agg] /rosout http://localhost:36163/
[rosmaster.master][INFO] 2025-08-13 17:11:30,989: -SUB [/rosout] /rosout http://localhost:36163/
[rosmaster.master][INFO] 2025-08-13 17:11:30,991: -SERVICE [/rosout/get_loggers] /rosout rosrpc://localhost:40987
[rosmaster.master][INFO] 2025-08-13 17:11:30,992: -SERVICE [/rosout/set_logger_level] /rosout rosrpc://localhost:40987
[rosmaster.master][INFO] 2025-08-13 17:11:30,993: -CACHEDPARAM [/rosout/omit_topics] by /rosout
[rosmaster.main][INFO] 2025-08-13 17:11:31,036: keyboard interrupt, will exit
[rosmaster.main][INFO] 2025-08-13 17:11:31,037: stopping master...
[rospy.core][INFO] 2025-08-13 17:11:31,038: signal_shutdown [atexit]
