[rospy.client][INFO] 2025-08-11 13:47:19,318: init_node, name[/kelpie], pid[3362]
[xmlrpc][INFO] 2025-08-11 13:47:19,319: XML-RPC server binding to 127.0.0.1:0
[xmlrpc][INFO] 2025-08-11 13:47:19,320: Started XML-RPC server [http://localhost:36949/]
[rospy.init][INFO] 2025-08-11 13:47:19,321: ROS Slave URI: [http://localhost:36949/]
[rospy.impl.masterslave][INFO] 2025-08-11 13:47:19,321: _ready: http://localhost:36949/
[rospy.registration][INFO] 2025-08-11 13:47:19,324: Registering with master node http://localhost:11311
[xmlrpc][INFO] 2025-08-11 13:47:19,324: xml rpc node: starting XML-RPC server
[rospy.init][INFO] 2025-08-11 13:47:19,422: registered with master
[rospy.rosout][INFO] 2025-08-11 13:47:19,423: initializing /rosout core topic
[rospy.rosout][INFO] 2025-08-11 13:47:19,433: connected to core topic /rosout
[rospy.simtime][INFO] 2025-08-11 13:47:19,436: /use_sim_time is not set, will not subscribe to simulated time [/clock] topic
[rosout][INFO] 2025-08-11 13:47:19,465: Creating input listener...
[rosout][INFO] 2025-08-11 13:47:19,475: Input listener successfully initialised... Robot will now receive commands via Joy messages
[rosout][INFO] 2025-08-11 13:47:19,480: Summary of current gait parameters:
[rosout][INFO] 2025-08-11 13:47:19,487: overlap time: 0.04
[rosout][INFO] 2025-08-11 13:47:19,491: swing time: 0.07
[rosout][INFO] 2025-08-11 13:47:19,494: z clearance: 0.08
[rosout][INFO] 2025-08-11 13:47:19,498: back leg x shift: 0.00
[rosout][INFO] 2025-08-11 13:47:19,502: front leg x shift: 0.05
[rosout][INFO] 2025-08-11 13:47:19,505: Manual robot control active. Currently not accepting external commands
[rospy.internal][INFO] 2025-08-11 13:47:19,751: topic[/rosout] adding connection to [/rosout], count 0
[rospy.core][INFO] 2025-08-11 13:49:12,650: signal_shutdown [signal-15]
[rospy.internal][INFO] 2025-08-11 13:49:12,664: topic[/rosout] removing connection to /rosout
[rospy.impl.masterslave][INFO] 2025-08-11 13:49:12,664: signal-15
