[rosmaster.main][INFO] 2025-08-11 13:47:17,573: initialization complete, waiting for shutdown
[rosmaster.main][INFO] 2025-08-11 13:47:17,574: Starting ROS Master Node
[xmlrpc][INFO] 2025-08-11 13:47:17,575: XML-RPC server binding to 127.0.0.1:11311
[xmlrpc][INFO] 2025-08-11 13:47:17,576: Started XML-RPC server [http://localhost:11311/]
[rosmaster.master][INFO] 2025-08-11 13:47:17,577: Master initialized: port[11311], uri[http://localhost:11311/]
[xmlrpc][INFO] 2025-08-11 13:47:17,577: xml rpc node: starting XML-RPC server
[rosmaster.master][INFO] 2025-08-11 13:47:17,592: +PARAM [/run_id] by /roslaunch
[rosmaster.master][INFO] 2025-08-11 13:47:17,595: +PARAM [/roslaunch/uris/host_localhost__33579] by /roslaunch
[rosmaster.master][INFO] 2025-08-11 13:47:17,732: +PARAM [/rosversion] by /roslaunch
[rosmaster.master][INFO] 2025-08-11 13:47:17,733: +PARAM [/rosdistro] by /roslaunch
[rosmaster.master][INFO] 2025-08-11 13:47:17,733: +PARAM [/rosbridge_websocket/authenticate] by /roslaunch
[rosmaster.master][INFO] 2025-08-11 13:47:17,733: +PARAM [/rosbridge_websocket/port] by /roslaunch
[rosmaster.master][INFO] 2025-08-11 13:47:17,734: +PARAM [/rosbridge_websocket/address] by /roslaunch
[rosmaster.master][INFO] 2025-08-11 13:47:17,734: +PARAM [/rosbridge_websocket/retry_startup_delay] by /roslaunch
[rosmaster.master][INFO] 2025-08-11 13:47:17,734: +PARAM [/rosbridge_websocket/fragment_timeout] by /roslaunch
[rosmaster.master][INFO] 2025-08-11 13:47:17,734: +PARAM [/rosbridge_websocket/delay_between_messages] by /roslaunch
[rosmaster.master][INFO] 2025-08-11 13:47:17,735: +PARAM [/rosbridge_websocket/max_message_size] by /roslaunch
[rosmaster.master][INFO] 2025-08-11 13:47:17,735: +PARAM [/rosbridge_websocket/unregister_timeout] by /roslaunch
[rosmaster.master][INFO] 2025-08-11 13:47:17,735: +PARAM [/rosbridge_websocket/use_compression] by /roslaunch
[rosmaster.master][INFO] 2025-08-11 13:47:17,735: +PARAM [/rosbridge_websocket/websocket_ping_interval] by /roslaunch
[rosmaster.master][INFO] 2025-08-11 13:47:17,735: +PARAM [/rosbridge_websocket/websocket_ping_timeout] by /roslaunch
[rosmaster.master][INFO] 2025-08-11 13:47:17,736: +PARAM [/rosbridge_websocket/websocket_external_port] by /roslaunch
[rosmaster.master][INFO] 2025-08-11 13:47:17,736: +PARAM [/rosbridge_websocket/topics_glob] by /roslaunch
[rosmaster.master][INFO] 2025-08-11 13:47:17,736: +PARAM [/rosbridge_websocket/services_glob] by /roslaunch
[rosmaster.master][INFO] 2025-08-11 13:47:17,736: +PARAM [/rosbridge_websocket/params_glob] by /roslaunch
[rosmaster.master][INFO] 2025-08-11 13:47:17,737: +PARAM [/rosbridge_websocket/bson_only_mode] by /roslaunch
[rosmaster.master][INFO] 2025-08-11 13:47:17,737: +PARAM [/rosapi/topics_glob] by /roslaunch
[rosmaster.master][INFO] 2025-08-11 13:47:17,737: +PARAM [/rosapi/services_glob] by /roslaunch
[rosmaster.master][INFO] 2025-08-11 13:47:17,739: +PARAM [/rosapi/params_glob] by /roslaunch
[rosmaster.master][INFO] 2025-08-11 13:47:17,739: +PARAM [/JOYSTICK/autorepeat_rate] by /roslaunch
[rosmaster.master][INFO] 2025-08-11 13:47:17,739: +PARAM [/JOYSTICK/joy_node/dev] by /roslaunch
[rosmaster.master][INFO] 2025-08-11 13:47:17,741: +SERVICE [/rosout/get_loggers] /rosout http://localhost:45129/
[rosmaster.master][INFO] 2025-08-11 13:47:17,743: +SERVICE [/rosout/set_logger_level] /rosout http://localhost:45129/
[rosmaster.master][INFO] 2025-08-11 13:47:17,749: +PUB [/rosout_agg] /rosout http://localhost:45129/
[rosmaster.master][INFO] 2025-08-11 13:47:17,761: +SUB [/rosout] /rosout http://localhost:45129/
[rosmaster.master][INFO] 2025-08-11 13:47:17,996: +PUB [/rosout] /JOYSTICK http://localhost:40655/
[rosmaster.master][INFO] 2025-08-11 13:47:17,999: +SERVICE [/JOYSTICK/get_loggers] /JOYSTICK http://localhost:40655/
[rosmaster.master][INFO] 2025-08-11 13:47:18,002: +SERVICE [/JOYSTICK/set_logger_level] /JOYSTICK http://localhost:40655/
[rosmaster.master][INFO] 2025-08-11 13:47:18,010: +PUB [/diagnostics] /JOYSTICK http://localhost:40655/
[rosmaster.master][INFO] 2025-08-11 13:47:18,012: +CACHEDPARAM [/JOYSTICK/diagnostic_period] by /JOYSTICK
[rosmaster.master][INFO] 2025-08-11 13:47:18,022: +PUB [/joy] /JOYSTICK http://localhost:40655/
[rosmaster.master][INFO] 2025-08-11 13:47:18,042: +SUB [/joy/set_feedback] /JOYSTICK http://localhost:40655/
[rosmaster.master][INFO] 2025-08-11 13:47:18,076: publisherUpdate[/rosout] -> http://localhost:45129/ ['http://localhost:40655/']
[rosmaster.master][INFO] 2025-08-11 13:47:18,098: publisherUpdate[/rosout] -> http://localhost:45129/ ['http://localhost:40655/']: sec=0.02, result=[1, '', 0]
[rosmaster.master][INFO] 2025-08-11 13:47:18,140: +CACHEDPARAM [/rosout_disable_topics_generation] by /JOYSTICK
[rosmaster.master][INFO] 2025-08-11 13:47:19,236: +PUB [/rosout] /rosapi http://localhost:37543/
[rosmaster.master][INFO] 2025-08-11 13:47:19,244: +SERVICE [/rosapi/get_loggers] /rosapi http://localhost:37543/
[rosmaster.master][INFO] 2025-08-11 13:47:19,247: +SERVICE [/rosapi/set_logger_level] /rosapi http://localhost:37543/
[rosmaster.master][INFO] 2025-08-11 13:47:19,258: +SERVICE [/rosapi/topics] /rosapi http://localhost:37543/
[rosmaster.master][INFO] 2025-08-11 13:47:19,261: +SERVICE [/rosapi/topics_for_type] /rosapi http://localhost:37543/
[rosmaster.master][INFO] 2025-08-11 13:47:19,264: +SERVICE [/rosapi/services] /rosapi http://localhost:37543/
[rosmaster.master][INFO] 2025-08-11 13:47:19,268: +SERVICE [/rosapi/services_for_type] /rosapi http://localhost:37543/
[rosmaster.master][INFO] 2025-08-11 13:47:19,271: +SERVICE [/rosapi/nodes] /rosapi http://localhost:37543/
[rosmaster.master][INFO] 2025-08-11 13:47:19,274: +SERVICE [/rosapi/node_details] /rosapi http://localhost:37543/
[rosmaster.master][INFO] 2025-08-11 13:47:19,277: +SERVICE [/rosapi/action_servers] /rosapi http://localhost:37543/
[rosmaster.master][INFO] 2025-08-11 13:47:19,279: publisherUpdate[/rosout] -> http://localhost:45129/ ['http://localhost:40655/', 'http://localhost:37543/']
[rosmaster.master][INFO] 2025-08-11 13:47:19,281: +SERVICE [/rosapi/topic_type] /rosapi http://localhost:37543/
[rosmaster.master][INFO] 2025-08-11 13:47:19,285: +SERVICE [/rosapi/service_type] /rosapi http://localhost:37543/
[rosmaster.master][INFO] 2025-08-11 13:47:19,292: publisherUpdate[/rosout] -> http://localhost:45129/ ['http://localhost:40655/', 'http://localhost:37543/']: sec=0.01, result=[1, '', 0]
[rosmaster.master][INFO] 2025-08-11 13:47:19,295: +SERVICE [/rosapi/publishers] /rosapi http://localhost:37543/
[rosmaster.master][INFO] 2025-08-11 13:47:19,298: +SERVICE [/rosapi/subscribers] /rosapi http://localhost:37543/
[rosmaster.master][INFO] 2025-08-11 13:47:19,302: +SERVICE [/rosapi/service_providers] /rosapi http://localhost:37543/
[rosmaster.master][INFO] 2025-08-11 13:47:19,305: +SERVICE [/rosapi/service_node] /rosapi http://localhost:37543/
[rosmaster.master][INFO] 2025-08-11 13:47:19,310: +SERVICE [/rosapi/service_host] /rosapi http://localhost:37543/
[rosmaster.master][INFO] 2025-08-11 13:47:19,313: +SERVICE [/rosapi/message_details] /rosapi http://localhost:37543/
[rosmaster.master][INFO] 2025-08-11 13:47:19,316: +SERVICE [/rosapi/service_request_details] /rosapi http://localhost:37543/
[rosmaster.master][INFO] 2025-08-11 13:47:19,320: +SERVICE [/rosapi/service_response_details] /rosapi http://localhost:37543/
[rosmaster.master][INFO] 2025-08-11 13:47:19,323: +SERVICE [/rosapi/set_param] /rosapi http://localhost:37543/
[rosmaster.master][INFO] 2025-08-11 13:47:19,326: +SERVICE [/rosapi/get_param] /rosapi http://localhost:37543/
[rosmaster.master][INFO] 2025-08-11 13:47:19,329: +SERVICE [/rosapi/has_param] /rosapi http://localhost:37543/
[rosmaster.master][INFO] 2025-08-11 13:47:19,332: +SERVICE [/rosapi/search_param] /rosapi http://localhost:37543/
[rosmaster.master][INFO] 2025-08-11 13:47:19,335: +SERVICE [/rosapi/delete_param] /rosapi http://localhost:37543/
[rosmaster.master][INFO] 2025-08-11 13:47:19,337: +SERVICE [/rosapi/get_param_names] /rosapi http://localhost:37543/
[rosmaster.master][INFO] 2025-08-11 13:47:19,340: +SERVICE [/rosapi/get_time] /rosapi http://localhost:37543/
[rosmaster.master][INFO] 2025-08-11 13:47:19,343: +SERVICE [/rosapi/topics_and_raw_types] /rosapi http://localhost:37543/
[rosmaster.master][INFO] 2025-08-11 13:47:19,346: +CACHEDPARAM [/rosout_disable_topics_generation] by /rosapi
[rosmaster.master][INFO] 2025-08-11 13:47:19,431: +PUB [/rosout] /kelpie http://localhost:36949/
[rosmaster.master][INFO] 2025-08-11 13:47:19,439: +SERVICE [/kelpie/get_loggers] /kelpie http://localhost:36949/
[rosmaster.master][INFO] 2025-08-11 13:47:19,442: +SERVICE [/kelpie/set_logger_level] /kelpie http://localhost:36949/
[rosmaster.master][INFO] 2025-08-11 13:47:19,448: +SUB [/kelpie/imu] /kelpie http://localhost:36949/
[rosmaster.master][INFO] 2025-08-11 13:47:19,453: +SUB [/kelpie/leg_control/currents] /kelpie http://localhost:36949/
[rosmaster.master][INFO] 2025-08-11 13:47:19,459: +SUB [/kelpie/battery/voltage] /kelpie http://localhost:36949/
[rosmaster.master][INFO] 2025-08-11 13:47:19,462: +PUB [/kelpie/leg_control/joint_states] /kelpie http://localhost:36949/
[rosmaster.master][INFO] 2025-08-11 13:47:19,466: +CACHEDPARAM [/rosout_disable_topics_generation] by /kelpie
[rosmaster.master][INFO] 2025-08-11 13:47:19,474: +SUB [/kelpie/command_input] /kelpie http://localhost:36949/
[rosmaster.master][INFO] 2025-08-11 13:47:19,477: +CACHEDPARAM [/rosout_disable_topics_generation] by /kelpie
[rosmaster.master][INFO] 2025-08-11 13:47:19,480: publisherUpdate[/rosout] -> http://localhost:45129/ ['http://localhost:40655/', 'http://localhost:37543/', 'http://localhost:36949/']
[rosmaster.master][INFO] 2025-08-11 13:47:19,483: +CACHEDPARAM [/rosout_disable_topics_generation] by /kelpie
[rosmaster.master][INFO] 2025-08-11 13:47:19,485: publisherUpdate[/rosout] -> http://localhost:45129/ ['http://localhost:40655/', 'http://localhost:37543/', 'http://localhost:36949/']: sec=0.00, result=[1, '', 0]
[rosmaster.master][INFO] 2025-08-11 13:47:19,488: +CACHEDPARAM [/rosout_disable_topics_generation] by /kelpie
[rosmaster.master][INFO] 2025-08-11 13:47:19,492: +CACHEDPARAM [/rosout_disable_topics_generation] by /kelpie
[rosmaster.master][INFO] 2025-08-11 13:47:19,496: +CACHEDPARAM [/rosout_disable_topics_generation] by /kelpie
[rosmaster.master][INFO] 2025-08-11 13:47:19,500: +CACHEDPARAM [/rosout_disable_topics_generation] by /kelpie
[rosmaster.master][INFO] 2025-08-11 13:47:19,503: +CACHEDPARAM [/rosout_disable_topics_generation] by /kelpie
[rosmaster.master][INFO] 2025-08-11 13:47:19,507: +CACHEDPARAM [/rosout_disable_topics_generation] by /kelpie
[rosmaster.master][INFO] 2025-08-11 13:47:19,589: +CACHEDPARAM [/rosout/omit_topics] by /rosout
[rosmaster.master][INFO] 2025-08-11 13:47:19,868: +PUB [/rosout] /rosbridge_websocket http://localhost:39519/
[rosmaster.master][INFO] 2025-08-11 13:47:19,874: +SERVICE [/rosbridge_websocket/get_loggers] /rosbridge_websocket http://localhost:39519/
[rosmaster.master][INFO] 2025-08-11 13:47:19,877: +SERVICE [/rosbridge_websocket/set_logger_level] /rosbridge_websocket http://localhost:39519/
[rosmaster.master][INFO] 2025-08-11 13:47:19,886: publisherUpdate[/rosout] -> http://localhost:45129/ ['http://localhost:40655/', 'http://localhost:37543/', 'http://localhost:36949/', 'http://localhost:39519/']
[rosmaster.master][INFO] 2025-08-11 13:47:19,889: publisherUpdate[/rosout] -> http://localhost:45129/ ['http://localhost:40655/', 'http://localhost:37543/', 'http://localhost:36949/', 'http://localhost:39519/']: sec=0.00, result=[1, '', 0]
[rosmaster.master][INFO] 2025-08-11 13:47:19,910: +PUB [/client_count] /rosbridge_websocket http://localhost:39519/
[rosmaster.master][INFO] 2025-08-11 13:47:19,913: +PUB [/connected_clients] /rosbridge_websocket http://localhost:39519/
[rosmaster.master][INFO] 2025-08-11 13:47:19,921: +PARAM [/rosbridge_websocket/actual_port] by /rosbridge_websocket
[rosmaster.master][INFO] 2025-08-11 13:47:19,926: +CACHEDPARAM [/rosout_disable_topics_generation] by /rosbridge_websocket
[rosmaster.master][INFO] 2025-08-11 13:48:57,620: -PUB [/rosout] /rosbridge_websocket http://localhost:39519/
[rosmaster.master][INFO] 2025-08-11 13:48:57,624: -PUB [/rosout] /rosapi http://localhost:37543/
[rosmaster.master][INFO] 2025-08-11 13:48:57,624: -PUB [/client_count] /rosbridge_websocket http://localhost:39519/
[rosmaster.master][INFO] 2025-08-11 13:48:57,624: -SERVICE [/rosapi/get_loggers] /rosapi rosrpc://localhost:35033
[rosmaster.master][INFO] 2025-08-11 13:48:57,625: -PUB [/connected_clients] /rosbridge_websocket http://localhost:39519/
[rosmaster.master][INFO] 2025-08-11 13:48:57,625: -SERVICE [/rosapi/set_logger_level] /rosapi rosrpc://localhost:35033
[rosmaster.master][INFO] 2025-08-11 13:48:57,625: -SERVICE [/rosbridge_websocket/get_loggers] /rosbridge_websocket rosrpc://localhost:45215
[rosmaster.master][INFO] 2025-08-11 13:48:57,625: -SERVICE [/rosapi/topics] /rosapi rosrpc://localhost:35033
[rosmaster.master][INFO] 2025-08-11 13:48:57,626: -SERVICE [/rosbridge_websocket/set_logger_level] /rosbridge_websocket rosrpc://localhost:45215
[rosmaster.master][INFO] 2025-08-11 13:48:57,626: publisherUpdate[/rosout] -> http://localhost:45129/ ['http://localhost:40655/', 'http://localhost:37543/', 'http://localhost:36949/']
[rosmaster.master][INFO] 2025-08-11 13:48:57,627: -SERVICE [/rosapi/topics_for_type] /rosapi rosrpc://localhost:35033
[rosmaster.master][INFO] 2025-08-11 13:48:57,628: -SERVICE [/rosapi/services] /rosapi rosrpc://localhost:35033
[rosmaster.master][INFO] 2025-08-11 13:48:57,628: -SERVICE [/rosapi/services_for_type] /rosapi rosrpc://localhost:35033
[rosmaster.master][INFO] 2025-08-11 13:48:57,629: publisherUpdate[/rosout] -> http://localhost:45129/ ['http://localhost:40655/', 'http://localhost:37543/', 'http://localhost:36949/']: sec=0.00, result=[1, '', 0]
[rosmaster.master][INFO] 2025-08-11 13:48:57,630: -SERVICE [/rosapi/nodes] /rosapi rosrpc://localhost:35033
[rosmaster.master][INFO] 2025-08-11 13:48:57,630: publisherUpdate[/rosout] -> http://localhost:45129/ ['http://localhost:40655/', 'http://localhost:36949/']
[rosmaster.master][INFO] 2025-08-11 13:48:57,630: -SERVICE [/rosapi/node_details] /rosapi rosrpc://localhost:35033
[rosmaster.master][INFO] 2025-08-11 13:48:57,632: -SERVICE [/rosapi/action_servers] /rosapi rosrpc://localhost:35033
[rosmaster.master][INFO] 2025-08-11 13:48:57,633: publisherUpdate[/rosout] -> http://localhost:45129/ ['http://localhost:40655/', 'http://localhost:36949/']: sec=0.00, result=[1, '', 0]
[rosmaster.master][INFO] 2025-08-11 13:48:57,633: -SERVICE [/rosapi/topic_type] /rosapi rosrpc://localhost:35033
[rosmaster.master][INFO] 2025-08-11 13:48:57,634: -SERVICE [/rosapi/service_type] /rosapi rosrpc://localhost:35033
[rosmaster.master][INFO] 2025-08-11 13:48:57,634: -SERVICE [/rosapi/publishers] /rosapi rosrpc://localhost:35033
[rosmaster.master][INFO] 2025-08-11 13:48:57,634: -SERVICE [/rosapi/subscribers] /rosapi rosrpc://localhost:35033
[rosmaster.master][INFO] 2025-08-11 13:48:57,635: -SERVICE [/rosapi/service_providers] /rosapi rosrpc://localhost:35033
[rosmaster.master][INFO] 2025-08-11 13:48:57,635: -SERVICE [/rosapi/service_node] /rosapi rosrpc://localhost:35033
[rosmaster.master][INFO] 2025-08-11 13:48:57,635: -SERVICE [/rosapi/service_host] /rosapi rosrpc://localhost:35033
[rosmaster.master][INFO] 2025-08-11 13:48:57,635: -SERVICE [/rosapi/message_details] /rosapi rosrpc://localhost:35033
[rosmaster.master][INFO] 2025-08-11 13:48:57,636: -SERVICE [/rosapi/service_request_details] /rosapi rosrpc://localhost:35033
[rosmaster.master][INFO] 2025-08-11 13:48:57,636: -SERVICE [/rosapi/service_response_details] /rosapi rosrpc://localhost:35033
[rosmaster.master][INFO] 2025-08-11 13:48:57,636: -SERVICE [/rosapi/set_param] /rosapi rosrpc://localhost:35033
[rosmaster.master][INFO] 2025-08-11 13:48:57,636: -SERVICE [/rosapi/get_param] /rosapi rosrpc://localhost:35033
[rosmaster.master][INFO] 2025-08-11 13:48:57,636: -SERVICE [/rosapi/has_param] /rosapi rosrpc://localhost:35033
[rosmaster.master][INFO] 2025-08-11 13:48:57,637: -SERVICE [/rosapi/search_param] /rosapi rosrpc://localhost:35033
[rosmaster.master][INFO] 2025-08-11 13:48:57,637: -SERVICE [/rosapi/delete_param] /rosapi rosrpc://localhost:35033
[rosmaster.master][INFO] 2025-08-11 13:48:57,637: -SERVICE [/rosapi/get_param_names] /rosapi rosrpc://localhost:35033
[rosmaster.master][INFO] 2025-08-11 13:48:57,637: -SERVICE [/rosapi/get_time] /rosapi rosrpc://localhost:35033
[rosmaster.master][INFO] 2025-08-11 13:48:57,638: -SERVICE [/rosapi/topics_and_raw_types] /rosapi rosrpc://localhost:35033
[rosmaster.master][INFO] 2025-08-11 13:48:57,730: -PUB [/rosout] /JOYSTICK http://localhost:40655/
[rosmaster.master][INFO] 2025-08-11 13:48:57,733: -PUB [/diagnostics] /JOYSTICK http://localhost:40655/
[rosmaster.master][INFO] 2025-08-11 13:48:57,734: publisherUpdate[/rosout] -> http://localhost:45129/ ['http://localhost:36949/']
[rosmaster.master][INFO] 2025-08-11 13:48:57,736: -PUB [/joy] /JOYSTICK http://localhost:40655/
[rosmaster.master][INFO] 2025-08-11 13:48:57,739: publisherUpdate[/rosout] -> http://localhost:45129/ ['http://localhost:36949/']: sec=0.00, result=[1, '', 0]
[rosmaster.master][INFO] 2025-08-11 13:48:57,740: -SUB [/joy/set_feedback] /JOYSTICK http://localhost:40655/
[rosmaster.master][INFO] 2025-08-11 13:48:57,741: -SERVICE [/JOYSTICK/get_loggers] /JOYSTICK rosrpc://localhost:40017
[rosmaster.master][INFO] 2025-08-11 13:48:57,743: -SERVICE [/JOYSTICK/set_logger_level] /JOYSTICK rosrpc://localhost:40017
[rosmaster.master][INFO] 2025-08-11 13:48:57,744: -CACHEDPARAM [/JOYSTICK/diagnostic_period] by /JOYSTICK
[rosmaster.master][INFO] 2025-08-11 13:48:57,746: -CACHEDPARAM [/rosout_disable_topics_generation] by /JOYSTICK
[rosmaster.master][INFO] 2025-08-11 13:49:12,656: -SUB [/kelpie/imu] /kelpie http://localhost:36949/
[rosmaster.master][INFO] 2025-08-11 13:49:12,657: -SUB [/kelpie/leg_control/currents] /kelpie http://localhost:36949/
[rosmaster.master][INFO] 2025-08-11 13:49:12,657: -SUB [/kelpie/battery/voltage] /kelpie http://localhost:36949/
[rosmaster.master][INFO] 2025-08-11 13:49:12,658: -SUB [/kelpie/command_input] /kelpie http://localhost:36949/
[rosmaster.master][INFO] 2025-08-11 13:49:12,659: -PUB [/rosout] /kelpie http://localhost:36949/
[rosmaster.master][INFO] 2025-08-11 13:49:12,659: -PUB [/kelpie/leg_control/joint_states] /kelpie http://localhost:36949/
[rosmaster.master][INFO] 2025-08-11 13:49:12,660: -SERVICE [/kelpie/get_loggers] /kelpie rosrpc://localhost:41163
[rosmaster.master][INFO] 2025-08-11 13:49:12,660: -SERVICE [/kelpie/set_logger_level] /kelpie rosrpc://localhost:41163
[rosmaster.master][INFO] 2025-08-11 13:49:12,665: publisherUpdate[/rosout] -> http://localhost:45129/ []
[rosmaster.master][INFO] 2025-08-11 13:49:12,667: publisherUpdate[/rosout] -> http://localhost:45129/ []: sec=0.00, result=[1, '', 0]
[rosmaster.master][INFO] 2025-08-11 13:49:14,770: -PUB [/rosout_agg] /rosout http://localhost:45129/
[rosmaster.master][INFO] 2025-08-11 13:49:14,772: -SUB [/rosout] /rosout http://localhost:45129/
[rosmaster.master][INFO] 2025-08-11 13:49:14,773: -SERVICE [/rosout/get_loggers] /rosout rosrpc://localhost:53291
[rosmaster.master][INFO] 2025-08-11 13:49:14,774: -SERVICE [/rosout/set_logger_level] /rosout rosrpc://localhost:53291
[rosmaster.master][INFO] 2025-08-11 13:49:14,776: -CACHEDPARAM [/rosout/omit_topics] by /rosout
[rosmaster.main][INFO] 2025-08-11 13:49:14,860: keyboard interrupt, will exit
[rosmaster.main][INFO] 2025-08-11 13:49:14,861: stopping master...
[rospy.core][INFO] 2025-08-11 13:49:14,861: signal_shutdown [atexit]
