[rospy.client][INFO] 2025-08-19 13:44:26,746: init_node, name[/hardware], pid[1720]
[xmlrpc][INFO] 2025-08-19 13:44:26,748: XML-RPC server binding to 0.0.0.0:0
[xmlrpc][INFO] 2025-08-19 13:44:26,748: Started XML-RPC server [http://10.176.33.207:41005/]
[rospy.init][INFO] 2025-08-19 13:44:26,749: ROS Slave URI: [http://10.176.33.207:41005/]
[rospy.impl.masterslave][INFO] 2025-08-19 13:44:26,749: _ready: http://10.176.33.207:41005/
[rospy.registration][INFO] 2025-08-19 13:44:26,751: Registering with master node http://localhost:11311/
[xmlrpc][INFO] 2025-08-19 13:44:26,752: xml rpc node: starting XML-RPC server
[rospy.registration][INFO] 2025-08-19 13:44:26,752: Registering publisher topic [/kelpie/leg_control/currents] type [kelpie/joint_states] with master
[rospy.registration][INFO] 2025-08-19 13:44:26,767: Registering publisher topic [/kelpie/battery/voltage] type [kelpie/vec_3d_float32] with master
[rospy.registration][INFO] 2025-08-19 13:44:26,770: Registering publisher topic [/kelpie/imu] type [kelpie/imu] with master
[rospy.init][INFO] 2025-08-19 13:44:26,850: registered with master
[rospy.rosout][INFO] 2025-08-19 13:44:26,850: initializing /rosout core topic
[rospy.rosout][INFO] 2025-08-19 13:44:26,854: connected to core topic /rosout
[rospy.simtime][INFO] 2025-08-19 13:44:26,856: /use_sim_time is not set, will not subscribe to simulated time [/clock] topic
[rospy.internal][INFO] 2025-08-19 13:44:26,954: topic[/joy] adding connection to [http://10.176.33.207:34995/], count 0
[rospy.internal][INFO] 2025-08-19 13:44:26,966: topic[/kelpie/leg_control/joint_states] adding connection to [http://10.176.33.207:33483/], count 0
[rospy.internal][INFO] 2025-08-19 13:44:26,978: topic[/kelpie/leg_control/currents] adding connection to [/kelpie], count 0
[rospy.internal][INFO] 2025-08-19 13:44:27,029: topic[/kelpie/battery/voltage] adding connection to [/kelpie], count 0
[rospy.internal][INFO] 2025-08-19 13:44:27,031: topic[/kelpie/imu] adding connection to [/kelpie], count 0
[rospy.internal][INFO] 2025-08-19 13:44:27,033: topic[/rosout] adding connection to [/rosout], count 0
[rospy.internal][INFO] 2025-08-19 13:44:27,080: topic[/kelpie/command_input] adding connection to [/kelpie], count 0
[rospy.core][INFO] 2025-08-19 13:44:42,577: signal_shutdown [signal-2]
[rospy.internal][INFO] 2025-08-19 13:44:42,605: topic[/kelpie/leg_control/currents] removing connection to /kelpie
[rospy.internal][INFO] 2025-08-19 13:44:42,606: topic[/kelpie/battery/voltage] removing connection to /kelpie
[rospy.internal][INFO] 2025-08-19 13:44:42,607: topic[/kelpie/imu] removing connection to /kelpie
[rospy.internal][INFO] 2025-08-19 13:44:42,608: topic[/rosout] removing connection to /rosout
[rospy.internal][INFO] 2025-08-19 13:44:42,609: topic[/kelpie/command_input] removing connection to /kelpie
[rospy.internal][INFO] 2025-08-19 13:44:42,611: topic[/kelpie/leg_control/joint_states] removing connection to http://10.176.33.207:33483/
[rospy.internal][INFO] 2025-08-19 13:44:42,615: topic[/joy] removing connection to http://10.176.33.207:34995/
[rospy.internal][INFO] 2025-08-19 13:44:42,615: topic[/joy] removing connection to http://10.176.33.207:34995/
[rospy.impl.masterslave][INFO] 2025-08-19 13:44:42,616: signal-2
[rospy.core][INFO] 2025-08-19 13:44:57,615: signal_shutdown [signal-15]
[rospy.client][INFO] 2025-08-19 13:45:27,256: init_node, name[/hardware], pid[1825]
[xmlrpc][INFO] 2025-08-19 13:45:27,257: XML-RPC server binding to 0.0.0.0:0
[xmlrpc][INFO] 2025-08-19 13:45:27,258: Started XML-RPC server [http://10.176.33.207:35441/]
[rospy.init][INFO] 2025-08-19 13:45:27,259: ROS Slave URI: [http://10.176.33.207:35441/]
[rospy.impl.masterslave][INFO] 2025-08-19 13:45:27,259: _ready: http://10.176.33.207:35441/
[rospy.registration][INFO] 2025-08-19 13:45:27,262: Registering with master node http://localhost:11311/
[xmlrpc][INFO] 2025-08-19 13:45:27,262: xml rpc node: starting XML-RPC server
[rospy.registration][INFO] 2025-08-19 13:45:27,264: Registering publisher topic [/kelpie/leg_control/currents] type [kelpie/joint_states] with master
[rospy.registration][INFO] 2025-08-19 13:45:27,279: Registering publisher topic [/kelpie/battery/voltage] type [kelpie/vec_3d_float32] with master
[rospy.registration][INFO] 2025-08-19 13:45:27,282: Registering publisher topic [/kelpie/imu] type [kelpie/imu] with master
[rospy.init][INFO] 2025-08-19 13:45:27,360: registered with master
[rospy.rosout][INFO] 2025-08-19 13:45:27,360: initializing /rosout core topic
[rospy.rosout][INFO] 2025-08-19 13:45:27,364: connected to core topic /rosout
[rospy.simtime][INFO] 2025-08-19 13:45:27,366: /use_sim_time is not set, will not subscribe to simulated time [/clock] topic
[rospy.internal][INFO] 2025-08-19 13:45:27,450: topic[/joy] adding connection to [http://10.176.33.207:44233/], count 0
[rospy.internal][INFO] 2025-08-19 13:45:27,464: topic[/kelpie/leg_control/joint_states] adding connection to [http://10.176.33.207:37423/], count 0
[rospy.internal][INFO] 2025-08-19 13:45:27,515: topic[/kelpie/leg_control/currents] adding connection to [/kelpie], count 0
[rospy.internal][INFO] 2025-08-19 13:45:27,548: topic[/kelpie/battery/voltage] adding connection to [/kelpie], count 0
[rospy.internal][INFO] 2025-08-19 13:45:27,549: topic[/kelpie/imu] adding connection to [/kelpie], count 0
[rospy.internal][INFO] 2025-08-19 13:45:27,622: topic[/kelpie/command_input] adding connection to [/kelpie], count 0
[rospy.internal][INFO] 2025-08-19 13:45:27,624: topic[/rosout] adding connection to [/rosout], count 0
[rospy.internal][INFO] 2025-08-19 13:46:40,007: topic[/joy] adding connection to [http://localhost:32841/], count 1
[rospy.internal][INFO] 2025-08-19 13:46:40,048: topic[/joy] removing connection to http://10.176.33.207:44233/
[rospy.internal][INFO] 2025-08-19 13:46:41,765: topic[/kelpie/leg_control/joint_states] removing connection to http://10.176.33.207:37423/
[rospy.internal][INFO] 2025-08-19 13:46:41,810: topic[/kelpie/imu] adding connection to [/kelpie], count 1
[rospy.internal][INFO] 2025-08-19 13:46:41,811: topic[/kelpie/imu] removing connection to /kelpie
[rospy.internal][INFO] 2025-08-19 13:46:41,854: topic[/kelpie/leg_control/currents] removing connection to /kelpie
[rospy.internal][INFO] 2025-08-19 13:46:41,855: topic[/kelpie/battery/voltage] removing connection to /kelpie
[rospy.internal][INFO] 2025-08-19 13:46:41,857: topic[/kelpie/command_input] removing connection to /kelpie
[rospy.internal][INFO] 2025-08-19 13:46:41,877: topic[/kelpie/leg_control/currents] adding connection to [/kelpie], count 0
[rospy.internal][INFO] 2025-08-19 13:46:41,886: topic[/kelpie/leg_control/joint_states] adding connection to [http://localhost:45723/], count 0
[rospy.internal][INFO] 2025-08-19 13:46:41,905: topic[/kelpie/battery/voltage] adding connection to [/kelpie], count 0
[rospy.internal][INFO] 2025-08-19 13:46:41,916: topic[/kelpie/command_input] adding connection to [/kelpie], count 0
[rospy.core][INFO] 2025-08-19 13:46:42,475: signal_shutdown [atexit]
[rospy.internal][INFO] 2025-08-19 13:46:42,493: topic[/kelpie/leg_control/currents] removing connection to /kelpie
[rospy.internal][INFO] 2025-08-19 13:46:42,494: topic[/kelpie/battery/voltage] removing connection to /kelpie
[rospy.internal][INFO] 2025-08-19 13:46:42,495: topic[/kelpie/imu] removing connection to /kelpie
[rospy.internal][INFO] 2025-08-19 13:46:42,497: topic[/rosout] removing connection to /rosout
[rospy.internal][INFO] 2025-08-19 13:46:42,498: topic[/kelpie/command_input] removing connection to /kelpie
[rospy.internal][INFO] 2025-08-19 13:46:42,498: topic[/kelpie/leg_control/joint_states] removing connection to http://localhost:45723/
[rospy.internal][INFO] 2025-08-19 13:46:42,502: topic[/joy] removing connection to http://localhost:32841/
[rospy.impl.masterslave][INFO] 2025-08-19 13:46:42,503: atexit
[rospy.client][INFO] 2025-08-19 13:46:42,656: init_node, name[/hardware], pid[1913]
[xmlrpc][INFO] 2025-08-19 13:46:42,671: XML-RPC server binding to 127.0.0.1:0
[xmlrpc][INFO] 2025-08-19 13:46:42,672: Started XML-RPC server [http://localhost:43169/]
[rospy.impl.masterslave][INFO] 2025-08-19 13:46:42,676: _ready: http://localhost:43169/
[rospy.init][INFO] 2025-08-19 13:46:42,672: ROS Slave URI: [http://localhost:43169/]
[rospy.registration][INFO] 2025-08-19 13:46:42,678: Registering with master node http://localhost:11311
[xmlrpc][INFO] 2025-08-19 13:46:42,678: xml rpc node: starting XML-RPC server
[rospy.registration][INFO] 2025-08-19 13:46:42,678: Registering publisher topic [/kelpie/leg_control/currents] type [kelpie/joint_states] with master
[rospy.registration][INFO] 2025-08-19 13:46:42,694: Registering publisher topic [/kelpie/battery/voltage] type [kelpie/vec_3d_float32] with master
[rospy.registration][INFO] 2025-08-19 13:46:42,697: Registering publisher topic [/kelpie/imu] type [kelpie/imu] with master
[rospy.init][INFO] 2025-08-19 13:46:42,778: registered with master
[rospy.rosout][INFO] 2025-08-19 13:46:42,779: initializing /rosout core topic
[rospy.rosout][INFO] 2025-08-19 13:46:42,782: connected to core topic /rosout
[rospy.simtime][INFO] 2025-08-19 13:46:42,788: /use_sim_time is not set, will not subscribe to simulated time [/clock] topic
[rospy.internal][INFO] 2025-08-19 13:46:42,884: topic[/kelpie/leg_control/joint_states] adding connection to [http://localhost:45723/], count 0
[rospy.internal][INFO] 2025-08-19 13:46:42,893: topic[/kelpie/imu] adding connection to [/kelpie], count 0
[rospy.internal][INFO] 2025-08-19 13:46:42,902: topic[/joy] adding connection to [http://localhost:32841/], count 0
[rospy.internal][INFO] 2025-08-19 13:46:42,903: topic[/kelpie/leg_control/currents] adding connection to [/kelpie], count 0
[rospy.internal][INFO] 2025-08-19 13:46:42,956: topic[/kelpie/battery/voltage] adding connection to [/kelpie], count 0
[rospy.internal][INFO] 2025-08-19 13:46:42,996: topic[/rosout] adding connection to [/rosout], count 0
[rospy.internal][INFO] 2025-08-19 13:46:43,099: topic[/kelpie/command_input] adding connection to [/kelpie], count 0
[rospy.core][INFO] 2025-08-19 13:47:34,393: signal_shutdown [signal-2]
[rospy.internal][INFO] 2025-08-19 13:47:34,410: topic[/kelpie/leg_control/currents] removing connection to /kelpie
[rospy.internal][INFO] 2025-08-19 13:47:34,411: topic[/kelpie/battery/voltage] removing connection to /kelpie
[rospy.internal][INFO] 2025-08-19 13:47:34,413: topic[/kelpie/imu] removing connection to /kelpie
[rospy.internal][INFO] 2025-08-19 13:47:34,414: topic[/rosout] removing connection to /rosout
[rospy.internal][INFO] 2025-08-19 13:47:34,416: topic[/kelpie/command_input] removing connection to /kelpie
[rospy.internal][INFO] 2025-08-19 13:47:34,418: topic[/kelpie/leg_control/joint_states] removing connection to http://localhost:45723/
[rospy.internal][INFO] 2025-08-19 13:47:34,419: topic[/kelpie/leg_control/joint_states] removing connection to http://localhost:45723/
[rospy.internal][INFO] 2025-08-19 13:47:34,420: topic[/joy] removing connection to http://localhost:32841/
[rospy.impl.masterslave][INFO] 2025-08-19 13:47:34,421: signal-2
[rospy.core][INFO] 2025-08-19 13:47:49,425: signal_shutdown [signal-15]
[rospy.client][INFO] 2025-08-19 13:48:33,452: init_node, name[/hardware], pid[2038]
[xmlrpc][INFO] 2025-08-19 13:48:33,453: XML-RPC server binding to 127.0.0.1:0
[xmlrpc][INFO] 2025-08-19 13:48:33,454: Started XML-RPC server [http://localhost:44459/]
[rospy.init][INFO] 2025-08-19 13:48:33,454: ROS Slave URI: [http://localhost:44459/]
[rospy.impl.masterslave][INFO] 2025-08-19 13:48:33,455: _ready: http://localhost:44459/
[rospy.registration][INFO] 2025-08-19 13:48:33,457: Registering with master node http://localhost:11311
[xmlrpc][INFO] 2025-08-19 13:48:33,457: xml rpc node: starting XML-RPC server
[rospy.registration][INFO] 2025-08-19 13:48:33,457: Registering publisher topic [/kelpie/leg_control/currents] type [kelpie/joint_states] with master
[rospy.registration][INFO] 2025-08-19 13:48:33,472: Registering publisher topic [/kelpie/battery/voltage] type [kelpie/vec_3d_float32] with master
[rospy.registration][INFO] 2025-08-19 13:48:33,477: Registering publisher topic [/kelpie/imu] type [kelpie/imu] with master
[rospy.init][INFO] 2025-08-19 13:48:33,555: registered with master
[rospy.rosout][INFO] 2025-08-19 13:48:33,556: initializing /rosout core topic
[rospy.rosout][INFO] 2025-08-19 13:48:33,559: connected to core topic /rosout
[rospy.simtime][INFO] 2025-08-19 13:48:33,562: /use_sim_time is not set, will not subscribe to simulated time [/clock] topic
[rospy.internal][INFO] 2025-08-19 13:48:33,645: topic[/joy] adding connection to [http://localhost:45725/], count 0
[rospy.internal][INFO] 2025-08-19 13:48:33,664: topic[/kelpie/leg_control/joint_states] adding connection to [http://localhost:35145/], count 0
[rospy.internal][INFO] 2025-08-19 13:48:33,790: topic[/rosout] adding connection to [/rosout], count 0
[rospy.internal][INFO] 2025-08-19 13:48:33,804: topic[/kelpie/battery/voltage] adding connection to [/kelpie], count 0
[rospy.internal][INFO] 2025-08-19 13:48:33,825: topic[/kelpie/leg_control/currents] adding connection to [/kelpie], count 0
[rospy.internal][INFO] 2025-08-19 13:48:33,846: topic[/kelpie/imu] adding connection to [/kelpie], count 0
[rospy.internal][INFO] 2025-08-19 13:48:33,963: topic[/kelpie/command_input] adding connection to [/kelpie], count 0
[rospy.internal][INFO] 2025-08-19 13:48:58,037: topic[/kelpie/leg_control/currents] adding connection to [/rosbridge_websocket], count 1
[rospy.internal][INFO] 2025-08-19 13:48:58,048: topic[/kelpie/battery/voltage] adding connection to [/rosbridge_websocket], count 1
[rospy.internal][INFO] 2025-08-19 13:48:58,072: topic[/kelpie/imu] adding connection to [/rosbridge_websocket], count 1
[rospy.internal][INFO] 2025-08-19 13:49:14,162: topic[/kelpie/leg_control/currents] removing connection to /rosbridge_websocket
[rospy.internal][INFO] 2025-08-19 13:49:14,163: topic[/kelpie/battery/voltage] removing connection to /rosbridge_websocket
[rospy.internal][INFO] 2025-08-19 13:49:14,164: topic[/kelpie/imu] removing connection to /rosbridge_websocket
[rospy.internal][INFO] 2025-08-19 13:49:20,160: topic[/kelpie/leg_control/currents] adding connection to [/rosbridge_websocket], count 1
[rospy.internal][INFO] 2025-08-19 13:49:20,184: topic[/kelpie/battery/voltage] adding connection to [/rosbridge_websocket], count 1
[rospy.internal][INFO] 2025-08-19 13:49:20,197: topic[/kelpie/imu] adding connection to [/rosbridge_websocket], count 1
[rospy.core][INFO] 2025-08-19 13:50:46,815: signal_shutdown [signal-2]
[rospy.internal][INFO] 2025-08-19 13:50:46,830: topic[/kelpie/leg_control/currents] removing connection to /kelpie
[rospy.internal][INFO] 2025-08-19 13:50:46,831: topic[/kelpie/leg_control/currents] removing connection to /rosbridge_websocket
[rospy.internal][INFO] 2025-08-19 13:50:46,833: topic[/kelpie/battery/voltage] removing connection to /kelpie
[rospy.internal][INFO] 2025-08-19 13:50:46,834: topic[/kelpie/battery/voltage] removing connection to /rosbridge_websocket
[rospy.internal][INFO] 2025-08-19 13:50:46,837: topic[/kelpie/imu] removing connection to /kelpie
[rospy.internal][INFO] 2025-08-19 13:50:46,838: topic[/kelpie/imu] removing connection to /rosbridge_websocket
[rospy.internal][INFO] 2025-08-19 13:50:46,838: topic[/rosout] removing connection to /rosout
[rospy.internal][INFO] 2025-08-19 13:50:46,839: topic[/kelpie/command_input] removing connection to /kelpie
[rospy.internal][INFO] 2025-08-19 13:50:46,840: topic[/kelpie/leg_control/joint_states] removing connection to http://localhost:35145/
[rospy.internal][INFO] 2025-08-19 13:50:46,842: topic[/joy] removing connection to http://localhost:45725/
[rospy.impl.masterslave][INFO] 2025-08-19 13:50:46,843: signal-2
[rospy.core][INFO] 2025-08-19 13:51:01,847: signal_shutdown [signal-15]
[rospy.client][INFO] 2025-08-19 13:51:23,729: init_node, name[/hardware], pid[2217]
[xmlrpc][INFO] 2025-08-19 13:51:23,730: XML-RPC server binding to 0.0.0.0:0
[xmlrpc][INFO] 2025-08-19 13:51:23,732: Started XML-RPC server [http://10.176.33.207:43359/]
[rospy.init][INFO] 2025-08-19 13:51:23,732: ROS Slave URI: [http://10.176.33.207:43359/]
[rospy.impl.masterslave][INFO] 2025-08-19 13:51:23,732: _ready: http://10.176.33.207:43359/
[rospy.registration][INFO] 2025-08-19 13:51:23,734: Registering with master node http://localhost:11311/
[xmlrpc][INFO] 2025-08-19 13:51:23,735: xml rpc node: starting XML-RPC server
[rospy.registration][INFO] 2025-08-19 13:51:23,735: Registering publisher topic [/kelpie/leg_control/currents] type [kelpie/joint_states] with master
[rospy.registration][INFO] 2025-08-19 13:51:23,749: Registering publisher topic [/kelpie/battery/voltage] type [kelpie/vec_3d_float32] with master
[rospy.registration][INFO] 2025-08-19 13:51:23,754: Registering publisher topic [/kelpie/imu] type [kelpie/imu] with master
[rospy.init][INFO] 2025-08-19 13:51:23,833: registered with master
[rospy.rosout][INFO] 2025-08-19 13:51:23,834: initializing /rosout core topic
[rospy.rosout][INFO] 2025-08-19 13:51:23,837: connected to core topic /rosout
[rospy.simtime][INFO] 2025-08-19 13:51:23,840: /use_sim_time is not set, will not subscribe to simulated time [/clock] topic
[rospy.internal][INFO] 2025-08-19 13:51:23,934: topic[/kelpie/leg_control/joint_states] adding connection to [http://10.176.33.207:39285/], count 0
[rospy.internal][INFO] 2025-08-19 13:51:23,940: topic[/kelpie/leg_control/currents] adding connection to [/kelpie], count 0
[rospy.internal][INFO] 2025-08-19 13:51:23,946: topic[/kelpie/battery/voltage] adding connection to [/kelpie], count 0
[rospy.internal][INFO] 2025-08-19 13:51:23,979: topic[/kelpie/imu] adding connection to [/kelpie], count 0
[rospy.internal][INFO] 2025-08-19 13:51:24,080: topic[/rosout] adding connection to [/rosout], count 0
[rospy.internal][INFO] 2025-08-19 13:51:24,161: topic[/kelpie/command_input] adding connection to [/kelpie], count 0
[rospy.internal][INFO] 2025-08-19 13:51:38,669: topic[/joy] adding connection to [http://localhost:33149/], count 0
[rospy.internal][INFO] 2025-08-19 13:51:40,308: topic[/kelpie/leg_control/joint_states] removing connection to http://10.176.33.207:39285/
[rospy.internal][INFO] 2025-08-19 13:51:40,331: topic[/kelpie/leg_control/currents] removing connection to /kelpie
[rospy.internal][INFO] 2025-08-19 13:51:40,332: topic[/kelpie/battery/voltage] removing connection to /kelpie
[rospy.internal][INFO] 2025-08-19 13:51:40,333: topic[/kelpie/imu] removing connection to /kelpie
[rospy.internal][INFO] 2025-08-19 13:51:40,335: topic[/kelpie/command_input] removing connection to /kelpie
[rospy.internal][INFO] 2025-08-19 13:51:40,369: topic[/kelpie/imu] adding connection to [/kelpie], count 0
[rospy.internal][INFO] 2025-08-19 13:51:40,391: topic[/kelpie/leg_control/currents] adding connection to [/kelpie], count 0
[rospy.internal][INFO] 2025-08-19 13:51:40,412: topic[/kelpie/leg_control/joint_states] adding connection to [http://localhost:33841/], count 0
[rospy.internal][INFO] 2025-08-19 13:51:40,419: topic[/kelpie/battery/voltage] adding connection to [/kelpie], count 0
[rospy.internal][INFO] 2025-08-19 13:51:40,447: topic[/kelpie/command_input] adding connection to [/kelpie], count 0
[rospy.client][INFO] 2025-08-19 13:51:41,169: init_node, name[/hardware], pid[2289]
[xmlrpc][INFO] 2025-08-19 13:51:41,180: XML-RPC server binding to 127.0.0.1:0
[xmlrpc][INFO] 2025-08-19 13:51:41,181: Started XML-RPC server [http://localhost:35885/]
[rospy.init][INFO] 2025-08-19 13:51:41,182: ROS Slave URI: [http://localhost:35885/]
[rospy.impl.masterslave][INFO] 2025-08-19 13:51:41,183: _ready: http://localhost:35885/
[rospy.registration][INFO] 2025-08-19 13:51:41,195: Registering with master node http://localhost:11311
[xmlrpc][INFO] 2025-08-19 13:51:41,195: xml rpc node: starting XML-RPC server
[rospy.registration][INFO] 2025-08-19 13:51:41,202: Registering publisher topic [/kelpie/leg_control/currents] type [kelpie/joint_states] with master
[rospy.core][INFO] 2025-08-19 13:51:41,221: signal_shutdown [atexit]
[rospy.registration][INFO] 2025-08-19 13:51:41,234: Registering publisher topic [/kelpie/battery/voltage] type [kelpie/vec_3d_float32] with master
[rospy.internal][INFO] 2025-08-19 13:51:41,236: topic[/kelpie/leg_control/currents] removing connection to /kelpie
[rospy.internal][INFO] 2025-08-19 13:51:41,239: topic[/kelpie/battery/voltage] removing connection to /kelpie
[rospy.internal][INFO] 2025-08-19 13:51:41,240: topic[/kelpie/imu] removing connection to /kelpie
[rospy.internal][INFO] 2025-08-19 13:51:41,241: topic[/rosout] removing connection to /rosout
[rospy.internal][INFO] 2025-08-19 13:51:41,243: topic[/kelpie/command_input] removing connection to /kelpie
[rospy.internal][INFO] 2025-08-19 13:51:41,245: topic[/kelpie/leg_control/joint_states] removing connection to http://localhost:33841/
[rospy.registration][INFO] 2025-08-19 13:51:41,248: Registering publisher topic [/kelpie/imu] type [kelpie/imu] with master
[rospy.internal][INFO] 2025-08-19 13:51:41,249: topic[/joy] removing connection to http://localhost:33149/
[rospy.impl.masterslave][INFO] 2025-08-19 13:51:41,249: atexit
[rosout][ERROR] 2025-08-19 13:51:41,255: bad callback: <bound method ControllerInterface.input_callback of <kelpie_hardware_interface.handheld_controller.ps4.ControllerInterface object at 0xffff84045490>>
Traceback (most recent call last):
  File "/opt/ros/noetic/lib/python3/dist-packages/rospy/topics.py", line 750, in _invoke_callback
    cb(msg)
  File "/home/kelpie2/Kelpie/kelpie_ws/src/kelpie_hardware_interface/src/kelpie_hardware_interface/handheld_controller/ps4.py", line 32, in input_callback
    self.command_pub.publish(command)
  File "/opt/ros/noetic/lib/python3/dist-packages/rospy/topics.py", line 882, in publish
    self.impl.publish(data)
  File "/opt/ros/noetic/lib/python3/dist-packages/rospy/topics.py", line 1041, in publish
    raise ROSException("publish() to a closed topic")
rospy.exceptions.ROSException: publish() to a closed topic

[rospy.init][INFO] 2025-08-19 13:51:41,284: registered with master
[rospy.rosout][INFO] 2025-08-19 13:51:41,285: initializing /rosout core topic
[rospy.rosout][INFO] 2025-08-19 13:51:41,289: connected to core topic /rosout
[rospy.simtime][INFO] 2025-08-19 13:51:41,294: /use_sim_time is not set, will not subscribe to simulated time [/clock] topic
[rospy.impl.masterslave][INFO] 2025-08-19 13:51:41,321: external shutdown request from [/master]: [/hardware] Reason: new node registered with same name
[rospy.core][INFO] 2025-08-19 13:51:41,324: signal_shutdown [external shutdown request from [/master]: [[/hardware] Reason: new node registered with same name]]
[rospy.core][INFO] 2025-08-19 13:54:00,204: signal_shutdown [signal-2]
[rospy.core][INFO] 2025-08-19 13:54:15,231: signal_shutdown [signal-15]
[rospy.client][INFO] 2025-08-19 14:08:57,758: init_node, name[/hardware], pid[3011]
[xmlrpc][INFO] 2025-08-19 14:08:57,759: XML-RPC server binding to 127.0.0.1:0
[xmlrpc][INFO] 2025-08-19 14:08:57,760: Started XML-RPC server [http://localhost:35683/]
[rospy.init][INFO] 2025-08-19 14:08:57,761: ROS Slave URI: [http://localhost:35683/]
[rospy.impl.masterslave][INFO] 2025-08-19 14:08:57,761: _ready: http://localhost:35683/
[rospy.registration][INFO] 2025-08-19 14:08:57,763: Registering with master node http://localhost:11311
[xmlrpc][INFO] 2025-08-19 14:08:57,763: xml rpc node: starting XML-RPC server
[rospy.registration][INFO] 2025-08-19 14:08:57,763: Registering publisher topic [/kelpie/leg_control/currents] type [kelpie/joint_states] with master
[rospy.registration][INFO] 2025-08-19 14:08:57,778: Registering publisher topic [/kelpie/battery/voltage] type [kelpie/vec_3d_float32] with master
[rospy.registration][INFO] 2025-08-19 14:08:57,781: Registering publisher topic [/kelpie/imu] type [kelpie/imu] with master
[rospy.init][INFO] 2025-08-19 14:08:57,862: registered with master
[rospy.rosout][INFO] 2025-08-19 14:08:57,862: initializing /rosout core topic
[rospy.rosout][INFO] 2025-08-19 14:08:57,867: connected to core topic /rosout
[rospy.simtime][INFO] 2025-08-19 14:08:57,874: /use_sim_time is not set, will not subscribe to simulated time [/clock] topic
[rospy.internal][INFO] 2025-08-19 14:08:57,975: topic[/joy] adding connection to [http://localhost:46761/], count 0
[rospy.internal][INFO] 2025-08-19 14:08:57,980: topic[/kelpie/leg_control/joint_states] adding connection to [http://localhost:34031/], count 0
[rospy.internal][INFO] 2025-08-19 14:08:58,137: topic[/kelpie/leg_control/currents] adding connection to [/kelpie], count 0
[rospy.internal][INFO] 2025-08-19 14:08:58,138: topic[/rosout] adding connection to [/rosout], count 0
[rospy.internal][INFO] 2025-08-19 14:08:58,140: topic[/kelpie/battery/voltage] adding connection to [/kelpie], count 0
[rospy.internal][INFO] 2025-08-19 14:08:58,165: topic[/kelpie/imu] adding connection to [/kelpie], count 0
[rospy.internal][INFO] 2025-08-19 14:08:58,202: topic[/kelpie/command_input] adding connection to [/kelpie], count 0
[rospy.internal][INFO] 2025-08-19 14:09:02,273: topic[/kelpie/leg_control/currents] adding connection to [/rosbridge_websocket], count 1
[rospy.internal][INFO] 2025-08-19 14:09:02,302: topic[/kelpie/battery/voltage] adding connection to [/rosbridge_websocket], count 1
[rospy.internal][INFO] 2025-08-19 14:09:02,319: topic[/kelpie/imu] adding connection to [/rosbridge_websocket], count 1
[rospy.core][INFO] 2025-08-19 14:09:58,852: signal_shutdown [signal-2]
[rospy.internal][INFO] 2025-08-19 14:09:58,862: topic[/kelpie/leg_control/currents] removing connection to /kelpie
[rospy.internal][INFO] 2025-08-19 14:09:58,863: topic[/kelpie/leg_control/currents] removing connection to /rosbridge_websocket
[rospy.internal][INFO] 2025-08-19 14:09:58,866: topic[/kelpie/battery/voltage] removing connection to /kelpie
[rospy.internal][INFO] 2025-08-19 14:09:58,866: topic[/kelpie/battery/voltage] removing connection to /rosbridge_websocket
[rospy.internal][INFO] 2025-08-19 14:09:58,867: topic[/kelpie/imu] removing connection to /kelpie
[rospy.internal][INFO] 2025-08-19 14:09:58,869: topic[/kelpie/imu] removing connection to /rosbridge_websocket
[rospy.internal][INFO] 2025-08-19 14:09:58,870: topic[/rosout] removing connection to /rosout
[rospy.internal][INFO] 2025-08-19 14:09:58,870: topic[/kelpie/command_input] removing connection to /kelpie
[rospy.internal][INFO] 2025-08-19 14:09:58,871: topic[/kelpie/leg_control/joint_states] removing connection to http://localhost:34031/
[rospy.internal][INFO] 2025-08-19 14:09:58,872: topic[/joy] removing connection to http://localhost:46761/
[rospy.impl.masterslave][INFO] 2025-08-19 14:09:58,873: signal-2
[rospy.core][INFO] 2025-08-19 14:10:13,885: signal_shutdown [signal-15]
