

1755574980.044642676  Node Startup
1755575066.221462965 INFO /rosapi [rosapi_node:202(<module>)] [topics: /rosout] Rosapi started
1755575066.285465717 INFO /kelpie [main_driver.py:99(KelpieDriver.run)] [topics: /kelpie/battery/voltage, /kelpie/leg_control/currents, /kelpie/imu, /kelpie/leg_control/joint_states, /kelpie/command_input, /rosout] Manual robot control active. Currently not accepting external commands
1755575067.000145912 INFO /rosbridge_websocket [rosbridge_websocket:312(<module>)] [topics: /connected_clients, /client_count, /rosout] Rosbridge WebSocket server started at ws://0.0.0.0:9090
1755575126.701367616 INFO /rosapi [rosapi_node:202(<module>)] [topics: /rosout] Rosapi started
1755575126.702221870 INFO /kelpie [main_driver.py:99(KelpieDriver.run)] [topics: /kelpie/leg_control/joint_states, /kelpie/command_input, /kelpie/battery/voltage, /kelpie/leg_control/currents, /rosout, /kelpie/imu] Manual robot control active. Currently not accepting external commands
1755575127.281500339 INFO /rosbridge_websocket [rosbridge_websocket:312(<module>)] [topics: /rosout, /connected_clients, /client_count] Rosbridge WebSocket server started at ws://0.0.0.0:9090
1755575201.949849843 INFO /rosapi [rosapi_node:202(<module>)] [topics: /rosout] Rosapi started
1755575201.916738271 INFO /kelpie [main_driver.py:99(KelpieDriver.run)] [topics: /rosout, /kelpie/leg_control/joint_states, /kelpie/leg_control/currents, /kelpie/battery/voltage, /kelpie/command_input, /kelpie/imu] Manual robot control active. Currently not accepting external commands
1755575202.676085233 WARN /rosbridge_websocket [rosbridge_websocket:315(<module>)] [topics: /rosout, /client_count, /connected_clients] Unable to start server: Couldn't listen on any:9090: [Errno 98] Address already in use. Retrying in 5s.
1755575207.687101840 WARN /rosbridge_websocket [rosbridge_websocket:315(<module>)] [topics: /rosout, /client_count, /connected_clients] Unable to start server: Couldn't listen on any:9090: [Errno 98] Address already in use. Retrying in 5s.
1755575212.693546295 WARN /rosbridge_websocket [rosbridge_websocket:315(<module>)] [topics: /rosout, /client_count, /connected_clients] Unable to start server: Couldn't listen on any:9090: [Errno 98] Address already in use. Retrying in 5s.
1755575217.701300144 WARN /rosbridge_websocket [rosbridge_websocket:315(<module>)] [topics: /rosout, /client_count, /connected_clients] Unable to start server: Couldn't listen on any:9090: [Errno 98] Address already in use. Retrying in 5s.
1755575222.716604709 WARN /rosbridge_websocket [rosbridge_websocket:315(<module>)] [topics: /rosout, /client_count, /connected_clients] Unable to start server: Couldn't listen on any:9090: [Errno 98] Address already in use. Retrying in 5s.
1755575227.735466480 WARN /rosbridge_websocket [rosbridge_websocket:315(<module>)] [topics: /rosout, /client_count, /connected_clients] Unable to start server: Couldn't listen on any:9090: [Errno 98] Address already in use. Retrying in 5s.
1755575232.750627756 WARN /rosbridge_websocket [rosbridge_websocket:315(<module>)] [topics: /rosout, /client_count, /connected_clients] Unable to start server: Couldn't listen on any:9090: [Errno 98] Address already in use. Retrying in 5s.
1755575237.768391132 WARN /rosbridge_websocket [rosbridge_websocket:315(<module>)] [topics: /rosout, /client_count, /connected_clients] Unable to start server: Couldn't listen on any:9090: [Errno 98] Address already in use. Retrying in 5s.
1755575242.780263662 WARN /rosbridge_websocket [rosbridge_websocket:315(<module>)] [topics: /rosout, /client_count, /connected_clients] Unable to start server: Couldn't listen on any:9090: [Errno 98] Address already in use. Retrying in 5s.
1755575247.795218706 WARN /rosbridge_websocket [rosbridge_websocket:315(<module>)] [topics: /rosout, /client_count, /connected_clients] Unable to start server: Couldn't listen on any:9090: [Errno 98] Address already in use. Retrying in 5s.
1755575252.813028573 WARN /rosbridge_websocket [rosbridge_websocket:315(<module>)] [topics: /rosout, /client_count, /connected_clients] Unable to start server: Couldn't listen on any:9090: [Errno 98] Address already in use. Retrying in 5s.
1755575313.087691783 INFO /rosapi [rosapi_node:202(<module>)] [topics: /rosout] Rosapi started
1755575313.058802843 INFO /kelpie [main_driver.py:99(KelpieDriver.run)] [topics: /kelpie/battery/voltage, /kelpie/leg_control/currents, /kelpie/leg_control/joint_states, /kelpie/imu, /kelpie/command_input, /rosout] Manual robot control active. Currently not accepting external commands
1755575313.727827548 INFO /rosbridge_websocket [rosbridge_websocket:312(<module>)] [topics: /connected_clients, /client_count, /rosout] Rosbridge WebSocket server started at ws://0.0.0.0:9090
1755575336.906699657 INFO /rosbridge_websocket [autobahn_websocket.py:195(RosbridgeWebSocket.onOpen)] [topics: /connected_clients, /client_count, /rosout] Client connected.  1 clients total.
1755575337.967049837 INFO /rosbridge_websocket [autobahn_websocket.py:195(RosbridgeWebSocket.onOpen)] [topics: /connected_clients, /client_count, /rosout] Client connected.  2 clients total.
1755575337.981994390 INFO /rosbridge_websocket [protocol.py:403(RosbridgeProtocol.log)] [topics: /connected_clients, /client_count, /rosout, /kelpie/leg_control/joint_states] [Client 0] Subscribed to /kelpie/leg_control/joint_states
1755575337.998464584 INFO /rosbridge_websocket [protocol.py:403(RosbridgeProtocol.log)] [topics: /connected_clients, /rosout, /kelpie/leg_control/currents, /client_count, /kelpie/leg_control/joint_states] [Client 0] Subscribed to /kelpie/leg_control/currents
1755575338.022832393 INFO /rosbridge_websocket [protocol.py:403(RosbridgeProtocol.log)] [topics: /connected_clients, /rosout, /kelpie/leg_control/currents, /client_count, /kelpie/leg_control/joint_states, /kelpie/battery/voltage] [Client 0] Subscribed to /kelpie/battery/voltage
1755575338.028571128 INFO /rosbridge_websocket [protocol.py:403(RosbridgeProtocol.log)] [topics: /connected_clients, /rosout, /kelpie/leg_control/currents, /client_count, /kelpie/leg_control/joint_states, /kelpie/battery/voltage] [Client 1] Subscribed to /kelpie/leg_control/joint_states
1755575338.053926229 INFO /rosbridge_websocket [protocol.py:403(RosbridgeProtocol.log)] [topics: /connected_clients, /kelpie/imu, /rosout, /kelpie/leg_control/currents, /client_count, /kelpie/leg_control/joint_states, /kelpie/battery/voltage] [Client 0] Subscribed to /kelpie/imu
1755575338.057852268 INFO /rosbridge_websocket [protocol.py:403(RosbridgeProtocol.log)] [topics: /connected_clients, /kelpie/imu, /rosout, /kelpie/leg_control/currents, /client_count, /kelpie/leg_control/joint_states, /kelpie/battery/voltage] [Client 1] Subscribed to /kelpie/leg_control/currents
1755575338.063252925 INFO /rosbridge_websocket [protocol.py:403(RosbridgeProtocol.log)] [topics: /connected_clients, /kelpie/imu, /rosout, /kelpie/leg_control/currents, /client_count, /kelpie/leg_control/joint_states, /kelpie/battery/voltage] [Client 1] Subscribed to /kelpie/battery/voltage
1755575338.068694591 INFO /rosbridge_websocket [protocol.py:403(RosbridgeProtocol.log)] [topics: /connected_clients, /kelpie/imu, /rosout, /kelpie/leg_control/currents, /client_count, /kelpie/leg_control/joint_states, /kelpie/battery/voltage] [Client 1] Subscribed to /kelpie/imu
1755575346.007722854 INFO /rosbridge_websocket [autobahn_websocket.py:255(RosbridgeWebSocket.onClose)] [topics: /connected_clients, /kelpie/imu, /rosout, /kelpie/leg_control/currents, /client_count, /kelpie/leg_control/joint_states, /kelpie/battery/voltage] Client disconnected. 1 clients total.
1755575346.123068332 INFO /rosbridge_websocket [autobahn_websocket.py:195(RosbridgeWebSocket.onOpen)] [topics: /connected_clients, /kelpie/imu, /rosout, /kelpie/leg_control/currents, /client_count, /kelpie/leg_control/joint_states, /kelpie/battery/voltage] Client connected.  2 clients total.
1755575354.051284313 INFO /rosbridge_websocket [autobahn_websocket.py:255(RosbridgeWebSocket.onClose)] [topics: /kelpie/leg_control/currents, /client_count, /kelpie/leg_control/joint_states, /kelpie/battery/voltage, /kelpie/imu, /connected_clients, /rosout, /kelpie/command_input] Client disconnected. 1 clients total.
1755575354.113871097 INFO /rosbridge_websocket [autobahn_websocket.py:195(RosbridgeWebSocket.onOpen)] [topics: /kelpie/command_input, /connected_clients, /client_count, /rosout] Client connected.  2 clients total.
1755575360.025991439 INFO /rosbridge_websocket [autobahn_websocket.py:255(RosbridgeWebSocket.onClose)] [topics: /kelpie/command_input, /connected_clients, /client_count, /rosout] Client disconnected. 1 clients total.
1755575360.068083524 INFO /rosbridge_websocket [autobahn_websocket.py:195(RosbridgeWebSocket.onOpen)] [topics: /kelpie/command_input, /connected_clients, /client_count, /rosout] Client connected.  2 clients total.
1755575360.135601043 INFO /rosbridge_websocket [protocol.py:403(RosbridgeProtocol.log)] [topics: /connected_clients, /rosout, /kelpie/command_input, /client_count, /kelpie/leg_control/joint_states] [Client 4] Subscribed to /kelpie/leg_control/joint_states
1755575360.150442838 INFO /rosbridge_websocket [protocol.py:403(RosbridgeProtocol.log)] [topics: /connected_clients, /rosout, /kelpie/leg_control/currents, /kelpie/command_input, /client_count, /kelpie/leg_control/joint_states] [Client 4] Subscribed to /kelpie/leg_control/currents
1755575360.167830467 INFO /rosbridge_websocket [protocol.py:403(RosbridgeProtocol.log)] [topics: /connected_clients, /rosout, /kelpie/leg_control/currents, /kelpie/command_input, /client_count, /kelpie/leg_control/joint_states, /kelpie/battery/voltage] [Client 4] Subscribed to /kelpie/battery/voltage
1755575360.189923763 INFO /rosbridge_websocket [protocol.py:403(RosbridgeProtocol.log)] [topics: /kelpie/leg_control/currents, /client_count, /kelpie/leg_control/joint_states, /kelpie/battery/voltage, /kelpie/imu, /connected_clients, /rosout, /kelpie/command_input] [Client 4] Subscribed to /kelpie/imu
1755575367.816942930 INFO /rosbridge_websocket [autobahn_websocket.py:255(RosbridgeWebSocket.onClose)] [topics: /kelpie/leg_control/currents, /client_count, /kelpie/leg_control/joint_states, /kelpie/battery/voltage, /kelpie/imu, /connected_clients, /rosout, /kelpie/command_input] Client disconnected. 1 clients total.
1755575367.825126647 INFO /rosbridge_websocket [autobahn_websocket.py:195(RosbridgeWebSocket.onOpen)] [topics: /kelpie/leg_control/currents, /client_count, /kelpie/leg_control/joint_states, /kelpie/battery/voltage, /kelpie/imu, /connected_clients, /rosout, /kelpie/command_input] Client connected.  2 clients total.
1755575367.996924877 INFO /rosbridge_websocket [protocol.py:403(RosbridgeProtocol.log)] [topics: /kelpie/leg_control/currents, /client_count, /kelpie/leg_control/joint_states, /kelpie/battery/voltage, /kelpie/imu, /connected_clients, /rosout, /kelpie/command_input, /raspicam_node/image/compressed] [Client 5] Subscribed to /raspicam_node/image/compressed
1755575368.645860910 INFO /rosbridge_websocket [autobahn_websocket.py:255(RosbridgeWebSocket.onClose)] [topics: /kelpie/leg_control/currents, /client_count, /kelpie/leg_control/joint_states, /kelpie/battery/voltage, /kelpie/imu, /connected_clients, /rosout, /kelpie/command_input, /raspicam_node/image/compressed] Client disconnected. 1 clients total.
1755575368.656267881 INFO /rosbridge_websocket [autobahn_websocket.py:195(RosbridgeWebSocket.onOpen)] [topics: /kelpie/leg_control/currents, /client_count, /kelpie/leg_control/joint_states, /kelpie/battery/voltage, /kelpie/imu, /connected_clients, /rosout, /kelpie/command_input] Client connected.  2 clients total.
1755575368.714602231 INFO /rosbridge_websocket [protocol.py:403(RosbridgeProtocol.log)] [topics: /kelpie/leg_control/currents, /client_count, /kelpie/leg_control/joint_states, /kelpie/battery/voltage, /kelpie/imu, /connected_clients, /rosout, /kelpie/command_input] [Client 6] Subscribed to /kelpie/leg_control/joint_states
1755575368.719077110 INFO /rosbridge_websocket [protocol.py:403(RosbridgeProtocol.log)] [topics: /kelpie/leg_control/currents, /client_count, /kelpie/leg_control/joint_states, /kelpie/battery/voltage, /kelpie/imu, /connected_clients, /rosout, /kelpie/command_input] [Client 6] Subscribed to /kelpie/leg_control/currents
1755575368.723956823 INFO /rosbridge_websocket [protocol.py:403(RosbridgeProtocol.log)] [topics: /kelpie/leg_control/currents, /client_count, /kelpie/leg_control/joint_states, /kelpie/battery/voltage, /kelpie/imu, /connected_clients, /rosout, /kelpie/command_input] [Client 6] Subscribed to /kelpie/battery/voltage
1755575368.730061054 INFO /rosbridge_websocket [protocol.py:403(RosbridgeProtocol.log)] [topics: /kelpie/leg_control/currents, /client_count, /kelpie/leg_control/joint_states, /kelpie/battery/voltage, /kelpie/imu, /connected_clients, /rosout, /kelpie/command_input] [Client 6] Subscribed to /kelpie/imu
1755575483.067450761 INFO /kelpie [main_driver.py:85(KelpieDriver.__init__)] [topics: /kelpie/leg_control/currents, /kelpie/battery/voltage, /kelpie/command_input, /kelpie/imu, /kelpie/leg_control/joint_states, /rosout] z clearance: 0.08
1755575483.081927061 INFO /kelpie [main_driver.py:86(KelpieDriver.__init__)] [topics: /kelpie/leg_control/currents, /kelpie/battery/voltage, /kelpie/command_input, /kelpie/imu, /kelpie/leg_control/joint_states, /rosout] back leg x shift: 0.00
1755575483.091871738 INFO /kelpie [main_driver.py:87(KelpieDriver.__init__)] [topics: /kelpie/leg_control/currents, /kelpie/battery/voltage, /kelpie/command_input, /kelpie/imu, /kelpie/leg_control/joint_states, /rosout] front leg x shift: 0.05
1755575483.102318286 INFO /kelpie [main_driver.py:99(KelpieDriver.run)] [topics: /kelpie/leg_control/currents, /kelpie/battery/voltage, /kelpie/command_input, /kelpie/imu, /kelpie/leg_control/joint_states, /rosout] Manual robot control active. Currently not accepting external commands
1755575483.181301355 INFO /rosapi [rosapi_node:202(<module>)] [topics: /rosout] Rosapi started
1755575484.007680654 INFO /rosbridge_websocket [rosbridge_websocket:312(<module>)] [topics: /connected_clients, /client_count, /rosout] Rosbridge WebSocket server started at ws://0.0.0.0:9090
1755575500.502638101 INFO /rosbridge_websocket [autobahn_websocket.py:195(RosbridgeWebSocket.onOpen)] [topics: /connected_clients, /client_count, /rosout] Client connected.  1 clients total.
1755575500.435353279 INFO /kelpie [main_driver.py:99(KelpieDriver.run)] [topics: /rosout, /kelpie/command_input, /kelpie/imu, /kelpie/battery/voltage, /kelpie/leg_control/joint_states, /kelpie/leg_control/currents] Manual robot control active. Currently not accepting external commands
1755575500.671802043 INFO /rosapi [rosapi_node:202(<module>)] [topics: /rosout] Rosapi started
1755575501.747777223 WARN /rosbridge_websocket [rosbridge_websocket:315(<module>)] [topics: /client_count, /rosout, /connected_clients] Unable to start server: Couldn't listen on any:9090: [Errno 98] Address already in use. Retrying in 5s.
1755576537.333653688 INFO /rosapi [rosapi_node:202(<module>)] [topics: /rosout] Rosapi started
1755576537.341380834 INFO /kelpie [main_driver.py:99(KelpieDriver.run)] [topics: /kelpie/imu, /rosout, /kelpie/battery/voltage, /kelpie/command_input, /kelpie/leg_control/currents, /kelpie/leg_control/joint_states] Manual robot control active. Currently not accepting external commands
1755576537.950580120 INFO /rosbridge_websocket [rosbridge_websocket:312(<module>)] [topics: /client_count, /rosout, /connected_clients] Rosbridge WebSocket server started at ws://0.0.0.0:9090
1755576541.337248563 INFO /rosbridge_websocket [autobahn_websocket.py:195(RosbridgeWebSocket.onOpen)] [topics: /client_count, /rosout, /connected_clients] Client connected.  1 clients total.
1755576542.243223905 INFO /rosbridge_websocket [protocol.py:403(RosbridgeProtocol.log)] [topics: /kelpie/leg_control/joint_states, /client_count, /rosout, /connected_clients] [Client 0] Subscribed to /kelpie/leg_control/joint_states
1755576542.258795499 INFO /rosbridge_websocket [protocol.py:403(RosbridgeProtocol.log)] [topics: /rosout, /kelpie/leg_control/currents, /connected_clients, /kelpie/leg_control/joint_states, /client_count] [Client 0] Subscribed to /kelpie/leg_control/currents
1755576542.285249948 INFO /rosbridge_websocket [protocol.py:403(RosbridgeProtocol.log)] [topics: /rosout, /kelpie/leg_control/currents, /connected_clients, /kelpie/leg_control/joint_states, /client_count, /kelpie/battery/voltage] [Client 0] Subscribed to /kelpie/battery/voltage
1755576542.307766437 INFO /rosbridge_websocket [protocol.py:403(RosbridgeProtocol.log)] [topics: /rosout, /kelpie/leg_control/currents, /connected_clients, /client_count, /kelpie/leg_control/joint_states, /kelpie/imu, /kelpie/battery/voltage] [Client 0] Subscribed to /kelpie/imu
