[rospy.client][INFO] 2025-08-11 14:41:54,636: init_node, name[/hardware], pid[1409]
[xmlrpc][INFO] 2025-08-11 14:41:54,637: XML-RPC server binding to 127.0.0.1:0
[xmlrpc][INFO] 2025-08-11 14:41:54,638: Started XML-RPC server [http://localhost:46089/]
[rospy.init][INFO] 2025-08-11 14:41:54,638: ROS Slave URI: [http://localhost:46089/]
[rospy.impl.masterslave][INFO] 2025-08-11 14:41:54,639: _ready: http://localhost:46089/
[rospy.registration][INFO] 2025-08-11 14:41:54,641: Registering with master node http://localhost:11311
[xmlrpc][INFO] 2025-08-11 14:41:54,641: xml rpc node: starting XML-RPC server
[rospy.registration][INFO] 2025-08-11 14:41:54,641: Registering publisher topic [/kelpie/leg_control/currents] type [kelpie/joint_states] with master
[rospy.registration][INFO] 2025-08-11 14:41:54,656: Registering publisher topic [/kelpie/battery/voltage] type [kelpie/vec_3d_float32] with master
[rospy.registration][INFO] 2025-08-11 14:41:54,659: Registering publisher topic [/kelpie/imu] type [kelpie/imu] with master
[rospy.init][INFO] 2025-08-11 14:41:54,739: registered with master
[rospy.rosout][INFO] 2025-08-11 14:41:54,740: initializing /rosout core topic
[rospy.rosout][INFO] 2025-08-11 14:41:54,743: connected to core topic /rosout
[rospy.simtime][INFO] 2025-08-11 14:41:54,746: /use_sim_time is not set, will not subscribe to simulated time [/clock] topic
[rospy.internal][INFO] 2025-08-11 14:41:54,876: topic[/kelpie/leg_control/joint_states] adding connection to [http://localhost:37239/], count 0
[rospy.internal][INFO] 2025-08-11 14:41:54,939: topic[/rosout] adding connection to [/rosout], count 0
[rospy.internal][INFO] 2025-08-11 14:41:55,022: topic[/kelpie/leg_control/currents] adding connection to [/kelpie], count 0
[rospy.internal][INFO] 2025-08-11 14:41:55,038: topic[/kelpie/imu] adding connection to [/kelpie], count 0
[rospy.internal][INFO] 2025-08-11 14:41:55,041: topic[/kelpie/battery/voltage] adding connection to [/kelpie], count 0
[rospy.internal][INFO] 2025-08-11 14:41:55,108: topic[/kelpie/command_input] adding connection to [/kelpie], count 0
[rospy.core][INFO] 2025-08-11 14:47:33,996: signal_shutdown [signal-2]
[rospy.internal][INFO] 2025-08-11 14:47:34,028: topic[/kelpie/leg_control/currents] removing connection to /kelpie
[rospy.internal][INFO] 2025-08-11 14:47:34,029: topic[/kelpie/battery/voltage] removing connection to /kelpie
[rospy.internal][INFO] 2025-08-11 14:47:34,030: topic[/kelpie/imu] removing connection to /kelpie
[rospy.internal][INFO] 2025-08-11 14:47:34,031: topic[/rosout] removing connection to /rosout
[rospy.internal][INFO] 2025-08-11 14:47:34,032: topic[/kelpie/command_input] removing connection to /kelpie
[rospy.internal][INFO] 2025-08-11 14:47:34,034: topic[/kelpie/leg_control/joint_states] removing connection to http://localhost:37239/
[rospy.internal][INFO] 2025-08-11 14:47:34,034: topic[/kelpie/leg_control/joint_states] removing connection to http://localhost:37239/
[rospy.impl.masterslave][INFO] 2025-08-11 14:47:34,035: signal-2
[rospy.core][INFO] 2025-08-11 14:47:49,029: signal_shutdown [signal-15]
