[rospy.client][INFO] 2025-08-11 14:41:53,966: init_node, name[/kelpie], pid[1402]
[xmlrpc][INFO] 2025-08-11 14:41:53,968: XML-RPC server binding to 127.0.0.1:0
[xmlrpc][INFO] 2025-08-11 14:41:53,969: Started XML-RPC server [http://localhost:37239/]
[rospy.init][INFO] 2025-08-11 14:41:53,970: ROS Slave URI: [http://localhost:37239/]
[rospy.impl.masterslave][INFO] 2025-08-11 14:41:53,970: _ready: http://localhost:37239/
[rospy.registration][INFO] 2025-08-11 14:41:53,972: Registering with master node http://localhost:11311
[xmlrpc][INFO] 2025-08-11 14:41:53,973: xml rpc node: starting XML-RPC server
[rospy.init][INFO] 2025-08-11 14:41:54,072: registered with master
[rospy.rosout][INFO] 2025-08-11 14:41:54,073: initializing /rosout core topic
[rospy.rosout][INFO] 2025-08-11 14:41:54,091: connected to core topic /rosout
[rospy.simtime][INFO] 2025-08-11 14:41:54,095: /use_sim_time is not set, will not subscribe to simulated time [/clock] topic
[rosout][INFO] 2025-08-11 14:41:54,131: Creating input listener...
[rosout][INFO] 2025-08-11 14:41:54,145: Input listener successfully initialised... Robot will now receive commands via Joy messages
[rosout][INFO] 2025-08-11 14:41:54,151: Summary of current gait parameters:
[rosout][INFO] 2025-08-11 14:41:54,156: overlap time: 0.04
[rosout][INFO] 2025-08-11 14:41:54,161: swing time: 0.07
[rosout][INFO] 2025-08-11 14:41:54,171: z clearance: 0.08
[rosout][INFO] 2025-08-11 14:41:54,176: back leg x shift: 0.00
[rosout][INFO] 2025-08-11 14:41:54,181: front leg x shift: 0.05
[rosout][INFO] 2025-08-11 14:41:54,186: Manual robot control active. Currently not accepting external commands
[rospy.internal][INFO] 2025-08-11 14:41:54,357: topic[/rosout] adding connection to [/rosout], count 0
[rospy.internal][INFO] 2025-08-11 14:41:54,819: topic[/kelpie/leg_control/currents] adding connection to [http://localhost:46089/], count 0
[rospy.internal][INFO] 2025-08-11 14:41:54,839: topic[/kelpie/imu] adding connection to [http://localhost:46089/], count 0
[rospy.internal][INFO] 2025-08-11 14:41:54,868: topic[/kelpie/battery/voltage] adding connection to [http://localhost:46089/], count 0
[rospy.internal][INFO] 2025-08-11 14:41:54,935: topic[/kelpie/leg_control/joint_states] adding connection to [/hardware], count 0
[rospy.internal][INFO] 2025-08-11 14:41:55,038: topic[/kelpie/command_input] adding connection to [http://localhost:46089/], count 0
[rospy.internal][INFO] 2025-08-11 14:47:34,030: topic[/kelpie/leg_control/currents] removing connection to http://localhost:46089/
[rospy.internal][INFO] 2025-08-11 14:47:34,031: topic[/kelpie/imu] removing connection to http://localhost:46089/
[rospy.internal][INFO] 2025-08-11 14:47:34,033: topic[/kelpie/command_input] removing connection to http://localhost:46089/
[rospy.internal][INFO] 2025-08-11 14:47:34,035: topic[/kelpie/battery/voltage] removing connection to http://localhost:46089/
[rospy.internal][INFO] 2025-08-11 14:47:34,320: topic[/kelpie/leg_control/joint_states] removing connection to /hardware
[rospy.core][INFO] 2025-08-11 14:47:49,028: signal_shutdown [signal-15]
[rospy.internal][INFO] 2025-08-11 14:47:49,036: topic[/rosout] removing connection to /rosout
[rospy.impl.masterslave][INFO] 2025-08-11 14:47:49,037: signal-15
