[rosmaster.main][INFO] 2025-08-11 14:41:51,962: initialization complete, waiting for shutdown
[rosmaster.main][INFO] 2025-08-11 14:41:51,963: Starting ROS Master Node
[xmlrpc][INFO] 2025-08-11 14:41:51,964: XML-RPC server binding to 127.0.0.1:11311
[xmlrpc][INFO] 2025-08-11 14:41:51,965: Started XML-RPC server [http://localhost:11311/]
[rosmaster.master][INFO] 2025-08-11 14:41:51,965: Master initialized: port[11311], uri[http://localhost:11311/]
[xmlrpc][INFO] 2025-08-11 14:41:51,966: xml rpc node: starting XML-RPC server
[rosmaster.master][INFO] 2025-08-11 14:41:51,983: +PARAM [/run_id] by /roslaunch
[rosmaster.master][INFO] 2025-08-11 14:41:51,986: +PARAM [/roslaunch/uris/host_localhost__35297] by /roslaunch
[rosmaster.master][INFO] 2025-08-11 14:41:52,132: +PARAM [/rosversion] by /roslaunch
[rosmaster.master][INFO] 2025-08-11 14:41:52,133: +PARAM [/rosdistro] by /roslaunch
[rosmaster.master][INFO] 2025-08-11 14:41:52,133: +PARAM [/rosbridge_websocket/authenticate] by /roslaunch
[rosmaster.master][INFO] 2025-08-11 14:41:52,133: +PARAM [/rosbridge_websocket/port] by /roslaunch
[rosmaster.master][INFO] 2025-08-11 14:41:52,133: +PARAM [/rosbridge_websocket/address] by /roslaunch
[rosmaster.master][INFO] 2025-08-11 14:41:52,133: +PARAM [/rosbridge_websocket/retry_startup_delay] by /roslaunch
[rosmaster.master][INFO] 2025-08-11 14:41:52,134: +PARAM [/rosbridge_websocket/fragment_timeout] by /roslaunch
[rosmaster.master][INFO] 2025-08-11 14:41:52,134: +PARAM [/rosbridge_websocket/delay_between_messages] by /roslaunch
[rosmaster.master][INFO] 2025-08-11 14:41:52,134: +PARAM [/rosbridge_websocket/max_message_size] by /roslaunch
[rosmaster.master][INFO] 2025-08-11 14:41:52,134: +PARAM [/rosbridge_websocket/unregister_timeout] by /roslaunch
[rosmaster.master][INFO] 2025-08-11 14:41:52,135: +PARAM [/rosbridge_websocket/use_compression] by /roslaunch
[rosmaster.master][INFO] 2025-08-11 14:41:52,135: +PARAM [/rosbridge_websocket/websocket_ping_interval] by /roslaunch
[rosmaster.master][INFO] 2025-08-11 14:41:52,135: +PARAM [/rosbridge_websocket/websocket_ping_timeout] by /roslaunch
[rosmaster.master][INFO] 2025-08-11 14:41:52,135: +PARAM [/rosbridge_websocket/websocket_external_port] by /roslaunch
[rosmaster.master][INFO] 2025-08-11 14:41:52,136: +PARAM [/rosbridge_websocket/topics_glob] by /roslaunch
[rosmaster.master][INFO] 2025-08-11 14:41:52,136: +PARAM [/rosbridge_websocket/services_glob] by /roslaunch
[rosmaster.master][INFO] 2025-08-11 14:41:52,136: +PARAM [/rosbridge_websocket/params_glob] by /roslaunch
[rosmaster.master][INFO] 2025-08-11 14:41:52,136: +PARAM [/rosbridge_websocket/bson_only_mode] by /roslaunch
[rosmaster.master][INFO] 2025-08-11 14:41:52,136: +PARAM [/rosapi/topics_glob] by /roslaunch
[rosmaster.master][INFO] 2025-08-11 14:41:52,137: +PARAM [/rosapi/services_glob] by /roslaunch
[rosmaster.master][INFO] 2025-08-11 14:41:52,137: +PARAM [/rosapi/params_glob] by /roslaunch
[rosmaster.master][INFO] 2025-08-11 14:41:52,326: +SERVICE [/rosout/get_loggers] /rosout http://localhost:40319/
[rosmaster.master][INFO] 2025-08-11 14:41:52,329: +SERVICE [/rosout/set_logger_level] /rosout http://localhost:40319/
[rosmaster.master][INFO] 2025-08-11 14:41:52,335: +PUB [/rosout_agg] /rosout http://localhost:40319/
[rosmaster.master][INFO] 2025-08-11 14:41:52,346: +SUB [/rosout] /rosout http://localhost:40319/
[rosmaster.master][INFO] 2025-08-11 14:41:54,069: +PUB [/rosout] /rosapi http://localhost:43347/
[rosmaster.master][INFO] 2025-08-11 14:41:54,069: publisherUpdate[/rosout] -> http://localhost:40319/ ['http://localhost:43347/']
[rosmaster.master][INFO] 2025-08-11 14:41:54,081: +SERVICE [/rosapi/get_loggers] /rosapi http://localhost:43347/
[rosmaster.master][INFO] 2025-08-11 14:41:54,085: +SERVICE [/rosapi/set_logger_level] /rosapi http://localhost:43347/
[rosmaster.master][INFO] 2025-08-11 14:41:54,088: +PUB [/rosout] /kelpie http://localhost:37239/
[rosmaster.master][INFO] 2025-08-11 14:41:54,089: publisherUpdate[/rosout] -> http://localhost:40319/ ['http://localhost:43347/']: sec=0.02, result=[1, '', 0]
[rosmaster.master][INFO] 2025-08-11 14:41:54,091: publisherUpdate[/rosout] -> http://localhost:40319/ ['http://localhost:43347/', 'http://localhost:37239/']
[rosmaster.master][INFO] 2025-08-11 14:41:54,095: publisherUpdate[/rosout] -> http://localhost:40319/ ['http://localhost:43347/', 'http://localhost:37239/']: sec=0.00, result=[1, '', 0]
[rosmaster.master][INFO] 2025-08-11 14:41:54,100: +SERVICE [/kelpie/get_loggers] /kelpie http://localhost:37239/
[rosmaster.master][INFO] 2025-08-11 14:41:54,102: +SERVICE [/rosapi/topics] /rosapi http://localhost:43347/
[rosmaster.master][INFO] 2025-08-11 14:41:54,103: +SERVICE [/kelpie/set_logger_level] /kelpie http://localhost:37239/
[rosmaster.master][INFO] 2025-08-11 14:41:54,105: +SERVICE [/rosapi/topics_for_type] /rosapi http://localhost:43347/
[rosmaster.master][INFO] 2025-08-11 14:41:54,108: +SERVICE [/rosapi/services] /rosapi http://localhost:43347/
[rosmaster.master][INFO] 2025-08-11 14:41:54,110: +SUB [/kelpie/imu] /kelpie http://localhost:37239/
[rosmaster.master][INFO] 2025-08-11 14:41:54,111: +SERVICE [/rosapi/services_for_type] /rosapi http://localhost:43347/
[rosmaster.master][INFO] 2025-08-11 14:41:54,115: +SERVICE [/rosapi/nodes] /rosapi http://localhost:43347/
[rosmaster.master][INFO] 2025-08-11 14:41:54,116: +SUB [/kelpie/leg_control/currents] /kelpie http://localhost:37239/
[rosmaster.master][INFO] 2025-08-11 14:41:54,118: +SERVICE [/rosapi/node_details] /rosapi http://localhost:43347/
[rosmaster.master][INFO] 2025-08-11 14:41:54,122: +SERVICE [/rosapi/action_servers] /rosapi http://localhost:43347/
[rosmaster.master][INFO] 2025-08-11 14:41:54,124: +SUB [/kelpie/battery/voltage] /kelpie http://localhost:37239/
[rosmaster.master][INFO] 2025-08-11 14:41:54,126: +SERVICE [/rosapi/topic_type] /rosapi http://localhost:43347/
[rosmaster.master][INFO] 2025-08-11 14:41:54,128: +PUB [/kelpie/leg_control/joint_states] /kelpie http://localhost:37239/
[rosmaster.master][INFO] 2025-08-11 14:41:54,131: +SERVICE [/rosapi/service_type] /rosapi http://localhost:43347/
[rosmaster.master][INFO] 2025-08-11 14:41:54,134: +SERVICE [/rosapi/publishers] /rosapi http://localhost:43347/
[rosmaster.master][INFO] 2025-08-11 14:41:54,136: +CACHEDPARAM [/rosout_disable_topics_generation] by /kelpie
[rosmaster.master][INFO] 2025-08-11 14:41:54,138: +SERVICE [/rosapi/subscribers] /rosapi http://localhost:43347/
[rosmaster.master][INFO] 2025-08-11 14:41:54,143: +SUB [/kelpie/command_input] /kelpie http://localhost:37239/
[rosmaster.master][INFO] 2025-08-11 14:41:54,144: +SERVICE [/rosapi/service_providers] /rosapi http://localhost:43347/
[rosmaster.master][INFO] 2025-08-11 14:41:54,148: +CACHEDPARAM [/rosout_disable_topics_generation] by /kelpie
[rosmaster.master][INFO] 2025-08-11 14:41:54,148: +SERVICE [/rosapi/service_node] /rosapi http://localhost:43347/
[rosmaster.master][INFO] 2025-08-11 14:41:54,152: +SERVICE [/rosapi/service_host] /rosapi http://localhost:43347/
[rosmaster.master][INFO] 2025-08-11 14:41:54,154: +CACHEDPARAM [/rosout_disable_topics_generation] by /kelpie
[rosmaster.master][INFO] 2025-08-11 14:41:54,157: +SERVICE [/rosapi/message_details] /rosapi http://localhost:43347/
[rosmaster.master][INFO] 2025-08-11 14:41:54,159: +CACHEDPARAM [/rosout_disable_topics_generation] by /kelpie
[rosmaster.master][INFO] 2025-08-11 14:41:54,160: +SERVICE [/rosapi/service_request_details] /rosapi http://localhost:43347/
[rosmaster.master][INFO] 2025-08-11 14:41:54,163: +CACHEDPARAM [/rosout_disable_topics_generation] by /kelpie
[rosmaster.master][INFO] 2025-08-11 14:41:54,170: +SERVICE [/rosapi/service_response_details] /rosapi http://localhost:43347/
[rosmaster.master][INFO] 2025-08-11 14:41:54,173: +CACHEDPARAM [/rosout_disable_topics_generation] by /kelpie
[rosmaster.master][INFO] 2025-08-11 14:41:54,174: +SERVICE [/rosapi/set_param] /rosapi http://localhost:43347/
[rosmaster.master][INFO] 2025-08-11 14:41:54,177: +SERVICE [/rosapi/get_param] /rosapi http://localhost:43347/
[rosmaster.master][INFO] 2025-08-11 14:41:54,179: +CACHEDPARAM [/rosout_disable_topics_generation] by /kelpie
[rosmaster.master][INFO] 2025-08-11 14:41:54,182: +SERVICE [/rosapi/has_param] /rosapi http://localhost:43347/
[rosmaster.master][INFO] 2025-08-11 14:41:54,183: +CACHEDPARAM [/rosout_disable_topics_generation] by /kelpie
[rosmaster.master][INFO] 2025-08-11 14:41:54,186: +SERVICE [/rosapi/search_param] /rosapi http://localhost:43347/
[rosmaster.master][INFO] 2025-08-11 14:41:54,190: +CACHEDPARAM [/rosout_disable_topics_generation] by /kelpie
[rosmaster.master][INFO] 2025-08-11 14:41:54,192: +SERVICE [/rosapi/delete_param] /rosapi http://localhost:43347/
[rosmaster.master][INFO] 2025-08-11 14:41:54,195: +SERVICE [/rosapi/get_param_names] /rosapi http://localhost:43347/
[rosmaster.master][INFO] 2025-08-11 14:41:54,199: +SERVICE [/rosapi/get_time] /rosapi http://localhost:43347/
[rosmaster.master][INFO] 2025-08-11 14:41:54,202: +SERVICE [/rosapi/topics_and_raw_types] /rosapi http://localhost:43347/
[rosmaster.master][INFO] 2025-08-11 14:41:54,206: +CACHEDPARAM [/rosout_disable_topics_generation] by /rosapi
[rosmaster.master][INFO] 2025-08-11 14:41:54,307: +CACHEDPARAM [/rosout/omit_topics] by /rosout
[rosmaster.master][INFO] 2025-08-11 14:41:54,654: +PUB [/kelpie/leg_control/currents] /hardware http://localhost:46089/
[rosmaster.master][INFO] 2025-08-11 14:41:54,657: +PUB [/kelpie/battery/voltage] /hardware http://localhost:46089/
[rosmaster.master][INFO] 2025-08-11 14:41:54,660: +PUB [/kelpie/imu] /hardware http://localhost:46089/
[rosmaster.master][INFO] 2025-08-11 14:41:54,671: publisherUpdate[/kelpie/leg_control/currents] -> http://localhost:37239/ ['http://localhost:46089/']
[rosmaster.master][INFO] 2025-08-11 14:41:54,702: publisherUpdate[/kelpie/leg_control/currents] -> http://localhost:37239/ ['http://localhost:46089/']: sec=0.03, result=[1, '', 0]
[rosmaster.master][INFO] 2025-08-11 14:41:54,702: publisherUpdate[/kelpie/battery/voltage] -> http://localhost:37239/ ['http://localhost:46089/']
[rosmaster.master][INFO] 2025-08-11 14:41:54,719: publisherUpdate[/kelpie/battery/voltage] -> http://localhost:37239/ ['http://localhost:46089/']: sec=0.02, result=[1, '', 0]
[rosmaster.master][INFO] 2025-08-11 14:41:54,719: publisherUpdate[/kelpie/imu] -> http://localhost:37239/ ['http://localhost:46089/']
[rosmaster.master][INFO] 2025-08-11 14:41:54,731: publisherUpdate[/kelpie/imu] -> http://localhost:37239/ ['http://localhost:46089/']: sec=0.01, result=[1, '', 0]
[rosmaster.master][INFO] 2025-08-11 14:41:54,742: +PUB [/rosout] /hardware http://localhost:46089/
[rosmaster.master][INFO] 2025-08-11 14:41:54,748: +SERVICE [/hardware/get_loggers] /hardware http://localhost:46089/
[rosmaster.master][INFO] 2025-08-11 14:41:54,752: +SERVICE [/hardware/set_logger_level] /hardware http://localhost:46089/
[rosmaster.master][INFO] 2025-08-11 14:41:54,772: publisherUpdate[/rosout] -> http://localhost:40319/ ['http://localhost:43347/', 'http://localhost:37239/', 'http://localhost:46089/']
[rosmaster.master][INFO] 2025-08-11 14:41:54,775: publisherUpdate[/rosout] -> http://localhost:40319/ ['http://localhost:43347/', 'http://localhost:37239/', 'http://localhost:46089/']: sec=0.00, result=[1, '', 0]
[rosmaster.master][INFO] 2025-08-11 14:41:54,807: +PUB [/rosout] /rosbridge_websocket http://localhost:40035/
[rosmaster.master][INFO] 2025-08-11 14:41:54,814: +SERVICE [/rosbridge_websocket/get_loggers] /rosbridge_websocket http://localhost:40035/
[rosmaster.master][INFO] 2025-08-11 14:41:54,817: +SERVICE [/rosbridge_websocket/set_logger_level] /rosbridge_websocket http://localhost:40035/
[rosmaster.master][INFO] 2025-08-11 14:41:54,832: publisherUpdate[/rosout] -> http://localhost:40319/ ['http://localhost:43347/', 'http://localhost:37239/', 'http://localhost:46089/', 'http://localhost:40035/']
[rosmaster.master][INFO] 2025-08-11 14:41:54,837: publisherUpdate[/rosout] -> http://localhost:40319/ ['http://localhost:43347/', 'http://localhost:37239/', 'http://localhost:46089/', 'http://localhost:40035/']: sec=0.00, result=[1, '', 0]
[rosmaster.master][INFO] 2025-08-11 14:41:54,842: +SUB [/kelpie/leg_control/joint_states] /hardware http://localhost:46089/
[rosmaster.master][INFO] 2025-08-11 14:41:54,851: +SUB [/joy] /hardware http://localhost:46089/
[rosmaster.master][INFO] 2025-08-11 14:41:54,856: +PUB [/kelpie/command_input] /hardware http://localhost:46089/
[rosmaster.master][INFO] 2025-08-11 14:41:54,862: +PUB [/client_count] /rosbridge_websocket http://localhost:40035/
[rosmaster.master][INFO] 2025-08-11 14:41:54,865: +PUB [/connected_clients] /rosbridge_websocket http://localhost:40035/
[rosmaster.master][INFO] 2025-08-11 14:41:54,875: +PARAM [/rosbridge_websocket/actual_port] by /rosbridge_websocket
[rosmaster.master][INFO] 2025-08-11 14:41:54,876: publisherUpdate[/kelpie/command_input] -> http://localhost:37239/ ['http://localhost:46089/']
[rosmaster.master][INFO] 2025-08-11 14:41:54,882: +CACHEDPARAM [/rosout_disable_topics_generation] by /rosbridge_websocket
[rosmaster.master][INFO] 2025-08-11 14:41:54,920: publisherUpdate[/kelpie/command_input] -> http://localhost:37239/ ['http://localhost:46089/']: sec=0.04, result=[1, '', 0]
[rosmaster.master][INFO] 2025-08-11 14:47:33,999: -SUB [/kelpie/leg_control/joint_states] /hardware http://localhost:46089/
[rosmaster.master][INFO] 2025-08-11 14:47:33,999: -SUB [/joy] /hardware http://localhost:46089/
[rosmaster.master][INFO] 2025-08-11 14:47:34,000: -PUB [/kelpie/leg_control/currents] /hardware http://localhost:46089/
[rosmaster.master][INFO] 2025-08-11 14:47:34,001: -PUB [/kelpie/battery/voltage] /hardware http://localhost:46089/
[rosmaster.master][INFO] 2025-08-11 14:47:34,002: publisherUpdate[/kelpie/leg_control/currents] -> http://localhost:37239/ []
[rosmaster.master][INFO] 2025-08-11 14:47:34,003: -PUB [/rosout] /rosbridge_websocket http://localhost:40035/
[rosmaster.master][INFO] 2025-08-11 14:47:34,007: -PUB [/kelpie/imu] /hardware http://localhost:46089/
[rosmaster.master][INFO] 2025-08-11 14:47:34,008: -PUB [/rosout] /rosapi http://localhost:43347/
[rosmaster.master][INFO] 2025-08-11 14:47:34,009: publisherUpdate[/kelpie/leg_control/currents] -> http://localhost:37239/ []: sec=0.01, result=[1, '', 0]
[rosmaster.master][INFO] 2025-08-11 14:47:34,009: -PUB [/client_count] /rosbridge_websocket http://localhost:40035/
[rosmaster.master][INFO] 2025-08-11 14:47:34,009: publisherUpdate[/kelpie/battery/voltage] -> http://localhost:37239/ []
[rosmaster.master][INFO] 2025-08-11 14:47:34,010: -PUB [/rosout] /hardware http://localhost:46089/
[rosmaster.master][INFO] 2025-08-11 14:47:34,011: -SERVICE [/rosapi/get_loggers] /rosapi rosrpc://localhost:38051
[rosmaster.master][INFO] 2025-08-11 14:47:34,011: -PUB [/connected_clients] /rosbridge_websocket http://localhost:40035/
[rosmaster.master][INFO] 2025-08-11 14:47:34,013: publisherUpdate[/kelpie/battery/voltage] -> http://localhost:37239/ []: sec=0.00, result=[1, '', 0]
[rosmaster.master][INFO] 2025-08-11 14:47:34,013: -PUB [/kelpie/command_input] /hardware http://localhost:46089/
[rosmaster.master][INFO] 2025-08-11 14:47:34,013: publisherUpdate[/rosout] -> http://localhost:40319/ ['http://localhost:43347/', 'http://localhost:37239/', 'http://localhost:46089/']
[rosmaster.master][INFO] 2025-08-11 14:47:34,014: -SERVICE [/rosapi/set_logger_level] /rosapi rosrpc://localhost:38051
[rosmaster.master][INFO] 2025-08-11 14:47:34,014: -SERVICE [/rosapi/topics] /rosapi rosrpc://localhost:38051
[rosmaster.master][INFO] 2025-08-11 14:47:34,016: publisherUpdate[/rosout] -> http://localhost:40319/ ['http://localhost:43347/', 'http://localhost:37239/', 'http://localhost:46089/']: sec=0.00, result=[1, '', 0]
[rosmaster.master][INFO] 2025-08-11 14:47:34,016: -SERVICE [/hardware/get_loggers] /hardware rosrpc://localhost:33297
[rosmaster.master][INFO] 2025-08-11 14:47:34,016: publisherUpdate[/kelpie/imu] -> http://localhost:37239/ []
[rosmaster.master][INFO] 2025-08-11 14:47:34,017: -SERVICE [/rosbridge_websocket/get_loggers] /rosbridge_websocket rosrpc://localhost:39341
[rosmaster.master][INFO] 2025-08-11 14:47:34,018: -SERVICE [/rosbridge_websocket/set_logger_level] /rosbridge_websocket rosrpc://localhost:39341
[rosmaster.master][INFO] 2025-08-11 14:47:34,019: publisherUpdate[/kelpie/imu] -> http://localhost:37239/ []: sec=0.00, result=[1, '', 0]
[rosmaster.master][INFO] 2025-08-11 14:47:34,020: -SERVICE [/hardware/set_logger_level] /hardware rosrpc://localhost:33297
[rosmaster.master][INFO] 2025-08-11 14:47:34,020: publisherUpdate[/rosout] -> http://localhost:40319/ ['http://localhost:37239/', 'http://localhost:46089/']
[rosmaster.master][INFO] 2025-08-11 14:47:34,022: -SERVICE [/rosapi/topics_for_type] /rosapi rosrpc://localhost:38051
[rosmaster.master][INFO] 2025-08-11 14:47:34,023: -SERVICE [/rosapi/services] /rosapi rosrpc://localhost:38051
[rosmaster.master][INFO] 2025-08-11 14:47:34,025: publisherUpdate[/rosout] -> http://localhost:40319/ ['http://localhost:37239/', 'http://localhost:46089/']: sec=0.00, result=[1, '', 0]
[rosmaster.master][INFO] 2025-08-11 14:47:34,025: -SERVICE [/rosapi/services_for_type] /rosapi rosrpc://localhost:38051
[rosmaster.master][INFO] 2025-08-11 14:47:34,026: publisherUpdate[/rosout] -> http://localhost:40319/ ['http://localhost:37239/']
[rosmaster.master][INFO] 2025-08-11 14:47:34,026: -SERVICE [/rosapi/nodes] /rosapi rosrpc://localhost:38051
[rosmaster.master][INFO] 2025-08-11 14:47:34,027: -SERVICE [/rosapi/node_details] /rosapi rosrpc://localhost:38051
[rosmaster.master][INFO] 2025-08-11 14:47:34,028: -SERVICE [/rosapi/action_servers] /rosapi rosrpc://localhost:38051
[rosmaster.master][INFO] 2025-08-11 14:47:34,028: -SERVICE [/rosapi/topic_type] /rosapi rosrpc://localhost:38051
[rosmaster.master][INFO] 2025-08-11 14:47:34,029: -SERVICE [/rosapi/service_type] /rosapi rosrpc://localhost:38051
[rosmaster.master][INFO] 2025-08-11 14:47:34,030: -SERVICE [/rosapi/publishers] /rosapi rosrpc://localhost:38051
[rosmaster.master][INFO] 2025-08-11 14:47:34,031: publisherUpdate[/rosout] -> http://localhost:40319/ ['http://localhost:37239/']: sec=0.00, result=[1, '', 0]
[rosmaster.master][INFO] 2025-08-11 14:47:34,031: -SERVICE [/rosapi/subscribers] /rosapi rosrpc://localhost:38051
[rosmaster.master][INFO] 2025-08-11 14:47:34,032: publisherUpdate[/kelpie/command_input] -> http://localhost:37239/ []
[rosmaster.master][INFO] 2025-08-11 14:47:34,033: -SERVICE [/rosapi/service_providers] /rosapi rosrpc://localhost:38051
[rosmaster.master][INFO] 2025-08-11 14:47:34,034: -SERVICE [/rosapi/service_node] /rosapi rosrpc://localhost:38051
[rosmaster.master][INFO] 2025-08-11 14:47:34,035: -SERVICE [/rosapi/service_host] /rosapi rosrpc://localhost:38051
[rosmaster.master][INFO] 2025-08-11 14:47:34,035: -SERVICE [/rosapi/message_details] /rosapi rosrpc://localhost:38051
[rosmaster.master][INFO] 2025-08-11 14:47:34,036: -SERVICE [/rosapi/service_request_details] /rosapi rosrpc://localhost:38051
[rosmaster.master][INFO] 2025-08-11 14:47:34,036: -SERVICE [/rosapi/service_response_details] /rosapi rosrpc://localhost:38051
[rosmaster.master][INFO] 2025-08-11 14:47:34,036: -SERVICE [/rosapi/set_param] /rosapi rosrpc://localhost:38051
[rosmaster.master][INFO] 2025-08-11 14:47:34,037: -SERVICE [/rosapi/get_param] /rosapi rosrpc://localhost:38051
[rosmaster.master][INFO] 2025-08-11 14:47:34,037: -SERVICE [/rosapi/has_param] /rosapi rosrpc://localhost:38051
[rosmaster.master][INFO] 2025-08-11 14:47:34,038: publisherUpdate[/kelpie/command_input] -> http://localhost:37239/ []: sec=0.00, result=[1, '', 0]
[rosmaster.master][INFO] 2025-08-11 14:47:34,038: -SERVICE [/rosapi/search_param] /rosapi rosrpc://localhost:38051
[rosmaster.master][INFO] 2025-08-11 14:47:34,039: -SERVICE [/rosapi/delete_param] /rosapi rosrpc://localhost:38051
[rosmaster.master][INFO] 2025-08-11 14:47:34,039: -SERVICE [/rosapi/get_param_names] /rosapi rosrpc://localhost:38051
[rosmaster.master][INFO] 2025-08-11 14:47:34,039: -SERVICE [/rosapi/get_time] /rosapi rosrpc://localhost:38051
[rosmaster.master][INFO] 2025-08-11 14:47:34,039: -SERVICE [/rosapi/topics_and_raw_types] /rosapi rosrpc://localhost:38051
[rosmaster.master][INFO] 2025-08-11 14:47:49,031: -SUB [/kelpie/imu] /kelpie http://localhost:37239/
[rosmaster.master][INFO] 2025-08-11 14:47:49,032: -SUB [/kelpie/leg_control/currents] /kelpie http://localhost:37239/
[rosmaster.master][INFO] 2025-08-11 14:47:49,032: -SUB [/kelpie/battery/voltage] /kelpie http://localhost:37239/
[rosmaster.master][INFO] 2025-08-11 14:47:49,032: -SUB [/kelpie/command_input] /kelpie http://localhost:37239/
[rosmaster.master][INFO] 2025-08-11 14:47:49,032: -PUB [/rosout] /kelpie http://localhost:37239/
[rosmaster.master][INFO] 2025-08-11 14:47:49,033: -PUB [/kelpie/leg_control/joint_states] /kelpie http://localhost:37239/
[rosmaster.master][INFO] 2025-08-11 14:47:49,033: -SERVICE [/kelpie/get_loggers] /kelpie rosrpc://localhost:39777
[rosmaster.master][INFO] 2025-08-11 14:47:49,033: -SERVICE [/kelpie/set_logger_level] /kelpie rosrpc://localhost:39777
[rosmaster.master][INFO] 2025-08-11 14:47:49,061: publisherUpdate[/rosout] -> http://localhost:40319/ []
[rosmaster.master][INFO] 2025-08-11 14:47:49,063: publisherUpdate[/rosout] -> http://localhost:40319/ []: sec=0.00, result=[1, '', 0]
[rosmaster.master][INFO] 2025-08-11 14:47:51,166: -PUB [/rosout_agg] /rosout http://localhost:40319/
[rosmaster.master][INFO] 2025-08-11 14:47:51,167: -SUB [/rosout] /rosout http://localhost:40319/
[rosmaster.master][INFO] 2025-08-11 14:47:51,169: -SERVICE [/rosout/get_loggers] /rosout rosrpc://localhost:59165
[rosmaster.master][INFO] 2025-08-11 14:47:51,170: -SERVICE [/rosout/set_logger_level] /rosout rosrpc://localhost:59165
[rosmaster.master][INFO] 2025-08-11 14:47:51,171: -CACHEDPARAM [/rosout/omit_topics] by /rosout
[rosmaster.main][INFO] 2025-08-11 14:47:51,242: keyboard interrupt, will exit
[rosmaster.main][INFO] 2025-08-11 14:47:51,243: stopping master...
[rospy.core][INFO] 2025-08-11 14:47:51,243: signal_shutdown [atexit]
