[rospy.client][INFO] 2025-08-11 14:55:29,694: init_node, name[/kelpie], pid[1772]
[xmlrpc][INFO] 2025-08-11 14:55:29,696: XML-RPC server binding to 127.0.0.1:0
[xmlrpc][INFO] 2025-08-11 14:55:29,697: Started XML-RPC server [http://localhost:36585/]
[rospy.init][INFO] 2025-08-11 14:55:29,698: ROS Slave URI: [http://localhost:36585/]
[rospy.impl.masterslave][INFO] 2025-08-11 14:55:29,698: _ready: http://localhost:36585/
[rospy.registration][INFO] 2025-08-11 14:55:29,701: Registering with master node http://localhost:11311
[xmlrpc][INFO] 2025-08-11 14:55:29,701: xml rpc node: starting XML-RPC server
[rospy.init][INFO] 2025-08-11 14:55:29,799: registered with master
[rospy.rosout][INFO] 2025-08-11 14:55:29,800: initializing /rosout core topic
[rospy.rosout][INFO] 2025-08-11 14:55:29,811: connected to core topic /rosout
[rospy.simtime][INFO] 2025-08-11 14:55:29,814: /use_sim_time is not set, will not subscribe to simulated time [/clock] topic
[rosout][INFO] 2025-08-11 14:55:29,847: Creating input listener...
[rosout][INFO] 2025-08-11 14:55:29,860: Input listener successfully initialised... Robot will now receive commands via Joy messages
[rosout][INFO] 2025-08-11 14:55:29,865: Summary of current gait parameters:
[rosout][INFO] 2025-08-11 14:55:29,871: overlap time: 0.04
[rosout][INFO] 2025-08-11 14:55:29,875: swing time: 0.07
[rosout][INFO] 2025-08-11 14:55:29,882: z clearance: 0.08
[rosout][INFO] 2025-08-11 14:55:29,890: back leg x shift: 0.00
[rosout][INFO] 2025-08-11 14:55:29,897: front leg x shift: 0.05
[rosout][INFO] 2025-08-11 14:55:29,901: Manual robot control active. Currently not accepting external commands
[rospy.internal][INFO] 2025-08-11 14:55:30,176: topic[/rosout] adding connection to [/rosout], count 0
[rospy.internal][INFO] 2025-08-11 14:55:30,487: topic[/kelpie/battery/voltage] adding connection to [http://localhost:41913/], count 0
[rospy.internal][INFO] 2025-08-11 14:55:30,488: topic[/kelpie/imu] adding connection to [http://localhost:41913/], count 0
[rospy.internal][INFO] 2025-08-11 14:55:30,489: topic[/kelpie/leg_control/currents] adding connection to [http://localhost:41913/], count 0
[rospy.internal][INFO] 2025-08-11 14:55:30,626: topic[/kelpie/leg_control/joint_states] adding connection to [/hardware], count 0
[rospy.internal][INFO] 2025-08-11 14:55:30,825: topic[/kelpie/command_input] adding connection to [http://localhost:41913/], count 0
[rospy.internal][INFO] 2025-08-11 14:56:01,179: topic[/kelpie/leg_control/currents] removing connection to http://localhost:41913/
[rospy.internal][INFO] 2025-08-11 14:56:01,182: topic[/kelpie/imu] removing connection to http://localhost:41913/
[rospy.internal][INFO] 2025-08-11 14:56:01,184: topic[/kelpie/command_input] removing connection to http://localhost:41913/
[rospy.internal][INFO] 2025-08-11 14:56:01,186: topic[/kelpie/battery/voltage] removing connection to http://localhost:41913/
[rospy.internal][INFO] 2025-08-11 14:56:01,447: topic[/kelpie/leg_control/joint_states] removing connection to /hardware
[rospy.core][INFO] 2025-08-11 14:56:16,179: signal_shutdown [signal-15]
[rospy.internal][INFO] 2025-08-11 14:56:16,186: topic[/rosout] removing connection to /rosout
[rospy.impl.masterslave][INFO] 2025-08-11 14:56:16,187: signal-15
