[rosmaster.main][INFO] 2025-08-11 14:55:27,977: initialization complete, waiting for shutdown
[rosmaster.main][INFO] 2025-08-11 14:55:27,977: Starting ROS Master Node
[xmlrpc][INFO] 2025-08-11 14:55:27,979: XML-RPC server binding to 127.0.0.1:11311
[xmlrpc][INFO] 2025-08-11 14:55:27,980: Started XML-RPC server [http://localhost:11311/]
[rosmaster.master][INFO] 2025-08-11 14:55:27,980: Master initialized: port[11311], uri[http://localhost:11311/]
[xmlrpc][INFO] 2025-08-11 14:55:27,980: xml rpc node: starting XML-RPC server
[rosmaster.master][INFO] 2025-08-11 14:55:28,000: +PARAM [/run_id] by /roslaunch
[rosmaster.master][INFO] 2025-08-11 14:55:28,004: +PARAM [/roslaunch/uris/host_localhost__46693] by /roslaunch
[rosmaster.master][INFO] 2025-08-11 14:55:28,138: +PARAM [/rosversion] by /roslaunch
[rosmaster.master][INFO] 2025-08-11 14:55:28,138: +PARAM [/rosdistro] by /roslaunch
[rosmaster.master][INFO] 2025-08-11 14:55:28,139: +PARAM [/rosbridge_websocket/authenticate] by /roslaunch
[rosmaster.master][INFO] 2025-08-11 14:55:28,139: +PARAM [/rosbridge_websocket/port] by /roslaunch
[rosmaster.master][INFO] 2025-08-11 14:55:28,139: +PARAM [/rosbridge_websocket/address] by /roslaunch
[rosmaster.master][INFO] 2025-08-11 14:55:28,140: +PARAM [/rosbridge_websocket/retry_startup_delay] by /roslaunch
[rosmaster.master][INFO] 2025-08-11 14:55:28,140: +PARAM [/rosbridge_websocket/fragment_timeout] by /roslaunch
[rosmaster.master][INFO] 2025-08-11 14:55:28,140: +PARAM [/rosbridge_websocket/delay_between_messages] by /roslaunch
[rosmaster.master][INFO] 2025-08-11 14:55:28,140: +PARAM [/rosbridge_websocket/max_message_size] by /roslaunch
[rosmaster.master][INFO] 2025-08-11 14:55:28,140: +PARAM [/rosbridge_websocket/unregister_timeout] by /roslaunch
[rosmaster.master][INFO] 2025-08-11 14:55:28,141: +PARAM [/rosbridge_websocket/use_compression] by /roslaunch
[rosmaster.master][INFO] 2025-08-11 14:55:28,141: +PARAM [/rosbridge_websocket/websocket_ping_interval] by /roslaunch
[rosmaster.master][INFO] 2025-08-11 14:55:28,141: +PARAM [/rosbridge_websocket/websocket_ping_timeout] by /roslaunch
[rosmaster.master][INFO] 2025-08-11 14:55:28,141: +PARAM [/rosbridge_websocket/websocket_external_port] by /roslaunch
[rosmaster.master][INFO] 2025-08-11 14:55:28,142: +PARAM [/rosbridge_websocket/topics_glob] by /roslaunch
[rosmaster.master][INFO] 2025-08-11 14:55:28,142: +PARAM [/rosbridge_websocket/services_glob] by /roslaunch
[rosmaster.master][INFO] 2025-08-11 14:55:28,142: +PARAM [/rosbridge_websocket/params_glob] by /roslaunch
[rosmaster.master][INFO] 2025-08-11 14:55:28,142: +PARAM [/rosbridge_websocket/bson_only_mode] by /roslaunch
[rosmaster.master][INFO] 2025-08-11 14:55:28,143: +PARAM [/rosapi/topics_glob] by /roslaunch
[rosmaster.master][INFO] 2025-08-11 14:55:28,143: +PARAM [/rosapi/services_glob] by /roslaunch
[rosmaster.master][INFO] 2025-08-11 14:55:28,143: +PARAM [/rosapi/params_glob] by /roslaunch
[rosmaster.master][INFO] 2025-08-11 14:55:28,148: +SERVICE [/rosout/get_loggers] /rosout http://localhost:45485/
[rosmaster.master][INFO] 2025-08-11 14:55:28,151: +SERVICE [/rosout/set_logger_level] /rosout http://localhost:45485/
[rosmaster.master][INFO] 2025-08-11 14:55:28,157: +PUB [/rosout_agg] /rosout http://localhost:45485/
[rosmaster.master][INFO] 2025-08-11 14:55:28,169: +SUB [/rosout] /rosout http://localhost:45485/
[rosmaster.master][INFO] 2025-08-11 14:55:29,808: +PUB [/rosout] /kelpie http://localhost:36585/
[rosmaster.master][INFO] 2025-08-11 14:55:29,814: +PUB [/rosout] /rosapi http://localhost:46755/
[rosmaster.master][INFO] 2025-08-11 14:55:29,817: +SERVICE [/kelpie/get_loggers] /kelpie http://localhost:36585/
[rosmaster.master][INFO] 2025-08-11 14:55:29,821: +SERVICE [/kelpie/set_logger_level] /kelpie http://localhost:36585/
[rosmaster.master][INFO] 2025-08-11 14:55:29,823: +SERVICE [/rosapi/get_loggers] /rosapi http://localhost:46755/
[rosmaster.master][INFO] 2025-08-11 14:55:29,826: +SERVICE [/rosapi/set_logger_level] /rosapi http://localhost:46755/
[rosmaster.master][INFO] 2025-08-11 14:55:29,827: +SUB [/kelpie/imu] /kelpie http://localhost:36585/
[rosmaster.master][INFO] 2025-08-11 14:55:29,833: +SUB [/kelpie/leg_control/currents] /kelpie http://localhost:36585/
[rosmaster.master][INFO] 2025-08-11 14:55:29,838: +SERVICE [/rosapi/topics] /rosapi http://localhost:46755/
[rosmaster.master][INFO] 2025-08-11 14:55:29,840: +SUB [/kelpie/battery/voltage] /kelpie http://localhost:36585/
[rosmaster.master][INFO] 2025-08-11 14:55:29,842: +SERVICE [/rosapi/topics_for_type] /rosapi http://localhost:46755/
[rosmaster.master][INFO] 2025-08-11 14:55:29,844: +PUB [/kelpie/leg_control/joint_states] /kelpie http://localhost:36585/
[rosmaster.master][INFO] 2025-08-11 14:55:29,846: +SERVICE [/rosapi/services] /rosapi http://localhost:46755/
[rosmaster.master][INFO] 2025-08-11 14:55:29,850: +SERVICE [/rosapi/services_for_type] /rosapi http://localhost:46755/
[rosmaster.master][INFO] 2025-08-11 14:55:29,851: +CACHEDPARAM [/rosout_disable_topics_generation] by /kelpie
[rosmaster.master][INFO] 2025-08-11 14:55:29,853: +SERVICE [/rosapi/nodes] /rosapi http://localhost:46755/
[rosmaster.master][INFO] 2025-08-11 14:55:29,856: +SERVICE [/rosapi/node_details] /rosapi http://localhost:46755/
[rosmaster.master][INFO] 2025-08-11 14:55:29,858: +SUB [/kelpie/command_input] /kelpie http://localhost:36585/
[rosmaster.master][INFO] 2025-08-11 14:55:29,860: +SERVICE [/rosapi/action_servers] /rosapi http://localhost:46755/
[rosmaster.master][INFO] 2025-08-11 14:55:29,862: +CACHEDPARAM [/rosout_disable_topics_generation] by /kelpie
[rosmaster.master][INFO] 2025-08-11 14:55:29,863: +SERVICE [/rosapi/topic_type] /rosapi http://localhost:46755/
[rosmaster.master][INFO] 2025-08-11 14:55:29,867: +SERVICE [/rosapi/service_type] /rosapi http://localhost:46755/
[rosmaster.master][INFO] 2025-08-11 14:55:29,869: +CACHEDPARAM [/rosout_disable_topics_generation] by /kelpie
[rosmaster.master][INFO] 2025-08-11 14:55:29,871: +SERVICE [/rosapi/publishers] /rosapi http://localhost:46755/
[rosmaster.master][INFO] 2025-08-11 14:55:29,873: +CACHEDPARAM [/rosout_disable_topics_generation] by /kelpie
[rosmaster.master][INFO] 2025-08-11 14:55:29,875: +SERVICE [/rosapi/subscribers] /rosapi http://localhost:46755/
[rosmaster.master][INFO] 2025-08-11 14:55:29,878: +CACHEDPARAM [/rosout_disable_topics_generation] by /kelpie
[rosmaster.master][INFO] 2025-08-11 14:55:29,880: +SERVICE [/rosapi/service_providers] /rosapi http://localhost:46755/
[rosmaster.master][INFO] 2025-08-11 14:55:29,883: publisherUpdate[/rosout] -> http://localhost:45485/ ['http://localhost:36585/']
[rosmaster.master][INFO] 2025-08-11 14:55:29,884: +SERVICE [/rosapi/service_node] /rosapi http://localhost:46755/
[rosmaster.master][INFO] 2025-08-11 14:55:29,887: +CACHEDPARAM [/rosout_disable_topics_generation] by /kelpie
[rosmaster.master][INFO] 2025-08-11 14:55:29,894: +CACHEDPARAM [/rosout_disable_topics_generation] by /kelpie
[rosmaster.master][INFO] 2025-08-11 14:55:29,895: +SERVICE [/rosapi/service_host] /rosapi http://localhost:46755/
[rosmaster.master][INFO] 2025-08-11 14:55:29,898: +CACHEDPARAM [/rosout_disable_topics_generation] by /kelpie
[rosmaster.master][INFO] 2025-08-11 14:55:29,900: +SERVICE [/rosapi/message_details] /rosapi http://localhost:46755/
[rosmaster.master][INFO] 2025-08-11 14:55:29,903: +CACHEDPARAM [/rosout_disable_topics_generation] by /kelpie
[rosmaster.master][INFO] 2025-08-11 14:55:29,904: +SERVICE [/rosapi/service_request_details] /rosapi http://localhost:46755/
[rosmaster.master][INFO] 2025-08-11 14:55:29,912: publisherUpdate[/rosout] -> http://localhost:45485/ ['http://localhost:36585/']: sec=0.03, result=[1, '', 0]
[rosmaster.master][INFO] 2025-08-11 14:55:29,912: publisherUpdate[/rosout] -> http://localhost:45485/ ['http://localhost:36585/', 'http://localhost:46755/']
[rosmaster.master][INFO] 2025-08-11 14:55:29,914: +SERVICE [/rosapi/service_response_details] /rosapi http://localhost:46755/
[rosmaster.master][INFO] 2025-08-11 14:55:29,916: publisherUpdate[/rosout] -> http://localhost:45485/ ['http://localhost:36585/', 'http://localhost:46755/']: sec=0.00, result=[1, '', 0]
[rosmaster.master][INFO] 2025-08-11 14:55:29,918: +SERVICE [/rosapi/set_param] /rosapi http://localhost:46755/
[rosmaster.master][INFO] 2025-08-11 14:55:29,921: +SERVICE [/rosapi/get_param] /rosapi http://localhost:46755/
[rosmaster.master][INFO] 2025-08-11 14:55:29,924: +SERVICE [/rosapi/has_param] /rosapi http://localhost:46755/
[rosmaster.master][INFO] 2025-08-11 14:55:29,927: +SERVICE [/rosapi/search_param] /rosapi http://localhost:46755/
[rosmaster.master][INFO] 2025-08-11 14:55:29,930: +SERVICE [/rosapi/delete_param] /rosapi http://localhost:46755/
[rosmaster.master][INFO] 2025-08-11 14:55:29,933: +SERVICE [/rosapi/get_param_names] /rosapi http://localhost:46755/
[rosmaster.master][INFO] 2025-08-11 14:55:29,936: +SERVICE [/rosapi/get_time] /rosapi http://localhost:46755/
[rosmaster.master][INFO] 2025-08-11 14:55:29,939: +SERVICE [/rosapi/topics_and_raw_types] /rosapi http://localhost:46755/
[rosmaster.master][INFO] 2025-08-11 14:55:29,942: +CACHEDPARAM [/rosout_disable_topics_generation] by /rosapi
[rosmaster.master][INFO] 2025-08-11 14:55:30,127: +CACHEDPARAM [/rosout/omit_topics] by /rosout
[rosmaster.master][INFO] 2025-08-11 14:55:30,353: +PUB [/kelpie/leg_control/currents] /hardware http://localhost:41913/
[rosmaster.master][INFO] 2025-08-11 14:55:30,356: +PUB [/kelpie/battery/voltage] /hardware http://localhost:41913/
[rosmaster.master][INFO] 2025-08-11 14:55:30,359: +PUB [/kelpie/imu] /hardware http://localhost:41913/
[rosmaster.master][INFO] 2025-08-11 14:55:30,386: publisherUpdate[/kelpie/leg_control/currents] -> http://localhost:36585/ ['http://localhost:41913/']
[rosmaster.master][INFO] 2025-08-11 14:55:30,410: publisherUpdate[/kelpie/leg_control/currents] -> http://localhost:36585/ ['http://localhost:41913/']: sec=0.02, result=[1, '', 0]
[rosmaster.master][INFO] 2025-08-11 14:55:30,410: publisherUpdate[/kelpie/battery/voltage] -> http://localhost:36585/ ['http://localhost:41913/']
[rosmaster.master][INFO] 2025-08-11 14:55:30,417: publisherUpdate[/kelpie/battery/voltage] -> http://localhost:36585/ ['http://localhost:41913/']: sec=0.01, result=[1, '', 0]
[rosmaster.master][INFO] 2025-08-11 14:55:30,417: publisherUpdate[/kelpie/imu] -> http://localhost:36585/ ['http://localhost:41913/']
[rosmaster.master][INFO] 2025-08-11 14:55:30,429: publisherUpdate[/kelpie/imu] -> http://localhost:36585/ ['http://localhost:41913/']: sec=0.01, result=[1, '', 0]
[rosmaster.master][INFO] 2025-08-11 14:55:30,440: +PUB [/rosout] /hardware http://localhost:41913/
[rosmaster.master][INFO] 2025-08-11 14:55:30,446: +SERVICE [/hardware/get_loggers] /hardware http://localhost:41913/
[rosmaster.master][INFO] 2025-08-11 14:55:30,449: +SERVICE [/hardware/set_logger_level] /hardware http://localhost:41913/
[rosmaster.master][INFO] 2025-08-11 14:55:30,455: +PUB [/rosout] /rosbridge_websocket http://localhost:42861/
[rosmaster.master][INFO] 2025-08-11 14:55:30,462: +SERVICE [/rosbridge_websocket/get_loggers] /rosbridge_websocket http://localhost:42861/
[rosmaster.master][INFO] 2025-08-11 14:55:30,465: +SERVICE [/rosbridge_websocket/set_logger_level] /rosbridge_websocket http://localhost:42861/
[rosmaster.master][INFO] 2025-08-11 14:55:30,486: publisherUpdate[/rosout] -> http://localhost:45485/ ['http://localhost:36585/', 'http://localhost:46755/', 'http://localhost:41913/']
[rosmaster.master][INFO] 2025-08-11 14:55:30,490: publisherUpdate[/rosout] -> http://localhost:45485/ ['http://localhost:36585/', 'http://localhost:46755/', 'http://localhost:41913/']: sec=0.00, result=[1, '', 0]
[rosmaster.master][INFO] 2025-08-11 14:55:30,490: publisherUpdate[/rosout] -> http://localhost:45485/ ['http://localhost:36585/', 'http://localhost:46755/', 'http://localhost:41913/', 'http://localhost:42861/']
[rosmaster.master][INFO] 2025-08-11 14:55:30,493: publisherUpdate[/rosout] -> http://localhost:45485/ ['http://localhost:36585/', 'http://localhost:46755/', 'http://localhost:41913/', 'http://localhost:42861/']: sec=0.00, result=[1, '', 0]
[rosmaster.master][INFO] 2025-08-11 14:55:30,508: +PUB [/client_count] /rosbridge_websocket http://localhost:42861/
[rosmaster.master][INFO] 2025-08-11 14:55:30,511: +PUB [/connected_clients] /rosbridge_websocket http://localhost:42861/
[rosmaster.master][INFO] 2025-08-11 14:55:30,521: +SUB [/kelpie/leg_control/joint_states] /hardware http://localhost:41913/
[rosmaster.master][INFO] 2025-08-11 14:55:30,522: +PARAM [/rosbridge_websocket/actual_port] by /rosbridge_websocket
[rosmaster.master][INFO] 2025-08-11 14:55:30,529: +CACHEDPARAM [/rosout_disable_topics_generation] by /rosbridge_websocket
[rosmaster.master][INFO] 2025-08-11 14:55:30,531: +SUB [/joy] /hardware http://localhost:41913/
[rosmaster.master][INFO] 2025-08-11 14:55:30,534: +PUB [/kelpie/command_input] /hardware http://localhost:41913/
[rosmaster.master][INFO] 2025-08-11 14:55:30,595: publisherUpdate[/kelpie/command_input] -> http://localhost:36585/ ['http://localhost:41913/']
[rosmaster.master][INFO] 2025-08-11 14:55:30,643: publisherUpdate[/kelpie/command_input] -> http://localhost:36585/ ['http://localhost:41913/']: sec=0.05, result=[1, '', 0]
[rosmaster.master][INFO] 2025-08-11 14:56:01,154: -SUB [/kelpie/leg_control/joint_states] /hardware http://localhost:41913/
[rosmaster.master][INFO] 2025-08-11 14:56:01,156: -PUB [/rosout] /rosbridge_websocket http://localhost:42861/
[rosmaster.master][INFO] 2025-08-11 14:56:01,160: -SUB [/joy] /hardware http://localhost:41913/
[rosmaster.master][INFO] 2025-08-11 14:56:01,160: -PUB [/rosout] /rosapi http://localhost:46755/
[rosmaster.master][INFO] 2025-08-11 14:56:01,160: -PUB [/client_count] /rosbridge_websocket http://localhost:42861/
[rosmaster.master][INFO] 2025-08-11 14:56:01,161: -PUB [/kelpie/leg_control/currents] /hardware http://localhost:41913/
[rosmaster.master][INFO] 2025-08-11 14:56:01,161: -SERVICE [/rosapi/get_loggers] /rosapi rosrpc://localhost:40015
[rosmaster.master][INFO] 2025-08-11 14:56:01,161: -PUB [/connected_clients] /rosbridge_websocket http://localhost:42861/
[rosmaster.master][INFO] 2025-08-11 14:56:01,162: -PUB [/kelpie/battery/voltage] /hardware http://localhost:41913/
[rosmaster.master][INFO] 2025-08-11 14:56:01,162: -SERVICE [/rosapi/set_logger_level] /rosapi rosrpc://localhost:40015
[rosmaster.master][INFO] 2025-08-11 14:56:01,162: -SERVICE [/rosbridge_websocket/get_loggers] /rosbridge_websocket rosrpc://localhost:33813
[rosmaster.master][INFO] 2025-08-11 14:56:01,162: -PUB [/kelpie/imu] /hardware http://localhost:41913/
[rosmaster.master][INFO] 2025-08-11 14:56:01,162: -SERVICE [/rosapi/topics] /rosapi rosrpc://localhost:40015
[rosmaster.master][INFO] 2025-08-11 14:56:01,163: -SERVICE [/rosbridge_websocket/set_logger_level] /rosbridge_websocket rosrpc://localhost:33813
[rosmaster.master][INFO] 2025-08-11 14:56:01,163: publisherUpdate[/rosout] -> http://localhost:45485/ ['http://localhost:36585/', 'http://localhost:46755/', 'http://localhost:41913/']
[rosmaster.master][INFO] 2025-08-11 14:56:01,164: -PUB [/rosout] /hardware http://localhost:41913/
[rosmaster.master][INFO] 2025-08-11 14:56:01,165: -SERVICE [/rosapi/topics_for_type] /rosapi rosrpc://localhost:40015
[rosmaster.master][INFO] 2025-08-11 14:56:01,166: publisherUpdate[/rosout] -> http://localhost:45485/ ['http://localhost:36585/', 'http://localhost:46755/', 'http://localhost:41913/']: sec=0.00, result=[1, '', 0]
[rosmaster.master][INFO] 2025-08-11 14:56:01,167: -PUB [/kelpie/command_input] /hardware http://localhost:41913/
[rosmaster.master][INFO] 2025-08-11 14:56:01,167: publisherUpdate[/rosout] -> http://localhost:45485/ ['http://localhost:36585/', 'http://localhost:41913/']
[rosmaster.master][INFO] 2025-08-11 14:56:01,168: -SERVICE [/rosapi/services] /rosapi rosrpc://localhost:40015
[rosmaster.master][INFO] 2025-08-11 14:56:01,169: -SERVICE [/hardware/get_loggers] /hardware rosrpc://localhost:38699
[rosmaster.master][INFO] 2025-08-11 14:56:01,170: publisherUpdate[/rosout] -> http://localhost:45485/ ['http://localhost:36585/', 'http://localhost:41913/']: sec=0.00, result=[1, '', 0]
[rosmaster.master][INFO] 2025-08-11 14:56:01,170: -SERVICE [/rosapi/services_for_type] /rosapi rosrpc://localhost:40015
[rosmaster.master][INFO] 2025-08-11 14:56:01,170: publisherUpdate[/kelpie/leg_control/currents] -> http://localhost:36585/ []
[rosmaster.master][INFO] 2025-08-11 14:56:01,171: -SERVICE [/hardware/set_logger_level] /hardware rosrpc://localhost:38699
[rosmaster.master][INFO] 2025-08-11 14:56:01,173: -SERVICE [/rosapi/nodes] /rosapi rosrpc://localhost:40015
[rosmaster.master][INFO] 2025-08-11 14:56:01,173: publisherUpdate[/rosout] -> http://localhost:45485/ ['http://localhost:36585/']
[rosmaster.master][INFO] 2025-08-11 14:56:01,173: -SERVICE [/rosapi/node_details] /rosapi rosrpc://localhost:40015
[rosmaster.master][INFO] 2025-08-11 14:56:01,175: -SERVICE [/rosapi/action_servers] /rosapi rosrpc://localhost:40015
[rosmaster.master][INFO] 2025-08-11 14:56:01,176: -SERVICE [/rosapi/topic_type] /rosapi rosrpc://localhost:40015
[rosmaster.master][INFO] 2025-08-11 14:56:01,176: -SERVICE [/rosapi/service_type] /rosapi rosrpc://localhost:40015
[rosmaster.master][INFO] 2025-08-11 14:56:01,179: publisherUpdate[/rosout] -> http://localhost:45485/ ['http://localhost:36585/']: sec=0.01, result=[1, '', 0]
[rosmaster.master][INFO] 2025-08-11 14:56:01,180: -SERVICE [/rosapi/publishers] /rosapi rosrpc://localhost:40015
[rosmaster.master][INFO] 2025-08-11 14:56:01,181: -SERVICE [/rosapi/subscribers] /rosapi rosrpc://localhost:40015
[rosmaster.master][INFO] 2025-08-11 14:56:01,182: -SERVICE [/rosapi/service_providers] /rosapi rosrpc://localhost:40015
[rosmaster.master][INFO] 2025-08-11 14:56:01,182: -SERVICE [/rosapi/service_node] /rosapi rosrpc://localhost:40015
[rosmaster.master][INFO] 2025-08-11 14:56:01,183: -SERVICE [/rosapi/service_host] /rosapi rosrpc://localhost:40015
[rosmaster.master][INFO] 2025-08-11 14:56:01,183: -SERVICE [/rosapi/message_details] /rosapi rosrpc://localhost:40015
[rosmaster.master][INFO] 2025-08-11 14:56:01,184: -SERVICE [/rosapi/service_request_details] /rosapi rosrpc://localhost:40015
[rosmaster.master][INFO] 2025-08-11 14:56:01,185: -SERVICE [/rosapi/service_response_details] /rosapi rosrpc://localhost:40015
[rosmaster.master][INFO] 2025-08-11 14:56:01,185: -SERVICE [/rosapi/set_param] /rosapi rosrpc://localhost:40015
[rosmaster.master][INFO] 2025-08-11 14:56:01,186: -SERVICE [/rosapi/get_param] /rosapi rosrpc://localhost:40015
[rosmaster.master][INFO] 2025-08-11 14:56:01,187: publisherUpdate[/kelpie/leg_control/currents] -> http://localhost:36585/ []: sec=0.02, result=[1, '', 0]
[rosmaster.master][INFO] 2025-08-11 14:56:01,187: -SERVICE [/rosapi/has_param] /rosapi rosrpc://localhost:40015
[rosmaster.master][INFO] 2025-08-11 14:56:01,188: publisherUpdate[/kelpie/battery/voltage] -> http://localhost:36585/ []
[rosmaster.master][INFO] 2025-08-11 14:56:01,188: -SERVICE [/rosapi/search_param] /rosapi rosrpc://localhost:40015
[rosmaster.master][INFO] 2025-08-11 14:56:01,189: -SERVICE [/rosapi/delete_param] /rosapi rosrpc://localhost:40015
[rosmaster.master][INFO] 2025-08-11 14:56:01,189: -SERVICE [/rosapi/get_param_names] /rosapi rosrpc://localhost:40015
[rosmaster.master][INFO] 2025-08-11 14:56:01,190: -SERVICE [/rosapi/get_time] /rosapi rosrpc://localhost:40015
[rosmaster.master][INFO] 2025-08-11 14:56:01,190: publisherUpdate[/kelpie/battery/voltage] -> http://localhost:36585/ []: sec=0.00, result=[1, '', 0]
[rosmaster.master][INFO] 2025-08-11 14:56:01,191: -SERVICE [/rosapi/topics_and_raw_types] /rosapi rosrpc://localhost:40015
[rosmaster.master][INFO] 2025-08-11 14:56:01,191: publisherUpdate[/kelpie/imu] -> http://localhost:36585/ []
[rosmaster.master][INFO] 2025-08-11 14:56:01,194: publisherUpdate[/kelpie/imu] -> http://localhost:36585/ []: sec=0.00, result=[1, '', 0]
[rosmaster.master][INFO] 2025-08-11 14:56:01,195: publisherUpdate[/kelpie/command_input] -> http://localhost:36585/ []
[rosmaster.master][INFO] 2025-08-11 14:56:01,197: publisherUpdate[/kelpie/command_input] -> http://localhost:36585/ []: sec=0.00, result=[1, '', 0]
[rosmaster.master][INFO] 2025-08-11 14:56:16,182: -SUB [/kelpie/imu] /kelpie http://localhost:36585/
[rosmaster.master][INFO] 2025-08-11 14:56:16,182: -SUB [/kelpie/leg_control/currents] /kelpie http://localhost:36585/
[rosmaster.master][INFO] 2025-08-11 14:56:16,183: -SUB [/kelpie/battery/voltage] /kelpie http://localhost:36585/
[rosmaster.master][INFO] 2025-08-11 14:56:16,183: -SUB [/kelpie/command_input] /kelpie http://localhost:36585/
[rosmaster.master][INFO] 2025-08-11 14:56:16,183: -PUB [/rosout] /kelpie http://localhost:36585/
[rosmaster.master][INFO] 2025-08-11 14:56:16,183: -PUB [/kelpie/leg_control/joint_states] /kelpie http://localhost:36585/
[rosmaster.master][INFO] 2025-08-11 14:56:16,183: -SERVICE [/kelpie/get_loggers] /kelpie rosrpc://localhost:42447
[rosmaster.master][INFO] 2025-08-11 14:56:16,184: -SERVICE [/kelpie/set_logger_level] /kelpie rosrpc://localhost:42447
[rosmaster.master][INFO] 2025-08-11 14:56:16,202: publisherUpdate[/rosout] -> http://localhost:45485/ []
[rosmaster.master][INFO] 2025-08-11 14:56:16,204: publisherUpdate[/rosout] -> http://localhost:45485/ []: sec=0.00, result=[1, '', 0]
[rosmaster.master][INFO] 2025-08-11 14:56:18,207: -PUB [/rosout_agg] /rosout http://localhost:45485/
[rosmaster.master][INFO] 2025-08-11 14:56:18,209: -SUB [/rosout] /rosout http://localhost:45485/
[rosmaster.master][INFO] 2025-08-11 14:56:18,210: -SERVICE [/rosout/get_loggers] /rosout rosrpc://localhost:41697
[rosmaster.master][INFO] 2025-08-11 14:56:18,212: -SERVICE [/rosout/set_logger_level] /rosout rosrpc://localhost:41697
[rosmaster.master][INFO] 2025-08-11 14:56:18,213: -CACHEDPARAM [/rosout/omit_topics] by /rosout
[rosmaster.main][INFO] 2025-08-11 14:56:18,289: keyboard interrupt, will exit
[rosmaster.main][INFO] 2025-08-11 14:56:18,290: stopping master...
[rospy.core][INFO] 2025-08-11 14:56:18,291: signal_shutdown [atexit]
