[rospy.client][INFO] 2025-08-11 14:10:09,387: init_node, name[/kelpie], pid[4235]
[xmlrpc][INFO] 2025-08-11 14:10:09,388: XML-RPC server binding to 127.0.0.1:0
[xmlrpc][INFO] 2025-08-11 14:10:09,390: Started XML-RPC server [http://localhost:43007/]
[rospy.init][INFO] 2025-08-11 14:10:09,390: ROS Slave URI: [http://localhost:43007/]
[rospy.impl.masterslave][INFO] 2025-08-11 14:10:09,391: _ready: http://localhost:43007/
[rospy.registration][INFO] 2025-08-11 14:10:09,394: Registering with master node http://localhost:11311
[xmlrpc][INFO] 2025-08-11 14:10:09,394: xml rpc node: starting XML-RPC server
[rospy.init][INFO] 2025-08-11 14:10:09,492: registered with master
[rospy.rosout][INFO] 2025-08-11 14:10:09,493: initializing /rosout core topic
[rospy.rosout][INFO] 2025-08-11 14:10:09,514: connected to core topic /rosout
[rospy.simtime][INFO] 2025-08-11 14:10:09,520: /use_sim_time is not set, will not subscribe to simulated time [/clock] topic
[rosout][INFO] 2025-08-11 14:10:09,575: Creating input listener...
[rosout][INFO] 2025-08-11 14:10:09,590: Input listener successfully initialised... Robot will now receive commands via Joy messages
[rosout][INFO] 2025-08-11 14:10:09,596: Summary of current gait parameters:
[rosout][INFO] 2025-08-11 14:10:09,602: overlap time: 0.04
[rosout][INFO] 2025-08-11 14:10:09,607: swing time: 0.07
[rosout][INFO] 2025-08-11 14:10:09,612: z clearance: 0.08
[rosout][INFO] 2025-08-11 14:10:09,617: back leg x shift: 0.00
[rosout][INFO] 2025-08-11 14:10:09,621: front leg x shift: 0.05
[rosout][INFO] 2025-08-11 14:10:09,627: Manual robot control active. Currently not accepting external commands
[rospy.internal][INFO] 2025-08-11 14:10:09,802: topic[/rosout] adding connection to [/rosout], count 0
[rospy.core][INFO] 2025-08-11 14:10:50,217: signal_shutdown [signal-15]
[rospy.internal][INFO] 2025-08-11 14:10:50,232: topic[/rosout] removing connection to /rosout
[rospy.impl.masterslave][INFO] 2025-08-11 14:10:50,233: signal-15
