[rosmaster.main][INFO] 2025-08-11 14:10:07,542: initialization complete, waiting for shutdown
[rosmaster.main][INFO] 2025-08-11 14:10:07,542: Starting ROS Master Node
[xmlrpc][INFO] 2025-08-11 14:10:07,545: XML-RPC server binding to 127.0.0.1:11311
[xmlrpc][INFO] 2025-08-11 14:10:07,546: Started XML-RPC server [http://localhost:11311/]
[rosmaster.master][INFO] 2025-08-11 14:10:07,546: Master initialized: port[11311], uri[http://localhost:11311/]
[xmlrpc][INFO] 2025-08-11 14:10:07,546: xml rpc node: starting XML-RPC server
[rosmaster.master][INFO] 2025-08-11 14:10:07,666: +PARAM [/run_id] by /roslaunch
[rosmaster.master][INFO] 2025-08-11 14:10:07,669: +PARAM [/roslaunch/uris/host_localhost__42567] by /roslaunch
[rosmaster.master][INFO] 2025-08-11 14:10:07,805: +PARAM [/rosversion] by /roslaunch
[rosmaster.master][INFO] 2025-08-11 14:10:07,805: +PARAM [/rosdistro] by /roslaunch
[rosmaster.master][INFO] 2025-08-11 14:10:07,806: +PARAM [/rosbridge_websocket/authenticate] by /roslaunch
[rosmaster.master][INFO] 2025-08-11 14:10:07,806: +PARAM [/rosbridge_websocket/port] by /roslaunch
[rosmaster.master][INFO] 2025-08-11 14:10:07,806: +PARAM [/rosbridge_websocket/address] by /roslaunch
[rosmaster.master][INFO] 2025-08-11 14:10:07,806: +PARAM [/rosbridge_websocket/retry_startup_delay] by /roslaunch
[rosmaster.master][INFO] 2025-08-11 14:10:07,807: +PARAM [/rosbridge_websocket/fragment_timeout] by /roslaunch
[rosmaster.master][INFO] 2025-08-11 14:10:07,807: +PARAM [/rosbridge_websocket/delay_between_messages] by /roslaunch
[rosmaster.master][INFO] 2025-08-11 14:10:07,807: +PARAM [/rosbridge_websocket/max_message_size] by /roslaunch
[rosmaster.master][INFO] 2025-08-11 14:10:07,807: +PARAM [/rosbridge_websocket/unregister_timeout] by /roslaunch
[rosmaster.master][INFO] 2025-08-11 14:10:07,808: +PARAM [/rosbridge_websocket/use_compression] by /roslaunch
[rosmaster.master][INFO] 2025-08-11 14:10:07,808: +PARAM [/rosbridge_websocket/websocket_ping_interval] by /roslaunch
[rosmaster.master][INFO] 2025-08-11 14:10:07,808: +PARAM [/rosbridge_websocket/websocket_ping_timeout] by /roslaunch
[rosmaster.master][INFO] 2025-08-11 14:10:07,808: +PARAM [/rosbridge_websocket/websocket_external_port] by /roslaunch
[rosmaster.master][INFO] 2025-08-11 14:10:07,808: +PARAM [/rosbridge_websocket/topics_glob] by /roslaunch
[rosmaster.master][INFO] 2025-08-11 14:10:07,809: +PARAM [/rosbridge_websocket/services_glob] by /roslaunch
[rosmaster.master][INFO] 2025-08-11 14:10:07,809: +PARAM [/rosbridge_websocket/params_glob] by /roslaunch
[rosmaster.master][INFO] 2025-08-11 14:10:07,809: +PARAM [/rosbridge_websocket/bson_only_mode] by /roslaunch
[rosmaster.master][INFO] 2025-08-11 14:10:07,809: +PARAM [/rosapi/topics_glob] by /roslaunch
[rosmaster.master][INFO] 2025-08-11 14:10:07,810: +PARAM [/rosapi/services_glob] by /roslaunch
[rosmaster.master][INFO] 2025-08-11 14:10:07,811: +PARAM [/rosapi/params_glob] by /roslaunch
[rosmaster.master][INFO] 2025-08-11 14:10:07,812: +PARAM [/JOYSTICK/autorepeat_rate] by /roslaunch
[rosmaster.master][INFO] 2025-08-11 14:10:07,812: +PARAM [/JOYSTICK/joy_node/dev] by /roslaunch
[rosmaster.master][INFO] 2025-08-11 14:10:07,814: +SERVICE [/rosout/get_loggers] /rosout http://localhost:41107/
[rosmaster.master][INFO] 2025-08-11 14:10:07,816: +SERVICE [/rosout/set_logger_level] /rosout http://localhost:41107/
[rosmaster.master][INFO] 2025-08-11 14:10:07,822: +PUB [/rosout_agg] /rosout http://localhost:41107/
[rosmaster.master][INFO] 2025-08-11 14:10:07,834: +SUB [/rosout] /rosout http://localhost:41107/
[rosmaster.master][INFO] 2025-08-11 14:10:08,071: +PUB [/rosout] /JOYSTICK http://localhost:40601/
[rosmaster.master][INFO] 2025-08-11 14:10:08,084: +SERVICE [/JOYSTICK/get_loggers] /JOYSTICK http://localhost:40601/
[rosmaster.master][INFO] 2025-08-11 14:10:08,086: +SERVICE [/JOYSTICK/set_logger_level] /JOYSTICK http://localhost:40601/
[rosmaster.master][INFO] 2025-08-11 14:10:08,091: +PUB [/diagnostics] /JOYSTICK http://localhost:40601/
[rosmaster.master][INFO] 2025-08-11 14:10:08,093: +CACHEDPARAM [/JOYSTICK/diagnostic_period] by /JOYSTICK
[rosmaster.master][INFO] 2025-08-11 14:10:08,110: +PUB [/joy] /JOYSTICK http://localhost:40601/
[rosmaster.master][INFO] 2025-08-11 14:10:08,120: +SUB [/joy/set_feedback] /JOYSTICK http://localhost:40601/
[rosmaster.master][INFO] 2025-08-11 14:10:08,145: publisherUpdate[/rosout] -> http://localhost:41107/ ['http://localhost:40601/']
[rosmaster.master][INFO] 2025-08-11 14:10:08,161: +CACHEDPARAM [/rosout_disable_topics_generation] by /JOYSTICK
[rosmaster.master][INFO] 2025-08-11 14:10:08,164: publisherUpdate[/rosout] -> http://localhost:41107/ ['http://localhost:40601/']: sec=0.02, result=[1, '', 0]
[rosmaster.master][INFO] 2025-08-11 14:10:09,510: +PUB [/rosout] /kelpie http://localhost:43007/
[rosmaster.master][INFO] 2025-08-11 14:10:09,516: +PUB [/rosout] /rosapi http://localhost:38905/
[rosmaster.master][INFO] 2025-08-11 14:10:09,524: +SERVICE [/kelpie/get_loggers] /kelpie http://localhost:43007/
[rosmaster.master][INFO] 2025-08-11 14:10:09,527: +SERVICE [/rosapi/get_loggers] /rosapi http://localhost:38905/
[rosmaster.master][INFO] 2025-08-11 14:10:09,534: +SERVICE [/kelpie/set_logger_level] /kelpie http://localhost:43007/
[rosmaster.master][INFO] 2025-08-11 14:10:09,536: +SERVICE [/rosapi/set_logger_level] /rosapi http://localhost:38905/
[rosmaster.master][INFO] 2025-08-11 14:10:09,541: +SUB [/kelpie/imu] /kelpie http://localhost:43007/
[rosmaster.master][INFO] 2025-08-11 14:10:09,548: +SUB [/kelpie/leg_control/currents] /kelpie http://localhost:43007/
[rosmaster.master][INFO] 2025-08-11 14:10:09,550: +SERVICE [/rosapi/topics] /rosapi http://localhost:38905/
[rosmaster.master][INFO] 2025-08-11 14:10:09,554: +SERVICE [/rosapi/topics_for_type] /rosapi http://localhost:38905/
[rosmaster.master][INFO] 2025-08-11 14:10:09,556: +SUB [/kelpie/battery/voltage] /kelpie http://localhost:43007/
[rosmaster.master][INFO] 2025-08-11 14:10:09,557: publisherUpdate[/rosout] -> http://localhost:41107/ ['http://localhost:40601/', 'http://localhost:43007/']
[rosmaster.master][INFO] 2025-08-11 14:10:09,561: +PUB [/kelpie/leg_control/joint_states] /kelpie http://localhost:43007/
[rosmaster.master][INFO] 2025-08-11 14:10:09,563: publisherUpdate[/rosout] -> http://localhost:41107/ ['http://localhost:40601/', 'http://localhost:43007/']: sec=0.01, result=[1, '', 0]
[rosmaster.master][INFO] 2025-08-11 14:10:09,564: publisherUpdate[/rosout] -> http://localhost:41107/ ['http://localhost:40601/', 'http://localhost:43007/', 'http://localhost:38905/']
[rosmaster.master][INFO] 2025-08-11 14:10:09,568: publisherUpdate[/rosout] -> http://localhost:41107/ ['http://localhost:40601/', 'http://localhost:43007/', 'http://localhost:38905/']: sec=0.00, result=[1, '', 0]
[rosmaster.master][INFO] 2025-08-11 14:10:09,568: +SERVICE [/rosapi/services] /rosapi http://localhost:38905/
[rosmaster.master][INFO] 2025-08-11 14:10:09,572: +SERVICE [/rosapi/services_for_type] /rosapi http://localhost:38905/
[rosmaster.master][INFO] 2025-08-11 14:10:09,575: +SERVICE [/rosapi/nodes] /rosapi http://localhost:38905/
[rosmaster.master][INFO] 2025-08-11 14:10:09,577: +CACHEDPARAM [/rosout_disable_topics_generation] by /kelpie
[rosmaster.master][INFO] 2025-08-11 14:10:09,581: +SERVICE [/rosapi/node_details] /rosapi http://localhost:38905/
[rosmaster.master][INFO] 2025-08-11 14:10:09,587: +SUB [/kelpie/command_input] /kelpie http://localhost:43007/
[rosmaster.master][INFO] 2025-08-11 14:10:09,589: +SERVICE [/rosapi/action_servers] /rosapi http://localhost:38905/
[rosmaster.master][INFO] 2025-08-11 14:10:09,593: +CACHEDPARAM [/rosout_disable_topics_generation] by /kelpie
[rosmaster.master][INFO] 2025-08-11 14:10:09,594: +SERVICE [/rosapi/topic_type] /rosapi http://localhost:38905/
[rosmaster.master][INFO] 2025-08-11 14:10:09,599: +CACHEDPARAM [/rosout_disable_topics_generation] by /kelpie
[rosmaster.master][INFO] 2025-08-11 14:10:09,600: +SERVICE [/rosapi/service_type] /rosapi http://localhost:38905/
[rosmaster.master][INFO] 2025-08-11 14:10:09,604: +CACHEDPARAM [/rosout_disable_topics_generation] by /kelpie
[rosmaster.master][INFO] 2025-08-11 14:10:09,606: +SERVICE [/rosapi/publishers] /rosapi http://localhost:38905/
[rosmaster.master][INFO] 2025-08-11 14:10:09,609: +CACHEDPARAM [/rosout_disable_topics_generation] by /kelpie
[rosmaster.master][INFO] 2025-08-11 14:10:09,612: +SERVICE [/rosapi/subscribers] /rosapi http://localhost:38905/
[rosmaster.master][INFO] 2025-08-11 14:10:09,614: +CACHEDPARAM [/rosout_disable_topics_generation] by /kelpie
[rosmaster.master][INFO] 2025-08-11 14:10:09,616: +SERVICE [/rosapi/service_providers] /rosapi http://localhost:38905/
[rosmaster.master][INFO] 2025-08-11 14:10:09,619: +CACHEDPARAM [/rosout_disable_topics_generation] by /kelpie
[rosmaster.master][INFO] 2025-08-11 14:10:09,621: +SERVICE [/rosapi/service_node] /rosapi http://localhost:38905/
[rosmaster.master][INFO] 2025-08-11 14:10:09,624: +CACHEDPARAM [/rosout_disable_topics_generation] by /kelpie
[rosmaster.master][INFO] 2025-08-11 14:10:09,626: +SERVICE [/rosapi/service_host] /rosapi http://localhost:38905/
[rosmaster.master][INFO] 2025-08-11 14:10:09,632: +CACHEDPARAM [/rosout_disable_topics_generation] by /kelpie
[rosmaster.master][INFO] 2025-08-11 14:10:09,634: +SERVICE [/rosapi/message_details] /rosapi http://localhost:38905/
[rosmaster.master][INFO] 2025-08-11 14:10:09,638: +SERVICE [/rosapi/service_request_details] /rosapi http://localhost:38905/
[rosmaster.master][INFO] 2025-08-11 14:10:09,642: +SERVICE [/rosapi/service_response_details] /rosapi http://localhost:38905/
[rosmaster.master][INFO] 2025-08-11 14:10:09,646: +SERVICE [/rosapi/set_param] /rosapi http://localhost:38905/
[rosmaster.master][INFO] 2025-08-11 14:10:09,650: +SERVICE [/rosapi/get_param] /rosapi http://localhost:38905/
[rosmaster.master][INFO] 2025-08-11 14:10:09,653: +SERVICE [/rosapi/has_param] /rosapi http://localhost:38905/
[rosmaster.master][INFO] 2025-08-11 14:10:09,657: +SERVICE [/rosapi/search_param] /rosapi http://localhost:38905/
[rosmaster.master][INFO] 2025-08-11 14:10:09,660: +SERVICE [/rosapi/delete_param] /rosapi http://localhost:38905/
[rosmaster.master][INFO] 2025-08-11 14:10:09,664: +SERVICE [/rosapi/get_param_names] /rosapi http://localhost:38905/
[rosmaster.master][INFO] 2025-08-11 14:10:09,671: +SERVICE [/rosapi/get_time] /rosapi http://localhost:38905/
[rosmaster.master][INFO] 2025-08-11 14:10:09,675: +SERVICE [/rosapi/topics_and_raw_types] /rosapi http://localhost:38905/
[rosmaster.master][INFO] 2025-08-11 14:10:09,680: +CACHEDPARAM [/rosout_disable_topics_generation] by /rosapi
[rosmaster.master][INFO] 2025-08-11 14:10:09,783: +CACHEDPARAM [/rosout/omit_topics] by /rosout
[rosmaster.master][INFO] 2025-08-11 14:10:10,383: +PUB [/rosout] /rosbridge_websocket http://localhost:34749/
[rosmaster.master][INFO] 2025-08-11 14:10:10,389: +SERVICE [/rosbridge_websocket/get_loggers] /rosbridge_websocket http://localhost:34749/
[rosmaster.master][INFO] 2025-08-11 14:10:10,392: +SERVICE [/rosbridge_websocket/set_logger_level] /rosbridge_websocket http://localhost:34749/
[rosmaster.master][INFO] 2025-08-11 14:10:10,423: +PUB [/client_count] /rosbridge_websocket http://localhost:34749/
[rosmaster.master][INFO] 2025-08-11 14:10:10,426: +PUB [/connected_clients] /rosbridge_websocket http://localhost:34749/
[rosmaster.master][INFO] 2025-08-11 14:10:10,434: +PARAM [/rosbridge_websocket/actual_port] by /rosbridge_websocket
[rosmaster.master][INFO] 2025-08-11 14:10:10,440: +CACHEDPARAM [/rosout_disable_topics_generation] by /rosbridge_websocket
[rosmaster.master][INFO] 2025-08-11 14:10:10,459: publisherUpdate[/rosout] -> http://localhost:41107/ ['http://localhost:40601/', 'http://localhost:43007/', 'http://localhost:38905/', 'http://localhost:34749/']
[rosmaster.master][INFO] 2025-08-11 14:10:10,462: publisherUpdate[/rosout] -> http://localhost:41107/ ['http://localhost:40601/', 'http://localhost:43007/', 'http://localhost:38905/', 'http://localhost:34749/']: sec=0.00, result=[1, '', 0]
[rosmaster.master][INFO] 2025-08-11 14:10:35,187: -PUB [/rosout] /rosbridge_websocket http://localhost:34749/
[rosmaster.master][INFO] 2025-08-11 14:10:35,191: -PUB [/rosout] /rosapi http://localhost:38905/
[rosmaster.master][INFO] 2025-08-11 14:10:35,191: -PUB [/client_count] /rosbridge_websocket http://localhost:34749/
[rosmaster.master][INFO] 2025-08-11 14:10:35,191: -SERVICE [/rosapi/get_loggers] /rosapi rosrpc://localhost:39035
[rosmaster.master][INFO] 2025-08-11 14:10:35,191: -PUB [/connected_clients] /rosbridge_websocket http://localhost:34749/
[rosmaster.master][INFO] 2025-08-11 14:10:35,192: -SERVICE [/rosapi/set_logger_level] /rosapi rosrpc://localhost:39035
[rosmaster.master][INFO] 2025-08-11 14:10:35,192: -SERVICE [/rosbridge_websocket/get_loggers] /rosbridge_websocket rosrpc://localhost:39645
[rosmaster.master][INFO] 2025-08-11 14:10:35,192: -SERVICE [/rosapi/topics] /rosapi rosrpc://localhost:39035
[rosmaster.master][INFO] 2025-08-11 14:10:35,192: -SERVICE [/rosbridge_websocket/set_logger_level] /rosbridge_websocket rosrpc://localhost:39645
[rosmaster.master][INFO] 2025-08-11 14:10:35,193: -SERVICE [/rosapi/topics_for_type] /rosapi rosrpc://localhost:39035
[rosmaster.master][INFO] 2025-08-11 14:10:35,193: -SERVICE [/rosapi/services] /rosapi rosrpc://localhost:39035
[rosmaster.master][INFO] 2025-08-11 14:10:35,194: -SERVICE [/rosapi/services_for_type] /rosapi rosrpc://localhost:39035
[rosmaster.master][INFO] 2025-08-11 14:10:35,194: -SERVICE [/rosapi/nodes] /rosapi rosrpc://localhost:39035
[rosmaster.master][INFO] 2025-08-11 14:10:35,194: -SERVICE [/rosapi/node_details] /rosapi rosrpc://localhost:39035
[rosmaster.master][INFO] 2025-08-11 14:10:35,195: publisherUpdate[/rosout] -> http://localhost:41107/ ['http://localhost:40601/', 'http://localhost:43007/', 'http://localhost:38905/']
[rosmaster.master][INFO] 2025-08-11 14:10:35,195: -SERVICE [/rosapi/action_servers] /rosapi rosrpc://localhost:39035
[rosmaster.master][INFO] 2025-08-11 14:10:35,196: -SERVICE [/rosapi/topic_type] /rosapi rosrpc://localhost:39035
[rosmaster.master][INFO] 2025-08-11 14:10:35,197: -SERVICE [/rosapi/service_type] /rosapi rosrpc://localhost:39035
[rosmaster.master][INFO] 2025-08-11 14:10:35,198: publisherUpdate[/rosout] -> http://localhost:41107/ ['http://localhost:40601/', 'http://localhost:43007/', 'http://localhost:38905/']: sec=0.00, result=[1, '', 0]
[rosmaster.master][INFO] 2025-08-11 14:10:35,198: -SERVICE [/rosapi/publishers] /rosapi rosrpc://localhost:39035
[rosmaster.master][INFO] 2025-08-11 14:10:35,198: publisherUpdate[/rosout] -> http://localhost:41107/ ['http://localhost:40601/', 'http://localhost:43007/']
[rosmaster.master][INFO] 2025-08-11 14:10:35,199: -SERVICE [/rosapi/subscribers] /rosapi rosrpc://localhost:39035
[rosmaster.master][INFO] 2025-08-11 14:10:35,199: -SERVICE [/rosapi/service_providers] /rosapi rosrpc://localhost:39035
[rosmaster.master][INFO] 2025-08-11 14:10:35,200: publisherUpdate[/rosout] -> http://localhost:41107/ ['http://localhost:40601/', 'http://localhost:43007/']: sec=0.00, result=[1, '', 0]
[rosmaster.master][INFO] 2025-08-11 14:10:35,201: -SERVICE [/rosapi/service_node] /rosapi rosrpc://localhost:39035
[rosmaster.master][INFO] 2025-08-11 14:10:35,201: -SERVICE [/rosapi/service_host] /rosapi rosrpc://localhost:39035
[rosmaster.master][INFO] 2025-08-11 14:10:35,201: -SERVICE [/rosapi/message_details] /rosapi rosrpc://localhost:39035
[rosmaster.master][INFO] 2025-08-11 14:10:35,202: -SERVICE [/rosapi/service_request_details] /rosapi rosrpc://localhost:39035
[rosmaster.master][INFO] 2025-08-11 14:10:35,202: -SERVICE [/rosapi/service_response_details] /rosapi rosrpc://localhost:39035
[rosmaster.master][INFO] 2025-08-11 14:10:35,202: -SERVICE [/rosapi/set_param] /rosapi rosrpc://localhost:39035
[rosmaster.master][INFO] 2025-08-11 14:10:35,202: -SERVICE [/rosapi/get_param] /rosapi rosrpc://localhost:39035
[rosmaster.master][INFO] 2025-08-11 14:10:35,203: -SERVICE [/rosapi/has_param] /rosapi rosrpc://localhost:39035
[rosmaster.master][INFO] 2025-08-11 14:10:35,203: -SERVICE [/rosapi/search_param] /rosapi rosrpc://localhost:39035
[rosmaster.master][INFO] 2025-08-11 14:10:35,203: -SERVICE [/rosapi/delete_param] /rosapi rosrpc://localhost:39035
[rosmaster.master][INFO] 2025-08-11 14:10:35,203: -SERVICE [/rosapi/get_param_names] /rosapi rosrpc://localhost:39035
[rosmaster.master][INFO] 2025-08-11 14:10:35,204: -SERVICE [/rosapi/get_time] /rosapi rosrpc://localhost:39035
[rosmaster.master][INFO] 2025-08-11 14:10:35,204: -SERVICE [/rosapi/topics_and_raw_types] /rosapi rosrpc://localhost:39035
[rosmaster.master][INFO] 2025-08-11 14:10:35,304: -PUB [/rosout] /JOYSTICK http://localhost:40601/
[rosmaster.master][INFO] 2025-08-11 14:10:35,308: -PUB [/diagnostics] /JOYSTICK http://localhost:40601/
[rosmaster.master][INFO] 2025-08-11 14:10:35,310: -PUB [/joy] /JOYSTICK http://localhost:40601/
[rosmaster.master][INFO] 2025-08-11 14:10:35,313: -SUB [/joy/set_feedback] /JOYSTICK http://localhost:40601/
[rosmaster.master][INFO] 2025-08-11 14:10:35,315: -SERVICE [/JOYSTICK/get_loggers] /JOYSTICK rosrpc://localhost:44947
[rosmaster.master][INFO] 2025-08-11 14:10:35,317: -SERVICE [/JOYSTICK/set_logger_level] /JOYSTICK rosrpc://localhost:44947
[rosmaster.master][INFO] 2025-08-11 14:10:35,318: -CACHEDPARAM [/JOYSTICK/diagnostic_period] by /JOYSTICK
[rosmaster.master][INFO] 2025-08-11 14:10:35,320: -CACHEDPARAM [/rosout_disable_topics_generation] by /JOYSTICK
[rosmaster.master][INFO] 2025-08-11 14:10:35,401: publisherUpdate[/rosout] -> http://localhost:41107/ ['http://localhost:43007/']
[rosmaster.master][INFO] 2025-08-11 14:10:35,405: publisherUpdate[/rosout] -> http://localhost:41107/ ['http://localhost:43007/']: sec=0.00, result=[1, '', 0]
[rosmaster.master][INFO] 2025-08-11 14:10:50,223: -SUB [/kelpie/imu] /kelpie http://localhost:43007/
[rosmaster.master][INFO] 2025-08-11 14:10:50,224: -SUB [/kelpie/leg_control/currents] /kelpie http://localhost:43007/
[rosmaster.master][INFO] 2025-08-11 14:10:50,224: -SUB [/kelpie/battery/voltage] /kelpie http://localhost:43007/
[rosmaster.master][INFO] 2025-08-11 14:10:50,225: -SUB [/kelpie/command_input] /kelpie http://localhost:43007/
[rosmaster.master][INFO] 2025-08-11 14:10:50,226: -PUB [/rosout] /kelpie http://localhost:43007/
[rosmaster.master][INFO] 2025-08-11 14:10:50,226: -PUB [/kelpie/leg_control/joint_states] /kelpie http://localhost:43007/
[rosmaster.master][INFO] 2025-08-11 14:10:50,227: -SERVICE [/kelpie/get_loggers] /kelpie rosrpc://localhost:36223
[rosmaster.master][INFO] 2025-08-11 14:10:50,227: -SERVICE [/kelpie/set_logger_level] /kelpie rosrpc://localhost:36223
[rosmaster.master][INFO] 2025-08-11 14:10:50,229: publisherUpdate[/rosout] -> http://localhost:41107/ []
[rosmaster.master][INFO] 2025-08-11 14:10:50,231: publisherUpdate[/rosout] -> http://localhost:41107/ []: sec=0.00, result=[1, '', 0]
[rosmaster.master][INFO] 2025-08-11 14:10:52,334: -PUB [/rosout_agg] /rosout http://localhost:41107/
[rosmaster.master][INFO] 2025-08-11 14:10:52,336: -SUB [/rosout] /rosout http://localhost:41107/
[rosmaster.master][INFO] 2025-08-11 14:10:52,337: -SERVICE [/rosout/get_loggers] /rosout rosrpc://localhost:57617
[rosmaster.master][INFO] 2025-08-11 14:10:52,338: -SERVICE [/rosout/set_logger_level] /rosout rosrpc://localhost:57617
[rosmaster.master][INFO] 2025-08-11 14:10:52,339: -CACHEDPARAM [/rosout/omit_topics] by /rosout
[rosmaster.main][INFO] 2025-08-11 14:10:52,426: keyboard interrupt, will exit
[rosmaster.main][INFO] 2025-08-11 14:10:52,427: stopping master...
[rospy.core][INFO] 2025-08-11 14:10:52,428: signal_shutdown [atexit]
