[rosmaster.main][INFO] 2025-08-13 16:01:36,389: initialization complete, waiting for shutdown
[rosmaster.main][INFO] 2025-08-13 16:01:36,390: Starting ROS Master Node
[xmlrpc][INFO] 2025-08-13 16:01:36,391: XML-RPC server binding to 127.0.0.1:11311
[xmlrpc][INFO] 2025-08-13 16:01:36,392: Started XML-RPC server [http://localhost:11311/]
[rosmaster.master][INFO] 2025-08-13 16:01:36,393: Master initialized: port[11311], uri[http://localhost:11311/]
[xmlrpc][INFO] 2025-08-13 16:01:36,393: xml rpc node: starting XML-RPC server
[rosmaster.master][INFO] 2025-08-13 16:01:36,433: +PARAM [/run_id] by /roslaunch
[rosmaster.master][INFO] 2025-08-13 16:01:36,437: +PARAM [/roslaunch/uris/host_localhost__46025] by /roslaunch
[rosmaster.master][INFO] 2025-08-13 16:01:36,544: +PARAM [/rosversion] by /roslaunch
[rosmaster.master][INFO] 2025-08-13 16:01:36,545: +PARAM [/rosdistro] by /roslaunch
[rosmaster.master][INFO] 2025-08-13 16:01:36,545: +PARAM [/rosbridge_websocket/authenticate] by /roslaunch
[rosmaster.master][INFO] 2025-08-13 16:01:36,545: +PARAM [/rosbridge_websocket/port] by /roslaunch
[rosmaster.master][INFO] 2025-08-13 16:01:36,545: +PARAM [/rosbridge_websocket/address] by /roslaunch
[rosmaster.master][INFO] 2025-08-13 16:01:36,546: +PARAM [/rosbridge_websocket/retry_startup_delay] by /roslaunch
[rosmaster.master][INFO] 2025-08-13 16:01:36,546: +PARAM [/rosbridge_websocket/fragment_timeout] by /roslaunch
[rosmaster.master][INFO] 2025-08-13 16:01:36,546: +PARAM [/rosbridge_websocket/delay_between_messages] by /roslaunch
[rosmaster.master][INFO] 2025-08-13 16:01:36,546: +PARAM [/rosbridge_websocket/max_message_size] by /roslaunch
[rosmaster.master][INFO] 2025-08-13 16:01:36,547: +PARAM [/rosbridge_websocket/unregister_timeout] by /roslaunch
[rosmaster.master][INFO] 2025-08-13 16:01:36,547: +PARAM [/rosbridge_websocket/use_compression] by /roslaunch
[rosmaster.master][INFO] 2025-08-13 16:01:36,547: +PARAM [/rosbridge_websocket/websocket_ping_interval] by /roslaunch
[rosmaster.master][INFO] 2025-08-13 16:01:36,547: +PARAM [/rosbridge_websocket/websocket_ping_timeout] by /roslaunch
[rosmaster.master][INFO] 2025-08-13 16:01:36,547: +PARAM [/rosbridge_websocket/websocket_external_port] by /roslaunch
[rosmaster.master][INFO] 2025-08-13 16:01:36,548: +PARAM [/rosbridge_websocket/topics_glob] by /roslaunch
[rosmaster.master][INFO] 2025-08-13 16:01:36,548: +PARAM [/rosbridge_websocket/services_glob] by /roslaunch
[rosmaster.master][INFO] 2025-08-13 16:01:36,550: +PARAM [/rosbridge_websocket/params_glob] by /roslaunch
[rosmaster.master][INFO] 2025-08-13 16:01:36,550: +PARAM [/rosbridge_websocket/bson_only_mode] by /roslaunch
[rosmaster.master][INFO] 2025-08-13 16:01:36,550: +PARAM [/rosapi/topics_glob] by /roslaunch
[rosmaster.master][INFO] 2025-08-13 16:01:36,551: +PARAM [/rosapi/services_glob] by /roslaunch
[rosmaster.master][INFO] 2025-08-13 16:01:36,551: +PARAM [/rosapi/params_glob] by /roslaunch
[rosmaster.master][INFO] 2025-08-13 16:01:36,553: +SERVICE [/rosout/get_loggers] /rosout http://localhost:33817/
[rosmaster.master][INFO] 2025-08-13 16:01:36,554: +SERVICE [/rosout/set_logger_level] /rosout http://localhost:33817/
[rosmaster.master][INFO] 2025-08-13 16:01:36,560: +PUB [/rosout_agg] /rosout http://localhost:33817/
[rosmaster.master][INFO] 2025-08-13 16:01:36,573: +SUB [/rosout] /rosout http://localhost:33817/
[rosmaster.master][INFO] 2025-08-13 16:01:37,767: +PUB [/rosout] /rosapi http://localhost:36691/
[rosmaster.master][INFO] 2025-08-13 16:01:37,774: +SERVICE [/rosapi/get_loggers] /rosapi http://localhost:36691/
[rosmaster.master][INFO] 2025-08-13 16:01:37,777: +SERVICE [/rosapi/set_logger_level] /rosapi http://localhost:36691/
[rosmaster.master][INFO] 2025-08-13 16:01:37,787: +SERVICE [/rosapi/topics] /rosapi http://localhost:36691/
[rosmaster.master][INFO] 2025-08-13 16:01:37,790: +SERVICE [/rosapi/topics_for_type] /rosapi http://localhost:36691/
[rosmaster.master][INFO] 2025-08-13 16:01:37,793: +SERVICE [/rosapi/services] /rosapi http://localhost:36691/
[rosmaster.master][INFO] 2025-08-13 16:01:37,793: publisherUpdate[/rosout] -> http://localhost:33817/ ['http://localhost:36691/']
[rosmaster.master][INFO] 2025-08-13 16:01:37,797: +SERVICE [/rosapi/services_for_type] /rosapi http://localhost:36691/
[rosmaster.master][INFO] 2025-08-13 16:01:37,802: +SERVICE [/rosapi/nodes] /rosapi http://localhost:36691/
[rosmaster.master][INFO] 2025-08-13 16:01:37,806: publisherUpdate[/rosout] -> http://localhost:33817/ ['http://localhost:36691/']: sec=0.01, result=[1, '', 0]
[rosmaster.master][INFO] 2025-08-13 16:01:37,807: +SERVICE [/rosapi/node_details] /rosapi http://localhost:36691/
[rosmaster.master][INFO] 2025-08-13 16:01:37,810: +SERVICE [/rosapi/action_servers] /rosapi http://localhost:36691/
[rosmaster.master][INFO] 2025-08-13 16:01:37,814: +SERVICE [/rosapi/topic_type] /rosapi http://localhost:36691/
[rosmaster.master][INFO] 2025-08-13 16:01:37,817: +SERVICE [/rosapi/service_type] /rosapi http://localhost:36691/
[rosmaster.master][INFO] 2025-08-13 16:01:37,820: +SERVICE [/rosapi/publishers] /rosapi http://localhost:36691/
[rosmaster.master][INFO] 2025-08-13 16:01:37,823: +SERVICE [/rosapi/subscribers] /rosapi http://localhost:36691/
[rosmaster.master][INFO] 2025-08-13 16:01:37,826: +SERVICE [/rosapi/service_providers] /rosapi http://localhost:36691/
[rosmaster.master][INFO] 2025-08-13 16:01:37,828: +SERVICE [/rosapi/service_node] /rosapi http://localhost:36691/
[rosmaster.master][INFO] 2025-08-13 16:01:37,831: +SERVICE [/rosapi/service_host] /rosapi http://localhost:36691/
[rosmaster.master][INFO] 2025-08-13 16:01:37,834: +SERVICE [/rosapi/message_details] /rosapi http://localhost:36691/
[rosmaster.master][INFO] 2025-08-13 16:01:37,837: +SERVICE [/rosapi/service_request_details] /rosapi http://localhost:36691/
[rosmaster.master][INFO] 2025-08-13 16:01:37,839: +SERVICE [/rosapi/service_response_details] /rosapi http://localhost:36691/
[rosmaster.master][INFO] 2025-08-13 16:01:37,842: +SERVICE [/rosapi/set_param] /rosapi http://localhost:36691/
[rosmaster.master][INFO] 2025-08-13 16:01:37,845: +SERVICE [/rosapi/get_param] /rosapi http://localhost:36691/
[rosmaster.master][INFO] 2025-08-13 16:01:37,848: +SERVICE [/rosapi/has_param] /rosapi http://localhost:36691/
[rosmaster.master][INFO] 2025-08-13 16:01:37,850: +SERVICE [/rosapi/search_param] /rosapi http://localhost:36691/
[rosmaster.master][INFO] 2025-08-13 16:01:37,853: +SERVICE [/rosapi/delete_param] /rosapi http://localhost:36691/
[rosmaster.master][INFO] 2025-08-13 16:01:37,856: +SERVICE [/rosapi/get_param_names] /rosapi http://localhost:36691/
[rosmaster.master][INFO] 2025-08-13 16:01:37,859: +SERVICE [/rosapi/get_time] /rosapi http://localhost:36691/
[rosmaster.master][INFO] 2025-08-13 16:01:37,862: +SERVICE [/rosapi/topics_and_raw_types] /rosapi http://localhost:36691/
[rosmaster.master][INFO] 2025-08-13 16:01:37,865: +CACHEDPARAM [/rosout_disable_topics_generation] by /rosapi
[rosmaster.master][INFO] 2025-08-13 16:01:38,012: +CACHEDPARAM [/rosout/omit_topics] by /rosout
[rosmaster.master][INFO] 2025-08-13 16:01:38,335: +PUB [/rosout] /rosbridge_websocket http://localhost:32799/
[rosmaster.master][INFO] 2025-08-13 16:01:38,343: +SERVICE [/rosbridge_websocket/get_loggers] /rosbridge_websocket http://localhost:32799/
[rosmaster.master][INFO] 2025-08-13 16:01:38,346: +SERVICE [/rosbridge_websocket/set_logger_level] /rosbridge_websocket http://localhost:32799/
[rosmaster.master][INFO] 2025-08-13 16:01:38,382: +PUB [/client_count] /rosbridge_websocket http://localhost:32799/
[rosmaster.master][INFO] 2025-08-13 16:01:38,385: +PUB [/connected_clients] /rosbridge_websocket http://localhost:32799/
[rosmaster.master][INFO] 2025-08-13 16:01:38,394: +PARAM [/rosbridge_websocket/actual_port] by /rosbridge_websocket
[rosmaster.master][INFO] 2025-08-13 16:01:38,395: publisherUpdate[/rosout] -> http://localhost:33817/ ['http://localhost:36691/', 'http://localhost:32799/']
[rosmaster.master][INFO] 2025-08-13 16:01:38,403: +CACHEDPARAM [/rosout_disable_topics_generation] by /rosbridge_websocket
[rosmaster.master][INFO] 2025-08-13 16:01:38,405: publisherUpdate[/rosout] -> http://localhost:33817/ ['http://localhost:36691/', 'http://localhost:32799/']: sec=0.01, result=[1, '', 0]
[rosmaster.master][INFO] 2025-08-13 16:05:40,578: +CACHEDPARAM [/rosout_disable_topics_generation] by /rosbridge_websocket
[rosmaster.master][INFO] 2025-08-13 16:05:40,726: +CACHEDPARAM [/rosout_disable_topics_generation] by /rosbridge_websocket
[rosmaster.master][INFO] 2025-08-13 16:05:40,734: +CACHEDPARAM [/rosout_disable_topics_generation] by /rosbridge_websocket
[rosmaster.master][INFO] 2025-08-13 16:05:40,743: +CACHEDPARAM [/rosout_disable_topics_generation] by /rosbridge_websocket
[rosmaster.master][INFO] 2025-08-13 16:05:40,753: +CACHEDPARAM [/rosout_disable_topics_generation] by /rosbridge_websocket
[rosmaster.master][INFO] 2025-08-13 16:06:08,401: +CACHEDPARAM [/rosout_disable_topics_generation] by /rosbridge_websocket
[rosmaster.master][INFO] 2025-08-13 16:06:08,487: +CACHEDPARAM [/rosout_disable_topics_generation] by /rosbridge_websocket
[rosmaster.master][INFO] 2025-08-13 16:06:09,599: +SUB [/raspicam_node/image/compressed] /rosbridge_websocket http://localhost:32799/
[rosmaster.master][INFO] 2025-08-13 16:06:09,603: +CACHEDPARAM [/rosout_disable_topics_generation] by /rosbridge_websocket
[rosmaster.master][INFO] 2025-08-13 16:06:11,525: +CACHEDPARAM [/rosout_disable_topics_generation] by /rosbridge_websocket
[rosmaster.master][INFO] 2025-08-13 16:06:11,532: -SUB [/raspicam_node/image/compressed] /rosbridge_websocket http://localhost:32799/
[rosmaster.master][INFO] 2025-08-13 16:06:11,544: +CACHEDPARAM [/rosout_disable_topics_generation] by /rosbridge_websocket
[rosmaster.master][INFO] 2025-08-13 16:06:13,087: +CACHEDPARAM [/rosout_disable_topics_generation] by /rosbridge_websocket
[rosmaster.master][INFO] 2025-08-13 16:06:13,098: +CACHEDPARAM [/rosout_disable_topics_generation] by /rosbridge_websocket
[rosmaster.master][INFO] 2025-08-13 16:06:13,128: +CACHEDPARAM [/rosout_disable_topics_generation] by /rosbridge_websocket
[rosmaster.master][INFO] 2025-08-13 16:06:13,138: +CACHEDPARAM [/rosout_disable_topics_generation] by /rosbridge_websocket
[rosmaster.master][INFO] 2025-08-13 16:06:13,147: +CACHEDPARAM [/rosout_disable_topics_generation] by /rosbridge_websocket
[rosmaster.master][INFO] 2025-08-13 16:06:13,157: +CACHEDPARAM [/rosout_disable_topics_generation] by /rosbridge_websocket
